#
# A fatal error has been detected by the Java Runtime Environment:
#
#  SIGSEGV (0xb) at pc=0x00007f7d69fd8462, pid=9140, tid=140176632289024
#
# JRE version: Java(TM) SE Runtime Environment (7.0_51-b13) (build 1.7.0_51-b13)
# Java VM: Java HotSpot(TM) 64-Bit Server VM (24.51-b03 mixed mode linux-amd64 compressed oops)
# Problematic frame:
# C  [librxtxSerial.so+0x6462]  read_byte_array+0x52
#
# Failed to write core dump. Core dumps have been disabled. To enable core dumping, try "ulimit -c unlimited" before starting Java again
#
# If you would like to submit a bug report, please visit:
#   http://bugreport.sun.com/bugreport/crash.jsp
# The crash happened outside the Java Virtual Machine in native code.
# See problematic frame for where to report the bug.
#

---------------  T H R E A D  ---------------

Current thread (0x00007f7da423b800):  JavaThread "AWT-EventQueue-0" [_thread_in_native, id=9162, stack(0x00007f7d6a4f9000,0x00007f7d6a5fa000)]

siginfo:si_signo=SIGSEGV: si_errno=0, si_code=1 (SEGV_MAPERR), si_addr=0x0000000069fd0578

Registers:
RAX=0x0000000069fd0570, RBX=0x000000000000001c, RCX=0x0000000000000001, RDX=0x00007f7dab206a50
RSP=0x00007f7d6a5f6200, RBP=0x00007f7da423b9e8, RSI=0x00007f7d69fdbe30, RDI=0x00007f7d69fdbd3e
R8 =0x00007f7d6a5f6170, R9 =0x00000000ec62ee68, R10=0x0000000000000004, R11=0x00007f7dab20b008
R12=0x00000000ffffffff, R13=0x0000000000000000, R14=0x00007f7d6a5f63d0, R15=0x00007f7da423b800
RIP=0x00007f7d69fd8462, EFLAGS=0x0000000000010202, CSGSFS=0x0000000000000033, ERR=0x0000000000000004
  TRAPNO=0x000000000000000e

Top of Stack: (sp=0x00007f7d6a5f6200)
0x00007f7d6a5f6200:   ff0000000000ff00 0000000000000000
0x00007f7d6a5f6210:   0000000000000000 0000000000000000
0x00007f7d6a5f6220:   69754479616c5061 0000000069fd0570
0x00007f7d6a5f6230:   0000000000000000 0000000000000000
0x00007f7d6a5f6240:   0000000000000000 000000016c632f64
0x00007f7d6a5f6250:   00007f7d6a5f6347 0000001c00000000
0x00007f7d6a5f6260:   65722f676d692f73 676e702e66666f64
0x00007f7d6a5f6270:   0000000000000000 0000000000000000
0x00007f7d6a5f6280:   00007f7da423b800 0000000000000000
0x00007f7d6a5f6290:   00007f7da423b800 0000000000000000
0x00007f7d6a5f62a0:   0000001400000002 00007f7d780017d8
0x00007f7d6a5f62b0:   00007f7da423b800 00000049a101d9c3
0x00007f7d6a5f62c0:   ffffffffffffffff 00007f7d6a5f6347
0x00007f7d6a5f62d0:   000000000000001c 00007f7d6a5f6338
0x00007f7d6a5f62e0:   00007f7da423b9e8 0000000000000001
0x00007f7d6a5f62f0:   00000000ffffffff 000000000000001c
0x00007f7d6a5f6300:   00007f7da423b9e8 0000000000000000
0x00007f7d6a5f6310:   00000000bfafbeb8 00007f7d6a5f63d0
0x00007f7d6a5f6320:   00007f7da423b800 00007f7d69fd899c
0x00007f7d6a5f6330:   00000000bfafbeb8 00007f7d6a5f63d0
0x00007f7d6a5f6340:   00007f7d6a5f63b0 00000000bfafbec0
0x00007f7d6a5f6350:   00007f7d6a5f63b0 00007f7da1012cd8
0x00007f7d6a5f6360:   00007f7da423b800 00007f7da101d9c3
0x00007f7d6a5f6370:   00007f7d6a5f6370 00000000bfafbeb8
0x00007f7d6a5f6380:   00007f7d6a5f63d0 00000000bfb0c620
0x00007f7d6a5f6390:   0000000000000000 00000000bfafbec0
0x00007f7d6a5f63a0:   0000000000000000 00007f7d6a5f63d0
0x00007f7d6a5f63b0:   00007f7d6a5f6428 00007f7da10061d4
0x00007f7d6a5f63c0:   0000000000000000 00007f7da100ecd6
0x00007f7d6a5f63d0:   00000000ec62ee68 0000000000000001
0x00007f7d6a5f63e0:   00000000ec62f218 00007f7d6a5f63d8
0x00007f7d6a5f63f0:   00000000bfb0b6a5 00007f7d6a5f6450 

Instructions: (pc=0x00007f7d69fd8462)
0x00007f7d69fd8442:   89 44 24 4c 48 c7 44 24 40 00 00 00 00 48 c7 44
0x00007f7d69fd8452:   24 38 00 00 00 00 e8 53 d7 ff ff 48 89 44 24 28
0x00007f7d69fd8462:   8b 40 08 45 85 e4 48 8b 54 24 28 44 8b 7c 24 4c
0x00007f7d69fd8472:   89 44 24 34 c7 42 08 00 00 00 00 78 0c 31 c0 e8 

Register to memory mapping:

RAX=0x0000000069fd0570 is an unknown value
RBX=0x000000000000001c is an unknown value
RCX=0x0000000000000001 is an unknown value
RDX=0x00007f7dab206a50: <offset 0xe37a50> in /usr/lib/jvm/jdk1.7.0_51/jre/lib/amd64/server/libjvm.so at 0x00007f7daa3cf000
RSP=0x00007f7d6a5f6200 is pointing into the stack for thread: 0x00007f7da423b800
RBP=0x00007f7da423b9e8 is an unknown value
RSI=0x00007f7d69fdbe30: <offset 0x9e30> in /usr/lib/jvm/jdk1.7.0_51/jre/lib/amd64/librxtxSerial.so at 0x00007f7d69fd2000
RDI=0x00007f7d69fdbd3e: <offset 0x9d3e> in /usr/lib/jvm/jdk1.7.0_51/jre/lib/amd64/librxtxSerial.so at 0x00007f7d69fd2000
R8 =0x00007f7d6a5f6170 is pointing into the stack for thread: 0x00007f7da423b800
R9 =0x00000000ec62ee68 is an oop
gnu.io.RXTXPort 
 - klass: 'gnu/io/RXTXPort'
R10=0x0000000000000004 is an unknown value
R11=0x00007f7dab20b008: <offset 0xe3c008> in /usr/lib/jvm/jdk1.7.0_51/jre/lib/amd64/server/libjvm.so at 0x00007f7daa3cf000
R12=0x00000000ffffffff is an unallocated location in the heap
R13=0x0000000000000000 is an unknown value
R14=0x00007f7d6a5f63d0 is pointing into the stack for thread: 0x00007f7da423b800
R15=0x00007f7da423b800 is a thread


Stack: [0x00007f7d6a4f9000,0x00007f7d6a5fa000],  sp=0x00007f7d6a5f6200,  free space=1012k
Native frames: (J=compiled Java code, j=interpreted, Vv=VM code, C=native code)
C  [librxtxSerial.so+0x6462]  read_byte_array+0x52

Java frames: (J=compiled Java code, j=interpreted, Vv=VM code)
j  gnu.io.RXTXPort.readByte()I+0
j  gnu.io.RXTXPort$SerialInputStream.read()I+61
j  PPD_Frame.RecibirDatos()V+4
j  PPD_Frame.jButton2ActionPerformed(Ljava/awt/event/ActionEvent;)V+40
j  PPD_Frame.access$100(LPPD_Frame;Ljava/awt/event/ActionEvent;)V+2
j  PPD_Frame$2.actionPerformed(Ljava/awt/event/ActionEvent;)V+5
j  javax.swing.AbstractButton.fireActionPerformed(Ljava/awt/event/ActionEvent;)V+84
j  javax.swing.AbstractButton$Handler.actionPerformed(Ljava/awt/event/ActionEvent;)V+5
j  javax.swing.DefaultButtonModel.fireActionPerformed(Ljava/awt/event/ActionEvent;)V+35
j  javax.swing.DefaultButtonModel.setPressed(Z)V+117
j  javax.swing.plaf.basic.BasicButtonListener.mouseReleased(Ljava/awt/event/MouseEvent;)V+35
j  java.awt.Component.processMouseEvent(Ljava/awt/event/MouseEvent;)V+64
j  javax.swing.JComponent.processMouseEvent(Ljava/awt/event/MouseEvent;)V+23
j  java.awt.Component.processEvent(Ljava/awt/AWTEvent;)V+81
j  java.awt.Container.processEvent(Ljava/awt/AWTEvent;)V+18
j  java.awt.Component.dispatchEventImpl(Ljava/awt/AWTEvent;)V+581
j  java.awt.Container.dispatchEventImpl(Ljava/awt/AWTEvent;)V+42
j  java.awt.Component.dispatchEvent(Ljava/awt/AWTEvent;)V+2
j  java.awt.LightweightDispatcher.retargetMouseEvent(Ljava/awt/Component;ILjava/awt/event/MouseEvent;)V+327
j  java.awt.LightweightDispatcher.processMouseEvent(Ljava/awt/event/MouseEvent;)Z+139
j  java.awt.LightweightDispatcher.dispatchEvent(Ljava/awt/AWTEvent;)Z+50
j  java.awt.Container.dispatchEventImpl(Ljava/awt/AWTEvent;)V+12
j  java.awt.Window.dispatchEventImpl(Ljava/awt/AWTEvent;)V+19
j  java.awt.Component.dispatchEvent(Ljava/awt/AWTEvent;)V+2
j  java.awt.EventQueue.dispatchEventImpl(Ljava/awt/AWTEvent;Ljava/lang/Object;)V+41
j  java.awt.EventQueue.access$200(Ljava/awt/EventQueue;Ljava/awt/AWTEvent;Ljava/lang/Object;)V+3
j  java.awt.EventQueue$3.run()Ljava/lang/Void;+12
j  java.awt.EventQueue$3.run()Ljava/lang/Object;+1
v  ~StubRoutines::call_stub
j  java.security.AccessController.doPrivileged(Ljava/security/PrivilegedAction;Ljava/security/AccessControlContext;)Ljava/lang/Object;+0
j  java.security.ProtectionDomain$1.doIntersectionPrivilege(Ljava/security/PrivilegedAction;Ljava/security/AccessControlContext;Ljava/security/AccessControlContext;)Ljava/lang/Object;+28
j  java.security.ProtectionDomain$1.doIntersectionPrivilege(Ljava/security/PrivilegedAction;Ljava/security/AccessControlContext;)Ljava/lang/Object;+6
j  java.awt.EventQueue$4.run()Ljava/lang/Void;+11
j  java.awt.EventQueue$4.run()Ljava/lang/Object;+1
v  ~StubRoutines::call_stub
j  java.security.AccessController.doPrivileged(Ljava/security/PrivilegedAction;Ljava/security/AccessControlContext;)Ljava/lang/Object;+0
j  java.security.ProtectionDomain$1.doIntersectionPrivilege(Ljava/security/PrivilegedAction;Ljava/security/AccessControlContext;Ljava/security/AccessControlContext;)Ljava/lang/Object;+28
j  java.awt.EventQueue.dispatchEvent(Ljava/awt/AWTEvent;)V+73
j  java.awt.EventDispatchThread.pumpOneEventForFilters(I)V+245
j  java.awt.EventDispatchThread.pumpEventsForFilter(ILjava/awt/Conditional;Ljava/awt/EventFilter;)V+35
j  java.awt.EventDispatchThread.pumpEventsForHierarchy(ILjava/awt/Conditional;Ljava/awt/Component;)V+11
j  java.awt.EventDispatchThread.pumpEvents(ILjava/awt/Conditional;)V+4
j  java.awt.EventDispatchThread.pumpEvents(Ljava/awt/Conditional;)V+3
j  java.awt.EventDispatchThread.run()V+9
v  ~StubRoutines::call_stub

---------------  P R O C E S S  ---------------

Java Threads: ( => current thread )
  0x00007f7d540ec800 JavaThread "Thread-0" [_thread_in_native, id=9164, stack(0x00007f7d69ed1000,0x00007f7d69fd2000)]
  0x00007f7d54037800 JavaThread "Image Fetcher 0" daemon [_thread_blocked, id=9163, stack(0x00007f7d6a179000,0x00007f7d6a27a000)]
  0x00007f7da400a000 JavaThread "DestroyJavaVM" [_thread_blocked, id=9145, stack(0x00007f7da9fc5000,0x00007f7daa0c6000)]
=>0x00007f7da423b800 JavaThread "AWT-EventQueue-0" [_thread_in_native, id=9162, stack(0x00007f7d6a4f9000,0x00007f7d6a5fa000)]
  0x00007f7da4238800 JavaThread "AWT-Shutdown" [_thread_blocked, id=9161, stack(0x00007f7d6a5fa000,0x00007f7d6a6fb000)]
  0x00007f7da419b000 JavaThread "AWT-XAWT" daemon [_thread_in_native, id=9160, stack(0x00007f7d6b2b3000,0x00007f7d6b3b4000)]
  0x00007f7da417a800 JavaThread "Java2D Disposer" daemon [_thread_blocked, id=9159, stack(0x00007f7d98037000,0x00007f7d98138000)]
  0x00007f7da4097000 JavaThread "Service Thread" daemon [_thread_blocked, id=9156, stack(0x00007f7d990bc000,0x00007f7d991bd000)]
  0x00007f7da4094800 JavaThread "C2 CompilerThread1" daemon [_thread_blocked, id=9155, stack(0x00007f7d991bd000,0x00007f7d992be000)]
  0x00007f7da4091800 JavaThread "C2 CompilerThread0" daemon [_thread_blocked, id=9154, stack(0x00007f7d992be000,0x00007f7d993bf000)]
  0x00007f7da408f800 JavaThread "Signal Dispatcher" daemon [_thread_blocked, id=9153, stack(0x00007f7d993bf000,0x00007f7d994c0000)]
  0x00007f7da4070000 JavaThread "Finalizer" daemon [_thread_blocked, id=9152, stack(0x00007f7d99e7f000,0x00007f7d99f80000)]
  0x00007f7da406c000 JavaThread "Reference Handler" daemon [_thread_blocked, id=9151, stack(0x00007f7da008e000,0x00007f7da018f000)]

Other Threads:
  0x00007f7da4069800 VMThread [stack: 0x00007f7da018f000,0x00007f7da0290000] [id=9150]
  0x00007f7da40a1800 WatcherThread [stack: 0x00007f7d98fbb000,0x00007f7d990bc000] [id=9157]

VM state:not at safepoint (normal execution)

VM Mutex/Monitor currently owned by a thread: None

Heap
 PSYoungGen      total 17920K, used 7727K [0x00000000ec080000, 0x00000000ed480000, 0x0000000100000000)
  eden space 15360K, 50% used [0x00000000ec080000,0x00000000ec80bf90,0x00000000ecf80000)
  from space 2560K, 0% used [0x00000000ed200000,0x00000000ed200000,0x00000000ed480000)
  to   space 2560K, 0% used [0x00000000ecf80000,0x00000000ecf80000,0x00000000ed200000)
 ParOldGen       total 40448K, used 0K [0x00000000c4200000, 0x00000000c6980000, 0x00000000ec080000)
  object space 40448K, 0% used [0x00000000c4200000,0x00000000c4200000,0x00000000c6980000)
 PSPermGen       total 21504K, used 12125K [0x00000000bf000000, 0x00000000c0500000, 0x00000000c4200000)
  object space 21504K, 56% used [0x00000000bf000000,0x00000000bfbd7550,0x00000000c0500000)

Card table byte_map: [0x00007f7da8c60000,0x00007f7da8e69000] byte_map_base: 0x00007f7da8668000

Polling page: 0x00007f7dabe57000

Code Cache  [0x00007f7da1000000, 0x00007f7da1270000, 0x00007f7da4000000)
 total_blobs=538 nmethods=56 adapters=435 free_code_cache=48487Kb largest_free_block=49622976

Compilation events (10 events):
Event: 3.233 Thread 0x00007f7da4094800   52             java.util.ArrayList::rangeCheck (22 bytes)
Event: 3.233 Thread 0x00007f7da4091800   53             java.util.ArrayList::elementData (7 bytes)
Event: 3.234 Thread 0x00007f7da4091800 nmethod 53 0x00007f7da10a7410 code [0x00007f7da10a7560, 0x00007f7da10a75f8]
Event: 3.234 Thread 0x00007f7da4094800 nmethod 52 0x00007f7da1095f10 code [0x00007f7da1096040, 0x00007f7da10960b8]
Event: 3.297 Thread 0x00007f7da4091800   54             java.util.ArrayList::get (11 bytes)
Event: 3.298 Thread 0x00007f7da4091800 nmethod 54 0x00007f7da1095c10 code [0x00007f7da1095d60, 0x00007f7da1095e18]
Event: 3.353 Thread 0x00007f7da4094800   55             java.util.ArrayList::size (5 bytes)
Event: 3.354 Thread 0x00007f7da4094800 nmethod 55 0x00007f7da1095a10 code [0x00007f7da1095b40, 0x00007f7da1095b98]
Event: 4.111 Thread 0x00007f7da4091800   56             java.util.HashMap::get (29 bytes)
Event: 4.115 Thread 0x00007f7da4091800 nmethod 56 0x00007f7da10a1210 code [0x00007f7da10a1380, 0x00007f7da10a1598]

GC Heap History (0 events):
No events

Deoptimization events (0 events):
No events

Internal exceptions (10 events):
Event: 0.209 Thread 0x00007f7da423b800 Threw 0x00000000ec395868 at /HUDSON/workspace/7u-2-build-linux-amd64@2/jdk7u51/527/hotspot/src/share/vm/prims/jvm.cpp:1244
Event: 0.209 Thread 0x00007f7da423b800 Threw 0x00000000ec3993a8 at /HUDSON/workspace/7u-2-build-linux-amd64@2/jdk7u51/527/hotspot/src/share/vm/prims/jvm.cpp:1244
Event: 0.209 Thread 0x00007f7da423b800 Threw 0x00000000ec39aac0 at /HUDSON/workspace/7u-2-build-linux-amd64@2/jdk7u51/527/hotspot/src/share/vm/prims/jvm.cpp:1244
Event: 0.272 Thread 0x00007f7da423b800 Threw 0x00000000ec46bd90 at /HUDSON/workspace/7u-2-build-linux-amd64@2/jdk7u51/527/hotspot/src/share/vm/prims/jvm.cpp:1244
Event: 0.273 Thread 0x00007f7da423b800 Threw 0x00000000ec5074f8 at /HUDSON/workspace/7u-2-build-linux-amd64@2/jdk7u51/527/hotspot/src/share/vm/prims/jvm.cpp:1244
Event: 0.350 Thread 0x00007f7da423b800 Threw 0x00000000ec5da860 at /HUDSON/workspace/7u-2-build-linux-amd64@2/jdk7u51/527/hotspot/src/share/vm/prims/jni.cpp:717
Event: 0.369 Thread 0x00007f7da423b800 Threw 0x00000000ec5edb60 at /HUDSON/workspace/7u-2-build-linux-amd64@2/jdk7u51/527/hotspot/src/share/vm/prims/jni.cpp:717
Event: 0.371 Thread 0x00007f7da423b800 Threw 0x00000000ec5ff538 at /HUDSON/workspace/7u-2-build-linux-amd64@2/jdk7u51/527/hotspot/src/share/vm/prims/jni.cpp:717
Event: 0.389 Thread 0x00007f7da423b800 Threw 0x00000000ec6124a8 at /HUDSON/workspace/7u-2-build-linux-amd64@2/jdk7u51/527/hotspot/src/share/vm/prims/jni.cpp:717
Event: 0.521 Thread 0x00007f7da423b800 Threw 0x00000000ec6cf578 at /HUDSON/workspace/7u-2-build-linux-amd64@2/jdk7u51/527/hotspot/src/share/vm/prims/jni.cpp:743

Events (10 events):
Event: 4.043 Executing VM operation: EnableBiasedLocking
Event: 4.043 Executing VM operation: EnableBiasedLocking done
Event: 4.106 loading class 0x00007f7da41142f0
Event: 4.106 loading class 0x00007f7da41142f0 done
Event: 4.106 loading class 0x00007f7d7805b160
Event: 4.106 loading class 0x00007f7da40b3f20
Event: 4.106 loading class 0x00007f7da40b3f20 done
Event: 4.106 loading class 0x00007f7d7805b160 done
Event: 4.116 loading class 0x00007f7da40dcc20
Event: 4.117 loading class 0x00007f7da40dcc20 done


Dynamic libraries:
00400000-00401000 r-xp 00000000 08:07 937188                             /usr/lib/jvm/jdk1.7.0_51/bin/java
00600000-00601000 rw-p 00000000 08:07 937188                             /usr/lib/jvm/jdk1.7.0_51/bin/java
01437000-01458000 rw-p 00000000 00:00 0                                  [heap]
bf000000-c0500000 rw-p 00000000 00:00 0 
c0500000-c4200000 rw-p 00000000 00:00 0 
c4200000-c6980000 rw-p 00000000 00:00 0 
c6980000-ec080000 rw-p 00000000 00:00 0 
ec080000-ed480000 rw-p 00000000 00:00 0 
ed480000-100000000 rw-p 00000000 00:00 0 
7f7d4c000000-7f7d4c021000 rw-p 00000000 00:00 0 
7f7d4c021000-7f7d50000000 ---p 00000000 00:00 0 
7f7d54000000-7f7d540f1000 rw-p 00000000 00:00 0 
7f7d540f1000-7f7d58000000 ---p 00000000 00:00 0 
7f7d58000000-7f7d58051000 rw-p 00000000 00:00 0 
7f7d58051000-7f7d5c000000 ---p 00000000 00:00 0 
7f7d5c000000-7f7d5c021000 rw-p 00000000 00:00 0 
7f7d5c021000-7f7d60000000 ---p 00000000 00:00 0 
7f7d60000000-7f7d60021000 rw-p 00000000 00:00 0 
7f7d60021000-7f7d64000000 ---p 00000000 00:00 0 
7f7d64000000-7f7d64021000 rw-p 00000000 00:00 0 
7f7d64021000-7f7d68000000 ---p 00000000 00:00 0 
7f7d69ab4000-7f7d69ade000 r-xp 00000000 08:07 1836084                    /usr/lib/jvm/jdk1.7.0_51/jre/lib/amd64/libdcpr.so
7f7d69ade000-7f7d69cde000 ---p 0002a000 08:07 1836084                    /usr/lib/jvm/jdk1.7.0_51/jre/lib/amd64/libdcpr.so
7f7d69cde000-7f7d69ce1000 rw-p 0002a000 08:07 1836084                    /usr/lib/jvm/jdk1.7.0_51/jre/lib/amd64/libdcpr.so
7f7d69ce1000-7f7d69ed1000 rw-s 00000000 00:05 68190283                   /SYSV00000000 (deleted)
7f7d69ed1000-7f7d69ed4000 ---p 00000000 00:00 0 
7f7d69ed4000-7f7d69fd2000 rw-p 00000000 00:00 0 
7f7d69fd2000-7f7d69fde000 r-xp 00000000 08:07 1835128                    /usr/lib/jvm/jdk1.7.0_51/jre/lib/amd64/librxtxSerial.so
7f7d69fde000-7f7d6a0dd000 ---p 0000c000 08:07 1835128                    /usr/lib/jvm/jdk1.7.0_51/jre/lib/amd64/librxtxSerial.so
7f7d6a0dd000-7f7d6a0df000 rw-p 0000b000 08:07 1835128                    /usr/lib/jvm/jdk1.7.0_51/jre/lib/amd64/librxtxSerial.so
7f7d6a0df000-7f7d6a0f8000 r--s 00000000 08:07 527849                     /usr/share/fonts/type1/gsfonts/n022004l.pfb
7f7d6a0f8000-7f7d6a111000 r--s 00000000 08:07 527834                     /usr/share/fonts/type1/gsfonts/n021003l.pfb
7f7d6a111000-7f7d6a127000 r--s 00000000 08:07 527843                     /usr/share/fonts/type1/gsfonts/n021024l.pfb
7f7d6a127000-7f7d6a13d000 r--s 00000000 08:07 527852                     /usr/share/fonts/type1/gsfonts/n022023l.pfb
7f7d6a13d000-7f7d6a154000 r--s 00000000 08:07 527840                     /usr/share/fonts/type1/gsfonts/n021023l.pfb
7f7d6a154000-7f7d6a165000 r--s 00000000 08:07 527816                     /usr/share/fonts/type1/gsfonts/n019023l.pfb
7f7d6a165000-7f7d6a179000 r--s 00000000 08:07 527810                     /usr/share/fonts/type1/gsfonts/n019003l.pfb
7f7d6a179000-7f7d6a17c000 ---p 00000000 00:00 0 
7f7d6a17c000-7f7d6a27a000 rw-p 00000000 00:00 0 
7f7d6a27a000-7f7d6a2e2000 r-xp 00000000 08:07 1836082                    /usr/lib/jvm/jdk1.7.0_51/jre/lib/amd64/libt2k.so
7f7d6a2e2000-7f7d6a4e2000 ---p 00068000 08:07 1836082                    /usr/lib/jvm/jdk1.7.0_51/jre/lib/amd64/libt2k.so
7f7d6a4e2000-7f7d6a4e9000 rw-p 00068000 08:07 1836082                    /usr/lib/jvm/jdk1.7.0_51/jre/lib/amd64/libt2k.so
7f7d6a4e9000-7f7d6a4f9000 rw-p 00000000 00:00 0 
7f7d6a4f9000-7f7d6a4fc000 ---p 00000000 00:00 0 
7f7d6a4fc000-7f7d6a5fa000 rw-p 00000000 00:00 0 
7f7d6a5fa000-7f7d6a5fd000 ---p 00000000 00:00 0 
7f7d6a5fd000-7f7d6a6fb000 rw-p 00000000 00:00 0 
7f7d6a6fb000-7f7d6a70b000 r-xp 00000000 08:07 1836051                    /usr/lib/jvm/jdk1.7.0_51/jre/lib/amd64/libnio.so
7f7d6a70b000-7f7d6a90b000 ---p 00010000 08:07 1836051                    /usr/lib/jvm/jdk1.7.0_51/jre/lib/amd64/libnio.so
7f7d6a90b000-7f7d6a90c000 rw-p 00010000 08:07 1836051                    /usr/lib/jvm/jdk1.7.0_51/jre/lib/amd64/libnio.so
7f7d6a90c000-7f7d6ac0d000 rw-p 00000000 00:00 0 
7f7d6ac0d000-7f7d6ac23000 r-xp 00000000 08:07 1836056                    /usr/lib/jvm/jdk1.7.0_51/jre/lib/amd64/libnet.so
7f7d6ac23000-7f7d6ae23000 ---p 00016000 08:07 1836056                    /usr/lib/jvm/jdk1.7.0_51/jre/lib/amd64/libnet.so
7f7d6ae23000-7f7d6ae24000 rw-p 00016000 08:07 1836056                    /usr/lib/jvm/jdk1.7.0_51/jre/lib/amd64/libnet.so
7f7d6ae24000-7f7d6ae3a000 r-xp 00000000 08:07 2364498                    /lib/x86_64-linux-gnu/libgcc_s.so.1
7f7d6ae3a000-7f7d6b039000 ---p 00016000 08:07 2364498                    /lib/x86_64-linux-gnu/libgcc_s.so.1
7f7d6b039000-7f7d6b03a000 rw-p 00015000 08:07 2364498                    /lib/x86_64-linux-gnu/libgcc_s.so.1
7f7d6b03a000-7f7d6b09f000 r-xp 00000000 08:07 1836052                    /usr/lib/jvm/jdk1.7.0_51/jre/lib/amd64/libfontmanager.so
7f7d6b09f000-7f7d6b29e000 ---p 00065000 08:07 1836052                    /usr/lib/jvm/jdk1.7.0_51/jre/lib/amd64/libfontmanager.so
7f7d6b29e000-7f7d6b2a2000 rw-p 00064000 08:07 1836052                    /usr/lib/jvm/jdk1.7.0_51/jre/lib/amd64/libfontmanager.so
7f7d6b2a2000-7f7d6b2b3000 rw-p 00000000 00:00 0 
7f7d6b2b3000-7f7d6b2b6000 ---p 00000000 00:00 0 
7f7d6b2b6000-7f7d6b3b4000 rw-p 00000000 00:00 0 
7f7d6b3b4000-7f7d6b3b9000 r-xp 00000000 08:07 2762080                    /usr/lib/x86_64-linux-gnu/libXfixes.so.3.1.0
7f7d6b3b9000-7f7d6b5b8000 ---p 00005000 08:07 2762080                    /usr/lib/x86_64-linux-gnu/libXfixes.so.3.1.0
7f7d6b5b8000-7f7d6b5b9000 r--p 00004000 08:07 2762080                    /usr/lib/x86_64-linux-gnu/libXfixes.so.3.1.0
7f7d6b5b9000-7f7d6b5ba000 rw-p 00005000 08:07 2762080                    /usr/lib/x86_64-linux-gnu/libXfixes.so.3.1.0
7f7d6b5ba000-7f7d6b5c3000 r-xp 00000000 08:07 2762072                    /usr/lib/x86_64-linux-gnu/libXcursor.so.1.0.2
7f7d6b5c3000-7f7d6b7c2000 ---p 00009000 08:07 2762072                    /usr/lib/x86_64-linux-gnu/libXcursor.so.1.0.2
7f7d6b7c2000-7f7d6b7c3000 r--p 00008000 08:07 2762072                    /usr/lib/x86_64-linux-gnu/libXcursor.so.1.0.2
7f7d6b7c3000-7f7d6b7c4000 rw-p 00009000 08:07 2762072                    /usr/lib/x86_64-linux-gnu/libXcursor.so.1.0.2
7f7d6b7c4000-7f7d6b7c9000 r-xp 00000000 08:07 2762076                    /usr/lib/x86_64-linux-gnu/libXdmcp.so.6.0.0
7f7d6b7c9000-7f7d6b9c8000 ---p 00005000 08:07 2762076                    /usr/lib/x86_64-linux-gnu/libXdmcp.so.6.0.0
7f7d6b9c8000-7f7d6b9c9000 r--p 00004000 08:07 2762076                    /usr/lib/x86_64-linux-gnu/libXdmcp.so.6.0.0
7f7d6b9c9000-7f7d6b9ca000 rw-p 00005000 08:07 2762076                    /usr/lib/x86_64-linux-gnu/libXdmcp.so.6.0.0
7f7d6b9ca000-7f7d6b9cc000 r-xp 00000000 08:07 2762065                    /usr/lib/x86_64-linux-gnu/libXau.so.6.0.0
7f7d6b9cc000-7f7d6bbcc000 ---p 00002000 08:07 2762065                    /usr/lib/x86_64-linux-gnu/libXau.so.6.0.0
7f7d6bbcc000-7f7d6bbcd000 r--p 00002000 08:07 2762065                    /usr/lib/x86_64-linux-gnu/libXau.so.6.0.0
7f7d6bbcd000-7f7d6bbce000 rw-p 00003000 08:07 2762065                    /usr/lib/x86_64-linux-gnu/libXau.so.6.0.0
7f7d6bbce000-7f7d6bbef000 r-xp 00000000 08:07 2763443                    /usr/lib/x86_64-linux-gnu/libxcb.so.1.1.0
7f7d6bbef000-7f7d6bdee000 ---p 00021000 08:07 2763443                    /usr/lib/x86_64-linux-gnu/libxcb.so.1.1.0
7f7d6bdee000-7f7d6bdef000 r--p 00020000 08:07 2763443                    /usr/lib/x86_64-linux-gnu/libxcb.so.1.1.0
7f7d6bdef000-7f7d6bdf0000 rw-p 00021000 08:07 2763443                    /usr/lib/x86_64-linux-gnu/libxcb.so.1.1.0
7f7d6bdf0000-7f7d6bdff000 r-xp 00000000 08:07 2762086                    /usr/lib/x86_64-linux-gnu/libXi.so.6.1.0
7f7d6bdff000-7f7d6bffe000 ---p 0000f000 08:07 2762086                    /usr/lib/x86_64-linux-gnu/libXi.so.6.1.0
7f7d6bffe000-7f7d6bfff000 r--p 0000e000 08:07 2762086                    /usr/lib/x86_64-linux-gnu/libXi.so.6.1.0
7f7d6bfff000-7f7d6c000000 rw-p 0000f000 08:07 2762086                    /usr/lib/x86_64-linux-gnu/libXi.so.6.1.0
7f7d6c000000-7f7d6c021000 rw-p 00000000 00:00 0 
7f7d6c021000-7f7d70000000 ---p 00000000 00:00 0 
7f7d70000000-7f7d70021000 rw-p 00000000 00:00 0 
7f7d70021000-7f7d74000000 ---p 00000000 00:00 0 
7f7d74000000-7f7d7444e000 rw-p 00000000 00:00 0 
7f7d7444e000-7f7d78000000 ---p 00000000 00:00 0 
7f7d78000000-7f7d78218000 rw-p 00000000 00:00 0 
7f7d78218000-7f7d7c000000 ---p 00000000 00:00 0 
7f7d7c000000-7f7d7c021000 rw-p 00000000 00:00 0 
7f7d7c021000-7f7d80000000 ---p 00000000 00:00 0 
7f7d80000000-7f7d80021000 rw-p 00000000 00:00 0 
7f7d80021000-7f7d84000000 ---p 00000000 00:00 0 
7f7d84000000-7f7d84021000 rw-p 00000000 00:00 0 
7f7d84021000-7f7d88000000 ---p 00000000 00:00 0 
7f7d88000000-7f7d88021000 rw-p 00000000 00:00 0 
7f7d88021000-7f7d8c000000 ---p 00000000 00:00 0 
7f7d8c000000-7f7d8c021000 rw-p 00000000 00:00 0 
7f7d8c021000-7f7d90000000 ---p 00000000 00:00 0 
7f7d90000000-7f7d90021000 rw-p 00000000 00:00 0 
7f7d90021000-7f7d94000000 ---p 00000000 00:00 0 
7f7d94000000-7f7d94021000 rw-p 00000000 00:00 0 
7f7d94021000-7f7d98000000 ---p 00000000 00:00 0 
7f7d9800e000-7f7d98017000 r--s 00000000 08:07 527870                     /usr/share/fonts/type1/gsfonts/s050000l.pfb
7f7d98017000-7f7d98022000 r--s 00000000 08:07 2890696                    /var/cache/fontconfig/945677eb7aeaf62f1d50efc3fb3ec7d8-le64.cache-6
7f7d98022000-7f7d98037000 r--s 00000000 08:07 2890672                    /var/cache/fontconfig/04aabc0a78ac019cf9454389977116d2-le64.cache-6
7f7d98037000-7f7d9803a000 ---p 00000000 00:00 0 
7f7d9803a000-7f7d98138000 rw-p 00000000 00:00 0 
7f7d98138000-7f7d9813d000 r-xp 00000000 08:07 2762104                    /usr/lib/x86_64-linux-gnu/libXtst.so.6.1.0
7f7d9813d000-7f7d9833c000 ---p 00005000 08:07 2762104                    /usr/lib/x86_64-linux-gnu/libXtst.so.6.1.0
7f7d9833c000-7f7d9833d000 r--p 00004000 08:07 2762104                    /usr/lib/x86_64-linux-gnu/libXtst.so.6.1.0
7f7d9833d000-7f7d9833e000 rw-p 00005000 08:07 2762104                    /usr/lib/x86_64-linux-gnu/libXtst.so.6.1.0
7f7d9833e000-7f7d98347000 r-xp 00000000 08:07 2762098                    /usr/lib/x86_64-linux-gnu/libXrender.so.1.3.0
7f7d98347000-7f7d98546000 ---p 00009000 08:07 2762098                    /usr/lib/x86_64-linux-gnu/libXrender.so.1.3.0
7f7d98546000-7f7d98547000 r--p 00008000 08:07 2762098                    /usr/lib/x86_64-linux-gnu/libXrender.so.1.3.0
7f7d98547000-7f7d98548000 rw-p 00009000 08:07 2762098                    /usr/lib/x86_64-linux-gnu/libXrender.so.1.3.0
7f7d98548000-7f7d9867d000 r-xp 00000000 08:07 2762061                    /usr/lib/x86_64-linux-gnu/libX11.so.6.3.0
7f7d9867d000-7f7d9887d000 ---p 00135000 08:07 2762061                    /usr/lib/x86_64-linux-gnu/libX11.so.6.3.0
7f7d9887d000-7f7d9887e000 r--p 00135000 08:07 2762061                    /usr/lib/x86_64-linux-gnu/libX11.so.6.3.0
7f7d9887e000-7f7d98882000 rw-p 00136000 08:07 2762061                    /usr/lib/x86_64-linux-gnu/libX11.so.6.3.0
7f7d98882000-7f7d98893000 r-xp 00000000 08:07 2762078                    /usr/lib/x86_64-linux-gnu/libXext.so.6.4.0
7f7d98893000-7f7d98a92000 ---p 00011000 08:07 2762078                    /usr/lib/x86_64-linux-gnu/libXext.so.6.4.0
7f7d98a92000-7f7d98a93000 r--p 00010000 08:07 2762078                    /usr/lib/x86_64-linux-gnu/libXext.so.6.4.0
7f7d98a93000-7f7d98a94000 rw-p 00011000 08:07 2762078                    /usr/lib/x86_64-linux-gnu/libXext.so.6.4.0
7f7d98a94000-7f7d98ae4000 r-xp 00000000 08:07 1836094                    /usr/lib/jvm/jdk1.7.0_51/jre/lib/amd64/xawt/libmawt.so
7f7d98ae4000-7f7d98ce4000 ---p 00050000 08:07 1836094                    /usr/lib/jvm/jdk1.7.0_51/jre/lib/amd64/xawt/libmawt.so
7f7d98ce4000-7f7d98ce8000 rw-p 00050000 08:07 1836094                    /usr/lib/jvm/jdk1.7.0_51/jre/lib/amd64/xawt/libmawt.so
7f7d98ce8000-7f7d98ce9000 rw-p 00000000 00:00 0 
7f7d98ce9000-7f7d98d8b000 r-xp 00000000 08:07 1836064                    /usr/lib/jvm/jdk1.7.0_51/jre/lib/amd64/libawt.so
7f7d98d8b000-7f7d98f8b000 ---p 000a2000 08:07 1836064                    /usr/lib/jvm/jdk1.7.0_51/jre/lib/amd64/libawt.so
7f7d98f8b000-7f7d98f97000 rw-p 000a2000 08:07 1836064                    /usr/lib/jvm/jdk1.7.0_51/jre/lib/amd64/libawt.so
7f7d98f97000-7f7d98fbb000 rw-p 00000000 00:00 0 
7f7d98fbb000-7f7d98fbc000 ---p 00000000 00:00 0 
7f7d98fbc000-7f7d990bc000 rw-p 00000000 00:00 0 
7f7d990bc000-7f7d990bf000 ---p 00000000 00:00 0 
7f7d990bf000-7f7d991bd000 rw-p 00000000 00:00 0 
7f7d991bd000-7f7d991c0000 ---p 00000000 00:00 0 
7f7d991c0000-7f7d992be000 rw-p 00000000 00:00 0 
7f7d992be000-7f7d992c1000 ---p 00000000 00:00 0 
7f7d992c1000-7f7d993bf000 rw-p 00000000 00:00 0 
7f7d993bf000-7f7d993c2000 ---p 00000000 00:00 0 
7f7d993c2000-7f7d994c0000 rw-p 00000000 00:00 0 
7f7d994c0000-7f7d99e7f000 r--p 00000000 08:07 2760681                    /usr/lib/locale/locale-archive
7f7d99e7f000-7f7d99e82000 ---p 00000000 00:00 0 
7f7d99e82000-7f7d9c000000 rw-p 00000000 00:00 0 
7f7d9c000000-7f7d9c021000 rw-p 00000000 00:00 0 
7f7d9c021000-7f7da0000000 ---p 00000000 00:00 0 
7f7da0006000-7f7da000c000 r--s 00000000 08:07 2890678                    /var/cache/fontconfig/2cd17615ca594fa2959ae173292e504c-le64.cache-6
7f7da000c000-7f7da000d000 r--s 00000000 08:07 2890675                    /var/cache/fontconfig/0d8c3b2ac0904cb8a57a757ad11a4a08-le64.cache-6
7f7da000d000-7f7da0011000 r--s 00000000 08:07 2885053                    /var/cache/fontconfig/de156ccd2eddbdc19d37a45b8b2aac9c-le64.cache-6
7f7da0011000-7f7da0012000 r--s 00000000 08:07 2890677                    /var/cache/fontconfig/1ac9eb803944fde146138c791f5cc56a-le64.cache-6
7f7da0012000-7f7da0016000 r--s 00000000 08:07 2890682                    /var/cache/fontconfig/385c0604a188198f04d133e54aba7fe7-le64.cache-6
7f7da0016000-7f7da0017000 r--s 00000000 08:07 2890709                    /var/cache/fontconfig/dc05db6664285cc2f12bf69c139ae4c3-le64.cache-6
7f7da0017000-7f7da001a000 r--s 00000000 08:07 2890692                    /var/cache/fontconfig/767a8244fc0220cfb567a839d0392e0b-le64.cache-6
7f7da001a000-7f7da001b000 r--s 00000000 08:07 2883743                    /var/cache/fontconfig/4794a0821666d79190d59a36cb4f44b5-le64.cache-6
7f7da001b000-7f7da0020000 r--s 00000000 08:07 2890695                    /var/cache/fontconfig/8801497958630a81b71ace7c5f9b32a8-le64.cache-6
7f7da0020000-7f7da0021000 r--s 00000000 08:07 2890702                    /var/cache/fontconfig/bab58bb527bb656aaa9f116d68a48d89-le64.cache-6
7f7da0021000-7f7da0028000 r--s 00000000 08:07 2890679                    /var/cache/fontconfig/3047814df9a2f067bd2d96a2b9c36e5a-le64.cache-6
7f7da0028000-7f7da002e000 r--s 00000000 08:07 2890700                    /var/cache/fontconfig/b47c4e1ecd0709278f4910c18777a504-le64.cache-6
7f7da002e000-7f7da0041000 r--s 00000000 08:07 2890706                    /var/cache/fontconfig/d52a8644073d54c13679302ca1180695-le64.cache-6
7f7da0041000-7f7da004c000 r--s 00000000 08:07 2887795                    /var/cache/fontconfig/d589a48862398ed80a3d6066f4f56f4c-le64.cache-6
7f7da004c000-7f7da0057000 r--s 00000000 08:07 2890694                    /var/cache/fontconfig/83bf95040141907cd45bb53cf7c1c148-le64.cache-6
7f7da0057000-7f7da0069000 r--s 00000000 08:07 2886108                    /var/cache/fontconfig/9b89f8e3dae116d678bbf48e5f21f69b-le64.cache-6
7f7da0069000-7f7da008e000 r--p 00000000 08:07 397003                     /usr/share/locale-langpack/es/LC_MESSAGES/libc.mo
7f7da008e000-7f7da0091000 ---p 00000000 00:00 0 
7f7da0091000-7f7da018f000 rw-p 00000000 00:00 0 
7f7da018f000-7f7da0190000 ---p 00000000 00:00 0 
7f7da0190000-7f7da1000000 rw-p 00000000 00:00 0 
7f7da1000000-7f7da1270000 rwxp 00000000 00:00 0 
7f7da1270000-7f7da4245000 rw-p 00000000 00:00 0 
7f7da4245000-7f7da8000000 ---p 00000000 00:00 0 
7f7da8000000-7f7da8001000 r--s 00000000 08:07 2890686                    /var/cache/fontconfig/56cf4f4769d0f4abc89a4895d7bd3ae1-le64.cache-6
7f7da8001000-7f7da8002000 r--s 00000000 08:07 2890701                    /var/cache/fontconfig/b9d506c9ac06c20b433354fa67a72993-le64.cache-6
7f7da8002000-7f7da8003000 r--s 00000000 08:07 2890685                    /var/cache/fontconfig/551ecf3b0e8b0bca0f25c0944f561853-le64.cache-6
7f7da8003000-7f7da8006000 r--s 00000000 08:07 2890691                    /var/cache/fontconfig/75114ca45c98e8a441da0ff356701271-le64.cache-6
7f7da8006000-7f7da8009000 r--s 00000000 08:07 2890710                    /var/cache/fontconfig/e13b20fdb08344e0e664864cc2ede53d-le64.cache-6
7f7da8009000-7f7da800d000 r--s 00000000 08:07 2883629                    /var/cache/fontconfig/7ef2298fde41cc6eeb7af42e48b7d293-le64.cache-6
7f7da800d000-7f7da8018000 r--s 0037c000 08:07 1057110                    /usr/lib/jvm/jdk1.7.0_51/jre/lib/charsets.jar
7f7da8018000-7f7da8286000 rw-p 00000000 00:00 0 
7f7da8286000-7f7da8443000 r--s 039bf000 08:07 1057153                    /usr/lib/jvm/jdk1.7.0_51/jre/lib/rt.jar
7f7da8443000-7f7da871c000 rw-p 00000000 00:00 0 
7f7da871c000-7f7da871d000 ---p 00000000 00:00 0 
7f7da871d000-7f7da881d000 rw-p 00000000 00:00 0 
7f7da881d000-7f7da881e000 ---p 00000000 00:00 0 
7f7da881e000-7f7da891e000 rw-p 00000000 00:00 0 
7f7da891e000-7f7da891f000 ---p 00000000 00:00 0 
7f7da891f000-7f7da8a1f000 rw-p 00000000 00:00 0 
7f7da8a1f000-7f7da8a20000 ---p 00000000 00:00 0 
7f7da8a20000-7f7da8b34000 rw-p 00000000 00:00 0 
7f7da8b34000-7f7da8c60000 rw-p 00000000 00:00 0 
7f7da8c60000-7f7da8c6b000 rw-p 00000000 00:00 0 
7f7da8c6b000-7f7da8c89000 rw-p 00000000 00:00 0 
7f7da8c89000-7f7da8c9d000 rw-p 00000000 00:00 0 
7f7da8c9d000-7f7da8dc8000 rw-p 00000000 00:00 0 
7f7da8dc8000-7f7da8dd3000 rw-p 00000000 00:00 0 
7f7da8dd3000-7f7da8e68000 rw-p 00000000 00:00 0 
7f7da8e68000-7f7da8e73000 rw-p 00000000 00:00 0 
7f7da8e73000-7f7da8f29000 rw-p 00000000 00:00 0 
7f7da8f29000-7f7da8f43000 r-xp 00000000 08:07 1836101                    /usr/lib/jvm/jdk1.7.0_51/jre/lib/amd64/libzip.so
7f7da8f43000-7f7da9143000 ---p 0001a000 08:07 1836101                    /usr/lib/jvm/jdk1.7.0_51/jre/lib/amd64/libzip.so
7f7da9143000-7f7da9144000 rw-p 0001a000 08:07 1836101                    /usr/lib/jvm/jdk1.7.0_51/jre/lib/amd64/libzip.so
7f7da9144000-7f7da914f000 r-xp 00000000 08:07 2364559                    /lib/x86_64-linux-gnu/libnss_files-2.23.so
7f7da914f000-7f7da934e000 ---p 0000b000 08:07 2364559                    /lib/x86_64-linux-gnu/libnss_files-2.23.so
7f7da934e000-7f7da934f000 r--p 0000a000 08:07 2364559                    /lib/x86_64-linux-gnu/libnss_files-2.23.so
7f7da934f000-7f7da9350000 rw-p 0000b000 08:07 2364559                    /lib/x86_64-linux-gnu/libnss_files-2.23.so
7f7da9350000-7f7da9356000 rw-p 00000000 00:00 0 
7f7da9356000-7f7da9361000 r-xp 00000000 08:07 2364569                    /lib/x86_64-linux-gnu/libnss_nis-2.23.so
7f7da9361000-7f7da9560000 ---p 0000b000 08:07 2364569                    /lib/x86_64-linux-gnu/libnss_nis-2.23.so
7f7da9560000-7f7da9561000 r--p 0000a000 08:07 2364569                    /lib/x86_64-linux-gnu/libnss_nis-2.23.so
7f7da9561000-7f7da9562000 rw-p 0000b000 08:07 2364569                    /lib/x86_64-linux-gnu/libnss_nis-2.23.so
7f7da9562000-7f7da9578000 r-xp 00000000 08:07 2364553                    /lib/x86_64-linux-gnu/libnsl-2.23.so
7f7da9578000-7f7da9777000 ---p 00016000 08:07 2364553                    /lib/x86_64-linux-gnu/libnsl-2.23.so
7f7da9777000-7f7da9778000 r--p 00015000 08:07 2364553                    /lib/x86_64-linux-gnu/libnsl-2.23.so
7f7da9778000-7f7da9779000 rw-p 00016000 08:07 2364553                    /lib/x86_64-linux-gnu/libnsl-2.23.so
7f7da9779000-7f7da977b000 rw-p 00000000 00:00 0 
7f7da977b000-7f7da9783000 r-xp 00000000 08:07 2364555                    /lib/x86_64-linux-gnu/libnss_compat-2.23.so
7f7da9783000-7f7da9982000 ---p 00008000 08:07 2364555                    /lib/x86_64-linux-gnu/libnss_compat-2.23.so
7f7da9982000-7f7da9983000 r--p 00007000 08:07 2364555                    /lib/x86_64-linux-gnu/libnss_compat-2.23.so
7f7da9983000-7f7da9984000 rw-p 00008000 08:07 2364555                    /lib/x86_64-linux-gnu/libnss_compat-2.23.so
7f7da9984000-7f7da99ad000 r-xp 00000000 08:07 1836085                    /usr/lib/jvm/jdk1.7.0_51/jre/lib/amd64/libjava.so
7f7da99ad000-7f7da9bad000 ---p 00029000 08:07 1836085                    /usr/lib/jvm/jdk1.7.0_51/jre/lib/amd64/libjava.so
7f7da9bad000-7f7da9baf000 rw-p 00029000 08:07 1836085                    /usr/lib/jvm/jdk1.7.0_51/jre/lib/amd64/libjava.so
7f7da9baf000-7f7da9bbc000 r-xp 00000000 08:07 1836083                    /usr/lib/jvm/jdk1.7.0_51/jre/lib/amd64/libverify.so
7f7da9bbc000-7f7da9dbb000 ---p 0000d000 08:07 1836083                    /usr/lib/jvm/jdk1.7.0_51/jre/lib/amd64/libverify.so
7f7da9dbb000-7f7da9dbd000 rw-p 0000c000 08:07 1836083                    /usr/lib/jvm/jdk1.7.0_51/jre/lib/amd64/libverify.so
7f7da9dbd000-7f7da9dc4000 r-xp 00000000 08:07 2364614                    /lib/x86_64-linux-gnu/librt-2.23.so
7f7da9dc4000-7f7da9fc3000 ---p 00007000 08:07 2364614                    /lib/x86_64-linux-gnu/librt-2.23.so
7f7da9fc3000-7f7da9fc4000 r--p 00006000 08:07 2364614                    /lib/x86_64-linux-gnu/librt-2.23.so
7f7da9fc4000-7f7da9fc5000 rw-p 00007000 08:07 2364614                    /lib/x86_64-linux-gnu/librt-2.23.so
7f7da9fc5000-7f7da9fc8000 ---p 00000000 00:00 0 
7f7da9fc8000-7f7daa0c6000 rw-p 00000000 00:00 0 
7f7daa0c6000-7f7daa1ce000 r-xp 00000000 08:07 2364530                    /lib/x86_64-linux-gnu/libm-2.23.so
7f7daa1ce000-7f7daa3cd000 ---p 00108000 08:07 2364530                    /lib/x86_64-linux-gnu/libm-2.23.so
7f7daa3cd000-7f7daa3ce000 r--p 00107000 08:07 2364530                    /lib/x86_64-linux-gnu/libm-2.23.so
7f7daa3ce000-7f7daa3cf000 rw-p 00108000 08:07 2364530                    /lib/x86_64-linux-gnu/libm-2.23.so
7f7daa3cf000-7f7daaf31000 r-xp 00000000 08:07 1836091                    /usr/lib/jvm/jdk1.7.0_51/jre/lib/amd64/server/libjvm.so
7f7daaf31000-7f7dab131000 ---p 00b62000 08:07 1836091                    /usr/lib/jvm/jdk1.7.0_51/jre/lib/amd64/server/libjvm.so
7f7dab131000-7f7dab1f4000 rw-p 00b62000 08:07 1836091                    /usr/lib/jvm/jdk1.7.0_51/jre/lib/amd64/server/libjvm.so
7f7dab1f4000-7f7dab235000 rw-p 00000000 00:00 0 
7f7dab235000-7f7dab3f5000 r-xp 00000000 08:07 2364460                    /lib/x86_64-linux-gnu/libc-2.23.so
7f7dab3f5000-7f7dab5f4000 ---p 001c0000 08:07 2364460                    /lib/x86_64-linux-gnu/libc-2.23.so
7f7dab5f4000-7f7dab5f8000 r--p 001bf000 08:07 2364460                    /lib/x86_64-linux-gnu/libc-2.23.so
7f7dab5f8000-7f7dab5fa000 rw-p 001c3000 08:07 2364460                    /lib/x86_64-linux-gnu/libc-2.23.so
7f7dab5fa000-7f7dab5fe000 rw-p 00000000 00:00 0 
7f7dab5fe000-7f7dab601000 r-xp 00000000 08:07 2364484                    /lib/x86_64-linux-gnu/libdl-2.23.so
7f7dab601000-7f7dab800000 ---p 00003000 08:07 2364484                    /lib/x86_64-linux-gnu/libdl-2.23.so
7f7dab800000-7f7dab801000 r--p 00002000 08:07 2364484                    /lib/x86_64-linux-gnu/libdl-2.23.so
7f7dab801000-7f7dab802000 rw-p 00003000 08:07 2364484                    /lib/x86_64-linux-gnu/libdl-2.23.so
7f7dab802000-7f7dab818000 r-xp 00000000 08:07 1056839                    /usr/lib/jvm/jdk1.7.0_51/lib/amd64/jli/libjli.so
7f7dab818000-7f7daba18000 ---p 00016000 08:07 1056839                    /usr/lib/jvm/jdk1.7.0_51/lib/amd64/jli/libjli.so
7f7daba18000-7f7daba19000 rw-p 00016000 08:07 1056839                    /usr/lib/jvm/jdk1.7.0_51/lib/amd64/jli/libjli.so
7f7daba19000-7f7daba31000 r-xp 00000000 08:07 2364606                    /lib/x86_64-linux-gnu/libpthread-2.23.so
7f7daba31000-7f7dabc30000 ---p 00018000 08:07 2364606                    /lib/x86_64-linux-gnu/libpthread-2.23.so
7f7dabc30000-7f7dabc31000 r--p 00017000 08:07 2364606                    /lib/x86_64-linux-gnu/libpthread-2.23.so
7f7dabc31000-7f7dabc32000 rw-p 00018000 08:07 2364606                    /lib/x86_64-linux-gnu/libpthread-2.23.so
7f7dabc32000-7f7dabc36000 rw-p 00000000 00:00 0 
7f7dabc36000-7f7dabc5c000 r-xp 00000000 08:07 2364432                    /lib/x86_64-linux-gnu/ld-2.23.so
7f7dabc5c000-7f7dabc5d000 r--s 00000000 08:07 2890680                    /var/cache/fontconfig/30829fa25452a46451e813d634d7f916-le64.cache-6
7f7dabc5d000-7f7dabc64000 r--s 00000000 08:07 3016614                    /usr/lib/x86_64-linux-gnu/gconv/gconv-modules.cache
7f7dabc64000-7f7dabc66000 r--s 0000d000 08:08 3412122                    /home/kcrez/Documentos/JavaDuino/library/rxtx2.1/RXTXcomm.jar
7f7dabc66000-7f7dabc68000 r--s 0000d000 08:07 1835127                    /usr/lib/jvm/jdk1.7.0_51/jre/lib/ext/RXTXcomm.jar
7f7dabc68000-7f7dabcbc000 rw-p 00000000 00:00 0 
7f7dabcbc000-7f7dabcda000 rw-p 00000000 00:00 0 
7f7dabcda000-7f7dabcde000 rw-p 00000000 00:00 0 
7f7dabcde000-7f7dabd22000 r-xp 00000000 08:07 1052366                    /opt/eset/esets/lib/libesets_pac.so
7f7dabd22000-7f7dabe22000 ---p 00044000 08:07 1052366                    /opt/eset/esets/lib/libesets_pac.so
7f7dabe22000-7f7dabe25000 rw-p 00044000 08:07 1052366                    /opt/eset/esets/lib/libesets_pac.so
7f7dabe25000-7f7dabe38000 rw-p 00000000 00:00 0 
7f7dabe38000-7f7dabe39000 r--s 00000000 08:07 2890674                    /var/cache/fontconfig/0c9eb80ebd1c36541ebe2852d3bb0c49-le64.cache-6
7f7dabe39000-7f7dabe4e000 rw-p 00000000 00:00 0 
7f7dabe4e000-7f7dabe56000 rw-s 00000000 08:07 2097231                    /tmp/hsperfdata_kcrez/9140
7f7dabe56000-7f7dabe57000 rw-p 00000000 00:00 0 
7f7dabe57000-7f7dabe58000 r--p 00000000 00:00 0 
7f7dabe58000-7f7dabe5b000 rw-p 00000000 00:00 0 
7f7dabe5b000-7f7dabe5c000 r--p 00025000 08:07 2364432                    /lib/x86_64-linux-gnu/ld-2.23.so
7f7dabe5c000-7f7dabe5d000 rw-p 00026000 08:07 2364432                    /lib/x86_64-linux-gnu/ld-2.23.so
7f7dabe5d000-7f7dabe5e000 rw-p 00000000 00:00 0 
7ffc8e414000-7ffc8e435000 rw-p 00000000 00:00 0                          [stack]
7ffc8e4fb000-7ffc8e4fd000 r--p 00000000 00:00 0                          [vvar]
7ffc8e4fd000-7ffc8e4ff000 r-xp 00000000 00:00 0                          [vdso]
ffffffffff600000-ffffffffff601000 r-xp 00000000 00:00 0                  [vsyscall]

VM Arguments:
jvm_args: -Dfile.encoding=UTF-8 -Djava.library.path=/home/kcrez/Documentos/JavaDuino/library/rxtx2.1 
java_command: PPD_Frame
Launcher Type: SUN_STANDARD

Environment Variables:
PATH=/usr/local/sbin:/usr/local/bin:/usr/sbin:/usr/bin:/sbin:/bin:/usr/games:/usr/local/games:/snap/bin
LD_LIBRARY_PATH=/usr/lib/jvm/jdk1.7.0_51/jre/lib/amd64:/usr/lib/jvm/jdk1.7.0_51/jre/lib/i386:
SHELL=/bin/bash
DISPLAY=:0

Signal Handlers:
SIGSEGV: [libjvm.so+0x993870], sa_mask[0]=0x7ffbfeff, sa_flags=0x10000004
SIGBUS: [libjvm.so+0x993870], sa_mask[0]=0x7ffbfeff, sa_flags=0x10000004
SIGFPE: [libjvm.so+0x8105b0], sa_mask[0]=0x7ffbfeff, sa_flags=0x10000004
SIGPIPE: [libjvm.so+0x8105b0], sa_mask[0]=0x7ffbfeff, sa_flags=0x10000004
SIGXFSZ: [libjvm.so+0x8105b0], sa_mask[0]=0x7ffbfeff, sa_flags=0x10000004
SIGILL: [libjvm.so+0x8105b0], sa_mask[0]=0x7ffbfeff, sa_flags=0x10000004
SIGUSR1: SIG_DFL, sa_mask[0]=0x00000000, sa_flags=0x00000000
SIGUSR2: [libjvm.so+0x811aa0], sa_mask[0]=0x00000004, sa_flags=0x10000004
SIGHUP: [libjvm.so+0x812a10], sa_mask[0]=0x7ffbfeff, sa_flags=0x10000004
SIGINT: SIG_IGN, sa_mask[0]=0x00000000, sa_flags=0x00000000
SIGTERM: [libjvm.so+0x812a10], sa_mask[0]=0x7ffbfeff, sa_flags=0x10000004
SIGQUIT: [libjvm.so+0x812a10], sa_mask[0]=0x7ffbfeff, sa_flags=0x10000004


---------------  S Y S T E M  ---------------

OS:stretch/sid

uname:Linux 4.4.0-22-generic #40-Ubuntu SMP Thu May 12 22:03:46 UTC 2016 x86_64
libc:glibc 2.23 NPTL 2.23 
rlimit: STACK 8192k, CORE 0k, NPROC 15146, NOFILE 65536, AS infinity
load average:0.40 0.51 0.58

/proc/meminfo:
MemTotal:        3916240 kB
MemFree:          110148 kB
MemAvailable:    1341580 kB
Buffers:          182524 kB
Cached:          1125424 kB
SwapCached:        10676 kB
Active:          2339048 kB
Inactive:        1220948 kB
Active(anon):    1748044 kB
Inactive(anon):   682460 kB
Active(file):     591004 kB
Inactive(file):   538488 kB
Unevictable:          48 kB
Mlocked:              48 kB
SwapTotal:       7812088 kB
SwapFree:        7782456 kB
Dirty:             10512 kB
Writeback:             0 kB
AnonPages:       2241408 kB
Mapped:           322772 kB
Shmem:            178456 kB
Slab:             165860 kB
SReclaimable:     131172 kB
SUnreclaim:        34688 kB
KernelStack:       10672 kB
PageTables:        33604 kB
NFS_Unstable:          0 kB
Bounce:                0 kB
WritebackTmp:          0 kB
CommitLimit:     9770208 kB
Committed_AS:    6408652 kB
VmallocTotal:   34359738367 kB
VmallocUsed:           0 kB
VmallocChunk:          0 kB
HardwareCorrupted:     0 kB
AnonHugePages:    890880 kB
CmaTotal:              0 kB
CmaFree:               0 kB
HugePages_Total:       0
HugePages_Free:        0
HugePages_Rsvd:        0
HugePages_Surp:        0
Hugepagesize:       2048 kB
DirectMap4k:      129820 kB
DirectMap2M:     2885632 kB
DirectMap1G:     1048576 kB


CPU:total 4 (2 cores per cpu, 2 threads per core) family 6 model 60 stepping 3, cmov, cx8, fxsr, mmx, sse, sse2, sse3, ssse3, sse4.1, sse4.2, popcnt, avx, avx2, aes, erms, ht, tsc, tscinvbit

/proc/cpuinfo:
processor	: 0
vendor_id	: GenuineIntel
cpu family	: 6
model		: 60
model name	: Intel(R) Core(TM) i3-4170 CPU @ 3.70GHz
stepping	: 3
microcode	: 0x1e
cpu MHz		: 3616.605
cache size	: 3072 KB
physical id	: 0
siblings	: 4
core id		: 0
cpu cores	: 2
apicid		: 0
initial apicid	: 0
fpu		: yes
fpu_exception	: yes
cpuid level	: 13
wp		: yes
flags		: fpu vme de pse tsc msr pae mce cx8 apic sep mtrr pge mca cmov pat pse36 clflush dts acpi mmx fxsr sse sse2 ss ht tm pbe syscall nx pdpe1gb rdtscp lm constant_tsc arch_perfmon pebs bts rep_good nopl xtopology nonstop_tsc aperfmperf eagerfpu pni pclmulqdq dtes64 monitor ds_cpl vmx est tm2 ssse3 sdbg fma cx16 xtpr pdcm pcid sse4_1 sse4_2 movbe popcnt tsc_deadline_timer aes xsave avx f16c rdrand lahf_lm abm epb tpr_shadow vnmi flexpriority ept vpid fsgsbase tsc_adjust bmi1 avx2 smep bmi2 erms invpcid xsaveopt dtherm arat pln pts
bugs		:
bogomips	: 7383.06
clflush size	: 64
cache_alignment	: 64
address sizes	: 39 bits physical, 48 bits virtual
power management:

processor	: 1
vendor_id	: GenuineIntel
cpu family	: 6
model		: 60
model name	: Intel(R) Core(TM) i3-4170 CPU @ 3.70GHz
stepping	: 3
microcode	: 0x1e
cpu MHz		: 3700.000
cache size	: 3072 KB
physical id	: 0
siblings	: 4
core id		: 1
cpu cores	: 2
apicid		: 2
initial apicid	: 2
fpu		: yes
fpu_exception	: yes
cpuid level	: 13
wp		: yes
flags		: fpu vme de pse tsc msr pae mce cx8 apic sep mtrr pge mca cmov pat pse36 clflush dts acpi mmx fxsr sse sse2 ss ht tm pbe syscall nx pdpe1gb rdtscp lm constant_tsc arch_perfmon pebs bts rep_good nopl xtopology nonstop_tsc aperfmperf eagerfpu pni pclmulqdq dtes64 monitor ds_cpl vmx est tm2 ssse3 sdbg fma cx16 xtpr pdcm pcid sse4_1 sse4_2 movbe popcnt tsc_deadline_timer aes xsave avx f16c rdrand lahf_lm abm epb tpr_shadow vnmi flexpriority ept vpid fsgsbase tsc_adjust bmi1 avx2 smep bmi2 erms invpcid xsaveopt dtherm arat pln pts
bugs		:
bogomips	: 7383.06
clflush size	: 64
cache_alignment	: 64
address sizes	: 39 bits physical, 48 bits virtual
power management:

processor	: 2
vendor_id	: GenuineIntel
cpu family	: 6
model		: 60
model name	: Intel(R) Core(TM) i3-4170 CPU @ 3.70GHz
stepping	: 3
microcode	: 0x1e
cpu MHz		: 3700.000
cache size	: 3072 KB
physical id	: 0
siblings	: 4
core id		: 0
cpu cores	: 2
apicid		: 1
initial apicid	: 1
fpu		: yes
fpu_exception	: yes
cpuid level	: 13
wp		: yes
flags		: fpu vme de pse tsc msr pae mce cx8 apic sep mtrr pge mca cmov pat pse36 clflush dts acpi mmx fxsr sse sse2 ss ht tm pbe syscall nx pdpe1gb rdtscp lm constant_tsc arch_perfmon pebs bts rep_good nopl xtopology nonstop_tsc aperfmperf eagerfpu pni pclmulqdq dtes64 monitor ds_cpl vmx est tm2 ssse3 sdbg fma cx16 xtpr pdcm pcid sse4_1 sse4_2 movbe popcnt tsc_deadline_timer aes xsave avx f16c rdrand lahf_lm abm epb tpr_shadow vnmi flexpriority ept vpid fsgsbase tsc_adjust bmi1 avx2 smep bmi2 erms invpcid xsaveopt dtherm arat pln pts
bugs		:
bogomips	: 7383.06
clflush size	: 64
cache_alignment	: 64
address sizes	: 39 bits physical, 48 bits virtual
power management:

processor	: 3
vendor_id	: GenuineIntel
cpu family	: 6
model		: 60
model name	: Intel(R) Core(TM) i3-4170 CPU @ 3.70GHz
stepping	: 3
microcode	: 0x1e
cpu MHz		: 3700.289
cache size	: 3072 KB
physical id	: 0
siblings	: 4
core id		: 1
cpu cores	: 2
apicid		: 3
initial apicid	: 3
fpu		: yes
fpu_exception	: yes
cpuid level	: 13
wp		: yes
flags		: fpu vme de pse tsc msr pae mce cx8 apic sep mtrr pge mca cmov pat pse36 clflush dts acpi mmx fxsr sse sse2 ss ht tm pbe syscall nx pdpe1gb rdtscp lm constant_tsc arch_perfmon pebs bts rep_good nopl xtopology nonstop_tsc aperfmperf eagerfpu pni pclmulqdq dtes64 monitor ds_cpl vmx est tm2 ssse3 sdbg fma cx16 xtpr pdcm pcid sse4_1 sse4_2 movbe popcnt tsc_deadline_timer aes xsave avx f16c rdrand lahf_lm abm epb tpr_shadow vnmi flexpriority ept vpid fsgsbase tsc_adjust bmi1 avx2 smep bmi2 erms invpcid xsaveopt dtherm arat pln pts
bugs		:
bogomips	: 7383.06
clflush size	: 64
cache_alignment	: 64
address sizes	: 39 bits physical, 48 bits virtual
power management:



Memory: 4k page, physical 3916240k(110148k free), swap 7812088k(7782456k free)

vm_info: Java HotSpot(TM) 64-Bit Server VM (24.51-b03) for linux-amd64 JRE (1.7.0_51-b13), built on Dec 18 2013 18:48:01 by "java_re" with gcc 4.3.0 20080428 (Red Hat 4.3.0-8)

time: Sat Jul 30 22:03:31 2016
elapsed time: 4 seconds

