#
# A fatal error has been detected by the Java Runtime Environment:
#
#  SIGSEGV (0xb) at pc=0x00007f17bdabe462, pid=7583, tid=139739943106304
#
# JRE version: Java(TM) SE Runtime Environment (7.0_51-b13) (build 1.7.0_51-b13)
# Java VM: Java HotSpot(TM) 64-Bit Server VM (24.51-b03 mixed mode linux-amd64 compressed oops)
# Problematic frame:
# C  [librxtxSerial.so+0x6462]  read_byte_array+0x52
#
# Failed to write core dump. Core dumps have been disabled. To enable core dumping, try "ulimit -c unlimited" before starting Java again
#
# If you would like to submit a bug report, please visit:
#   http://bugreport.sun.com/bugreport/crash.jsp
# The crash happened outside the Java Virtual Machine in native code.
# See problematic frame for where to report the bug.
#

---------------  T H R E A D  ---------------

Current thread (0x00007f17a4112000):  JavaThread "Thread-0" [_thread_in_native, id=7605, stack(0x00007f17bd9b7000,0x00007f17bdab8000)]

siginfo:si_signo=SIGSEGV: si_errno=0, si_code=1 (SEGV_MAPERR), si_addr=0xffffffffbdab64f8

Registers:
RAX=0xffffffffbdab64f0, RBX=0xffffffffffffffff, RCX=0x0000000000000001, RDX=0x00007f17fac6ba50
RSP=0x00007f17bdab58c0, RBP=0x00007f17a41121e8, RSI=0x00007f17bdac1e30, RDI=0x00007f17bdac1d3e
R8 =0x00007f17bdab5830, R9 =0x00000000ec628290, R10=0x0000000000000000, R11=0x00007f17fac70008
R12=0x00000000ffffffff, R13=0x0000000000000000, R14=0x000000000000001c, R15=0x0000000000000000
RIP=0x00007f17bdabe462, EFLAGS=0x0000000000010206, CSGSFS=0x0000000000000033, ERR=0x0000000000000005
  TRAPNO=0x000000000000000e

Top of Stack: (sp=0x00007f17bdab58c0)
0x00007f17bdab58c0:   ff0000000000ff00 0000000000000000
0x00007f17bdab58d0:   0000000000000000 0000000000000000
0x00007f17bdab58e0:   0000000000000000 ffffffffbdab64f0
0x00007f17bdab58f0:   0000000000000000 0000000000000000
0x00007f17bdab5900:   0000000000000000 0000000100000000
0x00007f17bdab5910:   00007f179c001280 0000001c00000000
0x00007f17bdab5920:   0000000000000000 0000000000000000
0x00007f17bdab5930:   0000000000000000 0000000000000000
0x00007f17bdab5940:   00007f17a4112000 0000000000000700
0x00007f17bdab5950:   0000000000002000 0000000000000000
0x00007f17bdab5960:   000000000000001c 0000000000000000
0x00007f17bdab5970:   00007f17bdab59a0 00007f17fa0dedac
0x00007f17bdab5980:   00007f179c001280 00007f179c001280
0x00007f17bdab5990:   000000000000001c 00007f17bdab5a00
0x00007f17bdab59a0:   00007f17a41121e8 0000000000000001
0x00007f17bdab59b0:   00000000ffffffff ffffffffffffffff
0x00007f17bdab59c0:   00007f17a41121e8 00007f179c001280
0x00007f17bdab59d0:   0000000000000001 000000000000001c
0x00007f17bdab59e0:   0000000000000000 00007f17bdabe8a1
0x00007f17bdab59f0:   00007f17a4112000 00007f17bdab5ad0
0x00007f17bdab5a00:   00007f17bdab5ad8 00000000bfaf9ff8
0x00007f17bdab5a10:   00007f17bdab5aa0 0000000000000000
0x00007f17bdab5a20:   00000000bfaf9ff0 00007f17bdab5ad8
0x00007f17bdab5a30:   00007f17a4112000 00007f17f1012cd8
0x00007f17bdab5a40:   00007f17cc12f008 00007f17bdab5ad8
0x00007f17bdab5a50:   00007f17a4112000 0000000a000000b6
0x00007f17bdab5a60:   00007f17bdab5a60 00000000bfaf9ff0
0x00007f17bdab5a70:   00007f17bdab5ad8 00000000bfb0d918
0x00007f17bdab5a80:   0000000000000000 00000000bfaf9ff8
0x00007f17bdab5a90:   0000000000000000 00007f17bdab5ac0
0x00007f17bdab5aa0:   00007f17bdab5b30 00007f17f10061d4
0x00007f17bdab5ab0:   0000000000000000 00007f17f100ecd6 

Instructions: (pc=0x00007f17bdabe462)
0x00007f17bdabe442:   89 44 24 4c 48 c7 44 24 40 00 00 00 00 48 c7 44
0x00007f17bdabe452:   24 38 00 00 00 00 e8 53 d7 ff ff 48 89 44 24 28
0x00007f17bdabe462:   8b 40 08 45 85 e4 48 8b 54 24 28 44 8b 7c 24 4c
0x00007f17bdabe472:   89 44 24 34 c7 42 08 00 00 00 00 78 0c 31 c0 e8 

Register to memory mapping:

RAX=0xffffffffbdab64f0 is an unknown value
RBX=0xffffffffffffffff is an unknown value
RCX=0x0000000000000001 is an unknown value
RDX=0x00007f17fac6ba50: <offset 0xe37a50> in /usr/lib/jvm/jdk1.7.0_51/jre/lib/amd64/server/libjvm.so at 0x00007f17f9e34000
RSP=0x00007f17bdab58c0 is pointing into the stack for thread: 0x00007f17a4112000
RBP=0x00007f17a41121e8 is an unknown value
RSI=0x00007f17bdac1e30: <offset 0x9e30> in /usr/lib/jvm/jdk1.7.0_51/jre/lib/amd64/librxtxSerial.so at 0x00007f17bdab8000
RDI=0x00007f17bdac1d3e: <offset 0x9d3e> in /usr/lib/jvm/jdk1.7.0_51/jre/lib/amd64/librxtxSerial.so at 0x00007f17bdab8000
R8 =0x00007f17bdab5830 is pointing into the stack for thread: 0x00007f17a4112000
R9 =0x00000000ec628290 is an oop
gnu.io.RXTXPort 
 - klass: 'gnu/io/RXTXPort'
R10=0x0000000000000000 is an unknown value
R11=0x00007f17fac70008: <offset 0xe3c008> in /usr/lib/jvm/jdk1.7.0_51/jre/lib/amd64/server/libjvm.so at 0x00007f17f9e34000
R12=0x00000000ffffffff is an unallocated location in the heap
R13=0x0000000000000000 is an unknown value
R14=0x000000000000001c is an unknown value
R15=0x0000000000000000 is an unknown value


Stack: [0x00007f17bd9b7000,0x00007f17bdab8000],  sp=0x00007f17bdab58c0,  free space=1018k
Native frames: (J=compiled Java code, j=interpreted, Vv=VM code, C=native code)
C  [librxtxSerial.so+0x6462]  read_byte_array+0x52

Java frames: (J=compiled Java code, j=interpreted, Vv=VM code)
j  gnu.io.RXTXPort.readArray([BII)I+0
j  gnu.io.RXTXPort$SerialInputStream.read([BII)I+187
j  sun.nio.cs.StreamDecoder.readBytes()I+135
j  sun.nio.cs.StreamDecoder.implRead([CII)I+112
j  sun.nio.cs.StreamDecoder.read([CII)I+180
j  java.io.InputStreamReader.read([CII)I+7
j  java.io.BufferedReader.fill()V+145
j  java.io.BufferedReader.readLine(Z)Ljava/lang/String;+44
j  java.io.BufferedReader.readLine()Ljava/lang/String;+2
j  PPD_Frame.serialEvent(Lgnu/io/SerialPortEvent;)V+14
j  gnu.io.RXTXPort.sendEvent(IZ)Z+382
v  ~StubRoutines::call_stub
j  gnu.io.RXTXPort.eventLoop()V+0
j  gnu.io.RXTXPort$MonitorThread.run()V+12
v  ~StubRoutines::call_stub

---------------  P R O C E S S  ---------------

Java Threads: ( => current thread )
=>0x00007f17a4112000 JavaThread "Thread-0" [_thread_in_native, id=7605, stack(0x00007f17bd9b7000,0x00007f17bdab8000)]
  0x00007f17a4037800 JavaThread "Image Fetcher 0" daemon [_thread_blocked, id=7604, stack(0x00007f17bdc68000,0x00007f17bdd69000)]
  0x00007f17f400a000 JavaThread "DestroyJavaVM" [_thread_blocked, id=7587, stack(0x00007f17f9a2a000,0x00007f17f9b2b000)]
  0x00007f17f425f800 JavaThread "AWT-EventQueue-0" [_thread_in_native, id=7603, stack(0x00007f17bdfe8000,0x00007f17be0e9000)]
  0x00007f17f425c800 JavaThread "AWT-Shutdown" [_thread_blocked, id=7602, stack(0x00007f17be0e9000,0x00007f17be1ea000)]
  0x00007f17f41ca000 JavaThread "AWT-XAWT" daemon [_thread_blocked, id=7601, stack(0x00007f17beda2000,0x00007f17beea3000)]
  0x00007f17f41a7000 JavaThread "Java2D Disposer" daemon [_thread_blocked, id=7600, stack(0x00007f17bf2b3000,0x00007f17bf3b4000)]
  0x00007f17f4097000 JavaThread "Service Thread" daemon [_thread_blocked, id=7598, stack(0x00007f17ecbc5000,0x00007f17eccc6000)]
  0x00007f17f4094800 JavaThread "C2 CompilerThread1" daemon [_thread_blocked, id=7597, stack(0x00007f17eccc6000,0x00007f17ecdc7000)]
  0x00007f17f4091800 JavaThread "C2 CompilerThread0" daemon [_thread_blocked, id=7596, stack(0x00007f17ecdc7000,0x00007f17ecec8000)]
  0x00007f17f408f800 JavaThread "Signal Dispatcher" daemon [_thread_blocked, id=7595, stack(0x00007f17ecec8000,0x00007f17ecfc9000)]
  0x00007f17f4070000 JavaThread "Finalizer" daemon [_thread_blocked, id=7594, stack(0x00007f17ed988000,0x00007f17eda89000)]
  0x00007f17f406c000 JavaThread "Reference Handler" daemon [_thread_blocked, id=7593, stack(0x00007f17eda89000,0x00007f17edb8a000)]

Other Threads:
  0x00007f17f4069800 VMThread [stack: 0x00007f17edb8a000,0x00007f17edc8b000] [id=7592]
  0x00007f17f40a1800 WatcherThread [stack: 0x00007f17ecac4000,0x00007f17ecbc5000] [id=7599]

VM state:not at safepoint (normal execution)

VM Mutex/Monitor currently owned by a thread: None

Heap
 PSYoungGen      total 17920K, used 6488K [0x00000000ec080000, 0x00000000ed480000, 0x0000000100000000)
  eden space 15360K, 42% used [0x00000000ec080000,0x00000000ec6d6278,0x00000000ecf80000)
  from space 2560K, 0% used [0x00000000ed200000,0x00000000ed200000,0x00000000ed480000)
  to   space 2560K, 0% used [0x00000000ecf80000,0x00000000ecf80000,0x00000000ed200000)
 ParOldGen       total 40448K, used 0K [0x00000000c4200000, 0x00000000c6980000, 0x00000000ec080000)
  object space 40448K, 0% used [0x00000000c4200000,0x00000000c4200000,0x00000000c6980000)
 PSPermGen       total 21504K, used 11721K [0x00000000bf000000, 0x00000000c0500000, 0x00000000c4200000)
  object space 21504K, 54% used [0x00000000bf000000,0x00000000bfb72560,0x00000000c0500000)

Card table byte_map: [0x00007f17f86c5000,0x00007f17f88ce000] byte_map_base: 0x00007f17f80cd000

Polling page: 0x00007f17fb8bc000

Code Cache  [0x00007f17f1000000, 0x00007f17f1270000, 0x00007f17f4000000)
 total_blobs=510 nmethods=40 adapters=423 free_code_cache=48522Kb largest_free_block=49669312

Compilation events (10 events):
Event: 0.376 Thread 0x00007f17f4091800   36             java.util.Arrays::copyOfRange (63 bytes)
Event: 0.378 Thread 0x00007f17f4091800 nmethod 36 0x00007f17f108f990 code [0x00007f17f108fae0, 0x00007f17f108fcf8]
Event: 0.383 Thread 0x00007f17f4094800   37             java.lang.String::<init> (67 bytes)
Event: 0.385 Thread 0x00007f17f4091800   38             java.lang.String::toLowerCase (472 bytes)
Event: 0.385 Thread 0x00007f17f4094800 nmethod 37 0x00007f17f108f390 code [0x00007f17f108f4e0, 0x00007f17f108f778]
Event: 0.407 Thread 0x00007f17f4091800 nmethod 38 0x00007f17f109fa90 code [0x00007f17f109fcc0, 0x00007f17f10a0ca0]
Event: 0.421 Thread 0x00007f17f4094800   39             java.util.Arrays::binarySearch0 (95 bytes)
Event: 0.427 Thread 0x00007f17f4091800   40 %           javax.swing.plaf.nimbus.EffectUtils::blur @ 36 (157 bytes)
Event: 0.427 Thread 0x00007f17f4094800 nmethod 39 0x00007f17f1090a90 code [0x00007f17f1090be0, 0x00007f17f1090d98]
Event: 0.431 Thread 0x00007f17f4091800 nmethod 40% 0x00007f17f1096ad0 code [0x00007f17f1096c60, 0x00007f17f1097158]

GC Heap History (0 events):
No events

Deoptimization events (0 events):
No events

Internal exceptions (10 events):
Event: 0.202 Thread 0x00007f17f425f800 Threw 0x00000000ec3923d8 at /HUDSON/workspace/7u-2-build-linux-amd64@2/jdk7u51/527/hotspot/src/share/vm/prims/jvm.cpp:1244
Event: 0.202 Thread 0x00007f17f425f800 Threw 0x00000000ec393af0 at /HUDSON/workspace/7u-2-build-linux-amd64@2/jdk7u51/527/hotspot/src/share/vm/prims/jvm.cpp:1244
Event: 0.203 Thread 0x00007f17f425f800 Threw 0x00000000ec397630 at /HUDSON/workspace/7u-2-build-linux-amd64@2/jdk7u51/527/hotspot/src/share/vm/prims/jvm.cpp:1244
Event: 0.203 Thread 0x00007f17f425f800 Threw 0x00000000ec398d48 at /HUDSON/workspace/7u-2-build-linux-amd64@2/jdk7u51/527/hotspot/src/share/vm/prims/jvm.cpp:1244
Event: 0.269 Thread 0x00007f17f425f800 Threw 0x00000000ec46a088 at /HUDSON/workspace/7u-2-build-linux-amd64@2/jdk7u51/527/hotspot/src/share/vm/prims/jvm.cpp:1244
Event: 0.270 Thread 0x00007f17f425f800 Threw 0x00000000ec5057f8 at /HUDSON/workspace/7u-2-build-linux-amd64@2/jdk7u51/527/hotspot/src/share/vm/prims/jvm.cpp:1244
Event: 0.342 Thread 0x00007f17f425f800 Threw 0x00000000ec5d3c88 at /HUDSON/workspace/7u-2-build-linux-amd64@2/jdk7u51/527/hotspot/src/share/vm/prims/jni.cpp:717
Event: 0.359 Thread 0x00007f17f425f800 Threw 0x00000000ec5e6f10 at /HUDSON/workspace/7u-2-build-linux-amd64@2/jdk7u51/527/hotspot/src/share/vm/prims/jni.cpp:717
Event: 0.361 Thread 0x00007f17f425f800 Threw 0x00000000ec5f8900 at /HUDSON/workspace/7u-2-build-linux-amd64@2/jdk7u51/527/hotspot/src/share/vm/prims/jni.cpp:717
Event: 0.383 Thread 0x00007f17f425f800 Threw 0x00000000ec60b870 at /HUDSON/workspace/7u-2-build-linux-amd64@2/jdk7u51/527/hotspot/src/share/vm/prims/jni.cpp:717

Events (10 events):
Event: 0.426 loading class 0x00007f17c00fe870
Event: 0.426 loading class 0x00007f17c00fe870 done
Event: 0.426 loading class 0x00007f17cc05d720
Event: 0.426 loading class 0x00007f17cc05d720 done
Event: 0.430 loading class 0x00007f17cc0fbec0
Event: 0.430 loading class 0x00007f17cc0fbec0 done
Event: 0.431 loading class 0x00007f17cc0fbe80
Event: 0.431 loading class 0x00007f17cc0fbe80 done
Event: 0.431 loading class 0x00007f17f413a2f0
Event: 0.431 loading class 0x00007f17f413a2f0 done


Dynamic libraries:
00400000-00401000 r-xp 00000000 08:07 937188                             /usr/lib/jvm/jdk1.7.0_51/bin/java
00600000-00601000 rw-p 00000000 08:07 937188                             /usr/lib/jvm/jdk1.7.0_51/bin/java
01514000-01535000 rw-p 00000000 00:00 0                                  [heap]
bf000000-c0500000 rw-p 00000000 00:00 0 
c0500000-c4200000 rw-p 00000000 00:00 0 
c4200000-c6980000 rw-p 00000000 00:00 0 
c6980000-ec080000 rw-p 00000000 00:00 0 
ec080000-ed480000 rw-p 00000000 00:00 0 
ed480000-100000000 rw-p 00000000 00:00 0 
7f179c000000-7f179c021000 rw-p 00000000 00:00 0 
7f179c021000-7f17a0000000 ---p 00000000 00:00 0 
7f17a4000000-7f17a4116000 rw-p 00000000 00:00 0 
7f17a4116000-7f17a8000000 ---p 00000000 00:00 0 
7f17a8000000-7f17a8051000 rw-p 00000000 00:00 0 
7f17a8051000-7f17ac000000 ---p 00000000 00:00 0 
7f17ac000000-7f17ac021000 rw-p 00000000 00:00 0 
7f17ac021000-7f17b0000000 ---p 00000000 00:00 0 
7f17b0000000-7f17b0021000 rw-p 00000000 00:00 0 
7f17b0021000-7f17b4000000 ---p 00000000 00:00 0 
7f17b4000000-7f17b4021000 rw-p 00000000 00:00 0 
7f17b4021000-7f17b8000000 ---p 00000000 00:00 0 
7f17b8000000-7f17b8021000 rw-p 00000000 00:00 0 
7f17b8021000-7f17bc000000 ---p 00000000 00:00 0 
7f17bd41c000-7f17bd446000 r-xp 00000000 08:07 1836084                    /usr/lib/jvm/jdk1.7.0_51/jre/lib/amd64/libdcpr.so
7f17bd446000-7f17bd646000 ---p 0002a000 08:07 1836084                    /usr/lib/jvm/jdk1.7.0_51/jre/lib/amd64/libdcpr.so
7f17bd646000-7f17bd649000 rw-p 0002a000 08:07 1836084                    /usr/lib/jvm/jdk1.7.0_51/jre/lib/amd64/libdcpr.so
7f17bd649000-7f17bd839000 rw-s 00000000 00:05 70090842                   /SYSV00000000 (deleted)
7f17bd839000-7f17bd844000 r--s 00000000 08:07 2890696                    /var/cache/fontconfig/945677eb7aeaf62f1d50efc3fb3ec7d8-le64.cache-6
7f17bd844000-7f17bd84a000 r--s 00000000 08:07 2890678                    /var/cache/fontconfig/2cd17615ca594fa2959ae173292e504c-le64.cache-6
7f17bd84a000-7f17bd84b000 r--s 00000000 08:07 2890675                    /var/cache/fontconfig/0d8c3b2ac0904cb8a57a757ad11a4a08-le64.cache-6
7f17bd84b000-7f17bd84f000 r--s 00000000 08:07 2885053                    /var/cache/fontconfig/de156ccd2eddbdc19d37a45b8b2aac9c-le64.cache-6
7f17bd84f000-7f17bd864000 r--s 00000000 08:07 2890672                    /var/cache/fontconfig/04aabc0a78ac019cf9454389977116d2-le64.cache-6
7f17bd864000-7f17bd868000 r--s 00000000 08:07 2890682                    /var/cache/fontconfig/385c0604a188198f04d133e54aba7fe7-le64.cache-6
7f17bd868000-7f17bd86b000 r--s 00000000 08:07 2890692                    /var/cache/fontconfig/767a8244fc0220cfb567a839d0392e0b-le64.cache-6
7f17bd86b000-7f17bd870000 r--s 00000000 08:07 2890695                    /var/cache/fontconfig/8801497958630a81b71ace7c5f9b32a8-le64.cache-6
7f17bd870000-7f17bd877000 r--s 00000000 08:07 2890679                    /var/cache/fontconfig/3047814df9a2f067bd2d96a2b9c36e5a-le64.cache-6
7f17bd877000-7f17bd87d000 r--s 00000000 08:07 2890700                    /var/cache/fontconfig/b47c4e1ecd0709278f4910c18777a504-le64.cache-6
7f17bd87d000-7f17bd890000 r--s 00000000 08:07 2890706                    /var/cache/fontconfig/d52a8644073d54c13679302ca1180695-le64.cache-6
7f17bd890000-7f17bd89b000 r--s 00000000 08:07 2887795                    /var/cache/fontconfig/d589a48862398ed80a3d6066f4f56f4c-le64.cache-6
7f17bd89b000-7f17bd8a6000 r--s 00000000 08:07 2890694                    /var/cache/fontconfig/83bf95040141907cd45bb53cf7c1c148-le64.cache-6
7f17bd9b7000-7f17bd9ba000 ---p 00000000 00:00 0 
7f17bd9ba000-7f17bdab8000 rw-p 00000000 00:00 0 
7f17bdab8000-7f17bdac4000 r-xp 00000000 08:07 1835128                    /usr/lib/jvm/jdk1.7.0_51/jre/lib/amd64/librxtxSerial.so
7f17bdac4000-7f17bdbc3000 ---p 0000c000 08:07 1835128                    /usr/lib/jvm/jdk1.7.0_51/jre/lib/amd64/librxtxSerial.so
7f17bdbc3000-7f17bdbc5000 rw-p 0000b000 08:07 1835128                    /usr/lib/jvm/jdk1.7.0_51/jre/lib/amd64/librxtxSerial.so
7f17bdbc5000-7f17bdbde000 r--s 00000000 08:07 527849                     /usr/share/fonts/type1/gsfonts/n022004l.pfb
7f17bdbde000-7f17bdbf7000 r--s 00000000 08:07 527834                     /usr/share/fonts/type1/gsfonts/n021003l.pfb
7f17bdbf7000-7f17bdc0d000 r--s 00000000 08:07 527843                     /usr/share/fonts/type1/gsfonts/n021024l.pfb
7f17bdc0d000-7f17bdc23000 r--s 00000000 08:07 527852                     /usr/share/fonts/type1/gsfonts/n022023l.pfb
7f17bdc23000-7f17bdc3a000 r--s 00000000 08:07 527840                     /usr/share/fonts/type1/gsfonts/n021023l.pfb
7f17bdc3a000-7f17bdc4b000 r--s 00000000 08:07 527816                     /usr/share/fonts/type1/gsfonts/n019023l.pfb
7f17bdc4b000-7f17bdc5f000 r--s 00000000 08:07 527810                     /usr/share/fonts/type1/gsfonts/n019003l.pfb
7f17bdc5f000-7f17bdc68000 r--s 00000000 08:07 527870                     /usr/share/fonts/type1/gsfonts/s050000l.pfb
7f17bdc68000-7f17bdc6b000 ---p 00000000 00:00 0 
7f17bdc6b000-7f17bdd69000 rw-p 00000000 00:00 0 
7f17bdd69000-7f17bddd1000 r-xp 00000000 08:07 1836082                    /usr/lib/jvm/jdk1.7.0_51/jre/lib/amd64/libt2k.so
7f17bddd1000-7f17bdfd1000 ---p 00068000 08:07 1836082                    /usr/lib/jvm/jdk1.7.0_51/jre/lib/amd64/libt2k.so
7f17bdfd1000-7f17bdfd8000 rw-p 00068000 08:07 1836082                    /usr/lib/jvm/jdk1.7.0_51/jre/lib/amd64/libt2k.so
7f17bdfd8000-7f17bdfe8000 rw-p 00000000 00:00 0 
7f17bdfe8000-7f17bdfeb000 ---p 00000000 00:00 0 
7f17bdfeb000-7f17be0e9000 rw-p 00000000 00:00 0 
7f17be0e9000-7f17be0ec000 ---p 00000000 00:00 0 
7f17be0ec000-7f17be1ea000 rw-p 00000000 00:00 0 
7f17be1ea000-7f17be1fa000 r-xp 00000000 08:07 1836051                    /usr/lib/jvm/jdk1.7.0_51/jre/lib/amd64/libnio.so
7f17be1fa000-7f17be3fa000 ---p 00010000 08:07 1836051                    /usr/lib/jvm/jdk1.7.0_51/jre/lib/amd64/libnio.so
7f17be3fa000-7f17be3fb000 rw-p 00010000 08:07 1836051                    /usr/lib/jvm/jdk1.7.0_51/jre/lib/amd64/libnio.so
7f17be3fb000-7f17be6fc000 rw-p 00000000 00:00 0 
7f17be6fc000-7f17be712000 r-xp 00000000 08:07 1836056                    /usr/lib/jvm/jdk1.7.0_51/jre/lib/amd64/libnet.so
7f17be712000-7f17be912000 ---p 00016000 08:07 1836056                    /usr/lib/jvm/jdk1.7.0_51/jre/lib/amd64/libnet.so
7f17be912000-7f17be913000 rw-p 00016000 08:07 1836056                    /usr/lib/jvm/jdk1.7.0_51/jre/lib/amd64/libnet.so
7f17be913000-7f17be929000 r-xp 00000000 08:07 2364498                    /lib/x86_64-linux-gnu/libgcc_s.so.1
7f17be929000-7f17beb28000 ---p 00016000 08:07 2364498                    /lib/x86_64-linux-gnu/libgcc_s.so.1
7f17beb28000-7f17beb29000 rw-p 00015000 08:07 2364498                    /lib/x86_64-linux-gnu/libgcc_s.so.1
7f17beb29000-7f17beb8e000 r-xp 00000000 08:07 1836052                    /usr/lib/jvm/jdk1.7.0_51/jre/lib/amd64/libfontmanager.so
7f17beb8e000-7f17bed8d000 ---p 00065000 08:07 1836052                    /usr/lib/jvm/jdk1.7.0_51/jre/lib/amd64/libfontmanager.so
7f17bed8d000-7f17bed91000 rw-p 00064000 08:07 1836052                    /usr/lib/jvm/jdk1.7.0_51/jre/lib/amd64/libfontmanager.so
7f17bed91000-7f17beda2000 rw-p 00000000 00:00 0 
7f17beda2000-7f17beda5000 ---p 00000000 00:00 0 
7f17beda5000-7f17beea3000 rw-p 00000000 00:00 0 
7f17beea3000-7f17beea8000 r-xp 00000000 08:07 2762080                    /usr/lib/x86_64-linux-gnu/libXfixes.so.3.1.0
7f17beea8000-7f17bf0a7000 ---p 00005000 08:07 2762080                    /usr/lib/x86_64-linux-gnu/libXfixes.so.3.1.0
7f17bf0a7000-7f17bf0a8000 r--p 00004000 08:07 2762080                    /usr/lib/x86_64-linux-gnu/libXfixes.so.3.1.0
7f17bf0a8000-7f17bf0a9000 rw-p 00005000 08:07 2762080                    /usr/lib/x86_64-linux-gnu/libXfixes.so.3.1.0
7f17bf0a9000-7f17bf0b2000 r-xp 00000000 08:07 2762072                    /usr/lib/x86_64-linux-gnu/libXcursor.so.1.0.2
7f17bf0b2000-7f17bf2b1000 ---p 00009000 08:07 2762072                    /usr/lib/x86_64-linux-gnu/libXcursor.so.1.0.2
7f17bf2b1000-7f17bf2b2000 r--p 00008000 08:07 2762072                    /usr/lib/x86_64-linux-gnu/libXcursor.so.1.0.2
7f17bf2b2000-7f17bf2b3000 rw-p 00009000 08:07 2762072                    /usr/lib/x86_64-linux-gnu/libXcursor.so.1.0.2
7f17bf2b3000-7f17bf2b6000 ---p 00000000 00:00 0 
7f17bf2b6000-7f17bf3b4000 rw-p 00000000 00:00 0 
7f17bf3b4000-7f17bf3b9000 r-xp 00000000 08:07 2762076                    /usr/lib/x86_64-linux-gnu/libXdmcp.so.6.0.0
7f17bf3b9000-7f17bf5b8000 ---p 00005000 08:07 2762076                    /usr/lib/x86_64-linux-gnu/libXdmcp.so.6.0.0
7f17bf5b8000-7f17bf5b9000 r--p 00004000 08:07 2762076                    /usr/lib/x86_64-linux-gnu/libXdmcp.so.6.0.0
7f17bf5b9000-7f17bf5ba000 rw-p 00005000 08:07 2762076                    /usr/lib/x86_64-linux-gnu/libXdmcp.so.6.0.0
7f17bf5ba000-7f17bf5bc000 r-xp 00000000 08:07 2762065                    /usr/lib/x86_64-linux-gnu/libXau.so.6.0.0
7f17bf5bc000-7f17bf7bc000 ---p 00002000 08:07 2762065                    /usr/lib/x86_64-linux-gnu/libXau.so.6.0.0
7f17bf7bc000-7f17bf7bd000 r--p 00002000 08:07 2762065                    /usr/lib/x86_64-linux-gnu/libXau.so.6.0.0
7f17bf7bd000-7f17bf7be000 rw-p 00003000 08:07 2762065                    /usr/lib/x86_64-linux-gnu/libXau.so.6.0.0
7f17bf7be000-7f17bf7df000 r-xp 00000000 08:07 2763443                    /usr/lib/x86_64-linux-gnu/libxcb.so.1.1.0
7f17bf7df000-7f17bf9de000 ---p 00021000 08:07 2763443                    /usr/lib/x86_64-linux-gnu/libxcb.so.1.1.0
7f17bf9de000-7f17bf9df000 r--p 00020000 08:07 2763443                    /usr/lib/x86_64-linux-gnu/libxcb.so.1.1.0
7f17bf9df000-7f17bf9e0000 rw-p 00021000 08:07 2763443                    /usr/lib/x86_64-linux-gnu/libxcb.so.1.1.0
7f17bf9e0000-7f17bf9ef000 r-xp 00000000 08:07 2762086                    /usr/lib/x86_64-linux-gnu/libXi.so.6.1.0
7f17bf9ef000-7f17bfbee000 ---p 0000f000 08:07 2762086                    /usr/lib/x86_64-linux-gnu/libXi.so.6.1.0
7f17bfbee000-7f17bfbef000 r--p 0000e000 08:07 2762086                    /usr/lib/x86_64-linux-gnu/libXi.so.6.1.0
7f17bfbef000-7f17bfbf0000 rw-p 0000f000 08:07 2762086                    /usr/lib/x86_64-linux-gnu/libXi.so.6.1.0
7f17bfbf0000-7f17bfbf5000 r-xp 00000000 08:07 2762104                    /usr/lib/x86_64-linux-gnu/libXtst.so.6.1.0
7f17bfbf5000-7f17bfdf4000 ---p 00005000 08:07 2762104                    /usr/lib/x86_64-linux-gnu/libXtst.so.6.1.0
7f17bfdf4000-7f17bfdf5000 r--p 00004000 08:07 2762104                    /usr/lib/x86_64-linux-gnu/libXtst.so.6.1.0
7f17bfdf5000-7f17bfdf6000 rw-p 00005000 08:07 2762104                    /usr/lib/x86_64-linux-gnu/libXtst.so.6.1.0
7f17bfdf6000-7f17bfdff000 r-xp 00000000 08:07 2762098                    /usr/lib/x86_64-linux-gnu/libXrender.so.1.3.0
7f17bfdff000-7f17bfffe000 ---p 00009000 08:07 2762098                    /usr/lib/x86_64-linux-gnu/libXrender.so.1.3.0
7f17bfffe000-7f17bffff000 r--p 00008000 08:07 2762098                    /usr/lib/x86_64-linux-gnu/libXrender.so.1.3.0
7f17bffff000-7f17c0000000 rw-p 00009000 08:07 2762098                    /usr/lib/x86_64-linux-gnu/libXrender.so.1.3.0
7f17c0000000-7f17c0386000 rw-p 00000000 00:00 0 
7f17c0386000-7f17c4000000 ---p 00000000 00:00 0 
7f17c4000000-7f17c4021000 rw-p 00000000 00:00 0 
7f17c4021000-7f17c8000000 ---p 00000000 00:00 0 
7f17c8000000-7f17c8021000 rw-p 00000000 00:00 0 
7f17c8021000-7f17cc000000 ---p 00000000 00:00 0 
7f17cc000000-7f17cc2b9000 rw-p 00000000 00:00 0 
7f17cc2b9000-7f17d0000000 ---p 00000000 00:00 0 
7f17d0000000-7f17d0021000 rw-p 00000000 00:00 0 
7f17d0021000-7f17d4000000 ---p 00000000 00:00 0 
7f17d4000000-7f17d4021000 rw-p 00000000 00:00 0 
7f17d4021000-7f17d8000000 ---p 00000000 00:00 0 
7f17d8000000-7f17d8021000 rw-p 00000000 00:00 0 
7f17d8021000-7f17dc000000 ---p 00000000 00:00 0 
7f17dc000000-7f17dc021000 rw-p 00000000 00:00 0 
7f17dc021000-7f17e0000000 ---p 00000000 00:00 0 
7f17e0000000-7f17e0021000 rw-p 00000000 00:00 0 
7f17e0021000-7f17e4000000 ---p 00000000 00:00 0 
7f17e4000000-7f17e4021000 rw-p 00000000 00:00 0 
7f17e4021000-7f17e8000000 ---p 00000000 00:00 0 
7f17e8000000-7f17e8021000 rw-p 00000000 00:00 0 
7f17e8021000-7f17ec000000 ---p 00000000 00:00 0 
7f17ec000000-7f17ec001000 r--s 00000000 08:07 2890677                    /var/cache/fontconfig/1ac9eb803944fde146138c791f5cc56a-le64.cache-6
7f17ec001000-7f17ec026000 r--p 00000000 08:07 397003                     /usr/share/locale-langpack/es/LC_MESSAGES/libc.mo
7f17ec026000-7f17ec15b000 r-xp 00000000 08:07 2762061                    /usr/lib/x86_64-linux-gnu/libX11.so.6.3.0
7f17ec15b000-7f17ec35b000 ---p 00135000 08:07 2762061                    /usr/lib/x86_64-linux-gnu/libX11.so.6.3.0
7f17ec35b000-7f17ec35c000 r--p 00135000 08:07 2762061                    /usr/lib/x86_64-linux-gnu/libX11.so.6.3.0
7f17ec35c000-7f17ec360000 rw-p 00136000 08:07 2762061                    /usr/lib/x86_64-linux-gnu/libX11.so.6.3.0
7f17ec360000-7f17ec371000 r-xp 00000000 08:07 2762078                    /usr/lib/x86_64-linux-gnu/libXext.so.6.4.0
7f17ec371000-7f17ec570000 ---p 00011000 08:07 2762078                    /usr/lib/x86_64-linux-gnu/libXext.so.6.4.0
7f17ec570000-7f17ec571000 r--p 00010000 08:07 2762078                    /usr/lib/x86_64-linux-gnu/libXext.so.6.4.0
7f17ec571000-7f17ec572000 rw-p 00011000 08:07 2762078                    /usr/lib/x86_64-linux-gnu/libXext.so.6.4.0
7f17ec572000-7f17ec573000 r--s 00000000 08:07 2890709                    /var/cache/fontconfig/dc05db6664285cc2f12bf69c139ae4c3-le64.cache-6
7f17ec573000-7f17ec574000 r--s 00000000 08:07 2883743                    /var/cache/fontconfig/4794a0821666d79190d59a36cb4f44b5-le64.cache-6
7f17ec574000-7f17ec575000 r--s 00000000 08:07 2890702                    /var/cache/fontconfig/bab58bb527bb656aaa9f116d68a48d89-le64.cache-6
7f17ec575000-7f17ec576000 r--s 00000000 08:07 2890686                    /var/cache/fontconfig/56cf4f4769d0f4abc89a4895d7bd3ae1-le64.cache-6
7f17ec576000-7f17ec579000 r--s 00000000 08:07 2890691                    /var/cache/fontconfig/75114ca45c98e8a441da0ff356701271-le64.cache-6
7f17ec579000-7f17ec58b000 r--s 00000000 08:07 2886108                    /var/cache/fontconfig/9b89f8e3dae116d678bbf48e5f21f69b-le64.cache-6
7f17ec58b000-7f17ec58e000 r--s 00000000 08:07 2890710                    /var/cache/fontconfig/e13b20fdb08344e0e664864cc2ede53d-le64.cache-6
7f17ec58e000-7f17ec592000 r--s 00000000 08:07 2883629                    /var/cache/fontconfig/7ef2298fde41cc6eeb7af42e48b7d293-le64.cache-6
7f17ec592000-7f17ec5e2000 r-xp 00000000 08:07 1836094                    /usr/lib/jvm/jdk1.7.0_51/jre/lib/amd64/xawt/libmawt.so
7f17ec5e2000-7f17ec7e2000 ---p 00050000 08:07 1836094                    /usr/lib/jvm/jdk1.7.0_51/jre/lib/amd64/xawt/libmawt.so
7f17ec7e2000-7f17ec7e6000 rw-p 00050000 08:07 1836094                    /usr/lib/jvm/jdk1.7.0_51/jre/lib/amd64/xawt/libmawt.so
7f17ec7e6000-7f17ec7e7000 rw-p 00000000 00:00 0 
7f17ec7e7000-7f17ec889000 r-xp 00000000 08:07 1836064                    /usr/lib/jvm/jdk1.7.0_51/jre/lib/amd64/libawt.so
7f17ec889000-7f17eca89000 ---p 000a2000 08:07 1836064                    /usr/lib/jvm/jdk1.7.0_51/jre/lib/amd64/libawt.so
7f17eca89000-7f17eca95000 rw-p 000a2000 08:07 1836064                    /usr/lib/jvm/jdk1.7.0_51/jre/lib/amd64/libawt.so
7f17eca95000-7f17ecab9000 rw-p 00000000 00:00 0 
7f17ecab9000-7f17ecac4000 r--s 0037c000 08:07 1057110                    /usr/lib/jvm/jdk1.7.0_51/jre/lib/charsets.jar
7f17ecac4000-7f17ecac5000 ---p 00000000 00:00 0 
7f17ecac5000-7f17ecbc5000 rw-p 00000000 00:00 0 
7f17ecbc5000-7f17ecbc8000 ---p 00000000 00:00 0 
7f17ecbc8000-7f17eccc6000 rw-p 00000000 00:00 0 
7f17eccc6000-7f17eccc9000 ---p 00000000 00:00 0 
7f17eccc9000-7f17ecdc7000 rw-p 00000000 00:00 0 
7f17ecdc7000-7f17ecdca000 ---p 00000000 00:00 0 
7f17ecdca000-7f17ecec8000 rw-p 00000000 00:00 0 
7f17ecec8000-7f17ececb000 ---p 00000000 00:00 0 
7f17ececb000-7f17ecfc9000 rw-p 00000000 00:00 0 
7f17ecfc9000-7f17ed988000 r--p 00000000 08:07 2760681                    /usr/lib/locale/locale-archive
7f17ed988000-7f17ed98b000 ---p 00000000 00:00 0 
7f17ed98b000-7f17eda89000 rw-p 00000000 00:00 0 
7f17eda89000-7f17eda8c000 ---p 00000000 00:00 0 
7f17eda8c000-7f17edb8a000 rw-p 00000000 00:00 0 
7f17edb8a000-7f17edb8b000 ---p 00000000 00:00 0 
7f17edb8b000-7f17eebbb000 rw-p 00000000 00:00 0 
7f17eebbb000-7f17eed78000 r--s 039bf000 08:07 1057153                    /usr/lib/jvm/jdk1.7.0_51/jre/lib/rt.jar
7f17eed78000-7f17f1000000 rw-p 00000000 00:00 0 
7f17f1000000-7f17f1270000 rwxp 00000000 00:00 0 
7f17f1270000-7f17f4269000 rw-p 00000000 00:00 0 
7f17f4269000-7f17f8000000 ---p 00000000 00:00 0 
7f17f8000000-7f17f8001000 r--s 00000000 08:07 2890701                    /var/cache/fontconfig/b9d506c9ac06c20b433354fa67a72993-le64.cache-6
7f17f8001000-7f17f8002000 r--s 00000000 08:07 2890685                    /var/cache/fontconfig/551ecf3b0e8b0bca0f25c0944f561853-le64.cache-6
7f17f8002000-7f17f8181000 rw-p 00000000 00:00 0 
7f17f8181000-7f17f8182000 ---p 00000000 00:00 0 
7f17f8182000-7f17f8282000 rw-p 00000000 00:00 0 
7f17f8282000-7f17f8283000 ---p 00000000 00:00 0 
7f17f8283000-7f17f8383000 rw-p 00000000 00:00 0 
7f17f8383000-7f17f8384000 ---p 00000000 00:00 0 
7f17f8384000-7f17f8484000 rw-p 00000000 00:00 0 
7f17f8484000-7f17f8485000 ---p 00000000 00:00 0 
7f17f8485000-7f17f8599000 rw-p 00000000 00:00 0 
7f17f8599000-7f17f86c5000 rw-p 00000000 00:00 0 
7f17f86c5000-7f17f86d0000 rw-p 00000000 00:00 0 
7f17f86d0000-7f17f86ee000 rw-p 00000000 00:00 0 
7f17f86ee000-7f17f8702000 rw-p 00000000 00:00 0 
7f17f8702000-7f17f882d000 rw-p 00000000 00:00 0 
7f17f882d000-7f17f8838000 rw-p 00000000 00:00 0 
7f17f8838000-7f17f88cd000 rw-p 00000000 00:00 0 
7f17f88cd000-7f17f88d8000 rw-p 00000000 00:00 0 
7f17f88d8000-7f17f898e000 rw-p 00000000 00:00 0 
7f17f898e000-7f17f89a8000 r-xp 00000000 08:07 1836101                    /usr/lib/jvm/jdk1.7.0_51/jre/lib/amd64/libzip.so
7f17f89a8000-7f17f8ba8000 ---p 0001a000 08:07 1836101                    /usr/lib/jvm/jdk1.7.0_51/jre/lib/amd64/libzip.so
7f17f8ba8000-7f17f8ba9000 rw-p 0001a000 08:07 1836101                    /usr/lib/jvm/jdk1.7.0_51/jre/lib/amd64/libzip.so
7f17f8ba9000-7f17f8bb4000 r-xp 00000000 08:07 2364559                    /lib/x86_64-linux-gnu/libnss_files-2.23.so
7f17f8bb4000-7f17f8db3000 ---p 0000b000 08:07 2364559                    /lib/x86_64-linux-gnu/libnss_files-2.23.so
7f17f8db3000-7f17f8db4000 r--p 0000a000 08:07 2364559                    /lib/x86_64-linux-gnu/libnss_files-2.23.so
7f17f8db4000-7f17f8db5000 rw-p 0000b000 08:07 2364559                    /lib/x86_64-linux-gnu/libnss_files-2.23.so
7f17f8db5000-7f17f8dbb000 rw-p 00000000 00:00 0 
7f17f8dbb000-7f17f8dc6000 r-xp 00000000 08:07 2364569                    /lib/x86_64-linux-gnu/libnss_nis-2.23.so
7f17f8dc6000-7f17f8fc5000 ---p 0000b000 08:07 2364569                    /lib/x86_64-linux-gnu/libnss_nis-2.23.so
7f17f8fc5000-7f17f8fc6000 r--p 0000a000 08:07 2364569                    /lib/x86_64-linux-gnu/libnss_nis-2.23.so
7f17f8fc6000-7f17f8fc7000 rw-p 0000b000 08:07 2364569                    /lib/x86_64-linux-gnu/libnss_nis-2.23.so
7f17f8fc7000-7f17f8fdd000 r-xp 00000000 08:07 2364553                    /lib/x86_64-linux-gnu/libnsl-2.23.so
7f17f8fdd000-7f17f91dc000 ---p 00016000 08:07 2364553                    /lib/x86_64-linux-gnu/libnsl-2.23.so
7f17f91dc000-7f17f91dd000 r--p 00015000 08:07 2364553                    /lib/x86_64-linux-gnu/libnsl-2.23.so
7f17f91dd000-7f17f91de000 rw-p 00016000 08:07 2364553                    /lib/x86_64-linux-gnu/libnsl-2.23.so
7f17f91de000-7f17f91e0000 rw-p 00000000 00:00 0 
7f17f91e0000-7f17f91e8000 r-xp 00000000 08:07 2364555                    /lib/x86_64-linux-gnu/libnss_compat-2.23.so
7f17f91e8000-7f17f93e7000 ---p 00008000 08:07 2364555                    /lib/x86_64-linux-gnu/libnss_compat-2.23.so
7f17f93e7000-7f17f93e8000 r--p 00007000 08:07 2364555                    /lib/x86_64-linux-gnu/libnss_compat-2.23.so
7f17f93e8000-7f17f93e9000 rw-p 00008000 08:07 2364555                    /lib/x86_64-linux-gnu/libnss_compat-2.23.so
7f17f93e9000-7f17f9412000 r-xp 00000000 08:07 1836085                    /usr/lib/jvm/jdk1.7.0_51/jre/lib/amd64/libjava.so
7f17f9412000-7f17f9612000 ---p 00029000 08:07 1836085                    /usr/lib/jvm/jdk1.7.0_51/jre/lib/amd64/libjava.so
7f17f9612000-7f17f9614000 rw-p 00029000 08:07 1836085                    /usr/lib/jvm/jdk1.7.0_51/jre/lib/amd64/libjava.so
7f17f9614000-7f17f9621000 r-xp 00000000 08:07 1836083                    /usr/lib/jvm/jdk1.7.0_51/jre/lib/amd64/libverify.so
7f17f9621000-7f17f9820000 ---p 0000d000 08:07 1836083                    /usr/lib/jvm/jdk1.7.0_51/jre/lib/amd64/libverify.so
7f17f9820000-7f17f9822000 rw-p 0000c000 08:07 1836083                    /usr/lib/jvm/jdk1.7.0_51/jre/lib/amd64/libverify.so
7f17f9822000-7f17f9829000 r-xp 00000000 08:07 2364614                    /lib/x86_64-linux-gnu/librt-2.23.so
7f17f9829000-7f17f9a28000 ---p 00007000 08:07 2364614                    /lib/x86_64-linux-gnu/librt-2.23.so
7f17f9a28000-7f17f9a29000 r--p 00006000 08:07 2364614                    /lib/x86_64-linux-gnu/librt-2.23.so
7f17f9a29000-7f17f9a2a000 rw-p 00007000 08:07 2364614                    /lib/x86_64-linux-gnu/librt-2.23.so
7f17f9a2a000-7f17f9a2d000 ---p 00000000 00:00 0 
7f17f9a2d000-7f17f9b2b000 rw-p 00000000 00:00 0 
7f17f9b2b000-7f17f9c33000 r-xp 00000000 08:07 2364530                    /lib/x86_64-linux-gnu/libm-2.23.so
7f17f9c33000-7f17f9e32000 ---p 00108000 08:07 2364530                    /lib/x86_64-linux-gnu/libm-2.23.so
7f17f9e32000-7f17f9e33000 r--p 00107000 08:07 2364530                    /lib/x86_64-linux-gnu/libm-2.23.so
7f17f9e33000-7f17f9e34000 rw-p 00108000 08:07 2364530                    /lib/x86_64-linux-gnu/libm-2.23.so
7f17f9e34000-7f17fa996000 r-xp 00000000 08:07 1836091                    /usr/lib/jvm/jdk1.7.0_51/jre/lib/amd64/server/libjvm.so
7f17fa996000-7f17fab96000 ---p 00b62000 08:07 1836091                    /usr/lib/jvm/jdk1.7.0_51/jre/lib/amd64/server/libjvm.so
7f17fab96000-7f17fac59000 rw-p 00b62000 08:07 1836091                    /usr/lib/jvm/jdk1.7.0_51/jre/lib/amd64/server/libjvm.so
7f17fac59000-7f17fac9a000 rw-p 00000000 00:00 0 
7f17fac9a000-7f17fae5a000 r-xp 00000000 08:07 2364460                    /lib/x86_64-linux-gnu/libc-2.23.so
7f17fae5a000-7f17fb059000 ---p 001c0000 08:07 2364460                    /lib/x86_64-linux-gnu/libc-2.23.so
7f17fb059000-7f17fb05d000 r--p 001bf000 08:07 2364460                    /lib/x86_64-linux-gnu/libc-2.23.so
7f17fb05d000-7f17fb05f000 rw-p 001c3000 08:07 2364460                    /lib/x86_64-linux-gnu/libc-2.23.so
7f17fb05f000-7f17fb063000 rw-p 00000000 00:00 0 
7f17fb063000-7f17fb066000 r-xp 00000000 08:07 2364484                    /lib/x86_64-linux-gnu/libdl-2.23.so
7f17fb066000-7f17fb265000 ---p 00003000 08:07 2364484                    /lib/x86_64-linux-gnu/libdl-2.23.so
7f17fb265000-7f17fb266000 r--p 00002000 08:07 2364484                    /lib/x86_64-linux-gnu/libdl-2.23.so
7f17fb266000-7f17fb267000 rw-p 00003000 08:07 2364484                    /lib/x86_64-linux-gnu/libdl-2.23.so
7f17fb267000-7f17fb27d000 r-xp 00000000 08:07 1056839                    /usr/lib/jvm/jdk1.7.0_51/lib/amd64/jli/libjli.so
7f17fb27d000-7f17fb47d000 ---p 00016000 08:07 1056839                    /usr/lib/jvm/jdk1.7.0_51/lib/amd64/jli/libjli.so
7f17fb47d000-7f17fb47e000 rw-p 00016000 08:07 1056839                    /usr/lib/jvm/jdk1.7.0_51/lib/amd64/jli/libjli.so
7f17fb47e000-7f17fb496000 r-xp 00000000 08:07 2364606                    /lib/x86_64-linux-gnu/libpthread-2.23.so
7f17fb496000-7f17fb695000 ---p 00018000 08:07 2364606                    /lib/x86_64-linux-gnu/libpthread-2.23.so
7f17fb695000-7f17fb696000 r--p 00017000 08:07 2364606                    /lib/x86_64-linux-gnu/libpthread-2.23.so
7f17fb696000-7f17fb697000 rw-p 00018000 08:07 2364606                    /lib/x86_64-linux-gnu/libpthread-2.23.so
7f17fb697000-7f17fb69b000 rw-p 00000000 00:00 0 
7f17fb69b000-7f17fb6c1000 r-xp 00000000 08:07 2364432                    /lib/x86_64-linux-gnu/ld-2.23.so
7f17fb6c1000-7f17fb6c2000 r--s 00000000 08:07 2890680                    /var/cache/fontconfig/30829fa25452a46451e813d634d7f916-le64.cache-6
7f17fb6c2000-7f17fb6c9000 r--s 00000000 08:07 3016614                    /usr/lib/x86_64-linux-gnu/gconv/gconv-modules.cache
7f17fb6c9000-7f17fb6cb000 r--s 0000d000 08:08 3412122                    /home/kcrez/Documentos/JavaDuino/library/rxtx2.1/RXTXcomm.jar
7f17fb6cb000-7f17fb6cd000 r--s 0000d000 08:07 1835127                    /usr/lib/jvm/jdk1.7.0_51/jre/lib/ext/RXTXcomm.jar
7f17fb6cd000-7f17fb721000 rw-p 00000000 00:00 0 
7f17fb721000-7f17fb73f000 rw-p 00000000 00:00 0 
7f17fb73f000-7f17fb743000 rw-p 00000000 00:00 0 
7f17fb743000-7f17fb787000 r-xp 00000000 08:07 1052366                    /opt/eset/esets/lib/libesets_pac.so
7f17fb787000-7f17fb887000 ---p 00044000 08:07 1052366                    /opt/eset/esets/lib/libesets_pac.so
7f17fb887000-7f17fb88a000 rw-p 00044000 08:07 1052366                    /opt/eset/esets/lib/libesets_pac.so
7f17fb88a000-7f17fb89d000 rw-p 00000000 00:00 0 
7f17fb89d000-7f17fb89e000 r--s 00000000 08:07 2890674                    /var/cache/fontconfig/0c9eb80ebd1c36541ebe2852d3bb0c49-le64.cache-6
7f17fb89e000-7f17fb8b3000 rw-p 00000000 00:00 0 
7f17fb8b3000-7f17fb8bb000 rw-s 00000000 08:07 2097294                    /tmp/hsperfdata_kcrez/7583
7f17fb8bb000-7f17fb8bc000 rw-p 00000000 00:00 0 
7f17fb8bc000-7f17fb8bd000 r--p 00000000 00:00 0 
7f17fb8bd000-7f17fb8c0000 rw-p 00000000 00:00 0 
7f17fb8c0000-7f17fb8c1000 r--p 00025000 08:07 2364432                    /lib/x86_64-linux-gnu/ld-2.23.so
7f17fb8c1000-7f17fb8c2000 rw-p 00026000 08:07 2364432                    /lib/x86_64-linux-gnu/ld-2.23.so
7f17fb8c2000-7f17fb8c3000 rw-p 00000000 00:00 0 
7ffe7d4b6000-7ffe7d4d7000 rw-p 00000000 00:00 0                          [stack]
7ffe7d5b9000-7ffe7d5bb000 r--p 00000000 00:00 0                          [vvar]
7ffe7d5bb000-7ffe7d5bd000 r-xp 00000000 00:00 0                          [vdso]
ffffffffff600000-ffffffffff601000 r-xp 00000000 00:00 0                  [vsyscall]

VM Arguments:
jvm_args: -Dfile.encoding=UTF-8 -Djava.library.path=/home/kcrez/Documentos/JavaDuino/library/rxtx2.1 
java_command: PPD_Frame
Launcher Type: SUN_STANDARD

Environment Variables:
PATH=/usr/local/sbin:/usr/local/bin:/usr/sbin:/usr/bin:/sbin:/bin:/usr/games:/usr/local/games:/snap/bin
LD_LIBRARY_PATH=/usr/lib/jvm/jdk1.7.0_51/jre/lib/amd64:/usr/lib/jvm/jdk1.7.0_51/jre/lib/i386:
SHELL=/bin/bash
DISPLAY=:0

Signal Handlers:
SIGSEGV: [libjvm.so+0x993870], sa_mask[0]=0x7ffbfeff, sa_flags=0x10000004
SIGBUS: [libjvm.so+0x993870], sa_mask[0]=0x7ffbfeff, sa_flags=0x10000004
SIGFPE: [libjvm.so+0x8105b0], sa_mask[0]=0x7ffbfeff, sa_flags=0x10000004
SIGPIPE: [libjvm.so+0x8105b0], sa_mask[0]=0x7ffbfeff, sa_flags=0x10000004
SIGXFSZ: [libjvm.so+0x8105b0], sa_mask[0]=0x7ffbfeff, sa_flags=0x10000004
SIGILL: [libjvm.so+0x8105b0], sa_mask[0]=0x7ffbfeff, sa_flags=0x10000004
SIGUSR1: SIG_DFL, sa_mask[0]=0x00000000, sa_flags=0x00000000
SIGUSR2: [libjvm.so+0x811aa0], sa_mask[0]=0x00000004, sa_flags=0x10000004
SIGHUP: [libjvm.so+0x812a10], sa_mask[0]=0x7ffbfeff, sa_flags=0x10000004
SIGINT: SIG_IGN, sa_mask[0]=0x00000000, sa_flags=0x00000000
SIGTERM: [libjvm.so+0x812a10], sa_mask[0]=0x7ffbfeff, sa_flags=0x10000004
SIGQUIT: [libjvm.so+0x812a10], sa_mask[0]=0x7ffbfeff, sa_flags=0x10000004


---------------  S Y S T E M  ---------------

OS:stretch/sid

uname:Linux 4.4.0-22-generic #40-Ubuntu SMP Thu May 12 22:03:46 UTC 2016 x86_64
libc:glibc 2.23 NPTL 2.23 
rlimit: STACK 8192k, CORE 0k, NPROC 15146, NOFILE 65536, AS infinity
load average:0.25 0.28 0.34

/proc/meminfo:
MemTotal:        3916240 kB
MemFree:          320156 kB
MemAvailable:    1231292 kB
Buffers:           94924 kB
Cached:           968192 kB
SwapCached:          700 kB
Active:          2284260 kB
Inactive:        1055728 kB
Active(anon):    1855476 kB
Inactive(anon):   686796 kB
Active(file):     428784 kB
Inactive(file):   368932 kB
Unevictable:          48 kB
Mlocked:              48 kB
SwapTotal:       7812088 kB
SwapFree:        7779148 kB
Dirty:               264 kB
Writeback:             0 kB
AnonPages:       2276540 kB
Mapped:           328516 kB
Shmem:            265180 kB
Slab:             177024 kB
SReclaimable:     142652 kB
SUnreclaim:        34372 kB
KernelStack:       10080 kB
PageTables:        34092 kB
NFS_Unstable:          0 kB
Bounce:                0 kB
WritebackTmp:          0 kB
CommitLimit:     9770208 kB
Committed_AS:    6767052 kB
VmallocTotal:   34359738367 kB
VmallocUsed:           0 kB
VmallocChunk:          0 kB
HardwareCorrupted:     0 kB
AnonHugePages:   1300480 kB
CmaTotal:              0 kB
CmaFree:               0 kB
HugePages_Total:       0
HugePages_Free:        0
HugePages_Rsvd:        0
HugePages_Surp:        0
Hugepagesize:       2048 kB
DirectMap4k:      123676 kB
DirectMap2M:     3940352 kB
DirectMap1G:           0 kB


CPU:total 4 (2 cores per cpu, 2 threads per core) family 6 model 60 stepping 3, cmov, cx8, fxsr, mmx, sse, sse2, sse3, ssse3, sse4.1, sse4.2, popcnt, avx, avx2, aes, erms, ht, tsc, tscinvbit

/proc/cpuinfo:
processor	: 0
vendor_id	: GenuineIntel
cpu family	: 6
model		: 60
model name	: Intel(R) Core(TM) i3-4170 CPU @ 3.70GHz
stepping	: 3
microcode	: 0x1e
cpu MHz		: 3699.855
cache size	: 3072 KB
physical id	: 0
siblings	: 4
core id		: 0
cpu cores	: 2
apicid		: 0
initial apicid	: 0
fpu		: yes
fpu_exception	: yes
cpuid level	: 13
wp		: yes
flags		: fpu vme de pse tsc msr pae mce cx8 apic sep mtrr pge mca cmov pat pse36 clflush dts acpi mmx fxsr sse sse2 ss ht tm pbe syscall nx pdpe1gb rdtscp lm constant_tsc arch_perfmon pebs bts rep_good nopl xtopology nonstop_tsc aperfmperf eagerfpu pni pclmulqdq dtes64 monitor ds_cpl vmx est tm2 ssse3 sdbg fma cx16 xtpr pdcm pcid sse4_1 sse4_2 movbe popcnt tsc_deadline_timer aes xsave avx f16c rdrand lahf_lm abm epb tpr_shadow vnmi flexpriority ept vpid fsgsbase tsc_adjust bmi1 avx2 smep bmi2 erms invpcid xsaveopt dtherm arat pln pts
bugs		:
bogomips	: 7382.73
clflush size	: 64
cache_alignment	: 64
address sizes	: 39 bits physical, 48 bits virtual
power management:

processor	: 1
vendor_id	: GenuineIntel
cpu family	: 6
model		: 60
model name	: Intel(R) Core(TM) i3-4170 CPU @ 3.70GHz
stepping	: 3
microcode	: 0x1e
cpu MHz		: 3700.000
cache size	: 3072 KB
physical id	: 0
siblings	: 4
core id		: 1
cpu cores	: 2
apicid		: 2
initial apicid	: 2
fpu		: yes
fpu_exception	: yes
cpuid level	: 13
wp		: yes
flags		: fpu vme de pse tsc msr pae mce cx8 apic sep mtrr pge mca cmov pat pse36 clflush dts acpi mmx fxsr sse sse2 ss ht tm pbe syscall nx pdpe1gb rdtscp lm constant_tsc arch_perfmon pebs bts rep_good nopl xtopology nonstop_tsc aperfmperf eagerfpu pni pclmulqdq dtes64 monitor ds_cpl vmx est tm2 ssse3 sdbg fma cx16 xtpr pdcm pcid sse4_1 sse4_2 movbe popcnt tsc_deadline_timer aes xsave avx f16c rdrand lahf_lm abm epb tpr_shadow vnmi flexpriority ept vpid fsgsbase tsc_adjust bmi1 avx2 smep bmi2 erms invpcid xsaveopt dtherm arat pln pts
bugs		:
bogomips	: 7382.73
clflush size	: 64
cache_alignment	: 64
address sizes	: 39 bits physical, 48 bits virtual
power management:

processor	: 2
vendor_id	: GenuineIntel
cpu family	: 6
model		: 60
model name	: Intel(R) Core(TM) i3-4170 CPU @ 3.70GHz
stepping	: 3
microcode	: 0x1e
cpu MHz		: 3700.000
cache size	: 3072 KB
physical id	: 0
siblings	: 4
core id		: 0
cpu cores	: 2
apicid		: 1
initial apicid	: 1
fpu		: yes
fpu_exception	: yes
cpuid level	: 13
wp		: yes
flags		: fpu vme de pse tsc msr pae mce cx8 apic sep mtrr pge mca cmov pat pse36 clflush dts acpi mmx fxsr sse sse2 ss ht tm pbe syscall nx pdpe1gb rdtscp lm constant_tsc arch_perfmon pebs bts rep_good nopl xtopology nonstop_tsc aperfmperf eagerfpu pni pclmulqdq dtes64 monitor ds_cpl vmx est tm2 ssse3 sdbg fma cx16 xtpr pdcm pcid sse4_1 sse4_2 movbe popcnt tsc_deadline_timer aes xsave avx f16c rdrand lahf_lm abm epb tpr_shadow vnmi flexpriority ept vpid fsgsbase tsc_adjust bmi1 avx2 smep bmi2 erms invpcid xsaveopt dtherm arat pln pts
bugs		:
bogomips	: 7382.73
clflush size	: 64
cache_alignment	: 64
address sizes	: 39 bits physical, 48 bits virtual
power management:

processor	: 3
vendor_id	: GenuineIntel
cpu family	: 6
model		: 60
model name	: Intel(R) Core(TM) i3-4170 CPU @ 3.70GHz
stepping	: 3
microcode	: 0x1e
cpu MHz		: 3699.855
cache size	: 3072 KB
physical id	: 0
siblings	: 4
core id		: 1
cpu cores	: 2
apicid		: 3
initial apicid	: 3
fpu		: yes
fpu_exception	: yes
cpuid level	: 13
wp		: yes
flags		: fpu vme de pse tsc msr pae mce cx8 apic sep mtrr pge mca cmov pat pse36 clflush dts acpi mmx fxsr sse sse2 ss ht tm pbe syscall nx pdpe1gb rdtscp lm constant_tsc arch_perfmon pebs bts rep_good nopl xtopology nonstop_tsc aperfmperf eagerfpu pni pclmulqdq dtes64 monitor ds_cpl vmx est tm2 ssse3 sdbg fma cx16 xtpr pdcm pcid sse4_1 sse4_2 movbe popcnt tsc_deadline_timer aes xsave avx f16c rdrand lahf_lm abm epb tpr_shadow vnmi flexpriority ept vpid fsgsbase tsc_adjust bmi1 avx2 smep bmi2 erms invpcid xsaveopt dtherm arat pln pts
bugs		:
bogomips	: 7382.73
clflush size	: 64
cache_alignment	: 64
address sizes	: 39 bits physical, 48 bits virtual
power management:



Memory: 4k page, physical 3916240k(320156k free), swap 7812088k(7779148k free)

vm_info: Java HotSpot(TM) 64-Bit Server VM (24.51-b03) for linux-amd64 JRE (1.7.0_51-b13), built on Dec 18 2013 18:48:01 by "java_re" with gcc 4.3.0 20080428 (Red Hat 4.3.0-8)

time: Sun Jul 31 17:16:06 2016
elapsed time: 0 seconds

