#
# A fatal error has been detected by the Java Runtime Environment:
#
#  SIGSEGV (0xb) at pc=0x00007f0dbfa78462, pid=6389, tid=139697026701056
#
# JRE version: Java(TM) SE Runtime Environment (7.0_51-b13) (build 1.7.0_51-b13)
# Java VM: Java HotSpot(TM) 64-Bit Server VM (24.51-b03 mixed mode linux-amd64 compressed oops)
# Problematic frame:
# C  [librxtxSerial.so+0x6462]  read_byte_array+0x52
#
# Failed to write core dump. Core dumps have been disabled. To enable core dumping, try "ulimit -c unlimited" before starting Java again
#
# If you would like to submit a bug report, please visit:
#   http://bugreport.sun.com/bugreport/crash.jsp
# The crash happened outside the Java Virtual Machine in native code.
# See problematic frame for where to report the bug.
#

---------------  T H R E A D  ---------------

Current thread (0x00007f0dc4126000):  JavaThread "Thread-0" [_thread_in_native, id=6420, stack(0x00007f0dbf971000,0x00007f0dbfa72000)]

siginfo:si_signo=SIGSEGV: si_errno=0, si_code=1 (SEGV_MAPERR), si_addr=0xffffffffbfa707f8

Registers:
RAX=0xffffffffbfa707f0, RBX=0xffffffffffffffff, RCX=0x0000000000000001, RDX=0x00007f0e1d7c9a50
RSP=0x00007f0dbfa6fc60, RBP=0x00007f0dc41261e8, RSI=0x00007f0dbfa7be30, RDI=0x00007f0dbfa7bd3e
R8 =0x00007f0dbfa6fbd0, R9 =0x00000000ffffffff, R10=0x0000000000000049, R11=0x00007f0dbfa78410
R12=0x00000000ffffffff, R13=0x0000000000000000, R14=0x000000000000001d, R15=0x0000000000000000
RIP=0x00007f0dbfa78462, EFLAGS=0x0000000000010202, CSGSFS=0x0000000000000033, ERR=0x0000000000000005
  TRAPNO=0x000000000000000e

Top of Stack: (sp=0x00007f0dbfa6fc60)
0x00007f0dbfa6fc60:   ff0000000000ff00 0000000000000000
0x00007f0dbfa6fc70:   0000000000000000 0000000000000000
0x00007f0dbfa6fc80:   0000000000000014 ffffffffbfa707f0
0x00007f0dbfa6fc90:   0000000000000000 0000000000000000
0x00007f0dbfa6fca0:   0000000000000000 000000f500000000
0x00007f0dbfa6fcb0:   00007f0db40016b0 0000001d00000000
0x00007f0dbfa6fcc0:   0000000000000000 0000000000000000
0x00007f0dbfa6fcd0:   0000000000000000 0000000000000000
0x00007f0dbfa6fce0:   00007f0dc4126000 0000000000000700
0x00007f0dbfa6fcf0:   0000000000002000 0000000000000000
0x00007f0dbfa6fd00:   000000000000001d 0000000000000000
0x00007f0dbfa6fd10:   00007f0dbfa6fd40 00007f0e1cc3cdac
0x00007f0dbfa6fd20:   00007f0db40016b0 00007f0db40016b0
0x00007f0dbfa6fd30:   000000000000001d 00007f0dbfa6fda0
0x00007f0dbfa6fd40:   00007f0dc41261e8 00000000000000f5
0x00007f0dbfa6fd50:   00000000ffffffff ffffffffffffffff
0x00007f0dbfa6fd60:   00007f0dc41261e8 00007f0db40016b0
0x00007f0dbfa6fd70:   00000000000000f5 000000000000001d
0x00007f0dbfa6fd80:   0000000000000000 00007f0dbfa788a1
0x00007f0dbfa6fd90:   00007f0dc4126000 00007f0dbfa6fe70
0x00007f0dbfa6fda0:   00007f0dbfa6fe78 00000000bfb2ecd8
0x00007f0dbfa6fdb0:   00007f0dbfa6fe40 0000000000000000
0x00007f0dbfa6fdc0:   00000000bfb2ecd0 00007f0dbfa6fe78
0x00007f0dbfa6fdd0:   00007f0dc4126000 00007f0e13595af9
0x00007f0dbfa6fde0:   00007f0ddc06e198 00007f0dbfa6fe78
0x00007f0dbfa6fdf0:   00007f0dc4126000 000000f5000000b6
0x00007f0dbfa6fe00:   00007f0dbfa6fe00 00000000bfb2ecd0
0x00007f0dbfa6fe10:   00007f0dbfa6fe78 00000000bfb42c10
0x00007f0dbfa6fe20:   0000000000000000 00000000bfb2ecd8
0x00007f0dbfa6fe30:   0000000000000000 00007f0dbfa6fe60
0x00007f0dbfa6fe40:   00007f0dbfa6fed0 00007f0e13583254
0x00007f0dbfa6fe50:   0000000000000000 00007f0e1358ff36 

Instructions: (pc=0x00007f0dbfa78462)
0x00007f0dbfa78442:   89 44 24 4c 48 c7 44 24 40 00 00 00 00 48 c7 44
0x00007f0dbfa78452:   24 38 00 00 00 00 e8 53 d7 ff ff 48 89 44 24 28
0x00007f0dbfa78462:   8b 40 08 45 85 e4 48 8b 54 24 28 44 8b 7c 24 4c
0x00007f0dbfa78472:   89 44 24 34 c7 42 08 00 00 00 00 78 0c 31 c0 e8 

Register to memory mapping:

RAX=0xffffffffbfa707f0 is an unknown value
RBX=0xffffffffffffffff is an unknown value
RCX=0x0000000000000001 is an unknown value
RDX=0x00007f0e1d7c9a50: <offset 0xe37a50> in /usr/lib/jvm/jdk1.7.0_51/jre/lib/amd64/server/libjvm.so at 0x00007f0e1c992000
RSP=0x00007f0dbfa6fc60 is pointing into the stack for thread: 0x00007f0dc4126000
RBP=0x00007f0dc41261e8 is an unknown value
RSI=0x00007f0dbfa7be30: <offset 0x9e30> in /usr/lib/jvm/jdk1.7.0_51/jre/lib/amd64/librxtxSerial.so at 0x00007f0dbfa72000
RDI=0x00007f0dbfa7bd3e: <offset 0x9d3e> in /usr/lib/jvm/jdk1.7.0_51/jre/lib/amd64/librxtxSerial.so at 0x00007f0dbfa72000
R8 =0x00007f0dbfa6fbd0 is pointing into the stack for thread: 0x00007f0dc4126000
R9 =0x00000000ffffffff is an unallocated location in the heap
R10=0x0000000000000049 is an unknown value
R11=0x00007f0dbfa78410: read_byte_array+0 in /usr/lib/jvm/jdk1.7.0_51/jre/lib/amd64/librxtxSerial.so at 0x00007f0dbfa72000
R12=0x00000000ffffffff is an unallocated location in the heap
R13=0x0000000000000000 is an unknown value
R14=0x000000000000001d is an unknown value
R15=0x0000000000000000 is an unknown value


Stack: [0x00007f0dbf971000,0x00007f0dbfa72000],  sp=0x00007f0dbfa6fc60,  free space=1019k
Native frames: (J=compiled Java code, j=interpreted, Vv=VM code, C=native code)
C  [librxtxSerial.so+0x6462]  read_byte_array+0x52

Java frames: (J=compiled Java code, j=interpreted, Vv=VM code)
j  gnu.io.RXTXPort.readArray([BII)I+0
j  gnu.io.RXTXPort$SerialInputStream.read([BII)I+187
j  sun.nio.cs.StreamDecoder.readBytes()I+135
j  sun.nio.cs.StreamDecoder.implRead([CII)I+112
j  sun.nio.cs.StreamDecoder.read([CII)I+180
j  java.io.InputStreamReader.read([CII)I+7
j  java.io.BufferedReader.fill()V+145
j  java.io.BufferedReader.read()I+23
j  PPD_Frame.serialEvent(Lgnu/io/SerialPortEvent;)V+24
j  gnu.io.RXTXPort.sendEvent(IZ)Z+382
v  ~StubRoutines::call_stub
j  gnu.io.RXTXPort.eventLoop()V+0
j  gnu.io.RXTXPort$MonitorThread.run()V+12
v  ~StubRoutines::call_stub

---------------  P R O C E S S  ---------------

Java Threads: ( => current thread )
=>0x00007f0dc4126000 JavaThread "Thread-0" [_thread_in_native, id=6420, stack(0x00007f0dbf971000,0x00007f0dbfa72000)]
  0x00007f0dc4003800 JavaThread "org.netbeans.modules.debugger.jpda.visual AWT Access Loop" daemon [_thread_blocked, id=6418, stack(0x00007f0dbfeff000,0x00007f0dc0000000)]
  0x00007f0e1800d800 JavaThread "DestroyJavaVM" [_thread_blocked, id=6394, stack(0x00007f0e1c588000,0x00007f0e1c689000)]
  0x00007f0e18240000 JavaThread "AWT-EventQueue-0" [_thread_blocked, id=6417, stack(0x00007f0e001fa000,0x00007f0e002fb000)]
  0x00007f0e1826f800 JavaThread "AWT-Shutdown" [_thread_blocked, id=6416, stack(0x00007f0e002fb000,0x00007f0e003fc000)]
  0x00007f0e181c5800 JavaThread "AWT-XAWT" daemon [_thread_in_native, id=6415, stack(0x00007f0e00fb4000,0x00007f0e010b5000)]
  0x00007f0e181a2800 JavaThread "Java2D Disposer" daemon [_thread_blocked, id=6414, stack(0x00007f0e014c5000,0x00007f0e015c6000)]
  0x00007f0e180a9000 JavaThread "Service Thread" daemon [_thread_blocked, id=6412, stack(0x00007f0e02dcb000,0x00007f0e02ecc000)]
  0x00007f0e180a6800 JavaThread "C2 CompilerThread1" daemon [_thread_blocked, id=6411, stack(0x00007f0e02ecc000,0x00007f0e02fcd000)]
  0x00007f0e180a3800 JavaThread "C2 CompilerThread0" daemon [_thread_blocked, id=6410, stack(0x00007f0e02fcd000,0x00007f0e030ce000)]
  0x00007f0dec001000 JavaThread "JDWP Command Reader" daemon [_thread_in_native, id=6405, stack(0x00007f0e030ce000,0x00007f0e031cf000)]
  0x00007f0e180a1800 JavaThread "JDWP Event Helper Thread" daemon [_thread_blocked, id=6404, stack(0x00007f0e031cf000,0x00007f0e032d0000)]
  0x00007f0e1809e000 JavaThread "JDWP Transport Listener: dt_socket" daemon [_thread_blocked, id=6403, stack(0x00007f0e032d0000,0x00007f0e033d1000)]
  0x00007f0e18090800 JavaThread "Signal Dispatcher" daemon [_thread_blocked, id=6402, stack(0x00007f0e035d5000,0x00007f0e036d6000)]
  0x00007f0e18073000 JavaThread "Finalizer" daemon [_thread_blocked, id=6401, stack(0x00007f0e036d6000,0x00007f0e037d7000)]
  0x00007f0e1806f000 JavaThread "Reference Handler" daemon [_thread_blocked, id=6400, stack(0x00007f0e037d7000,0x00007f0e038d8000)]

Other Threads:
  0x00007f0e1806c800 VMThread [stack: 0x00007f0e038d8000,0x00007f0e039d9000] [id=6399]
  0x00007f0e180b3800 WatcherThread [stack: 0x00007f0e02cca000,0x00007f0e02dcb000] [id=6413]

VM state:not at safepoint (normal execution)

VM Mutex/Monitor currently owned by a thread: None

Heap
 PSYoungGen      total 17920K, used 9225K [0x00000000ec080000, 0x00000000ed480000, 0x0000000100000000)
  eden space 15360K, 60% used [0x00000000ec080000,0x00000000ec9824c0,0x00000000ecf80000)
  from space 2560K, 0% used [0x00000000ed200000,0x00000000ed200000,0x00000000ed480000)
  to   space 2560K, 0% used [0x00000000ecf80000,0x00000000ecf80000,0x00000000ed200000)
 ParOldGen       total 40448K, used 0K [0x00000000c4200000, 0x00000000c6980000, 0x00000000ec080000)
  object space 40448K, 0% used [0x00000000c4200000,0x00000000c4200000,0x00000000c6980000)
 PSPermGen       total 21504K, used 12033K [0x00000000bf000000, 0x00000000c0500000, 0x00000000c4200000)
  object space 21504K, 55% used [0x00000000bf000000,0x00000000bfbc0580,0x00000000c0500000)

Card table byte_map: [0x00007f0e13374000,0x00007f0e1357d000] byte_map_base: 0x00007f0e12d7c000

Polling page: 0x00007f0e1e41a000

Code Cache  [0x00007f0e1357d000, 0x00007f0e137ed000, 0x00007f0e1657d000)
 total_blobs=515 nmethods=49 adapters=427 free_code_cache=48469Kb largest_free_block=49610048

Compilation events (10 events):
Event: 0.954 Thread 0x00007f0e180a6800 nmethod 45 0x00007f0e13617490 code [0x00007f0e136175e0, 0x00007f0e13617718]
Event: 0.954 Thread 0x00007f0e180a6800   46             javax.swing.plaf.nimbus.EffectUtils::blur (157 bytes)
Event: 0.956 Thread 0x00007f0e180a3800 nmethod 43 0x00007f0e13613250 code [0x00007f0e136133c0, 0x00007f0e13613818]
Event: 0.967 Thread 0x00007f0e180a6800 nmethod 46 0x00007f0e13618090 code [0x00007f0e13618220, 0x00007f0e13618a38]
Event: 0.976 Thread 0x00007f0e180a3800   47             java.awt.MultipleGradientPaintContext::indexIntoGradientsArrays (190 bytes)
Event: 0.985 Thread 0x00007f0e180a3800 nmethod 47 0x00007f0e1362acd0 code [0x00007f0e1362aea0, 0x00007f0e1362b498]
Event: 0.985 Thread 0x00007f0e180a3800   48             java.awt.MultipleGradientPaintContext::interpolate (202 bytes)
Event: 0.988 Thread 0x00007f0e180a6800   49             java.awt.LinearGradientPaintContext::fillRaster (97 bytes)
Event: 0.992 Thread 0x00007f0e180a6800 nmethod 49 0x00007f0e136291d0 code [0x00007f0e13629320, 0x00007f0e13629648]
Event: 0.994 Thread 0x00007f0e180a3800 nmethod 48 0x00007f0e13619990 code [0x00007f0e13619b40, 0x00007f0e1361a138]

GC Heap History (0 events):
No events

Deoptimization events (0 events):
No events

Internal exceptions (10 events):
Event: 0.639 Thread 0x00007f0e18240000 Threw 0x00000000ec3defb8 at /HUDSON/workspace/7u-2-build-linux-amd64@2/jdk7u51/527/hotspot/src/share/vm/prims/jvm.cpp:1244
Event: 0.639 Thread 0x00007f0e18240000 Threw 0x00000000ec3e06d0 at /HUDSON/workspace/7u-2-build-linux-amd64@2/jdk7u51/527/hotspot/src/share/vm/prims/jvm.cpp:1244
Event: 0.640 Thread 0x00007f0e18240000 Threw 0x00000000ec3e4210 at /HUDSON/workspace/7u-2-build-linux-amd64@2/jdk7u51/527/hotspot/src/share/vm/prims/jvm.cpp:1244
Event: 0.640 Thread 0x00007f0e18240000 Threw 0x00000000ec3e5928 at /HUDSON/workspace/7u-2-build-linux-amd64@2/jdk7u51/527/hotspot/src/share/vm/prims/jvm.cpp:1244
Event: 0.750 Thread 0x00007f0e18240000 Threw 0x00000000ec568368 at /HUDSON/workspace/7u-2-build-linux-amd64@2/jdk7u51/527/hotspot/src/share/vm/prims/jvm.cpp:1244
Event: 0.751 Thread 0x00007f0e18240000 Threw 0x00000000ec569f38 at /HUDSON/workspace/7u-2-build-linux-amd64@2/jdk7u51/527/hotspot/src/share/vm/prims/jvm.cpp:1244
Event: 0.854 Thread 0x00007f0e18240000 Threw 0x00000000ec876b18 at /HUDSON/workspace/7u-2-build-linux-amd64@2/jdk7u51/527/hotspot/src/share/vm/prims/jni.cpp:717
Event: 0.870 Thread 0x00007f0e18240000 Threw 0x00000000ec889da0 at /HUDSON/workspace/7u-2-build-linux-amd64@2/jdk7u51/527/hotspot/src/share/vm/prims/jni.cpp:717
Event: 0.872 Thread 0x00007f0e18240000 Threw 0x00000000ec89b758 at /HUDSON/workspace/7u-2-build-linux-amd64@2/jdk7u51/527/hotspot/src/share/vm/prims/jni.cpp:717
Event: 0.889 Thread 0x00007f0e18240000 Threw 0x00000000ec8ae6d0 at /HUDSON/workspace/7u-2-build-linux-amd64@2/jdk7u51/527/hotspot/src/share/vm/prims/jni.cpp:717

Events (10 events):
Event: 6.664 Executing VM operation: GetOrSetLocal
Event: 6.664 Executing VM operation: GetOrSetLocal done
Event: 6.664 Executing VM operation: GetOrSetLocal
Event: 6.664 Executing VM operation: GetOrSetLocal done
Event: 7.280 Executing VM operation: GetOrSetLocal
Event: 7.280 Executing VM operation: GetOrSetLocal done
Event: 7.281 Executing VM operation: GetOrSetLocal
Event: 7.281 Executing VM operation: GetOrSetLocal done
Event: 7.281 Executing VM operation: GetOrSetLocal
Event: 7.281 Executing VM operation: GetOrSetLocal done


Dynamic libraries:
00400000-00401000 r-xp 00000000 08:07 937188                             /usr/lib/jvm/jdk1.7.0_51/bin/java
00600000-00601000 rw-p 00000000 08:07 937188                             /usr/lib/jvm/jdk1.7.0_51/bin/java
00bab000-00bcc000 rw-p 00000000 00:00 0                                  [heap]
bf000000-c0500000 rw-p 00000000 00:00 0 
c0500000-c4200000 rw-p 00000000 00:00 0 
c4200000-c6980000 rw-p 00000000 00:00 0 
c6980000-ec080000 rw-p 00000000 00:00 0 
ec080000-ed480000 rw-p 00000000 00:00 0 
ed480000-100000000 rw-p 00000000 00:00 0 
7f0db0000000-7f0db0076000 rw-p 00000000 00:00 0 
7f0db0076000-7f0db4000000 ---p 00000000 00:00 0 
7f0db4000000-7f0db4021000 rw-p 00000000 00:00 0 
7f0db4021000-7f0db8000000 ---p 00000000 00:00 0 
7f0db8000000-7f0db8021000 rw-p 00000000 00:00 0 
7f0db8021000-7f0dbc000000 ---p 00000000 00:00 0 
7f0dbf554000-7f0dbf57e000 r-xp 00000000 08:07 1836084                    /usr/lib/jvm/jdk1.7.0_51/jre/lib/amd64/libdcpr.so
7f0dbf57e000-7f0dbf77e000 ---p 0002a000 08:07 1836084                    /usr/lib/jvm/jdk1.7.0_51/jre/lib/amd64/libdcpr.so
7f0dbf77e000-7f0dbf781000 rw-p 0002a000 08:07 1836084                    /usr/lib/jvm/jdk1.7.0_51/jre/lib/amd64/libdcpr.so
7f0dbf781000-7f0dbf971000 rw-s 00000000 00:05 40206369                   /SYSV00000000 (deleted)
7f0dbf971000-7f0dbf974000 ---p 00000000 00:00 0 
7f0dbf974000-7f0dbfa72000 rw-p 00000000 00:00 0 
7f0dbfa72000-7f0dbfa7e000 r-xp 00000000 08:07 1835128                    /usr/lib/jvm/jdk1.7.0_51/jre/lib/amd64/librxtxSerial.so
7f0dbfa7e000-7f0dbfb7d000 ---p 0000c000 08:07 1835128                    /usr/lib/jvm/jdk1.7.0_51/jre/lib/amd64/librxtxSerial.so
7f0dbfb7d000-7f0dbfb7f000 rw-p 0000b000 08:07 1835128                    /usr/lib/jvm/jdk1.7.0_51/jre/lib/amd64/librxtxSerial.so
7f0dbfb7f000-7f0dbfb82000 ---p 00000000 00:00 0 
7f0dbfb82000-7f0dbfc80000 rw-p 00000000 00:00 0 
7f0dbfc80000-7f0dbfce8000 r-xp 00000000 08:07 1836082                    /usr/lib/jvm/jdk1.7.0_51/jre/lib/amd64/libt2k.so
7f0dbfce8000-7f0dbfee8000 ---p 00068000 08:07 1836082                    /usr/lib/jvm/jdk1.7.0_51/jre/lib/amd64/libt2k.so
7f0dbfee8000-7f0dbfeef000 rw-p 00068000 08:07 1836082                    /usr/lib/jvm/jdk1.7.0_51/jre/lib/amd64/libt2k.so
7f0dbfeef000-7f0dbfeff000 rw-p 00000000 00:00 0 
7f0dbfeff000-7f0dbff02000 ---p 00000000 00:00 0 
7f0dbff02000-7f0dc0000000 rw-p 00000000 00:00 0 
7f0dc0000000-7f0dc0021000 rw-p 00000000 00:00 0 
7f0dc0021000-7f0dc4000000 ---p 00000000 00:00 0 
7f0dc4000000-7f0dc412e000 rw-p 00000000 00:00 0 
7f0dc412e000-7f0dc8000000 ---p 00000000 00:00 0 
7f0dc8000000-7f0dc8021000 rw-p 00000000 00:00 0 
7f0dc8021000-7f0dcc000000 ---p 00000000 00:00 0 
7f0dcc000000-7f0dcc021000 rw-p 00000000 00:00 0 
7f0dcc021000-7f0dd0000000 ---p 00000000 00:00 0 
7f0dd0000000-7f0dd0021000 rw-p 00000000 00:00 0 
7f0dd0021000-7f0dd4000000 ---p 00000000 00:00 0 
7f0dd4000000-7f0dd4021000 rw-p 00000000 00:00 0 
7f0dd4021000-7f0dd8000000 ---p 00000000 00:00 0 
7f0dd8000000-7f0dd856a000 rw-p 00000000 00:00 0 
7f0dd856a000-7f0ddc000000 ---p 00000000 00:00 0 
7f0ddc000000-7f0ddc293000 rw-p 00000000 00:00 0 
7f0ddc293000-7f0de0000000 ---p 00000000 00:00 0 
7f0de0000000-7f0de002b000 rw-p 00000000 00:00 0 
7f0de002b000-7f0de4000000 ---p 00000000 00:00 0 
7f0de4000000-7f0de4021000 rw-p 00000000 00:00 0 
7f0de4021000-7f0de8000000 ---p 00000000 00:00 0 
7f0de8000000-7f0de8021000 rw-p 00000000 00:00 0 
7f0de8021000-7f0dec000000 ---p 00000000 00:00 0 
7f0dec000000-7f0dec03c000 rw-p 00000000 00:00 0 
7f0dec03c000-7f0df0000000 ---p 00000000 00:00 0 
7f0df0000000-7f0df0021000 rw-p 00000000 00:00 0 
7f0df0021000-7f0df4000000 ---p 00000000 00:00 0 
7f0df4000000-7f0df4021000 rw-p 00000000 00:00 0 
7f0df4021000-7f0df8000000 ---p 00000000 00:00 0 
7f0df8000000-7f0df8021000 rw-p 00000000 00:00 0 
7f0df8021000-7f0dfc000000 ---p 00000000 00:00 0 
7f0dfc000000-7f0dfc021000 rw-p 00000000 00:00 0 
7f0dfc021000-7f0e00000000 ---p 00000000 00:00 0 
7f0e00083000-7f0e0008e000 r--s 00000000 08:07 2890696                    /var/cache/fontconfig/945677eb7aeaf62f1d50efc3fb3ec7d8-le64.cache-6
7f0e0008e000-7f0e00094000 r--s 00000000 08:07 2890678                    /var/cache/fontconfig/2cd17615ca594fa2959ae173292e504c-le64.cache-6
7f0e00094000-7f0e00095000 r--s 00000000 08:07 2890675                    /var/cache/fontconfig/0d8c3b2ac0904cb8a57a757ad11a4a08-le64.cache-6
7f0e00095000-7f0e00099000 r--s 00000000 08:07 2885053                    /var/cache/fontconfig/de156ccd2eddbdc19d37a45b8b2aac9c-le64.cache-6
7f0e00099000-7f0e000ae000 r--s 00000000 08:07 2890672                    /var/cache/fontconfig/04aabc0a78ac019cf9454389977116d2-le64.cache-6
7f0e000e5000-7f0e000e6000 r--s 00000000 08:07 2890677                    /var/cache/fontconfig/1ac9eb803944fde146138c791f5cc56a-le64.cache-6
7f0e000e6000-7f0e000ea000 r--s 00000000 08:07 2890682                    /var/cache/fontconfig/385c0604a188198f04d133e54aba7fe7-le64.cache-6
7f0e000ea000-7f0e000eb000 r--s 00000000 08:07 2890709                    /var/cache/fontconfig/dc05db6664285cc2f12bf69c139ae4c3-le64.cache-6
7f0e000eb000-7f0e000ee000 r--s 00000000 08:07 2890692                    /var/cache/fontconfig/767a8244fc0220cfb567a839d0392e0b-le64.cache-6
7f0e000ee000-7f0e000ef000 r--s 00000000 08:07 2883743                    /var/cache/fontconfig/4794a0821666d79190d59a36cb4f44b5-le64.cache-6
7f0e000ef000-7f0e000f4000 r--s 00000000 08:07 2890695                    /var/cache/fontconfig/8801497958630a81b71ace7c5f9b32a8-le64.cache-6
7f0e000f4000-7f0e000f5000 r--s 00000000 08:07 2890702                    /var/cache/fontconfig/bab58bb527bb656aaa9f116d68a48d89-le64.cache-6
7f0e000f5000-7f0e000fc000 r--s 00000000 08:07 2890679                    /var/cache/fontconfig/3047814df9a2f067bd2d96a2b9c36e5a-le64.cache-6
7f0e000fc000-7f0e00102000 r--s 00000000 08:07 2890700                    /var/cache/fontconfig/b47c4e1ecd0709278f4910c18777a504-le64.cache-6
7f0e00102000-7f0e00115000 r--s 00000000 08:07 2890706                    /var/cache/fontconfig/d52a8644073d54c13679302ca1180695-le64.cache-6
7f0e00115000-7f0e00120000 r--s 00000000 08:07 2887795                    /var/cache/fontconfig/d589a48862398ed80a3d6066f4f56f4c-le64.cache-6
7f0e00141000-7f0e0015a000 r--s 00000000 08:07 527849                     /usr/share/fonts/type1/gsfonts/n022004l.pfb
7f0e0015a000-7f0e00163000 r--s 00000000 08:07 527870                     /usr/share/fonts/type1/gsfonts/s050000l.pfb
7f0e00179000-7f0e00192000 r--s 00000000 08:07 527834                     /usr/share/fonts/type1/gsfonts/n021003l.pfb
7f0e00192000-7f0e001a8000 r--s 00000000 08:07 527843                     /usr/share/fonts/type1/gsfonts/n021024l.pfb
7f0e001a8000-7f0e001be000 r--s 00000000 08:07 527852                     /usr/share/fonts/type1/gsfonts/n022023l.pfb
7f0e001be000-7f0e001d5000 r--s 00000000 08:07 527840                     /usr/share/fonts/type1/gsfonts/n021023l.pfb
7f0e001d5000-7f0e001e6000 r--s 00000000 08:07 527816                     /usr/share/fonts/type1/gsfonts/n019023l.pfb
7f0e001e6000-7f0e001fa000 r--s 00000000 08:07 527810                     /usr/share/fonts/type1/gsfonts/n019003l.pfb
7f0e001fa000-7f0e001fd000 ---p 00000000 00:00 0 
7f0e001fd000-7f0e002fb000 rw-p 00000000 00:00 0 
7f0e002fb000-7f0e002fe000 ---p 00000000 00:00 0 
7f0e002fe000-7f0e003fc000 rw-p 00000000 00:00 0 
7f0e003fc000-7f0e0040c000 r-xp 00000000 08:07 1836051                    /usr/lib/jvm/jdk1.7.0_51/jre/lib/amd64/libnio.so
7f0e0040c000-7f0e0060c000 ---p 00010000 08:07 1836051                    /usr/lib/jvm/jdk1.7.0_51/jre/lib/amd64/libnio.so
7f0e0060c000-7f0e0060d000 rw-p 00010000 08:07 1836051                    /usr/lib/jvm/jdk1.7.0_51/jre/lib/amd64/libnio.so
7f0e0060d000-7f0e0090e000 rw-p 00000000 00:00 0 
7f0e0090e000-7f0e00924000 r-xp 00000000 08:07 1836056                    /usr/lib/jvm/jdk1.7.0_51/jre/lib/amd64/libnet.so
7f0e00924000-7f0e00b24000 ---p 00016000 08:07 1836056                    /usr/lib/jvm/jdk1.7.0_51/jre/lib/amd64/libnet.so
7f0e00b24000-7f0e00b25000 rw-p 00016000 08:07 1836056                    /usr/lib/jvm/jdk1.7.0_51/jre/lib/amd64/libnet.so
7f0e00b25000-7f0e00b3b000 r-xp 00000000 08:07 2364498                    /lib/x86_64-linux-gnu/libgcc_s.so.1
7f0e00b3b000-7f0e00d3a000 ---p 00016000 08:07 2364498                    /lib/x86_64-linux-gnu/libgcc_s.so.1
7f0e00d3a000-7f0e00d3b000 rw-p 00015000 08:07 2364498                    /lib/x86_64-linux-gnu/libgcc_s.so.1
7f0e00d3b000-7f0e00da0000 r-xp 00000000 08:07 1836052                    /usr/lib/jvm/jdk1.7.0_51/jre/lib/amd64/libfontmanager.so
7f0e00da0000-7f0e00f9f000 ---p 00065000 08:07 1836052                    /usr/lib/jvm/jdk1.7.0_51/jre/lib/amd64/libfontmanager.so
7f0e00f9f000-7f0e00fa3000 rw-p 00064000 08:07 1836052                    /usr/lib/jvm/jdk1.7.0_51/jre/lib/amd64/libfontmanager.so
7f0e00fa3000-7f0e00fb4000 rw-p 00000000 00:00 0 
7f0e00fb4000-7f0e00fb7000 ---p 00000000 00:00 0 
7f0e00fb7000-7f0e010b5000 rw-p 00000000 00:00 0 
7f0e010b5000-7f0e010ba000 r-xp 00000000 08:07 2762080                    /usr/lib/x86_64-linux-gnu/libXfixes.so.3.1.0
7f0e010ba000-7f0e012b9000 ---p 00005000 08:07 2762080                    /usr/lib/x86_64-linux-gnu/libXfixes.so.3.1.0
7f0e012b9000-7f0e012ba000 r--p 00004000 08:07 2762080                    /usr/lib/x86_64-linux-gnu/libXfixes.so.3.1.0
7f0e012ba000-7f0e012bb000 rw-p 00005000 08:07 2762080                    /usr/lib/x86_64-linux-gnu/libXfixes.so.3.1.0
7f0e012bb000-7f0e012c4000 r-xp 00000000 08:07 2762072                    /usr/lib/x86_64-linux-gnu/libXcursor.so.1.0.2
7f0e012c4000-7f0e014c3000 ---p 00009000 08:07 2762072                    /usr/lib/x86_64-linux-gnu/libXcursor.so.1.0.2
7f0e014c3000-7f0e014c4000 r--p 00008000 08:07 2762072                    /usr/lib/x86_64-linux-gnu/libXcursor.so.1.0.2
7f0e014c4000-7f0e014c5000 rw-p 00009000 08:07 2762072                    /usr/lib/x86_64-linux-gnu/libXcursor.so.1.0.2
7f0e014c5000-7f0e014c8000 ---p 00000000 00:00 0 
7f0e014c8000-7f0e015c6000 rw-p 00000000 00:00 0 
7f0e015c6000-7f0e015eb000 r--p 00000000 08:07 397003                     /usr/share/locale-langpack/es/LC_MESSAGES/libc.mo
7f0e015eb000-7f0e015f0000 r-xp 00000000 08:07 2762076                    /usr/lib/x86_64-linux-gnu/libXdmcp.so.6.0.0
7f0e015f0000-7f0e017ef000 ---p 00005000 08:07 2762076                    /usr/lib/x86_64-linux-gnu/libXdmcp.so.6.0.0
7f0e017ef000-7f0e017f0000 r--p 00004000 08:07 2762076                    /usr/lib/x86_64-linux-gnu/libXdmcp.so.6.0.0
7f0e017f0000-7f0e017f1000 rw-p 00005000 08:07 2762076                    /usr/lib/x86_64-linux-gnu/libXdmcp.so.6.0.0
7f0e017f1000-7f0e017f3000 r-xp 00000000 08:07 2762065                    /usr/lib/x86_64-linux-gnu/libXau.so.6.0.0
7f0e017f3000-7f0e019f3000 ---p 00002000 08:07 2762065                    /usr/lib/x86_64-linux-gnu/libXau.so.6.0.0
7f0e019f3000-7f0e019f4000 r--p 00002000 08:07 2762065                    /usr/lib/x86_64-linux-gnu/libXau.so.6.0.0
7f0e019f4000-7f0e019f5000 rw-p 00003000 08:07 2762065                    /usr/lib/x86_64-linux-gnu/libXau.so.6.0.0
7f0e019f5000-7f0e01a16000 r-xp 00000000 08:07 2763443                    /usr/lib/x86_64-linux-gnu/libxcb.so.1.1.0
7f0e01a16000-7f0e01c15000 ---p 00021000 08:07 2763443                    /usr/lib/x86_64-linux-gnu/libxcb.so.1.1.0
7f0e01c15000-7f0e01c16000 r--p 00020000 08:07 2763443                    /usr/lib/x86_64-linux-gnu/libxcb.so.1.1.0
7f0e01c16000-7f0e01c17000 rw-p 00021000 08:07 2763443                    /usr/lib/x86_64-linux-gnu/libxcb.so.1.1.0
7f0e01c17000-7f0e01c26000 r-xp 00000000 08:07 2762086                    /usr/lib/x86_64-linux-gnu/libXi.so.6.1.0
7f0e01c26000-7f0e01e25000 ---p 0000f000 08:07 2762086                    /usr/lib/x86_64-linux-gnu/libXi.so.6.1.0
7f0e01e25000-7f0e01e26000 r--p 0000e000 08:07 2762086                    /usr/lib/x86_64-linux-gnu/libXi.so.6.1.0
7f0e01e26000-7f0e01e27000 rw-p 0000f000 08:07 2762086                    /usr/lib/x86_64-linux-gnu/libXi.so.6.1.0
7f0e01e27000-7f0e01e2c000 r-xp 00000000 08:07 2762104                    /usr/lib/x86_64-linux-gnu/libXtst.so.6.1.0
7f0e01e2c000-7f0e0202b000 ---p 00005000 08:07 2762104                    /usr/lib/x86_64-linux-gnu/libXtst.so.6.1.0
7f0e0202b000-7f0e0202c000 r--p 00004000 08:07 2762104                    /usr/lib/x86_64-linux-gnu/libXtst.so.6.1.0
7f0e0202c000-7f0e0202d000 rw-p 00005000 08:07 2762104                    /usr/lib/x86_64-linux-gnu/libXtst.so.6.1.0
7f0e0202d000-7f0e02036000 r-xp 00000000 08:07 2762098                    /usr/lib/x86_64-linux-gnu/libXrender.so.1.3.0
7f0e02036000-7f0e02235000 ---p 00009000 08:07 2762098                    /usr/lib/x86_64-linux-gnu/libXrender.so.1.3.0
7f0e02235000-7f0e02236000 r--p 00008000 08:07 2762098                    /usr/lib/x86_64-linux-gnu/libXrender.so.1.3.0
7f0e02236000-7f0e02237000 rw-p 00009000 08:07 2762098                    /usr/lib/x86_64-linux-gnu/libXrender.so.1.3.0
7f0e02237000-7f0e0236c000 r-xp 00000000 08:07 2762061                    /usr/lib/x86_64-linux-gnu/libX11.so.6.3.0
7f0e0236c000-7f0e0256c000 ---p 00135000 08:07 2762061                    /usr/lib/x86_64-linux-gnu/libX11.so.6.3.0
7f0e0256c000-7f0e0256d000 r--p 00135000 08:07 2762061                    /usr/lib/x86_64-linux-gnu/libX11.so.6.3.0
7f0e0256d000-7f0e02571000 rw-p 00136000 08:07 2762061                    /usr/lib/x86_64-linux-gnu/libX11.so.6.3.0
7f0e02571000-7f0e02582000 r-xp 00000000 08:07 2762078                    /usr/lib/x86_64-linux-gnu/libXext.so.6.4.0
7f0e02582000-7f0e02781000 ---p 00011000 08:07 2762078                    /usr/lib/x86_64-linux-gnu/libXext.so.6.4.0
7f0e02781000-7f0e02782000 r--p 00010000 08:07 2762078                    /usr/lib/x86_64-linux-gnu/libXext.so.6.4.0
7f0e02782000-7f0e02783000 rw-p 00011000 08:07 2762078                    /usr/lib/x86_64-linux-gnu/libXext.so.6.4.0
7f0e02783000-7f0e02786000 r--s 00000000 08:07 2890691                    /var/cache/fontconfig/75114ca45c98e8a441da0ff356701271-le64.cache-6
7f0e02786000-7f0e02791000 r--s 00000000 08:07 2890694                    /var/cache/fontconfig/83bf95040141907cd45bb53cf7c1c148-le64.cache-6
7f0e02791000-7f0e027a3000 r--s 00000000 08:07 2886108                    /var/cache/fontconfig/9b89f8e3dae116d678bbf48e5f21f69b-le64.cache-6
7f0e027a3000-7f0e027f3000 r-xp 00000000 08:07 1836094                    /usr/lib/jvm/jdk1.7.0_51/jre/lib/amd64/xawt/libmawt.so
7f0e027f3000-7f0e029f3000 ---p 00050000 08:07 1836094                    /usr/lib/jvm/jdk1.7.0_51/jre/lib/amd64/xawt/libmawt.so
7f0e029f3000-7f0e029f7000 rw-p 00050000 08:07 1836094                    /usr/lib/jvm/jdk1.7.0_51/jre/lib/amd64/xawt/libmawt.so
7f0e029f7000-7f0e029f8000 rw-p 00000000 00:00 0 
7f0e029f8000-7f0e02a9a000 r-xp 00000000 08:07 1836064                    /usr/lib/jvm/jdk1.7.0_51/jre/lib/amd64/libawt.so
7f0e02a9a000-7f0e02c9a000 ---p 000a2000 08:07 1836064                    /usr/lib/jvm/jdk1.7.0_51/jre/lib/amd64/libawt.so
7f0e02c9a000-7f0e02ca6000 rw-p 000a2000 08:07 1836064                    /usr/lib/jvm/jdk1.7.0_51/jre/lib/amd64/libawt.so
7f0e02ca6000-7f0e02cca000 rw-p 00000000 00:00 0 
7f0e02cca000-7f0e02ccb000 ---p 00000000 00:00 0 
7f0e02ccb000-7f0e02dcb000 rw-p 00000000 00:00 0 
7f0e02dcb000-7f0e02dce000 ---p 00000000 00:00 0 
7f0e02dce000-7f0e02ecc000 rw-p 00000000 00:00 0 
7f0e02ecc000-7f0e02ecf000 ---p 00000000 00:00 0 
7f0e02ecf000-7f0e02fcd000 rw-p 00000000 00:00 0 
7f0e02fcd000-7f0e02fd0000 ---p 00000000 00:00 0 
7f0e02fd0000-7f0e030ce000 rw-p 00000000 00:00 0 
7f0e030ce000-7f0e030d1000 ---p 00000000 00:00 0 
7f0e030d1000-7f0e031cf000 rw-p 00000000 00:00 0 
7f0e031cf000-7f0e031d2000 ---p 00000000 00:00 0 
7f0e031d2000-7f0e032d0000 rw-p 00000000 00:00 0 
7f0e032d0000-7f0e032d3000 ---p 00000000 00:00 0 
7f0e032d3000-7f0e033d1000 rw-p 00000000 00:00 0 
7f0e033d1000-7f0e033d5000 r-xp 00000000 08:07 1836071                    /usr/lib/jvm/jdk1.7.0_51/jre/lib/amd64/libdt_socket.so
7f0e033d5000-7f0e035d4000 ---p 00004000 08:07 1836071                    /usr/lib/jvm/jdk1.7.0_51/jre/lib/amd64/libdt_socket.so
7f0e035d4000-7f0e035d5000 rw-p 00003000 08:07 1836071                    /usr/lib/jvm/jdk1.7.0_51/jre/lib/amd64/libdt_socket.so
7f0e035d5000-7f0e035d8000 ---p 00000000 00:00 0 
7f0e035d8000-7f0e036d6000 rw-p 00000000 00:00 0 
7f0e036d6000-7f0e036d9000 ---p 00000000 00:00 0 
7f0e036d9000-7f0e037d7000 rw-p 00000000 00:00 0 
7f0e037d7000-7f0e037da000 ---p 00000000 00:00 0 
7f0e037da000-7f0e038d8000 rw-p 00000000 00:00 0 
7f0e038d8000-7f0e038d9000 ---p 00000000 00:00 0 
7f0e038d9000-7f0e04000000 rw-p 00000000 00:00 0 
7f0e04000000-7f0e04021000 rw-p 00000000 00:00 0 
7f0e04021000-7f0e08000000 ---p 00000000 00:00 0 
7f0e08000000-7f0e08021000 rw-p 00000000 00:00 0 
7f0e08021000-7f0e0c000000 ---p 00000000 00:00 0 
7f0e0c000000-7f0e0c021000 rw-p 00000000 00:00 0 
7f0e0c021000-7f0e10000000 ---p 00000000 00:00 0 
7f0e10000000-7f0e10001000 r--s 00000000 08:07 2890686                    /var/cache/fontconfig/56cf4f4769d0f4abc89a4895d7bd3ae1-le64.cache-6
7f0e10001000-7f0e10002000 r--s 00000000 08:07 2890701                    /var/cache/fontconfig/b9d506c9ac06c20b433354fa67a72993-le64.cache-6
7f0e10002000-7f0e10005000 r--s 00000000 08:07 2890710                    /var/cache/fontconfig/e13b20fdb08344e0e664864cc2ede53d-le64.cache-6
7f0e10005000-7f0e10009000 r--s 00000000 08:07 2883629                    /var/cache/fontconfig/7ef2298fde41cc6eeb7af42e48b7d293-le64.cache-6
7f0e10009000-7f0e10975000 rw-p 00000000 00:00 0 
7f0e10975000-7f0e10b32000 r--s 039bf000 08:07 1057153                    /usr/lib/jvm/jdk1.7.0_51/jre/lib/rt.jar
7f0e10b32000-7f0e12e30000 rw-p 00000000 00:00 0 
7f0e12e30000-7f0e12e31000 ---p 00000000 00:00 0 
7f0e12e31000-7f0e12f31000 rw-p 00000000 00:00 0 
7f0e12f31000-7f0e12f32000 ---p 00000000 00:00 0 
7f0e12f32000-7f0e13032000 rw-p 00000000 00:00 0 
7f0e13032000-7f0e13033000 ---p 00000000 00:00 0 
7f0e13033000-7f0e13133000 rw-p 00000000 00:00 0 
7f0e13133000-7f0e13134000 ---p 00000000 00:00 0 
7f0e13134000-7f0e13248000 rw-p 00000000 00:00 0 
7f0e13248000-7f0e13374000 rw-p 00000000 00:00 0 
7f0e13374000-7f0e1337f000 rw-p 00000000 00:00 0 
7f0e1337f000-7f0e1339d000 rw-p 00000000 00:00 0 
7f0e1339d000-7f0e133b1000 rw-p 00000000 00:00 0 
7f0e133b1000-7f0e134dc000 rw-p 00000000 00:00 0 
7f0e134dc000-7f0e134e7000 rw-p 00000000 00:00 0 
7f0e134e7000-7f0e1357c000 rw-p 00000000 00:00 0 
7f0e1357c000-7f0e1357d000 rw-p 00000000 00:00 0 
7f0e1357d000-7f0e137ed000 rwxp 00000000 00:00 0 
7f0e137ed000-7f0e1657d000 rw-p 00000000 00:00 0 
7f0e1657d000-7f0e16597000 r-xp 00000000 08:07 1836101                    /usr/lib/jvm/jdk1.7.0_51/jre/lib/amd64/libzip.so
7f0e16597000-7f0e16797000 ---p 0001a000 08:07 1836101                    /usr/lib/jvm/jdk1.7.0_51/jre/lib/amd64/libzip.so
7f0e16797000-7f0e16798000 rw-p 0001a000 08:07 1836101                    /usr/lib/jvm/jdk1.7.0_51/jre/lib/amd64/libzip.so
7f0e16798000-7f0e167a3000 r-xp 00000000 08:07 2364559                    /lib/x86_64-linux-gnu/libnss_files-2.23.so
7f0e167a3000-7f0e169a2000 ---p 0000b000 08:07 2364559                    /lib/x86_64-linux-gnu/libnss_files-2.23.so
7f0e169a2000-7f0e169a3000 r--p 0000a000 08:07 2364559                    /lib/x86_64-linux-gnu/libnss_files-2.23.so
7f0e169a3000-7f0e169a4000 rw-p 0000b000 08:07 2364559                    /lib/x86_64-linux-gnu/libnss_files-2.23.so
7f0e169a4000-7f0e169aa000 rw-p 00000000 00:00 0 
7f0e169aa000-7f0e169b5000 r-xp 00000000 08:07 2364569                    /lib/x86_64-linux-gnu/libnss_nis-2.23.so
7f0e169b5000-7f0e16bb4000 ---p 0000b000 08:07 2364569                    /lib/x86_64-linux-gnu/libnss_nis-2.23.so
7f0e16bb4000-7f0e16bb5000 r--p 0000a000 08:07 2364569                    /lib/x86_64-linux-gnu/libnss_nis-2.23.so
7f0e16bb5000-7f0e16bb6000 rw-p 0000b000 08:07 2364569                    /lib/x86_64-linux-gnu/libnss_nis-2.23.so
7f0e16bb6000-7f0e16bcc000 r-xp 00000000 08:07 2364553                    /lib/x86_64-linux-gnu/libnsl-2.23.so
7f0e16bcc000-7f0e16dcb000 ---p 00016000 08:07 2364553                    /lib/x86_64-linux-gnu/libnsl-2.23.so
7f0e16dcb000-7f0e16dcc000 r--p 00015000 08:07 2364553                    /lib/x86_64-linux-gnu/libnsl-2.23.so
7f0e16dcc000-7f0e16dcd000 rw-p 00016000 08:07 2364553                    /lib/x86_64-linux-gnu/libnsl-2.23.so
7f0e16dcd000-7f0e16dcf000 rw-p 00000000 00:00 0 
7f0e16dcf000-7f0e16dd7000 r-xp 00000000 08:07 2364555                    /lib/x86_64-linux-gnu/libnss_compat-2.23.so
7f0e16dd7000-7f0e16fd6000 ---p 00008000 08:07 2364555                    /lib/x86_64-linux-gnu/libnss_compat-2.23.so
7f0e16fd6000-7f0e16fd7000 r--p 00007000 08:07 2364555                    /lib/x86_64-linux-gnu/libnss_compat-2.23.so
7f0e16fd7000-7f0e16fd8000 rw-p 00008000 08:07 2364555                    /lib/x86_64-linux-gnu/libnss_compat-2.23.so
7f0e16fd8000-7f0e17997000 r--p 00000000 08:07 2760681                    /usr/lib/locale/locale-archive
7f0e17997000-7f0e1799a000 r-xp 00000000 08:07 1836062                    /usr/lib/jvm/jdk1.7.0_51/jre/lib/amd64/libnpt.so
7f0e1799a000-7f0e17b99000 ---p 00003000 08:07 1836062                    /usr/lib/jvm/jdk1.7.0_51/jre/lib/amd64/libnpt.so
7f0e17b99000-7f0e17b9a000 rw-p 00002000 08:07 1836062                    /usr/lib/jvm/jdk1.7.0_51/jre/lib/amd64/libnpt.so
7f0e17b9a000-7f0e17bd3000 r-xp 00000000 08:07 1836106                    /usr/lib/jvm/jdk1.7.0_51/jre/lib/amd64/libjdwp.so
7f0e17bd3000-7f0e17dd3000 ---p 00039000 08:07 1836106                    /usr/lib/jvm/jdk1.7.0_51/jre/lib/amd64/libjdwp.so
7f0e17dd3000-7f0e17dd4000 rw-p 00039000 08:07 1836106                    /usr/lib/jvm/jdk1.7.0_51/jre/lib/amd64/libjdwp.so
7f0e17dd4000-7f0e17dd5000 rw-p 00000000 00:00 0 
7f0e17dd5000-7f0e17dfe000 r-xp 00000000 08:07 1836085                    /usr/lib/jvm/jdk1.7.0_51/jre/lib/amd64/libjava.so
7f0e17dfe000-7f0e17ffe000 ---p 00029000 08:07 1836085                    /usr/lib/jvm/jdk1.7.0_51/jre/lib/amd64/libjava.so
7f0e17ffe000-7f0e18000000 rw-p 00029000 08:07 1836085                    /usr/lib/jvm/jdk1.7.0_51/jre/lib/amd64/libjava.so
7f0e18000000-7f0e182a0000 rw-p 00000000 00:00 0 
7f0e182a0000-7f0e1c000000 ---p 00000000 00:00 0 
7f0e1c000000-7f0e1c001000 r--s 00000000 08:07 2890685                    /var/cache/fontconfig/551ecf3b0e8b0bca0f25c0944f561853-le64.cache-6
7f0e1c001000-7f0e1c00c000 r--s 0037c000 08:07 1057110                    /usr/lib/jvm/jdk1.7.0_51/jre/lib/charsets.jar
7f0e1c00c000-7f0e1c0bc000 rw-p 00000000 00:00 0 
7f0e1c0bc000-7f0e1c172000 rw-p 00000000 00:00 0 
7f0e1c172000-7f0e1c17f000 r-xp 00000000 08:07 1836083                    /usr/lib/jvm/jdk1.7.0_51/jre/lib/amd64/libverify.so
7f0e1c17f000-7f0e1c37e000 ---p 0000d000 08:07 1836083                    /usr/lib/jvm/jdk1.7.0_51/jre/lib/amd64/libverify.so
7f0e1c37e000-7f0e1c380000 rw-p 0000c000 08:07 1836083                    /usr/lib/jvm/jdk1.7.0_51/jre/lib/amd64/libverify.so
7f0e1c380000-7f0e1c387000 r-xp 00000000 08:07 2364614                    /lib/x86_64-linux-gnu/librt-2.23.so
7f0e1c387000-7f0e1c586000 ---p 00007000 08:07 2364614                    /lib/x86_64-linux-gnu/librt-2.23.so
7f0e1c586000-7f0e1c587000 r--p 00006000 08:07 2364614                    /lib/x86_64-linux-gnu/librt-2.23.so
7f0e1c587000-7f0e1c588000 rw-p 00007000 08:07 2364614                    /lib/x86_64-linux-gnu/librt-2.23.so
7f0e1c588000-7f0e1c58b000 ---p 00000000 00:00 0 
7f0e1c58b000-7f0e1c689000 rw-p 00000000 00:00 0 
7f0e1c689000-7f0e1c791000 r-xp 00000000 08:07 2364530                    /lib/x86_64-linux-gnu/libm-2.23.so
7f0e1c791000-7f0e1c990000 ---p 00108000 08:07 2364530                    /lib/x86_64-linux-gnu/libm-2.23.so
7f0e1c990000-7f0e1c991000 r--p 00107000 08:07 2364530                    /lib/x86_64-linux-gnu/libm-2.23.so
7f0e1c991000-7f0e1c992000 rw-p 00108000 08:07 2364530                    /lib/x86_64-linux-gnu/libm-2.23.so
7f0e1c992000-7f0e1d4f4000 r-xp 00000000 08:07 1836091                    /usr/lib/jvm/jdk1.7.0_51/jre/lib/amd64/server/libjvm.so
7f0e1d4f4000-7f0e1d6f4000 ---p 00b62000 08:07 1836091                    /usr/lib/jvm/jdk1.7.0_51/jre/lib/amd64/server/libjvm.so
7f0e1d6f4000-7f0e1d7b7000 rw-p 00b62000 08:07 1836091                    /usr/lib/jvm/jdk1.7.0_51/jre/lib/amd64/server/libjvm.so
7f0e1d7b7000-7f0e1d7f8000 rw-p 00000000 00:00 0 
7f0e1d7f8000-7f0e1d9b8000 r-xp 00000000 08:07 2364460                    /lib/x86_64-linux-gnu/libc-2.23.so
7f0e1d9b8000-7f0e1dbb7000 ---p 001c0000 08:07 2364460                    /lib/x86_64-linux-gnu/libc-2.23.so
7f0e1dbb7000-7f0e1dbbb000 r--p 001bf000 08:07 2364460                    /lib/x86_64-linux-gnu/libc-2.23.so
7f0e1dbbb000-7f0e1dbbd000 rw-p 001c3000 08:07 2364460                    /lib/x86_64-linux-gnu/libc-2.23.so
7f0e1dbbd000-7f0e1dbc1000 rw-p 00000000 00:00 0 
7f0e1dbc1000-7f0e1dbc4000 r-xp 00000000 08:07 2364484                    /lib/x86_64-linux-gnu/libdl-2.23.so
7f0e1dbc4000-7f0e1ddc3000 ---p 00003000 08:07 2364484                    /lib/x86_64-linux-gnu/libdl-2.23.so
7f0e1ddc3000-7f0e1ddc4000 r--p 00002000 08:07 2364484                    /lib/x86_64-linux-gnu/libdl-2.23.so
7f0e1ddc4000-7f0e1ddc5000 rw-p 00003000 08:07 2364484                    /lib/x86_64-linux-gnu/libdl-2.23.so
7f0e1ddc5000-7f0e1dddb000 r-xp 00000000 08:07 1056839                    /usr/lib/jvm/jdk1.7.0_51/lib/amd64/jli/libjli.so
7f0e1dddb000-7f0e1dfdb000 ---p 00016000 08:07 1056839                    /usr/lib/jvm/jdk1.7.0_51/lib/amd64/jli/libjli.so
7f0e1dfdb000-7f0e1dfdc000 rw-p 00016000 08:07 1056839                    /usr/lib/jvm/jdk1.7.0_51/lib/amd64/jli/libjli.so
7f0e1dfdc000-7f0e1dff4000 r-xp 00000000 08:07 2364606                    /lib/x86_64-linux-gnu/libpthread-2.23.so
7f0e1dff4000-7f0e1e1f3000 ---p 00018000 08:07 2364606                    /lib/x86_64-linux-gnu/libpthread-2.23.so
7f0e1e1f3000-7f0e1e1f4000 r--p 00017000 08:07 2364606                    /lib/x86_64-linux-gnu/libpthread-2.23.so
7f0e1e1f4000-7f0e1e1f5000 rw-p 00018000 08:07 2364606                    /lib/x86_64-linux-gnu/libpthread-2.23.so
7f0e1e1f5000-7f0e1e1f9000 rw-p 00000000 00:00 0 
7f0e1e1f9000-7f0e1e21f000 r-xp 00000000 08:07 2364432                    /lib/x86_64-linux-gnu/ld-2.23.so
7f0e1e21f000-7f0e1e220000 r--s 00000000 08:07 2890680                    /var/cache/fontconfig/30829fa25452a46451e813d634d7f916-le64.cache-6
7f0e1e220000-7f0e1e227000 r--s 00000000 08:07 3016614                    /usr/lib/x86_64-linux-gnu/gconv/gconv-modules.cache
7f0e1e227000-7f0e1e229000 r--s 0000d000 08:08 3412122                    /home/kcrez/Documentos/JavaDuino/library/rxtx2.1/RXTXcomm.jar
7f0e1e229000-7f0e1e22b000 r--s 0000d000 08:07 1835127                    /usr/lib/jvm/jdk1.7.0_51/jre/lib/ext/RXTXcomm.jar
7f0e1e22b000-7f0e1e27f000 rw-p 00000000 00:00 0 
7f0e1e27f000-7f0e1e29d000 rw-p 00000000 00:00 0 
7f0e1e29d000-7f0e1e2a1000 rw-p 00000000 00:00 0 
7f0e1e2a1000-7f0e1e2e5000 r-xp 00000000 08:07 1052366                    /opt/eset/esets/lib/libesets_pac.so
7f0e1e2e5000-7f0e1e3e5000 ---p 00044000 08:07 1052366                    /opt/eset/esets/lib/libesets_pac.so
7f0e1e3e5000-7f0e1e3e8000 rw-p 00044000 08:07 1052366                    /opt/eset/esets/lib/libesets_pac.so
7f0e1e3e8000-7f0e1e3fb000 rw-p 00000000 00:00 0 
7f0e1e3fb000-7f0e1e3fc000 r--s 00000000 08:07 2890674                    /var/cache/fontconfig/0c9eb80ebd1c36541ebe2852d3bb0c49-le64.cache-6
7f0e1e3fc000-7f0e1e411000 rw-p 00000000 00:00 0 
7f0e1e411000-7f0e1e419000 rw-s 00000000 08:07 2097294                    /tmp/hsperfdata_kcrez/6389
7f0e1e419000-7f0e1e41a000 rw-p 00000000 00:00 0 
7f0e1e41a000-7f0e1e41b000 r--p 00000000 00:00 0 
7f0e1e41b000-7f0e1e41e000 rw-p 00000000 00:00 0 
7f0e1e41e000-7f0e1e41f000 r--p 00025000 08:07 2364432                    /lib/x86_64-linux-gnu/ld-2.23.so
7f0e1e41f000-7f0e1e420000 rw-p 00026000 08:07 2364432                    /lib/x86_64-linux-gnu/ld-2.23.so
7f0e1e420000-7f0e1e421000 rw-p 00000000 00:00 0 
7ffc03f39000-7ffc03f5a000 rw-p 00000000 00:00 0                          [stack]
7ffc03f6f000-7ffc03f71000 r--p 00000000 00:00 0                          [vvar]
7ffc03f71000-7ffc03f73000 r-xp 00000000 00:00 0                          [vdso]
ffffffffff600000-ffffffffff601000 r-xp 00000000 00:00 0                  [vsyscall]

VM Arguments:
jvm_args: -Xdebug -Xrunjdwp:transport=dt_socket,address=localhost:37532 -Dfile.encoding=UTF-8 -Djava.library.path=/home/kcrez/Documentos/JavaDuino/library/rxtx2.1 
java_command: PPD_Frame
Launcher Type: SUN_STANDARD

Environment Variables:
PATH=/usr/local/sbin:/usr/local/bin:/usr/sbin:/usr/bin:/sbin:/bin:/usr/games:/usr/local/games:/snap/bin
LD_LIBRARY_PATH=/usr/lib/jvm/jdk1.7.0_51/jre/lib/amd64:/usr/lib/jvm/jdk1.7.0_51/jre/lib/i386:
SHELL=/bin/bash
DISPLAY=:0

Signal Handlers:
SIGSEGV: [libjvm.so+0x993870], sa_mask[0]=0x7ffbfeff, sa_flags=0x10000004
SIGBUS: [libjvm.so+0x993870], sa_mask[0]=0x7ffbfeff, sa_flags=0x10000004
SIGFPE: [libjvm.so+0x8105b0], sa_mask[0]=0x7ffbfeff, sa_flags=0x10000004
SIGPIPE: [libjvm.so+0x8105b0], sa_mask[0]=0x7ffbfeff, sa_flags=0x10000004
SIGXFSZ: [libjvm.so+0x8105b0], sa_mask[0]=0x7ffbfeff, sa_flags=0x10000004
SIGILL: [libjvm.so+0x8105b0], sa_mask[0]=0x7ffbfeff, sa_flags=0x10000004
SIGUSR1: SIG_DFL, sa_mask[0]=0x00000000, sa_flags=0x00000000
SIGUSR2: [libjvm.so+0x811aa0], sa_mask[0]=0x00000004, sa_flags=0x10000004
SIGHUP: [libjvm.so+0x812a10], sa_mask[0]=0x7ffbfeff, sa_flags=0x10000004
SIGINT: SIG_IGN, sa_mask[0]=0x00000000, sa_flags=0x00000000
SIGTERM: [libjvm.so+0x812a10], sa_mask[0]=0x7ffbfeff, sa_flags=0x10000004
SIGQUIT: [libjvm.so+0x812a10], sa_mask[0]=0x7ffbfeff, sa_flags=0x10000004


---------------  S Y S T E M  ---------------

OS:stretch/sid

uname:Linux 4.4.0-22-generic #40-Ubuntu SMP Thu May 12 22:03:46 UTC 2016 x86_64
libc:glibc 2.23 NPTL 2.23 
rlimit: STACK 8192k, CORE 0k, NPROC 15146, NOFILE 65536, AS infinity
load average:0.14 0.24 0.29

/proc/meminfo:
MemTotal:        3916240 kB
MemFree:           34156 kB
MemAvailable:    1302868 kB
Buffers:          217176 kB
Cached:          1177020 kB
SwapCached:          476 kB
Active:          2519980 kB
Inactive:        1088784 kB
Active(anon):    1803520 kB
Inactive(anon):   668552 kB
Active(file):     716460 kB
Inactive(file):   420232 kB
Unevictable:          48 kB
Mlocked:              48 kB
SwapTotal:       7812088 kB
SwapFree:        7803996 kB
Dirty:               448 kB
Writeback:             0 kB
AnonPages:       2214240 kB
Mapped:           349888 kB
Shmem:            257500 kB
Slab:             195028 kB
SReclaimable:     161252 kB
SUnreclaim:        33776 kB
KernelStack:       10624 kB
PageTables:        33472 kB
NFS_Unstable:          0 kB
Bounce:                0 kB
WritebackTmp:          0 kB
CommitLimit:     9770208 kB
Committed_AS:    6407724 kB
VmallocTotal:   34359738367 kB
VmallocUsed:           0 kB
VmallocChunk:          0 kB
HardwareCorrupted:     0 kB
AnonHugePages:   1024000 kB
CmaTotal:              0 kB
CmaFree:               0 kB
HugePages_Total:       0
HugePages_Free:        0
HugePages_Rsvd:        0
HugePages_Surp:        0
Hugepagesize:       2048 kB
DirectMap4k:      121628 kB
DirectMap2M:     2893824 kB
DirectMap1G:     1048576 kB


CPU:total 4 (2 cores per cpu, 2 threads per core) family 6 model 60 stepping 3, cmov, cx8, fxsr, mmx, sse, sse2, sse3, ssse3, sse4.1, sse4.2, popcnt, avx, avx2, aes, erms, ht, tsc, tscinvbit

/proc/cpuinfo:
processor	: 0
vendor_id	: GenuineIntel
cpu family	: 6
model		: 60
model name	: Intel(R) Core(TM) i3-4170 CPU @ 3.70GHz
stepping	: 3
microcode	: 0x1e
cpu MHz		: 800.125
cache size	: 3072 KB
physical id	: 0
siblings	: 4
core id		: 0
cpu cores	: 2
apicid		: 0
initial apicid	: 0
fpu		: yes
fpu_exception	: yes
cpuid level	: 13
wp		: yes
flags		: fpu vme de pse tsc msr pae mce cx8 apic sep mtrr pge mca cmov pat pse36 clflush dts acpi mmx fxsr sse sse2 ss ht tm pbe syscall nx pdpe1gb rdtscp lm constant_tsc arch_perfmon pebs bts rep_good nopl xtopology nonstop_tsc aperfmperf eagerfpu pni pclmulqdq dtes64 monitor ds_cpl vmx est tm2 ssse3 sdbg fma cx16 xtpr pdcm pcid sse4_1 sse4_2 movbe popcnt tsc_deadline_timer aes xsave avx f16c rdrand lahf_lm abm epb tpr_shadow vnmi flexpriority ept vpid fsgsbase tsc_adjust bmi1 avx2 smep bmi2 erms invpcid xsaveopt dtherm arat pln pts
bugs		:
bogomips	: 7382.73
clflush size	: 64
cache_alignment	: 64
address sizes	: 39 bits physical, 48 bits virtual
power management:

processor	: 1
vendor_id	: GenuineIntel
cpu family	: 6
model		: 60
model name	: Intel(R) Core(TM) i3-4170 CPU @ 3.70GHz
stepping	: 3
microcode	: 0x1e
cpu MHz		: 832.789
cache size	: 3072 KB
physical id	: 0
siblings	: 4
core id		: 1
cpu cores	: 2
apicid		: 2
initial apicid	: 2
fpu		: yes
fpu_exception	: yes
cpuid level	: 13
wp		: yes
flags		: fpu vme de pse tsc msr pae mce cx8 apic sep mtrr pge mca cmov pat pse36 clflush dts acpi mmx fxsr sse sse2 ss ht tm pbe syscall nx pdpe1gb rdtscp lm constant_tsc arch_perfmon pebs bts rep_good nopl xtopology nonstop_tsc aperfmperf eagerfpu pni pclmulqdq dtes64 monitor ds_cpl vmx est tm2 ssse3 sdbg fma cx16 xtpr pdcm pcid sse4_1 sse4_2 movbe popcnt tsc_deadline_timer aes xsave avx f16c rdrand lahf_lm abm epb tpr_shadow vnmi flexpriority ept vpid fsgsbase tsc_adjust bmi1 avx2 smep bmi2 erms invpcid xsaveopt dtherm arat pln pts
bugs		:
bogomips	: 7382.73
clflush size	: 64
cache_alignment	: 64
address sizes	: 39 bits physical, 48 bits virtual
power management:

processor	: 2
vendor_id	: GenuineIntel
cpu family	: 6
model		: 60
model name	: Intel(R) Core(TM) i3-4170 CPU @ 3.70GHz
stepping	: 3
microcode	: 0x1e
cpu MHz		: 800.125
cache size	: 3072 KB
physical id	: 0
siblings	: 4
core id		: 0
cpu cores	: 2
apicid		: 1
initial apicid	: 1
fpu		: yes
fpu_exception	: yes
cpuid level	: 13
wp		: yes
flags		: fpu vme de pse tsc msr pae mce cx8 apic sep mtrr pge mca cmov pat pse36 clflush dts acpi mmx fxsr sse sse2 ss ht tm pbe syscall nx pdpe1gb rdtscp lm constant_tsc arch_perfmon pebs bts rep_good nopl xtopology nonstop_tsc aperfmperf eagerfpu pni pclmulqdq dtes64 monitor ds_cpl vmx est tm2 ssse3 sdbg fma cx16 xtpr pdcm pcid sse4_1 sse4_2 movbe popcnt tsc_deadline_timer aes xsave avx f16c rdrand lahf_lm abm epb tpr_shadow vnmi flexpriority ept vpid fsgsbase tsc_adjust bmi1 avx2 smep bmi2 erms invpcid xsaveopt dtherm arat pln pts
bugs		:
bogomips	: 7382.73
clflush size	: 64
cache_alignment	: 64
address sizes	: 39 bits physical, 48 bits virtual
power management:

processor	: 3
vendor_id	: GenuineIntel
cpu family	: 6
model		: 60
model name	: Intel(R) Core(TM) i3-4170 CPU @ 3.70GHz
stepping	: 3
microcode	: 0x1e
cpu MHz		: 814.867
cache size	: 3072 KB
physical id	: 0
siblings	: 4
core id		: 1
cpu cores	: 2
apicid		: 3
initial apicid	: 3
fpu		: yes
fpu_exception	: yes
cpuid level	: 13
wp		: yes
flags		: fpu vme de pse tsc msr pae mce cx8 apic sep mtrr pge mca cmov pat pse36 clflush dts acpi mmx fxsr sse sse2 ss ht tm pbe syscall nx pdpe1gb rdtscp lm constant_tsc arch_perfmon pebs bts rep_good nopl xtopology nonstop_tsc aperfmperf eagerfpu pni pclmulqdq dtes64 monitor ds_cpl vmx est tm2 ssse3 sdbg fma cx16 xtpr pdcm pcid sse4_1 sse4_2 movbe popcnt tsc_deadline_timer aes xsave avx f16c rdrand lahf_lm abm epb tpr_shadow vnmi flexpriority ept vpid fsgsbase tsc_adjust bmi1 avx2 smep bmi2 erms invpcid xsaveopt dtherm arat pln pts
bugs		:
bogomips	: 7382.73
clflush size	: 64
cache_alignment	: 64
address sizes	: 39 bits physical, 48 bits virtual
power management:



Memory: 4k page, physical 3916240k(34156k free), swap 7812088k(7803996k free)

vm_info: Java HotSpot(TM) 64-Bit Server VM (24.51-b03) for linux-amd64 JRE (1.7.0_51-b13), built on Dec 18 2013 18:48:01 by "java_re" with gcc 4.3.0 20080428 (Red Hat 4.3.0-8)

time: Sun Jul 31 16:51:09 2016
elapsed time: 8 seconds

