#
# A fatal error has been detected by the Java Runtime Environment:
#
#  SIGSEGV (0xb) at pc=0x00007fdedd280462, pid=7062, tid=140595169826560
#
# JRE version: Java(TM) SE Runtime Environment (7.0_51-b13) (build 1.7.0_51-b13)
# Java VM: Java HotSpot(TM) 64-Bit Server VM (24.51-b03 mixed mode linux-amd64 compressed oops)
# Problematic frame:
# C  [librxtxSerial.so+0x6462]  read_byte_array+0x52
#
# Failed to write core dump. Core dumps have been disabled. To enable core dumping, try "ulimit -c unlimited" before starting Java again
#
# If you would like to submit a bug report, please visit:
#   http://bugreport.sun.com/bugreport/crash.jsp
# The crash happened outside the Java Virtual Machine in native code.
# See problematic frame for where to report the bug.
#

---------------  T H R E A D  ---------------

Current thread (0x00007fdec80d2000):  JavaThread "Thread-0" [_thread_in_native, id=7085, stack(0x00007fdedd179000,0x00007fdedd27a000)]

siginfo:si_signo=SIGSEGV: si_errno=0, si_code=1 (SEGV_MAPERR), si_addr=0xffffffffdd278478

Registers:
RAX=0xffffffffdd278470, RBX=0x000000000000001c, RCX=0x0000000000000001, RDX=0x00007fdf1e457a50
RSP=0x00007fdedd277c70, RBP=0x00007fdec80d21e8, RSI=0x00007fdedd283e30, RDI=0x00007fdedd283d3e
R8 =0x00007fdedd277be0, R9 =0x00000000ec627ca8, R10=0x0000000000000000, R11=0x00007fdf1e45c008
R12=0x00000000ffffffff, R13=0x0000000000000000, R14=0x00007fdedd277e40, R15=0x00007fdec80d2000
RIP=0x00007fdedd280462, EFLAGS=0x0000000000010202, CSGSFS=0x0000000000000033, ERR=0x0000000000000005
  TRAPNO=0x000000000000000e

Top of Stack: (sp=0x00007fdedd277c70)
0x00007fdedd277c70:   0000000000000000 0000000000000000
0x00007fdedd277c80:   ff0000000000ff00 0000000000000000
0x00007fdedd277c90:   0000000000000000 ffffffffdd278470
0x00007fdedd277ca0:   00a0ffff00a0ffff 0000000000000000
0x00007fdedd277cb0:   0000000000000000 0000000100000000
0x00007fdedd277cc0:   00007fdedd277db7 0000001c0014ffff
0x00007fdedd277cd0:   0000000000000000 0000000000000000
0x00007fdedd277ce0:   0000000000000000 0000000000000000
0x00007fdedd277cf0:   0000000000000000 0000000000000000
0x00007fdedd277d00:   00007fdec80d2000 0000000000000000
0x00007fdedd277d10:   0000001400000002 00007fdeec0017a8
0x00007fdedd277d20:   00007fdec80d2000 000000491501d9c3
0x00007fdedd277d30:   00007fdedd277d60 00007fdf1dc64dd0
0x00007fdedd277d40:   ffffffffffffffff 00007fdedd277db7
0x00007fdedd277d50:   000000000000001c 00007fdedd277da8
0x00007fdedd277d60:   00007fdec80d21e8 000000000000001c
0x00007fdedd277d70:   00007fdec80d21e8 0000000000000000
0x00007fdedd277d80:   00000000bfaf9e28 00007fdedd277e40
0x00007fdedd277d90:   00007fdec80d2000 00007fdedd28099c
0x00007fdedd277da0:   00000000bfaf9e28 00007fdedd277e40
0x00007fdedd277db0:   00007fdedd277e20 00000000bfaf9e30
0x00007fdedd277dc0:   00007fdedd277e20 00007fdf15012cd8
0x00007fdedd277dd0:   00007fdec80d2000 00007fdf1501d9c3
0x00007fdedd277de0:   00007fdedd277de0 00000000bfaf9e28
0x00007fdedd277df0:   00007fdedd277e40 00000000bfb0d828
0x00007fdedd277e00:   0000000000000000 00000000bfaf9e30
0x00007fdedd277e10:   0000000000000000 00007fdedd277e40
0x00007fdedd277e20:   00007fdedd277e98 00007fdf150061d4
0x00007fdedd277e30:   0000000000000000 00007fdf1500ecd6
0x00007fdedd277e40:   00000000ec627ca8 0000000000000001
0x00007fdedd277e50:   00000000ec628028 00007fdedd277e48
0x00007fdedd277e60:   00000000bfb0c8ad 00007fdedd277ec0 

Instructions: (pc=0x00007fdedd280462)
0x00007fdedd280442:   89 44 24 4c 48 c7 44 24 40 00 00 00 00 48 c7 44
0x00007fdedd280452:   24 38 00 00 00 00 e8 53 d7 ff ff 48 89 44 24 28
0x00007fdedd280462:   8b 40 08 45 85 e4 48 8b 54 24 28 44 8b 7c 24 4c
0x00007fdedd280472:   89 44 24 34 c7 42 08 00 00 00 00 78 0c 31 c0 e8 

Register to memory mapping:

RAX=0xffffffffdd278470 is an unknown value
RBX=0x000000000000001c is an unknown value
RCX=0x0000000000000001 is an unknown value
RDX=0x00007fdf1e457a50: <offset 0xe37a50> in /usr/lib/jvm/jdk1.7.0_51/jre/lib/amd64/server/libjvm.so at 0x00007fdf1d620000
RSP=0x00007fdedd277c70 is pointing into the stack for thread: 0x00007fdec80d2000
RBP=0x00007fdec80d21e8 is an unknown value
RSI=0x00007fdedd283e30: <offset 0x9e30> in /usr/lib/jvm/jdk1.7.0_51/jre/lib/amd64/librxtxSerial.so at 0x00007fdedd27a000
RDI=0x00007fdedd283d3e: <offset 0x9d3e> in /usr/lib/jvm/jdk1.7.0_51/jre/lib/amd64/librxtxSerial.so at 0x00007fdedd27a000
R8 =0x00007fdedd277be0 is pointing into the stack for thread: 0x00007fdec80d2000
R9 =0x00000000ec627ca8 is an oop
gnu.io.RXTXPort 
 - klass: 'gnu/io/RXTXPort'
R10=0x0000000000000000 is an unknown value
R11=0x00007fdf1e45c008: <offset 0xe3c008> in /usr/lib/jvm/jdk1.7.0_51/jre/lib/amd64/server/libjvm.so at 0x00007fdf1d620000
R12=0x00000000ffffffff is an unallocated location in the heap
R13=0x0000000000000000 is an unknown value
R14=0x00007fdedd277e40 is pointing into the stack for thread: 0x00007fdec80d2000
R15=0x00007fdec80d2000 is a thread


Stack: [0x00007fdedd179000,0x00007fdedd27a000],  sp=0x00007fdedd277c70,  free space=1019k
Native frames: (J=compiled Java code, j=interpreted, Vv=VM code, C=native code)
C  [librxtxSerial.so+0x6462]  read_byte_array+0x52

Java frames: (J=compiled Java code, j=interpreted, Vv=VM code)
j  gnu.io.RXTXPort.readByte()I+0
j  gnu.io.RXTXPort$SerialInputStream.read()I+61
j  PPD_Frame.serialEvent(Lgnu/io/SerialPortEvent;)V+24
j  gnu.io.RXTXPort.sendEvent(IZ)Z+382
v  ~StubRoutines::call_stub
j  gnu.io.RXTXPort.eventLoop()V+0
j  gnu.io.RXTXPort$MonitorThread.run()V+12
v  ~StubRoutines::call_stub

---------------  P R O C E S S  ---------------

Java Threads: ( => current thread )
=>0x00007fdec80d2000 JavaThread "Thread-0" [_thread_in_native, id=7085, stack(0x00007fdedd179000,0x00007fdedd27a000)]
  0x00007fdec8037800 JavaThread "Image Fetcher 0" daemon [_thread_blocked, id=7084, stack(0x00007fdedd42a000,0x00007fdedd52b000)]
  0x00007fdf1800a000 JavaThread "DestroyJavaVM" [_thread_blocked, id=7066, stack(0x00007fdf1d216000,0x00007fdf1d317000)]
  0x00007fdf18277800 JavaThread "AWT-EventQueue-0" [_thread_in_native, id=7083, stack(0x00007fdedd7aa000,0x00007fdedd8ab000)]
  0x00007fdf18274800 JavaThread "AWT-Shutdown" [_thread_blocked, id=7082, stack(0x00007fdedd8ab000,0x00007fdedd9ac000)]
  0x00007fdf181ea000 JavaThread "AWT-XAWT" daemon [_thread_in_native, id=7081, stack(0x00007fdede564000,0x00007fdede665000)]
  0x00007fdf181c7000 JavaThread "Java2D Disposer" daemon [_thread_blocked, id=7080, stack(0x00007fdedea95000,0x00007fdedeb96000)]
  0x00007fdf18097000 JavaThread "Service Thread" daemon [_thread_blocked, id=7078, stack(0x00007fdf0c38e000,0x00007fdf0c48f000)]
  0x00007fdf18094800 JavaThread "C2 CompilerThread1" daemon [_thread_blocked, id=7077, stack(0x00007fdf0c48f000,0x00007fdf0c590000)]
  0x00007fdf18091800 JavaThread "C2 CompilerThread0" daemon [_thread_in_native, id=7076, stack(0x00007fdf0c590000,0x00007fdf0c691000)]
  0x00007fdf1808f800 JavaThread "Signal Dispatcher" daemon [_thread_blocked, id=7075, stack(0x00007fdf0c691000,0x00007fdf0c792000)]
  0x00007fdf18070000 JavaThread "Finalizer" daemon [_thread_blocked, id=7074, stack(0x00007fdf0d151000,0x00007fdf0d252000)]
  0x00007fdf1806c000 JavaThread "Reference Handler" daemon [_thread_blocked, id=7073, stack(0x00007fdf0d252000,0x00007fdf0d353000)]

Other Threads:
  0x00007fdf18069800 VMThread [stack: 0x00007fdf0d353000,0x00007fdf0d454000] [id=7072]
  0x00007fdf180a9800 WatcherThread [stack: 0x00007fdf0c28d000,0x00007fdf0c38e000] [id=7079]

VM state:not at safepoint (normal execution)

VM Mutex/Monitor currently owned by a thread: None

Heap
 PSYoungGen      total 17920K, used 6179K [0x00000000ec080000, 0x00000000ed480000, 0x0000000100000000)
  eden space 15360K, 40% used [0x00000000ec080000,0x00000000ec688f60,0x00000000ecf80000)
  from space 2560K, 0% used [0x00000000ed200000,0x00000000ed200000,0x00000000ed480000)
  to   space 2560K, 0% used [0x00000000ecf80000,0x00000000ecf80000,0x00000000ed200000)
 ParOldGen       total 40448K, used 0K [0x00000000c4200000, 0x00000000c6980000, 0x00000000ec080000)
  object space 40448K, 0% used [0x00000000c4200000,0x00000000c4200000,0x00000000c6980000)
 PSPermGen       total 21504K, used 11719K [0x00000000bf000000, 0x00000000c0500000, 0x00000000c4200000)
  object space 21504K, 54% used [0x00000000bf000000,0x00000000bfb71df0,0x00000000c0500000)

Card table byte_map: [0x00007fdf14df7000,0x00007fdf15000000] byte_map_base: 0x00007fdf147ff000

Polling page: 0x00007fdf1f0a8000

Code Cache  [0x00007fdf15000000, 0x00007fdf15270000, 0x00007fdf18000000)
 total_blobs=509 nmethods=39 adapters=423 free_code_cache=48524Kb largest_free_block=49668096

Compilation events (10 events):
Event: 0.389 Thread 0x00007fdf18091800 nmethod 35 0x00007fdf15098d90 code [0x00007fdf15098ec0, 0x00007fdf15098f38]
Event: 0.396 Thread 0x00007fdf18094800 nmethod 33 0x00007fdf15094710 code [0x00007fdf15094a00, 0x00007fdf150957b0]
Event: 0.397 Thread 0x00007fdf18091800   36             java.util.Arrays::copyOfRange (63 bytes)
Event: 0.399 Thread 0x00007fdf18091800 nmethod 36 0x00007fdf15094250 code [0x00007fdf150943a0, 0x00007fdf150945b8]
Event: 0.405 Thread 0x00007fdf18094800   37             java.lang.String::<init> (67 bytes)
Event: 0.407 Thread 0x00007fdf18091800   38             java.lang.String::toLowerCase (472 bytes)
Event: 0.407 Thread 0x00007fdf18094800 nmethod 37 0x00007fdf15093cd0 code [0x00007fdf15093e20, 0x00007fdf150940b8]
Event: 0.428 Thread 0x00007fdf18091800 nmethod 38 0x00007fdf15096cd0 code [0x00007fdf15096f00, 0x00007fdf15097ee0]
Event: 0.442 Thread 0x00007fdf18094800   39             java.util.Arrays::binarySearch0 (95 bytes)
Event: 0.444 Thread 0x00007fdf18094800 nmethod 39 0x00007fdf15091e10 code [0x00007fdf15091f60, 0x00007fdf15092118]

GC Heap History (0 events):
No events

Deoptimization events (0 events):
No events

Internal exceptions (10 events):
Event: 0.231 Thread 0x00007fdf18277800 Threw 0x00000000ec391f58 at /HUDSON/workspace/7u-2-build-linux-amd64@2/jdk7u51/527/hotspot/src/share/vm/prims/jvm.cpp:1244
Event: 0.231 Thread 0x00007fdf18277800 Threw 0x00000000ec393670 at /HUDSON/workspace/7u-2-build-linux-amd64@2/jdk7u51/527/hotspot/src/share/vm/prims/jvm.cpp:1244
Event: 0.231 Thread 0x00007fdf18277800 Threw 0x00000000ec3971b0 at /HUDSON/workspace/7u-2-build-linux-amd64@2/jdk7u51/527/hotspot/src/share/vm/prims/jvm.cpp:1244
Event: 0.231 Thread 0x00007fdf18277800 Threw 0x00000000ec3988c8 at /HUDSON/workspace/7u-2-build-linux-amd64@2/jdk7u51/527/hotspot/src/share/vm/prims/jvm.cpp:1244
Event: 0.295 Thread 0x00007fdf18277800 Threw 0x00000000ec469aa8 at /HUDSON/workspace/7u-2-build-linux-amd64@2/jdk7u51/527/hotspot/src/share/vm/prims/jvm.cpp:1244
Event: 0.296 Thread 0x00007fdf18277800 Threw 0x00000000ec505138 at /HUDSON/workspace/7u-2-build-linux-amd64@2/jdk7u51/527/hotspot/src/share/vm/prims/jvm.cpp:1244
Event: 0.362 Thread 0x00007fdf18277800 Threw 0x00000000ec5d3660 at /HUDSON/workspace/7u-2-build-linux-amd64@2/jdk7u51/527/hotspot/src/share/vm/prims/jni.cpp:717
Event: 0.380 Thread 0x00007fdf18277800 Threw 0x00000000ec5e6960 at /HUDSON/workspace/7u-2-build-linux-amd64@2/jdk7u51/527/hotspot/src/share/vm/prims/jni.cpp:717
Event: 0.383 Thread 0x00007fdf18277800 Threw 0x00000000ec5f8348 at /HUDSON/workspace/7u-2-build-linux-amd64@2/jdk7u51/527/hotspot/src/share/vm/prims/jni.cpp:717
Event: 0.405 Thread 0x00007fdf18277800 Threw 0x00000000ec60b2b8 at /HUDSON/workspace/7u-2-build-linux-amd64@2/jdk7u51/527/hotspot/src/share/vm/prims/jni.cpp:717

Events (10 events):
Event: 0.444 loading class 0x00007fdee802f090 done
Event: 0.444 loading class 0x00007fdf18168730 done
Event: 0.444 loading class 0x00007fdee8255990
Event: 0.445 loading class 0x00007fdf18168670
Event: 0.445 loading class 0x00007fdf18168670 done
Event: 0.445 loading class 0x00007fdee8255990 done
Event: 0.446 loading class 0x00007fdf18168710
Event: 0.446 loading class 0x00007fdf18168710 done
Event: 0.446 loading class 0x00007fdf18167de0
Event: 0.446 loading class 0x00007fdf18167de0 done


Dynamic libraries:
00400000-00401000 r-xp 00000000 08:07 937188                             /usr/lib/jvm/jdk1.7.0_51/bin/java
00600000-00601000 rw-p 00000000 08:07 937188                             /usr/lib/jvm/jdk1.7.0_51/bin/java
00797000-007b8000 rw-p 00000000 00:00 0                                  [heap]
bf000000-c0500000 rw-p 00000000 00:00 0 
c0500000-c4200000 rw-p 00000000 00:00 0 
c4200000-c6980000 rw-p 00000000 00:00 0 
c6980000-ec080000 rw-p 00000000 00:00 0 
ec080000-ed480000 rw-p 00000000 00:00 0 
ed480000-100000000 rw-p 00000000 00:00 0 
7fdec0000000-7fdec0021000 rw-p 00000000 00:00 0 
7fdec0021000-7fdec4000000 ---p 00000000 00:00 0 
7fdec8000000-7fdec80d6000 rw-p 00000000 00:00 0 
7fdec80d6000-7fdecc000000 ---p 00000000 00:00 0 
7fdecc000000-7fdecc051000 rw-p 00000000 00:00 0 
7fdecc051000-7fded0000000 ---p 00000000 00:00 0 
7fded0000000-7fded0021000 rw-p 00000000 00:00 0 
7fded0021000-7fded4000000 ---p 00000000 00:00 0 
7fded4000000-7fded4021000 rw-p 00000000 00:00 0 
7fded4021000-7fded8000000 ---p 00000000 00:00 0 
7fded8000000-7fded8021000 rw-p 00000000 00:00 0 
7fded8021000-7fdedc000000 ---p 00000000 00:00 0 
7fdedcc08000-7fdedcc32000 r-xp 00000000 08:07 1836084                    /usr/lib/jvm/jdk1.7.0_51/jre/lib/amd64/libdcpr.so
7fdedcc32000-7fdedce32000 ---p 0002a000 08:07 1836084                    /usr/lib/jvm/jdk1.7.0_51/jre/lib/amd64/libdcpr.so
7fdedce32000-7fdedce35000 rw-p 0002a000 08:07 1836084                    /usr/lib/jvm/jdk1.7.0_51/jre/lib/amd64/libdcpr.so
7fdedce35000-7fdedd025000 rw-s 00000000 00:05 61079603                   /SYSV00000000 (deleted)
7fdedd025000-7fdedd030000 r--s 00000000 08:07 2890696                    /var/cache/fontconfig/945677eb7aeaf62f1d50efc3fb3ec7d8-le64.cache-6
7fdedd030000-7fdedd036000 r--s 00000000 08:07 2890678                    /var/cache/fontconfig/2cd17615ca594fa2959ae173292e504c-le64.cache-6
7fdedd036000-7fdedd03a000 r--s 00000000 08:07 2885053                    /var/cache/fontconfig/de156ccd2eddbdc19d37a45b8b2aac9c-le64.cache-6
7fdedd03a000-7fdedd04f000 r--s 00000000 08:07 2890672                    /var/cache/fontconfig/04aabc0a78ac019cf9454389977116d2-le64.cache-6
7fdedd04f000-7fdedd053000 r--s 00000000 08:07 2890682                    /var/cache/fontconfig/385c0604a188198f04d133e54aba7fe7-le64.cache-6
7fdedd053000-7fdedd056000 r--s 00000000 08:07 2890692                    /var/cache/fontconfig/767a8244fc0220cfb567a839d0392e0b-le64.cache-6
7fdedd056000-7fdedd05b000 r--s 00000000 08:07 2890695                    /var/cache/fontconfig/8801497958630a81b71ace7c5f9b32a8-le64.cache-6
7fdedd05b000-7fdedd062000 r--s 00000000 08:07 2890679                    /var/cache/fontconfig/3047814df9a2f067bd2d96a2b9c36e5a-le64.cache-6
7fdedd062000-7fdedd068000 r--s 00000000 08:07 2890700                    /var/cache/fontconfig/b47c4e1ecd0709278f4910c18777a504-le64.cache-6
7fdedd179000-7fdedd17c000 ---p 00000000 00:00 0 
7fdedd17c000-7fdedd27a000 rw-p 00000000 00:00 0 
7fdedd27a000-7fdedd286000 r-xp 00000000 08:07 1835128                    /usr/lib/jvm/jdk1.7.0_51/jre/lib/amd64/librxtxSerial.so
7fdedd286000-7fdedd385000 ---p 0000c000 08:07 1835128                    /usr/lib/jvm/jdk1.7.0_51/jre/lib/amd64/librxtxSerial.so
7fdedd385000-7fdedd387000 rw-p 0000b000 08:07 1835128                    /usr/lib/jvm/jdk1.7.0_51/jre/lib/amd64/librxtxSerial.so
7fdedd387000-7fdedd3a0000 r--s 00000000 08:07 527849                     /usr/share/fonts/type1/gsfonts/n022004l.pfb
7fdedd3a0000-7fdedd3b9000 r--s 00000000 08:07 527834                     /usr/share/fonts/type1/gsfonts/n021003l.pfb
7fdedd3b9000-7fdedd3cf000 r--s 00000000 08:07 527843                     /usr/share/fonts/type1/gsfonts/n021024l.pfb
7fdedd3cf000-7fdedd3e5000 r--s 00000000 08:07 527852                     /usr/share/fonts/type1/gsfonts/n022023l.pfb
7fdedd3e5000-7fdedd3fc000 r--s 00000000 08:07 527840                     /usr/share/fonts/type1/gsfonts/n021023l.pfb
7fdedd3fc000-7fdedd40d000 r--s 00000000 08:07 527816                     /usr/share/fonts/type1/gsfonts/n019023l.pfb
7fdedd40d000-7fdedd421000 r--s 00000000 08:07 527810                     /usr/share/fonts/type1/gsfonts/n019003l.pfb
7fdedd421000-7fdedd42a000 r--s 00000000 08:07 527870                     /usr/share/fonts/type1/gsfonts/s050000l.pfb
7fdedd42a000-7fdedd42d000 ---p 00000000 00:00 0 
7fdedd42d000-7fdedd52b000 rw-p 00000000 00:00 0 
7fdedd52b000-7fdedd593000 r-xp 00000000 08:07 1836082                    /usr/lib/jvm/jdk1.7.0_51/jre/lib/amd64/libt2k.so
7fdedd593000-7fdedd793000 ---p 00068000 08:07 1836082                    /usr/lib/jvm/jdk1.7.0_51/jre/lib/amd64/libt2k.so
7fdedd793000-7fdedd79a000 rw-p 00068000 08:07 1836082                    /usr/lib/jvm/jdk1.7.0_51/jre/lib/amd64/libt2k.so
7fdedd79a000-7fdedd7aa000 rw-p 00000000 00:00 0 
7fdedd7aa000-7fdedd7ad000 ---p 00000000 00:00 0 
7fdedd7ad000-7fdedd8ab000 rw-p 00000000 00:00 0 
7fdedd8ab000-7fdedd8ae000 ---p 00000000 00:00 0 
7fdedd8ae000-7fdedd9ac000 rw-p 00000000 00:00 0 
7fdedd9ac000-7fdedd9bc000 r-xp 00000000 08:07 1836051                    /usr/lib/jvm/jdk1.7.0_51/jre/lib/amd64/libnio.so
7fdedd9bc000-7fdeddbbc000 ---p 00010000 08:07 1836051                    /usr/lib/jvm/jdk1.7.0_51/jre/lib/amd64/libnio.so
7fdeddbbc000-7fdeddbbd000 rw-p 00010000 08:07 1836051                    /usr/lib/jvm/jdk1.7.0_51/jre/lib/amd64/libnio.so
7fdeddbbd000-7fdeddebe000 rw-p 00000000 00:00 0 
7fdeddebe000-7fdedded4000 r-xp 00000000 08:07 1836056                    /usr/lib/jvm/jdk1.7.0_51/jre/lib/amd64/libnet.so
7fdedded4000-7fdede0d4000 ---p 00016000 08:07 1836056                    /usr/lib/jvm/jdk1.7.0_51/jre/lib/amd64/libnet.so
7fdede0d4000-7fdede0d5000 rw-p 00016000 08:07 1836056                    /usr/lib/jvm/jdk1.7.0_51/jre/lib/amd64/libnet.so
7fdede0d5000-7fdede0eb000 r-xp 00000000 08:07 2364498                    /lib/x86_64-linux-gnu/libgcc_s.so.1
7fdede0eb000-7fdede2ea000 ---p 00016000 08:07 2364498                    /lib/x86_64-linux-gnu/libgcc_s.so.1
7fdede2ea000-7fdede2eb000 rw-p 00015000 08:07 2364498                    /lib/x86_64-linux-gnu/libgcc_s.so.1
7fdede2eb000-7fdede350000 r-xp 00000000 08:07 1836052                    /usr/lib/jvm/jdk1.7.0_51/jre/lib/amd64/libfontmanager.so
7fdede350000-7fdede54f000 ---p 00065000 08:07 1836052                    /usr/lib/jvm/jdk1.7.0_51/jre/lib/amd64/libfontmanager.so
7fdede54f000-7fdede553000 rw-p 00064000 08:07 1836052                    /usr/lib/jvm/jdk1.7.0_51/jre/lib/amd64/libfontmanager.so
7fdede553000-7fdede564000 rw-p 00000000 00:00 0 
7fdede564000-7fdede567000 ---p 00000000 00:00 0 
7fdede567000-7fdede665000 rw-p 00000000 00:00 0 
7fdede665000-7fdede66a000 r-xp 00000000 08:07 2762080                    /usr/lib/x86_64-linux-gnu/libXfixes.so.3.1.0
7fdede66a000-7fdede869000 ---p 00005000 08:07 2762080                    /usr/lib/x86_64-linux-gnu/libXfixes.so.3.1.0
7fdede869000-7fdede86a000 r--p 00004000 08:07 2762080                    /usr/lib/x86_64-linux-gnu/libXfixes.so.3.1.0
7fdede86a000-7fdede86b000 rw-p 00005000 08:07 2762080                    /usr/lib/x86_64-linux-gnu/libXfixes.so.3.1.0
7fdede86b000-7fdede874000 r-xp 00000000 08:07 2762072                    /usr/lib/x86_64-linux-gnu/libXcursor.so.1.0.2
7fdede874000-7fdedea73000 ---p 00009000 08:07 2762072                    /usr/lib/x86_64-linux-gnu/libXcursor.so.1.0.2
7fdedea73000-7fdedea74000 r--p 00008000 08:07 2762072                    /usr/lib/x86_64-linux-gnu/libXcursor.so.1.0.2
7fdedea74000-7fdedea75000 rw-p 00009000 08:07 2762072                    /usr/lib/x86_64-linux-gnu/libXcursor.so.1.0.2
7fdedea75000-7fdedea76000 r--s 00000000 08:07 2890675                    /var/cache/fontconfig/0d8c3b2ac0904cb8a57a757ad11a4a08-le64.cache-6
7fdedea76000-7fdedea77000 r--s 00000000 08:07 2890677                    /var/cache/fontconfig/1ac9eb803944fde146138c791f5cc56a-le64.cache-6
7fdedea77000-7fdedea8a000 r--s 00000000 08:07 2890706                    /var/cache/fontconfig/d52a8644073d54c13679302ca1180695-le64.cache-6
7fdedea8a000-7fdedea95000 r--s 00000000 08:07 2887795                    /var/cache/fontconfig/d589a48862398ed80a3d6066f4f56f4c-le64.cache-6
7fdedea95000-7fdedea98000 ---p 00000000 00:00 0 
7fdedea98000-7fdedeb96000 rw-p 00000000 00:00 0 
7fdedeb96000-7fdedeb9b000 r-xp 00000000 08:07 2762076                    /usr/lib/x86_64-linux-gnu/libXdmcp.so.6.0.0
7fdedeb9b000-7fdeded9a000 ---p 00005000 08:07 2762076                    /usr/lib/x86_64-linux-gnu/libXdmcp.so.6.0.0
7fdeded9a000-7fdeded9b000 r--p 00004000 08:07 2762076                    /usr/lib/x86_64-linux-gnu/libXdmcp.so.6.0.0
7fdeded9b000-7fdeded9c000 rw-p 00005000 08:07 2762076                    /usr/lib/x86_64-linux-gnu/libXdmcp.so.6.0.0
7fdeded9c000-7fdeded9e000 r-xp 00000000 08:07 2762065                    /usr/lib/x86_64-linux-gnu/libXau.so.6.0.0
7fdeded9e000-7fdedef9e000 ---p 00002000 08:07 2762065                    /usr/lib/x86_64-linux-gnu/libXau.so.6.0.0
7fdedef9e000-7fdedef9f000 r--p 00002000 08:07 2762065                    /usr/lib/x86_64-linux-gnu/libXau.so.6.0.0
7fdedef9f000-7fdedefa0000 rw-p 00003000 08:07 2762065                    /usr/lib/x86_64-linux-gnu/libXau.so.6.0.0
7fdedefa0000-7fdedefc1000 r-xp 00000000 08:07 2763443                    /usr/lib/x86_64-linux-gnu/libxcb.so.1.1.0
7fdedefc1000-7fdedf1c0000 ---p 00021000 08:07 2763443                    /usr/lib/x86_64-linux-gnu/libxcb.so.1.1.0
7fdedf1c0000-7fdedf1c1000 r--p 00020000 08:07 2763443                    /usr/lib/x86_64-linux-gnu/libxcb.so.1.1.0
7fdedf1c1000-7fdedf1c2000 rw-p 00021000 08:07 2763443                    /usr/lib/x86_64-linux-gnu/libxcb.so.1.1.0
7fdedf1c2000-7fdedf1d1000 r-xp 00000000 08:07 2762086                    /usr/lib/x86_64-linux-gnu/libXi.so.6.1.0
7fdedf1d1000-7fdedf3d0000 ---p 0000f000 08:07 2762086                    /usr/lib/x86_64-linux-gnu/libXi.so.6.1.0
7fdedf3d0000-7fdedf3d1000 r--p 0000e000 08:07 2762086                    /usr/lib/x86_64-linux-gnu/libXi.so.6.1.0
7fdedf3d1000-7fdedf3d2000 rw-p 0000f000 08:07 2762086                    /usr/lib/x86_64-linux-gnu/libXi.so.6.1.0
7fdedf3d2000-7fdedf3d7000 r-xp 00000000 08:07 2762104                    /usr/lib/x86_64-linux-gnu/libXtst.so.6.1.0
7fdedf3d7000-7fdedf5d6000 ---p 00005000 08:07 2762104                    /usr/lib/x86_64-linux-gnu/libXtst.so.6.1.0
7fdedf5d6000-7fdedf5d7000 r--p 00004000 08:07 2762104                    /usr/lib/x86_64-linux-gnu/libXtst.so.6.1.0
7fdedf5d7000-7fdedf5d8000 rw-p 00005000 08:07 2762104                    /usr/lib/x86_64-linux-gnu/libXtst.so.6.1.0
7fdedf5d8000-7fdedf5e1000 r-xp 00000000 08:07 2762098                    /usr/lib/x86_64-linux-gnu/libXrender.so.1.3.0
7fdedf5e1000-7fdedf7e0000 ---p 00009000 08:07 2762098                    /usr/lib/x86_64-linux-gnu/libXrender.so.1.3.0
7fdedf7e0000-7fdedf7e1000 r--p 00008000 08:07 2762098                    /usr/lib/x86_64-linux-gnu/libXrender.so.1.3.0
7fdedf7e1000-7fdedf7e2000 rw-p 00009000 08:07 2762098                    /usr/lib/x86_64-linux-gnu/libXrender.so.1.3.0
7fdedf7e2000-7fdedf917000 r-xp 00000000 08:07 2762061                    /usr/lib/x86_64-linux-gnu/libX11.so.6.3.0
7fdedf917000-7fdedfb17000 ---p 00135000 08:07 2762061                    /usr/lib/x86_64-linux-gnu/libX11.so.6.3.0
7fdedfb17000-7fdedfb18000 r--p 00135000 08:07 2762061                    /usr/lib/x86_64-linux-gnu/libX11.so.6.3.0
7fdedfb18000-7fdedfb1c000 rw-p 00136000 08:07 2762061                    /usr/lib/x86_64-linux-gnu/libX11.so.6.3.0
7fdedfb1c000-7fdedfb2d000 r-xp 00000000 08:07 2762078                    /usr/lib/x86_64-linux-gnu/libXext.so.6.4.0
7fdedfb2d000-7fdedfd2c000 ---p 00011000 08:07 2762078                    /usr/lib/x86_64-linux-gnu/libXext.so.6.4.0
7fdedfd2c000-7fdedfd2d000 r--p 00010000 08:07 2762078                    /usr/lib/x86_64-linux-gnu/libXext.so.6.4.0
7fdedfd2d000-7fdedfd2e000 rw-p 00011000 08:07 2762078                    /usr/lib/x86_64-linux-gnu/libXext.so.6.4.0
7fdedfd2e000-7fdedfdd0000 r-xp 00000000 08:07 1836064                    /usr/lib/jvm/jdk1.7.0_51/jre/lib/amd64/libawt.so
7fdedfdd0000-7fdedffd0000 ---p 000a2000 08:07 1836064                    /usr/lib/jvm/jdk1.7.0_51/jre/lib/amd64/libawt.so
7fdedffd0000-7fdedffdc000 rw-p 000a2000 08:07 1836064                    /usr/lib/jvm/jdk1.7.0_51/jre/lib/amd64/libawt.so
7fdedffdc000-7fdee0000000 rw-p 00000000 00:00 0 
7fdee0000000-7fdee0021000 rw-p 00000000 00:00 0 
7fdee0021000-7fdee4000000 ---p 00000000 00:00 0 
7fdee4000000-7fdee4021000 rw-p 00000000 00:00 0 
7fdee4021000-7fdee8000000 ---p 00000000 00:00 0 
7fdee8000000-7fdee82ab000 rw-p 00000000 00:00 0 
7fdee82ab000-7fdeec000000 ---p 00000000 00:00 0 
7fdeec000000-7fdeec3ae000 rw-p 00000000 00:00 0 
7fdeec3ae000-7fdef0000000 ---p 00000000 00:00 0 
7fdef0000000-7fdef0021000 rw-p 00000000 00:00 0 
7fdef0021000-7fdef4000000 ---p 00000000 00:00 0 
7fdef4000000-7fdef4021000 rw-p 00000000 00:00 0 
7fdef4021000-7fdef8000000 ---p 00000000 00:00 0 
7fdef8000000-7fdef8021000 rw-p 00000000 00:00 0 
7fdef8021000-7fdefc000000 ---p 00000000 00:00 0 
7fdefc000000-7fdefc021000 rw-p 00000000 00:00 0 
7fdefc021000-7fdf00000000 ---p 00000000 00:00 0 
7fdf00000000-7fdf00021000 rw-p 00000000 00:00 0 
7fdf00021000-7fdf04000000 ---p 00000000 00:00 0 
7fdf04000000-7fdf04021000 rw-p 00000000 00:00 0 
7fdf04021000-7fdf08000000 ---p 00000000 00:00 0 
7fdf08000000-7fdf08021000 rw-p 00000000 00:00 0 
7fdf08021000-7fdf0c000000 ---p 00000000 00:00 0 
7fdf0c000000-7fdf0c001000 r--s 00000000 08:07 2890709                    /var/cache/fontconfig/dc05db6664285cc2f12bf69c139ae4c3-le64.cache-6
7fdf0c001000-7fdf0c013000 r--s 00000000 08:07 2886108                    /var/cache/fontconfig/9b89f8e3dae116d678bbf48e5f21f69b-le64.cache-6
7fdf0c013000-7fdf0c038000 r--p 00000000 08:07 397003                     /usr/share/locale-langpack/es/LC_MESSAGES/libc.mo
7fdf0c038000-7fdf0c088000 r-xp 00000000 08:07 1836094                    /usr/lib/jvm/jdk1.7.0_51/jre/lib/amd64/xawt/libmawt.so
7fdf0c088000-7fdf0c288000 ---p 00050000 08:07 1836094                    /usr/lib/jvm/jdk1.7.0_51/jre/lib/amd64/xawt/libmawt.so
7fdf0c288000-7fdf0c28c000 rw-p 00050000 08:07 1836094                    /usr/lib/jvm/jdk1.7.0_51/jre/lib/amd64/xawt/libmawt.so
7fdf0c28c000-7fdf0c28d000 rw-p 00000000 00:00 0 
7fdf0c28d000-7fdf0c28e000 ---p 00000000 00:00 0 
7fdf0c28e000-7fdf0c38e000 rw-p 00000000 00:00 0 
7fdf0c38e000-7fdf0c391000 ---p 00000000 00:00 0 
7fdf0c391000-7fdf0c48f000 rw-p 00000000 00:00 0 
7fdf0c48f000-7fdf0c492000 ---p 00000000 00:00 0 
7fdf0c492000-7fdf0c590000 rw-p 00000000 00:00 0 
7fdf0c590000-7fdf0c593000 ---p 00000000 00:00 0 
7fdf0c593000-7fdf0c691000 rw-p 00000000 00:00 0 
7fdf0c691000-7fdf0c694000 ---p 00000000 00:00 0 
7fdf0c694000-7fdf0c792000 rw-p 00000000 00:00 0 
7fdf0c792000-7fdf0d151000 r--p 00000000 08:07 2760681                    /usr/lib/locale/locale-archive
7fdf0d151000-7fdf0d154000 ---p 00000000 00:00 0 
7fdf0d154000-7fdf0d252000 rw-p 00000000 00:00 0 
7fdf0d252000-7fdf0d255000 ---p 00000000 00:00 0 
7fdf0d255000-7fdf0d353000 rw-p 00000000 00:00 0 
7fdf0d353000-7fdf0d354000 ---p 00000000 00:00 0 
7fdf0d354000-7fdf10000000 rw-p 00000000 00:00 0 
7fdf10000000-7fdf10021000 rw-p 00000000 00:00 0 
7fdf10021000-7fdf14000000 ---p 00000000 00:00 0 
7fdf14000000-7fdf14001000 r--s 00000000 08:07 2883743                    /var/cache/fontconfig/4794a0821666d79190d59a36cb4f44b5-le64.cache-6
7fdf14001000-7fdf14002000 r--s 00000000 08:07 2890702                    /var/cache/fontconfig/bab58bb527bb656aaa9f116d68a48d89-le64.cache-6
7fdf14002000-7fdf14003000 r--s 00000000 08:07 2890686                    /var/cache/fontconfig/56cf4f4769d0f4abc89a4895d7bd3ae1-le64.cache-6
7fdf14003000-7fdf14006000 r--s 00000000 08:07 2890691                    /var/cache/fontconfig/75114ca45c98e8a441da0ff356701271-le64.cache-6
7fdf14006000-7fdf14011000 r--s 00000000 08:07 2890694                    /var/cache/fontconfig/83bf95040141907cd45bb53cf7c1c148-le64.cache-6
7fdf14011000-7fdf14478000 rw-p 00000000 00:00 0 
7fdf14478000-7fdf14635000 r--s 039bf000 08:07 1057153                    /usr/lib/jvm/jdk1.7.0_51/jre/lib/rt.jar
7fdf14635000-7fdf148b3000 rw-p 00000000 00:00 0 
7fdf148b3000-7fdf148b4000 ---p 00000000 00:00 0 
7fdf148b4000-7fdf149b4000 rw-p 00000000 00:00 0 
7fdf149b4000-7fdf149b5000 ---p 00000000 00:00 0 
7fdf149b5000-7fdf14ab5000 rw-p 00000000 00:00 0 
7fdf14ab5000-7fdf14ab6000 ---p 00000000 00:00 0 
7fdf14ab6000-7fdf14bb6000 rw-p 00000000 00:00 0 
7fdf14bb6000-7fdf14bb7000 ---p 00000000 00:00 0 
7fdf14bb7000-7fdf14ccb000 rw-p 00000000 00:00 0 
7fdf14ccb000-7fdf14df7000 rw-p 00000000 00:00 0 
7fdf14df7000-7fdf14e02000 rw-p 00000000 00:00 0 
7fdf14e02000-7fdf14e20000 rw-p 00000000 00:00 0 
7fdf14e20000-7fdf14e34000 rw-p 00000000 00:00 0 
7fdf14e34000-7fdf14f5f000 rw-p 00000000 00:00 0 
7fdf14f5f000-7fdf14f6a000 rw-p 00000000 00:00 0 
7fdf14f6a000-7fdf14fff000 rw-p 00000000 00:00 0 
7fdf14fff000-7fdf15000000 rw-p 00000000 00:00 0 
7fdf15000000-7fdf15270000 rwxp 00000000 00:00 0 
7fdf15270000-7fdf18280000 rw-p 00000000 00:00 0 
7fdf18280000-7fdf1c000000 ---p 00000000 00:00 0 
7fdf1c000000-7fdf1c001000 r--s 00000000 08:07 2890701                    /var/cache/fontconfig/b9d506c9ac06c20b433354fa67a72993-le64.cache-6
7fdf1c001000-7fdf1c002000 r--s 00000000 08:07 2890685                    /var/cache/fontconfig/551ecf3b0e8b0bca0f25c0944f561853-le64.cache-6
7fdf1c002000-7fdf1c005000 r--s 00000000 08:07 2890710                    /var/cache/fontconfig/e13b20fdb08344e0e664864cc2ede53d-le64.cache-6
7fdf1c005000-7fdf1c009000 r--s 00000000 08:07 2883629                    /var/cache/fontconfig/7ef2298fde41cc6eeb7af42e48b7d293-le64.cache-6
7fdf1c009000-7fdf1c014000 r--s 0037c000 08:07 1057110                    /usr/lib/jvm/jdk1.7.0_51/jre/lib/charsets.jar
7fdf1c014000-7fdf1c0c4000 rw-p 00000000 00:00 0 
7fdf1c0c4000-7fdf1c17a000 rw-p 00000000 00:00 0 
7fdf1c17a000-7fdf1c194000 r-xp 00000000 08:07 1836101                    /usr/lib/jvm/jdk1.7.0_51/jre/lib/amd64/libzip.so
7fdf1c194000-7fdf1c394000 ---p 0001a000 08:07 1836101                    /usr/lib/jvm/jdk1.7.0_51/jre/lib/amd64/libzip.so
7fdf1c394000-7fdf1c395000 rw-p 0001a000 08:07 1836101                    /usr/lib/jvm/jdk1.7.0_51/jre/lib/amd64/libzip.so
7fdf1c395000-7fdf1c3a0000 r-xp 00000000 08:07 2364559                    /lib/x86_64-linux-gnu/libnss_files-2.23.so
7fdf1c3a0000-7fdf1c59f000 ---p 0000b000 08:07 2364559                    /lib/x86_64-linux-gnu/libnss_files-2.23.so
7fdf1c59f000-7fdf1c5a0000 r--p 0000a000 08:07 2364559                    /lib/x86_64-linux-gnu/libnss_files-2.23.so
7fdf1c5a0000-7fdf1c5a1000 rw-p 0000b000 08:07 2364559                    /lib/x86_64-linux-gnu/libnss_files-2.23.so
7fdf1c5a1000-7fdf1c5a7000 rw-p 00000000 00:00 0 
7fdf1c5a7000-7fdf1c5b2000 r-xp 00000000 08:07 2364569                    /lib/x86_64-linux-gnu/libnss_nis-2.23.so
7fdf1c5b2000-7fdf1c7b1000 ---p 0000b000 08:07 2364569                    /lib/x86_64-linux-gnu/libnss_nis-2.23.so
7fdf1c7b1000-7fdf1c7b2000 r--p 0000a000 08:07 2364569                    /lib/x86_64-linux-gnu/libnss_nis-2.23.so
7fdf1c7b2000-7fdf1c7b3000 rw-p 0000b000 08:07 2364569                    /lib/x86_64-linux-gnu/libnss_nis-2.23.so
7fdf1c7b3000-7fdf1c7c9000 r-xp 00000000 08:07 2364553                    /lib/x86_64-linux-gnu/libnsl-2.23.so
7fdf1c7c9000-7fdf1c9c8000 ---p 00016000 08:07 2364553                    /lib/x86_64-linux-gnu/libnsl-2.23.so
7fdf1c9c8000-7fdf1c9c9000 r--p 00015000 08:07 2364553                    /lib/x86_64-linux-gnu/libnsl-2.23.so
7fdf1c9c9000-7fdf1c9ca000 rw-p 00016000 08:07 2364553                    /lib/x86_64-linux-gnu/libnsl-2.23.so
7fdf1c9ca000-7fdf1c9cc000 rw-p 00000000 00:00 0 
7fdf1c9cc000-7fdf1c9d4000 r-xp 00000000 08:07 2364555                    /lib/x86_64-linux-gnu/libnss_compat-2.23.so
7fdf1c9d4000-7fdf1cbd3000 ---p 00008000 08:07 2364555                    /lib/x86_64-linux-gnu/libnss_compat-2.23.so
7fdf1cbd3000-7fdf1cbd4000 r--p 00007000 08:07 2364555                    /lib/x86_64-linux-gnu/libnss_compat-2.23.so
7fdf1cbd4000-7fdf1cbd5000 rw-p 00008000 08:07 2364555                    /lib/x86_64-linux-gnu/libnss_compat-2.23.so
7fdf1cbd5000-7fdf1cbfe000 r-xp 00000000 08:07 1836085                    /usr/lib/jvm/jdk1.7.0_51/jre/lib/amd64/libjava.so
7fdf1cbfe000-7fdf1cdfe000 ---p 00029000 08:07 1836085                    /usr/lib/jvm/jdk1.7.0_51/jre/lib/amd64/libjava.so
7fdf1cdfe000-7fdf1ce00000 rw-p 00029000 08:07 1836085                    /usr/lib/jvm/jdk1.7.0_51/jre/lib/amd64/libjava.so
7fdf1ce00000-7fdf1ce0d000 r-xp 00000000 08:07 1836083                    /usr/lib/jvm/jdk1.7.0_51/jre/lib/amd64/libverify.so
7fdf1ce0d000-7fdf1d00c000 ---p 0000d000 08:07 1836083                    /usr/lib/jvm/jdk1.7.0_51/jre/lib/amd64/libverify.so
7fdf1d00c000-7fdf1d00e000 rw-p 0000c000 08:07 1836083                    /usr/lib/jvm/jdk1.7.0_51/jre/lib/amd64/libverify.so
7fdf1d00e000-7fdf1d015000 r-xp 00000000 08:07 2364614                    /lib/x86_64-linux-gnu/librt-2.23.so
7fdf1d015000-7fdf1d214000 ---p 00007000 08:07 2364614                    /lib/x86_64-linux-gnu/librt-2.23.so
7fdf1d214000-7fdf1d215000 r--p 00006000 08:07 2364614                    /lib/x86_64-linux-gnu/librt-2.23.so
7fdf1d215000-7fdf1d216000 rw-p 00007000 08:07 2364614                    /lib/x86_64-linux-gnu/librt-2.23.so
7fdf1d216000-7fdf1d219000 ---p 00000000 00:00 0 
7fdf1d219000-7fdf1d317000 rw-p 00000000 00:00 0 
7fdf1d317000-7fdf1d41f000 r-xp 00000000 08:07 2364530                    /lib/x86_64-linux-gnu/libm-2.23.so
7fdf1d41f000-7fdf1d61e000 ---p 00108000 08:07 2364530                    /lib/x86_64-linux-gnu/libm-2.23.so
7fdf1d61e000-7fdf1d61f000 r--p 00107000 08:07 2364530                    /lib/x86_64-linux-gnu/libm-2.23.so
7fdf1d61f000-7fdf1d620000 rw-p 00108000 08:07 2364530                    /lib/x86_64-linux-gnu/libm-2.23.so
7fdf1d620000-7fdf1e182000 r-xp 00000000 08:07 1836091                    /usr/lib/jvm/jdk1.7.0_51/jre/lib/amd64/server/libjvm.so
7fdf1e182000-7fdf1e382000 ---p 00b62000 08:07 1836091                    /usr/lib/jvm/jdk1.7.0_51/jre/lib/amd64/server/libjvm.so
7fdf1e382000-7fdf1e445000 rw-p 00b62000 08:07 1836091                    /usr/lib/jvm/jdk1.7.0_51/jre/lib/amd64/server/libjvm.so
7fdf1e445000-7fdf1e486000 rw-p 00000000 00:00 0 
7fdf1e486000-7fdf1e646000 r-xp 00000000 08:07 2364460                    /lib/x86_64-linux-gnu/libc-2.23.so
7fdf1e646000-7fdf1e845000 ---p 001c0000 08:07 2364460                    /lib/x86_64-linux-gnu/libc-2.23.so
7fdf1e845000-7fdf1e849000 r--p 001bf000 08:07 2364460                    /lib/x86_64-linux-gnu/libc-2.23.so
7fdf1e849000-7fdf1e84b000 rw-p 001c3000 08:07 2364460                    /lib/x86_64-linux-gnu/libc-2.23.so
7fdf1e84b000-7fdf1e84f000 rw-p 00000000 00:00 0 
7fdf1e84f000-7fdf1e852000 r-xp 00000000 08:07 2364484                    /lib/x86_64-linux-gnu/libdl-2.23.so
7fdf1e852000-7fdf1ea51000 ---p 00003000 08:07 2364484                    /lib/x86_64-linux-gnu/libdl-2.23.so
7fdf1ea51000-7fdf1ea52000 r--p 00002000 08:07 2364484                    /lib/x86_64-linux-gnu/libdl-2.23.so
7fdf1ea52000-7fdf1ea53000 rw-p 00003000 08:07 2364484                    /lib/x86_64-linux-gnu/libdl-2.23.so
7fdf1ea53000-7fdf1ea69000 r-xp 00000000 08:07 1056839                    /usr/lib/jvm/jdk1.7.0_51/lib/amd64/jli/libjli.so
7fdf1ea69000-7fdf1ec69000 ---p 00016000 08:07 1056839                    /usr/lib/jvm/jdk1.7.0_51/lib/amd64/jli/libjli.so
7fdf1ec69000-7fdf1ec6a000 rw-p 00016000 08:07 1056839                    /usr/lib/jvm/jdk1.7.0_51/lib/amd64/jli/libjli.so
7fdf1ec6a000-7fdf1ec82000 r-xp 00000000 08:07 2364606                    /lib/x86_64-linux-gnu/libpthread-2.23.so
7fdf1ec82000-7fdf1ee81000 ---p 00018000 08:07 2364606                    /lib/x86_64-linux-gnu/libpthread-2.23.so
7fdf1ee81000-7fdf1ee82000 r--p 00017000 08:07 2364606                    /lib/x86_64-linux-gnu/libpthread-2.23.so
7fdf1ee82000-7fdf1ee83000 rw-p 00018000 08:07 2364606                    /lib/x86_64-linux-gnu/libpthread-2.23.so
7fdf1ee83000-7fdf1ee87000 rw-p 00000000 00:00 0 
7fdf1ee87000-7fdf1eead000 r-xp 00000000 08:07 2364432                    /lib/x86_64-linux-gnu/ld-2.23.so
7fdf1eead000-7fdf1eeae000 r--s 00000000 08:07 2890680                    /var/cache/fontconfig/30829fa25452a46451e813d634d7f916-le64.cache-6
7fdf1eeae000-7fdf1eeb5000 r--s 00000000 08:07 3016614                    /usr/lib/x86_64-linux-gnu/gconv/gconv-modules.cache
7fdf1eeb5000-7fdf1eeb7000 r--s 0000d000 08:08 3412122                    /home/kcrez/Documentos/JavaDuino/library/rxtx2.1/RXTXcomm.jar
7fdf1eeb7000-7fdf1eeb9000 r--s 0000d000 08:07 1835127                    /usr/lib/jvm/jdk1.7.0_51/jre/lib/ext/RXTXcomm.jar
7fdf1eeb9000-7fdf1ef0d000 rw-p 00000000 00:00 0 
7fdf1ef0d000-7fdf1ef2b000 rw-p 00000000 00:00 0 
7fdf1ef2b000-7fdf1ef2f000 rw-p 00000000 00:00 0 
7fdf1ef2f000-7fdf1ef73000 r-xp 00000000 08:07 1052366                    /opt/eset/esets/lib/libesets_pac.so
7fdf1ef73000-7fdf1f073000 ---p 00044000 08:07 1052366                    /opt/eset/esets/lib/libesets_pac.so
7fdf1f073000-7fdf1f076000 rw-p 00044000 08:07 1052366                    /opt/eset/esets/lib/libesets_pac.so
7fdf1f076000-7fdf1f089000 rw-p 00000000 00:00 0 
7fdf1f089000-7fdf1f08a000 r--s 00000000 08:07 2890674                    /var/cache/fontconfig/0c9eb80ebd1c36541ebe2852d3bb0c49-le64.cache-6
7fdf1f08a000-7fdf1f09f000 rw-p 00000000 00:00 0 
7fdf1f09f000-7fdf1f0a7000 rw-s 00000000 08:07 2097294                    /tmp/hsperfdata_kcrez/7062
7fdf1f0a7000-7fdf1f0a8000 rw-p 00000000 00:00 0 
7fdf1f0a8000-7fdf1f0a9000 r--p 00000000 00:00 0 
7fdf1f0a9000-7fdf1f0ac000 rw-p 00000000 00:00 0 
7fdf1f0ac000-7fdf1f0ad000 r--p 00025000 08:07 2364432                    /lib/x86_64-linux-gnu/ld-2.23.so
7fdf1f0ad000-7fdf1f0ae000 rw-p 00026000 08:07 2364432                    /lib/x86_64-linux-gnu/ld-2.23.so
7fdf1f0ae000-7fdf1f0af000 rw-p 00000000 00:00 0 
7ffc75636000-7ffc75657000 rw-p 00000000 00:00 0                          [stack]
7ffc756b7000-7ffc756b9000 r--p 00000000 00:00 0                          [vvar]
7ffc756b9000-7ffc756bb000 r-xp 00000000 00:00 0                          [vdso]
ffffffffff600000-ffffffffff601000 r-xp 00000000 00:00 0                  [vsyscall]

VM Arguments:
jvm_args: -Dfile.encoding=UTF-8 -Djava.library.path=/home/kcrez/Documentos/JavaDuino/library/rxtx2.1 
java_command: PPD_Frame
Launcher Type: SUN_STANDARD

Environment Variables:
PATH=/usr/local/sbin:/usr/local/bin:/usr/sbin:/usr/bin:/sbin:/bin:/usr/games:/usr/local/games:/snap/bin
LD_LIBRARY_PATH=/usr/lib/jvm/jdk1.7.0_51/jre/lib/amd64:/usr/lib/jvm/jdk1.7.0_51/jre/lib/i386:
SHELL=/bin/bash
DISPLAY=:0

Signal Handlers:
SIGSEGV: [libjvm.so+0x993870], sa_mask[0]=0x7ffbfeff, sa_flags=0x10000004
SIGBUS: [libjvm.so+0x993870], sa_mask[0]=0x7ffbfeff, sa_flags=0x10000004
SIGFPE: [libjvm.so+0x8105b0], sa_mask[0]=0x7ffbfeff, sa_flags=0x10000004
SIGPIPE: [libjvm.so+0x8105b0], sa_mask[0]=0x7ffbfeff, sa_flags=0x10000004
SIGXFSZ: [libjvm.so+0x8105b0], sa_mask[0]=0x7ffbfeff, sa_flags=0x10000004
SIGILL: [libjvm.so+0x8105b0], sa_mask[0]=0x7ffbfeff, sa_flags=0x10000004
SIGUSR1: SIG_DFL, sa_mask[0]=0x00000000, sa_flags=0x00000000
SIGUSR2: [libjvm.so+0x811aa0], sa_mask[0]=0x00000004, sa_flags=0x10000004
SIGHUP: [libjvm.so+0x812a10], sa_mask[0]=0x7ffbfeff, sa_flags=0x10000004
SIGINT: SIG_IGN, sa_mask[0]=0x00000000, sa_flags=0x00000000
SIGTERM: [libjvm.so+0x812a10], sa_mask[0]=0x7ffbfeff, sa_flags=0x10000004
SIGQUIT: [libjvm.so+0x812a10], sa_mask[0]=0x7ffbfeff, sa_flags=0x10000004


---------------  S Y S T E M  ---------------

OS:stretch/sid

uname:Linux 4.4.0-22-generic #40-Ubuntu SMP Thu May 12 22:03:46 UTC 2016 x86_64
libc:glibc 2.23 NPTL 2.23 
rlimit: STACK 8192k, CORE 0k, NPROC 15146, NOFILE 65536, AS infinity
load average:0.50 0.34 0.33

/proc/meminfo:
MemTotal:        3916240 kB
MemFree:           50164 kB
MemAvailable:    1364856 kB
Buffers:          217632 kB
Cached:          1222056 kB
SwapCached:         2540 kB
Active:          2444920 kB
Inactive:        1150624 kB
Active(anon):    1740560 kB
Inactive(anon):   670308 kB
Active(file):     704360 kB
Inactive(file):   480316 kB
Unevictable:          48 kB
Mlocked:              48 kB
SwapTotal:       7812088 kB
SwapFree:        7798924 kB
Dirty:               316 kB
Writeback:             0 kB
AnonPages:       2153464 kB
Mapped:           346520 kB
Shmem:            255012 kB
Slab:             193132 kB
SReclaimable:     159248 kB
SUnreclaim:        33884 kB
KernelStack:       10192 kB
PageTables:        33344 kB
NFS_Unstable:          0 kB
Bounce:                0 kB
WritebackTmp:          0 kB
CommitLimit:     9770208 kB
Committed_AS:    6396504 kB
VmallocTotal:   34359738367 kB
VmallocUsed:           0 kB
VmallocChunk:          0 kB
HardwareCorrupted:     0 kB
AnonHugePages:   1044480 kB
CmaTotal:              0 kB
CmaFree:               0 kB
HugePages_Total:       0
HugePages_Free:        0
HugePages_Rsvd:        0
HugePages_Surp:        0
Hugepagesize:       2048 kB
DirectMap4k:      121628 kB
DirectMap2M:     2893824 kB
DirectMap1G:     1048576 kB


CPU:total 4 (2 cores per cpu, 2 threads per core) family 6 model 60 stepping 3, cmov, cx8, fxsr, mmx, sse, sse2, sse3, ssse3, sse4.1, sse4.2, popcnt, avx, avx2, aes, erms, ht, tsc, tscinvbit

/proc/cpuinfo:
processor	: 0
vendor_id	: GenuineIntel
cpu family	: 6
model		: 60
model name	: Intel(R) Core(TM) i3-4170 CPU @ 3.70GHz
stepping	: 3
microcode	: 0x1e
cpu MHz		: 3699.855
cache size	: 3072 KB
physical id	: 0
siblings	: 4
core id		: 0
cpu cores	: 2
apicid		: 0
initial apicid	: 0
fpu		: yes
fpu_exception	: yes
cpuid level	: 13
wp		: yes
flags		: fpu vme de pse tsc msr pae mce cx8 apic sep mtrr pge mca cmov pat pse36 clflush dts acpi mmx fxsr sse sse2 ss ht tm pbe syscall nx pdpe1gb rdtscp lm constant_tsc arch_perfmon pebs bts rep_good nopl xtopology nonstop_tsc aperfmperf eagerfpu pni pclmulqdq dtes64 monitor ds_cpl vmx est tm2 ssse3 sdbg fma cx16 xtpr pdcm pcid sse4_1 sse4_2 movbe popcnt tsc_deadline_timer aes xsave avx f16c rdrand lahf_lm abm epb tpr_shadow vnmi flexpriority ept vpid fsgsbase tsc_adjust bmi1 avx2 smep bmi2 erms invpcid xsaveopt dtherm arat pln pts
bugs		:
bogomips	: 7382.73
clflush size	: 64
cache_alignment	: 64
address sizes	: 39 bits physical, 48 bits virtual
power management:

processor	: 1
vendor_id	: GenuineIntel
cpu family	: 6
model		: 60
model name	: Intel(R) Core(TM) i3-4170 CPU @ 3.70GHz
stepping	: 3
microcode	: 0x1e
cpu MHz		: 3700.000
cache size	: 3072 KB
physical id	: 0
siblings	: 4
core id		: 1
cpu cores	: 2
apicid		: 2
initial apicid	: 2
fpu		: yes
fpu_exception	: yes
cpuid level	: 13
wp		: yes
flags		: fpu vme de pse tsc msr pae mce cx8 apic sep mtrr pge mca cmov pat pse36 clflush dts acpi mmx fxsr sse sse2 ss ht tm pbe syscall nx pdpe1gb rdtscp lm constant_tsc arch_perfmon pebs bts rep_good nopl xtopology nonstop_tsc aperfmperf eagerfpu pni pclmulqdq dtes64 monitor ds_cpl vmx est tm2 ssse3 sdbg fma cx16 xtpr pdcm pcid sse4_1 sse4_2 movbe popcnt tsc_deadline_timer aes xsave avx f16c rdrand lahf_lm abm epb tpr_shadow vnmi flexpriority ept vpid fsgsbase tsc_adjust bmi1 avx2 smep bmi2 erms invpcid xsaveopt dtherm arat pln pts
bugs		:
bogomips	: 7382.73
clflush size	: 64
cache_alignment	: 64
address sizes	: 39 bits physical, 48 bits virtual
power management:

processor	: 2
vendor_id	: GenuineIntel
cpu family	: 6
model		: 60
model name	: Intel(R) Core(TM) i3-4170 CPU @ 3.70GHz
stepping	: 3
microcode	: 0x1e
cpu MHz		: 3699.855
cache size	: 3072 KB
physical id	: 0
siblings	: 4
core id		: 0
cpu cores	: 2
apicid		: 1
initial apicid	: 1
fpu		: yes
fpu_exception	: yes
cpuid level	: 13
wp		: yes
flags		: fpu vme de pse tsc msr pae mce cx8 apic sep mtrr pge mca cmov pat pse36 clflush dts acpi mmx fxsr sse sse2 ss ht tm pbe syscall nx pdpe1gb rdtscp lm constant_tsc arch_perfmon pebs bts rep_good nopl xtopology nonstop_tsc aperfmperf eagerfpu pni pclmulqdq dtes64 monitor ds_cpl vmx est tm2 ssse3 sdbg fma cx16 xtpr pdcm pcid sse4_1 sse4_2 movbe popcnt tsc_deadline_timer aes xsave avx f16c rdrand lahf_lm abm epb tpr_shadow vnmi flexpriority ept vpid fsgsbase tsc_adjust bmi1 avx2 smep bmi2 erms invpcid xsaveopt dtherm arat pln pts
bugs		:
bogomips	: 7382.73
clflush size	: 64
cache_alignment	: 64
address sizes	: 39 bits physical, 48 bits virtual
power management:

processor	: 3
vendor_id	: GenuineIntel
cpu family	: 6
model		: 60
model name	: Intel(R) Core(TM) i3-4170 CPU @ 3.70GHz
stepping	: 3
microcode	: 0x1e
cpu MHz		: 3699.855
cache size	: 3072 KB
physical id	: 0
siblings	: 4
core id		: 1
cpu cores	: 2
apicid		: 3
initial apicid	: 3
fpu		: yes
fpu_exception	: yes
cpuid level	: 13
wp		: yes
flags		: fpu vme de pse tsc msr pae mce cx8 apic sep mtrr pge mca cmov pat pse36 clflush dts acpi mmx fxsr sse sse2 ss ht tm pbe syscall nx pdpe1gb rdtscp lm constant_tsc arch_perfmon pebs bts rep_good nopl xtopology nonstop_tsc aperfmperf eagerfpu pni pclmulqdq dtes64 monitor ds_cpl vmx est tm2 ssse3 sdbg fma cx16 xtpr pdcm pcid sse4_1 sse4_2 movbe popcnt tsc_deadline_timer aes xsave avx f16c rdrand lahf_lm abm epb tpr_shadow vnmi flexpriority ept vpid fsgsbase tsc_adjust bmi1 avx2 smep bmi2 erms invpcid xsaveopt dtherm arat pln pts
bugs		:
bogomips	: 7382.73
clflush size	: 64
cache_alignment	: 64
address sizes	: 39 bits physical, 48 bits virtual
power management:



Memory: 4k page, physical 3916240k(50164k free), swap 7812088k(7798924k free)

vm_info: Java HotSpot(TM) 64-Bit Server VM (24.51-b03) for linux-amd64 JRE (1.7.0_51-b13), built on Dec 18 2013 18:48:01 by "java_re" with gcc 4.3.0 20080428 (Red Hat 4.3.0-8)

time: Sun Jul 31 17:00:33 2016
elapsed time: 0 seconds

