#
# A fatal error has been detected by the Java Runtime Environment:
#
#  SIGSEGV (0xb) at pc=0x00007f316058b462, pid=8981, tid=139850053015296
#
# JRE version: Java(TM) SE Runtime Environment (7.0_51-b13) (build 1.7.0_51-b13)
# Java VM: Java HotSpot(TM) 64-Bit Server VM (24.51-b03 mixed mode linux-amd64 compressed oops)
# Problematic frame:
# C  [librxtxSerial.so+0x6462]  read_byte_array+0x52
#
# Failed to write core dump. Core dumps have been disabled. To enable core dumping, try "ulimit -c unlimited" before starting Java again
#
# If you would like to submit a bug report, please visit:
#   http://bugreport.sun.com/bugreport/crash.jsp
# The crash happened outside the Java Virtual Machine in native code.
# See problematic frame for where to report the bug.
#

---------------  T H R E A D  ---------------

Current thread (0x00007f317022c800):  JavaThread "AWT-EventQueue-0" [_thread_in_native, id=9001, stack(0x00007f3160ab5000,0x00007f3160bb6000)]

siginfo:si_signo=SIGSEGV: si_errno=0, si_code=1 (SEGV_MAPERR), si_addr=0x00000000605835f8

Registers:
RAX=0x00000000605835f0, RBX=0x000000000000001c, RCX=0x0000000000000001, RDX=0x00007f3175799a50
RSP=0x00007f3160bb35f0, RBP=0x00007f317022c9e8, RSI=0x00007f316058ee30, RDI=0x00007f316058ed3e
R8 =0x00007f3160bb3560, R9 =0x00000000ec628fd0, R10=0x0000000000000000, R11=0x00007f317579e008
R12=0x00000000ffffffff, R13=0x0000000000000000, R14=0x00007f3160bb37c0, R15=0x00007f317022c800
RIP=0x00007f316058b462, EFLAGS=0x0000000000010206, CSGSFS=0x0000000000000033, ERR=0x0000000000000004
  TRAPNO=0x000000000000000e

Top of Stack: (sp=0x00007f3160bb35f0)
0x00007f3160bb35f0:   0000000000000000 0000000000000000
0x00007f3160bb3600:   ff0000000000ff00 0000000000000000
0x00007f3160bb3610:   0000000000000000 00000000605835f0
0x00007f3160bb3620:   000005e908c48348 0000000000000000
0x00007f3160bb3630:   0000000000000000 0000000100000000
0x00007f3160bb3640:   00007f3160bb3737 0000001c00000000
0x00007f3160bb3650:   0000000000000000 0000000000000000
0x00007f3160bb3660:   00000000ec0b3190 0000000000000000
0x00007f3160bb3670:   0000000000000000 0000000000000000
0x00007f3160bb3680:   00007f317022c800 0000000000000000
0x00007f3160bb3690:   0000001400000002 00007f31340017b8
0x00007f3160bb36a0:   00007f317022c800 000000496c3979c3
0x00007f3160bb36b0:   00007f3160bb36e0 00007f3174fa6dd0
0x00007f3160bb36c0:   ffffffffffffffff 00007f3160bb3737
0x00007f3160bb36d0:   000000000000001c 00007f3160bb3728
0x00007f3160bb36e0:   00007f317022c9e8 000000000000001c
0x00007f3160bb36f0:   00007f317022c9e8 0000000000000000
0x00007f3160bb3700:   00000000bfafbaa0 00007f3160bb37c0
0x00007f3160bb3710:   00007f317022c800 00007f316058b99c
0x00007f3160bb3720:   00000000bfafbaa0 00007f3160bb37c0
0x00007f3160bb3730:   00007f3160bb37a0 00000000bfafbaa8
0x00007f3160bb3740:   00007f3160bb37a0 00007f316c38ccd8
0x00007f3160bb3750:   00007f317022c800 00007f316c3979c3
0x00007f3160bb3760:   00007f3160bb3760 00000000bfafbaa0
0x00007f3160bb3770:   00007f3160bb37c0 00000000bfb0c208
0x00007f3160bb3780:   0000000000000000 00000000bfafbaa8
0x00007f3160bb3790:   0000000000000000 00007f3160bb37c0
0x00007f3160bb37a0:   00007f3160bb3818 00007f316c3801d4
0x00007f3160bb37b0:   0000000000000000 00007f316c388cd6
0x00007f3160bb37c0:   00000000ec628fd0 0000000000000001
0x00007f3160bb37d0:   00000000ec629380 00007f3160bb37c8
0x00007f3160bb37e0:   00000000bfb0b28d 00007f3160bb3840 

Instructions: (pc=0x00007f316058b462)
0x00007f316058b442:   89 44 24 4c 48 c7 44 24 40 00 00 00 00 48 c7 44
0x00007f316058b452:   24 38 00 00 00 00 e8 53 d7 ff ff 48 89 44 24 28
0x00007f316058b462:   8b 40 08 45 85 e4 48 8b 54 24 28 44 8b 7c 24 4c
0x00007f316058b472:   89 44 24 34 c7 42 08 00 00 00 00 78 0c 31 c0 e8 

Register to memory mapping:

RAX=0x00000000605835f0 is an unknown value
RBX=0x000000000000001c is an unknown value
RCX=0x0000000000000001 is an unknown value
RDX=0x00007f3175799a50: <offset 0xe37a50> in /usr/lib/jvm/jdk1.7.0_51/jre/lib/amd64/server/libjvm.so at 0x00007f3174962000
RSP=0x00007f3160bb35f0 is pointing into the stack for thread: 0x00007f317022c800
RBP=0x00007f317022c9e8 is an unknown value
RSI=0x00007f316058ee30: <offset 0x9e30> in /usr/lib/jvm/jdk1.7.0_51/jre/lib/amd64/librxtxSerial.so at 0x00007f3160585000
RDI=0x00007f316058ed3e: <offset 0x9d3e> in /usr/lib/jvm/jdk1.7.0_51/jre/lib/amd64/librxtxSerial.so at 0x00007f3160585000
R8 =0x00007f3160bb3560 is pointing into the stack for thread: 0x00007f317022c800
R9 =0x00000000ec628fd0 is an oop
gnu.io.RXTXPort 
 - klass: 'gnu/io/RXTXPort'
R10=0x0000000000000000 is an unknown value
R11=0x00007f317579e008: <offset 0xe3c008> in /usr/lib/jvm/jdk1.7.0_51/jre/lib/amd64/server/libjvm.so at 0x00007f3174962000
R12=0x00000000ffffffff is an unallocated location in the heap
R13=0x0000000000000000 is an unknown value
R14=0x00007f3160bb37c0 is pointing into the stack for thread: 0x00007f317022c800
R15=0x00007f317022c800 is a thread


Stack: [0x00007f3160ab5000,0x00007f3160bb6000],  sp=0x00007f3160bb35f0,  free space=1017k
Native frames: (J=compiled Java code, j=interpreted, Vv=VM code, C=native code)
C  [librxtxSerial.so+0x6462]  read_byte_array+0x52

Java frames: (J=compiled Java code, j=interpreted, Vv=VM code)
j  gnu.io.RXTXPort.readByte()I+0
j  gnu.io.RXTXPort$SerialInputStream.read()I+61
j  PPD_Frame.inicializarConexion()V+170
j  PPD_Frame.<init>()V+39
j  PPD_Frame$3.run()V+4
j  java.awt.event.InvocationEvent.dispatch()V+47
j  java.awt.EventQueue.dispatchEventImpl(Ljava/awt/AWTEvent;Ljava/lang/Object;)V+21
j  java.awt.EventQueue.access$200(Ljava/awt/EventQueue;Ljava/awt/AWTEvent;Ljava/lang/Object;)V+3
j  java.awt.EventQueue$3.run()Ljava/lang/Void;+12
j  java.awt.EventQueue$3.run()Ljava/lang/Object;+1
v  ~StubRoutines::call_stub
j  java.security.AccessController.doPrivileged(Ljava/security/PrivilegedAction;Ljava/security/AccessControlContext;)Ljava/lang/Object;+0
j  java.security.ProtectionDomain$1.doIntersectionPrivilege(Ljava/security/PrivilegedAction;Ljava/security/AccessControlContext;Ljava/security/AccessControlContext;)Ljava/lang/Object;+28
j  java.awt.EventQueue.dispatchEvent(Ljava/awt/AWTEvent;)V+46
j  java.awt.EventDispatchThread.pumpOneEventForFilters(I)V+245
j  java.awt.EventDispatchThread.pumpEventsForFilter(ILjava/awt/Conditional;Ljava/awt/EventFilter;)V+35
j  java.awt.EventDispatchThread.pumpEventsForHierarchy(ILjava/awt/Conditional;Ljava/awt/Component;)V+11
j  java.awt.EventDispatchThread.pumpEvents(ILjava/awt/Conditional;)V+4
j  java.awt.EventDispatchThread.pumpEvents(Ljava/awt/Conditional;)V+3
j  java.awt.EventDispatchThread.run()V+9
v  ~StubRoutines::call_stub

---------------  P R O C E S S  ---------------

Java Threads: ( => current thread )
  0x00007f311c0c9800 JavaThread "Thread-0" [_thread_in_native, id=9003, stack(0x00007f3160484000,0x00007f3160585000)]
  0x00007f311c037800 JavaThread "Image Fetcher 0" daemon [_thread_blocked, id=9002, stack(0x00007f3160735000,0x00007f3160836000)]
  0x00007f317000a000 JavaThread "DestroyJavaVM" [_thread_blocked, id=8985, stack(0x00007f3174558000,0x00007f3174659000)]
=>0x00007f317022c800 JavaThread "AWT-EventQueue-0" [_thread_in_native, id=9001, stack(0x00007f3160ab5000,0x00007f3160bb6000)]
  0x00007f317022a000 JavaThread "AWT-Shutdown" [_thread_blocked, id=9000, stack(0x00007f3160bb6000,0x00007f3160cb7000)]
  0x00007f317019b000 JavaThread "AWT-XAWT" daemon [_thread_in_native, id=8999, stack(0x00007f316186f000,0x00007f3161970000)]
  0x00007f3170178800 JavaThread "Java2D Disposer" daemon [_thread_blocked, id=8998, stack(0x00007f3161d80000,0x00007f3161e81000)]
  0x00007f3170097000 JavaThread "Service Thread" daemon [_thread_blocked, id=8996, stack(0x00007f31680ae000,0x00007f31681af000)]
  0x00007f3170094800 JavaThread "C2 CompilerThread1" daemon [_thread_blocked, id=8995, stack(0x00007f31681af000,0x00007f31682b0000)]
  0x00007f3170091800 JavaThread "C2 CompilerThread0" daemon [_thread_blocked, id=8994, stack(0x00007f31682b0000,0x00007f31683b1000)]
  0x00007f317008f800 JavaThread "Signal Dispatcher" daemon [_thread_blocked, id=8993, stack(0x00007f31683b1000,0x00007f31684b2000)]
  0x00007f3170070000 JavaThread "Finalizer" daemon [_thread_blocked, id=8992, stack(0x00007f31684b2000,0x00007f31685b3000)]
  0x00007f317006c000 JavaThread "Reference Handler" daemon [_thread_blocked, id=8991, stack(0x00007f31685b3000,0x00007f31686b4000)]

Other Threads:
  0x00007f3170069800 VMThread [stack: 0x00007f31686b4000,0x00007f31687b5000] [id=8990]
  0x00007f31700a1800 WatcherThread [stack: 0x00007f3163540000,0x00007f3163641000] [id=8997]

VM state:not at safepoint (normal execution)

VM Mutex/Monitor currently owned by a thread: None

Heap
 PSYoungGen      total 17920K, used 6197K [0x00000000ec080000, 0x00000000ed480000, 0x0000000100000000)
  eden space 15360K, 40% used [0x00000000ec080000,0x00000000ec68d508,0x00000000ecf80000)
  from space 2560K, 0% used [0x00000000ed200000,0x00000000ed200000,0x00000000ed480000)
  to   space 2560K, 0% used [0x00000000ecf80000,0x00000000ecf80000,0x00000000ed200000)
 ParOldGen       total 40448K, used 0K [0x00000000c4200000, 0x00000000c6980000, 0x00000000ec080000)
  object space 40448K, 0% used [0x00000000c4200000,0x00000000c4200000,0x00000000c6980000)
 PSPermGen       total 21504K, used 11332K [0x00000000bf000000, 0x00000000c0500000, 0x00000000c4200000)
  object space 21504K, 52% used [0x00000000bf000000,0x00000000bfb112e0,0x00000000c0500000)

Card table byte_map: [0x00007f316c171000,0x00007f316c37a000] byte_map_base: 0x00007f316bb79000

Polling page: 0x00007f31763ea000

Code Cache  [0x00007f316c37a000, 0x00007f316c5ea000, 0x00007f316f37a000)
 total_blobs=500 nmethods=39 adapters=414 free_code_cache=48528Kb largest_free_block=49666240

Compilation events (10 events):
Event: 0.492 Thread 0x00007f3170094800 nmethod 34 0x00007f316c408d10 code [0x00007f316c408e40, 0x00007f316c408eb8]
Event: 0.500 Thread 0x00007f3170094800   35             java.util.Arrays::copyOfRange (63 bytes)
Event: 0.503 Thread 0x00007f3170094800 nmethod 35 0x00007f316c410410 code [0x00007f316c410560, 0x00007f316c410778]
Event: 0.506 Thread 0x00007f3170091800 nmethod 32 0x00007f316c418510 code [0x00007f316c418800, 0x00007f316c4195b0]
Event: 0.508 Thread 0x00007f3170094800   36             java.lang.String::<init> (67 bytes)
Event: 0.510 Thread 0x00007f3170094800 nmethod 36 0x00007f316c411c50 code [0x00007f316c411da0, 0x00007f316c412038]
Event: 0.511 Thread 0x00007f3170091800   37             java.lang.String::toLowerCase (472 bytes)
Event: 0.527 Thread 0x00007f3170091800 nmethod 37 0x00007f316c41a690 code [0x00007f316c41a8c0, 0x00007f316c41b8a0]
Event: 0.531 Thread 0x00007f3170094800   38  s!         gnu.io.RXTXPort$SerialInputStream::available (67 bytes)
Event: 0.532 Thread 0x00007f3170094800 nmethod 38 0x00007f316c411550 code [0x00007f316c4116a0, 0x00007f316c411ae8]

GC Heap History (0 events):
No events

Deoptimization events (2 events):
Event: 0.209 Thread 0x00007f317000a000 Uncommon trap: reason=class_check action=maybe_recompile pc=0x00007f316c3f6104 method=java.util.Properties$LineReader.readLine()I @ 62
Event: 0.211 Thread 0x00007f317000a000 Uncommon trap: reason=class_check action=maybe_recompile pc=0x00007f316c3f6104 method=java.util.Properties$LineReader.readLine()I @ 62

Internal exceptions (10 events):
Event: 0.285 Thread 0x00007f317022c800 Threw 0x00000000ec393ee0 at /HUDSON/workspace/7u-2-build-linux-amd64@2/jdk7u51/527/hotspot/src/share/vm/prims/jvm.cpp:1244
Event: 0.285 Thread 0x00007f317022c800 Threw 0x00000000ec3955f8 at /HUDSON/workspace/7u-2-build-linux-amd64@2/jdk7u51/527/hotspot/src/share/vm/prims/jvm.cpp:1244
Event: 0.285 Thread 0x00007f317022c800 Threw 0x00000000ec399138 at /HUDSON/workspace/7u-2-build-linux-amd64@2/jdk7u51/527/hotspot/src/share/vm/prims/jvm.cpp:1244
Event: 0.285 Thread 0x00007f317022c800 Threw 0x00000000ec39a850 at /HUDSON/workspace/7u-2-build-linux-amd64@2/jdk7u51/527/hotspot/src/share/vm/prims/jvm.cpp:1244
Event: 0.356 Thread 0x00007f317022c800 Threw 0x00000000ec46b128 at /HUDSON/workspace/7u-2-build-linux-amd64@2/jdk7u51/527/hotspot/src/share/vm/prims/jvm.cpp:1244
Event: 0.356 Thread 0x00007f317022c800 Threw 0x00000000ec506b38 at /HUDSON/workspace/7u-2-build-linux-amd64@2/jdk7u51/527/hotspot/src/share/vm/prims/jvm.cpp:1244
Event: 0.452 Thread 0x00007f317022c800 Threw 0x00000000ec5d4960 at /HUDSON/workspace/7u-2-build-linux-amd64@2/jdk7u51/527/hotspot/src/share/vm/prims/jni.cpp:717
Event: 0.484 Thread 0x00007f317022c800 Threw 0x00000000ec5e7c60 at /HUDSON/workspace/7u-2-build-linux-amd64@2/jdk7u51/527/hotspot/src/share/vm/prims/jni.cpp:717
Event: 0.486 Thread 0x00007f317022c800 Threw 0x00000000ec5f9630 at /HUDSON/workspace/7u-2-build-linux-amd64@2/jdk7u51/527/hotspot/src/share/vm/prims/jni.cpp:717
Event: 0.509 Thread 0x00007f317022c800 Threw 0x00000000ec60c5a0 at /HUDSON/workspace/7u-2-build-linux-amd64@2/jdk7u51/527/hotspot/src/share/vm/prims/jni.cpp:717

Events (10 events):
Event: 0.512 loading class 0x00007f311c0cdd60 done
Event: 0.513 loading class 0x00007f31340310c0
Event: 0.513 loading class 0x00007f31340310c0 done
Event: 0.513 loading class 0x00007f311c0ce060
Event: 0.513 loading class 0x00007f311c0ce060 done
Event: 0.514 loading class 0x00007f311c0adbf0
Event: 0.514 loading class 0x00007f311c0adbf0 done
Event: 0.515 loading class 0x00007f311c0cdda0
Event: 0.515 loading class 0x00007f311c0cdda0 done
Event: 0.516 Thread 0x00007f311c0c9800 Thread added: 0x00007f311c0c9800


Dynamic libraries:
00400000-00401000 r-xp 00000000 08:07 937188                             /usr/lib/jvm/jdk1.7.0_51/bin/java
00600000-00601000 rw-p 00000000 08:07 937188                             /usr/lib/jvm/jdk1.7.0_51/bin/java
00d46000-00d67000 rw-p 00000000 00:00 0                                  [heap]
bf000000-c0500000 rw-p 00000000 00:00 0 
c0500000-c4200000 rw-p 00000000 00:00 0 
c4200000-c6980000 rw-p 00000000 00:00 0 
c6980000-ec080000 rw-p 00000000 00:00 0 
ec080000-ed480000 rw-p 00000000 00:00 0 
ed480000-100000000 rw-p 00000000 00:00 0 
7f3114000000-7f3114021000 rw-p 00000000 00:00 0 
7f3114021000-7f3118000000 ---p 00000000 00:00 0 
7f311c000000-7f311c0d0000 rw-p 00000000 00:00 0 
7f311c0d0000-7f3120000000 ---p 00000000 00:00 0 
7f3120000000-7f3120061000 rw-p 00000000 00:00 0 
7f3120061000-7f3124000000 ---p 00000000 00:00 0 
7f3124000000-7f3124021000 rw-p 00000000 00:00 0 
7f3124021000-7f3128000000 ---p 00000000 00:00 0 
7f3128000000-7f3128021000 rw-p 00000000 00:00 0 
7f3128021000-7f312c000000 ---p 00000000 00:00 0 
7f312c000000-7f312c021000 rw-p 00000000 00:00 0 
7f312c021000-7f3130000000 ---p 00000000 00:00 0 
7f3130000000-7f3130021000 rw-p 00000000 00:00 0 
7f3130021000-7f3134000000 ---p 00000000 00:00 0 
7f3134000000-7f313432c000 rw-p 00000000 00:00 0 
7f313432c000-7f3138000000 ---p 00000000 00:00 0 
7f3138000000-7f3138021000 rw-p 00000000 00:00 0 
7f3138021000-7f313c000000 ---p 00000000 00:00 0 
7f313c000000-7f313c021000 rw-p 00000000 00:00 0 
7f313c021000-7f3140000000 ---p 00000000 00:00 0 
7f3140000000-7f3140325000 rw-p 00000000 00:00 0 
7f3140325000-7f3144000000 ---p 00000000 00:00 0 
7f3144000000-7f3144021000 rw-p 00000000 00:00 0 
7f3144021000-7f3148000000 ---p 00000000 00:00 0 
7f3148000000-7f3148021000 rw-p 00000000 00:00 0 
7f3148021000-7f314c000000 ---p 00000000 00:00 0 
7f314c000000-7f314c021000 rw-p 00000000 00:00 0 
7f314c021000-7f3150000000 ---p 00000000 00:00 0 
7f3150000000-7f3150021000 rw-p 00000000 00:00 0 
7f3150021000-7f3154000000 ---p 00000000 00:00 0 
7f3154000000-7f3154021000 rw-p 00000000 00:00 0 
7f3154021000-7f3158000000 ---p 00000000 00:00 0 
7f315c000000-7f315c021000 rw-p 00000000 00:00 0 
7f315c021000-7f3160000000 ---p 00000000 00:00 0 
7f3160362000-7f316036d000 r--s 00000000 08:07 2890696                    /var/cache/fontconfig/945677eb7aeaf62f1d50efc3fb3ec7d8-le64.cache-6
7f316036d000-7f3160373000 r--s 00000000 08:07 2890678                    /var/cache/fontconfig/2cd17615ca594fa2959ae173292e504c-le64.cache-6
7f3160484000-7f3160487000 ---p 00000000 00:00 0 
7f3160487000-7f3160585000 rw-p 00000000 00:00 0 
7f3160585000-7f3160591000 r-xp 00000000 08:07 1835128                    /usr/lib/jvm/jdk1.7.0_51/jre/lib/amd64/librxtxSerial.so
7f3160591000-7f3160690000 ---p 0000c000 08:07 1835128                    /usr/lib/jvm/jdk1.7.0_51/jre/lib/amd64/librxtxSerial.so
7f3160690000-7f3160692000 rw-p 0000b000 08:07 1835128                    /usr/lib/jvm/jdk1.7.0_51/jre/lib/amd64/librxtxSerial.so
7f3160692000-7f31606ab000 r--s 00000000 08:07 527849                     /usr/share/fonts/type1/gsfonts/n022004l.pfb
7f31606ab000-7f31606c4000 r--s 00000000 08:07 527834                     /usr/share/fonts/type1/gsfonts/n021003l.pfb
7f31606c4000-7f31606da000 r--s 00000000 08:07 527843                     /usr/share/fonts/type1/gsfonts/n021024l.pfb
7f31606da000-7f31606f0000 r--s 00000000 08:07 527852                     /usr/share/fonts/type1/gsfonts/n022023l.pfb
7f31606f0000-7f3160707000 r--s 00000000 08:07 527840                     /usr/share/fonts/type1/gsfonts/n021023l.pfb
7f3160707000-7f3160718000 r--s 00000000 08:07 527816                     /usr/share/fonts/type1/gsfonts/n019023l.pfb
7f3160718000-7f316072c000 r--s 00000000 08:07 527810                     /usr/share/fonts/type1/gsfonts/n019003l.pfb
7f316072c000-7f3160735000 r--s 00000000 08:07 527870                     /usr/share/fonts/type1/gsfonts/s050000l.pfb
7f3160735000-7f3160738000 ---p 00000000 00:00 0 
7f3160738000-7f3160836000 rw-p 00000000 00:00 0 
7f3160836000-7f316089e000 r-xp 00000000 08:07 1836082                    /usr/lib/jvm/jdk1.7.0_51/jre/lib/amd64/libt2k.so
7f316089e000-7f3160a9e000 ---p 00068000 08:07 1836082                    /usr/lib/jvm/jdk1.7.0_51/jre/lib/amd64/libt2k.so
7f3160a9e000-7f3160aa5000 rw-p 00068000 08:07 1836082                    /usr/lib/jvm/jdk1.7.0_51/jre/lib/amd64/libt2k.so
7f3160aa5000-7f3160ab5000 rw-p 00000000 00:00 0 
7f3160ab5000-7f3160ab8000 ---p 00000000 00:00 0 
7f3160ab8000-7f3160bb6000 rw-p 00000000 00:00 0 
7f3160bb6000-7f3160bb9000 ---p 00000000 00:00 0 
7f3160bb9000-7f3160cb7000 rw-p 00000000 00:00 0 
7f3160cb7000-7f3160cc7000 r-xp 00000000 08:07 1836051                    /usr/lib/jvm/jdk1.7.0_51/jre/lib/amd64/libnio.so
7f3160cc7000-7f3160ec7000 ---p 00010000 08:07 1836051                    /usr/lib/jvm/jdk1.7.0_51/jre/lib/amd64/libnio.so
7f3160ec7000-7f3160ec8000 rw-p 00010000 08:07 1836051                    /usr/lib/jvm/jdk1.7.0_51/jre/lib/amd64/libnio.so
7f3160ec8000-7f31611c9000 rw-p 00000000 00:00 0 
7f31611c9000-7f31611df000 r-xp 00000000 08:07 1836056                    /usr/lib/jvm/jdk1.7.0_51/jre/lib/amd64/libnet.so
7f31611df000-7f31613df000 ---p 00016000 08:07 1836056                    /usr/lib/jvm/jdk1.7.0_51/jre/lib/amd64/libnet.so
7f31613df000-7f31613e0000 rw-p 00016000 08:07 1836056                    /usr/lib/jvm/jdk1.7.0_51/jre/lib/amd64/libnet.so
7f31613e0000-7f31613f6000 r-xp 00000000 08:07 2364498                    /lib/x86_64-linux-gnu/libgcc_s.so.1
7f31613f6000-7f31615f5000 ---p 00016000 08:07 2364498                    /lib/x86_64-linux-gnu/libgcc_s.so.1
7f31615f5000-7f31615f6000 rw-p 00015000 08:07 2364498                    /lib/x86_64-linux-gnu/libgcc_s.so.1
7f31615f6000-7f316165b000 r-xp 00000000 08:07 1836052                    /usr/lib/jvm/jdk1.7.0_51/jre/lib/amd64/libfontmanager.so
7f316165b000-7f316185a000 ---p 00065000 08:07 1836052                    /usr/lib/jvm/jdk1.7.0_51/jre/lib/amd64/libfontmanager.so
7f316185a000-7f316185e000 rw-p 00064000 08:07 1836052                    /usr/lib/jvm/jdk1.7.0_51/jre/lib/amd64/libfontmanager.so
7f316185e000-7f316186f000 rw-p 00000000 00:00 0 
7f316186f000-7f3161872000 ---p 00000000 00:00 0 
7f3161872000-7f3161970000 rw-p 00000000 00:00 0 
7f3161970000-7f3161975000 r-xp 00000000 08:07 2762080                    /usr/lib/x86_64-linux-gnu/libXfixes.so.3.1.0
7f3161975000-7f3161b74000 ---p 00005000 08:07 2762080                    /usr/lib/x86_64-linux-gnu/libXfixes.so.3.1.0
7f3161b74000-7f3161b75000 r--p 00004000 08:07 2762080                    /usr/lib/x86_64-linux-gnu/libXfixes.so.3.1.0
7f3161b75000-7f3161b76000 rw-p 00005000 08:07 2762080                    /usr/lib/x86_64-linux-gnu/libXfixes.so.3.1.0
7f3161b76000-7f3161b7f000 r-xp 00000000 08:07 2762072                    /usr/lib/x86_64-linux-gnu/libXcursor.so.1.0.2
7f3161b7f000-7f3161d7e000 ---p 00009000 08:07 2762072                    /usr/lib/x86_64-linux-gnu/libXcursor.so.1.0.2
7f3161d7e000-7f3161d7f000 r--p 00008000 08:07 2762072                    /usr/lib/x86_64-linux-gnu/libXcursor.so.1.0.2
7f3161d7f000-7f3161d80000 rw-p 00009000 08:07 2762072                    /usr/lib/x86_64-linux-gnu/libXcursor.so.1.0.2
7f3161d80000-7f3161d83000 ---p 00000000 00:00 0 
7f3161d83000-7f3161e81000 rw-p 00000000 00:00 0 
7f3161e81000-7f3161e86000 r-xp 00000000 08:07 2762076                    /usr/lib/x86_64-linux-gnu/libXdmcp.so.6.0.0
7f3161e86000-7f3162085000 ---p 00005000 08:07 2762076                    /usr/lib/x86_64-linux-gnu/libXdmcp.so.6.0.0
7f3162085000-7f3162086000 r--p 00004000 08:07 2762076                    /usr/lib/x86_64-linux-gnu/libXdmcp.so.6.0.0
7f3162086000-7f3162087000 rw-p 00005000 08:07 2762076                    /usr/lib/x86_64-linux-gnu/libXdmcp.so.6.0.0
7f3162087000-7f3162089000 r-xp 00000000 08:07 2762065                    /usr/lib/x86_64-linux-gnu/libXau.so.6.0.0
7f3162089000-7f3162289000 ---p 00002000 08:07 2762065                    /usr/lib/x86_64-linux-gnu/libXau.so.6.0.0
7f3162289000-7f316228a000 r--p 00002000 08:07 2762065                    /usr/lib/x86_64-linux-gnu/libXau.so.6.0.0
7f316228a000-7f316228b000 rw-p 00003000 08:07 2762065                    /usr/lib/x86_64-linux-gnu/libXau.so.6.0.0
7f316228b000-7f31622ac000 r-xp 00000000 08:07 2763443                    /usr/lib/x86_64-linux-gnu/libxcb.so.1.1.0
7f31622ac000-7f31624ab000 ---p 00021000 08:07 2763443                    /usr/lib/x86_64-linux-gnu/libxcb.so.1.1.0
7f31624ab000-7f31624ac000 r--p 00020000 08:07 2763443                    /usr/lib/x86_64-linux-gnu/libxcb.so.1.1.0
7f31624ac000-7f31624ad000 rw-p 00021000 08:07 2763443                    /usr/lib/x86_64-linux-gnu/libxcb.so.1.1.0
7f31624ad000-7f31624bc000 r-xp 00000000 08:07 2762086                    /usr/lib/x86_64-linux-gnu/libXi.so.6.1.0
7f31624bc000-7f31626bb000 ---p 0000f000 08:07 2762086                    /usr/lib/x86_64-linux-gnu/libXi.so.6.1.0
7f31626bb000-7f31626bc000 r--p 0000e000 08:07 2762086                    /usr/lib/x86_64-linux-gnu/libXi.so.6.1.0
7f31626bc000-7f31626bd000 rw-p 0000f000 08:07 2762086                    /usr/lib/x86_64-linux-gnu/libXi.so.6.1.0
7f31626bd000-7f31626c2000 r-xp 00000000 08:07 2762104                    /usr/lib/x86_64-linux-gnu/libXtst.so.6.1.0
7f31626c2000-7f31628c1000 ---p 00005000 08:07 2762104                    /usr/lib/x86_64-linux-gnu/libXtst.so.6.1.0
7f31628c1000-7f31628c2000 r--p 00004000 08:07 2762104                    /usr/lib/x86_64-linux-gnu/libXtst.so.6.1.0
7f31628c2000-7f31628c3000 rw-p 00005000 08:07 2762104                    /usr/lib/x86_64-linux-gnu/libXtst.so.6.1.0
7f31628c3000-7f31628cc000 r-xp 00000000 08:07 2762098                    /usr/lib/x86_64-linux-gnu/libXrender.so.1.3.0
7f31628cc000-7f3162acb000 ---p 00009000 08:07 2762098                    /usr/lib/x86_64-linux-gnu/libXrender.so.1.3.0
7f3162acb000-7f3162acc000 r--p 00008000 08:07 2762098                    /usr/lib/x86_64-linux-gnu/libXrender.so.1.3.0
7f3162acc000-7f3162acd000 rw-p 00009000 08:07 2762098                    /usr/lib/x86_64-linux-gnu/libXrender.so.1.3.0
7f3162acd000-7f3162c02000 r-xp 00000000 08:07 2762061                    /usr/lib/x86_64-linux-gnu/libX11.so.6.3.0
7f3162c02000-7f3162e02000 ---p 00135000 08:07 2762061                    /usr/lib/x86_64-linux-gnu/libX11.so.6.3.0
7f3162e02000-7f3162e03000 r--p 00135000 08:07 2762061                    /usr/lib/x86_64-linux-gnu/libX11.so.6.3.0
7f3162e03000-7f3162e07000 rw-p 00136000 08:07 2762061                    /usr/lib/x86_64-linux-gnu/libX11.so.6.3.0
7f3162e07000-7f3162e18000 r-xp 00000000 08:07 2762078                    /usr/lib/x86_64-linux-gnu/libXext.so.6.4.0
7f3162e18000-7f3163017000 ---p 00011000 08:07 2762078                    /usr/lib/x86_64-linux-gnu/libXext.so.6.4.0
7f3163017000-7f3163018000 r--p 00010000 08:07 2762078                    /usr/lib/x86_64-linux-gnu/libXext.so.6.4.0
7f3163018000-7f3163019000 rw-p 00011000 08:07 2762078                    /usr/lib/x86_64-linux-gnu/libXext.so.6.4.0
7f3163019000-7f3163069000 r-xp 00000000 08:07 1836094                    /usr/lib/jvm/jdk1.7.0_51/jre/lib/amd64/xawt/libmawt.so
7f3163069000-7f3163269000 ---p 00050000 08:07 1836094                    /usr/lib/jvm/jdk1.7.0_51/jre/lib/amd64/xawt/libmawt.so
7f3163269000-7f316326d000 rw-p 00050000 08:07 1836094                    /usr/lib/jvm/jdk1.7.0_51/jre/lib/amd64/xawt/libmawt.so
7f316326d000-7f316326e000 rw-p 00000000 00:00 0 
7f316326e000-7f3163310000 r-xp 00000000 08:07 1836064                    /usr/lib/jvm/jdk1.7.0_51/jre/lib/amd64/libawt.so
7f3163310000-7f3163510000 ---p 000a2000 08:07 1836064                    /usr/lib/jvm/jdk1.7.0_51/jre/lib/amd64/libawt.so
7f3163510000-7f316351c000 rw-p 000a2000 08:07 1836064                    /usr/lib/jvm/jdk1.7.0_51/jre/lib/amd64/libawt.so
7f316351c000-7f3163540000 rw-p 00000000 00:00 0 
7f3163540000-7f3163541000 ---p 00000000 00:00 0 
7f3163541000-7f3163641000 rw-p 00000000 00:00 0 
7f3163641000-7f3164000000 r--p 00000000 08:07 2760681                    /usr/lib/locale/locale-archive
7f3164000000-7f3164021000 rw-p 00000000 00:00 0 
7f3164021000-7f3168000000 ---p 00000000 00:00 0 
7f3168005000-7f3168006000 r--s 00000000 08:07 2890675                    /var/cache/fontconfig/0d8c3b2ac0904cb8a57a757ad11a4a08-le64.cache-6
7f3168006000-7f316800a000 r--s 00000000 08:07 2885053                    /var/cache/fontconfig/de156ccd2eddbdc19d37a45b8b2aac9c-le64.cache-6
7f316800a000-7f316801f000 r--s 00000000 08:07 2890672                    /var/cache/fontconfig/04aabc0a78ac019cf9454389977116d2-le64.cache-6
7f316801f000-7f3168020000 r--s 00000000 08:07 2890677                    /var/cache/fontconfig/1ac9eb803944fde146138c791f5cc56a-le64.cache-6
7f3168020000-7f3168024000 r--s 00000000 08:07 2890682                    /var/cache/fontconfig/385c0604a188198f04d133e54aba7fe7-le64.cache-6
7f3168024000-7f3168025000 r--s 00000000 08:07 2890709                    /var/cache/fontconfig/dc05db6664285cc2f12bf69c139ae4c3-le64.cache-6
7f3168025000-7f3168028000 r--s 00000000 08:07 2890692                    /var/cache/fontconfig/767a8244fc0220cfb567a839d0392e0b-le64.cache-6
7f3168028000-7f3168029000 r--s 00000000 08:07 2883743                    /var/cache/fontconfig/4794a0821666d79190d59a36cb4f44b5-le64.cache-6
7f3168029000-7f316802e000 r--s 00000000 08:07 2890695                    /var/cache/fontconfig/8801497958630a81b71ace7c5f9b32a8-le64.cache-6
7f316802e000-7f316802f000 r--s 00000000 08:07 2890702                    /var/cache/fontconfig/bab58bb527bb656aaa9f116d68a48d89-le64.cache-6
7f316802f000-7f3168036000 r--s 00000000 08:07 2890679                    /var/cache/fontconfig/3047814df9a2f067bd2d96a2b9c36e5a-le64.cache-6
7f3168036000-7f3168037000 r--s 00000000 08:07 2890686                    /var/cache/fontconfig/56cf4f4769d0f4abc89a4895d7bd3ae1-le64.cache-6
7f3168037000-7f316803d000 r--s 00000000 08:07 2890700                    /var/cache/fontconfig/b47c4e1ecd0709278f4910c18777a504-le64.cache-6
7f316803d000-7f3168050000 r--s 00000000 08:07 2890706                    /var/cache/fontconfig/d52a8644073d54c13679302ca1180695-le64.cache-6
7f3168050000-7f316805b000 r--s 00000000 08:07 2887795                    /var/cache/fontconfig/d589a48862398ed80a3d6066f4f56f4c-le64.cache-6
7f316805b000-7f316805e000 r--s 00000000 08:07 2890691                    /var/cache/fontconfig/75114ca45c98e8a441da0ff356701271-le64.cache-6
7f316805e000-7f3168069000 r--s 00000000 08:07 2890694                    /var/cache/fontconfig/83bf95040141907cd45bb53cf7c1c148-le64.cache-6
7f3168069000-7f316807b000 r--s 00000000 08:07 2886108                    /var/cache/fontconfig/9b89f8e3dae116d678bbf48e5f21f69b-le64.cache-6
7f316807b000-7f316807e000 r--s 00000000 08:07 2890710                    /var/cache/fontconfig/e13b20fdb08344e0e664864cc2ede53d-le64.cache-6
7f316807e000-7f31680a3000 r--p 00000000 08:07 397003                     /usr/share/locale-langpack/es/LC_MESSAGES/libc.mo
7f31680a3000-7f31680ae000 r--s 0037c000 08:07 1057110                    /usr/lib/jvm/jdk1.7.0_51/jre/lib/charsets.jar
7f31680ae000-7f31680b1000 ---p 00000000 00:00 0 
7f31680b1000-7f31681af000 rw-p 00000000 00:00 0 
7f31681af000-7f31681b2000 ---p 00000000 00:00 0 
7f31681b2000-7f31682b0000 rw-p 00000000 00:00 0 
7f31682b0000-7f31682b3000 ---p 00000000 00:00 0 
7f31682b3000-7f31683b1000 rw-p 00000000 00:00 0 
7f31683b1000-7f31683b4000 ---p 00000000 00:00 0 
7f31683b4000-7f31684b2000 rw-p 00000000 00:00 0 
7f31684b2000-7f31684b5000 ---p 00000000 00:00 0 
7f31684b5000-7f31685b3000 rw-p 00000000 00:00 0 
7f31685b3000-7f31685b6000 ---p 00000000 00:00 0 
7f31685b6000-7f31686b4000 rw-p 00000000 00:00 0 
7f31686b4000-7f31686b5000 ---p 00000000 00:00 0 
7f31686b5000-7f3169772000 rw-p 00000000 00:00 0 
7f3169772000-7f316992f000 r--s 039bf000 08:07 1057153                    /usr/lib/jvm/jdk1.7.0_51/jre/lib/rt.jar
7f316992f000-7f316bc2d000 rw-p 00000000 00:00 0 
7f316bc2d000-7f316bc2e000 ---p 00000000 00:00 0 
7f316bc2e000-7f316bd2e000 rw-p 00000000 00:00 0 
7f316bd2e000-7f316bd2f000 ---p 00000000 00:00 0 
7f316bd2f000-7f316be2f000 rw-p 00000000 00:00 0 
7f316be2f000-7f316be30000 ---p 00000000 00:00 0 
7f316be30000-7f316bf30000 rw-p 00000000 00:00 0 
7f316bf30000-7f316bf31000 ---p 00000000 00:00 0 
7f316bf31000-7f316c045000 rw-p 00000000 00:00 0 
7f316c045000-7f316c171000 rw-p 00000000 00:00 0 
7f316c171000-7f316c17c000 rw-p 00000000 00:00 0 
7f316c17c000-7f316c19a000 rw-p 00000000 00:00 0 
7f316c19a000-7f316c1ae000 rw-p 00000000 00:00 0 
7f316c1ae000-7f316c2d9000 rw-p 00000000 00:00 0 
7f316c2d9000-7f316c2e4000 rw-p 00000000 00:00 0 
7f316c2e4000-7f316c379000 rw-p 00000000 00:00 0 
7f316c379000-7f316c37a000 rw-p 00000000 00:00 0 
7f316c37a000-7f316c5ea000 rwxp 00000000 00:00 0 
7f316c5ea000-7f316f37a000 rw-p 00000000 00:00 0 
7f316f37a000-7f316f394000 r-xp 00000000 08:07 1836101                    /usr/lib/jvm/jdk1.7.0_51/jre/lib/amd64/libzip.so
7f316f394000-7f316f594000 ---p 0001a000 08:07 1836101                    /usr/lib/jvm/jdk1.7.0_51/jre/lib/amd64/libzip.so
7f316f594000-7f316f595000 rw-p 0001a000 08:07 1836101                    /usr/lib/jvm/jdk1.7.0_51/jre/lib/amd64/libzip.so
7f316f595000-7f316f5a0000 r-xp 00000000 08:07 2364559                    /lib/x86_64-linux-gnu/libnss_files-2.23.so
7f316f5a0000-7f316f79f000 ---p 0000b000 08:07 2364559                    /lib/x86_64-linux-gnu/libnss_files-2.23.so
7f316f79f000-7f316f7a0000 r--p 0000a000 08:07 2364559                    /lib/x86_64-linux-gnu/libnss_files-2.23.so
7f316f7a0000-7f316f7a1000 rw-p 0000b000 08:07 2364559                    /lib/x86_64-linux-gnu/libnss_files-2.23.so
7f316f7a1000-7f316f7a7000 rw-p 00000000 00:00 0 
7f316f7a7000-7f316f7b2000 r-xp 00000000 08:07 2364569                    /lib/x86_64-linux-gnu/libnss_nis-2.23.so
7f316f7b2000-7f316f9b1000 ---p 0000b000 08:07 2364569                    /lib/x86_64-linux-gnu/libnss_nis-2.23.so
7f316f9b1000-7f316f9b2000 r--p 0000a000 08:07 2364569                    /lib/x86_64-linux-gnu/libnss_nis-2.23.so
7f316f9b2000-7f316f9b3000 rw-p 0000b000 08:07 2364569                    /lib/x86_64-linux-gnu/libnss_nis-2.23.so
7f316f9b3000-7f316f9c9000 r-xp 00000000 08:07 2364553                    /lib/x86_64-linux-gnu/libnsl-2.23.so
7f316f9c9000-7f316fbc8000 ---p 00016000 08:07 2364553                    /lib/x86_64-linux-gnu/libnsl-2.23.so
7f316fbc8000-7f316fbc9000 r--p 00015000 08:07 2364553                    /lib/x86_64-linux-gnu/libnsl-2.23.so
7f316fbc9000-7f316fbca000 rw-p 00016000 08:07 2364553                    /lib/x86_64-linux-gnu/libnsl-2.23.so
7f316fbca000-7f316fbcc000 rw-p 00000000 00:00 0 
7f316fbcc000-7f316fbd4000 r-xp 00000000 08:07 2364555                    /lib/x86_64-linux-gnu/libnss_compat-2.23.so
7f316fbd4000-7f316fdd3000 ---p 00008000 08:07 2364555                    /lib/x86_64-linux-gnu/libnss_compat-2.23.so
7f316fdd3000-7f316fdd4000 r--p 00007000 08:07 2364555                    /lib/x86_64-linux-gnu/libnss_compat-2.23.so
7f316fdd4000-7f316fdd5000 rw-p 00008000 08:07 2364555                    /lib/x86_64-linux-gnu/libnss_compat-2.23.so
7f316fdd5000-7f316fdfe000 r-xp 00000000 08:07 1836085                    /usr/lib/jvm/jdk1.7.0_51/jre/lib/amd64/libjava.so
7f316fdfe000-7f316fffe000 ---p 00029000 08:07 1836085                    /usr/lib/jvm/jdk1.7.0_51/jre/lib/amd64/libjava.so
7f316fffe000-7f3170000000 rw-p 00029000 08:07 1836085                    /usr/lib/jvm/jdk1.7.0_51/jre/lib/amd64/libjava.so
7f3170000000-7f3170236000 rw-p 00000000 00:00 0 
7f3170236000-7f3174000000 ---p 00000000 00:00 0 
7f3174000000-7f3174001000 r--s 00000000 08:07 2890701                    /var/cache/fontconfig/b9d506c9ac06c20b433354fa67a72993-le64.cache-6
7f3174001000-7f3174002000 r--s 00000000 08:07 2890685                    /var/cache/fontconfig/551ecf3b0e8b0bca0f25c0944f561853-le64.cache-6
7f3174002000-7f3174006000 r--s 00000000 08:07 2883629                    /var/cache/fontconfig/7ef2298fde41cc6eeb7af42e48b7d293-le64.cache-6
7f3174006000-7f317408c000 rw-p 00000000 00:00 0 
7f317408c000-7f3174142000 rw-p 00000000 00:00 0 
7f3174142000-7f317414f000 r-xp 00000000 08:07 1836083                    /usr/lib/jvm/jdk1.7.0_51/jre/lib/amd64/libverify.so
7f317414f000-7f317434e000 ---p 0000d000 08:07 1836083                    /usr/lib/jvm/jdk1.7.0_51/jre/lib/amd64/libverify.so
7f317434e000-7f3174350000 rw-p 0000c000 08:07 1836083                    /usr/lib/jvm/jdk1.7.0_51/jre/lib/amd64/libverify.so
7f3174350000-7f3174357000 r-xp 00000000 08:07 2364614                    /lib/x86_64-linux-gnu/librt-2.23.so
7f3174357000-7f3174556000 ---p 00007000 08:07 2364614                    /lib/x86_64-linux-gnu/librt-2.23.so
7f3174556000-7f3174557000 r--p 00006000 08:07 2364614                    /lib/x86_64-linux-gnu/librt-2.23.so
7f3174557000-7f3174558000 rw-p 00007000 08:07 2364614                    /lib/x86_64-linux-gnu/librt-2.23.so
7f3174558000-7f317455b000 ---p 00000000 00:00 0 
7f317455b000-7f3174659000 rw-p 00000000 00:00 0 
7f3174659000-7f3174761000 r-xp 00000000 08:07 2364530                    /lib/x86_64-linux-gnu/libm-2.23.so
7f3174761000-7f3174960000 ---p 00108000 08:07 2364530                    /lib/x86_64-linux-gnu/libm-2.23.so
7f3174960000-7f3174961000 r--p 00107000 08:07 2364530                    /lib/x86_64-linux-gnu/libm-2.23.so
7f3174961000-7f3174962000 rw-p 00108000 08:07 2364530                    /lib/x86_64-linux-gnu/libm-2.23.so
7f3174962000-7f31754c4000 r-xp 00000000 08:07 1836091                    /usr/lib/jvm/jdk1.7.0_51/jre/lib/amd64/server/libjvm.so
7f31754c4000-7f31756c4000 ---p 00b62000 08:07 1836091                    /usr/lib/jvm/jdk1.7.0_51/jre/lib/amd64/server/libjvm.so
7f31756c4000-7f3175787000 rw-p 00b62000 08:07 1836091                    /usr/lib/jvm/jdk1.7.0_51/jre/lib/amd64/server/libjvm.so
7f3175787000-7f31757c8000 rw-p 00000000 00:00 0 
7f31757c8000-7f3175988000 r-xp 00000000 08:07 2364460                    /lib/x86_64-linux-gnu/libc-2.23.so
7f3175988000-7f3175b87000 ---p 001c0000 08:07 2364460                    /lib/x86_64-linux-gnu/libc-2.23.so
7f3175b87000-7f3175b8b000 r--p 001bf000 08:07 2364460                    /lib/x86_64-linux-gnu/libc-2.23.so
7f3175b8b000-7f3175b8d000 rw-p 001c3000 08:07 2364460                    /lib/x86_64-linux-gnu/libc-2.23.so
7f3175b8d000-7f3175b91000 rw-p 00000000 00:00 0 
7f3175b91000-7f3175b94000 r-xp 00000000 08:07 2364484                    /lib/x86_64-linux-gnu/libdl-2.23.so
7f3175b94000-7f3175d93000 ---p 00003000 08:07 2364484                    /lib/x86_64-linux-gnu/libdl-2.23.so
7f3175d93000-7f3175d94000 r--p 00002000 08:07 2364484                    /lib/x86_64-linux-gnu/libdl-2.23.so
7f3175d94000-7f3175d95000 rw-p 00003000 08:07 2364484                    /lib/x86_64-linux-gnu/libdl-2.23.so
7f3175d95000-7f3175dab000 r-xp 00000000 08:07 1056839                    /usr/lib/jvm/jdk1.7.0_51/lib/amd64/jli/libjli.so
7f3175dab000-7f3175fab000 ---p 00016000 08:07 1056839                    /usr/lib/jvm/jdk1.7.0_51/lib/amd64/jli/libjli.so
7f3175fab000-7f3175fac000 rw-p 00016000 08:07 1056839                    /usr/lib/jvm/jdk1.7.0_51/lib/amd64/jli/libjli.so
7f3175fac000-7f3175fc4000 r-xp 00000000 08:07 2364606                    /lib/x86_64-linux-gnu/libpthread-2.23.so
7f3175fc4000-7f31761c3000 ---p 00018000 08:07 2364606                    /lib/x86_64-linux-gnu/libpthread-2.23.so
7f31761c3000-7f31761c4000 r--p 00017000 08:07 2364606                    /lib/x86_64-linux-gnu/libpthread-2.23.so
7f31761c4000-7f31761c5000 rw-p 00018000 08:07 2364606                    /lib/x86_64-linux-gnu/libpthread-2.23.so
7f31761c5000-7f31761c9000 rw-p 00000000 00:00 0 
7f31761c9000-7f31761ef000 r-xp 00000000 08:07 2364432                    /lib/x86_64-linux-gnu/ld-2.23.so
7f31761ef000-7f31761f0000 r--s 00000000 08:07 2890680                    /var/cache/fontconfig/30829fa25452a46451e813d634d7f916-le64.cache-6
7f31761f0000-7f31761f7000 r--s 00000000 08:07 3016614                    /usr/lib/x86_64-linux-gnu/gconv/gconv-modules.cache
7f31761f7000-7f31761f9000 r--s 0000d000 08:08 3412122                    /home/kcrez/Documentos/JavaDuino/library/rxtx2.1/RXTXcomm.jar
7f31761f9000-7f31761fb000 r--s 0000d000 08:07 1835127                    /usr/lib/jvm/jdk1.7.0_51/jre/lib/ext/RXTXcomm.jar
7f31761fb000-7f317624f000 rw-p 00000000 00:00 0 
7f317624f000-7f317626d000 rw-p 00000000 00:00 0 
7f317626d000-7f3176271000 rw-p 00000000 00:00 0 
7f3176271000-7f31762b5000 r-xp 00000000 08:07 1052366                    /opt/eset/esets/lib/libesets_pac.so
7f31762b5000-7f31763b5000 ---p 00044000 08:07 1052366                    /opt/eset/esets/lib/libesets_pac.so
7f31763b5000-7f31763b8000 rw-p 00044000 08:07 1052366                    /opt/eset/esets/lib/libesets_pac.so
7f31763b8000-7f31763cb000 rw-p 00000000 00:00 0 
7f31763cb000-7f31763cc000 r--s 00000000 08:07 2890674                    /var/cache/fontconfig/0c9eb80ebd1c36541ebe2852d3bb0c49-le64.cache-6
7f31763cc000-7f31763e1000 rw-p 00000000 00:00 0 
7f31763e1000-7f31763e9000 rw-s 00000000 08:07 2097230                    /tmp/hsperfdata_kcrez/8981
7f31763e9000-7f31763ea000 rw-p 00000000 00:00 0 
7f31763ea000-7f31763eb000 r--p 00000000 00:00 0 
7f31763eb000-7f31763ee000 rw-p 00000000 00:00 0 
7f31763ee000-7f31763ef000 r--p 00025000 08:07 2364432                    /lib/x86_64-linux-gnu/ld-2.23.so
7f31763ef000-7f31763f0000 rw-p 00026000 08:07 2364432                    /lib/x86_64-linux-gnu/ld-2.23.so
7f31763f0000-7f31763f1000 rw-p 00000000 00:00 0 
7ffce9a34000-7ffce9a55000 rw-p 00000000 00:00 0                          [stack]
7ffce9b10000-7ffce9b12000 r--p 00000000 00:00 0                          [vvar]
7ffce9b12000-7ffce9b14000 r-xp 00000000 00:00 0                          [vdso]
ffffffffff600000-ffffffffff601000 r-xp 00000000 00:00 0                  [vsyscall]

VM Arguments:
jvm_args: -Dfile.encoding=UTF-8 -Djava.library.path=/home/kcrez/Documentos/JavaDuino/library/rxtx2.1 
java_command: PPD_Frame
Launcher Type: SUN_STANDARD

Environment Variables:
PATH=/usr/local/sbin:/usr/local/bin:/usr/sbin:/usr/bin:/sbin:/bin:/usr/games:/usr/local/games:/snap/bin
LD_LIBRARY_PATH=/usr/lib/jvm/jdk1.7.0_51/jre/lib/amd64:/usr/lib/jvm/jdk1.7.0_51/jre/lib/i386:
SHELL=/bin/bash
DISPLAY=:0

Signal Handlers:
SIGSEGV: [libjvm.so+0x993870], sa_mask[0]=0x7ffbfeff, sa_flags=0x10000004
SIGBUS: [libjvm.so+0x993870], sa_mask[0]=0x7ffbfeff, sa_flags=0x10000004
SIGFPE: [libjvm.so+0x8105b0], sa_mask[0]=0x7ffbfeff, sa_flags=0x10000004
SIGPIPE: [libjvm.so+0x8105b0], sa_mask[0]=0x7ffbfeff, sa_flags=0x10000004
SIGXFSZ: [libjvm.so+0x8105b0], sa_mask[0]=0x7ffbfeff, sa_flags=0x10000004
SIGILL: [libjvm.so+0x8105b0], sa_mask[0]=0x7ffbfeff, sa_flags=0x10000004
SIGUSR1: SIG_DFL, sa_mask[0]=0x00000000, sa_flags=0x00000000
SIGUSR2: [libjvm.so+0x811aa0], sa_mask[0]=0x00000004, sa_flags=0x10000004
SIGHUP: [libjvm.so+0x812a10], sa_mask[0]=0x7ffbfeff, sa_flags=0x10000004
SIGINT: SIG_IGN, sa_mask[0]=0x00000000, sa_flags=0x00000000
SIGTERM: [libjvm.so+0x812a10], sa_mask[0]=0x7ffbfeff, sa_flags=0x10000004
SIGQUIT: [libjvm.so+0x812a10], sa_mask[0]=0x7ffbfeff, sa_flags=0x10000004


---------------  S Y S T E M  ---------------

OS:stretch/sid

uname:Linux 4.4.0-22-generic #40-Ubuntu SMP Thu May 12 22:03:46 UTC 2016 x86_64
libc:glibc 2.23 NPTL 2.23 
rlimit: STACK 8192k, CORE 0k, NPROC 15146, NOFILE 65536, AS infinity
load average:1.72 0.74 0.46

/proc/meminfo:
MemTotal:        3916240 kB
MemFree:           32112 kB
MemAvailable:    1611888 kB
Buffers:           90200 kB
Cached:          1626936 kB
SwapCached:          268 kB
Active:          2422996 kB
Inactive:        1259432 kB
Active(anon):    1669228 kB
Inactive(anon):   491976 kB
Active(file):     753768 kB
Inactive(file):   767456 kB
Unevictable:          48 kB
Mlocked:              48 kB
SwapTotal:       7812088 kB
SwapFree:        7809400 kB
Dirty:               248 kB
Writeback:             4 kB
AnonPages:       1965432 kB
Mapped:           348856 kB
Shmem:            195624 kB
Slab:             121820 kB
SReclaimable:      87784 kB
SUnreclaim:        34036 kB
KernelStack:       10288 kB
PageTables:        34300 kB
NFS_Unstable:          0 kB
Bounce:                0 kB
WritebackTmp:          0 kB
CommitLimit:     9770208 kB
Committed_AS:    6335360 kB
VmallocTotal:   34359738367 kB
VmallocUsed:           0 kB
VmallocChunk:          0 kB
HardwareCorrupted:     0 kB
AnonHugePages:    825344 kB
CmaTotal:              0 kB
CmaFree:               0 kB
HugePages_Total:       0
HugePages_Free:        0
HugePages_Rsvd:        0
HugePages_Surp:        0
Hugepagesize:       2048 kB
DirectMap4k:      138012 kB
DirectMap2M:     3926016 kB
DirectMap1G:           0 kB


CPU:total 4 (2 cores per cpu, 2 threads per core) family 6 model 60 stepping 3, cmov, cx8, fxsr, mmx, sse, sse2, sse3, ssse3, sse4.1, sse4.2, popcnt, avx, avx2, aes, erms, ht, tsc, tscinvbit

/proc/cpuinfo:
processor	: 0
vendor_id	: GenuineIntel
cpu family	: 6
model		: 60
model name	: Intel(R) Core(TM) i3-4170 CPU @ 3.70GHz
stepping	: 3
microcode	: 0x1e
cpu MHz		: 3700.000
cache size	: 3072 KB
physical id	: 0
siblings	: 4
core id		: 0
cpu cores	: 2
apicid		: 0
initial apicid	: 0
fpu		: yes
fpu_exception	: yes
cpuid level	: 13
wp		: yes
flags		: fpu vme de pse tsc msr pae mce cx8 apic sep mtrr pge mca cmov pat pse36 clflush dts acpi mmx fxsr sse sse2 ss ht tm pbe syscall nx pdpe1gb rdtscp lm constant_tsc arch_perfmon pebs bts rep_good nopl xtopology nonstop_tsc aperfmperf eagerfpu pni pclmulqdq dtes64 monitor ds_cpl vmx est tm2 ssse3 sdbg fma cx16 xtpr pdcm pcid sse4_1 sse4_2 movbe popcnt tsc_deadline_timer aes xsave avx f16c rdrand lahf_lm abm epb tpr_shadow vnmi flexpriority ept vpid fsgsbase tsc_adjust bmi1 avx2 smep bmi2 erms invpcid xsaveopt dtherm arat pln pts
bugs		:
bogomips	: 7383.02
clflush size	: 64
cache_alignment	: 64
address sizes	: 39 bits physical, 48 bits virtual
power management:

processor	: 1
vendor_id	: GenuineIntel
cpu family	: 6
model		: 60
model name	: Intel(R) Core(TM) i3-4170 CPU @ 3.70GHz
stepping	: 3
microcode	: 0x1e
cpu MHz		: 3700.000
cache size	: 3072 KB
physical id	: 0
siblings	: 4
core id		: 1
cpu cores	: 2
apicid		: 2
initial apicid	: 2
fpu		: yes
fpu_exception	: yes
cpuid level	: 13
wp		: yes
flags		: fpu vme de pse tsc msr pae mce cx8 apic sep mtrr pge mca cmov pat pse36 clflush dts acpi mmx fxsr sse sse2 ss ht tm pbe syscall nx pdpe1gb rdtscp lm constant_tsc arch_perfmon pebs bts rep_good nopl xtopology nonstop_tsc aperfmperf eagerfpu pni pclmulqdq dtes64 monitor ds_cpl vmx est tm2 ssse3 sdbg fma cx16 xtpr pdcm pcid sse4_1 sse4_2 movbe popcnt tsc_deadline_timer aes xsave avx f16c rdrand lahf_lm abm epb tpr_shadow vnmi flexpriority ept vpid fsgsbase tsc_adjust bmi1 avx2 smep bmi2 erms invpcid xsaveopt dtherm arat pln pts
bugs		:
bogomips	: 7383.02
clflush size	: 64
cache_alignment	: 64
address sizes	: 39 bits physical, 48 bits virtual
power management:

processor	: 2
vendor_id	: GenuineIntel
cpu family	: 6
model		: 60
model name	: Intel(R) Core(TM) i3-4170 CPU @ 3.70GHz
stepping	: 3
microcode	: 0x1e
cpu MHz		: 3700.000
cache size	: 3072 KB
physical id	: 0
siblings	: 4
core id		: 0
cpu cores	: 2
apicid		: 1
initial apicid	: 1
fpu		: yes
fpu_exception	: yes
cpuid level	: 13
wp		: yes
flags		: fpu vme de pse tsc msr pae mce cx8 apic sep mtrr pge mca cmov pat pse36 clflush dts acpi mmx fxsr sse sse2 ss ht tm pbe syscall nx pdpe1gb rdtscp lm constant_tsc arch_perfmon pebs bts rep_good nopl xtopology nonstop_tsc aperfmperf eagerfpu pni pclmulqdq dtes64 monitor ds_cpl vmx est tm2 ssse3 sdbg fma cx16 xtpr pdcm pcid sse4_1 sse4_2 movbe popcnt tsc_deadline_timer aes xsave avx f16c rdrand lahf_lm abm epb tpr_shadow vnmi flexpriority ept vpid fsgsbase tsc_adjust bmi1 avx2 smep bmi2 erms invpcid xsaveopt dtherm arat pln pts
bugs		:
bogomips	: 7383.02
clflush size	: 64
cache_alignment	: 64
address sizes	: 39 bits physical, 48 bits virtual
power management:

processor	: 3
vendor_id	: GenuineIntel
cpu family	: 6
model		: 60
model name	: Intel(R) Core(TM) i3-4170 CPU @ 3.70GHz
stepping	: 3
microcode	: 0x1e
cpu MHz		: 3699.855
cache size	: 3072 KB
physical id	: 0
siblings	: 4
core id		: 1
cpu cores	: 2
apicid		: 3
initial apicid	: 3
fpu		: yes
fpu_exception	: yes
cpuid level	: 13
wp		: yes
flags		: fpu vme de pse tsc msr pae mce cx8 apic sep mtrr pge mca cmov pat pse36 clflush dts acpi mmx fxsr sse sse2 ss ht tm pbe syscall nx pdpe1gb rdtscp lm constant_tsc arch_perfmon pebs bts rep_good nopl xtopology nonstop_tsc aperfmperf eagerfpu pni pclmulqdq dtes64 monitor ds_cpl vmx est tm2 ssse3 sdbg fma cx16 xtpr pdcm pcid sse4_1 sse4_2 movbe popcnt tsc_deadline_timer aes xsave avx f16c rdrand lahf_lm abm epb tpr_shadow vnmi flexpriority ept vpid fsgsbase tsc_adjust bmi1 avx2 smep bmi2 erms invpcid xsaveopt dtherm arat pln pts
bugs		:
bogomips	: 7383.02
clflush size	: 64
cache_alignment	: 64
address sizes	: 39 bits physical, 48 bits virtual
power management:



Memory: 4k page, physical 3916240k(32112k free), swap 7812088k(7809400k free)

vm_info: Java HotSpot(TM) 64-Bit Server VM (24.51-b03) for linux-amd64 JRE (1.7.0_51-b13), built on Dec 18 2013 18:48:01 by "java_re" with gcc 4.3.0 20080428 (Red Hat 4.3.0-8)

time: Fri Jul 29 22:34:54 2016
elapsed time: 0 seconds

