#
# A fatal error has been detected by the Java Runtime Environment:
#
#  SIGSEGV (0xb) at pc=0x00007faa2a39d462, pid=6331, tid=140368832812800
#
# JRE version: Java(TM) SE Runtime Environment (7.0_51-b13) (build 1.7.0_51-b13)
# Java VM: Java HotSpot(TM) 64-Bit Server VM (24.51-b03 mixed mode linux-amd64 compressed oops)
# Problematic frame:
# C  [librxtxSerial.so+0x6462]  read_byte_array+0x52
#
# Failed to write core dump. Core dumps have been disabled. To enable core dumping, try "ulimit -c unlimited" before starting Java again
#
# If you would like to submit a bug report, please visit:
#   http://bugreport.sun.com/bugreport/crash.jsp
# The crash happened outside the Java Virtual Machine in native code.
# See problematic frame for where to report the bug.
#

---------------  T H R E A D  ---------------

Current thread (0x00007fa9e8047800):  JavaThread "Thread-0" [_thread_in_native, id=6363, stack(0x00007faa2a5ad000,0x00007faa2a6ae000)]

siginfo:si_signo=SIGSEGV: si_errno=0, si_code=1 (SEGV_MAPERR), si_addr=0x000000002a6ac578

Registers:
RAX=0x000000002a6ac570, RBX=0xffffffffffffffff, RCX=0x0000000000000001, RDX=0x00007faa441d7a50
RSP=0x00007faa2a6ab940, RBP=0x00007fa9e80479e8, RSI=0x00007faa2a3a0e30, RDI=0x00007faa2a3a0d3e
R8 =0x00007faa2a6ab8b0, R9 =0x00000000ffffffff, R10=0x0000000000000049, R11=0x00007faa2a39d410
R12=0x00000000ffffffff, R13=0x0000000000000000, R14=0x000000000000001d, R15=0x0000000000000000
RIP=0x00007faa2a39d462, EFLAGS=0x0000000000010202, CSGSFS=0x0000000000000033, ERR=0x0000000000000004
  TRAPNO=0x000000000000000e

Top of Stack: (sp=0x00007faa2a6ab940)
0x00007faa2a6ab940:   ff0000000000ff00 0000000000000000
0x00007faa2a6ab950:   0000000000000000 0000000000000000
0x00007faa2a6ab960:   0000000000000014 000000002a6ac570
0x00007faa2a6ab970:   0000000000000000 0000000000000000
0x00007faa2a6ab980:   0000000000000000 000000f400000000
0x00007faa2a6ab990:   00007fa9d4016400 0000001d00000000
0x00007faa2a6ab9a0:   0000000000000000 0000000000000000
0x00007faa2a6ab9b0:   0000000000000000 0000000000000000
0x00007faa2a6ab9c0:   00007fa9e8047800 0000000000000700
0x00007faa2a6ab9d0:   0000000000002000 0000000000000000
0x00007faa2a6ab9e0:   000000000000001d 0000000000000000
0x00007faa2a6ab9f0:   00007faa2a6aba20 00007faa4364adac
0x00007faa2a6aba00:   00007fa9d4016400 00007fa9d4016400
0x00007faa2a6aba10:   000000000000001d 00007faa2a6aba80
0x00007faa2a6aba20:   00007fa9e80479e8 00000000000000f4
0x00007faa2a6aba30:   00000000ffffffff ffffffffffffffff
0x00007faa2a6aba40:   00007fa9e80479e8 00007fa9d4016400
0x00007faa2a6aba50:   00000000000000f4 000000000000001d
0x00007faa2a6aba60:   0000000000000000 00007faa2a39d8a1
0x00007faa2a6aba70:   00007fa9e8047800 00007faa2a6abb58
0x00007faa2a6aba80:   00007faa2a6abb60 00000000bfb2ed10
0x00007faa2a6aba90:   00007faa2a6abb28 0000000000000000
0x00007faa2a6abaa0:   00000000bfb2ed08 00007faa2a6abb60
0x00007faa2a6abab0:   00007fa9e8047800 00007faa39018af9
0x00007faa2a6abac0:   00000000bfb41f93 00007faa000000b6
0x00007faa2a6abad0:   00007faa00001148 000000f4000000b6
0x00007faa2a6abae0:   00007fa9e8047800 00007faa2a6abae8
0x00007faa2a6abaf0:   00000000bfb2ed08 00007faa2a6abb60
0x00007faa2a6abb00:   00000000bfb42c48 0000000000000000
0x00007faa2a6abb10:   00000000bfb2ed10 0000000000000000
0x00007faa2a6abb20:   00007faa2a6abb48 00007faa2a6abbb8
0x00007faa2a6abb30:   00007faa39006254 0000000000000000 

Instructions: (pc=0x00007faa2a39d462)
0x00007faa2a39d442:   89 44 24 4c 48 c7 44 24 40 00 00 00 00 48 c7 44
0x00007faa2a39d452:   24 38 00 00 00 00 e8 53 d7 ff ff 48 89 44 24 28
0x00007faa2a39d462:   8b 40 08 45 85 e4 48 8b 54 24 28 44 8b 7c 24 4c
0x00007faa2a39d472:   89 44 24 34 c7 42 08 00 00 00 00 78 0c 31 c0 e8 

Register to memory mapping:

RAX=0x000000002a6ac570 is an unknown value
RBX=0xffffffffffffffff is an unknown value
RCX=0x0000000000000001 is an unknown value
RDX=0x00007faa441d7a50: <offset 0xe37a50> in /usr/lib/jvm/jdk1.7.0_51/jre/lib/amd64/server/libjvm.so at 0x00007faa433a0000
RSP=0x00007faa2a6ab940 is pointing into the stack for thread: 0x00007fa9e8047800
RBP=0x00007fa9e80479e8 is an unknown value
RSI=0x00007faa2a3a0e30: <offset 0x9e30> in /usr/lib/jvm/jdk1.7.0_51/jre/lib/amd64/librxtxSerial.so at 0x00007faa2a397000
RDI=0x00007faa2a3a0d3e: <offset 0x9d3e> in /usr/lib/jvm/jdk1.7.0_51/jre/lib/amd64/librxtxSerial.so at 0x00007faa2a397000
R8 =0x00007faa2a6ab8b0 is pointing into the stack for thread: 0x00007fa9e8047800
R9 =0x00000000ffffffff is an unallocated location in the heap
R10=0x0000000000000049 is an unknown value
R11=0x00007faa2a39d410: read_byte_array+0 in /usr/lib/jvm/jdk1.7.0_51/jre/lib/amd64/librxtxSerial.so at 0x00007faa2a397000
R12=0x00000000ffffffff is an unallocated location in the heap
R13=0x0000000000000000 is an unknown value
R14=0x000000000000001d is an unknown value
R15=0x0000000000000000 is an unknown value


Stack: [0x00007faa2a5ad000,0x00007faa2a6ae000],  sp=0x00007faa2a6ab940,  free space=1018k
Native frames: (J=compiled Java code, j=interpreted, Vv=VM code, C=native code)
C  [librxtxSerial.so+0x6462]  read_byte_array+0x52

Java frames: (J=compiled Java code, j=interpreted, Vv=VM code)
j  gnu.io.RXTXPort.readArray([BII)I+0
j  gnu.io.RXTXPort$SerialInputStream.read([BII)I+187
j  sun.nio.cs.StreamDecoder.readBytes()I+135
j  sun.nio.cs.StreamDecoder.implRead([CII)I+112
j  sun.nio.cs.StreamDecoder.read([CII)I+180
j  java.io.InputStreamReader.read([CII)I+7
j  java.io.BufferedReader.fill()V+145
j  java.io.BufferedReader.readLine(Z)Ljava/lang/String;+44
j  java.io.BufferedReader.readLine()Ljava/lang/String;+2
j  PPD_Frame.serialEvent(Lgnu/io/SerialPortEvent;)V+24
j  gnu.io.RXTXPort.sendEvent(IZ)Z+382
v  ~StubRoutines::call_stub
j  gnu.io.RXTXPort.eventLoop()V+0
j  gnu.io.RXTXPort$MonitorThread.run()V+12
v  ~StubRoutines::call_stub

---------------  P R O C E S S  ---------------

Java Threads: ( => current thread )
=>0x00007fa9e8047800 JavaThread "Thread-0" [_thread_in_native, id=6363, stack(0x00007faa2a5ad000,0x00007faa2a6ae000)]
  0x00007fa9e8003800 JavaThread "org.netbeans.modules.debugger.jpda.visual AWT Access Loop" daemon [_thread_blocked, id=6360, stack(0x00007faa2aa2e000,0x00007faa2ab2f000)]
  0x00007faa3c00d800 JavaThread "DestroyJavaVM" [_thread_blocked, id=6332, stack(0x00007faa42f96000,0x00007faa43097000)]
  0x00007faa3c201000 JavaThread "AWT-EventQueue-0" [_thread_blocked, id=6359, stack(0x00007faa2ab2f000,0x00007faa2ac30000)]
  0x00007faa3c230800 JavaThread "AWT-Shutdown" [_thread_blocked, id=6358, stack(0x00007faa2ac30000,0x00007faa2ad31000)]
  0x00007faa3c195800 JavaThread "AWT-XAWT" daemon [_thread_in_native, id=6356, stack(0x00007faa2b8e9000,0x00007faa2b9ea000)]
  0x00007faa3c172000 JavaThread "Java2D Disposer" daemon [_thread_blocked, id=6355, stack(0x00007faa300bb000,0x00007faa301bc000)]
  0x00007faa3c0a9000 JavaThread "Service Thread" daemon [_thread_blocked, id=6353, stack(0x00007faa31776000,0x00007faa31877000)]
  0x00007faa3c0a6800 JavaThread "C2 CompilerThread1" daemon [_thread_blocked, id=6352, stack(0x00007faa31877000,0x00007faa31978000)]
  0x00007faa3c0a3800 JavaThread "C2 CompilerThread0" daemon [_thread_blocked, id=6351, stack(0x00007faa31978000,0x00007faa31a79000)]
  0x00007faa10001000 JavaThread "JDWP Command Reader" daemon [_thread_in_native, id=6347, stack(0x00007faa31a79000,0x00007faa31b7a000)]
  0x00007faa3c0a1800 JavaThread "JDWP Event Helper Thread" daemon [_thread_blocked, id=6346, stack(0x00007faa31b7a000,0x00007faa31c7b000)]
  0x00007faa3c09e000 JavaThread "JDWP Transport Listener: dt_socket" daemon [_thread_blocked, id=6344, stack(0x00007faa31c7b000,0x00007faa31d7c000)]
  0x00007faa3c090800 JavaThread "Signal Dispatcher" daemon [_thread_blocked, id=6343, stack(0x00007faa3806d000,0x00007faa3816e000)]
  0x00007faa3c073000 JavaThread "Finalizer" daemon [_thread_blocked, id=6342, stack(0x00007faa3816e000,0x00007faa3826f000)]
  0x00007faa3c06f000 JavaThread "Reference Handler" daemon [_thread_blocked, id=6341, stack(0x00007faa3826f000,0x00007faa38370000)]

Other Threads:
  0x00007faa3c06c800 VMThread [stack: 0x00007faa38370000,0x00007faa38471000] [id=6340]
  0x00007faa3c0b4000 WatcherThread [stack: 0x00007faa31675000,0x00007faa31776000] [id=6354]

VM state:not at safepoint (normal execution)

VM Mutex/Monitor currently owned by a thread: None

Heap
 PSYoungGen      total 17920K, used 9531K [0x00000000ec080000, 0x00000000ed480000, 0x0000000100000000)
  eden space 15360K, 62% used [0x00000000ec080000,0x00000000ec9ced78,0x00000000ecf80000)
  from space 2560K, 0% used [0x00000000ed200000,0x00000000ed200000,0x00000000ed480000)
  to   space 2560K, 0% used [0x00000000ecf80000,0x00000000ecf80000,0x00000000ed200000)
 ParOldGen       total 40448K, used 0K [0x00000000c4200000, 0x00000000c6980000, 0x00000000ec080000)
  object space 40448K, 0% used [0x00000000c4200000,0x00000000c4200000,0x00000000c6980000)
 PSPermGen       total 21504K, used 12201K [0x00000000bf000000, 0x00000000c0500000, 0x00000000c4200000)
  object space 21504K, 56% used [0x00000000bf000000,0x00000000bfbea6f0,0x00000000c0500000)

Card table byte_map: [0x00007faa40e34000,0x00007faa4103d000] byte_map_base: 0x00007faa4083c000

Polling page: 0x00007faa44e28000

Code Cache  [0x00007faa39000000, 0x00007faa39270000, 0x00007faa3c000000)
 total_blobs=518 nmethods=48 adapters=431 free_code_cache=48469Kb largest_free_block=49620224

Compilation events (10 events):
Event: 9.843 Thread 0x00007faa3c0a6800 nmethod 43 0x00007faa390ab650 code [0x00007faa390ab7c0, 0x00007faa390abc18]
Event: 9.849 Thread 0x00007faa3c0a3800 nmethod 44% 0x00007faa39096f10 code [0x00007faa390970c0, 0x00007faa39097998]
Event: 9.849 Thread 0x00007faa3c0a6800   45             javax.swing.plaf.nimbus.EffectUtils::blur (157 bytes)
Event: 9.863 Thread 0x00007faa3c0a6800 nmethod 45 0x00007faa3909ce10 code [0x00007faa3909cfa0, 0x00007faa3909d798]
Event: 9.884 Thread 0x00007faa3c0a3800   46             java.awt.MultipleGradientPaintContext::indexIntoGradientsArrays (190 bytes)
Event: 9.891 Thread 0x00007faa3c0a3800 nmethod 46 0x00007faa3909c250 code [0x00007faa3909c420, 0x00007faa3909ca18]
Event: 9.892 Thread 0x00007faa3c0a6800   47             java.awt.MultipleGradientPaintContext::interpolate (202 bytes)
Event: 9.894 Thread 0x00007faa3c0a3800   48             java.awt.LinearGradientPaintContext::fillRaster (97 bytes)
Event: 9.898 Thread 0x00007faa3c0a3800 nmethod 48 0x00007faa39096910 code [0x00007faa39096a60, 0x00007faa39096d88]
Event: 9.899 Thread 0x00007faa3c0a6800 nmethod 47 0x00007faa390ad250 code [0x00007faa390ad400, 0x00007faa390ad9f8]

GC Heap History (0 events):
No events

Deoptimization events (0 events):
No events

Internal exceptions (10 events):
Event: 0.567 Thread 0x00007faa3c201000 Threw 0x00000000ec3dfd88 at /HUDSON/workspace/7u-2-build-linux-amd64@2/jdk7u51/527/hotspot/src/share/vm/prims/jvm.cpp:1244
Event: 0.567 Thread 0x00007faa3c201000 Threw 0x00000000ec3e38c8 at /HUDSON/workspace/7u-2-build-linux-amd64@2/jdk7u51/527/hotspot/src/share/vm/prims/jvm.cpp:1244
Event: 0.567 Thread 0x00007faa3c201000 Threw 0x00000000ec3e4fe0 at /HUDSON/workspace/7u-2-build-linux-amd64@2/jdk7u51/527/hotspot/src/share/vm/prims/jvm.cpp:1244
Event: 0.718 Thread 0x00007faa3c201000 Threw 0x00000000ec567c60 at /HUDSON/workspace/7u-2-build-linux-amd64@2/jdk7u51/527/hotspot/src/share/vm/prims/jvm.cpp:1244
Event: 0.719 Thread 0x00007faa3c201000 Threw 0x00000000ec569830 at /HUDSON/workspace/7u-2-build-linux-amd64@2/jdk7u51/527/hotspot/src/share/vm/prims/jvm.cpp:1244
Event: 0.822 Thread 0x00007faa3c201000 Threw 0x00000000ec8c3130 at /HUDSON/workspace/7u-2-build-linux-amd64@2/jdk7u51/527/hotspot/src/share/vm/prims/jni.cpp:717
Event: 0.839 Thread 0x00007faa3c201000 Threw 0x00000000ec8d63b8 at /HUDSON/workspace/7u-2-build-linux-amd64@2/jdk7u51/527/hotspot/src/share/vm/prims/jni.cpp:717
Event: 0.841 Thread 0x00007faa3c201000 Threw 0x00000000ec8e7d70 at /HUDSON/workspace/7u-2-build-linux-amd64@2/jdk7u51/527/hotspot/src/share/vm/prims/jni.cpp:717
Event: 0.863 Thread 0x00007faa3c201000 Threw 0x00000000ec8fac40 at /HUDSON/workspace/7u-2-build-linux-amd64@2/jdk7u51/527/hotspot/src/share/vm/prims/jni.cpp:717
Event: 9.976 Thread 0x00007faa3c201000 Threw 0x00000000ec9bde50 at /HUDSON/workspace/7u-2-build-linux-amd64@2/jdk7u51/527/hotspot/src/share/vm/prims/jni.cpp:743

Events (10 events):
Event: 12.342 Executing VM operation: GetOrSetLocal
Event: 12.342 Executing VM operation: GetOrSetLocal done
Event: 12.342 Executing VM operation: GetOrSetLocal
Event: 12.342 Executing VM operation: GetOrSetLocal done
Event: 12.853 Executing VM operation: GetOrSetLocal
Event: 12.853 Executing VM operation: GetOrSetLocal done
Event: 12.853 Executing VM operation: GetOrSetLocal
Event: 12.853 Executing VM operation: GetOrSetLocal done
Event: 12.853 Executing VM operation: GetOrSetLocal
Event: 12.853 Executing VM operation: GetOrSetLocal done


Dynamic libraries:
00400000-00401000 r-xp 00000000 08:07 937188                             /usr/lib/jvm/jdk1.7.0_51/bin/java
00600000-00601000 rw-p 00000000 08:07 937188                             /usr/lib/jvm/jdk1.7.0_51/bin/java
00b6d000-00b8e000 rw-p 00000000 00:00 0                                  [heap]
bf000000-c0500000 rw-p 00000000 00:00 0 
c0500000-c4200000 rw-p 00000000 00:00 0 
c4200000-c6980000 rw-p 00000000 00:00 0 
c6980000-ec080000 rw-p 00000000 00:00 0 
ec080000-ed480000 rw-p 00000000 00:00 0 
ed480000-100000000 rw-p 00000000 00:00 0 
7fa9d4000000-7fa9d4021000 rw-p 00000000 00:00 0 
7fa9d4021000-7fa9d8000000 ---p 00000000 00:00 0 
7fa9dc000000-7fa9dc021000 rw-p 00000000 00:00 0 
7fa9dc021000-7fa9e0000000 ---p 00000000 00:00 0 
7fa9e0000000-7fa9e003b000 rw-p 00000000 00:00 0 
7fa9e003b000-7fa9e4000000 ---p 00000000 00:00 0 
7fa9e4000000-7fa9e4021000 rw-p 00000000 00:00 0 
7fa9e4021000-7fa9e8000000 ---p 00000000 00:00 0 
7fa9e8000000-7fa9e8120000 rw-p 00000000 00:00 0 
7fa9e8120000-7fa9ec000000 ---p 00000000 00:00 0 
7fa9ec000000-7fa9ec021000 rw-p 00000000 00:00 0 
7fa9ec021000-7fa9f0000000 ---p 00000000 00:00 0 
7fa9f0000000-7fa9f0021000 rw-p 00000000 00:00 0 
7fa9f0021000-7fa9f4000000 ---p 00000000 00:00 0 
7fa9f4000000-7fa9f4021000 rw-p 00000000 00:00 0 
7fa9f4021000-7fa9f8000000 ---p 00000000 00:00 0 
7fa9f8000000-7fa9f8021000 rw-p 00000000 00:00 0 
7fa9f8021000-7fa9fc000000 ---p 00000000 00:00 0 
7fa9fc000000-7fa9fc57c000 rw-p 00000000 00:00 0 
7fa9fc57c000-7faa00000000 ---p 00000000 00:00 0 
7faa00000000-7faa0033a000 rw-p 00000000 00:00 0 
7faa0033a000-7faa04000000 ---p 00000000 00:00 0 
7faa04000000-7faa0402c000 rw-p 00000000 00:00 0 
7faa0402c000-7faa08000000 ---p 00000000 00:00 0 
7faa08000000-7faa08021000 rw-p 00000000 00:00 0 
7faa08021000-7faa0c000000 ---p 00000000 00:00 0 
7faa0c000000-7faa0c021000 rw-p 00000000 00:00 0 
7faa0c021000-7faa10000000 ---p 00000000 00:00 0 
7faa10000000-7faa1003c000 rw-p 00000000 00:00 0 
7faa1003c000-7faa14000000 ---p 00000000 00:00 0 
7faa14000000-7faa14021000 rw-p 00000000 00:00 0 
7faa14021000-7faa18000000 ---p 00000000 00:00 0 
7faa18000000-7faa18021000 rw-p 00000000 00:00 0 
7faa18021000-7faa1c000000 ---p 00000000 00:00 0 
7faa1c000000-7faa1c021000 rw-p 00000000 00:00 0 
7faa1c021000-7faa20000000 ---p 00000000 00:00 0 
7faa20000000-7faa20021000 rw-p 00000000 00:00 0 
7faa20021000-7faa24000000 ---p 00000000 00:00 0 
7faa24000000-7faa24021000 rw-p 00000000 00:00 0 
7faa24021000-7faa28000000 ---p 00000000 00:00 0 
7faa29f7a000-7faa29fa4000 r-xp 00000000 08:07 1836084                    /usr/lib/jvm/jdk1.7.0_51/jre/lib/amd64/libdcpr.so
7faa29fa4000-7faa2a1a4000 ---p 0002a000 08:07 1836084                    /usr/lib/jvm/jdk1.7.0_51/jre/lib/amd64/libdcpr.so
7faa2a1a4000-7faa2a1a7000 rw-p 0002a000 08:07 1836084                    /usr/lib/jvm/jdk1.7.0_51/jre/lib/amd64/libdcpr.so
7faa2a1a7000-7faa2a397000 rw-s 00000000 00:05 38141982                   /SYSV00000000 (deleted)
7faa2a397000-7faa2a3a3000 r-xp 00000000 08:07 1835128                    /usr/lib/jvm/jdk1.7.0_51/jre/lib/amd64/librxtxSerial.so
7faa2a3a3000-7faa2a4a2000 ---p 0000c000 08:07 1835128                    /usr/lib/jvm/jdk1.7.0_51/jre/lib/amd64/librxtxSerial.so
7faa2a4a2000-7faa2a4a4000 rw-p 0000b000 08:07 1835128                    /usr/lib/jvm/jdk1.7.0_51/jre/lib/amd64/librxtxSerial.so
7faa2a4a4000-7faa2a4bd000 r--s 00000000 08:07 527849                     /usr/share/fonts/type1/gsfonts/n022004l.pfb
7faa2a4bd000-7faa2a4d6000 r--s 00000000 08:07 527834                     /usr/share/fonts/type1/gsfonts/n021003l.pfb
7faa2a5ad000-7faa2a5b0000 ---p 00000000 00:00 0 
7faa2a5b0000-7faa2a6ae000 rw-p 00000000 00:00 0 
7faa2a6ae000-7faa2a6b1000 ---p 00000000 00:00 0 
7faa2a6b1000-7faa2a7af000 rw-p 00000000 00:00 0 
7faa2a7af000-7faa2a817000 r-xp 00000000 08:07 1836082                    /usr/lib/jvm/jdk1.7.0_51/jre/lib/amd64/libt2k.so
7faa2a817000-7faa2aa17000 ---p 00068000 08:07 1836082                    /usr/lib/jvm/jdk1.7.0_51/jre/lib/amd64/libt2k.so
7faa2aa17000-7faa2aa1e000 rw-p 00068000 08:07 1836082                    /usr/lib/jvm/jdk1.7.0_51/jre/lib/amd64/libt2k.so
7faa2aa1e000-7faa2aa2e000 rw-p 00000000 00:00 0 
7faa2aa2e000-7faa2aa31000 ---p 00000000 00:00 0 
7faa2aa31000-7faa2ab2f000 rw-p 00000000 00:00 0 
7faa2ab2f000-7faa2ab32000 ---p 00000000 00:00 0 
7faa2ab32000-7faa2ac30000 rw-p 00000000 00:00 0 
7faa2ac30000-7faa2ac33000 ---p 00000000 00:00 0 
7faa2ac33000-7faa2ad31000 rw-p 00000000 00:00 0 
7faa2ad31000-7faa2ad41000 r-xp 00000000 08:07 1836051                    /usr/lib/jvm/jdk1.7.0_51/jre/lib/amd64/libnio.so
7faa2ad41000-7faa2af41000 ---p 00010000 08:07 1836051                    /usr/lib/jvm/jdk1.7.0_51/jre/lib/amd64/libnio.so
7faa2af41000-7faa2af42000 rw-p 00010000 08:07 1836051                    /usr/lib/jvm/jdk1.7.0_51/jre/lib/amd64/libnio.so
7faa2af42000-7faa2b243000 rw-p 00000000 00:00 0 
7faa2b243000-7faa2b259000 r-xp 00000000 08:07 1836056                    /usr/lib/jvm/jdk1.7.0_51/jre/lib/amd64/libnet.so
7faa2b259000-7faa2b459000 ---p 00016000 08:07 1836056                    /usr/lib/jvm/jdk1.7.0_51/jre/lib/amd64/libnet.so
7faa2b459000-7faa2b45a000 rw-p 00016000 08:07 1836056                    /usr/lib/jvm/jdk1.7.0_51/jre/lib/amd64/libnet.so
7faa2b45a000-7faa2b470000 r-xp 00000000 08:07 2364498                    /lib/x86_64-linux-gnu/libgcc_s.so.1
7faa2b470000-7faa2b66f000 ---p 00016000 08:07 2364498                    /lib/x86_64-linux-gnu/libgcc_s.so.1
7faa2b66f000-7faa2b670000 rw-p 00015000 08:07 2364498                    /lib/x86_64-linux-gnu/libgcc_s.so.1
7faa2b670000-7faa2b6d5000 r-xp 00000000 08:07 1836052                    /usr/lib/jvm/jdk1.7.0_51/jre/lib/amd64/libfontmanager.so
7faa2b6d5000-7faa2b8d4000 ---p 00065000 08:07 1836052                    /usr/lib/jvm/jdk1.7.0_51/jre/lib/amd64/libfontmanager.so
7faa2b8d4000-7faa2b8d8000 rw-p 00064000 08:07 1836052                    /usr/lib/jvm/jdk1.7.0_51/jre/lib/amd64/libfontmanager.so
7faa2b8d8000-7faa2b8e9000 rw-p 00000000 00:00 0 
7faa2b8e9000-7faa2b8ec000 ---p 00000000 00:00 0 
7faa2b8ec000-7faa2b9ea000 rw-p 00000000 00:00 0 
7faa2b9ea000-7faa2b9ef000 r-xp 00000000 08:07 2762080                    /usr/lib/x86_64-linux-gnu/libXfixes.so.3.1.0
7faa2b9ef000-7faa2bbee000 ---p 00005000 08:07 2762080                    /usr/lib/x86_64-linux-gnu/libXfixes.so.3.1.0
7faa2bbee000-7faa2bbef000 r--p 00004000 08:07 2762080                    /usr/lib/x86_64-linux-gnu/libXfixes.so.3.1.0
7faa2bbef000-7faa2bbf0000 rw-p 00005000 08:07 2762080                    /usr/lib/x86_64-linux-gnu/libXfixes.so.3.1.0
7faa2bbf0000-7faa2bbf9000 r-xp 00000000 08:07 2762072                    /usr/lib/x86_64-linux-gnu/libXcursor.so.1.0.2
7faa2bbf9000-7faa2bdf8000 ---p 00009000 08:07 2762072                    /usr/lib/x86_64-linux-gnu/libXcursor.so.1.0.2
7faa2bdf8000-7faa2bdf9000 r--p 00008000 08:07 2762072                    /usr/lib/x86_64-linux-gnu/libXcursor.so.1.0.2
7faa2bdf9000-7faa2bdfa000 rw-p 00009000 08:07 2762072                    /usr/lib/x86_64-linux-gnu/libXcursor.so.1.0.2
7faa2bdfa000-7faa2bdff000 r-xp 00000000 08:07 2762076                    /usr/lib/x86_64-linux-gnu/libXdmcp.so.6.0.0
7faa2bdff000-7faa2bffe000 ---p 00005000 08:07 2762076                    /usr/lib/x86_64-linux-gnu/libXdmcp.so.6.0.0
7faa2bffe000-7faa2bfff000 r--p 00004000 08:07 2762076                    /usr/lib/x86_64-linux-gnu/libXdmcp.so.6.0.0
7faa2bfff000-7faa2c000000 rw-p 00005000 08:07 2762076                    /usr/lib/x86_64-linux-gnu/libXdmcp.so.6.0.0
7faa2c000000-7faa2c021000 rw-p 00000000 00:00 0 
7faa2c021000-7faa30000000 ---p 00000000 00:00 0 
7faa30002000-7faa30018000 r--s 00000000 08:07 527843                     /usr/share/fonts/type1/gsfonts/n021024l.pfb
7faa30018000-7faa3002e000 r--s 00000000 08:07 527852                     /usr/share/fonts/type1/gsfonts/n022023l.pfb
7faa3002e000-7faa30045000 r--s 00000000 08:07 527840                     /usr/share/fonts/type1/gsfonts/n021023l.pfb
7faa30045000-7faa30056000 r--s 00000000 08:07 527816                     /usr/share/fonts/type1/gsfonts/n019023l.pfb
7faa30056000-7faa3006a000 r--s 00000000 08:07 527810                     /usr/share/fonts/type1/gsfonts/n019003l.pfb
7faa3006a000-7faa30073000 r--s 00000000 08:07 527870                     /usr/share/fonts/type1/gsfonts/s050000l.pfb
7faa30073000-7faa3007e000 r--s 00000000 08:07 2890696                    /var/cache/fontconfig/945677eb7aeaf62f1d50efc3fb3ec7d8-le64.cache-6
7faa3007e000-7faa30084000 r--s 00000000 08:07 2890678                    /var/cache/fontconfig/2cd17615ca594fa2959ae173292e504c-le64.cache-6
7faa30084000-7faa30085000 r--s 00000000 08:07 2890675                    /var/cache/fontconfig/0d8c3b2ac0904cb8a57a757ad11a4a08-le64.cache-6
7faa30085000-7faa30089000 r--s 00000000 08:07 2885053                    /var/cache/fontconfig/de156ccd2eddbdc19d37a45b8b2aac9c-le64.cache-6
7faa30089000-7faa3009e000 r--s 00000000 08:07 2890672                    /var/cache/fontconfig/04aabc0a78ac019cf9454389977116d2-le64.cache-6
7faa3009e000-7faa3009f000 r--s 00000000 08:07 2890677                    /var/cache/fontconfig/1ac9eb803944fde146138c791f5cc56a-le64.cache-6
7faa3009f000-7faa300a3000 r--s 00000000 08:07 2890682                    /var/cache/fontconfig/385c0604a188198f04d133e54aba7fe7-le64.cache-6
7faa300a3000-7faa300a4000 r--s 00000000 08:07 2890709                    /var/cache/fontconfig/dc05db6664285cc2f12bf69c139ae4c3-le64.cache-6
7faa300a4000-7faa300a7000 r--s 00000000 08:07 2890692                    /var/cache/fontconfig/767a8244fc0220cfb567a839d0392e0b-le64.cache-6
7faa300a7000-7faa300a8000 r--s 00000000 08:07 2883743                    /var/cache/fontconfig/4794a0821666d79190d59a36cb4f44b5-le64.cache-6
7faa300a8000-7faa300ad000 r--s 00000000 08:07 2890695                    /var/cache/fontconfig/8801497958630a81b71ace7c5f9b32a8-le64.cache-6
7faa300ad000-7faa300ae000 r--s 00000000 08:07 2890702                    /var/cache/fontconfig/bab58bb527bb656aaa9f116d68a48d89-le64.cache-6
7faa300ae000-7faa300b5000 r--s 00000000 08:07 2890679                    /var/cache/fontconfig/3047814df9a2f067bd2d96a2b9c36e5a-le64.cache-6
7faa300b5000-7faa300bb000 r--s 00000000 08:07 2890700                    /var/cache/fontconfig/b47c4e1ecd0709278f4910c18777a504-le64.cache-6
7faa300bb000-7faa300be000 ---p 00000000 00:00 0 
7faa300be000-7faa301bc000 rw-p 00000000 00:00 0 
7faa301bc000-7faa301be000 r-xp 00000000 08:07 2762065                    /usr/lib/x86_64-linux-gnu/libXau.so.6.0.0
7faa301be000-7faa303be000 ---p 00002000 08:07 2762065                    /usr/lib/x86_64-linux-gnu/libXau.so.6.0.0
7faa303be000-7faa303bf000 r--p 00002000 08:07 2762065                    /usr/lib/x86_64-linux-gnu/libXau.so.6.0.0
7faa303bf000-7faa303c0000 rw-p 00003000 08:07 2762065                    /usr/lib/x86_64-linux-gnu/libXau.so.6.0.0
7faa303c0000-7faa303e1000 r-xp 00000000 08:07 2763443                    /usr/lib/x86_64-linux-gnu/libxcb.so.1.1.0
7faa303e1000-7faa305e0000 ---p 00021000 08:07 2763443                    /usr/lib/x86_64-linux-gnu/libxcb.so.1.1.0
7faa305e0000-7faa305e1000 r--p 00020000 08:07 2763443                    /usr/lib/x86_64-linux-gnu/libxcb.so.1.1.0
7faa305e1000-7faa305e2000 rw-p 00021000 08:07 2763443                    /usr/lib/x86_64-linux-gnu/libxcb.so.1.1.0
7faa305e2000-7faa305f1000 r-xp 00000000 08:07 2762086                    /usr/lib/x86_64-linux-gnu/libXi.so.6.1.0
7faa305f1000-7faa307f0000 ---p 0000f000 08:07 2762086                    /usr/lib/x86_64-linux-gnu/libXi.so.6.1.0
7faa307f0000-7faa307f1000 r--p 0000e000 08:07 2762086                    /usr/lib/x86_64-linux-gnu/libXi.so.6.1.0
7faa307f1000-7faa307f2000 rw-p 0000f000 08:07 2762086                    /usr/lib/x86_64-linux-gnu/libXi.so.6.1.0
7faa307f2000-7faa307f7000 r-xp 00000000 08:07 2762104                    /usr/lib/x86_64-linux-gnu/libXtst.so.6.1.0
7faa307f7000-7faa309f6000 ---p 00005000 08:07 2762104                    /usr/lib/x86_64-linux-gnu/libXtst.so.6.1.0
7faa309f6000-7faa309f7000 r--p 00004000 08:07 2762104                    /usr/lib/x86_64-linux-gnu/libXtst.so.6.1.0
7faa309f7000-7faa309f8000 rw-p 00005000 08:07 2762104                    /usr/lib/x86_64-linux-gnu/libXtst.so.6.1.0
7faa309f8000-7faa30a01000 r-xp 00000000 08:07 2762098                    /usr/lib/x86_64-linux-gnu/libXrender.so.1.3.0
7faa30a01000-7faa30c00000 ---p 00009000 08:07 2762098                    /usr/lib/x86_64-linux-gnu/libXrender.so.1.3.0
7faa30c00000-7faa30c01000 r--p 00008000 08:07 2762098                    /usr/lib/x86_64-linux-gnu/libXrender.so.1.3.0
7faa30c01000-7faa30c02000 rw-p 00009000 08:07 2762098                    /usr/lib/x86_64-linux-gnu/libXrender.so.1.3.0
7faa30c02000-7faa30d37000 r-xp 00000000 08:07 2762061                    /usr/lib/x86_64-linux-gnu/libX11.so.6.3.0
7faa30d37000-7faa30f37000 ---p 00135000 08:07 2762061                    /usr/lib/x86_64-linux-gnu/libX11.so.6.3.0
7faa30f37000-7faa30f38000 r--p 00135000 08:07 2762061                    /usr/lib/x86_64-linux-gnu/libX11.so.6.3.0
7faa30f38000-7faa30f3c000 rw-p 00136000 08:07 2762061                    /usr/lib/x86_64-linux-gnu/libX11.so.6.3.0
7faa30f3c000-7faa30f4d000 r-xp 00000000 08:07 2762078                    /usr/lib/x86_64-linux-gnu/libXext.so.6.4.0
7faa30f4d000-7faa3114c000 ---p 00011000 08:07 2762078                    /usr/lib/x86_64-linux-gnu/libXext.so.6.4.0
7faa3114c000-7faa3114d000 r--p 00010000 08:07 2762078                    /usr/lib/x86_64-linux-gnu/libXext.so.6.4.0
7faa3114d000-7faa3114e000 rw-p 00011000 08:07 2762078                    /usr/lib/x86_64-linux-gnu/libXext.so.6.4.0
7faa3114e000-7faa3119e000 r-xp 00000000 08:07 1836094                    /usr/lib/jvm/jdk1.7.0_51/jre/lib/amd64/xawt/libmawt.so
7faa3119e000-7faa3139e000 ---p 00050000 08:07 1836094                    /usr/lib/jvm/jdk1.7.0_51/jre/lib/amd64/xawt/libmawt.so
7faa3139e000-7faa313a2000 rw-p 00050000 08:07 1836094                    /usr/lib/jvm/jdk1.7.0_51/jre/lib/amd64/xawt/libmawt.so
7faa313a2000-7faa313a3000 rw-p 00000000 00:00 0 
7faa313a3000-7faa31445000 r-xp 00000000 08:07 1836064                    /usr/lib/jvm/jdk1.7.0_51/jre/lib/amd64/libawt.so
7faa31445000-7faa31645000 ---p 000a2000 08:07 1836064                    /usr/lib/jvm/jdk1.7.0_51/jre/lib/amd64/libawt.so
7faa31645000-7faa31651000 rw-p 000a2000 08:07 1836064                    /usr/lib/jvm/jdk1.7.0_51/jre/lib/amd64/libawt.so
7faa31651000-7faa31675000 rw-p 00000000 00:00 0 
7faa31675000-7faa31676000 ---p 00000000 00:00 0 
7faa31676000-7faa31776000 rw-p 00000000 00:00 0 
7faa31776000-7faa31779000 ---p 00000000 00:00 0 
7faa31779000-7faa31877000 rw-p 00000000 00:00 0 
7faa31877000-7faa3187a000 ---p 00000000 00:00 0 
7faa3187a000-7faa31978000 rw-p 00000000 00:00 0 
7faa31978000-7faa3197b000 ---p 00000000 00:00 0 
7faa3197b000-7faa31a79000 rw-p 00000000 00:00 0 
7faa31a79000-7faa31a7c000 ---p 00000000 00:00 0 
7faa31a7c000-7faa31b7a000 rw-p 00000000 00:00 0 
7faa31b7a000-7faa31b7d000 ---p 00000000 00:00 0 
7faa31b7d000-7faa31c7b000 rw-p 00000000 00:00 0 
7faa31c7b000-7faa31c7e000 ---p 00000000 00:00 0 
7faa31c7e000-7faa31d7c000 rw-p 00000000 00:00 0 
7faa31d7c000-7faa31d80000 r-xp 00000000 08:07 1836071                    /usr/lib/jvm/jdk1.7.0_51/jre/lib/amd64/libdt_socket.so
7faa31d80000-7faa31f7f000 ---p 00004000 08:07 1836071                    /usr/lib/jvm/jdk1.7.0_51/jre/lib/amd64/libdt_socket.so
7faa31f7f000-7faa31f80000 rw-p 00003000 08:07 1836071                    /usr/lib/jvm/jdk1.7.0_51/jre/lib/amd64/libdt_socket.so
7faa31f80000-7faa34000000 rw-p 00000000 00:00 0 
7faa34000000-7faa34021000 rw-p 00000000 00:00 0 
7faa34021000-7faa38000000 ---p 00000000 00:00 0 
7faa38000000-7faa38001000 r--s 00000000 08:07 2890686                    /var/cache/fontconfig/56cf4f4769d0f4abc89a4895d7bd3ae1-le64.cache-6
7faa38001000-7faa38002000 r--s 00000000 08:07 2890701                    /var/cache/fontconfig/b9d506c9ac06c20b433354fa67a72993-le64.cache-6
7faa38002000-7faa38015000 r--s 00000000 08:07 2890706                    /var/cache/fontconfig/d52a8644073d54c13679302ca1180695-le64.cache-6
7faa38015000-7faa38016000 r--s 00000000 08:07 2890685                    /var/cache/fontconfig/551ecf3b0e8b0bca0f25c0944f561853-le64.cache-6
7faa38016000-7faa38021000 r--s 00000000 08:07 2887795                    /var/cache/fontconfig/d589a48862398ed80a3d6066f4f56f4c-le64.cache-6
7faa38021000-7faa38024000 r--s 00000000 08:07 2890691                    /var/cache/fontconfig/75114ca45c98e8a441da0ff356701271-le64.cache-6
7faa38024000-7faa3802f000 r--s 00000000 08:07 2890694                    /var/cache/fontconfig/83bf95040141907cd45bb53cf7c1c148-le64.cache-6
7faa3802f000-7faa38041000 r--s 00000000 08:07 2886108                    /var/cache/fontconfig/9b89f8e3dae116d678bbf48e5f21f69b-le64.cache-6
7faa38041000-7faa38044000 r--s 00000000 08:07 2890710                    /var/cache/fontconfig/e13b20fdb08344e0e664864cc2ede53d-le64.cache-6
7faa38044000-7faa38048000 r--s 00000000 08:07 2883629                    /var/cache/fontconfig/7ef2298fde41cc6eeb7af42e48b7d293-le64.cache-6
7faa38048000-7faa3806d000 r--p 00000000 08:07 397003                     /usr/share/locale-langpack/es/LC_MESSAGES/libc.mo
7faa3806d000-7faa38070000 ---p 00000000 00:00 0 
7faa38070000-7faa3816e000 rw-p 00000000 00:00 0 
7faa3816e000-7faa38171000 ---p 00000000 00:00 0 
7faa38171000-7faa3826f000 rw-p 00000000 00:00 0 
7faa3826f000-7faa38272000 ---p 00000000 00:00 0 
7faa38272000-7faa38370000 rw-p 00000000 00:00 0 
7faa38370000-7faa38371000 ---p 00000000 00:00 0 
7faa38371000-7faa39000000 rw-p 00000000 00:00 0 
7faa39000000-7faa39270000 rwxp 00000000 00:00 0 
7faa39270000-7faa3c25e000 rw-p 00000000 00:00 0 
7faa3c25e000-7faa40000000 ---p 00000000 00:00 0 
7faa40000000-7faa4000b000 r--s 0037c000 08:07 1057110                    /usr/lib/jvm/jdk1.7.0_51/jre/lib/charsets.jar
7faa4000b000-7faa4045a000 rw-p 00000000 00:00 0 
7faa4045a000-7faa40617000 r--s 039bf000 08:07 1057153                    /usr/lib/jvm/jdk1.7.0_51/jre/lib/rt.jar
7faa40617000-7faa408f0000 rw-p 00000000 00:00 0 
7faa408f0000-7faa408f1000 ---p 00000000 00:00 0 
7faa408f1000-7faa409f1000 rw-p 00000000 00:00 0 
7faa409f1000-7faa409f2000 ---p 00000000 00:00 0 
7faa409f2000-7faa40af2000 rw-p 00000000 00:00 0 
7faa40af2000-7faa40af3000 ---p 00000000 00:00 0 
7faa40af3000-7faa40bf3000 rw-p 00000000 00:00 0 
7faa40bf3000-7faa40bf4000 ---p 00000000 00:00 0 
7faa40bf4000-7faa40d08000 rw-p 00000000 00:00 0 
7faa40d08000-7faa40e34000 rw-p 00000000 00:00 0 
7faa40e34000-7faa40e3f000 rw-p 00000000 00:00 0 
7faa40e3f000-7faa40e5d000 rw-p 00000000 00:00 0 
7faa40e5d000-7faa40e71000 rw-p 00000000 00:00 0 
7faa40e71000-7faa40f9c000 rw-p 00000000 00:00 0 
7faa40f9c000-7faa40fa7000 rw-p 00000000 00:00 0 
7faa40fa7000-7faa4103c000 rw-p 00000000 00:00 0 
7faa4103c000-7faa41047000 rw-p 00000000 00:00 0 
7faa41047000-7faa410fd000 rw-p 00000000 00:00 0 
7faa410fd000-7faa41117000 r-xp 00000000 08:07 1836101                    /usr/lib/jvm/jdk1.7.0_51/jre/lib/amd64/libzip.so
7faa41117000-7faa41317000 ---p 0001a000 08:07 1836101                    /usr/lib/jvm/jdk1.7.0_51/jre/lib/amd64/libzip.so
7faa41317000-7faa41318000 rw-p 0001a000 08:07 1836101                    /usr/lib/jvm/jdk1.7.0_51/jre/lib/amd64/libzip.so
7faa41318000-7faa41323000 r-xp 00000000 08:07 2364559                    /lib/x86_64-linux-gnu/libnss_files-2.23.so
7faa41323000-7faa41522000 ---p 0000b000 08:07 2364559                    /lib/x86_64-linux-gnu/libnss_files-2.23.so
7faa41522000-7faa41523000 r--p 0000a000 08:07 2364559                    /lib/x86_64-linux-gnu/libnss_files-2.23.so
7faa41523000-7faa41524000 rw-p 0000b000 08:07 2364559                    /lib/x86_64-linux-gnu/libnss_files-2.23.so
7faa41524000-7faa4152a000 rw-p 00000000 00:00 0 
7faa4152a000-7faa41535000 r-xp 00000000 08:07 2364569                    /lib/x86_64-linux-gnu/libnss_nis-2.23.so
7faa41535000-7faa41734000 ---p 0000b000 08:07 2364569                    /lib/x86_64-linux-gnu/libnss_nis-2.23.so
7faa41734000-7faa41735000 r--p 0000a000 08:07 2364569                    /lib/x86_64-linux-gnu/libnss_nis-2.23.so
7faa41735000-7faa41736000 rw-p 0000b000 08:07 2364569                    /lib/x86_64-linux-gnu/libnss_nis-2.23.so
7faa41736000-7faa4174c000 r-xp 00000000 08:07 2364553                    /lib/x86_64-linux-gnu/libnsl-2.23.so
7faa4174c000-7faa4194b000 ---p 00016000 08:07 2364553                    /lib/x86_64-linux-gnu/libnsl-2.23.so
7faa4194b000-7faa4194c000 r--p 00015000 08:07 2364553                    /lib/x86_64-linux-gnu/libnsl-2.23.so
7faa4194c000-7faa4194d000 rw-p 00016000 08:07 2364553                    /lib/x86_64-linux-gnu/libnsl-2.23.so
7faa4194d000-7faa4194f000 rw-p 00000000 00:00 0 
7faa4194f000-7faa41957000 r-xp 00000000 08:07 2364555                    /lib/x86_64-linux-gnu/libnss_compat-2.23.so
7faa41957000-7faa41b56000 ---p 00008000 08:07 2364555                    /lib/x86_64-linux-gnu/libnss_compat-2.23.so
7faa41b56000-7faa41b57000 r--p 00007000 08:07 2364555                    /lib/x86_64-linux-gnu/libnss_compat-2.23.so
7faa41b57000-7faa41b58000 rw-p 00008000 08:07 2364555                    /lib/x86_64-linux-gnu/libnss_compat-2.23.so
7faa41b58000-7faa42517000 r--p 00000000 08:07 2760681                    /usr/lib/locale/locale-archive
7faa42517000-7faa4251a000 r-xp 00000000 08:07 1836062                    /usr/lib/jvm/jdk1.7.0_51/jre/lib/amd64/libnpt.so
7faa4251a000-7faa42719000 ---p 00003000 08:07 1836062                    /usr/lib/jvm/jdk1.7.0_51/jre/lib/amd64/libnpt.so
7faa42719000-7faa4271a000 rw-p 00002000 08:07 1836062                    /usr/lib/jvm/jdk1.7.0_51/jre/lib/amd64/libnpt.so
7faa4271a000-7faa42753000 r-xp 00000000 08:07 1836106                    /usr/lib/jvm/jdk1.7.0_51/jre/lib/amd64/libjdwp.so
7faa42753000-7faa42953000 ---p 00039000 08:07 1836106                    /usr/lib/jvm/jdk1.7.0_51/jre/lib/amd64/libjdwp.so
7faa42953000-7faa42954000 rw-p 00039000 08:07 1836106                    /usr/lib/jvm/jdk1.7.0_51/jre/lib/amd64/libjdwp.so
7faa42954000-7faa42955000 rw-p 00000000 00:00 0 
7faa42955000-7faa4297e000 r-xp 00000000 08:07 1836085                    /usr/lib/jvm/jdk1.7.0_51/jre/lib/amd64/libjava.so
7faa4297e000-7faa42b7e000 ---p 00029000 08:07 1836085                    /usr/lib/jvm/jdk1.7.0_51/jre/lib/amd64/libjava.so
7faa42b7e000-7faa42b80000 rw-p 00029000 08:07 1836085                    /usr/lib/jvm/jdk1.7.0_51/jre/lib/amd64/libjava.so
7faa42b80000-7faa42b8d000 r-xp 00000000 08:07 1836083                    /usr/lib/jvm/jdk1.7.0_51/jre/lib/amd64/libverify.so
7faa42b8d000-7faa42d8c000 ---p 0000d000 08:07 1836083                    /usr/lib/jvm/jdk1.7.0_51/jre/lib/amd64/libverify.so
7faa42d8c000-7faa42d8e000 rw-p 0000c000 08:07 1836083                    /usr/lib/jvm/jdk1.7.0_51/jre/lib/amd64/libverify.so
7faa42d8e000-7faa42d95000 r-xp 00000000 08:07 2364614                    /lib/x86_64-linux-gnu/librt-2.23.so
7faa42d95000-7faa42f94000 ---p 00007000 08:07 2364614                    /lib/x86_64-linux-gnu/librt-2.23.so
7faa42f94000-7faa42f95000 r--p 00006000 08:07 2364614                    /lib/x86_64-linux-gnu/librt-2.23.so
7faa42f95000-7faa42f96000 rw-p 00007000 08:07 2364614                    /lib/x86_64-linux-gnu/librt-2.23.so
7faa42f96000-7faa42f99000 ---p 00000000 00:00 0 
7faa42f99000-7faa43097000 rw-p 00000000 00:00 0 
7faa43097000-7faa4319f000 r-xp 00000000 08:07 2364530                    /lib/x86_64-linux-gnu/libm-2.23.so
7faa4319f000-7faa4339e000 ---p 00108000 08:07 2364530                    /lib/x86_64-linux-gnu/libm-2.23.so
7faa4339e000-7faa4339f000 r--p 00107000 08:07 2364530                    /lib/x86_64-linux-gnu/libm-2.23.so
7faa4339f000-7faa433a0000 rw-p 00108000 08:07 2364530                    /lib/x86_64-linux-gnu/libm-2.23.so
7faa433a0000-7faa43f02000 r-xp 00000000 08:07 1836091                    /usr/lib/jvm/jdk1.7.0_51/jre/lib/amd64/server/libjvm.so
7faa43f02000-7faa44102000 ---p 00b62000 08:07 1836091                    /usr/lib/jvm/jdk1.7.0_51/jre/lib/amd64/server/libjvm.so
7faa44102000-7faa441c5000 rw-p 00b62000 08:07 1836091                    /usr/lib/jvm/jdk1.7.0_51/jre/lib/amd64/server/libjvm.so
7faa441c5000-7faa44206000 rw-p 00000000 00:00 0 
7faa44206000-7faa443c6000 r-xp 00000000 08:07 2364460                    /lib/x86_64-linux-gnu/libc-2.23.so
7faa443c6000-7faa445c5000 ---p 001c0000 08:07 2364460                    /lib/x86_64-linux-gnu/libc-2.23.so
7faa445c5000-7faa445c9000 r--p 001bf000 08:07 2364460                    /lib/x86_64-linux-gnu/libc-2.23.so
7faa445c9000-7faa445cb000 rw-p 001c3000 08:07 2364460                    /lib/x86_64-linux-gnu/libc-2.23.so
7faa445cb000-7faa445cf000 rw-p 00000000 00:00 0 
7faa445cf000-7faa445d2000 r-xp 00000000 08:07 2364484                    /lib/x86_64-linux-gnu/libdl-2.23.so
7faa445d2000-7faa447d1000 ---p 00003000 08:07 2364484                    /lib/x86_64-linux-gnu/libdl-2.23.so
7faa447d1000-7faa447d2000 r--p 00002000 08:07 2364484                    /lib/x86_64-linux-gnu/libdl-2.23.so
7faa447d2000-7faa447d3000 rw-p 00003000 08:07 2364484                    /lib/x86_64-linux-gnu/libdl-2.23.so
7faa447d3000-7faa447e9000 r-xp 00000000 08:07 1056839                    /usr/lib/jvm/jdk1.7.0_51/lib/amd64/jli/libjli.so
7faa447e9000-7faa449e9000 ---p 00016000 08:07 1056839                    /usr/lib/jvm/jdk1.7.0_51/lib/amd64/jli/libjli.so
7faa449e9000-7faa449ea000 rw-p 00016000 08:07 1056839                    /usr/lib/jvm/jdk1.7.0_51/lib/amd64/jli/libjli.so
7faa449ea000-7faa44a02000 r-xp 00000000 08:07 2364606                    /lib/x86_64-linux-gnu/libpthread-2.23.so
7faa44a02000-7faa44c01000 ---p 00018000 08:07 2364606                    /lib/x86_64-linux-gnu/libpthread-2.23.so
7faa44c01000-7faa44c02000 r--p 00017000 08:07 2364606                    /lib/x86_64-linux-gnu/libpthread-2.23.so
7faa44c02000-7faa44c03000 rw-p 00018000 08:07 2364606                    /lib/x86_64-linux-gnu/libpthread-2.23.so
7faa44c03000-7faa44c07000 rw-p 00000000 00:00 0 
7faa44c07000-7faa44c2d000 r-xp 00000000 08:07 2364432                    /lib/x86_64-linux-gnu/ld-2.23.so
7faa44c2d000-7faa44c2e000 r--s 00000000 08:07 2890680                    /var/cache/fontconfig/30829fa25452a46451e813d634d7f916-le64.cache-6
7faa44c2e000-7faa44c35000 r--s 00000000 08:07 3016614                    /usr/lib/x86_64-linux-gnu/gconv/gconv-modules.cache
7faa44c35000-7faa44c37000 r--s 0000d000 08:08 3412122                    /home/kcrez/Documentos/JavaDuino/library/rxtx2.1/RXTXcomm.jar
7faa44c37000-7faa44c39000 r--s 0000d000 08:07 1835127                    /usr/lib/jvm/jdk1.7.0_51/jre/lib/ext/RXTXcomm.jar
7faa44c39000-7faa44c8d000 rw-p 00000000 00:00 0 
7faa44c8d000-7faa44cab000 rw-p 00000000 00:00 0 
7faa44cab000-7faa44caf000 rw-p 00000000 00:00 0 
7faa44caf000-7faa44cf3000 r-xp 00000000 08:07 1052366                    /opt/eset/esets/lib/libesets_pac.so
7faa44cf3000-7faa44df3000 ---p 00044000 08:07 1052366                    /opt/eset/esets/lib/libesets_pac.so
7faa44df3000-7faa44df6000 rw-p 00044000 08:07 1052366                    /opt/eset/esets/lib/libesets_pac.so
7faa44df6000-7faa44e09000 rw-p 00000000 00:00 0 
7faa44e09000-7faa44e0a000 r--s 00000000 08:07 2890674                    /var/cache/fontconfig/0c9eb80ebd1c36541ebe2852d3bb0c49-le64.cache-6
7faa44e0a000-7faa44e1f000 rw-p 00000000 00:00 0 
7faa44e1f000-7faa44e27000 rw-s 00000000 08:07 2097294                    /tmp/hsperfdata_kcrez/6331
7faa44e27000-7faa44e28000 rw-p 00000000 00:00 0 
7faa44e28000-7faa44e29000 r--p 00000000 00:00 0 
7faa44e29000-7faa44e2c000 rw-p 00000000 00:00 0 
7faa44e2c000-7faa44e2d000 r--p 00025000 08:07 2364432                    /lib/x86_64-linux-gnu/ld-2.23.so
7faa44e2d000-7faa44e2e000 rw-p 00026000 08:07 2364432                    /lib/x86_64-linux-gnu/ld-2.23.so
7faa44e2e000-7faa44e2f000 rw-p 00000000 00:00 0 
7ffe6fb9c000-7ffe6fbbd000 rw-p 00000000 00:00 0                          [stack]
7ffe6fbdd000-7ffe6fbdf000 r--p 00000000 00:00 0                          [vvar]
7ffe6fbdf000-7ffe6fbe1000 r-xp 00000000 00:00 0                          [vdso]
ffffffffff600000-ffffffffff601000 r-xp 00000000 00:00 0                  [vsyscall]

VM Arguments:
jvm_args: -Xdebug -Xrunjdwp:transport=dt_socket,address=localhost:38240 -Dfile.encoding=UTF-8 -Djava.library.path=/home/kcrez/Documentos/JavaDuino/library/rxtx2.1 
java_command: PPD_Frame
Launcher Type: SUN_STANDARD

Environment Variables:
PATH=/usr/local/sbin:/usr/local/bin:/usr/sbin:/usr/bin:/sbin:/bin:/usr/games:/usr/local/games:/snap/bin
LD_LIBRARY_PATH=/usr/lib/jvm/jdk1.7.0_51/jre/lib/amd64:/usr/lib/jvm/jdk1.7.0_51/jre/lib/i386:
SHELL=/bin/bash
DISPLAY=:0

Signal Handlers:
SIGSEGV: [libjvm.so+0x993870], sa_mask[0]=0x7ffbfeff, sa_flags=0x10000004
SIGBUS: [libjvm.so+0x993870], sa_mask[0]=0x7ffbfeff, sa_flags=0x10000004
SIGFPE: [libjvm.so+0x8105b0], sa_mask[0]=0x7ffbfeff, sa_flags=0x10000004
SIGPIPE: [libjvm.so+0x8105b0], sa_mask[0]=0x7ffbfeff, sa_flags=0x10000004
SIGXFSZ: [libjvm.so+0x8105b0], sa_mask[0]=0x7ffbfeff, sa_flags=0x10000004
SIGILL: [libjvm.so+0x8105b0], sa_mask[0]=0x7ffbfeff, sa_flags=0x10000004
SIGUSR1: SIG_DFL, sa_mask[0]=0x00000000, sa_flags=0x00000000
SIGUSR2: [libjvm.so+0x811aa0], sa_mask[0]=0x00000004, sa_flags=0x10000004
SIGHUP: [libjvm.so+0x812a10], sa_mask[0]=0x7ffbfeff, sa_flags=0x10000004
SIGINT: SIG_IGN, sa_mask[0]=0x00000000, sa_flags=0x00000000
SIGTERM: [libjvm.so+0x812a10], sa_mask[0]=0x7ffbfeff, sa_flags=0x10000004
SIGQUIT: [libjvm.so+0x812a10], sa_mask[0]=0x7ffbfeff, sa_flags=0x10000004


---------------  S Y S T E M  ---------------

OS:stretch/sid

uname:Linux 4.4.0-22-generic #40-Ubuntu SMP Thu May 12 22:03:46 UTC 2016 x86_64
libc:glibc 2.23 NPTL 2.23 
rlimit: STACK 8192k, CORE 0k, NPROC 15146, NOFILE 65536, AS infinity
load average:0.27 0.30 0.31

/proc/meminfo:
MemTotal:        3916240 kB
MemFree:           53804 kB
MemAvailable:    1334388 kB
Buffers:          216792 kB
Cached:          1191172 kB
SwapCached:          184 kB
Active:          2504424 kB
Inactive:        1084704 kB
Active(anon):    1769124 kB
Inactive(anon):   671580 kB
Active(file):     735300 kB
Inactive(file):   413124 kB
Unevictable:          48 kB
Mlocked:              48 kB
SwapTotal:       7812088 kB
SwapFree:        7804392 kB
Dirty:               580 kB
Writeback:             0 kB
AnonPages:       2181056 kB
Mapped:           351196 kB
Shmem:            259540 kB
Slab:             195212 kB
SReclaimable:     161392 kB
SUnreclaim:        33820 kB
KernelStack:       10576 kB
PageTables:        33452 kB
NFS_Unstable:          0 kB
Bounce:                0 kB
WritebackTmp:          0 kB
CommitLimit:     9770208 kB
Committed_AS:    6388416 kB
VmallocTotal:   34359738367 kB
VmallocUsed:           0 kB
VmallocChunk:          0 kB
HardwareCorrupted:     0 kB
AnonHugePages:   1030144 kB
CmaTotal:              0 kB
CmaFree:               0 kB
HugePages_Total:       0
HugePages_Free:        0
HugePages_Rsvd:        0
HugePages_Surp:        0
Hugepagesize:       2048 kB
DirectMap4k:      121628 kB
DirectMap2M:     2893824 kB
DirectMap1G:     1048576 kB


CPU:total 4 (2 cores per cpu, 2 threads per core) family 6 model 60 stepping 3, cmov, cx8, fxsr, mmx, sse, sse2, sse3, ssse3, sse4.1, sse4.2, popcnt, avx, avx2, aes, erms, ht, tsc, tscinvbit

/proc/cpuinfo:
processor	: 0
vendor_id	: GenuineIntel
cpu family	: 6
model		: 60
model name	: Intel(R) Core(TM) i3-4170 CPU @ 3.70GHz
stepping	: 3
microcode	: 0x1e
cpu MHz		: 857.792
cache size	: 3072 KB
physical id	: 0
siblings	: 4
core id		: 0
cpu cores	: 2
apicid		: 0
initial apicid	: 0
fpu		: yes
fpu_exception	: yes
cpuid level	: 13
wp		: yes
flags		: fpu vme de pse tsc msr pae mce cx8 apic sep mtrr pge mca cmov pat pse36 clflush dts acpi mmx fxsr sse sse2 ss ht tm pbe syscall nx pdpe1gb rdtscp lm constant_tsc arch_perfmon pebs bts rep_good nopl xtopology nonstop_tsc aperfmperf eagerfpu pni pclmulqdq dtes64 monitor ds_cpl vmx est tm2 ssse3 sdbg fma cx16 xtpr pdcm pcid sse4_1 sse4_2 movbe popcnt tsc_deadline_timer aes xsave avx f16c rdrand lahf_lm abm epb tpr_shadow vnmi flexpriority ept vpid fsgsbase tsc_adjust bmi1 avx2 smep bmi2 erms invpcid xsaveopt dtherm arat pln pts
bugs		:
bogomips	: 7382.73
clflush size	: 64
cache_alignment	: 64
address sizes	: 39 bits physical, 48 bits virtual
power management:

processor	: 1
vendor_id	: GenuineIntel
cpu family	: 6
model		: 60
model name	: Intel(R) Core(TM) i3-4170 CPU @ 3.70GHz
stepping	: 3
microcode	: 0x1e
cpu MHz		: 966.335
cache size	: 3072 KB
physical id	: 0
siblings	: 4
core id		: 1
cpu cores	: 2
apicid		: 2
initial apicid	: 2
fpu		: yes
fpu_exception	: yes
cpuid level	: 13
wp		: yes
flags		: fpu vme de pse tsc msr pae mce cx8 apic sep mtrr pge mca cmov pat pse36 clflush dts acpi mmx fxsr sse sse2 ss ht tm pbe syscall nx pdpe1gb rdtscp lm constant_tsc arch_perfmon pebs bts rep_good nopl xtopology nonstop_tsc aperfmperf eagerfpu pni pclmulqdq dtes64 monitor ds_cpl vmx est tm2 ssse3 sdbg fma cx16 xtpr pdcm pcid sse4_1 sse4_2 movbe popcnt tsc_deadline_timer aes xsave avx f16c rdrand lahf_lm abm epb tpr_shadow vnmi flexpriority ept vpid fsgsbase tsc_adjust bmi1 avx2 smep bmi2 erms invpcid xsaveopt dtherm arat pln pts
bugs		:
bogomips	: 7382.73
clflush size	: 64
cache_alignment	: 64
address sizes	: 39 bits physical, 48 bits virtual
power management:

processor	: 2
vendor_id	: GenuineIntel
cpu family	: 6
model		: 60
model name	: Intel(R) Core(TM) i3-4170 CPU @ 3.70GHz
stepping	: 3
microcode	: 0x1e
cpu MHz		: 969.804
cache size	: 3072 KB
physical id	: 0
siblings	: 4
core id		: 0
cpu cores	: 2
apicid		: 1
initial apicid	: 1
fpu		: yes
fpu_exception	: yes
cpuid level	: 13
wp		: yes
flags		: fpu vme de pse tsc msr pae mce cx8 apic sep mtrr pge mca cmov pat pse36 clflush dts acpi mmx fxsr sse sse2 ss ht tm pbe syscall nx pdpe1gb rdtscp lm constant_tsc arch_perfmon pebs bts rep_good nopl xtopology nonstop_tsc aperfmperf eagerfpu pni pclmulqdq dtes64 monitor ds_cpl vmx est tm2 ssse3 sdbg fma cx16 xtpr pdcm pcid sse4_1 sse4_2 movbe popcnt tsc_deadline_timer aes xsave avx f16c rdrand lahf_lm abm epb tpr_shadow vnmi flexpriority ept vpid fsgsbase tsc_adjust bmi1 avx2 smep bmi2 erms invpcid xsaveopt dtherm arat pln pts
bugs		:
bogomips	: 7382.73
clflush size	: 64
cache_alignment	: 64
address sizes	: 39 bits physical, 48 bits virtual
power management:

processor	: 3
vendor_id	: GenuineIntel
cpu family	: 6
model		: 60
model name	: Intel(R) Core(TM) i3-4170 CPU @ 3.70GHz
stepping	: 3
microcode	: 0x1e
cpu MHz		: 833.222
cache size	: 3072 KB
physical id	: 0
siblings	: 4
core id		: 1
cpu cores	: 2
apicid		: 3
initial apicid	: 3
fpu		: yes
fpu_exception	: yes
cpuid level	: 13
wp		: yes
flags		: fpu vme de pse tsc msr pae mce cx8 apic sep mtrr pge mca cmov pat pse36 clflush dts acpi mmx fxsr sse sse2 ss ht tm pbe syscall nx pdpe1gb rdtscp lm constant_tsc arch_perfmon pebs bts rep_good nopl xtopology nonstop_tsc aperfmperf eagerfpu pni pclmulqdq dtes64 monitor ds_cpl vmx est tm2 ssse3 sdbg fma cx16 xtpr pdcm pcid sse4_1 sse4_2 movbe popcnt tsc_deadline_timer aes xsave avx f16c rdrand lahf_lm abm epb tpr_shadow vnmi flexpriority ept vpid fsgsbase tsc_adjust bmi1 avx2 smep bmi2 erms invpcid xsaveopt dtherm arat pln pts
bugs		:
bogomips	: 7382.73
clflush size	: 64
cache_alignment	: 64
address sizes	: 39 bits physical, 48 bits virtual
power management:



Memory: 4k page, physical 3916240k(53804k free), swap 7812088k(7804392k free)

vm_info: Java HotSpot(TM) 64-Bit Server VM (24.51-b03) for linux-amd64 JRE (1.7.0_51-b13), built on Dec 18 2013 18:48:01 by "java_re" with gcc 4.3.0 20080428 (Red Hat 4.3.0-8)

time: Sun Jul 31 16:49:13 2016
elapsed time: 13 seconds

