#
# A fatal error has been detected by the Java Runtime Environment:
#
#  SIGSEGV (0xb) at pc=0x00007f0fdfa4c462, pid=8944, tid=139707236615936
#
# JRE version: Java(TM) SE Runtime Environment (7.0_51-b13) (build 1.7.0_51-b13)
# Java VM: Java HotSpot(TM) 64-Bit Server VM (24.51-b03 mixed mode linux-amd64 compressed oops)
# Problematic frame:
# C  [librxtxSerial.so+0x6462]  read_byte_array+0x52
#
# Failed to write core dump. Core dumps have been disabled. To enable core dumping, try "ulimit -c unlimited" before starting Java again
#
# If you would like to submit a bug report, please visit:
#   http://bugreport.sun.com/bugreport/crash.jsp
# The crash happened outside the Java Virtual Machine in native code.
# See problematic frame for where to report the bug.
#

---------------  T H R E A D  ---------------

Current thread (0x00007f1038245800):  JavaThread "AWT-EventQueue-0" [_thread_in_native, id=8971, stack(0x00007f1020260000,0x00007f1020361000)]

siginfo:si_signo=SIGSEGV: si_errno=0, si_code=1 (SEGV_MAPERR), si_addr=0xffffffffdfa444f8

Registers:
RAX=0xffffffffdfa444f0, RBX=0x000000000000001d, RCX=0x0000000000000001, RDX=0x00007f103d858a50
RSP=0x00007f102035d280, RBP=0x00007f10382459e8, RSI=0x00007f0fdfa4fe30, RDI=0x00007f0fdfa4fd3e
R8 =0x00007f102035d1f0, R9 =0x00000000ffffffff, R10=0x0000000000000049, R11=0x00007f0fdfa4c410
R12=0x00000000ffffffff, R13=0x0000000000000000, R14=0x00007f102035d448, R15=0x00007f1038245800
RIP=0x00007f0fdfa4c462, EFLAGS=0x0000000000010206, CSGSFS=0x0000000000000033, ERR=0x0000000000000005
  TRAPNO=0x000000000000000e

Top of Stack: (sp=0x00007f102035d280)
0x00007f102035d280:   ff0000000000ff00 0000000000000000
0x00007f102035d290:   0000000000000000 0000000000000000
0x00007f102035d2a0:   0000000000000000 ffffffffdfa444f0
0x00007f102035d2b0:   0000000000000000 0000000000000000
0x00007f102035d2c0:   0000000000000000 0000000100000000
0x00007f102035d2d0:   00007f102035d3c7 0000001d00000000
0x00007f102035d2e0:   0000000000000000 0000000000000000
0x00007f102035d2f0:   0000000000000000 0000000000000000
0x00007f102035d300:   00007f1038245800 0000000000000000
0x00007f102035d310:   00007f1038245800 0000000000000000
0x00007f102035d320:   0000001400000002 00007f0ff805e0a8
0x00007f102035d330:   00007f102035d370 00007f103d058017
0x00007f102035d340:   ffffffffffffffff 00007f102035d3c7
0x00007f102035d350:   000000000000001d 00007f102035d3b8
0x00007f102035d360:   00007f10382459e8 0000000000000001
0x00007f102035d370:   00000000ffffffff 000000000000001d
0x00007f102035d380:   00007f10382459e8 0000000000000000
0x00007f102035d390:   00000000bfb30c80 00007f102035d448
0x00007f102035d3a0:   00007f1038245800 00007f0fdfa4c99c
0x00007f102035d3b0:   00000000bfb30c80 00007f102035d448
0x00007f102035d3c0:   00007f102035d428 00000000bfb30c88
0x00007f102035d3d0:   00007f102035d428 00007f1033595af9
0x00007f102035d3e0:   00007f1038245800 00007f102035d3e8
0x00007f102035d3f0:   00000000bfb30c80 00007f102035d448
0x00007f102035d400:   00000000bfb418b0 0000000000000000
0x00007f102035d410:   00000000bfb30c88 0000000000000000
0x00007f102035d420:   00007f102035d448 00007f102035d4a0
0x00007f102035d430:   00007f1033583254 0000000000000000
0x00007f102035d440:   00007f103358ff36 00000000ec9223f0
0x00007f102035d450:   0000000000000001 00000000ec9227c0
0x00007f102035d460:   00007f102035d450 00000000bfb408f5
0x00007f102035d470:   00007f102035d4c8 00000000bfb444a0 

Instructions: (pc=0x00007f0fdfa4c462)
0x00007f0fdfa4c442:   89 44 24 4c 48 c7 44 24 40 00 00 00 00 48 c7 44
0x00007f0fdfa4c452:   24 38 00 00 00 00 e8 53 d7 ff ff 48 89 44 24 28
0x00007f0fdfa4c462:   8b 40 08 45 85 e4 48 8b 54 24 28 44 8b 7c 24 4c
0x00007f0fdfa4c472:   89 44 24 34 c7 42 08 00 00 00 00 78 0c 31 c0 e8 

Register to memory mapping:

RAX=0xffffffffdfa444f0 is an unknown value
RBX=0x000000000000001d is an unknown value
RCX=0x0000000000000001 is an unknown value
RDX=0x00007f103d858a50: <offset 0xe37a50> in /usr/lib/jvm/jdk1.7.0_51/jre/lib/amd64/server/libjvm.so at 0x00007f103ca21000
RSP=0x00007f102035d280 is pointing into the stack for thread: 0x00007f1038245800
RBP=0x00007f10382459e8 is an unknown value
RSI=0x00007f0fdfa4fe30: <offset 0x9e30> in /usr/lib/jvm/jdk1.7.0_51/jre/lib/amd64/librxtxSerial.so at 0x00007f0fdfa46000
RDI=0x00007f0fdfa4fd3e: <offset 0x9d3e> in /usr/lib/jvm/jdk1.7.0_51/jre/lib/amd64/librxtxSerial.so at 0x00007f0fdfa46000
R8 =0x00007f102035d1f0 is pointing into the stack for thread: 0x00007f1038245800
R9 =0x00000000ffffffff is an unallocated location in the heap
R10=0x0000000000000049 is an unknown value
R11=0x00007f0fdfa4c410: read_byte_array+0 in /usr/lib/jvm/jdk1.7.0_51/jre/lib/amd64/librxtxSerial.so at 0x00007f0fdfa46000
R12=0x00000000ffffffff is an unallocated location in the heap
R13=0x0000000000000000 is an unknown value
R14=0x00007f102035d448 is pointing into the stack for thread: 0x00007f1038245800
R15=0x00007f1038245800 is a thread


Stack: [0x00007f1020260000,0x00007f1020361000],  sp=0x00007f102035d280,  free space=1012k
Native frames: (J=compiled Java code, j=interpreted, Vv=VM code, C=native code)
C  [librxtxSerial.so+0x6462]  read_byte_array+0x52

Java frames: (J=compiled Java code, j=interpreted, Vv=VM code)
j  gnu.io.RXTXPort.readByte()I+0
j  gnu.io.RXTXPort$SerialInputStream.read()I+61
j  PPD_Frame.RecibirDatos()V+4
j  PPD_Frame.jButton2ActionPerformed(Ljava/awt/event/ActionEvent;)V+40
j  PPD_Frame.access$100(LPPD_Frame;Ljava/awt/event/ActionEvent;)V+2
j  PPD_Frame$2.actionPerformed(Ljava/awt/event/ActionEvent;)V+5
j  javax.swing.AbstractButton.fireActionPerformed(Ljava/awt/event/ActionEvent;)V+84
j  javax.swing.AbstractButton$Handler.actionPerformed(Ljava/awt/event/ActionEvent;)V+5
j  javax.swing.DefaultButtonModel.fireActionPerformed(Ljava/awt/event/ActionEvent;)V+35
j  javax.swing.DefaultButtonModel.setPressed(Z)V+117
j  javax.swing.plaf.basic.BasicButtonListener.mouseReleased(Ljava/awt/event/MouseEvent;)V+35
j  java.awt.Component.processMouseEvent(Ljava/awt/event/MouseEvent;)V+64
j  javax.swing.JComponent.processMouseEvent(Ljava/awt/event/MouseEvent;)V+23
j  java.awt.Component.processEvent(Ljava/awt/AWTEvent;)V+81
j  java.awt.Container.processEvent(Ljava/awt/AWTEvent;)V+18
j  java.awt.Component.dispatchEventImpl(Ljava/awt/AWTEvent;)V+581
j  java.awt.Container.dispatchEventImpl(Ljava/awt/AWTEvent;)V+42
j  java.awt.Component.dispatchEvent(Ljava/awt/AWTEvent;)V+2
j  java.awt.LightweightDispatcher.retargetMouseEvent(Ljava/awt/Component;ILjava/awt/event/MouseEvent;)V+327
j  java.awt.LightweightDispatcher.processMouseEvent(Ljava/awt/event/MouseEvent;)Z+139
j  java.awt.LightweightDispatcher.dispatchEvent(Ljava/awt/AWTEvent;)Z+50
j  java.awt.Container.dispatchEventImpl(Ljava/awt/AWTEvent;)V+12
j  java.awt.Window.dispatchEventImpl(Ljava/awt/AWTEvent;)V+19
j  java.awt.Component.dispatchEvent(Ljava/awt/AWTEvent;)V+2
j  java.awt.EventQueue.dispatchEventImpl(Ljava/awt/AWTEvent;Ljava/lang/Object;)V+41
j  java.awt.EventQueue.access$200(Ljava/awt/EventQueue;Ljava/awt/AWTEvent;Ljava/lang/Object;)V+3
j  java.awt.EventQueue$3.run()Ljava/lang/Void;+12
j  java.awt.EventQueue$3.run()Ljava/lang/Object;+1
v  ~StubRoutines::call_stub
j  java.security.AccessController.doPrivileged(Ljava/security/PrivilegedAction;Ljava/security/AccessControlContext;)Ljava/lang/Object;+0
j  java.security.ProtectionDomain$1.doIntersectionPrivilege(Ljava/security/PrivilegedAction;Ljava/security/AccessControlContext;Ljava/security/AccessControlContext;)Ljava/lang/Object;+28
j  java.security.ProtectionDomain$1.doIntersectionPrivilege(Ljava/security/PrivilegedAction;Ljava/security/AccessControlContext;)Ljava/lang/Object;+6
j  java.awt.EventQueue$4.run()Ljava/lang/Void;+11
j  java.awt.EventQueue$4.run()Ljava/lang/Object;+1
v  ~StubRoutines::call_stub
j  java.security.AccessController.doPrivileged(Ljava/security/PrivilegedAction;Ljava/security/AccessControlContext;)Ljava/lang/Object;+0
j  java.security.ProtectionDomain$1.doIntersectionPrivilege(Ljava/security/PrivilegedAction;Ljava/security/AccessControlContext;Ljava/security/AccessControlContext;)Ljava/lang/Object;+28
j  java.awt.EventQueue.dispatchEvent(Ljava/awt/AWTEvent;)V+73
j  java.awt.EventDispatchThread.pumpOneEventForFilters(I)V+245
j  java.awt.EventDispatchThread.pumpEventsForFilter(ILjava/awt/Conditional;Ljava/awt/EventFilter;)V+35
j  java.awt.EventDispatchThread.pumpEventsForHierarchy(ILjava/awt/Conditional;Ljava/awt/Component;)V+11
j  java.awt.EventDispatchThread.pumpEvents(ILjava/awt/Conditional;)V+4
j  java.awt.EventDispatchThread.pumpEvents(Ljava/awt/Conditional;)V+3
j  java.awt.EventDispatchThread.run()V+9
v  ~StubRoutines::call_stub

---------------  P R O C E S S  ---------------

Java Threads: ( => current thread )
  0x00007f0fe40f0000 JavaThread "Thread-0" [_thread_in_native, id=8975, stack(0x00007f0fdf945000,0x00007f0fdfa46000)]
  0x00007f0fe4003800 JavaThread "org.netbeans.modules.debugger.jpda.visual AWT Access Loop" daemon [_thread_blocked, id=8972, stack(0x00007f1020048000,0x00007f1020149000)]
  0x00007f103800d800 JavaThread "DestroyJavaVM" [_thread_blocked, id=8945, stack(0x00007f103c617000,0x00007f103c718000)]
=>0x00007f1038245800 JavaThread "AWT-EventQueue-0" [_thread_in_native, id=8971, stack(0x00007f1020260000,0x00007f1020361000)]
  0x00007f1038213800 JavaThread "AWT-Shutdown" [_thread_blocked, id=8970, stack(0x00007f1020361000,0x00007f1020462000)]
  0x00007f10381d7000 JavaThread "AWT-XAWT" daemon [_thread_in_native, id=8969, stack(0x00007f102101a000,0x00007f102111b000)]
  0x00007f10381b5800 JavaThread "Java2D Disposer" daemon [_thread_blocked, id=8968, stack(0x00007f102152b000,0x00007f102162c000)]
  0x00007f10380a9000 JavaThread "Service Thread" daemon [_thread_blocked, id=8966, stack(0x00007f1022dec000,0x00007f1022eed000)]
  0x00007f10380a6800 JavaThread "C2 CompilerThread1" daemon [_thread_blocked, id=8965, stack(0x00007f1022eed000,0x00007f1022fee000)]
  0x00007f10380a3800 JavaThread "C2 CompilerThread0" daemon [_thread_blocked, id=8964, stack(0x00007f1022fee000,0x00007f10230ef000)]
  0x00007f100c001000 JavaThread "JDWP Command Reader" daemon [_thread_in_native, id=8959, stack(0x00007f10230ef000,0x00007f10231f0000)]
  0x00007f10380a1800 JavaThread "JDWP Event Helper Thread" daemon [_thread_blocked, id=8958, stack(0x00007f10231f0000,0x00007f10232f1000)]
  0x00007f103809e000 JavaThread "JDWP Transport Listener: dt_socket" daemon [_thread_blocked, id=8957, stack(0x00007f10232f1000,0x00007f10233f2000)]
  0x00007f1038090800 JavaThread "Signal Dispatcher" daemon [_thread_blocked, id=8956, stack(0x00007f10235f6000,0x00007f10236f7000)]
  0x00007f1038073000 JavaThread "Finalizer" daemon [_thread_blocked, id=8955, stack(0x00007f10236f7000,0x00007f10237f8000)]
  0x00007f103806f000 JavaThread "Reference Handler" daemon [_thread_blocked, id=8954, stack(0x00007f10237f8000,0x00007f10238f9000)]

Other Threads:
  0x00007f103806c800 VMThread [stack: 0x00007f10238f9000,0x00007f10239fa000] [id=8953]
  0x00007f10380b3800 WatcherThread [stack: 0x00007f1022ceb000,0x00007f1022dec000] [id=8967]

VM state:not at safepoint (normal execution)

VM Mutex/Monitor currently owned by a thread: None

Heap
 PSYoungGen      total 17920K, used 11417K [0x00000000ec080000, 0x00000000ed480000, 0x0000000100000000)
  eden space 15360K, 74% used [0x00000000ec080000,0x00000000ecba6780,0x00000000ecf80000)
  from space 2560K, 0% used [0x00000000ed200000,0x00000000ed200000,0x00000000ed480000)
  to   space 2560K, 0% used [0x00000000ecf80000,0x00000000ecf80000,0x00000000ed200000)
 ParOldGen       total 40448K, used 0K [0x00000000c4200000, 0x00000000c6980000, 0x00000000ec080000)
  object space 40448K, 0% used [0x00000000c4200000,0x00000000c4200000,0x00000000c6980000)
 PSPermGen       total 21504K, used 12340K [0x00000000bf000000, 0x00000000c0500000, 0x00000000c4200000)
  object space 21504K, 57% used [0x00000000bf000000,0x00000000bfc0d140,0x00000000c0500000)

Card table byte_map: [0x00007f1033374000,0x00007f103357d000] byte_map_base: 0x00007f1032d7c000

Polling page: 0x00007f103e4a9000

Code Cache  [0x00007f103357d000, 0x00007f10337ed000, 0x00007f103657d000)
 total_blobs=549 nmethods=74 adapters=436 free_code_cache=48415Kb largest_free_block=49558336

Compilation events (10 events):
Event: 7.201 Thread 0x00007f10380a6800   70  s          sun.java2d.loops.GraphicsPrimitiveMgr::locatePrim (96 bytes)
Event: 7.211 Thread 0x00007f10380a6800 nmethod 70 0x00007f1033634f50 code [0x00007f1033635140, 0x00007f1033635f58]
Event: 7.217 Thread 0x00007f10380a3800   71             java.awt.image.SinglePixelPackedSampleModel::<init> (277 bytes)
Event: 7.222 Thread 0x00007f10380a3800 nmethod 71 0x00007f1033638c50 code [0x00007f1033638e00, 0x00007f1033639758]
Event: 7.659 Thread 0x00007f10380a6800   72             sun.font.CompositeGlyphMapper::setCachedGlyphCode (73 bytes)
Event: 7.664 Thread 0x00007f10380a6800 nmethod 72 0x00007f1033634a50 code [0x00007f1033634ba0, 0x00007f1033634df8]
Event: 7.696 Thread 0x00007f10380a3800   73             java.util.concurrent.locks.AbstractQueuedSynchronizer::compareAndSetState (13 bytes)
Event: 7.697 Thread 0x00007f10380a3800 nmethod 73 0x00007f1033634850 code [0x00007f1033634980, 0x00007f10336349d8]
Event: 7.809 Thread 0x00007f10380a6800   74             java.util.concurrent.locks.AbstractQueuedSynchronizer::release (33 bytes)
Event: 7.816 Thread 0x00007f10380a6800 nmethod 74 0x00007f103362ec10 code [0x00007f103362ed60, 0x00007f103362ef88]

GC Heap History (0 events):
No events

Deoptimization events (0 events):
No events

Internal exceptions (10 events):
Event: 0.602 Thread 0x00007f1038245800 Threw 0x00000000ec4327e8 at /HUDSON/workspace/7u-2-build-linux-amd64@2/jdk7u51/527/hotspot/src/share/vm/prims/jvm.cpp:1244
Event: 0.603 Thread 0x00007f1038245800 Threw 0x00000000ec436328 at /HUDSON/workspace/7u-2-build-linux-amd64@2/jdk7u51/527/hotspot/src/share/vm/prims/jvm.cpp:1244
Event: 0.603 Thread 0x00007f1038245800 Threw 0x00000000ec437a40 at /HUDSON/workspace/7u-2-build-linux-amd64@2/jdk7u51/527/hotspot/src/share/vm/prims/jvm.cpp:1244
Event: 0.795 Thread 0x00007f1038245800 Threw 0x00000000ec56d7b0 at /HUDSON/workspace/7u-2-build-linux-amd64@2/jdk7u51/527/hotspot/src/share/vm/prims/jvm.cpp:1244
Event: 0.796 Thread 0x00007f1038245800 Threw 0x00000000ec56f380 at /HUDSON/workspace/7u-2-build-linux-amd64@2/jdk7u51/527/hotspot/src/share/vm/prims/jvm.cpp:1244
Event: 0.964 Thread 0x00007f1038245800 Threw 0x00000000ec8cdd78 at /HUDSON/workspace/7u-2-build-linux-amd64@2/jdk7u51/527/hotspot/src/share/vm/prims/jni.cpp:717
Event: 0.988 Thread 0x00007f1038245800 Threw 0x00000000ec8e1078 at /HUDSON/workspace/7u-2-build-linux-amd64@2/jdk7u51/527/hotspot/src/share/vm/prims/jni.cpp:717
Event: 0.992 Thread 0x00007f1038245800 Threw 0x00000000ec8f2a48 at /HUDSON/workspace/7u-2-build-linux-amd64@2/jdk7u51/527/hotspot/src/share/vm/prims/jni.cpp:717
Event: 1.012 Thread 0x00007f1038245800 Threw 0x00000000ec9058d0 at /HUDSON/workspace/7u-2-build-linux-amd64@2/jdk7u51/527/hotspot/src/share/vm/prims/jni.cpp:717
Event: 1.162 Thread 0x00007f1038245800 Threw 0x00000000ec9c3ae8 at /HUDSON/workspace/7u-2-build-linux-amd64@2/jdk7u51/527/hotspot/src/share/vm/prims/jni.cpp:743

Events (10 events):
Event: 8.137 Executing VM operation: GetOrSetLocal
Event: 8.137 Executing VM operation: GetOrSetLocal done
Event: 8.138 Executing VM operation: GetOrSetLocal
Event: 8.138 Executing VM operation: GetOrSetLocal done
Event: 10.125 Executing VM operation: GetOrSetLocal
Event: 10.125 Executing VM operation: GetOrSetLocal done
Event: 10.126 Executing VM operation: GetOrSetLocal
Event: 10.126 Executing VM operation: GetOrSetLocal done
Event: 11.311 Executing VM operation: GetOrSetLocal
Event: 11.311 Executing VM operation: GetOrSetLocal done


Dynamic libraries:
00400000-00401000 r-xp 00000000 08:07 937188                             /usr/lib/jvm/jdk1.7.0_51/bin/java
00600000-00601000 rw-p 00000000 08:07 937188                             /usr/lib/jvm/jdk1.7.0_51/bin/java
017cf000-017f0000 rw-p 00000000 00:00 0                                  [heap]
bf000000-c0500000 rw-p 00000000 00:00 0 
c0500000-c4200000 rw-p 00000000 00:00 0 
c4200000-c6980000 rw-p 00000000 00:00 0 
c6980000-ec080000 rw-p 00000000 00:00 0 
ec080000-ed480000 rw-p 00000000 00:00 0 
ed480000-100000000 rw-p 00000000 00:00 0 
7f0fcc000000-7f0fcc021000 rw-p 00000000 00:00 0 
7f0fcc021000-7f0fd0000000 ---p 00000000 00:00 0 
7f0fd0000000-7f0fd0021000 rw-p 00000000 00:00 0 
7f0fd0021000-7f0fd4000000 ---p 00000000 00:00 0 
7f0fd4000000-7f0fd4046000 rw-p 00000000 00:00 0 
7f0fd4046000-7f0fd8000000 ---p 00000000 00:00 0 
7f0fd8000000-7f0fd8021000 rw-p 00000000 00:00 0 
7f0fd8021000-7f0fdc000000 ---p 00000000 00:00 0 
7f0fdf528000-7f0fdf552000 r-xp 00000000 08:07 1836084                    /usr/lib/jvm/jdk1.7.0_51/jre/lib/amd64/libdcpr.so
7f0fdf552000-7f0fdf752000 ---p 0002a000 08:07 1836084                    /usr/lib/jvm/jdk1.7.0_51/jre/lib/amd64/libdcpr.so
7f0fdf752000-7f0fdf755000 rw-p 0002a000 08:07 1836084                    /usr/lib/jvm/jdk1.7.0_51/jre/lib/amd64/libdcpr.so
7f0fdf755000-7f0fdf945000 rw-s 00000000 00:05 60719152                   /SYSV00000000 (deleted)
7f0fdf945000-7f0fdf948000 ---p 00000000 00:00 0 
7f0fdf948000-7f0fdfa46000 rw-p 00000000 00:00 0 
7f0fdfa46000-7f0fdfa52000 r-xp 00000000 08:07 1835128                    /usr/lib/jvm/jdk1.7.0_51/jre/lib/amd64/librxtxSerial.so
7f0fdfa52000-7f0fdfb51000 ---p 0000c000 08:07 1835128                    /usr/lib/jvm/jdk1.7.0_51/jre/lib/amd64/librxtxSerial.so
7f0fdfb51000-7f0fdfb53000 rw-p 0000b000 08:07 1835128                    /usr/lib/jvm/jdk1.7.0_51/jre/lib/amd64/librxtxSerial.so
7f0fdfb53000-7f0fdfb69000 r--s 00000000 08:07 527843                     /usr/share/fonts/type1/gsfonts/n021024l.pfb
7f0fdfb69000-7f0fdfb7f000 r--s 00000000 08:07 527852                     /usr/share/fonts/type1/gsfonts/n022023l.pfb
7f0fdfb7f000-7f0fdfb82000 ---p 00000000 00:00 0 
7f0fdfb82000-7f0fdfc80000 rw-p 00000000 00:00 0 
7f0fdfc80000-7f0fdfc83000 ---p 00000000 00:00 0 
7f0fdfc83000-7f0fdfd81000 rw-p 00000000 00:00 0 
7f0fdfd81000-7f0fdfde9000 r-xp 00000000 08:07 1836082                    /usr/lib/jvm/jdk1.7.0_51/jre/lib/amd64/libt2k.so
7f0fdfde9000-7f0fdffe9000 ---p 00068000 08:07 1836082                    /usr/lib/jvm/jdk1.7.0_51/jre/lib/amd64/libt2k.so
7f0fdffe9000-7f0fdfff0000 rw-p 00068000 08:07 1836082                    /usr/lib/jvm/jdk1.7.0_51/jre/lib/amd64/libt2k.so
7f0fdfff0000-7f0fe0000000 rw-p 00000000 00:00 0 
7f0fe0000000-7f0fe0021000 rw-p 00000000 00:00 0 
7f0fe0021000-7f0fe4000000 ---p 00000000 00:00 0 
7f0fe4000000-7f0fe40f6000 rw-p 00000000 00:00 0 
7f0fe40f6000-7f0fe8000000 ---p 00000000 00:00 0 
7f0fe8000000-7f0fe8021000 rw-p 00000000 00:00 0 
7f0fe8021000-7f0fec000000 ---p 00000000 00:00 0 
7f0fec000000-7f0fec028000 rw-p 00000000 00:00 0 
7f0fec028000-7f0ff0000000 ---p 00000000 00:00 0 
7f0ff0000000-7f0ff0021000 rw-p 00000000 00:00 0 
7f0ff0021000-7f0ff4000000 ---p 00000000 00:00 0 
7f0ff4000000-7f0ff4021000 rw-p 00000000 00:00 0 
7f0ff4021000-7f0ff8000000 ---p 00000000 00:00 0 
7f0ff8000000-7f0ff8634000 rw-p 00000000 00:00 0 
7f0ff8634000-7f0ffc000000 ---p 00000000 00:00 0 
7f0ffc000000-7f0ffc352000 rw-p 00000000 00:00 0 
7f0ffc352000-7f1000000000 ---p 00000000 00:00 0 
7f1000000000-7f100002b000 rw-p 00000000 00:00 0 
7f100002b000-7f1004000000 ---p 00000000 00:00 0 
7f1004000000-7f1004021000 rw-p 00000000 00:00 0 
7f1004021000-7f1008000000 ---p 00000000 00:00 0 
7f1008000000-7f1008021000 rw-p 00000000 00:00 0 
7f1008021000-7f100c000000 ---p 00000000 00:00 0 
7f100c000000-7f100c03c000 rw-p 00000000 00:00 0 
7f100c03c000-7f1010000000 ---p 00000000 00:00 0 
7f1010000000-7f1010021000 rw-p 00000000 00:00 0 
7f1010021000-7f1014000000 ---p 00000000 00:00 0 
7f1014000000-7f1014021000 rw-p 00000000 00:00 0 
7f1014021000-7f1018000000 ---p 00000000 00:00 0 
7f1018000000-7f1018021000 rw-p 00000000 00:00 0 
7f1018021000-7f101c000000 ---p 00000000 00:00 0 
7f101c000000-7f101c021000 rw-p 00000000 00:00 0 
7f101c021000-7f1020000000 ---p 00000000 00:00 0 
7f1020003000-7f102001a000 r--s 00000000 08:07 527840                     /usr/share/fonts/type1/gsfonts/n021023l.pfb
7f102001a000-7f102002b000 r--s 00000000 08:07 527816                     /usr/share/fonts/type1/gsfonts/n019023l.pfb
7f102002b000-7f102003f000 r--s 00000000 08:07 527810                     /usr/share/fonts/type1/gsfonts/n019003l.pfb
7f102003f000-7f1020048000 r--s 00000000 08:07 527870                     /usr/share/fonts/type1/gsfonts/s050000l.pfb
7f1020048000-7f102004b000 ---p 00000000 00:00 0 
7f102004b000-7f1020149000 rw-p 00000000 00:00 0 
7f1020149000-7f1020154000 r--s 00000000 08:07 2890696                    /var/cache/fontconfig/945677eb7aeaf62f1d50efc3fb3ec7d8-le64.cache-6
7f1020154000-7f102015a000 r--s 00000000 08:07 2890678                    /var/cache/fontconfig/2cd17615ca594fa2959ae173292e504c-le64.cache-6
7f102015a000-7f102015e000 r--s 00000000 08:07 2885053                    /var/cache/fontconfig/de156ccd2eddbdc19d37a45b8b2aac9c-le64.cache-6
7f102015e000-7f1020173000 r--s 00000000 08:07 2890672                    /var/cache/fontconfig/04aabc0a78ac019cf9454389977116d2-le64.cache-6
7f1020173000-7f1020177000 r--s 00000000 08:07 2890682                    /var/cache/fontconfig/385c0604a188198f04d133e54aba7fe7-le64.cache-6
7f1020177000-7f102017a000 r--s 00000000 08:07 2890692                    /var/cache/fontconfig/767a8244fc0220cfb567a839d0392e0b-le64.cache-6
7f102017a000-7f102017f000 r--s 00000000 08:07 2890695                    /var/cache/fontconfig/8801497958630a81b71ace7c5f9b32a8-le64.cache-6
7f102017f000-7f1020186000 r--s 00000000 08:07 2890679                    /var/cache/fontconfig/3047814df9a2f067bd2d96a2b9c36e5a-le64.cache-6
7f102022e000-7f1020247000 r--s 00000000 08:07 527849                     /usr/share/fonts/type1/gsfonts/n022004l.pfb
7f1020247000-7f1020260000 r--s 00000000 08:07 527834                     /usr/share/fonts/type1/gsfonts/n021003l.pfb
7f1020260000-7f1020263000 ---p 00000000 00:00 0 
7f1020263000-7f1020361000 rw-p 00000000 00:00 0 
7f1020361000-7f1020364000 ---p 00000000 00:00 0 
7f1020364000-7f1020462000 rw-p 00000000 00:00 0 
7f1020462000-7f1020472000 r-xp 00000000 08:07 1836051                    /usr/lib/jvm/jdk1.7.0_51/jre/lib/amd64/libnio.so
7f1020472000-7f1020672000 ---p 00010000 08:07 1836051                    /usr/lib/jvm/jdk1.7.0_51/jre/lib/amd64/libnio.so
7f1020672000-7f1020673000 rw-p 00010000 08:07 1836051                    /usr/lib/jvm/jdk1.7.0_51/jre/lib/amd64/libnio.so
7f1020673000-7f1020974000 rw-p 00000000 00:00 0 
7f1020974000-7f102098a000 r-xp 00000000 08:07 1836056                    /usr/lib/jvm/jdk1.7.0_51/jre/lib/amd64/libnet.so
7f102098a000-7f1020b8a000 ---p 00016000 08:07 1836056                    /usr/lib/jvm/jdk1.7.0_51/jre/lib/amd64/libnet.so
7f1020b8a000-7f1020b8b000 rw-p 00016000 08:07 1836056                    /usr/lib/jvm/jdk1.7.0_51/jre/lib/amd64/libnet.so
7f1020b8b000-7f1020ba1000 r-xp 00000000 08:07 2364498                    /lib/x86_64-linux-gnu/libgcc_s.so.1
7f1020ba1000-7f1020da0000 ---p 00016000 08:07 2364498                    /lib/x86_64-linux-gnu/libgcc_s.so.1
7f1020da0000-7f1020da1000 rw-p 00015000 08:07 2364498                    /lib/x86_64-linux-gnu/libgcc_s.so.1
7f1020da1000-7f1020e06000 r-xp 00000000 08:07 1836052                    /usr/lib/jvm/jdk1.7.0_51/jre/lib/amd64/libfontmanager.so
7f1020e06000-7f1021005000 ---p 00065000 08:07 1836052                    /usr/lib/jvm/jdk1.7.0_51/jre/lib/amd64/libfontmanager.so
7f1021005000-7f1021009000 rw-p 00064000 08:07 1836052                    /usr/lib/jvm/jdk1.7.0_51/jre/lib/amd64/libfontmanager.so
7f1021009000-7f102101a000 rw-p 00000000 00:00 0 
7f102101a000-7f102101d000 ---p 00000000 00:00 0 
7f102101d000-7f102111b000 rw-p 00000000 00:00 0 
7f102111b000-7f1021120000 r-xp 00000000 08:07 2762080                    /usr/lib/x86_64-linux-gnu/libXfixes.so.3.1.0
7f1021120000-7f102131f000 ---p 00005000 08:07 2762080                    /usr/lib/x86_64-linux-gnu/libXfixes.so.3.1.0
7f102131f000-7f1021320000 r--p 00004000 08:07 2762080                    /usr/lib/x86_64-linux-gnu/libXfixes.so.3.1.0
7f1021320000-7f1021321000 rw-p 00005000 08:07 2762080                    /usr/lib/x86_64-linux-gnu/libXfixes.so.3.1.0
7f1021321000-7f102132a000 r-xp 00000000 08:07 2762072                    /usr/lib/x86_64-linux-gnu/libXcursor.so.1.0.2
7f102132a000-7f1021529000 ---p 00009000 08:07 2762072                    /usr/lib/x86_64-linux-gnu/libXcursor.so.1.0.2
7f1021529000-7f102152a000 r--p 00008000 08:07 2762072                    /usr/lib/x86_64-linux-gnu/libXcursor.so.1.0.2
7f102152a000-7f102152b000 rw-p 00009000 08:07 2762072                    /usr/lib/x86_64-linux-gnu/libXcursor.so.1.0.2
7f102152b000-7f102152e000 ---p 00000000 00:00 0 
7f102152e000-7f102162c000 rw-p 00000000 00:00 0 
7f102162c000-7f1021631000 r-xp 00000000 08:07 2762076                    /usr/lib/x86_64-linux-gnu/libXdmcp.so.6.0.0
7f1021631000-7f1021830000 ---p 00005000 08:07 2762076                    /usr/lib/x86_64-linux-gnu/libXdmcp.so.6.0.0
7f1021830000-7f1021831000 r--p 00004000 08:07 2762076                    /usr/lib/x86_64-linux-gnu/libXdmcp.so.6.0.0
7f1021831000-7f1021832000 rw-p 00005000 08:07 2762076                    /usr/lib/x86_64-linux-gnu/libXdmcp.so.6.0.0
7f1021832000-7f1021834000 r-xp 00000000 08:07 2762065                    /usr/lib/x86_64-linux-gnu/libXau.so.6.0.0
7f1021834000-7f1021a34000 ---p 00002000 08:07 2762065                    /usr/lib/x86_64-linux-gnu/libXau.so.6.0.0
7f1021a34000-7f1021a35000 r--p 00002000 08:07 2762065                    /usr/lib/x86_64-linux-gnu/libXau.so.6.0.0
7f1021a35000-7f1021a36000 rw-p 00003000 08:07 2762065                    /usr/lib/x86_64-linux-gnu/libXau.so.6.0.0
7f1021a36000-7f1021a57000 r-xp 00000000 08:07 2763443                    /usr/lib/x86_64-linux-gnu/libxcb.so.1.1.0
7f1021a57000-7f1021c56000 ---p 00021000 08:07 2763443                    /usr/lib/x86_64-linux-gnu/libxcb.so.1.1.0
7f1021c56000-7f1021c57000 r--p 00020000 08:07 2763443                    /usr/lib/x86_64-linux-gnu/libxcb.so.1.1.0
7f1021c57000-7f1021c58000 rw-p 00021000 08:07 2763443                    /usr/lib/x86_64-linux-gnu/libxcb.so.1.1.0
7f1021c58000-7f1021c67000 r-xp 00000000 08:07 2762086                    /usr/lib/x86_64-linux-gnu/libXi.so.6.1.0
7f1021c67000-7f1021e66000 ---p 0000f000 08:07 2762086                    /usr/lib/x86_64-linux-gnu/libXi.so.6.1.0
7f1021e66000-7f1021e67000 r--p 0000e000 08:07 2762086                    /usr/lib/x86_64-linux-gnu/libXi.so.6.1.0
7f1021e67000-7f1021e68000 rw-p 0000f000 08:07 2762086                    /usr/lib/x86_64-linux-gnu/libXi.so.6.1.0
7f1021e68000-7f1021e6d000 r-xp 00000000 08:07 2762104                    /usr/lib/x86_64-linux-gnu/libXtst.so.6.1.0
7f1021e6d000-7f102206c000 ---p 00005000 08:07 2762104                    /usr/lib/x86_64-linux-gnu/libXtst.so.6.1.0
7f102206c000-7f102206d000 r--p 00004000 08:07 2762104                    /usr/lib/x86_64-linux-gnu/libXtst.so.6.1.0
7f102206d000-7f102206e000 rw-p 00005000 08:07 2762104                    /usr/lib/x86_64-linux-gnu/libXtst.so.6.1.0
7f102206e000-7f1022077000 r-xp 00000000 08:07 2762098                    /usr/lib/x86_64-linux-gnu/libXrender.so.1.3.0
7f1022077000-7f1022276000 ---p 00009000 08:07 2762098                    /usr/lib/x86_64-linux-gnu/libXrender.so.1.3.0
7f1022276000-7f1022277000 r--p 00008000 08:07 2762098                    /usr/lib/x86_64-linux-gnu/libXrender.so.1.3.0
7f1022277000-7f1022278000 rw-p 00009000 08:07 2762098                    /usr/lib/x86_64-linux-gnu/libXrender.so.1.3.0
7f1022278000-7f10223ad000 r-xp 00000000 08:07 2762061                    /usr/lib/x86_64-linux-gnu/libX11.so.6.3.0
7f10223ad000-7f10225ad000 ---p 00135000 08:07 2762061                    /usr/lib/x86_64-linux-gnu/libX11.so.6.3.0
7f10225ad000-7f10225ae000 r--p 00135000 08:07 2762061                    /usr/lib/x86_64-linux-gnu/libX11.so.6.3.0
7f10225ae000-7f10225b2000 rw-p 00136000 08:07 2762061                    /usr/lib/x86_64-linux-gnu/libX11.so.6.3.0
7f10225b2000-7f10225c3000 r-xp 00000000 08:07 2762078                    /usr/lib/x86_64-linux-gnu/libXext.so.6.4.0
7f10225c3000-7f10227c2000 ---p 00011000 08:07 2762078                    /usr/lib/x86_64-linux-gnu/libXext.so.6.4.0
7f10227c2000-7f10227c3000 r--p 00010000 08:07 2762078                    /usr/lib/x86_64-linux-gnu/libXext.so.6.4.0
7f10227c3000-7f10227c4000 rw-p 00011000 08:07 2762078                    /usr/lib/x86_64-linux-gnu/libXext.so.6.4.0
7f10227c4000-7f1022814000 r-xp 00000000 08:07 1836094                    /usr/lib/jvm/jdk1.7.0_51/jre/lib/amd64/xawt/libmawt.so
7f1022814000-7f1022a14000 ---p 00050000 08:07 1836094                    /usr/lib/jvm/jdk1.7.0_51/jre/lib/amd64/xawt/libmawt.so
7f1022a14000-7f1022a18000 rw-p 00050000 08:07 1836094                    /usr/lib/jvm/jdk1.7.0_51/jre/lib/amd64/xawt/libmawt.so
7f1022a18000-7f1022a19000 rw-p 00000000 00:00 0 
7f1022a19000-7f1022abb000 r-xp 00000000 08:07 1836064                    /usr/lib/jvm/jdk1.7.0_51/jre/lib/amd64/libawt.so
7f1022abb000-7f1022cbb000 ---p 000a2000 08:07 1836064                    /usr/lib/jvm/jdk1.7.0_51/jre/lib/amd64/libawt.so
7f1022cbb000-7f1022cc7000 rw-p 000a2000 08:07 1836064                    /usr/lib/jvm/jdk1.7.0_51/jre/lib/amd64/libawt.so
7f1022cc7000-7f1022ceb000 rw-p 00000000 00:00 0 
7f1022ceb000-7f1022cec000 ---p 00000000 00:00 0 
7f1022cec000-7f1022dec000 rw-p 00000000 00:00 0 
7f1022dec000-7f1022def000 ---p 00000000 00:00 0 
7f1022def000-7f1022eed000 rw-p 00000000 00:00 0 
7f1022eed000-7f1022ef0000 ---p 00000000 00:00 0 
7f1022ef0000-7f1022fee000 rw-p 00000000 00:00 0 
7f1022fee000-7f1022ff1000 ---p 00000000 00:00 0 
7f1022ff1000-7f10230ef000 rw-p 00000000 00:00 0 
7f10230ef000-7f10230f2000 ---p 00000000 00:00 0 
7f10230f2000-7f10231f0000 rw-p 00000000 00:00 0 
7f10231f0000-7f10231f3000 ---p 00000000 00:00 0 
7f10231f3000-7f10232f1000 rw-p 00000000 00:00 0 
7f10232f1000-7f10232f4000 ---p 00000000 00:00 0 
7f10232f4000-7f10233f2000 rw-p 00000000 00:00 0 
7f10233f2000-7f10233f6000 r-xp 00000000 08:07 1836071                    /usr/lib/jvm/jdk1.7.0_51/jre/lib/amd64/libdt_socket.so
7f10233f6000-7f10235f5000 ---p 00004000 08:07 1836071                    /usr/lib/jvm/jdk1.7.0_51/jre/lib/amd64/libdt_socket.so
7f10235f5000-7f10235f6000 rw-p 00003000 08:07 1836071                    /usr/lib/jvm/jdk1.7.0_51/jre/lib/amd64/libdt_socket.so
7f10235f6000-7f10235f9000 ---p 00000000 00:00 0 
7f10235f9000-7f10236f7000 rw-p 00000000 00:00 0 
7f10236f7000-7f10236fa000 ---p 00000000 00:00 0 
7f10236fa000-7f10237f8000 rw-p 00000000 00:00 0 
7f10237f8000-7f10237fb000 ---p 00000000 00:00 0 
7f10237fb000-7f10238f9000 rw-p 00000000 00:00 0 
7f10238f9000-7f10238fa000 ---p 00000000 00:00 0 
7f10238fa000-7f1024000000 rw-p 00000000 00:00 0 
7f1024000000-7f1024021000 rw-p 00000000 00:00 0 
7f1024021000-7f1028000000 ---p 00000000 00:00 0 
7f1028000000-7f1028021000 rw-p 00000000 00:00 0 
7f1028021000-7f102c000000 ---p 00000000 00:00 0 
7f102c000000-7f102c021000 rw-p 00000000 00:00 0 
7f102c021000-7f1030000000 ---p 00000000 00:00 0 
7f1030000000-7f1030001000 r--s 00000000 08:07 2890675                    /var/cache/fontconfig/0d8c3b2ac0904cb8a57a757ad11a4a08-le64.cache-6
7f1030001000-7f1030014000 r--s 00000000 08:07 2890706                    /var/cache/fontconfig/d52a8644073d54c13679302ca1180695-le64.cache-6
7f1030014000-7f1030017000 r--s 00000000 08:07 2890710                    /var/cache/fontconfig/e13b20fdb08344e0e664864cc2ede53d-le64.cache-6
7f1030017000-7f103001b000 r--s 00000000 08:07 2883629                    /var/cache/fontconfig/7ef2298fde41cc6eeb7af42e48b7d293-le64.cache-6
7f103001b000-7f103001c000 r--s 00000000 08:07 2890677                    /var/cache/fontconfig/1ac9eb803944fde146138c791f5cc56a-le64.cache-6
7f103001c000-7f103001d000 r--s 00000000 08:07 2890709                    /var/cache/fontconfig/dc05db6664285cc2f12bf69c139ae4c3-le64.cache-6
7f103001d000-7f103001e000 r--s 00000000 08:07 2883743                    /var/cache/fontconfig/4794a0821666d79190d59a36cb4f44b5-le64.cache-6
7f103001e000-7f103001f000 r--s 00000000 08:07 2890702                    /var/cache/fontconfig/bab58bb527bb656aaa9f116d68a48d89-le64.cache-6
7f103001f000-7f1030020000 r--s 00000000 08:07 2890686                    /var/cache/fontconfig/56cf4f4769d0f4abc89a4895d7bd3ae1-le64.cache-6
7f1030020000-7f1030021000 r--s 00000000 08:07 2890701                    /var/cache/fontconfig/b9d506c9ac06c20b433354fa67a72993-le64.cache-6
7f1030021000-7f1030027000 r--s 00000000 08:07 2890700                    /var/cache/fontconfig/b47c4e1ecd0709278f4910c18777a504-le64.cache-6
7f1030027000-7f1030032000 r--s 00000000 08:07 2887795                    /var/cache/fontconfig/d589a48862398ed80a3d6066f4f56f4c-le64.cache-6
7f1030032000-7f1030035000 r--s 00000000 08:07 2890691                    /var/cache/fontconfig/75114ca45c98e8a441da0ff356701271-le64.cache-6
7f1030035000-7f1030040000 r--s 00000000 08:07 2890694                    /var/cache/fontconfig/83bf95040141907cd45bb53cf7c1c148-le64.cache-6
7f1030040000-7f1030052000 r--s 00000000 08:07 2886108                    /var/cache/fontconfig/9b89f8e3dae116d678bbf48e5f21f69b-le64.cache-6
7f1030052000-7f1030077000 r--p 00000000 08:07 397003                     /usr/share/locale-langpack/es/LC_MESSAGES/libc.mo
7f1030077000-7f1030082000 r--s 0037c000 08:07 1057110                    /usr/lib/jvm/jdk1.7.0_51/jre/lib/charsets.jar
7f1030082000-7f1030a5a000 rw-p 00000000 00:00 0 
7f1030a5a000-7f1030c17000 r--s 039bf000 08:07 1057153                    /usr/lib/jvm/jdk1.7.0_51/jre/lib/rt.jar
7f1030c17000-7f1032f70000 rw-p 00000000 00:00 0 
7f1032f70000-7f1032f71000 ---p 00000000 00:00 0 
7f1032f71000-7f1033071000 rw-p 00000000 00:00 0 
7f1033071000-7f1033072000 ---p 00000000 00:00 0 
7f1033072000-7f1033172000 rw-p 00000000 00:00 0 
7f1033172000-7f1033173000 ---p 00000000 00:00 0 
7f1033173000-7f1033273000 rw-p 00000000 00:00 0 
7f1033273000-7f1033274000 ---p 00000000 00:00 0 
7f1033274000-7f103337f000 rw-p 00000000 00:00 0 
7f103337f000-7f103339d000 rw-p 00000000 00:00 0 
7f103339d000-7f10333b1000 rw-p 00000000 00:00 0 
7f10333b1000-7f10334dc000 rw-p 00000000 00:00 0 
7f10334dc000-7f10334e7000 rw-p 00000000 00:00 0 
7f10334e7000-7f103357c000 rw-p 00000000 00:00 0 
7f103357c000-7f103357d000 rw-p 00000000 00:00 0 
7f103357d000-7f10337ed000 rwxp 00000000 00:00 0 
7f10337ed000-7f103657d000 rw-p 00000000 00:00 0 
7f103657d000-7f1036597000 r-xp 00000000 08:07 1836101                    /usr/lib/jvm/jdk1.7.0_51/jre/lib/amd64/libzip.so
7f1036597000-7f1036797000 ---p 0001a000 08:07 1836101                    /usr/lib/jvm/jdk1.7.0_51/jre/lib/amd64/libzip.so
7f1036797000-7f1036798000 rw-p 0001a000 08:07 1836101                    /usr/lib/jvm/jdk1.7.0_51/jre/lib/amd64/libzip.so
7f1036798000-7f10367a3000 r-xp 00000000 08:07 2364559                    /lib/x86_64-linux-gnu/libnss_files-2.23.so
7f10367a3000-7f10369a2000 ---p 0000b000 08:07 2364559                    /lib/x86_64-linux-gnu/libnss_files-2.23.so
7f10369a2000-7f10369a3000 r--p 0000a000 08:07 2364559                    /lib/x86_64-linux-gnu/libnss_files-2.23.so
7f10369a3000-7f10369a4000 rw-p 0000b000 08:07 2364559                    /lib/x86_64-linux-gnu/libnss_files-2.23.so
7f10369a4000-7f10369aa000 rw-p 00000000 00:00 0 
7f10369aa000-7f10369b5000 r-xp 00000000 08:07 2364569                    /lib/x86_64-linux-gnu/libnss_nis-2.23.so
7f10369b5000-7f1036bb4000 ---p 0000b000 08:07 2364569                    /lib/x86_64-linux-gnu/libnss_nis-2.23.so
7f1036bb4000-7f1036bb5000 r--p 0000a000 08:07 2364569                    /lib/x86_64-linux-gnu/libnss_nis-2.23.so
7f1036bb5000-7f1036bb6000 rw-p 0000b000 08:07 2364569                    /lib/x86_64-linux-gnu/libnss_nis-2.23.so
7f1036bb6000-7f1036bcc000 r-xp 00000000 08:07 2364553                    /lib/x86_64-linux-gnu/libnsl-2.23.so
7f1036bcc000-7f1036dcb000 ---p 00016000 08:07 2364553                    /lib/x86_64-linux-gnu/libnsl-2.23.so
7f1036dcb000-7f1036dcc000 r--p 00015000 08:07 2364553                    /lib/x86_64-linux-gnu/libnsl-2.23.so
7f1036dcc000-7f1036dcd000 rw-p 00016000 08:07 2364553                    /lib/x86_64-linux-gnu/libnsl-2.23.so
7f1036dcd000-7f1036dcf000 rw-p 00000000 00:00 0 
7f1036dcf000-7f1036dd7000 r-xp 00000000 08:07 2364555                    /lib/x86_64-linux-gnu/libnss_compat-2.23.so
7f1036dd7000-7f1036fd6000 ---p 00008000 08:07 2364555                    /lib/x86_64-linux-gnu/libnss_compat-2.23.so
7f1036fd6000-7f1036fd7000 r--p 00007000 08:07 2364555                    /lib/x86_64-linux-gnu/libnss_compat-2.23.so
7f1036fd7000-7f1036fd8000 rw-p 00008000 08:07 2364555                    /lib/x86_64-linux-gnu/libnss_compat-2.23.so
7f1036fd8000-7f1037997000 r--p 00000000 08:07 2760681                    /usr/lib/locale/locale-archive
7f1037997000-7f103799a000 r-xp 00000000 08:07 1836062                    /usr/lib/jvm/jdk1.7.0_51/jre/lib/amd64/libnpt.so
7f103799a000-7f1037b99000 ---p 00003000 08:07 1836062                    /usr/lib/jvm/jdk1.7.0_51/jre/lib/amd64/libnpt.so
7f1037b99000-7f1037b9a000 rw-p 00002000 08:07 1836062                    /usr/lib/jvm/jdk1.7.0_51/jre/lib/amd64/libnpt.so
7f1037b9a000-7f1037bd3000 r-xp 00000000 08:07 1836106                    /usr/lib/jvm/jdk1.7.0_51/jre/lib/amd64/libjdwp.so
7f1037bd3000-7f1037dd3000 ---p 00039000 08:07 1836106                    /usr/lib/jvm/jdk1.7.0_51/jre/lib/amd64/libjdwp.so
7f1037dd3000-7f1037dd4000 rw-p 00039000 08:07 1836106                    /usr/lib/jvm/jdk1.7.0_51/jre/lib/amd64/libjdwp.so
7f1037dd4000-7f1037dd5000 rw-p 00000000 00:00 0 
7f1037dd5000-7f1037dfe000 r-xp 00000000 08:07 1836085                    /usr/lib/jvm/jdk1.7.0_51/jre/lib/amd64/libjava.so
7f1037dfe000-7f1037ffe000 ---p 00029000 08:07 1836085                    /usr/lib/jvm/jdk1.7.0_51/jre/lib/amd64/libjava.so
7f1037ffe000-7f1038000000 rw-p 00029000 08:07 1836085                    /usr/lib/jvm/jdk1.7.0_51/jre/lib/amd64/libjava.so
7f1038000000-7f1038273000 rw-p 00000000 00:00 0 
7f1038273000-7f103c000000 ---p 00000000 00:00 0 
7f103c000000-7f103c001000 r--s 00000000 08:07 2890685                    /var/cache/fontconfig/551ecf3b0e8b0bca0f25c0944f561853-le64.cache-6
7f103c001000-7f103c015000 rw-p 00000000 00:00 0 
7f103c015000-7f103c141000 rw-p 00000000 00:00 0 
7f103c141000-7f103c14b000 rw-p 00000000 00:00 0 
7f103c14b000-7f103c201000 rw-p 00000000 00:00 0 
7f103c201000-7f103c20e000 r-xp 00000000 08:07 1836083                    /usr/lib/jvm/jdk1.7.0_51/jre/lib/amd64/libverify.so
7f103c20e000-7f103c40d000 ---p 0000d000 08:07 1836083                    /usr/lib/jvm/jdk1.7.0_51/jre/lib/amd64/libverify.so
7f103c40d000-7f103c40f000 rw-p 0000c000 08:07 1836083                    /usr/lib/jvm/jdk1.7.0_51/jre/lib/amd64/libverify.so
7f103c40f000-7f103c416000 r-xp 00000000 08:07 2364614                    /lib/x86_64-linux-gnu/librt-2.23.so
7f103c416000-7f103c615000 ---p 00007000 08:07 2364614                    /lib/x86_64-linux-gnu/librt-2.23.so
7f103c615000-7f103c616000 r--p 00006000 08:07 2364614                    /lib/x86_64-linux-gnu/librt-2.23.so
7f103c616000-7f103c617000 rw-p 00007000 08:07 2364614                    /lib/x86_64-linux-gnu/librt-2.23.so
7f103c617000-7f103c61a000 ---p 00000000 00:00 0 
7f103c61a000-7f103c718000 rw-p 00000000 00:00 0 
7f103c718000-7f103c820000 r-xp 00000000 08:07 2364530                    /lib/x86_64-linux-gnu/libm-2.23.so
7f103c820000-7f103ca1f000 ---p 00108000 08:07 2364530                    /lib/x86_64-linux-gnu/libm-2.23.so
7f103ca1f000-7f103ca20000 r--p 00107000 08:07 2364530                    /lib/x86_64-linux-gnu/libm-2.23.so
7f103ca20000-7f103ca21000 rw-p 00108000 08:07 2364530                    /lib/x86_64-linux-gnu/libm-2.23.so
7f103ca21000-7f103d583000 r-xp 00000000 08:07 1836091                    /usr/lib/jvm/jdk1.7.0_51/jre/lib/amd64/server/libjvm.so
7f103d583000-7f103d783000 ---p 00b62000 08:07 1836091                    /usr/lib/jvm/jdk1.7.0_51/jre/lib/amd64/server/libjvm.so
7f103d783000-7f103d846000 rw-p 00b62000 08:07 1836091                    /usr/lib/jvm/jdk1.7.0_51/jre/lib/amd64/server/libjvm.so
7f103d846000-7f103d887000 rw-p 00000000 00:00 0 
7f103d887000-7f103da47000 r-xp 00000000 08:07 2364460                    /lib/x86_64-linux-gnu/libc-2.23.so
7f103da47000-7f103dc46000 ---p 001c0000 08:07 2364460                    /lib/x86_64-linux-gnu/libc-2.23.so
7f103dc46000-7f103dc4a000 r--p 001bf000 08:07 2364460                    /lib/x86_64-linux-gnu/libc-2.23.so
7f103dc4a000-7f103dc4c000 rw-p 001c3000 08:07 2364460                    /lib/x86_64-linux-gnu/libc-2.23.so
7f103dc4c000-7f103dc50000 rw-p 00000000 00:00 0 
7f103dc50000-7f103dc53000 r-xp 00000000 08:07 2364484                    /lib/x86_64-linux-gnu/libdl-2.23.so
7f103dc53000-7f103de52000 ---p 00003000 08:07 2364484                    /lib/x86_64-linux-gnu/libdl-2.23.so
7f103de52000-7f103de53000 r--p 00002000 08:07 2364484                    /lib/x86_64-linux-gnu/libdl-2.23.so
7f103de53000-7f103de54000 rw-p 00003000 08:07 2364484                    /lib/x86_64-linux-gnu/libdl-2.23.so
7f103de54000-7f103de6a000 r-xp 00000000 08:07 1056839                    /usr/lib/jvm/jdk1.7.0_51/lib/amd64/jli/libjli.so
7f103de6a000-7f103e06a000 ---p 00016000 08:07 1056839                    /usr/lib/jvm/jdk1.7.0_51/lib/amd64/jli/libjli.so
7f103e06a000-7f103e06b000 rw-p 00016000 08:07 1056839                    /usr/lib/jvm/jdk1.7.0_51/lib/amd64/jli/libjli.so
7f103e06b000-7f103e083000 r-xp 00000000 08:07 2364606                    /lib/x86_64-linux-gnu/libpthread-2.23.so
7f103e083000-7f103e282000 ---p 00018000 08:07 2364606                    /lib/x86_64-linux-gnu/libpthread-2.23.so
7f103e282000-7f103e283000 r--p 00017000 08:07 2364606                    /lib/x86_64-linux-gnu/libpthread-2.23.so
7f103e283000-7f103e284000 rw-p 00018000 08:07 2364606                    /lib/x86_64-linux-gnu/libpthread-2.23.so
7f103e284000-7f103e288000 rw-p 00000000 00:00 0 
7f103e288000-7f103e2ae000 r-xp 00000000 08:07 2364432                    /lib/x86_64-linux-gnu/ld-2.23.so
7f103e2ae000-7f103e2af000 r--s 00000000 08:07 2890680                    /var/cache/fontconfig/30829fa25452a46451e813d634d7f916-le64.cache-6
7f103e2af000-7f103e2b6000 r--s 00000000 08:07 3016614                    /usr/lib/x86_64-linux-gnu/gconv/gconv-modules.cache
7f103e2b6000-7f103e2b8000 r--s 0000d000 08:08 3412122                    /home/kcrez/Documentos/JavaDuino/library/rxtx2.1/RXTXcomm.jar
7f103e2b8000-7f103e2ba000 r--s 0000d000 08:07 1835127                    /usr/lib/jvm/jdk1.7.0_51/jre/lib/ext/RXTXcomm.jar
7f103e2ba000-7f103e30e000 rw-p 00000000 00:00 0 
7f103e30e000-7f103e32c000 rw-p 00000000 00:00 0 
7f103e32c000-7f103e330000 rw-p 00000000 00:00 0 
7f103e330000-7f103e374000 r-xp 00000000 08:07 1052366                    /opt/eset/esets/lib/libesets_pac.so
7f103e374000-7f103e474000 ---p 00044000 08:07 1052366                    /opt/eset/esets/lib/libesets_pac.so
7f103e474000-7f103e477000 rw-p 00044000 08:07 1052366                    /opt/eset/esets/lib/libesets_pac.so
7f103e477000-7f103e48a000 rw-p 00000000 00:00 0 
7f103e48a000-7f103e48b000 r--s 00000000 08:07 2890674                    /var/cache/fontconfig/0c9eb80ebd1c36541ebe2852d3bb0c49-le64.cache-6
7f103e48b000-7f103e4a0000 rw-p 00000000 00:00 0 
7f103e4a0000-7f103e4a8000 rw-s 00000000 08:07 2097231                    /tmp/hsperfdata_kcrez/8944
7f103e4a8000-7f103e4a9000 rw-p 00000000 00:00 0 
7f103e4a9000-7f103e4aa000 r--p 00000000 00:00 0 
7f103e4aa000-7f103e4ad000 rw-p 00000000 00:00 0 
7f103e4ad000-7f103e4ae000 r--p 00025000 08:07 2364432                    /lib/x86_64-linux-gnu/ld-2.23.so
7f103e4ae000-7f103e4af000 rw-p 00026000 08:07 2364432                    /lib/x86_64-linux-gnu/ld-2.23.so
7f103e4af000-7f103e4b0000 rw-p 00000000 00:00 0 
7ffe49604000-7ffe49625000 rw-p 00000000 00:00 0                          [stack]
7ffe49725000-7ffe49727000 r--p 00000000 00:00 0                          [vvar]
7ffe49727000-7ffe49729000 r-xp 00000000 00:00 0                          [vdso]
ffffffffff600000-ffffffffff601000 r-xp 00000000 00:00 0                  [vsyscall]

VM Arguments:
jvm_args: -Xdebug -Xrunjdwp:transport=dt_socket,address=localhost:46352 -Dfile.encoding=UTF-8 -Djava.library.path=/home/kcrez/Documentos/JavaDuino/library/rxtx2.1 
java_command: PPD_Frame
Launcher Type: SUN_STANDARD

Environment Variables:
PATH=/usr/local/sbin:/usr/local/bin:/usr/sbin:/usr/bin:/sbin:/bin:/usr/games:/usr/local/games:/snap/bin
LD_LIBRARY_PATH=/usr/lib/jvm/jdk1.7.0_51/jre/lib/amd64:/usr/lib/jvm/jdk1.7.0_51/jre/lib/i386:
SHELL=/bin/bash
DISPLAY=:0

Signal Handlers:
SIGSEGV: [libjvm.so+0x993870], sa_mask[0]=0x7ffbfeff, sa_flags=0x10000004
SIGBUS: [libjvm.so+0x993870], sa_mask[0]=0x7ffbfeff, sa_flags=0x10000004
SIGFPE: [libjvm.so+0x8105b0], sa_mask[0]=0x7ffbfeff, sa_flags=0x10000004
SIGPIPE: [libjvm.so+0x8105b0], sa_mask[0]=0x7ffbfeff, sa_flags=0x10000004
SIGXFSZ: [libjvm.so+0x8105b0], sa_mask[0]=0x7ffbfeff, sa_flags=0x10000004
SIGILL: [libjvm.so+0x8105b0], sa_mask[0]=0x7ffbfeff, sa_flags=0x10000004
SIGUSR1: SIG_DFL, sa_mask[0]=0x00000000, sa_flags=0x00000000
SIGUSR2: [libjvm.so+0x811aa0], sa_mask[0]=0x00000004, sa_flags=0x10000004
SIGHUP: [libjvm.so+0x812a10], sa_mask[0]=0x7ffbfeff, sa_flags=0x10000004
SIGINT: SIG_IGN, sa_mask[0]=0x00000000, sa_flags=0x00000000
SIGTERM: [libjvm.so+0x812a10], sa_mask[0]=0x7ffbfeff, sa_flags=0x10000004
SIGQUIT: [libjvm.so+0x812a10], sa_mask[0]=0x7ffbfeff, sa_flags=0x10000004


---------------  S Y S T E M  ---------------

OS:stretch/sid

uname:Linux 4.4.0-22-generic #40-Ubuntu SMP Thu May 12 22:03:46 UTC 2016 x86_64
libc:glibc 2.23 NPTL 2.23 
rlimit: STACK 8192k, CORE 0k, NPROC 15146, NOFILE 65536, AS infinity
load average:0.50 0.63 0.63

/proc/meminfo:
MemTotal:        3916240 kB
MemFree:           57332 kB
MemAvailable:    1324952 kB
Buffers:          199144 kB
Cached:          1138580 kB
SwapCached:          216 kB
Active:          2375244 kB
Inactive:        1229920 kB
Active(anon):    1750784 kB
Inactive(anon):   697280 kB
Active(file):     624460 kB
Inactive(file):   532640 kB
Unevictable:          48 kB
Mlocked:              48 kB
SwapTotal:       7812088 kB
SwapFree:        7801008 kB
Dirty:              5448 kB
Writeback:             0 kB
AnonPages:       2267532 kB
Mapped:           323968 kB
Shmem:            180620 kB
Slab:             174148 kB
SReclaimable:     139752 kB
SUnreclaim:        34396 kB
KernelStack:       10720 kB
PageTables:        33640 kB
NFS_Unstable:          0 kB
Bounce:                0 kB
WritebackTmp:          0 kB
CommitLimit:     9770208 kB
Committed_AS:    6436976 kB
VmallocTotal:   34359738367 kB
VmallocUsed:           0 kB
VmallocChunk:          0 kB
HardwareCorrupted:     0 kB
AnonHugePages:    905216 kB
CmaTotal:              0 kB
CmaFree:               0 kB
HugePages_Total:       0
HugePages_Free:        0
HugePages_Rsvd:        0
HugePages_Surp:        0
Hugepagesize:       2048 kB
DirectMap4k:      129820 kB
DirectMap2M:     2885632 kB
DirectMap1G:     1048576 kB


CPU:total 4 (2 cores per cpu, 2 threads per core) family 6 model 60 stepping 3, cmov, cx8, fxsr, mmx, sse, sse2, sse3, ssse3, sse4.1, sse4.2, popcnt, avx, avx2, aes, erms, ht, tsc, tscinvbit

/proc/cpuinfo:
processor	: 0
vendor_id	: GenuineIntel
cpu family	: 6
model		: 60
model name	: Intel(R) Core(TM) i3-4170 CPU @ 3.70GHz
stepping	: 3
microcode	: 0x1e
cpu MHz		: 999.867
cache size	: 3072 KB
physical id	: 0
siblings	: 4
core id		: 0
cpu cores	: 2
apicid		: 0
initial apicid	: 0
fpu		: yes
fpu_exception	: yes
cpuid level	: 13
wp		: yes
flags		: fpu vme de pse tsc msr pae mce cx8 apic sep mtrr pge mca cmov pat pse36 clflush dts acpi mmx fxsr sse sse2 ss ht tm pbe syscall nx pdpe1gb rdtscp lm constant_tsc arch_perfmon pebs bts rep_good nopl xtopology nonstop_tsc aperfmperf eagerfpu pni pclmulqdq dtes64 monitor ds_cpl vmx est tm2 ssse3 sdbg fma cx16 xtpr pdcm pcid sse4_1 sse4_2 movbe popcnt tsc_deadline_timer aes xsave avx f16c rdrand lahf_lm abm epb tpr_shadow vnmi flexpriority ept vpid fsgsbase tsc_adjust bmi1 avx2 smep bmi2 erms invpcid xsaveopt dtherm arat pln pts
bugs		:
bogomips	: 7383.06
clflush size	: 64
cache_alignment	: 64
address sizes	: 39 bits physical, 48 bits virtual
power management:

processor	: 1
vendor_id	: GenuineIntel
cpu family	: 6
model		: 60
model name	: Intel(R) Core(TM) i3-4170 CPU @ 3.70GHz
stepping	: 3
microcode	: 0x1e
cpu MHz		: 999.867
cache size	: 3072 KB
physical id	: 0
siblings	: 4
core id		: 1
cpu cores	: 2
apicid		: 2
initial apicid	: 2
fpu		: yes
fpu_exception	: yes
cpuid level	: 13
wp		: yes
flags		: fpu vme de pse tsc msr pae mce cx8 apic sep mtrr pge mca cmov pat pse36 clflush dts acpi mmx fxsr sse sse2 ss ht tm pbe syscall nx pdpe1gb rdtscp lm constant_tsc arch_perfmon pebs bts rep_good nopl xtopology nonstop_tsc aperfmperf eagerfpu pni pclmulqdq dtes64 monitor ds_cpl vmx est tm2 ssse3 sdbg fma cx16 xtpr pdcm pcid sse4_1 sse4_2 movbe popcnt tsc_deadline_timer aes xsave avx f16c rdrand lahf_lm abm epb tpr_shadow vnmi flexpriority ept vpid fsgsbase tsc_adjust bmi1 avx2 smep bmi2 erms invpcid xsaveopt dtherm arat pln pts
bugs		:
bogomips	: 7383.06
clflush size	: 64
cache_alignment	: 64
address sizes	: 39 bits physical, 48 bits virtual
power management:

processor	: 2
vendor_id	: GenuineIntel
cpu family	: 6
model		: 60
model name	: Intel(R) Core(TM) i3-4170 CPU @ 3.70GHz
stepping	: 3
microcode	: 0x1e
cpu MHz		: 999.867
cache size	: 3072 KB
physical id	: 0
siblings	: 4
core id		: 0
cpu cores	: 2
apicid		: 1
initial apicid	: 1
fpu		: yes
fpu_exception	: yes
cpuid level	: 13
wp		: yes
flags		: fpu vme de pse tsc msr pae mce cx8 apic sep mtrr pge mca cmov pat pse36 clflush dts acpi mmx fxsr sse sse2 ss ht tm pbe syscall nx pdpe1gb rdtscp lm constant_tsc arch_perfmon pebs bts rep_good nopl xtopology nonstop_tsc aperfmperf eagerfpu pni pclmulqdq dtes64 monitor ds_cpl vmx est tm2 ssse3 sdbg fma cx16 xtpr pdcm pcid sse4_1 sse4_2 movbe popcnt tsc_deadline_timer aes xsave avx f16c rdrand lahf_lm abm epb tpr_shadow vnmi flexpriority ept vpid fsgsbase tsc_adjust bmi1 avx2 smep bmi2 erms invpcid xsaveopt dtherm arat pln pts
bugs		:
bogomips	: 7383.06
clflush size	: 64
cache_alignment	: 64
address sizes	: 39 bits physical, 48 bits virtual
power management:

processor	: 3
vendor_id	: GenuineIntel
cpu family	: 6
model		: 60
model name	: Intel(R) Core(TM) i3-4170 CPU @ 3.70GHz
stepping	: 3
microcode	: 0x1e
cpu MHz		: 999.867
cache size	: 3072 KB
physical id	: 0
siblings	: 4
core id		: 1
cpu cores	: 2
apicid		: 3
initial apicid	: 3
fpu		: yes
fpu_exception	: yes
cpuid level	: 13
wp		: yes
flags		: fpu vme de pse tsc msr pae mce cx8 apic sep mtrr pge mca cmov pat pse36 clflush dts acpi mmx fxsr sse sse2 ss ht tm pbe syscall nx pdpe1gb rdtscp lm constant_tsc arch_perfmon pebs bts rep_good nopl xtopology nonstop_tsc aperfmperf eagerfpu pni pclmulqdq dtes64 monitor ds_cpl vmx est tm2 ssse3 sdbg fma cx16 xtpr pdcm pcid sse4_1 sse4_2 movbe popcnt tsc_deadline_timer aes xsave avx f16c rdrand lahf_lm abm epb tpr_shadow vnmi flexpriority ept vpid fsgsbase tsc_adjust bmi1 avx2 smep bmi2 erms invpcid xsaveopt dtherm arat pln pts
bugs		:
bogomips	: 7383.06
clflush size	: 64
cache_alignment	: 64
address sizes	: 39 bits physical, 48 bits virtual
power management:



Memory: 4k page, physical 3916240k(57332k free), swap 7812088k(7801008k free)

vm_info: Java HotSpot(TM) 64-Bit Server VM (24.51-b03) for linux-amd64 JRE (1.7.0_51-b13), built on Dec 18 2013 18:48:01 by "java_re" with gcc 4.3.0 20080428 (Red Hat 4.3.0-8)

time: Sat Jul 30 21:57:27 2016
elapsed time: 12 seconds

