#
# A fatal error has been detected by the Java Runtime Environment:
#
#  SIGSEGV (0xb) at pc=0x00007fc4a2080462, pid=6186, tid=140482511931136
#
# JRE version: Java(TM) SE Runtime Environment (7.0_51-b13) (build 1.7.0_51-b13)
# Java VM: Java HotSpot(TM) 64-Bit Server VM (24.51-b03 mixed mode linux-amd64 compressed oops)
# Problematic frame:
# C  [librxtxSerial.so+0x6462]  read_byte_array+0x52
#
# Failed to write core dump. Core dumps have been disabled. To enable core dumping, try "ulimit -c unlimited" before starting Java again
#
# If you would like to submit a bug report, please visit:
#   http://bugreport.sun.com/bugreport/crash.jsp
# The crash happened outside the Java Virtual Machine in native code.
# See problematic frame for where to report the bug.
#

---------------  T H R E A D  ---------------

Current thread (0x00007fc48809f800):  JavaThread "Thread-0" [_thread_in_native, id=6221, stack(0x00007fc4a2288000,0x00007fc4a2389000)]

siginfo:si_signo=SIGSEGV: si_errno=0, si_code=1 (SEGV_MAPERR), si_addr=0xffffffffa23875f8

Registers:
RAX=0xffffffffa23875f0, RBX=0xffffffffffffffff, RCX=0x0000000000000001, RDX=0x00007fc4ebebda50
RSP=0x00007fc4a23869c0, RBP=0x00007fc48809f9e8, RSI=0x00007fc4a2083e30, RDI=0x00007fc4a2083d3e
R8 =0x00007fc4a2386930, R9 =0x00000000ffffffff, R10=0x0000000000000049, R11=0x00007fc4a2080410
R12=0x00000000ffffffff, R13=0x0000000000000000, R14=0x000000000000001d, R15=0x0000000000000000
RIP=0x00007fc4a2080462, EFLAGS=0x0000000000010206, CSGSFS=0x0000000000000033, ERR=0x0000000000000005
  TRAPNO=0x000000000000000e

Top of Stack: (sp=0x00007fc4a23869c0)
0x00007fc4a23869c0:   ff0000000000ff00 0000000000000000
0x00007fc4a23869d0:   0000000000000000 0000000000000000
0x00007fc4a23869e0:   0000000000000000 ffffffffa23875f0
0x00007fc4a23869f0:   0000000000000000 0000000000000000
0x00007fc4a2386a00:   0000000000000000 0000028500000000
0x00007fc4a2386a10:   00007fc48004af00 0000001d00000000
0x00007fc4a2386a20:   0000000000000000 0000000000000000
0x00007fc4a2386a30:   0000000000000000 0000000000000000
0x00007fc4a2386a40:   00007fc48809f800 0000000000000700
0x00007fc4a2386a50:   0000000000002000 0000000000000000
0x00007fc4a2386a60:   000000000000001d 0000000000000000
0x00007fc4a2386a70:   00007fc4a2386aa0 00007fc4eb330dac
0x00007fc4a2386a80:   00007fc48004af00 00007fc48004af00
0x00007fc4a2386a90:   000000000000001d 00007fc4a2386b00
0x00007fc4a2386aa0:   00007fc48809f9e8 0000000000000285
0x00007fc4a2386ab0:   00000000ffffffff ffffffffffffffff
0x00007fc4a2386ac0:   00007fc48809f9e8 00007fc48004af00
0x00007fc4a2386ad0:   0000000000000285 000000000000001d
0x00007fc4a2386ae0:   0000000000000000 00007fc4a20808a1
0x00007fc4a2386af0:   00007fc48809f800 00007fc4a2386bd8
0x00007fc4a2386b00:   00007fc4a2386be0 00000000bfb32108
0x00007fc4a2386b10:   00007fc4a2386ba8 0000000000000000
0x00007fc4a2386b20:   00000000bfb32100 00007fc4a2386be0
0x00007fc4a2386b30:   00007fc48809f800 00007fc4e1018af9
0x00007fc4a2386b40:   00000000bfb41fa3 00007fc4000000b6
0x00007fc4a2386b50:   00007fc4a4052548 00000285000000b6
0x00007fc4a2386b60:   00007fc48809f800 00007fc4a2386b68
0x00007fc4a2386b70:   00000000bfb32100 00007fc4a2386be0
0x00007fc4a2386b80:   00000000bfb42c58 0000000000000000
0x00007fc4a2386b90:   00000000bfb32108 0000000000000000
0x00007fc4a2386ba0:   00007fc4a2386bc8 00007fc4a2386c38
0x00007fc4a2386bb0:   00007fc4e1006254 0000000000000000 

Instructions: (pc=0x00007fc4a2080462)
0x00007fc4a2080442:   89 44 24 4c 48 c7 44 24 40 00 00 00 00 48 c7 44
0x00007fc4a2080452:   24 38 00 00 00 00 e8 53 d7 ff ff 48 89 44 24 28
0x00007fc4a2080462:   8b 40 08 45 85 e4 48 8b 54 24 28 44 8b 7c 24 4c
0x00007fc4a2080472:   89 44 24 34 c7 42 08 00 00 00 00 78 0c 31 c0 e8 

Register to memory mapping:

RAX=0xffffffffa23875f0 is an unknown value
RBX=0xffffffffffffffff is an unknown value
RCX=0x0000000000000001 is an unknown value
RDX=0x00007fc4ebebda50: <offset 0xe37a50> in /usr/lib/jvm/jdk1.7.0_51/jre/lib/amd64/server/libjvm.so at 0x00007fc4eb086000
RSP=0x00007fc4a23869c0 is pointing into the stack for thread: 0x00007fc48809f800
RBP=0x00007fc48809f9e8 is an unknown value
RSI=0x00007fc4a2083e30: <offset 0x9e30> in /usr/lib/jvm/jdk1.7.0_51/jre/lib/amd64/librxtxSerial.so at 0x00007fc4a207a000
RDI=0x00007fc4a2083d3e: <offset 0x9d3e> in /usr/lib/jvm/jdk1.7.0_51/jre/lib/amd64/librxtxSerial.so at 0x00007fc4a207a000
R8 =0x00007fc4a2386930 is pointing into the stack for thread: 0x00007fc48809f800
R9 =0x00000000ffffffff is an unallocated location in the heap
R10=0x0000000000000049 is an unknown value
R11=0x00007fc4a2080410: read_byte_array+0 in /usr/lib/jvm/jdk1.7.0_51/jre/lib/amd64/librxtxSerial.so at 0x00007fc4a207a000
R12=0x00000000ffffffff is an unallocated location in the heap
R13=0x0000000000000000 is an unknown value
R14=0x000000000000001d is an unknown value
R15=0x0000000000000000 is an unknown value


Stack: [0x00007fc4a2288000,0x00007fc4a2389000],  sp=0x00007fc4a23869c0,  free space=1018k
Native frames: (J=compiled Java code, j=interpreted, Vv=VM code, C=native code)
C  [librxtxSerial.so+0x6462]  read_byte_array+0x52

Java frames: (J=compiled Java code, j=interpreted, Vv=VM code)
j  gnu.io.RXTXPort.readArray([BII)I+0
j  gnu.io.RXTXPort$SerialInputStream.read([BII)I+187
j  sun.nio.cs.StreamDecoder.readBytes()I+135
j  sun.nio.cs.StreamDecoder.implRead([CII)I+112
j  sun.nio.cs.StreamDecoder.read([CII)I+180
j  java.io.InputStreamReader.read([CII)I+7
j  java.io.BufferedReader.fill()V+145
j  java.io.BufferedReader.readLine(Z)Ljava/lang/String;+44
j  java.io.BufferedReader.readLine()Ljava/lang/String;+2
j  PPD_Frame.serialEvent(Lgnu/io/SerialPortEvent;)V+24
j  gnu.io.RXTXPort.sendEvent(IZ)Z+382
v  ~StubRoutines::call_stub
j  gnu.io.RXTXPort.eventLoop()V+0
j  gnu.io.RXTXPort$MonitorThread.run()V+12
v  ~StubRoutines::call_stub

---------------  P R O C E S S  ---------------

Java Threads: ( => current thread )
=>0x00007fc48809f800 JavaThread "Thread-0" [_thread_in_native, id=6221, stack(0x00007fc4a2288000,0x00007fc4a2389000)]
  0x00007fc488003800 JavaThread "org.netbeans.modules.debugger.jpda.visual AWT Access Loop" daemon [_thread_blocked, id=6214, stack(0x00007fc4a2608000,0x00007fc4a2709000)]
  0x00007fc4e400d800 JavaThread "DestroyJavaVM" [_thread_blocked, id=6188, stack(0x00007fc4eac7c000,0x00007fc4ead7d000)]
  0x00007fc4e41f5000 JavaThread "AWT-EventQueue-0" [_thread_blocked, id=6213, stack(0x00007fc4a2709000,0x00007fc4a280a000)]
  0x00007fc4e4219800 JavaThread "AWT-Shutdown" [_thread_blocked, id=6212, stack(0x00007fc4a280a000,0x00007fc4a290b000)]
  0x00007fc4e41ad800 JavaThread "AWT-XAWT" daemon [_thread_in_native, id=6211, stack(0x00007fc4a34c3000,0x00007fc4a35c4000)]
  0x00007fc4e418a000 JavaThread "Java2D Disposer" daemon [_thread_blocked, id=6210, stack(0x00007fc4d80dd000,0x00007fc4d81de000)]
  0x00007fc4e40a9000 JavaThread "Service Thread" daemon [_thread_blocked, id=6208, stack(0x00007fc4d9372000,0x00007fc4d9473000)]
  0x00007fc4e40a6800 JavaThread "C2 CompilerThread1" daemon [_thread_blocked, id=6207, stack(0x00007fc4d9473000,0x00007fc4d9574000)]
  0x00007fc4e40a3800 JavaThread "C2 CompilerThread0" daemon [_thread_blocked, id=6206, stack(0x00007fc4d9574000,0x00007fc4d9675000)]
  0x00007fc4b4001000 JavaThread "JDWP Command Reader" daemon [_thread_in_native, id=6202, stack(0x00007fc4d9675000,0x00007fc4d9776000)]
  0x00007fc4e40a1800 JavaThread "JDWP Event Helper Thread" daemon [_thread_blocked, id=6201, stack(0x00007fc4d9776000,0x00007fc4d9877000)]
  0x00007fc4e409e000 JavaThread "JDWP Transport Listener: dt_socket" daemon [_thread_blocked, id=6200, stack(0x00007fc4d9877000,0x00007fc4d9978000)]
  0x00007fc4e4090800 JavaThread "Signal Dispatcher" daemon [_thread_blocked, id=6199, stack(0x00007fc4d9b7c000,0x00007fc4d9c7d000)]
  0x00007fc4e4073000 JavaThread "Finalizer" daemon [_thread_blocked, id=6198, stack(0x00007fc4d9c7d000,0x00007fc4d9d7e000)]
  0x00007fc4e406f000 JavaThread "Reference Handler" daemon [_thread_blocked, id=6197, stack(0x00007fc4d9d7e000,0x00007fc4d9e7f000)]

Other Threads:
  0x00007fc4e406c800 VMThread [stack: 0x00007fc4d9e7f000,0x00007fc4d9f80000] [id=6196]
  0x00007fc4e40b3800 WatcherThread [stack: 0x00007fc4d9271000,0x00007fc4d9372000] [id=6209]

VM state:not at safepoint (normal execution)

VM Mutex/Monitor currently owned by a thread: None

Heap
 PSYoungGen      total 17920K, used 9536K [0x00000000ec080000, 0x00000000ed480000, 0x0000000100000000)
  eden space 15360K, 62% used [0x00000000ec080000,0x00000000ec9d00b0,0x00000000ecf80000)
  from space 2560K, 0% used [0x00000000ed200000,0x00000000ed200000,0x00000000ed480000)
  to   space 2560K, 0% used [0x00000000ecf80000,0x00000000ecf80000,0x00000000ed200000)
 ParOldGen       total 40448K, used 0K [0x00000000c4200000, 0x00000000c6980000, 0x00000000ec080000)
  object space 40448K, 0% used [0x00000000c4200000,0x00000000c4200000,0x00000000c6980000)
 PSPermGen       total 21504K, used 12033K [0x00000000bf000000, 0x00000000c0500000, 0x00000000c4200000)
  object space 21504K, 55% used [0x00000000bf000000,0x00000000bfbc0460,0x00000000c0500000)

Card table byte_map: [0x00007fc4e8b1a000,0x00007fc4e8d23000] byte_map_base: 0x00007fc4e8522000

Polling page: 0x00007fc4ecb0e000

Code Cache  [0x00007fc4e1000000, 0x00007fc4e1270000, 0x00007fc4e4000000)
 total_blobs=514 nmethods=48 adapters=427 free_code_cache=48469Kb largest_free_block=49611968

Compilation events (10 events):
Event: 84.166 Thread 0x00007fc4e40a6800   44 %           javax.swing.plaf.nimbus.EffectUtils::blur @ 36 (157 bytes)
Event: 84.173 Thread 0x00007fc4e40a6800 nmethod 44% 0x00007fc4e10a1410 code [0x00007fc4e10a15c0, 0x00007fc4e10a1e98]
Event: 84.177 Thread 0x00007fc4e40a3800   45             javax.swing.plaf.nimbus.EffectUtils::blur (157 bytes)
Event: 84.199 Thread 0x00007fc4e40a6800   46             java.awt.MultipleGradientPaintContext::indexIntoGradientsArrays (190 bytes)
Event: 84.202 Thread 0x00007fc4e40a3800 nmethod 45 0x00007fc4e10a0650 code [0x00007fc4e10a07e0, 0x00007fc4e10a1058]
Event: 84.204 Thread 0x00007fc4e40a6800 nmethod 46 0x00007fc4e10aa7d0 code [0x00007fc4e10aa9a0, 0x00007fc4e10aaf98]
Event: 84.206 Thread 0x00007fc4e40a3800   47             java.awt.MultipleGradientPaintContext::interpolate (202 bytes)
Event: 84.206 Thread 0x00007fc4e40a6800   48             java.awt.LinearGradientPaintContext::fillRaster (97 bytes)
Event: 84.210 Thread 0x00007fc4e40a3800 nmethod 47 0x00007fc4e10ac350 code [0x00007fc4e10ac500, 0x00007fc4e10acaf8]
Event: 84.211 Thread 0x00007fc4e40a6800 nmethod 48 0x00007fc4e10abad0 code [0x00007fc4e10abc20, 0x00007fc4e10abf48]

GC Heap History (0 events):
No events

Deoptimization events (1 events):
Event: 0.357 Thread 0x00007fc4e400d800 Uncommon trap: reason=class_check action=maybe_recompile pc=0x00007fc4e1078d80 method=java.util.Properties$LineReader.readLine()I @ 62

Internal exceptions (10 events):
Event: 0.598 Thread 0x00007fc4e41f5000 Threw 0x00000000ec3defb8 at /HUDSON/workspace/7u-2-build-linux-amd64@2/jdk7u51/527/hotspot/src/share/vm/prims/jvm.cpp:1244
Event: 0.598 Thread 0x00007fc4e41f5000 Threw 0x00000000ec3e06d0 at /HUDSON/workspace/7u-2-build-linux-amd64@2/jdk7u51/527/hotspot/src/share/vm/prims/jvm.cpp:1244
Event: 0.599 Thread 0x00007fc4e41f5000 Threw 0x00000000ec3e4210 at /HUDSON/workspace/7u-2-build-linux-amd64@2/jdk7u51/527/hotspot/src/share/vm/prims/jvm.cpp:1244
Event: 0.599 Thread 0x00007fc4e41f5000 Threw 0x00000000ec3e5928 at /HUDSON/workspace/7u-2-build-linux-amd64@2/jdk7u51/527/hotspot/src/share/vm/prims/jvm.cpp:1244
Event: 0.714 Thread 0x00007fc4e41f5000 Threw 0x00000000ec568550 at /HUDSON/workspace/7u-2-build-linux-amd64@2/jdk7u51/527/hotspot/src/share/vm/prims/jvm.cpp:1244
Event: 0.714 Thread 0x00007fc4e41f5000 Threw 0x00000000ec56a120 at /HUDSON/workspace/7u-2-build-linux-amd64@2/jdk7u51/527/hotspot/src/share/vm/prims/jvm.cpp:1244
Event: 22.672 Thread 0x00007fc4e41f5000 Threw 0x00000000ec8c40e0 at /HUDSON/workspace/7u-2-build-linux-amd64@2/jdk7u51/527/hotspot/src/share/vm/prims/jni.cpp:717
Event: 22.720 Thread 0x00007fc4e41f5000 Threw 0x00000000ec8d7368 at /HUDSON/workspace/7u-2-build-linux-amd64@2/jdk7u51/527/hotspot/src/share/vm/prims/jni.cpp:717
Event: 22.725 Thread 0x00007fc4e41f5000 Threw 0x00000000ec8e8d30 at /HUDSON/workspace/7u-2-build-linux-amd64@2/jdk7u51/527/hotspot/src/share/vm/prims/jni.cpp:717
Event: 22.768 Thread 0x00007fc4e41f5000 Threw 0x00000000ec8fbbb8 at /HUDSON/workspace/7u-2-build-linux-amd64@2/jdk7u51/527/hotspot/src/share/vm/prims/jni.cpp:717

Events (10 events):
Event: 84.216 loading class 0x00007fc4b005dee0 done
Event: 84.216 loading class 0x00007fc4b0043ad0 done
Event: 84.218 loading class 0x00007fc4e40f17a0
Event: 84.218 loading class 0x00007fc4e40f17a0 done
Event: 84.219 loading class 0x00007fc4b0041e00
Event: 84.219 loading class 0x00007fc4b0041e00 done
Event: 84.302 Executing VM operation: GetOrSetLocal
Event: 84.303 Executing VM operation: GetOrSetLocal done
Event: 84.303 Executing VM operation: GetOrSetLocal
Event: 84.303 Executing VM operation: GetOrSetLocal done


Dynamic libraries:
00400000-00401000 r-xp 00000000 08:07 937188                             /usr/lib/jvm/jdk1.7.0_51/bin/java
00600000-00601000 rw-p 00000000 08:07 937188                             /usr/lib/jvm/jdk1.7.0_51/bin/java
02286000-022a7000 rw-p 00000000 00:00 0                                  [heap]
bf000000-c0500000 rw-p 00000000 00:00 0 
c0500000-c4200000 rw-p 00000000 00:00 0 
c4200000-c6980000 rw-p 00000000 00:00 0 
c6980000-ec080000 rw-p 00000000 00:00 0 
ec080000-ed480000 rw-p 00000000 00:00 0 
ed480000-100000000 rw-p 00000000 00:00 0 
7fc480000000-7fc48004f000 rw-p 00000000 00:00 0 
7fc48004f000-7fc484000000 ---p 00000000 00:00 0 
7fc484000000-7fc484021000 rw-p 00000000 00:00 0 
7fc484021000-7fc488000000 ---p 00000000 00:00 0 
7fc488000000-7fc4880d1000 rw-p 00000000 00:00 0 
7fc4880d1000-7fc48c000000 ---p 00000000 00:00 0 
7fc48c000000-7fc48c021000 rw-p 00000000 00:00 0 
7fc48c021000-7fc490000000 ---p 00000000 00:00 0 
7fc490000000-7fc490021000 rw-p 00000000 00:00 0 
7fc490021000-7fc494000000 ---p 00000000 00:00 0 
7fc494000000-7fc494021000 rw-p 00000000 00:00 0 
7fc494021000-7fc498000000 ---p 00000000 00:00 0 
7fc498000000-7fc498021000 rw-p 00000000 00:00 0 
7fc498021000-7fc49c000000 ---p 00000000 00:00 0 
7fc49c000000-7fc49c021000 rw-p 00000000 00:00 0 
7fc49c021000-7fc4a0000000 ---p 00000000 00:00 0 
7fc4a1c5d000-7fc4a1c87000 r-xp 00000000 08:07 1836084                    /usr/lib/jvm/jdk1.7.0_51/jre/lib/amd64/libdcpr.so
7fc4a1c87000-7fc4a1e87000 ---p 0002a000 08:07 1836084                    /usr/lib/jvm/jdk1.7.0_51/jre/lib/amd64/libdcpr.so
7fc4a1e87000-7fc4a1e8a000 rw-p 0002a000 08:07 1836084                    /usr/lib/jvm/jdk1.7.0_51/jre/lib/amd64/libdcpr.so
7fc4a1e8a000-7fc4a207a000 rw-s 00000000 00:05 26542115                   /SYSV00000000 (deleted)
7fc4a207a000-7fc4a2086000 r-xp 00000000 08:07 1835128                    /usr/lib/jvm/jdk1.7.0_51/jre/lib/amd64/librxtxSerial.so
7fc4a2086000-7fc4a2185000 ---p 0000c000 08:07 1835128                    /usr/lib/jvm/jdk1.7.0_51/jre/lib/amd64/librxtxSerial.so
7fc4a2185000-7fc4a2187000 rw-p 0000b000 08:07 1835128                    /usr/lib/jvm/jdk1.7.0_51/jre/lib/amd64/librxtxSerial.so
7fc4a2187000-7fc4a218a000 ---p 00000000 00:00 0 
7fc4a218a000-7fc4a2288000 rw-p 00000000 00:00 0 
7fc4a2288000-7fc4a228b000 ---p 00000000 00:00 0 
7fc4a228b000-7fc4a2389000 rw-p 00000000 00:00 0 
7fc4a2389000-7fc4a23f1000 r-xp 00000000 08:07 1836082                    /usr/lib/jvm/jdk1.7.0_51/jre/lib/amd64/libt2k.so
7fc4a23f1000-7fc4a25f1000 ---p 00068000 08:07 1836082                    /usr/lib/jvm/jdk1.7.0_51/jre/lib/amd64/libt2k.so
7fc4a25f1000-7fc4a25f8000 rw-p 00068000 08:07 1836082                    /usr/lib/jvm/jdk1.7.0_51/jre/lib/amd64/libt2k.so
7fc4a25f8000-7fc4a2608000 rw-p 00000000 00:00 0 
7fc4a2608000-7fc4a260b000 ---p 00000000 00:00 0 
7fc4a260b000-7fc4a2709000 rw-p 00000000 00:00 0 
7fc4a2709000-7fc4a270c000 ---p 00000000 00:00 0 
7fc4a270c000-7fc4a280a000 rw-p 00000000 00:00 0 
7fc4a280a000-7fc4a280d000 ---p 00000000 00:00 0 
7fc4a280d000-7fc4a290b000 rw-p 00000000 00:00 0 
7fc4a290b000-7fc4a291b000 r-xp 00000000 08:07 1836051                    /usr/lib/jvm/jdk1.7.0_51/jre/lib/amd64/libnio.so
7fc4a291b000-7fc4a2b1b000 ---p 00010000 08:07 1836051                    /usr/lib/jvm/jdk1.7.0_51/jre/lib/amd64/libnio.so
7fc4a2b1b000-7fc4a2b1c000 rw-p 00010000 08:07 1836051                    /usr/lib/jvm/jdk1.7.0_51/jre/lib/amd64/libnio.so
7fc4a2b1c000-7fc4a2e1d000 rw-p 00000000 00:00 0 
7fc4a2e1d000-7fc4a2e33000 r-xp 00000000 08:07 1836056                    /usr/lib/jvm/jdk1.7.0_51/jre/lib/amd64/libnet.so
7fc4a2e33000-7fc4a3033000 ---p 00016000 08:07 1836056                    /usr/lib/jvm/jdk1.7.0_51/jre/lib/amd64/libnet.so
7fc4a3033000-7fc4a3034000 rw-p 00016000 08:07 1836056                    /usr/lib/jvm/jdk1.7.0_51/jre/lib/amd64/libnet.so
7fc4a3034000-7fc4a304a000 r-xp 00000000 08:07 2364498                    /lib/x86_64-linux-gnu/libgcc_s.so.1
7fc4a304a000-7fc4a3249000 ---p 00016000 08:07 2364498                    /lib/x86_64-linux-gnu/libgcc_s.so.1
7fc4a3249000-7fc4a324a000 rw-p 00015000 08:07 2364498                    /lib/x86_64-linux-gnu/libgcc_s.so.1
7fc4a324a000-7fc4a32af000 r-xp 00000000 08:07 1836052                    /usr/lib/jvm/jdk1.7.0_51/jre/lib/amd64/libfontmanager.so
7fc4a32af000-7fc4a34ae000 ---p 00065000 08:07 1836052                    /usr/lib/jvm/jdk1.7.0_51/jre/lib/amd64/libfontmanager.so
7fc4a34ae000-7fc4a34b2000 rw-p 00064000 08:07 1836052                    /usr/lib/jvm/jdk1.7.0_51/jre/lib/amd64/libfontmanager.so
7fc4a34b2000-7fc4a34c3000 rw-p 00000000 00:00 0 
7fc4a34c3000-7fc4a34c6000 ---p 00000000 00:00 0 
7fc4a34c6000-7fc4a35c4000 rw-p 00000000 00:00 0 
7fc4a35c4000-7fc4a35c9000 r-xp 00000000 08:07 2762080                    /usr/lib/x86_64-linux-gnu/libXfixes.so.3.1.0
7fc4a35c9000-7fc4a37c8000 ---p 00005000 08:07 2762080                    /usr/lib/x86_64-linux-gnu/libXfixes.so.3.1.0
7fc4a37c8000-7fc4a37c9000 r--p 00004000 08:07 2762080                    /usr/lib/x86_64-linux-gnu/libXfixes.so.3.1.0
7fc4a37c9000-7fc4a37ca000 rw-p 00005000 08:07 2762080                    /usr/lib/x86_64-linux-gnu/libXfixes.so.3.1.0
7fc4a37ca000-7fc4a37d3000 r-xp 00000000 08:07 2762072                    /usr/lib/x86_64-linux-gnu/libXcursor.so.1.0.2
7fc4a37d3000-7fc4a39d2000 ---p 00009000 08:07 2762072                    /usr/lib/x86_64-linux-gnu/libXcursor.so.1.0.2
7fc4a39d2000-7fc4a39d3000 r--p 00008000 08:07 2762072                    /usr/lib/x86_64-linux-gnu/libXcursor.so.1.0.2
7fc4a39d3000-7fc4a39d4000 rw-p 00009000 08:07 2762072                    /usr/lib/x86_64-linux-gnu/libXcursor.so.1.0.2
7fc4a39d4000-7fc4a39d9000 r-xp 00000000 08:07 2762076                    /usr/lib/x86_64-linux-gnu/libXdmcp.so.6.0.0
7fc4a39d9000-7fc4a3bd8000 ---p 00005000 08:07 2762076                    /usr/lib/x86_64-linux-gnu/libXdmcp.so.6.0.0
7fc4a3bd8000-7fc4a3bd9000 r--p 00004000 08:07 2762076                    /usr/lib/x86_64-linux-gnu/libXdmcp.so.6.0.0
7fc4a3bd9000-7fc4a3bda000 rw-p 00005000 08:07 2762076                    /usr/lib/x86_64-linux-gnu/libXdmcp.so.6.0.0
7fc4a3bda000-7fc4a3bdc000 r-xp 00000000 08:07 2762065                    /usr/lib/x86_64-linux-gnu/libXau.so.6.0.0
7fc4a3bdc000-7fc4a3ddc000 ---p 00002000 08:07 2762065                    /usr/lib/x86_64-linux-gnu/libXau.so.6.0.0
7fc4a3ddc000-7fc4a3ddd000 r--p 00002000 08:07 2762065                    /usr/lib/x86_64-linux-gnu/libXau.so.6.0.0
7fc4a3ddd000-7fc4a3dde000 rw-p 00003000 08:07 2762065                    /usr/lib/x86_64-linux-gnu/libXau.so.6.0.0
7fc4a3dde000-7fc4a3dff000 r-xp 00000000 08:07 2763443                    /usr/lib/x86_64-linux-gnu/libxcb.so.1.1.0
7fc4a3dff000-7fc4a3ffe000 ---p 00021000 08:07 2763443                    /usr/lib/x86_64-linux-gnu/libxcb.so.1.1.0
7fc4a3ffe000-7fc4a3fff000 r--p 00020000 08:07 2763443                    /usr/lib/x86_64-linux-gnu/libxcb.so.1.1.0
7fc4a3fff000-7fc4a4000000 rw-p 00021000 08:07 2763443                    /usr/lib/x86_64-linux-gnu/libxcb.so.1.1.0
7fc4a4000000-7fc4a4450000 rw-p 00000000 00:00 0 
7fc4a4450000-7fc4a8000000 ---p 00000000 00:00 0 
7fc4a8000000-7fc4a8021000 rw-p 00000000 00:00 0 
7fc4a8021000-7fc4ac000000 ---p 00000000 00:00 0 
7fc4ac000000-7fc4ac021000 rw-p 00000000 00:00 0 
7fc4ac021000-7fc4b0000000 ---p 00000000 00:00 0 
7fc4b0000000-7fc4b04a5000 rw-p 00000000 00:00 0 
7fc4b04a5000-7fc4b4000000 ---p 00000000 00:00 0 
7fc4b4000000-7fc4b403d000 rw-p 00000000 00:00 0 
7fc4b403d000-7fc4b8000000 ---p 00000000 00:00 0 
7fc4b8000000-7fc4b802c000 rw-p 00000000 00:00 0 
7fc4b802c000-7fc4bc000000 ---p 00000000 00:00 0 
7fc4bc000000-7fc4bc021000 rw-p 00000000 00:00 0 
7fc4bc021000-7fc4c0000000 ---p 00000000 00:00 0 
7fc4c0000000-7fc4c0021000 rw-p 00000000 00:00 0 
7fc4c0021000-7fc4c4000000 ---p 00000000 00:00 0 
7fc4c4000000-7fc4c4021000 rw-p 00000000 00:00 0 
7fc4c4021000-7fc4c8000000 ---p 00000000 00:00 0 
7fc4c8000000-7fc4c8021000 rw-p 00000000 00:00 0 
7fc4c8021000-7fc4cc000000 ---p 00000000 00:00 0 
7fc4cc000000-7fc4cc021000 rw-p 00000000 00:00 0 
7fc4cc021000-7fc4d0000000 ---p 00000000 00:00 0 
7fc4d0000000-7fc4d0021000 rw-p 00000000 00:00 0 
7fc4d0021000-7fc4d4000000 ---p 00000000 00:00 0 
7fc4d4000000-7fc4d4021000 rw-p 00000000 00:00 0 
7fc4d4021000-7fc4d8000000 ---p 00000000 00:00 0 
7fc4d80c4000-7fc4d80dd000 r--s 00000000 08:07 527849                     /usr/share/fonts/type1/gsfonts/n022004l.pfb
7fc4d80dd000-7fc4d80e0000 ---p 00000000 00:00 0 
7fc4d80e0000-7fc4d81de000 rw-p 00000000 00:00 0 
7fc4d81de000-7fc4d81ed000 r-xp 00000000 08:07 2762086                    /usr/lib/x86_64-linux-gnu/libXi.so.6.1.0
7fc4d81ed000-7fc4d83ec000 ---p 0000f000 08:07 2762086                    /usr/lib/x86_64-linux-gnu/libXi.so.6.1.0
7fc4d83ec000-7fc4d83ed000 r--p 0000e000 08:07 2762086                    /usr/lib/x86_64-linux-gnu/libXi.so.6.1.0
7fc4d83ed000-7fc4d83ee000 rw-p 0000f000 08:07 2762086                    /usr/lib/x86_64-linux-gnu/libXi.so.6.1.0
7fc4d83ee000-7fc4d83f3000 r-xp 00000000 08:07 2762104                    /usr/lib/x86_64-linux-gnu/libXtst.so.6.1.0
7fc4d83f3000-7fc4d85f2000 ---p 00005000 08:07 2762104                    /usr/lib/x86_64-linux-gnu/libXtst.so.6.1.0
7fc4d85f2000-7fc4d85f3000 r--p 00004000 08:07 2762104                    /usr/lib/x86_64-linux-gnu/libXtst.so.6.1.0
7fc4d85f3000-7fc4d85f4000 rw-p 00005000 08:07 2762104                    /usr/lib/x86_64-linux-gnu/libXtst.so.6.1.0
7fc4d85f4000-7fc4d85fd000 r-xp 00000000 08:07 2762098                    /usr/lib/x86_64-linux-gnu/libXrender.so.1.3.0
7fc4d85fd000-7fc4d87fc000 ---p 00009000 08:07 2762098                    /usr/lib/x86_64-linux-gnu/libXrender.so.1.3.0
7fc4d87fc000-7fc4d87fd000 r--p 00008000 08:07 2762098                    /usr/lib/x86_64-linux-gnu/libXrender.so.1.3.0
7fc4d87fd000-7fc4d87fe000 rw-p 00009000 08:07 2762098                    /usr/lib/x86_64-linux-gnu/libXrender.so.1.3.0
7fc4d87fe000-7fc4d8933000 r-xp 00000000 08:07 2762061                    /usr/lib/x86_64-linux-gnu/libX11.so.6.3.0
7fc4d8933000-7fc4d8b33000 ---p 00135000 08:07 2762061                    /usr/lib/x86_64-linux-gnu/libX11.so.6.3.0
7fc4d8b33000-7fc4d8b34000 r--p 00135000 08:07 2762061                    /usr/lib/x86_64-linux-gnu/libX11.so.6.3.0
7fc4d8b34000-7fc4d8b38000 rw-p 00136000 08:07 2762061                    /usr/lib/x86_64-linux-gnu/libX11.so.6.3.0
7fc4d8b38000-7fc4d8b49000 r-xp 00000000 08:07 2762078                    /usr/lib/x86_64-linux-gnu/libXext.so.6.4.0
7fc4d8b49000-7fc4d8d48000 ---p 00011000 08:07 2762078                    /usr/lib/x86_64-linux-gnu/libXext.so.6.4.0
7fc4d8d48000-7fc4d8d49000 r--p 00010000 08:07 2762078                    /usr/lib/x86_64-linux-gnu/libXext.so.6.4.0
7fc4d8d49000-7fc4d8d4a000 rw-p 00011000 08:07 2762078                    /usr/lib/x86_64-linux-gnu/libXext.so.6.4.0
7fc4d8d4a000-7fc4d8d9a000 r-xp 00000000 08:07 1836094                    /usr/lib/jvm/jdk1.7.0_51/jre/lib/amd64/xawt/libmawt.so
7fc4d8d9a000-7fc4d8f9a000 ---p 00050000 08:07 1836094                    /usr/lib/jvm/jdk1.7.0_51/jre/lib/amd64/xawt/libmawt.so
7fc4d8f9a000-7fc4d8f9e000 rw-p 00050000 08:07 1836094                    /usr/lib/jvm/jdk1.7.0_51/jre/lib/amd64/xawt/libmawt.so
7fc4d8f9e000-7fc4d8f9f000 rw-p 00000000 00:00 0 
7fc4d8f9f000-7fc4d9041000 r-xp 00000000 08:07 1836064                    /usr/lib/jvm/jdk1.7.0_51/jre/lib/amd64/libawt.so
7fc4d9041000-7fc4d9241000 ---p 000a2000 08:07 1836064                    /usr/lib/jvm/jdk1.7.0_51/jre/lib/amd64/libawt.so
7fc4d9241000-7fc4d924d000 rw-p 000a2000 08:07 1836064                    /usr/lib/jvm/jdk1.7.0_51/jre/lib/amd64/libawt.so
7fc4d924d000-7fc4d9271000 rw-p 00000000 00:00 0 
7fc4d9271000-7fc4d9272000 ---p 00000000 00:00 0 
7fc4d9272000-7fc4d9372000 rw-p 00000000 00:00 0 
7fc4d9372000-7fc4d9375000 ---p 00000000 00:00 0 
7fc4d9375000-7fc4d9473000 rw-p 00000000 00:00 0 
7fc4d9473000-7fc4d9476000 ---p 00000000 00:00 0 
7fc4d9476000-7fc4d9574000 rw-p 00000000 00:00 0 
7fc4d9574000-7fc4d9577000 ---p 00000000 00:00 0 
7fc4d9577000-7fc4d9675000 rw-p 00000000 00:00 0 
7fc4d9675000-7fc4d9678000 ---p 00000000 00:00 0 
7fc4d9678000-7fc4d9776000 rw-p 00000000 00:00 0 
7fc4d9776000-7fc4d9779000 ---p 00000000 00:00 0 
7fc4d9779000-7fc4d9877000 rw-p 00000000 00:00 0 
7fc4d9877000-7fc4d987a000 ---p 00000000 00:00 0 
7fc4d987a000-7fc4d9978000 rw-p 00000000 00:00 0 
7fc4d9978000-7fc4d997c000 r-xp 00000000 08:07 1836071                    /usr/lib/jvm/jdk1.7.0_51/jre/lib/amd64/libdt_socket.so
7fc4d997c000-7fc4d9b7b000 ---p 00004000 08:07 1836071                    /usr/lib/jvm/jdk1.7.0_51/jre/lib/amd64/libdt_socket.so
7fc4d9b7b000-7fc4d9b7c000 rw-p 00003000 08:07 1836071                    /usr/lib/jvm/jdk1.7.0_51/jre/lib/amd64/libdt_socket.so
7fc4d9b7c000-7fc4d9b7f000 ---p 00000000 00:00 0 
7fc4d9b7f000-7fc4d9c7d000 rw-p 00000000 00:00 0 
7fc4d9c7d000-7fc4d9c80000 ---p 00000000 00:00 0 
7fc4d9c80000-7fc4d9d7e000 rw-p 00000000 00:00 0 
7fc4d9d7e000-7fc4d9d81000 ---p 00000000 00:00 0 
7fc4d9d81000-7fc4d9e7f000 rw-p 00000000 00:00 0 
7fc4d9e7f000-7fc4d9e80000 ---p 00000000 00:00 0 
7fc4d9e80000-7fc4dc000000 rw-p 00000000 00:00 0 
7fc4dc000000-7fc4dc021000 rw-p 00000000 00:00 0 
7fc4dc021000-7fc4e0000000 ---p 00000000 00:00 0 
7fc4e000e000-7fc4e0027000 r--s 00000000 08:07 527834                     /usr/share/fonts/type1/gsfonts/n021003l.pfb
7fc4e0027000-7fc4e003d000 r--s 00000000 08:07 527843                     /usr/share/fonts/type1/gsfonts/n021024l.pfb
7fc4e003d000-7fc4e0053000 r--s 00000000 08:07 527852                     /usr/share/fonts/type1/gsfonts/n022023l.pfb
7fc4e0053000-7fc4e006a000 r--s 00000000 08:07 527840                     /usr/share/fonts/type1/gsfonts/n021023l.pfb
7fc4e006a000-7fc4e0075000 r--s 00000000 08:07 2890696                    /var/cache/fontconfig/945677eb7aeaf62f1d50efc3fb3ec7d8-le64.cache-6
7fc4e0075000-7fc4e007b000 r--s 00000000 08:07 2890678                    /var/cache/fontconfig/2cd17615ca594fa2959ae173292e504c-le64.cache-6
7fc4e007b000-7fc4e007c000 r--s 00000000 08:07 2890675                    /var/cache/fontconfig/0d8c3b2ac0904cb8a57a757ad11a4a08-le64.cache-6
7fc4e007c000-7fc4e0080000 r--s 00000000 08:07 2885053                    /var/cache/fontconfig/de156ccd2eddbdc19d37a45b8b2aac9c-le64.cache-6
7fc4e0080000-7fc4e0095000 r--s 00000000 08:07 2890672                    /var/cache/fontconfig/04aabc0a78ac019cf9454389977116d2-le64.cache-6
7fc4e0095000-7fc4e0096000 r--s 00000000 08:07 2890677                    /var/cache/fontconfig/1ac9eb803944fde146138c791f5cc56a-le64.cache-6
7fc4e0096000-7fc4e009a000 r--s 00000000 08:07 2890682                    /var/cache/fontconfig/385c0604a188198f04d133e54aba7fe7-le64.cache-6
7fc4e009a000-7fc4e009b000 r--s 00000000 08:07 2890709                    /var/cache/fontconfig/dc05db6664285cc2f12bf69c139ae4c3-le64.cache-6
7fc4e009b000-7fc4e009e000 r--s 00000000 08:07 2890692                    /var/cache/fontconfig/767a8244fc0220cfb567a839d0392e0b-le64.cache-6
7fc4e009e000-7fc4e009f000 r--s 00000000 08:07 2883743                    /var/cache/fontconfig/4794a0821666d79190d59a36cb4f44b5-le64.cache-6
7fc4e009f000-7fc4e00a4000 r--s 00000000 08:07 2890695                    /var/cache/fontconfig/8801497958630a81b71ace7c5f9b32a8-le64.cache-6
7fc4e00a4000-7fc4e00a5000 r--s 00000000 08:07 2890702                    /var/cache/fontconfig/bab58bb527bb656aaa9f116d68a48d89-le64.cache-6
7fc4e00a5000-7fc4e00ac000 r--s 00000000 08:07 2890679                    /var/cache/fontconfig/3047814df9a2f067bd2d96a2b9c36e5a-le64.cache-6
7fc4e00ac000-7fc4e00ad000 r--s 00000000 08:07 2890686                    /var/cache/fontconfig/56cf4f4769d0f4abc89a4895d7bd3ae1-le64.cache-6
7fc4e00ad000-7fc4e00b3000 r--s 00000000 08:07 2890700                    /var/cache/fontconfig/b47c4e1ecd0709278f4910c18777a504-le64.cache-6
7fc4e00b3000-7fc4e00c6000 r--s 00000000 08:07 2890706                    /var/cache/fontconfig/d52a8644073d54c13679302ca1180695-le64.cache-6
7fc4e00c6000-7fc4e00d1000 r--s 00000000 08:07 2887795                    /var/cache/fontconfig/d589a48862398ed80a3d6066f4f56f4c-le64.cache-6
7fc4e00d1000-7fc4e00d4000 r--s 00000000 08:07 2890691                    /var/cache/fontconfig/75114ca45c98e8a441da0ff356701271-le64.cache-6
7fc4e00d4000-7fc4e00df000 r--s 00000000 08:07 2890694                    /var/cache/fontconfig/83bf95040141907cd45bb53cf7c1c148-le64.cache-6
7fc4e00df000-7fc4e00f1000 r--s 00000000 08:07 2886108                    /var/cache/fontconfig/9b89f8e3dae116d678bbf48e5f21f69b-le64.cache-6
7fc4e00f1000-7fc4e1000000 rw-p 00000000 00:00 0 
7fc4e1000000-7fc4e1270000 rwxp 00000000 00:00 0 
7fc4e1270000-7fc4e4249000 rw-p 00000000 00:00 0 
7fc4e4249000-7fc4e8000000 ---p 00000000 00:00 0 
7fc4e8000000-7fc4e8001000 r--s 00000000 08:07 2890701                    /var/cache/fontconfig/b9d506c9ac06c20b433354fa67a72993-le64.cache-6
7fc4e8001000-7fc4e8002000 r--s 00000000 08:07 2890685                    /var/cache/fontconfig/551ecf3b0e8b0bca0f25c0944f561853-le64.cache-6
7fc4e8002000-7fc4e8005000 r--s 00000000 08:07 2890710                    /var/cache/fontconfig/e13b20fdb08344e0e664864cc2ede53d-le64.cache-6
7fc4e8005000-7fc4e8009000 r--s 00000000 08:07 2883629                    /var/cache/fontconfig/7ef2298fde41cc6eeb7af42e48b7d293-le64.cache-6
7fc4e8013000-7fc4e8024000 r--s 00000000 08:07 527816                     /usr/share/fonts/type1/gsfonts/n019023l.pfb
7fc4e8024000-7fc4e8038000 r--s 00000000 08:07 527810                     /usr/share/fonts/type1/gsfonts/n019003l.pfb
7fc4e8038000-7fc4e8041000 r--s 00000000 08:07 527870                     /usr/share/fonts/type1/gsfonts/s050000l.pfb
7fc4e8041000-7fc4e8066000 r--p 00000000 08:07 397003                     /usr/share/locale-langpack/es/LC_MESSAGES/libc.mo
7fc4e8066000-7fc4e8071000 r--s 0037c000 08:07 1057110                    /usr/lib/jvm/jdk1.7.0_51/jre/lib/charsets.jar
7fc4e8071000-7fc4e8140000 rw-p 00000000 00:00 0 
7fc4e8140000-7fc4e82fd000 r--s 039bf000 08:07 1057153                    /usr/lib/jvm/jdk1.7.0_51/jre/lib/rt.jar
7fc4e82fd000-7fc4e85d6000 rw-p 00000000 00:00 0 
7fc4e85d6000-7fc4e85d7000 ---p 00000000 00:00 0 
7fc4e85d7000-7fc4e86d7000 rw-p 00000000 00:00 0 
7fc4e86d7000-7fc4e86d8000 ---p 00000000 00:00 0 
7fc4e86d8000-7fc4e87d8000 rw-p 00000000 00:00 0 
7fc4e87d8000-7fc4e87d9000 ---p 00000000 00:00 0 
7fc4e87d9000-7fc4e88d9000 rw-p 00000000 00:00 0 
7fc4e88d9000-7fc4e88da000 ---p 00000000 00:00 0 
7fc4e88da000-7fc4e89ee000 rw-p 00000000 00:00 0 
7fc4e89ee000-7fc4e8b1a000 rw-p 00000000 00:00 0 
7fc4e8b1a000-7fc4e8b25000 rw-p 00000000 00:00 0 
7fc4e8b25000-7fc4e8b43000 rw-p 00000000 00:00 0 
7fc4e8b43000-7fc4e8b57000 rw-p 00000000 00:00 0 
7fc4e8b57000-7fc4e8c82000 rw-p 00000000 00:00 0 
7fc4e8c82000-7fc4e8c8d000 rw-p 00000000 00:00 0 
7fc4e8c8d000-7fc4e8d22000 rw-p 00000000 00:00 0 
7fc4e8d22000-7fc4e8d2d000 rw-p 00000000 00:00 0 
7fc4e8d2d000-7fc4e8de3000 rw-p 00000000 00:00 0 
7fc4e8de3000-7fc4e8dfd000 r-xp 00000000 08:07 1836101                    /usr/lib/jvm/jdk1.7.0_51/jre/lib/amd64/libzip.so
7fc4e8dfd000-7fc4e8ffd000 ---p 0001a000 08:07 1836101                    /usr/lib/jvm/jdk1.7.0_51/jre/lib/amd64/libzip.so
7fc4e8ffd000-7fc4e8ffe000 rw-p 0001a000 08:07 1836101                    /usr/lib/jvm/jdk1.7.0_51/jre/lib/amd64/libzip.so
7fc4e8ffe000-7fc4e9009000 r-xp 00000000 08:07 2364559                    /lib/x86_64-linux-gnu/libnss_files-2.23.so
7fc4e9009000-7fc4e9208000 ---p 0000b000 08:07 2364559                    /lib/x86_64-linux-gnu/libnss_files-2.23.so
7fc4e9208000-7fc4e9209000 r--p 0000a000 08:07 2364559                    /lib/x86_64-linux-gnu/libnss_files-2.23.so
7fc4e9209000-7fc4e920a000 rw-p 0000b000 08:07 2364559                    /lib/x86_64-linux-gnu/libnss_files-2.23.so
7fc4e920a000-7fc4e9210000 rw-p 00000000 00:00 0 
7fc4e9210000-7fc4e921b000 r-xp 00000000 08:07 2364569                    /lib/x86_64-linux-gnu/libnss_nis-2.23.so
7fc4e921b000-7fc4e941a000 ---p 0000b000 08:07 2364569                    /lib/x86_64-linux-gnu/libnss_nis-2.23.so
7fc4e941a000-7fc4e941b000 r--p 0000a000 08:07 2364569                    /lib/x86_64-linux-gnu/libnss_nis-2.23.so
7fc4e941b000-7fc4e941c000 rw-p 0000b000 08:07 2364569                    /lib/x86_64-linux-gnu/libnss_nis-2.23.so
7fc4e941c000-7fc4e9432000 r-xp 00000000 08:07 2364553                    /lib/x86_64-linux-gnu/libnsl-2.23.so
7fc4e9432000-7fc4e9631000 ---p 00016000 08:07 2364553                    /lib/x86_64-linux-gnu/libnsl-2.23.so
7fc4e9631000-7fc4e9632000 r--p 00015000 08:07 2364553                    /lib/x86_64-linux-gnu/libnsl-2.23.so
7fc4e9632000-7fc4e9633000 rw-p 00016000 08:07 2364553                    /lib/x86_64-linux-gnu/libnsl-2.23.so
7fc4e9633000-7fc4e9635000 rw-p 00000000 00:00 0 
7fc4e9635000-7fc4e963d000 r-xp 00000000 08:07 2364555                    /lib/x86_64-linux-gnu/libnss_compat-2.23.so
7fc4e963d000-7fc4e983c000 ---p 00008000 08:07 2364555                    /lib/x86_64-linux-gnu/libnss_compat-2.23.so
7fc4e983c000-7fc4e983d000 r--p 00007000 08:07 2364555                    /lib/x86_64-linux-gnu/libnss_compat-2.23.so
7fc4e983d000-7fc4e983e000 rw-p 00008000 08:07 2364555                    /lib/x86_64-linux-gnu/libnss_compat-2.23.so
7fc4e983e000-7fc4ea1fd000 r--p 00000000 08:07 2760681                    /usr/lib/locale/locale-archive
7fc4ea1fd000-7fc4ea200000 r-xp 00000000 08:07 1836062                    /usr/lib/jvm/jdk1.7.0_51/jre/lib/amd64/libnpt.so
7fc4ea200000-7fc4ea3ff000 ---p 00003000 08:07 1836062                    /usr/lib/jvm/jdk1.7.0_51/jre/lib/amd64/libnpt.so
7fc4ea3ff000-7fc4ea400000 rw-p 00002000 08:07 1836062                    /usr/lib/jvm/jdk1.7.0_51/jre/lib/amd64/libnpt.so
7fc4ea400000-7fc4ea439000 r-xp 00000000 08:07 1836106                    /usr/lib/jvm/jdk1.7.0_51/jre/lib/amd64/libjdwp.so
7fc4ea439000-7fc4ea639000 ---p 00039000 08:07 1836106                    /usr/lib/jvm/jdk1.7.0_51/jre/lib/amd64/libjdwp.so
7fc4ea639000-7fc4ea63a000 rw-p 00039000 08:07 1836106                    /usr/lib/jvm/jdk1.7.0_51/jre/lib/amd64/libjdwp.so
7fc4ea63a000-7fc4ea63b000 rw-p 00000000 00:00 0 
7fc4ea63b000-7fc4ea664000 r-xp 00000000 08:07 1836085                    /usr/lib/jvm/jdk1.7.0_51/jre/lib/amd64/libjava.so
7fc4ea664000-7fc4ea864000 ---p 00029000 08:07 1836085                    /usr/lib/jvm/jdk1.7.0_51/jre/lib/amd64/libjava.so
7fc4ea864000-7fc4ea866000 rw-p 00029000 08:07 1836085                    /usr/lib/jvm/jdk1.7.0_51/jre/lib/amd64/libjava.so
7fc4ea866000-7fc4ea873000 r-xp 00000000 08:07 1836083                    /usr/lib/jvm/jdk1.7.0_51/jre/lib/amd64/libverify.so
7fc4ea873000-7fc4eaa72000 ---p 0000d000 08:07 1836083                    /usr/lib/jvm/jdk1.7.0_51/jre/lib/amd64/libverify.so
7fc4eaa72000-7fc4eaa74000 rw-p 0000c000 08:07 1836083                    /usr/lib/jvm/jdk1.7.0_51/jre/lib/amd64/libverify.so
7fc4eaa74000-7fc4eaa7b000 r-xp 00000000 08:07 2364614                    /lib/x86_64-linux-gnu/librt-2.23.so
7fc4eaa7b000-7fc4eac7a000 ---p 00007000 08:07 2364614                    /lib/x86_64-linux-gnu/librt-2.23.so
7fc4eac7a000-7fc4eac7b000 r--p 00006000 08:07 2364614                    /lib/x86_64-linux-gnu/librt-2.23.so
7fc4eac7b000-7fc4eac7c000 rw-p 00007000 08:07 2364614                    /lib/x86_64-linux-gnu/librt-2.23.so
7fc4eac7c000-7fc4eac7f000 ---p 00000000 00:00 0 
7fc4eac7f000-7fc4ead7d000 rw-p 00000000 00:00 0 
7fc4ead7d000-7fc4eae85000 r-xp 00000000 08:07 2364530                    /lib/x86_64-linux-gnu/libm-2.23.so
7fc4eae85000-7fc4eb084000 ---p 00108000 08:07 2364530                    /lib/x86_64-linux-gnu/libm-2.23.so
7fc4eb084000-7fc4eb085000 r--p 00107000 08:07 2364530                    /lib/x86_64-linux-gnu/libm-2.23.so
7fc4eb085000-7fc4eb086000 rw-p 00108000 08:07 2364530                    /lib/x86_64-linux-gnu/libm-2.23.so
7fc4eb086000-7fc4ebbe8000 r-xp 00000000 08:07 1836091                    /usr/lib/jvm/jdk1.7.0_51/jre/lib/amd64/server/libjvm.so
7fc4ebbe8000-7fc4ebde8000 ---p 00b62000 08:07 1836091                    /usr/lib/jvm/jdk1.7.0_51/jre/lib/amd64/server/libjvm.so
7fc4ebde8000-7fc4ebeab000 rw-p 00b62000 08:07 1836091                    /usr/lib/jvm/jdk1.7.0_51/jre/lib/amd64/server/libjvm.so
7fc4ebeab000-7fc4ebeec000 rw-p 00000000 00:00 0 
7fc4ebeec000-7fc4ec0ac000 r-xp 00000000 08:07 2364460                    /lib/x86_64-linux-gnu/libc-2.23.so
7fc4ec0ac000-7fc4ec2ab000 ---p 001c0000 08:07 2364460                    /lib/x86_64-linux-gnu/libc-2.23.so
7fc4ec2ab000-7fc4ec2af000 r--p 001bf000 08:07 2364460                    /lib/x86_64-linux-gnu/libc-2.23.so
7fc4ec2af000-7fc4ec2b1000 rw-p 001c3000 08:07 2364460                    /lib/x86_64-linux-gnu/libc-2.23.so
7fc4ec2b1000-7fc4ec2b5000 rw-p 00000000 00:00 0 
7fc4ec2b5000-7fc4ec2b8000 r-xp 00000000 08:07 2364484                    /lib/x86_64-linux-gnu/libdl-2.23.so
7fc4ec2b8000-7fc4ec4b7000 ---p 00003000 08:07 2364484                    /lib/x86_64-linux-gnu/libdl-2.23.so
7fc4ec4b7000-7fc4ec4b8000 r--p 00002000 08:07 2364484                    /lib/x86_64-linux-gnu/libdl-2.23.so
7fc4ec4b8000-7fc4ec4b9000 rw-p 00003000 08:07 2364484                    /lib/x86_64-linux-gnu/libdl-2.23.so
7fc4ec4b9000-7fc4ec4cf000 r-xp 00000000 08:07 1056839                    /usr/lib/jvm/jdk1.7.0_51/lib/amd64/jli/libjli.so
7fc4ec4cf000-7fc4ec6cf000 ---p 00016000 08:07 1056839                    /usr/lib/jvm/jdk1.7.0_51/lib/amd64/jli/libjli.so
7fc4ec6cf000-7fc4ec6d0000 rw-p 00016000 08:07 1056839                    /usr/lib/jvm/jdk1.7.0_51/lib/amd64/jli/libjli.so
7fc4ec6d0000-7fc4ec6e8000 r-xp 00000000 08:07 2364606                    /lib/x86_64-linux-gnu/libpthread-2.23.so
7fc4ec6e8000-7fc4ec8e7000 ---p 00018000 08:07 2364606                    /lib/x86_64-linux-gnu/libpthread-2.23.so
7fc4ec8e7000-7fc4ec8e8000 r--p 00017000 08:07 2364606                    /lib/x86_64-linux-gnu/libpthread-2.23.so
7fc4ec8e8000-7fc4ec8e9000 rw-p 00018000 08:07 2364606                    /lib/x86_64-linux-gnu/libpthread-2.23.so
7fc4ec8e9000-7fc4ec8ed000 rw-p 00000000 00:00 0 
7fc4ec8ed000-7fc4ec913000 r-xp 00000000 08:07 2364432                    /lib/x86_64-linux-gnu/ld-2.23.so
7fc4ec913000-7fc4ec914000 r--s 00000000 08:07 2890680                    /var/cache/fontconfig/30829fa25452a46451e813d634d7f916-le64.cache-6
7fc4ec914000-7fc4ec91b000 r--s 00000000 08:07 3016614                    /usr/lib/x86_64-linux-gnu/gconv/gconv-modules.cache
7fc4ec91b000-7fc4ec91d000 r--s 0000d000 08:08 3412122                    /home/kcrez/Documentos/JavaDuino/library/rxtx2.1/RXTXcomm.jar
7fc4ec91d000-7fc4ec91f000 r--s 0000d000 08:07 1835127                    /usr/lib/jvm/jdk1.7.0_51/jre/lib/ext/RXTXcomm.jar
7fc4ec91f000-7fc4ec973000 rw-p 00000000 00:00 0 
7fc4ec973000-7fc4ec991000 rw-p 00000000 00:00 0 
7fc4ec991000-7fc4ec995000 rw-p 00000000 00:00 0 
7fc4ec995000-7fc4ec9d9000 r-xp 00000000 08:07 1052366                    /opt/eset/esets/lib/libesets_pac.so
7fc4ec9d9000-7fc4ecad9000 ---p 00044000 08:07 1052366                    /opt/eset/esets/lib/libesets_pac.so
7fc4ecad9000-7fc4ecadc000 rw-p 00044000 08:07 1052366                    /opt/eset/esets/lib/libesets_pac.so
7fc4ecadc000-7fc4ecaef000 rw-p 00000000 00:00 0 
7fc4ecaef000-7fc4ecaf0000 r--s 00000000 08:07 2890674                    /var/cache/fontconfig/0c9eb80ebd1c36541ebe2852d3bb0c49-le64.cache-6
7fc4ecaf0000-7fc4ecb05000 rw-p 00000000 00:00 0 
7fc4ecb05000-7fc4ecb0d000 rw-s 00000000 08:07 2097294                    /tmp/hsperfdata_kcrez/6186
7fc4ecb0d000-7fc4ecb0e000 rw-p 00000000 00:00 0 
7fc4ecb0e000-7fc4ecb0f000 r--p 00000000 00:00 0 
7fc4ecb0f000-7fc4ecb12000 rw-p 00000000 00:00 0 
7fc4ecb12000-7fc4ecb13000 r--p 00025000 08:07 2364432                    /lib/x86_64-linux-gnu/ld-2.23.so
7fc4ecb13000-7fc4ecb14000 rw-p 00026000 08:07 2364432                    /lib/x86_64-linux-gnu/ld-2.23.so
7fc4ecb14000-7fc4ecb15000 rw-p 00000000 00:00 0 
7fffa6522000-7fffa6543000 rw-p 00000000 00:00 0                          [stack]
7fffa654e000-7fffa6550000 r--p 00000000 00:00 0                          [vvar]
7fffa6550000-7fffa6552000 r-xp 00000000 00:00 0                          [vdso]
ffffffffff600000-ffffffffff601000 r-xp 00000000 00:00 0                  [vsyscall]

VM Arguments:
jvm_args: -Xdebug -Xrunjdwp:transport=dt_socket,address=localhost:33135 -Dfile.encoding=UTF-8 -Djava.library.path=/home/kcrez/Documentos/JavaDuino/library/rxtx2.1 
java_command: PPD_Frame
Launcher Type: SUN_STANDARD

Environment Variables:
PATH=/usr/local/sbin:/usr/local/bin:/usr/sbin:/usr/bin:/sbin:/bin:/usr/games:/usr/local/games:/snap/bin
LD_LIBRARY_PATH=/usr/lib/jvm/jdk1.7.0_51/jre/lib/amd64:/usr/lib/jvm/jdk1.7.0_51/jre/lib/i386:
SHELL=/bin/bash
DISPLAY=:0

Signal Handlers:
SIGSEGV: [libjvm.so+0x993870], sa_mask[0]=0x7ffbfeff, sa_flags=0x10000004
SIGBUS: [libjvm.so+0x993870], sa_mask[0]=0x7ffbfeff, sa_flags=0x10000004
SIGFPE: [libjvm.so+0x8105b0], sa_mask[0]=0x7ffbfeff, sa_flags=0x10000004
SIGPIPE: [libjvm.so+0x8105b0], sa_mask[0]=0x7ffbfeff, sa_flags=0x10000004
SIGXFSZ: [libjvm.so+0x8105b0], sa_mask[0]=0x7ffbfeff, sa_flags=0x10000004
SIGILL: [libjvm.so+0x8105b0], sa_mask[0]=0x7ffbfeff, sa_flags=0x10000004
SIGUSR1: SIG_DFL, sa_mask[0]=0x00000000, sa_flags=0x00000000
SIGUSR2: [libjvm.so+0x811aa0], sa_mask[0]=0x00000004, sa_flags=0x10000004
SIGHUP: [libjvm.so+0x812a10], sa_mask[0]=0x7ffbfeff, sa_flags=0x10000004
SIGINT: SIG_IGN, sa_mask[0]=0x00000000, sa_flags=0x00000000
SIGTERM: [libjvm.so+0x812a10], sa_mask[0]=0x7ffbfeff, sa_flags=0x10000004
SIGQUIT: [libjvm.so+0x812a10], sa_mask[0]=0x7ffbfeff, sa_flags=0x10000004


---------------  S Y S T E M  ---------------

OS:stretch/sid

uname:Linux 4.4.0-22-generic #40-Ubuntu SMP Thu May 12 22:03:46 UTC 2016 x86_64
libc:glibc 2.23 NPTL 2.23 
rlimit: STACK 8192k, CORE 0k, NPROC 15146, NOFILE 65536, AS infinity
load average:0.10 0.15 0.26

/proc/meminfo:
MemTotal:        3916240 kB
MemFree:          116216 kB
MemAvailable:    1402264 kB
Buffers:          216104 kB
Cached:          1193024 kB
SwapCached:         1248 kB
Active:          2445972 kB
Inactive:        1080236 kB
Active(anon):    1709336 kB
Inactive(anon):   663524 kB
Active(file):     736636 kB
Inactive(file):   416712 kB
Unevictable:          48 kB
Mlocked:              48 kB
SwapTotal:       7812088 kB
SwapFree:        7804392 kB
Dirty:               144 kB
Writeback:             0 kB
AnonPages:       2115800 kB
Mapped:           348696 kB
Shmem:            255780 kB
Slab:             195568 kB
SReclaimable:     161932 kB
SUnreclaim:        33636 kB
KernelStack:       10640 kB
PageTables:        33352 kB
NFS_Unstable:          0 kB
Bounce:                0 kB
WritebackTmp:          0 kB
CommitLimit:     9770208 kB
Committed_AS:    6345272 kB
VmallocTotal:   34359738367 kB
VmallocUsed:           0 kB
VmallocChunk:          0 kB
HardwareCorrupted:     0 kB
AnonHugePages:   1024000 kB
CmaTotal:              0 kB
CmaFree:               0 kB
HugePages_Total:       0
HugePages_Free:        0
HugePages_Rsvd:        0
HugePages_Surp:        0
Hugepagesize:       2048 kB
DirectMap4k:      121628 kB
DirectMap2M:     2893824 kB
DirectMap1G:     1048576 kB


CPU:total 4 (2 cores per cpu, 2 threads per core) family 6 model 60 stepping 3, cmov, cx8, fxsr, mmx, sse, sse2, sse3, ssse3, sse4.1, sse4.2, popcnt, avx, avx2, aes, erms, ht, tsc, tscinvbit

/proc/cpuinfo:
processor	: 0
vendor_id	: GenuineIntel
cpu family	: 6
model		: 60
model name	: Intel(R) Core(TM) i3-4170 CPU @ 3.70GHz
stepping	: 3
microcode	: 0x1e
cpu MHz		: 800.703
cache size	: 3072 KB
physical id	: 0
siblings	: 4
core id		: 0
cpu cores	: 2
apicid		: 0
initial apicid	: 0
fpu		: yes
fpu_exception	: yes
cpuid level	: 13
wp		: yes
flags		: fpu vme de pse tsc msr pae mce cx8 apic sep mtrr pge mca cmov pat pse36 clflush dts acpi mmx fxsr sse sse2 ss ht tm pbe syscall nx pdpe1gb rdtscp lm constant_tsc arch_perfmon pebs bts rep_good nopl xtopology nonstop_tsc aperfmperf eagerfpu pni pclmulqdq dtes64 monitor ds_cpl vmx est tm2 ssse3 sdbg fma cx16 xtpr pdcm pcid sse4_1 sse4_2 movbe popcnt tsc_deadline_timer aes xsave avx f16c rdrand lahf_lm abm epb tpr_shadow vnmi flexpriority ept vpid fsgsbase tsc_adjust bmi1 avx2 smep bmi2 erms invpcid xsaveopt dtherm arat pln pts
bugs		:
bogomips	: 7382.73
clflush size	: 64
cache_alignment	: 64
address sizes	: 39 bits physical, 48 bits virtual
power management:

processor	: 1
vendor_id	: GenuineIntel
cpu family	: 6
model		: 60
model name	: Intel(R) Core(TM) i3-4170 CPU @ 3.70GHz
stepping	: 3
microcode	: 0x1e
cpu MHz		: 800.703
cache size	: 3072 KB
physical id	: 0
siblings	: 4
core id		: 1
cpu cores	: 2
apicid		: 2
initial apicid	: 2
fpu		: yes
fpu_exception	: yes
cpuid level	: 13
wp		: yes
flags		: fpu vme de pse tsc msr pae mce cx8 apic sep mtrr pge mca cmov pat pse36 clflush dts acpi mmx fxsr sse sse2 ss ht tm pbe syscall nx pdpe1gb rdtscp lm constant_tsc arch_perfmon pebs bts rep_good nopl xtopology nonstop_tsc aperfmperf eagerfpu pni pclmulqdq dtes64 monitor ds_cpl vmx est tm2 ssse3 sdbg fma cx16 xtpr pdcm pcid sse4_1 sse4_2 movbe popcnt tsc_deadline_timer aes xsave avx f16c rdrand lahf_lm abm epb tpr_shadow vnmi flexpriority ept vpid fsgsbase tsc_adjust bmi1 avx2 smep bmi2 erms invpcid xsaveopt dtherm arat pln pts
bugs		:
bogomips	: 7382.73
clflush size	: 64
cache_alignment	: 64
address sizes	: 39 bits physical, 48 bits virtual
power management:

processor	: 2
vendor_id	: GenuineIntel
cpu family	: 6
model		: 60
model name	: Intel(R) Core(TM) i3-4170 CPU @ 3.70GHz
stepping	: 3
microcode	: 0x1e
cpu MHz		: 800.703
cache size	: 3072 KB
physical id	: 0
siblings	: 4
core id		: 0
cpu cores	: 2
apicid		: 1
initial apicid	: 1
fpu		: yes
fpu_exception	: yes
cpuid level	: 13
wp		: yes
flags		: fpu vme de pse tsc msr pae mce cx8 apic sep mtrr pge mca cmov pat pse36 clflush dts acpi mmx fxsr sse sse2 ss ht tm pbe syscall nx pdpe1gb rdtscp lm constant_tsc arch_perfmon pebs bts rep_good nopl xtopology nonstop_tsc aperfmperf eagerfpu pni pclmulqdq dtes64 monitor ds_cpl vmx est tm2 ssse3 sdbg fma cx16 xtpr pdcm pcid sse4_1 sse4_2 movbe popcnt tsc_deadline_timer aes xsave avx f16c rdrand lahf_lm abm epb tpr_shadow vnmi flexpriority ept vpid fsgsbase tsc_adjust bmi1 avx2 smep bmi2 erms invpcid xsaveopt dtherm arat pln pts
bugs		:
bogomips	: 7382.73
clflush size	: 64
cache_alignment	: 64
address sizes	: 39 bits physical, 48 bits virtual
power management:

processor	: 3
vendor_id	: GenuineIntel
cpu family	: 6
model		: 60
model name	: Intel(R) Core(TM) i3-4170 CPU @ 3.70GHz
stepping	: 3
microcode	: 0x1e
cpu MHz		: 800.558
cache size	: 3072 KB
physical id	: 0
siblings	: 4
core id		: 1
cpu cores	: 2
apicid		: 3
initial apicid	: 3
fpu		: yes
fpu_exception	: yes
cpuid level	: 13
wp		: yes
flags		: fpu vme de pse tsc msr pae mce cx8 apic sep mtrr pge mca cmov pat pse36 clflush dts acpi mmx fxsr sse sse2 ss ht tm pbe syscall nx pdpe1gb rdtscp lm constant_tsc arch_perfmon pebs bts rep_good nopl xtopology nonstop_tsc aperfmperf eagerfpu pni pclmulqdq dtes64 monitor ds_cpl vmx est tm2 ssse3 sdbg fma cx16 xtpr pdcm pcid sse4_1 sse4_2 movbe popcnt tsc_deadline_timer aes xsave avx f16c rdrand lahf_lm abm epb tpr_shadow vnmi flexpriority ept vpid fsgsbase tsc_adjust bmi1 avx2 smep bmi2 erms invpcid xsaveopt dtherm arat pln pts
bugs		:
bogomips	: 7382.73
clflush size	: 64
cache_alignment	: 64
address sizes	: 39 bits physical, 48 bits virtual
power management:



Memory: 4k page, physical 3916240k(116216k free), swap 7812088k(7804392k free)

vm_info: Java HotSpot(TM) 64-Bit Server VM (24.51-b03) for linux-amd64 JRE (1.7.0_51-b13), built on Dec 18 2013 18:48:01 by "java_re" with gcc 4.3.0 20080428 (Red Hat 4.3.0-8)

time: Sun Jul 31 16:44:43 2016
elapsed time: 93 seconds

