#
# A fatal error has been detected by the Java Runtime Environment:
#
#  SIGSEGV (0xb) at pc=0x00007f6815abe462, pid=8710, tid=140085016884992
#
# JRE version: Java(TM) SE Runtime Environment (7.0_51-b13) (build 1.7.0_51-b13)
# Java VM: Java HotSpot(TM) 64-Bit Server VM (24.51-b03 mixed mode linux-amd64 compressed oops)
# Problematic frame:
# C  [librxtxSerial.so+0x6462]  read_byte_array+0x52
#
# Failed to write core dump. Core dumps have been disabled. To enable core dumping, try "ulimit -c unlimited" before starting Java again
#
# If you would like to submit a bug report, please visit:
#   http://bugreport.sun.com/bugreport/crash.jsp
# The crash happened outside the Java Virtual Machine in native code.
# See problematic frame for where to report the bug.
#

---------------  T H R E A D  ---------------

Current thread (0x00007f68000af000):  JavaThread "Thread-0" [_thread_in_native, id=8732, stack(0x00007f68159b7000,0x00007f6815ab8000)]

siginfo:si_signo=SIGSEGV: si_errno=0, si_code=1 (SEGV_MAPERR), si_addr=0x0000000015ab6478

Registers:
RAX=0x0000000015ab6470, RBX=0xffffffffffffffff, RCX=0x0000000000000001, RDX=0x00007f6856ccda50
RSP=0x00007f6815ab5840, RBP=0x00007f68000af1e8, RSI=0x00007f6815ac1e30, RDI=0x00007f6815ac1d3e
R8 =0x00007f6815ab57b0, R9 =0x00000000ec6280d8, R10=0x0000000000000002, R11=0x00007f6856cd2008
R12=0x00000000ffffffff, R13=0x0000000000000000, R14=0x000000000000001c, R15=0x0000000000000000
RIP=0x00007f6815abe462, EFLAGS=0x0000000000010202, CSGSFS=0x0000000000000033, ERR=0x0000000000000004
  TRAPNO=0x000000000000000e

Top of Stack: (sp=0x00007f6815ab5840)
0x00007f6815ab5840:   ff0000000000ff00 0000000000000000
0x00007f6815ab5850:   0000000000000000 0000000000000000
0x00007f6815ab5860:   0000000000000000 0000000015ab6470
0x00007f6815ab5870:   0000000000000000 0000000000000000
0x00007f6815ab5880:   0000000000000000 0000000300000000
0x00007f6815ab5890:   00007f67f8001280 0000001c00000000
0x00007f6815ab58a0:   0000000000000000 0000000000000000
0x00007f6815ab58b0:   0000000000000000 0000000000000000
0x00007f6815ab58c0:   00007f68000af000 0000000000000700
0x00007f6815ab58d0:   0000000000002000 0000000000000000
0x00007f6815ab58e0:   000000000000001c 0000000000000000
0x00007f6815ab58f0:   00007f6815ab5920 00007f6856140dac
0x00007f6815ab5900:   00007f67f8001280 00007f67f8001280
0x00007f6815ab5910:   000000000000001c 00007f6815ab5980
0x00007f6815ab5920:   00007f68000af1e8 0000000000000003
0x00007f6815ab5930:   00000000ffffffff ffffffffffffffff
0x00007f6815ab5940:   00007f68000af1e8 00007f67f8001280
0x00007f6815ab5950:   0000000000000003 000000000000001c
0x00007f6815ab5960:   0000000000000000 00007f6815abe8a1
0x00007f6815ab5970:   00007f68000af000 00007f6815ab5a58
0x00007f6815ab5980:   00007f6815ab5a60 00000000bfafa020
0x00007f6815ab5990:   00007f6815ab5a28 0000000000000000
0x00007f6815ab59a0:   00000000bfafa018 00007f6815ab5a60
0x00007f6815ab59b0:   00007f68000af000 00007f684d012cd8
0x00007f6815ab59c0:   00000000bfb0cccb 00007f68000000b6
0x00007f6815ab59d0:   00007f682007f1a8 00000003000000b6
0x00007f6815ab59e0:   00007f68000af000 00007f6815ab59e8
0x00007f6815ab59f0:   00000000bfafa018 00007f6815ab5a60
0x00007f6815ab5a00:   00000000bfb0d940 0000000000000000
0x00007f6815ab5a10:   00000000bfafa020 0000000000000000
0x00007f6815ab5a20:   00007f6815ab5a48 00007f6815ab5ab8
0x00007f6815ab5a30:   00007f684d0061d4 0000000000000000 

Instructions: (pc=0x00007f6815abe462)
0x00007f6815abe442:   89 44 24 4c 48 c7 44 24 40 00 00 00 00 48 c7 44
0x00007f6815abe452:   24 38 00 00 00 00 e8 53 d7 ff ff 48 89 44 24 28
0x00007f6815abe462:   8b 40 08 45 85 e4 48 8b 54 24 28 44 8b 7c 24 4c
0x00007f6815abe472:   89 44 24 34 c7 42 08 00 00 00 00 78 0c 31 c0 e8 

Register to memory mapping:

RAX=0x0000000015ab6470 is an unknown value
RBX=0xffffffffffffffff is an unknown value
RCX=0x0000000000000001 is an unknown value
RDX=0x00007f6856ccda50: <offset 0xe37a50> in /usr/lib/jvm/jdk1.7.0_51/jre/lib/amd64/server/libjvm.so at 0x00007f6855e96000
RSP=0x00007f6815ab5840 is pointing into the stack for thread: 0x00007f68000af000
RBP=0x00007f68000af1e8 is an unknown value
RSI=0x00007f6815ac1e30: <offset 0x9e30> in /usr/lib/jvm/jdk1.7.0_51/jre/lib/amd64/librxtxSerial.so at 0x00007f6815ab8000
RDI=0x00007f6815ac1d3e: <offset 0x9d3e> in /usr/lib/jvm/jdk1.7.0_51/jre/lib/amd64/librxtxSerial.so at 0x00007f6815ab8000
R8 =0x00007f6815ab57b0 is pointing into the stack for thread: 0x00007f68000af000
R9 =0x00000000ec6280d8 is an oop
gnu.io.RXTXPort 
 - klass: 'gnu/io/RXTXPort'
R10=0x0000000000000002 is an unknown value
R11=0x00007f6856cd2008: <offset 0xe3c008> in /usr/lib/jvm/jdk1.7.0_51/jre/lib/amd64/server/libjvm.so at 0x00007f6855e96000
R12=0x00000000ffffffff is an unallocated location in the heap
R13=0x0000000000000000 is an unknown value
R14=0x000000000000001c is an unknown value
R15=0x0000000000000000 is an unknown value


Stack: [0x00007f68159b7000,0x00007f6815ab8000],  sp=0x00007f6815ab5840,  free space=1018k
Native frames: (J=compiled Java code, j=interpreted, Vv=VM code, C=native code)
C  [librxtxSerial.so+0x6462]  read_byte_array+0x52

Java frames: (J=compiled Java code, j=interpreted, Vv=VM code)
j  gnu.io.RXTXPort.readArray([BII)I+0
j  gnu.io.RXTXPort$SerialInputStream.read([BII)I+187
j  sun.nio.cs.StreamDecoder.readBytes()I+135
j  sun.nio.cs.StreamDecoder.implRead([CII)I+112
j  sun.nio.cs.StreamDecoder.read([CII)I+180
j  java.io.InputStreamReader.read([CII)I+7
j  java.io.BufferedReader.fill()V+145
j  java.io.BufferedReader.readLine(Z)Ljava/lang/String;+44
j  java.io.BufferedReader.readLine()Ljava/lang/String;+2
j  PPD_Frame.serialEvent(Lgnu/io/SerialPortEvent;)V+22
j  gnu.io.RXTXPort.sendEvent(IZ)Z+382
v  ~StubRoutines::call_stub
j  gnu.io.RXTXPort.eventLoop()V+0
j  gnu.io.RXTXPort$MonitorThread.run()V+12
v  ~StubRoutines::call_stub

---------------  P R O C E S S  ---------------

Java Threads: ( => current thread )
=>0x00007f68000af000 JavaThread "Thread-0" [_thread_in_native, id=8732, stack(0x00007f68159b7000,0x00007f6815ab8000)]
  0x00007f6800037800 JavaThread "Image Fetcher 0" daemon [_thread_blocked, id=8731, stack(0x00007f6815c68000,0x00007f6815d69000)]
  0x00007f685000a000 JavaThread "DestroyJavaVM" [_thread_blocked, id=8714, stack(0x00007f6855a8c000,0x00007f6855b8d000)]
  0x00007f685023e800 JavaThread "AWT-EventQueue-0" [_thread_blocked, id=8730, stack(0x00007f6815fe8000,0x00007f68160e9000)]
  0x00007f685023c000 JavaThread "AWT-Shutdown" [_thread_blocked, id=8729, stack(0x00007f68160e9000,0x00007f68161ea000)]
  0x00007f68501ba000 JavaThread "AWT-XAWT" daemon [_thread_in_native, id=8728, stack(0x00007f6816da2000,0x00007f6816ea3000)]
  0x00007f6850197000 JavaThread "Java2D Disposer" daemon [_thread_blocked, id=8727, stack(0x00007f68172b3000,0x00007f68173b4000)]
  0x00007f6850097000 JavaThread "Service Thread" daemon [_thread_blocked, id=8725, stack(0x00007f6844bb7000,0x00007f6844cb8000)]
  0x00007f6850094800 JavaThread "C2 CompilerThread1" daemon [_thread_blocked, id=8724, stack(0x00007f6844cb8000,0x00007f6844db9000)]
  0x00007f6850091800 JavaThread "C2 CompilerThread0" daemon [_thread_blocked, id=8723, stack(0x00007f6844db9000,0x00007f6844eba000)]
  0x00007f685008f800 JavaThread "Signal Dispatcher" daemon [_thread_blocked, id=8722, stack(0x00007f6844eba000,0x00007f6844fbb000)]
  0x00007f6850070000 JavaThread "Finalizer" daemon [_thread_blocked, id=8721, stack(0x00007f684597a000,0x00007f6845a7b000)]
  0x00007f685006c000 JavaThread "Reference Handler" daemon [_thread_blocked, id=8720, stack(0x00007f6845a7b000,0x00007f6845b7c000)]

Other Threads:
  0x00007f6850069800 VMThread [stack: 0x00007f6845b7c000,0x00007f6845c7d000] [id=8719]
  0x00007f68500a1800 WatcherThread [stack: 0x00007f6844ab6000,0x00007f6844bb7000] [id=8726]

VM state:not at safepoint (normal execution)

VM Mutex/Monitor currently owned by a thread: None

Heap
 PSYoungGen      total 17920K, used 6795K [0x00000000ec080000, 0x00000000ed480000, 0x0000000100000000)
  eden space 15360K, 44% used [0x00000000ec080000,0x00000000ec722f48,0x00000000ecf80000)
  from space 2560K, 0% used [0x00000000ed200000,0x00000000ed200000,0x00000000ed480000)
  to   space 2560K, 0% used [0x00000000ecf80000,0x00000000ecf80000,0x00000000ed200000)
 ParOldGen       total 40448K, used 0K [0x00000000c4200000, 0x00000000c6980000, 0x00000000ec080000)
  object space 40448K, 0% used [0x00000000c4200000,0x00000000c4200000,0x00000000c6980000)
 PSPermGen       total 21504K, used 11986K [0x00000000bf000000, 0x00000000c0500000, 0x00000000c4200000)
  object space 21504K, 55% used [0x00000000bf000000,0x00000000bfbb4be0,0x00000000c0500000)

Card table byte_map: [0x00007f6854727000,0x00007f6854930000] byte_map_base: 0x00007f685412f000

Polling page: 0x00007f685791e000

Code Cache  [0x00007f684d000000, 0x00007f684d270000, 0x00007f6850000000)
 total_blobs=523 nmethods=46 adapters=430 free_code_cache=48503Kb largest_free_block=49643008

Compilation events (10 events):
Event: 0.394 Thread 0x00007f6850091800   42             javax.swing.plaf.nimbus.EffectUtils::blur (157 bytes)
Event: 0.405 Thread 0x00007f6850091800 nmethod 42 0x00007f684d099610 code [0x00007f684d099780, 0x00007f684d099c78]
Event: 0.408 Thread 0x00007f6850094800   43             java.awt.MultipleGradientPaintContext::indexIntoGradientsArrays (190 bytes)
Event: 0.411 Thread 0x00007f6850094800 nmethod 43 0x00007f684d096590 code [0x00007f684d096740, 0x00007f684d096af8]
Event: 0.412 Thread 0x00007f6850091800   44             java.awt.MultipleGradientPaintContext::interpolate (202 bytes)
Event: 0.413 Thread 0x00007f6850094800   45             java.awt.LinearGradientPaintContext::fillRaster (97 bytes)
Event: 0.418 Thread 0x00007f6850091800 nmethod 44 0x00007f684d095d50 code [0x00007f684d095f00, 0x00007f684d0964b8]
Event: 0.423 Thread 0x00007f6850094800 nmethod 45 0x00007f684d0a1990 code [0x00007f684d0a1b40, 0x00007f684d0a21b8]
Event: 0.473 Thread 0x00007f6850091800   46             sun.java2d.loops.SurfaceType::getUniqueID (5 bytes)
Event: 0.473 Thread 0x00007f6850091800 nmethod 46 0x00007f684d0a1590 code [0x00007f684d0a16c0, 0x00007f684d0a1718]

GC Heap History (0 events):
No events

Deoptimization events (4 events):
Event: 0.112 Thread 0x00007f685000a000 Uncommon trap: reason=class_check action=maybe_recompile pc=0x00007f684d0798d4 method=java.util.Properties$LineReader.readLine()I @ 62
Event: 0.113 Thread 0x00007f685000a000 Uncommon trap: reason=class_check action=maybe_recompile pc=0x00007f684d0798d4 method=java.util.Properties$LineReader.readLine()I @ 62
Event: 0.114 Thread 0x00007f685000a000 Uncommon trap: reason=class_check action=maybe_recompile pc=0x00007f684d0798d4 method=java.util.Properties$LineReader.readLine()I @ 62
Event: 0.116 Thread 0x00007f685000a000 Uncommon trap: reason=class_check action=maybe_recompile pc=0x00007f684d0798d4 method=java.util.Properties$LineReader.readLine()I @ 62

Internal exceptions (10 events):
Event: 0.179 Thread 0x00007f685023e800 Threw 0x00000000ec393930 at /HUDSON/workspace/7u-2-build-linux-amd64@2/jdk7u51/527/hotspot/src/share/vm/prims/jvm.cpp:1244
Event: 0.180 Thread 0x00007f685023e800 Threw 0x00000000ec397470 at /HUDSON/workspace/7u-2-build-linux-amd64@2/jdk7u51/527/hotspot/src/share/vm/prims/jvm.cpp:1244
Event: 0.180 Thread 0x00007f685023e800 Threw 0x00000000ec398b88 at /HUDSON/workspace/7u-2-build-linux-amd64@2/jdk7u51/527/hotspot/src/share/vm/prims/jvm.cpp:1244
Event: 0.248 Thread 0x00007f685023e800 Threw 0x00000000ec469e68 at /HUDSON/workspace/7u-2-build-linux-amd64@2/jdk7u51/527/hotspot/src/share/vm/prims/jvm.cpp:1244
Event: 0.249 Thread 0x00007f685023e800 Threw 0x00000000ec505640 at /HUDSON/workspace/7u-2-build-linux-amd64@2/jdk7u51/527/hotspot/src/share/vm/prims/jvm.cpp:1244
Event: 0.311 Thread 0x00007f685023e800 Threw 0x00000000ec5d3ad0 at /HUDSON/workspace/7u-2-build-linux-amd64@2/jdk7u51/527/hotspot/src/share/vm/prims/jni.cpp:717
Event: 0.328 Thread 0x00007f685023e800 Threw 0x00000000ec5e6d58 at /HUDSON/workspace/7u-2-build-linux-amd64@2/jdk7u51/527/hotspot/src/share/vm/prims/jni.cpp:717
Event: 0.330 Thread 0x00007f685023e800 Threw 0x00000000ec5f8748 at /HUDSON/workspace/7u-2-build-linux-amd64@2/jdk7u51/527/hotspot/src/share/vm/prims/jni.cpp:717
Event: 0.347 Thread 0x00007f685023e800 Threw 0x00000000ec60b6b8 at /HUDSON/workspace/7u-2-build-linux-amd64@2/jdk7u51/527/hotspot/src/share/vm/prims/jni.cpp:717
Event: 0.469 Thread 0x00007f685023e800 Threw 0x00000000ec6cd428 at /HUDSON/workspace/7u-2-build-linux-amd64@2/jdk7u51/527/hotspot/src/share/vm/prims/jni.cpp:743

Events (10 events):
Event: 0.469 loading class 0x00007f6820076d30
Event: 0.469 loading class 0x00007f6820076d30 done
Event: 0.469 loading class 0x00007f6850102830
Event: 0.469 loading class 0x00007f6850102830 done
Event: 0.469 loading class 0x00007f682007a090
Event: 0.469 loading class 0x00007f68501027c0
Event: 0.469 loading class 0x00007f682005f980
Event: 0.469 loading class 0x00007f682005f980 done
Event: 0.469 loading class 0x00007f68501027c0 done
Event: 0.469 loading class 0x00007f682007a090 done


Dynamic libraries:
00400000-00401000 r-xp 00000000 08:07 937188                             /usr/lib/jvm/jdk1.7.0_51/bin/java
00600000-00601000 rw-p 00000000 08:07 937188                             /usr/lib/jvm/jdk1.7.0_51/bin/java
014ac000-014cd000 rw-p 00000000 00:00 0                                  [heap]
bf000000-c0500000 rw-p 00000000 00:00 0 
c0500000-c4200000 rw-p 00000000 00:00 0 
c4200000-c6980000 rw-p 00000000 00:00 0 
c6980000-ec080000 rw-p 00000000 00:00 0 
ec080000-ed480000 rw-p 00000000 00:00 0 
ed480000-100000000 rw-p 00000000 00:00 0 
7f67f8000000-7f67f8021000 rw-p 00000000 00:00 0 
7f67f8021000-7f67fc000000 ---p 00000000 00:00 0 
7f6800000000-7f68000b6000 rw-p 00000000 00:00 0 
7f68000b6000-7f6804000000 ---p 00000000 00:00 0 
7f6804000000-7f6804061000 rw-p 00000000 00:00 0 
7f6804061000-7f6808000000 ---p 00000000 00:00 0 
7f6808000000-7f6808021000 rw-p 00000000 00:00 0 
7f6808021000-7f680c000000 ---p 00000000 00:00 0 
7f680c000000-7f680c021000 rw-p 00000000 00:00 0 
7f680c021000-7f6810000000 ---p 00000000 00:00 0 
7f6810000000-7f6810021000 rw-p 00000000 00:00 0 
7f6810021000-7f6814000000 ---p 00000000 00:00 0 
7f681547e000-7f68154a8000 r-xp 00000000 08:07 1836084                    /usr/lib/jvm/jdk1.7.0_51/jre/lib/amd64/libdcpr.so
7f68154a8000-7f68156a8000 ---p 0002a000 08:07 1836084                    /usr/lib/jvm/jdk1.7.0_51/jre/lib/amd64/libdcpr.so
7f68156a8000-7f68156ab000 rw-p 0002a000 08:07 1836084                    /usr/lib/jvm/jdk1.7.0_51/jre/lib/amd64/libdcpr.so
7f68156ab000-7f681589b000 rw-s 00000000 00:05 98435126                   /SYSV00000000 (deleted)
7f681589b000-7f68158a6000 r--s 00000000 08:07 2890696                    /var/cache/fontconfig/945677eb7aeaf62f1d50efc3fb3ec7d8-le64.cache-6
7f68159b7000-7f68159ba000 ---p 00000000 00:00 0 
7f68159ba000-7f6815ab8000 rw-p 00000000 00:00 0 
7f6815ab8000-7f6815ac4000 r-xp 00000000 08:07 1835128                    /usr/lib/jvm/jdk1.7.0_51/jre/lib/amd64/librxtxSerial.so
7f6815ac4000-7f6815bc3000 ---p 0000c000 08:07 1835128                    /usr/lib/jvm/jdk1.7.0_51/jre/lib/amd64/librxtxSerial.so
7f6815bc3000-7f6815bc5000 rw-p 0000b000 08:07 1835128                    /usr/lib/jvm/jdk1.7.0_51/jre/lib/amd64/librxtxSerial.so
7f6815bc5000-7f6815bde000 r--s 00000000 08:07 527849                     /usr/share/fonts/type1/gsfonts/n022004l.pfb
7f6815bde000-7f6815bf7000 r--s 00000000 08:07 527834                     /usr/share/fonts/type1/gsfonts/n021003l.pfb
7f6815bf7000-7f6815c0d000 r--s 00000000 08:07 527843                     /usr/share/fonts/type1/gsfonts/n021024l.pfb
7f6815c0d000-7f6815c23000 r--s 00000000 08:07 527852                     /usr/share/fonts/type1/gsfonts/n022023l.pfb
7f6815c23000-7f6815c3a000 r--s 00000000 08:07 527840                     /usr/share/fonts/type1/gsfonts/n021023l.pfb
7f6815c3a000-7f6815c4b000 r--s 00000000 08:07 527816                     /usr/share/fonts/type1/gsfonts/n019023l.pfb
7f6815c4b000-7f6815c5f000 r--s 00000000 08:07 527810                     /usr/share/fonts/type1/gsfonts/n019003l.pfb
7f6815c5f000-7f6815c68000 r--s 00000000 08:07 527870                     /usr/share/fonts/type1/gsfonts/s050000l.pfb
7f6815c68000-7f6815c6b000 ---p 00000000 00:00 0 
7f6815c6b000-7f6815d69000 rw-p 00000000 00:00 0 
7f6815d69000-7f6815dd1000 r-xp 00000000 08:07 1836082                    /usr/lib/jvm/jdk1.7.0_51/jre/lib/amd64/libt2k.so
7f6815dd1000-7f6815fd1000 ---p 00068000 08:07 1836082                    /usr/lib/jvm/jdk1.7.0_51/jre/lib/amd64/libt2k.so
7f6815fd1000-7f6815fd8000 rw-p 00068000 08:07 1836082                    /usr/lib/jvm/jdk1.7.0_51/jre/lib/amd64/libt2k.so
7f6815fd8000-7f6815fe8000 rw-p 00000000 00:00 0 
7f6815fe8000-7f6815feb000 ---p 00000000 00:00 0 
7f6815feb000-7f68160e9000 rw-p 00000000 00:00 0 
7f68160e9000-7f68160ec000 ---p 00000000 00:00 0 
7f68160ec000-7f68161ea000 rw-p 00000000 00:00 0 
7f68161ea000-7f68161fa000 r-xp 00000000 08:07 1836051                    /usr/lib/jvm/jdk1.7.0_51/jre/lib/amd64/libnio.so
7f68161fa000-7f68163fa000 ---p 00010000 08:07 1836051                    /usr/lib/jvm/jdk1.7.0_51/jre/lib/amd64/libnio.so
7f68163fa000-7f68163fb000 rw-p 00010000 08:07 1836051                    /usr/lib/jvm/jdk1.7.0_51/jre/lib/amd64/libnio.so
7f68163fb000-7f68166fc000 rw-p 00000000 00:00 0 
7f68166fc000-7f6816712000 r-xp 00000000 08:07 1836056                    /usr/lib/jvm/jdk1.7.0_51/jre/lib/amd64/libnet.so
7f6816712000-7f6816912000 ---p 00016000 08:07 1836056                    /usr/lib/jvm/jdk1.7.0_51/jre/lib/amd64/libnet.so
7f6816912000-7f6816913000 rw-p 00016000 08:07 1836056                    /usr/lib/jvm/jdk1.7.0_51/jre/lib/amd64/libnet.so
7f6816913000-7f6816929000 r-xp 00000000 08:07 2364498                    /lib/x86_64-linux-gnu/libgcc_s.so.1
7f6816929000-7f6816b28000 ---p 00016000 08:07 2364498                    /lib/x86_64-linux-gnu/libgcc_s.so.1
7f6816b28000-7f6816b29000 rw-p 00015000 08:07 2364498                    /lib/x86_64-linux-gnu/libgcc_s.so.1
7f6816b29000-7f6816b8e000 r-xp 00000000 08:07 1836052                    /usr/lib/jvm/jdk1.7.0_51/jre/lib/amd64/libfontmanager.so
7f6816b8e000-7f6816d8d000 ---p 00065000 08:07 1836052                    /usr/lib/jvm/jdk1.7.0_51/jre/lib/amd64/libfontmanager.so
7f6816d8d000-7f6816d91000 rw-p 00064000 08:07 1836052                    /usr/lib/jvm/jdk1.7.0_51/jre/lib/amd64/libfontmanager.so
7f6816d91000-7f6816da2000 rw-p 00000000 00:00 0 
7f6816da2000-7f6816da5000 ---p 00000000 00:00 0 
7f6816da5000-7f6816ea3000 rw-p 00000000 00:00 0 
7f6816ea3000-7f6816ea8000 r-xp 00000000 08:07 2762080                    /usr/lib/x86_64-linux-gnu/libXfixes.so.3.1.0
7f6816ea8000-7f68170a7000 ---p 00005000 08:07 2762080                    /usr/lib/x86_64-linux-gnu/libXfixes.so.3.1.0
7f68170a7000-7f68170a8000 r--p 00004000 08:07 2762080                    /usr/lib/x86_64-linux-gnu/libXfixes.so.3.1.0
7f68170a8000-7f68170a9000 rw-p 00005000 08:07 2762080                    /usr/lib/x86_64-linux-gnu/libXfixes.so.3.1.0
7f68170a9000-7f68170b2000 r-xp 00000000 08:07 2762072                    /usr/lib/x86_64-linux-gnu/libXcursor.so.1.0.2
7f68170b2000-7f68172b1000 ---p 00009000 08:07 2762072                    /usr/lib/x86_64-linux-gnu/libXcursor.so.1.0.2
7f68172b1000-7f68172b2000 r--p 00008000 08:07 2762072                    /usr/lib/x86_64-linux-gnu/libXcursor.so.1.0.2
7f68172b2000-7f68172b3000 rw-p 00009000 08:07 2762072                    /usr/lib/x86_64-linux-gnu/libXcursor.so.1.0.2
7f68172b3000-7f68172b6000 ---p 00000000 00:00 0 
7f68172b6000-7f68173b4000 rw-p 00000000 00:00 0 
7f68173b4000-7f68173b9000 r-xp 00000000 08:07 2762076                    /usr/lib/x86_64-linux-gnu/libXdmcp.so.6.0.0
7f68173b9000-7f68175b8000 ---p 00005000 08:07 2762076                    /usr/lib/x86_64-linux-gnu/libXdmcp.so.6.0.0
7f68175b8000-7f68175b9000 r--p 00004000 08:07 2762076                    /usr/lib/x86_64-linux-gnu/libXdmcp.so.6.0.0
7f68175b9000-7f68175ba000 rw-p 00005000 08:07 2762076                    /usr/lib/x86_64-linux-gnu/libXdmcp.so.6.0.0
7f68175ba000-7f68175bc000 r-xp 00000000 08:07 2762065                    /usr/lib/x86_64-linux-gnu/libXau.so.6.0.0
7f68175bc000-7f68177bc000 ---p 00002000 08:07 2762065                    /usr/lib/x86_64-linux-gnu/libXau.so.6.0.0
7f68177bc000-7f68177bd000 r--p 00002000 08:07 2762065                    /usr/lib/x86_64-linux-gnu/libXau.so.6.0.0
7f68177bd000-7f68177be000 rw-p 00003000 08:07 2762065                    /usr/lib/x86_64-linux-gnu/libXau.so.6.0.0
7f68177be000-7f68177df000 r-xp 00000000 08:07 2763443                    /usr/lib/x86_64-linux-gnu/libxcb.so.1.1.0
7f68177df000-7f68179de000 ---p 00021000 08:07 2763443                    /usr/lib/x86_64-linux-gnu/libxcb.so.1.1.0
7f68179de000-7f68179df000 r--p 00020000 08:07 2763443                    /usr/lib/x86_64-linux-gnu/libxcb.so.1.1.0
7f68179df000-7f68179e0000 rw-p 00021000 08:07 2763443                    /usr/lib/x86_64-linux-gnu/libxcb.so.1.1.0
7f68179e0000-7f68179ef000 r-xp 00000000 08:07 2762086                    /usr/lib/x86_64-linux-gnu/libXi.so.6.1.0
7f68179ef000-7f6817bee000 ---p 0000f000 08:07 2762086                    /usr/lib/x86_64-linux-gnu/libXi.so.6.1.0
7f6817bee000-7f6817bef000 r--p 0000e000 08:07 2762086                    /usr/lib/x86_64-linux-gnu/libXi.so.6.1.0
7f6817bef000-7f6817bf0000 rw-p 0000f000 08:07 2762086                    /usr/lib/x86_64-linux-gnu/libXi.so.6.1.0
7f6817bf0000-7f6817bf5000 r-xp 00000000 08:07 2762104                    /usr/lib/x86_64-linux-gnu/libXtst.so.6.1.0
7f6817bf5000-7f6817df4000 ---p 00005000 08:07 2762104                    /usr/lib/x86_64-linux-gnu/libXtst.so.6.1.0
7f6817df4000-7f6817df5000 r--p 00004000 08:07 2762104                    /usr/lib/x86_64-linux-gnu/libXtst.so.6.1.0
7f6817df5000-7f6817df6000 rw-p 00005000 08:07 2762104                    /usr/lib/x86_64-linux-gnu/libXtst.so.6.1.0
7f6817df6000-7f6817dff000 r-xp 00000000 08:07 2762098                    /usr/lib/x86_64-linux-gnu/libXrender.so.1.3.0
7f6817dff000-7f6817ffe000 ---p 00009000 08:07 2762098                    /usr/lib/x86_64-linux-gnu/libXrender.so.1.3.0
7f6817ffe000-7f6817fff000 r--p 00008000 08:07 2762098                    /usr/lib/x86_64-linux-gnu/libXrender.so.1.3.0
7f6817fff000-7f6818000000 rw-p 00009000 08:07 2762098                    /usr/lib/x86_64-linux-gnu/libXrender.so.1.3.0
7f6818000000-7f6818021000 rw-p 00000000 00:00 0 
7f6818021000-7f681c000000 ---p 00000000 00:00 0 
7f681c000000-7f681c021000 rw-p 00000000 00:00 0 
7f681c021000-7f6820000000 ---p 00000000 00:00 0 
7f6820000000-7f6820333000 rw-p 00000000 00:00 0 
7f6820333000-7f6824000000 ---p 00000000 00:00 0 
7f6824000000-7f6824366000 rw-p 00000000 00:00 0 
7f6824366000-7f6828000000 ---p 00000000 00:00 0 
7f6828000000-7f6828021000 rw-p 00000000 00:00 0 
7f6828021000-7f682c000000 ---p 00000000 00:00 0 
7f682c000000-7f682c021000 rw-p 00000000 00:00 0 
7f682c021000-7f6830000000 ---p 00000000 00:00 0 
7f6830000000-7f6830021000 rw-p 00000000 00:00 0 
7f6830021000-7f6834000000 ---p 00000000 00:00 0 
7f6834000000-7f6834021000 rw-p 00000000 00:00 0 
7f6834021000-7f6838000000 ---p 00000000 00:00 0 
7f6838000000-7f6838021000 rw-p 00000000 00:00 0 
7f6838021000-7f683c000000 ---p 00000000 00:00 0 
7f683c000000-7f683c021000 rw-p 00000000 00:00 0 
7f683c021000-7f6840000000 ---p 00000000 00:00 0 
7f6840000000-7f6840021000 rw-p 00000000 00:00 0 
7f6840021000-7f6844000000 ---p 00000000 00:00 0 
7f6844000000-7f6844006000 r--s 00000000 08:07 2890678                    /var/cache/fontconfig/2cd17615ca594fa2959ae173292e504c-le64.cache-6
7f6844006000-7f6844007000 r--s 00000000 08:07 2890675                    /var/cache/fontconfig/0d8c3b2ac0904cb8a57a757ad11a4a08-le64.cache-6
7f6844007000-7f684400b000 r--s 00000000 08:07 2885053                    /var/cache/fontconfig/de156ccd2eddbdc19d37a45b8b2aac9c-le64.cache-6
7f684400b000-7f6844020000 r--s 00000000 08:07 2890672                    /var/cache/fontconfig/04aabc0a78ac019cf9454389977116d2-le64.cache-6
7f6844020000-7f6844021000 r--s 00000000 08:07 2890677                    /var/cache/fontconfig/1ac9eb803944fde146138c791f5cc56a-le64.cache-6
7f6844021000-7f6844025000 r--s 00000000 08:07 2890682                    /var/cache/fontconfig/385c0604a188198f04d133e54aba7fe7-le64.cache-6
7f6844025000-7f6844026000 r--s 00000000 08:07 2890709                    /var/cache/fontconfig/dc05db6664285cc2f12bf69c139ae4c3-le64.cache-6
7f6844026000-7f6844029000 r--s 00000000 08:07 2890692                    /var/cache/fontconfig/767a8244fc0220cfb567a839d0392e0b-le64.cache-6
7f6844029000-7f684402a000 r--s 00000000 08:07 2883743                    /var/cache/fontconfig/4794a0821666d79190d59a36cb4f44b5-le64.cache-6
7f684402a000-7f684402f000 r--s 00000000 08:07 2890695                    /var/cache/fontconfig/8801497958630a81b71ace7c5f9b32a8-le64.cache-6
7f684402f000-7f6844030000 r--s 00000000 08:07 2890702                    /var/cache/fontconfig/bab58bb527bb656aaa9f116d68a48d89-le64.cache-6
7f6844030000-7f6844043000 r--s 00000000 08:07 2890706                    /var/cache/fontconfig/d52a8644073d54c13679302ca1180695-le64.cache-6
7f6844043000-7f6844178000 r-xp 00000000 08:07 2762061                    /usr/lib/x86_64-linux-gnu/libX11.so.6.3.0
7f6844178000-7f6844378000 ---p 00135000 08:07 2762061                    /usr/lib/x86_64-linux-gnu/libX11.so.6.3.0
7f6844378000-7f6844379000 r--p 00135000 08:07 2762061                    /usr/lib/x86_64-linux-gnu/libX11.so.6.3.0
7f6844379000-7f684437d000 rw-p 00136000 08:07 2762061                    /usr/lib/x86_64-linux-gnu/libX11.so.6.3.0
7f684437d000-7f684438e000 r-xp 00000000 08:07 2762078                    /usr/lib/x86_64-linux-gnu/libXext.so.6.4.0
7f684438e000-7f684458d000 ---p 00011000 08:07 2762078                    /usr/lib/x86_64-linux-gnu/libXext.so.6.4.0
7f684458d000-7f684458e000 r--p 00010000 08:07 2762078                    /usr/lib/x86_64-linux-gnu/libXext.so.6.4.0
7f684458e000-7f684458f000 rw-p 00011000 08:07 2762078                    /usr/lib/x86_64-linux-gnu/libXext.so.6.4.0
7f684458f000-7f68445df000 r-xp 00000000 08:07 1836094                    /usr/lib/jvm/jdk1.7.0_51/jre/lib/amd64/xawt/libmawt.so
7f68445df000-7f68447df000 ---p 00050000 08:07 1836094                    /usr/lib/jvm/jdk1.7.0_51/jre/lib/amd64/xawt/libmawt.so
7f68447df000-7f68447e3000 rw-p 00050000 08:07 1836094                    /usr/lib/jvm/jdk1.7.0_51/jre/lib/amd64/xawt/libmawt.so
7f68447e3000-7f68447e4000 rw-p 00000000 00:00 0 
7f68447e4000-7f6844886000 r-xp 00000000 08:07 1836064                    /usr/lib/jvm/jdk1.7.0_51/jre/lib/amd64/libawt.so
7f6844886000-7f6844a86000 ---p 000a2000 08:07 1836064                    /usr/lib/jvm/jdk1.7.0_51/jre/lib/amd64/libawt.so
7f6844a86000-7f6844a92000 rw-p 000a2000 08:07 1836064                    /usr/lib/jvm/jdk1.7.0_51/jre/lib/amd64/libawt.so
7f6844a92000-7f6844ab6000 rw-p 00000000 00:00 0 
7f6844ab6000-7f6844ab7000 ---p 00000000 00:00 0 
7f6844ab7000-7f6844bb7000 rw-p 00000000 00:00 0 
7f6844bb7000-7f6844bba000 ---p 00000000 00:00 0 
7f6844bba000-7f6844cb8000 rw-p 00000000 00:00 0 
7f6844cb8000-7f6844cbb000 ---p 00000000 00:00 0 
7f6844cbb000-7f6844db9000 rw-p 00000000 00:00 0 
7f6844db9000-7f6844dbc000 ---p 00000000 00:00 0 
7f6844dbc000-7f6844eba000 rw-p 00000000 00:00 0 
7f6844eba000-7f6844ebd000 ---p 00000000 00:00 0 
7f6844ebd000-7f6844fbb000 rw-p 00000000 00:00 0 
7f6844fbb000-7f684597a000 r--p 00000000 08:07 2760681                    /usr/lib/locale/locale-archive
7f684597a000-7f684597d000 ---p 00000000 00:00 0 
7f684597d000-7f6845a7b000 rw-p 00000000 00:00 0 
7f6845a7b000-7f6845a7e000 ---p 00000000 00:00 0 
7f6845a7e000-7f6845b7c000 rw-p 00000000 00:00 0 
7f6845b7c000-7f6845b7d000 ---p 00000000 00:00 0 
7f6845b7d000-7f6848000000 rw-p 00000000 00:00 0 
7f6848000000-7f6848021000 rw-p 00000000 00:00 0 
7f6848021000-7f684c000000 ---p 00000000 00:00 0 
7f684c000000-7f684c007000 r--s 00000000 08:07 2890679                    /var/cache/fontconfig/3047814df9a2f067bd2d96a2b9c36e5a-le64.cache-6
7f684c007000-7f684c008000 r--s 00000000 08:07 2890686                    /var/cache/fontconfig/56cf4f4769d0f4abc89a4895d7bd3ae1-le64.cache-6
7f684c008000-7f684c009000 r--s 00000000 08:07 2890701                    /var/cache/fontconfig/b9d506c9ac06c20b433354fa67a72993-le64.cache-6
7f684c009000-7f684c00f000 r--s 00000000 08:07 2890700                    /var/cache/fontconfig/b47c4e1ecd0709278f4910c18777a504-le64.cache-6
7f684c00f000-7f684c01a000 r--s 00000000 08:07 2887795                    /var/cache/fontconfig/d589a48862398ed80a3d6066f4f56f4c-le64.cache-6
7f684c01a000-7f684c01d000 r--s 00000000 08:07 2890691                    /var/cache/fontconfig/75114ca45c98e8a441da0ff356701271-le64.cache-6
7f684c01d000-7f684c02f000 r--s 00000000 08:07 2886108                    /var/cache/fontconfig/9b89f8e3dae116d678bbf48e5f21f69b-le64.cache-6
7f684c02f000-7f684cc3b000 rw-p 00000000 00:00 0 
7f684cc3b000-7f684cdf8000 r--s 039bf000 08:07 1057153                    /usr/lib/jvm/jdk1.7.0_51/jre/lib/rt.jar
7f684cdf8000-7f684d000000 rw-p 00000000 00:00 0 
7f684d000000-7f684d270000 rwxp 00000000 00:00 0 
7f684d270000-7f6850248000 rw-p 00000000 00:00 0 
7f6850248000-7f6854000000 ---p 00000000 00:00 0 
7f6854000000-7f6854001000 r--s 00000000 08:07 2890685                    /var/cache/fontconfig/551ecf3b0e8b0bca0f25c0944f561853-le64.cache-6
7f6854001000-7f685400c000 r--s 00000000 08:07 2890694                    /var/cache/fontconfig/83bf95040141907cd45bb53cf7c1c148-le64.cache-6
7f685400c000-7f685400f000 r--s 00000000 08:07 2890710                    /var/cache/fontconfig/e13b20fdb08344e0e664864cc2ede53d-le64.cache-6
7f685400f000-7f6854013000 r--s 00000000 08:07 2883629                    /var/cache/fontconfig/7ef2298fde41cc6eeb7af42e48b7d293-le64.cache-6
7f6854013000-7f6854038000 r--p 00000000 08:07 397003                     /usr/share/locale-langpack/es/LC_MESSAGES/libc.mo
7f6854038000-7f6854043000 r--s 0037c000 08:07 1057110                    /usr/lib/jvm/jdk1.7.0_51/jre/lib/charsets.jar
7f6854043000-7f68541e3000 rw-p 00000000 00:00 0 
7f68541e3000-7f68541e4000 ---p 00000000 00:00 0 
7f68541e4000-7f68542e4000 rw-p 00000000 00:00 0 
7f68542e4000-7f68542e5000 ---p 00000000 00:00 0 
7f68542e5000-7f68543e5000 rw-p 00000000 00:00 0 
7f68543e5000-7f68543e6000 ---p 00000000 00:00 0 
7f68543e6000-7f68544e6000 rw-p 00000000 00:00 0 
7f68544e6000-7f68544e7000 ---p 00000000 00:00 0 
7f68544e7000-7f68545fb000 rw-p 00000000 00:00 0 
7f68545fb000-7f6854727000 rw-p 00000000 00:00 0 
7f6854727000-7f6854732000 rw-p 00000000 00:00 0 
7f6854732000-7f6854750000 rw-p 00000000 00:00 0 
7f6854750000-7f6854764000 rw-p 00000000 00:00 0 
7f6854764000-7f685488f000 rw-p 00000000 00:00 0 
7f685488f000-7f685489a000 rw-p 00000000 00:00 0 
7f685489a000-7f685492f000 rw-p 00000000 00:00 0 
7f685492f000-7f685493a000 rw-p 00000000 00:00 0 
7f685493a000-7f68549f0000 rw-p 00000000 00:00 0 
7f68549f0000-7f6854a0a000 r-xp 00000000 08:07 1836101                    /usr/lib/jvm/jdk1.7.0_51/jre/lib/amd64/libzip.so
7f6854a0a000-7f6854c0a000 ---p 0001a000 08:07 1836101                    /usr/lib/jvm/jdk1.7.0_51/jre/lib/amd64/libzip.so
7f6854c0a000-7f6854c0b000 rw-p 0001a000 08:07 1836101                    /usr/lib/jvm/jdk1.7.0_51/jre/lib/amd64/libzip.so
7f6854c0b000-7f6854c16000 r-xp 00000000 08:07 2364559                    /lib/x86_64-linux-gnu/libnss_files-2.23.so
7f6854c16000-7f6854e15000 ---p 0000b000 08:07 2364559                    /lib/x86_64-linux-gnu/libnss_files-2.23.so
7f6854e15000-7f6854e16000 r--p 0000a000 08:07 2364559                    /lib/x86_64-linux-gnu/libnss_files-2.23.so
7f6854e16000-7f6854e17000 rw-p 0000b000 08:07 2364559                    /lib/x86_64-linux-gnu/libnss_files-2.23.so
7f6854e17000-7f6854e1d000 rw-p 00000000 00:00 0 
7f6854e1d000-7f6854e28000 r-xp 00000000 08:07 2364569                    /lib/x86_64-linux-gnu/libnss_nis-2.23.so
7f6854e28000-7f6855027000 ---p 0000b000 08:07 2364569                    /lib/x86_64-linux-gnu/libnss_nis-2.23.so
7f6855027000-7f6855028000 r--p 0000a000 08:07 2364569                    /lib/x86_64-linux-gnu/libnss_nis-2.23.so
7f6855028000-7f6855029000 rw-p 0000b000 08:07 2364569                    /lib/x86_64-linux-gnu/libnss_nis-2.23.so
7f6855029000-7f685503f000 r-xp 00000000 08:07 2364553                    /lib/x86_64-linux-gnu/libnsl-2.23.so
7f685503f000-7f685523e000 ---p 00016000 08:07 2364553                    /lib/x86_64-linux-gnu/libnsl-2.23.so
7f685523e000-7f685523f000 r--p 00015000 08:07 2364553                    /lib/x86_64-linux-gnu/libnsl-2.23.so
7f685523f000-7f6855240000 rw-p 00016000 08:07 2364553                    /lib/x86_64-linux-gnu/libnsl-2.23.so
7f6855240000-7f6855242000 rw-p 00000000 00:00 0 
7f6855242000-7f685524a000 r-xp 00000000 08:07 2364555                    /lib/x86_64-linux-gnu/libnss_compat-2.23.so
7f685524a000-7f6855449000 ---p 00008000 08:07 2364555                    /lib/x86_64-linux-gnu/libnss_compat-2.23.so
7f6855449000-7f685544a000 r--p 00007000 08:07 2364555                    /lib/x86_64-linux-gnu/libnss_compat-2.23.so
7f685544a000-7f685544b000 rw-p 00008000 08:07 2364555                    /lib/x86_64-linux-gnu/libnss_compat-2.23.so
7f685544b000-7f6855474000 r-xp 00000000 08:07 1836085                    /usr/lib/jvm/jdk1.7.0_51/jre/lib/amd64/libjava.so
7f6855474000-7f6855674000 ---p 00029000 08:07 1836085                    /usr/lib/jvm/jdk1.7.0_51/jre/lib/amd64/libjava.so
7f6855674000-7f6855676000 rw-p 00029000 08:07 1836085                    /usr/lib/jvm/jdk1.7.0_51/jre/lib/amd64/libjava.so
7f6855676000-7f6855683000 r-xp 00000000 08:07 1836083                    /usr/lib/jvm/jdk1.7.0_51/jre/lib/amd64/libverify.so
7f6855683000-7f6855882000 ---p 0000d000 08:07 1836083                    /usr/lib/jvm/jdk1.7.0_51/jre/lib/amd64/libverify.so
7f6855882000-7f6855884000 rw-p 0000c000 08:07 1836083                    /usr/lib/jvm/jdk1.7.0_51/jre/lib/amd64/libverify.so
7f6855884000-7f685588b000 r-xp 00000000 08:07 2364614                    /lib/x86_64-linux-gnu/librt-2.23.so
7f685588b000-7f6855a8a000 ---p 00007000 08:07 2364614                    /lib/x86_64-linux-gnu/librt-2.23.so
7f6855a8a000-7f6855a8b000 r--p 00006000 08:07 2364614                    /lib/x86_64-linux-gnu/librt-2.23.so
7f6855a8b000-7f6855a8c000 rw-p 00007000 08:07 2364614                    /lib/x86_64-linux-gnu/librt-2.23.so
7f6855a8c000-7f6855a8f000 ---p 00000000 00:00 0 
7f6855a8f000-7f6855b8d000 rw-p 00000000 00:00 0 
7f6855b8d000-7f6855c95000 r-xp 00000000 08:07 2364530                    /lib/x86_64-linux-gnu/libm-2.23.so
7f6855c95000-7f6855e94000 ---p 00108000 08:07 2364530                    /lib/x86_64-linux-gnu/libm-2.23.so
7f6855e94000-7f6855e95000 r--p 00107000 08:07 2364530                    /lib/x86_64-linux-gnu/libm-2.23.so
7f6855e95000-7f6855e96000 rw-p 00108000 08:07 2364530                    /lib/x86_64-linux-gnu/libm-2.23.so
7f6855e96000-7f68569f8000 r-xp 00000000 08:07 1836091                    /usr/lib/jvm/jdk1.7.0_51/jre/lib/amd64/server/libjvm.so
7f68569f8000-7f6856bf8000 ---p 00b62000 08:07 1836091                    /usr/lib/jvm/jdk1.7.0_51/jre/lib/amd64/server/libjvm.so
7f6856bf8000-7f6856cbb000 rw-p 00b62000 08:07 1836091                    /usr/lib/jvm/jdk1.7.0_51/jre/lib/amd64/server/libjvm.so
7f6856cbb000-7f6856cfc000 rw-p 00000000 00:00 0 
7f6856cfc000-7f6856ebc000 r-xp 00000000 08:07 2364460                    /lib/x86_64-linux-gnu/libc-2.23.so
7f6856ebc000-7f68570bb000 ---p 001c0000 08:07 2364460                    /lib/x86_64-linux-gnu/libc-2.23.so
7f68570bb000-7f68570bf000 r--p 001bf000 08:07 2364460                    /lib/x86_64-linux-gnu/libc-2.23.so
7f68570bf000-7f68570c1000 rw-p 001c3000 08:07 2364460                    /lib/x86_64-linux-gnu/libc-2.23.so
7f68570c1000-7f68570c5000 rw-p 00000000 00:00 0 
7f68570c5000-7f68570c8000 r-xp 00000000 08:07 2364484                    /lib/x86_64-linux-gnu/libdl-2.23.so
7f68570c8000-7f68572c7000 ---p 00003000 08:07 2364484                    /lib/x86_64-linux-gnu/libdl-2.23.so
7f68572c7000-7f68572c8000 r--p 00002000 08:07 2364484                    /lib/x86_64-linux-gnu/libdl-2.23.so
7f68572c8000-7f68572c9000 rw-p 00003000 08:07 2364484                    /lib/x86_64-linux-gnu/libdl-2.23.so
7f68572c9000-7f68572df000 r-xp 00000000 08:07 1056839                    /usr/lib/jvm/jdk1.7.0_51/lib/amd64/jli/libjli.so
7f68572df000-7f68574df000 ---p 00016000 08:07 1056839                    /usr/lib/jvm/jdk1.7.0_51/lib/amd64/jli/libjli.so
7f68574df000-7f68574e0000 rw-p 00016000 08:07 1056839                    /usr/lib/jvm/jdk1.7.0_51/lib/amd64/jli/libjli.so
7f68574e0000-7f68574f8000 r-xp 00000000 08:07 2364606                    /lib/x86_64-linux-gnu/libpthread-2.23.so
7f68574f8000-7f68576f7000 ---p 00018000 08:07 2364606                    /lib/x86_64-linux-gnu/libpthread-2.23.so
7f68576f7000-7f68576f8000 r--p 00017000 08:07 2364606                    /lib/x86_64-linux-gnu/libpthread-2.23.so
7f68576f8000-7f68576f9000 rw-p 00018000 08:07 2364606                    /lib/x86_64-linux-gnu/libpthread-2.23.so
7f68576f9000-7f68576fd000 rw-p 00000000 00:00 0 
7f68576fd000-7f6857723000 r-xp 00000000 08:07 2364432                    /lib/x86_64-linux-gnu/ld-2.23.so
7f6857723000-7f6857724000 r--s 00000000 08:07 2890680                    /var/cache/fontconfig/30829fa25452a46451e813d634d7f916-le64.cache-6
7f6857724000-7f685772b000 r--s 00000000 08:07 3016614                    /usr/lib/x86_64-linux-gnu/gconv/gconv-modules.cache
7f685772b000-7f685772d000 r--s 0000d000 08:08 3412122                    /home/kcrez/Documentos/JavaDuino/library/rxtx2.1/RXTXcomm.jar
7f685772d000-7f685772f000 r--s 0000d000 08:07 1835127                    /usr/lib/jvm/jdk1.7.0_51/jre/lib/ext/RXTXcomm.jar
7f685772f000-7f6857783000 rw-p 00000000 00:00 0 
7f6857783000-7f68577a1000 rw-p 00000000 00:00 0 
7f68577a1000-7f68577a5000 rw-p 00000000 00:00 0 
7f68577a5000-7f68577e9000 r-xp 00000000 08:07 1052366                    /opt/eset/esets/lib/libesets_pac.so
7f68577e9000-7f68578e9000 ---p 00044000 08:07 1052366                    /opt/eset/esets/lib/libesets_pac.so
7f68578e9000-7f68578ec000 rw-p 00044000 08:07 1052366                    /opt/eset/esets/lib/libesets_pac.so
7f68578ec000-7f68578ff000 rw-p 00000000 00:00 0 
7f68578ff000-7f6857900000 r--s 00000000 08:07 2890674                    /var/cache/fontconfig/0c9eb80ebd1c36541ebe2852d3bb0c49-le64.cache-6
7f6857900000-7f6857915000 rw-p 00000000 00:00 0 
7f6857915000-7f685791d000 rw-s 00000000 08:07 2097299                    /tmp/hsperfdata_kcrez/8710
7f685791d000-7f685791e000 rw-p 00000000 00:00 0 
7f685791e000-7f685791f000 r--p 00000000 00:00 0 
7f685791f000-7f6857922000 rw-p 00000000 00:00 0 
7f6857922000-7f6857923000 r--p 00025000 08:07 2364432                    /lib/x86_64-linux-gnu/ld-2.23.so
7f6857923000-7f6857924000 rw-p 00026000 08:07 2364432                    /lib/x86_64-linux-gnu/ld-2.23.so
7f6857924000-7f6857925000 rw-p 00000000 00:00 0 
7ffc466b6000-7ffc466d7000 rw-p 00000000 00:00 0                          [stack]
7ffc467f1000-7ffc467f3000 r--p 00000000 00:00 0                          [vvar]
7ffc467f3000-7ffc467f5000 r-xp 00000000 00:00 0                          [vdso]
ffffffffff600000-ffffffffff601000 r-xp 00000000 00:00 0                  [vsyscall]

VM Arguments:
jvm_args: -Dfile.encoding=UTF-8 -Djava.library.path=/home/kcrez/Documentos/JavaDuino/library/rxtx2.1 
java_command: PPD_Frame
Launcher Type: SUN_STANDARD

Environment Variables:
PATH=/usr/local/sbin:/usr/local/bin:/usr/sbin:/usr/bin:/sbin:/bin:/usr/games:/usr/local/games:/snap/bin
LD_LIBRARY_PATH=/usr/lib/jvm/jdk1.7.0_51/jre/lib/amd64:/usr/lib/jvm/jdk1.7.0_51/jre/lib/i386:
SHELL=/bin/bash
DISPLAY=:0

Signal Handlers:
SIGSEGV: [libjvm.so+0x993870], sa_mask[0]=0x7ffbfeff, sa_flags=0x10000004
SIGBUS: [libjvm.so+0x993870], sa_mask[0]=0x7ffbfeff, sa_flags=0x10000004
SIGFPE: [libjvm.so+0x8105b0], sa_mask[0]=0x7ffbfeff, sa_flags=0x10000004
SIGPIPE: [libjvm.so+0x8105b0], sa_mask[0]=0x7ffbfeff, sa_flags=0x10000004
SIGXFSZ: [libjvm.so+0x8105b0], sa_mask[0]=0x7ffbfeff, sa_flags=0x10000004
SIGILL: [libjvm.so+0x8105b0], sa_mask[0]=0x7ffbfeff, sa_flags=0x10000004
SIGUSR1: SIG_DFL, sa_mask[0]=0x00000000, sa_flags=0x00000000
SIGUSR2: [libjvm.so+0x811aa0], sa_mask[0]=0x00000004, sa_flags=0x10000004
SIGHUP: [libjvm.so+0x812a10], sa_mask[0]=0x7ffbfeff, sa_flags=0x10000004
SIGINT: SIG_IGN, sa_mask[0]=0x00000000, sa_flags=0x00000000
SIGTERM: [libjvm.so+0x812a10], sa_mask[0]=0x7ffbfeff, sa_flags=0x10000004
SIGQUIT: [libjvm.so+0x812a10], sa_mask[0]=0x7ffbfeff, sa_flags=0x10000004


---------------  S Y S T E M  ---------------

OS:stretch/sid

uname:Linux 4.4.0-22-generic #40-Ubuntu SMP Thu May 12 22:03:46 UTC 2016 x86_64
libc:glibc 2.23 NPTL 2.23 
rlimit: STACK 8192k, CORE 0k, NPROC 15146, NOFILE 65536, AS infinity
load average:0.13 0.30 0.32

/proc/meminfo:
MemTotal:        3916240 kB
MemFree:           88892 kB
MemAvailable:    1236708 kB
Buffers:          161340 kB
Cached:          1039564 kB
SwapCached:          860 kB
Active:          2436128 kB
Inactive:        1027616 kB
Active(anon):    1839992 kB
Inactive(anon):   693832 kB
Active(file):     596136 kB
Inactive(file):   333784 kB
Unevictable:          48 kB
Mlocked:              48 kB
SwapTotal:       7812088 kB
SwapFree:        7779184 kB
Dirty:               508 kB
Writeback:             0 kB
AnonPages:       2262104 kB
Mapped:           332924 kB
Shmem:            270980 kB
Slab:             282044 kB
SReclaimable:     247128 kB
SUnreclaim:        34916 kB
KernelStack:       10832 kB
PageTables:        34708 kB
NFS_Unstable:          0 kB
Bounce:                0 kB
WritebackTmp:          0 kB
CommitLimit:     9770208 kB
Committed_AS:    6878536 kB
VmallocTotal:   34359738367 kB
VmallocUsed:           0 kB
VmallocChunk:          0 kB
HardwareCorrupted:     0 kB
AnonHugePages:   1286144 kB
CmaTotal:              0 kB
CmaFree:               0 kB
HugePages_Total:       0
HugePages_Free:        0
HugePages_Rsvd:        0
HugePages_Surp:        0
Hugepagesize:       2048 kB
DirectMap4k:      123676 kB
DirectMap2M:     3940352 kB
DirectMap1G:           0 kB


CPU:total 4 (2 cores per cpu, 2 threads per core) family 6 model 60 stepping 3, cmov, cx8, fxsr, mmx, sse, sse2, sse3, ssse3, sse4.1, sse4.2, popcnt, avx, avx2, aes, erms, ht, tsc, tscinvbit

/proc/cpuinfo:
processor	: 0
vendor_id	: GenuineIntel
cpu family	: 6
model		: 60
model name	: Intel(R) Core(TM) i3-4170 CPU @ 3.70GHz
stepping	: 3
microcode	: 0x1e
cpu MHz		: 838.425
cache size	: 3072 KB
physical id	: 0
siblings	: 4
core id		: 0
cpu cores	: 2
apicid		: 0
initial apicid	: 0
fpu		: yes
fpu_exception	: yes
cpuid level	: 13
wp		: yes
flags		: fpu vme de pse tsc msr pae mce cx8 apic sep mtrr pge mca cmov pat pse36 clflush dts acpi mmx fxsr sse sse2 ss ht tm pbe syscall nx pdpe1gb rdtscp lm constant_tsc arch_perfmon pebs bts rep_good nopl xtopology nonstop_tsc aperfmperf eagerfpu pni pclmulqdq dtes64 monitor ds_cpl vmx est tm2 ssse3 sdbg fma cx16 xtpr pdcm pcid sse4_1 sse4_2 movbe popcnt tsc_deadline_timer aes xsave avx f16c rdrand lahf_lm abm epb tpr_shadow vnmi flexpriority ept vpid fsgsbase tsc_adjust bmi1 avx2 smep bmi2 erms invpcid xsaveopt dtherm arat pln pts
bugs		:
bogomips	: 7382.73
clflush size	: 64
cache_alignment	: 64
address sizes	: 39 bits physical, 48 bits virtual
power management:

processor	: 1
vendor_id	: GenuineIntel
cpu family	: 6
model		: 60
model name	: Intel(R) Core(TM) i3-4170 CPU @ 3.70GHz
stepping	: 3
microcode	: 0x1e
cpu MHz		: 993.507
cache size	: 3072 KB
physical id	: 0
siblings	: 4
core id		: 1
cpu cores	: 2
apicid		: 2
initial apicid	: 2
fpu		: yes
fpu_exception	: yes
cpuid level	: 13
wp		: yes
flags		: fpu vme de pse tsc msr pae mce cx8 apic sep mtrr pge mca cmov pat pse36 clflush dts acpi mmx fxsr sse sse2 ss ht tm pbe syscall nx pdpe1gb rdtscp lm constant_tsc arch_perfmon pebs bts rep_good nopl xtopology nonstop_tsc aperfmperf eagerfpu pni pclmulqdq dtes64 monitor ds_cpl vmx est tm2 ssse3 sdbg fma cx16 xtpr pdcm pcid sse4_1 sse4_2 movbe popcnt tsc_deadline_timer aes xsave avx f16c rdrand lahf_lm abm epb tpr_shadow vnmi flexpriority ept vpid fsgsbase tsc_adjust bmi1 avx2 smep bmi2 erms invpcid xsaveopt dtherm arat pln pts
bugs		:
bogomips	: 7382.73
clflush size	: 64
cache_alignment	: 64
address sizes	: 39 bits physical, 48 bits virtual
power management:

processor	: 2
vendor_id	: GenuineIntel
cpu family	: 6
model		: 60
model name	: Intel(R) Core(TM) i3-4170 CPU @ 3.70GHz
stepping	: 3
microcode	: 0x1e
cpu MHz		: 839.871
cache size	: 3072 KB
physical id	: 0
siblings	: 4
core id		: 0
cpu cores	: 2
apicid		: 1
initial apicid	: 1
fpu		: yes
fpu_exception	: yes
cpuid level	: 13
wp		: yes
flags		: fpu vme de pse tsc msr pae mce cx8 apic sep mtrr pge mca cmov pat pse36 clflush dts acpi mmx fxsr sse sse2 ss ht tm pbe syscall nx pdpe1gb rdtscp lm constant_tsc arch_perfmon pebs bts rep_good nopl xtopology nonstop_tsc aperfmperf eagerfpu pni pclmulqdq dtes64 monitor ds_cpl vmx est tm2 ssse3 sdbg fma cx16 xtpr pdcm pcid sse4_1 sse4_2 movbe popcnt tsc_deadline_timer aes xsave avx f16c rdrand lahf_lm abm epb tpr_shadow vnmi flexpriority ept vpid fsgsbase tsc_adjust bmi1 avx2 smep bmi2 erms invpcid xsaveopt dtherm arat pln pts
bugs		:
bogomips	: 7382.73
clflush size	: 64
cache_alignment	: 64
address sizes	: 39 bits physical, 48 bits virtual
power management:

processor	: 3
vendor_id	: GenuineIntel
cpu family	: 6
model		: 60
model name	: Intel(R) Core(TM) i3-4170 CPU @ 3.70GHz
stepping	: 3
microcode	: 0x1e
cpu MHz		: 1098.726
cache size	: 3072 KB
physical id	: 0
siblings	: 4
core id		: 1
cpu cores	: 2
apicid		: 3
initial apicid	: 3
fpu		: yes
fpu_exception	: yes
cpuid level	: 13
wp		: yes
flags		: fpu vme de pse tsc msr pae mce cx8 apic sep mtrr pge mca cmov pat pse36 clflush dts acpi mmx fxsr sse sse2 ss ht tm pbe syscall nx pdpe1gb rdtscp lm constant_tsc arch_perfmon pebs bts rep_good nopl xtopology nonstop_tsc aperfmperf eagerfpu pni pclmulqdq dtes64 monitor ds_cpl vmx est tm2 ssse3 sdbg fma cx16 xtpr pdcm pcid sse4_1 sse4_2 movbe popcnt tsc_deadline_timer aes xsave avx f16c rdrand lahf_lm abm epb tpr_shadow vnmi flexpriority ept vpid fsgsbase tsc_adjust bmi1 avx2 smep bmi2 erms invpcid xsaveopt dtherm arat pln pts
bugs		:
bogomips	: 7382.73
clflush size	: 64
cache_alignment	: 64
address sizes	: 39 bits physical, 48 bits virtual
power management:



Memory: 4k page, physical 3916240k(88768k free), swap 7812088k(7779184k free)

vm_info: Java HotSpot(TM) 64-Bit Server VM (24.51-b03) for linux-amd64 JRE (1.7.0_51-b13), built on Dec 18 2013 18:48:01 by "java_re" with gcc 4.3.0 20080428 (Red Hat 4.3.0-8)

time: Sun Jul 31 17:40:49 2016
elapsed time: 1 seconds

