#
# A fatal error has been detected by the Java Runtime Environment:
#
#  SIGSEGV (0xb) at pc=0x00007ff1d334f462, pid=8679, tid=140676607280896
#
# JRE version: Java(TM) SE Runtime Environment (7.0_51-b13) (build 1.7.0_51-b13)
# Java VM: Java HotSpot(TM) 64-Bit Server VM (24.51-b03 mixed mode linux-amd64 compressed oops)
# Problematic frame:
# C  [librxtxSerial.so+0x6462]  read_byte_array+0x52
#
# Failed to write core dump. Core dumps have been disabled. To enable core dumping, try "ulimit -c unlimited" before starting Java again
#
# If you would like to submit a bug report, please visit:
#   http://bugreport.sun.com/bugreport/crash.jsp
# The crash happened outside the Java Virtual Machine in native code.
# See problematic frame for where to report the bug.
#

---------------  T H R E A D  ---------------

Current thread (0x00007ff1c40d0800):  JavaThread "Thread-0" [_thread_in_native, id=8701, stack(0x00007ff1d3248000,0x00007ff1d3349000)]

siginfo:si_signo=SIGSEGV: si_errno=0, si_code=1 (SEGV_MAPERR), si_addr=0xffffffffd33474f8

Registers:
RAX=0xffffffffd33474f0, RBX=0xffffffffffffffff, RCX=0x0000000000000001, RDX=0x00007ff21c633a50
RSP=0x00007ff1d33468c0, RBP=0x00007ff1c40d09e8, RSI=0x00007ff1d3352e30, RDI=0x00007ff1d3352d3e
R8 =0x00007ff1d3346830, R9 =0x00000000ec6280d8, R10=0x0000000000000000, R11=0x00007ff21c638008
R12=0x00000000ffffffff, R13=0x0000000000000000, R14=0x000000000000001c, R15=0x0000000000000000
RIP=0x00007ff1d334f462, EFLAGS=0x0000000000010206, CSGSFS=0x0000000000000033, ERR=0x0000000000000005
  TRAPNO=0x000000000000000e

Top of Stack: (sp=0x00007ff1d33468c0)
0x00007ff1d33468c0:   ff0000000000ff00 0000000000000000
0x00007ff1d33468d0:   0000000000000000 0000000000000000
0x00007ff1d33468e0:   0000002100000021 ffffffffd33474f0
0x00007ff1d33468f0:   0000000000000000 0000000000000000
0x00007ff1d3346900:   0000000000000000 0000000100000000
0x00007ff1d3346910:   00007ff1bc001280 0000001c00000000
0x00007ff1d3346920:   0000000000000000 0000000000000000
0x00007ff1d3346930:   0000000000000000 0000000000000000
0x00007ff1d3346940:   00007ff1c40d0800 0000000000000700
0x00007ff1d3346950:   0000000000002000 0000000000000000
0x00007ff1d3346960:   000000000000001c 0000000000000000
0x00007ff1d3346970:   00007ff1d33469a0 00007ff21baa6dac
0x00007ff1d3346980:   00007ff1bc001280 00007ff1bc001280
0x00007ff1d3346990:   000000000000001c 00007ff1d3346a00
0x00007ff1d33469a0:   00007ff1c40d09e8 0000000000000001
0x00007ff1d33469b0:   00000000ffffffff ffffffffffffffff
0x00007ff1d33469c0:   00007ff1c40d09e8 00007ff1bc001280
0x00007ff1d33469d0:   0000000000000001 000000000000001c
0x00007ff1d33469e0:   0000000000000000 00007ff1d334f8a1
0x00007ff1d33469f0:   00007ff1c40d0800 00007ff1d3346ad8
0x00007ff1d3346a00:   00007ff1d3346ae0 00000000bfaf9fe0
0x00007ff1d3346a10:   00007ff1d3346aa8 0000000000000000
0x00007ff1d3346a20:   00000000bfaf9fd8 00007ff1d3346ae0
0x00007ff1d3346a30:   00007ff1c40d0800 00007ff211012cd8
0x00007ff1d3346a40:   00000000bfb0cc8b 00007ff1000000b6
0x00007ff1d3346a50:   00007ff1e8000fa8 00000001000000b6
0x00007ff1d3346a60:   00007ff1c40d0800 00007ff1d3346a68
0x00007ff1d3346a70:   00000000bfaf9fd8 00007ff1d3346ae0
0x00007ff1d3346a80:   00000000bfb0d900 0000000000000000
0x00007ff1d3346a90:   00000000bfaf9fe0 0000000000000000
0x00007ff1d3346aa0:   00007ff1d3346ac8 00007ff1d3346b38
0x00007ff1d3346ab0:   00007ff2110061d4 0000000000000000 

Instructions: (pc=0x00007ff1d334f462)
0x00007ff1d334f442:   89 44 24 4c 48 c7 44 24 40 00 00 00 00 48 c7 44
0x00007ff1d334f452:   24 38 00 00 00 00 e8 53 d7 ff ff 48 89 44 24 28
0x00007ff1d334f462:   8b 40 08 45 85 e4 48 8b 54 24 28 44 8b 7c 24 4c
0x00007ff1d334f472:   89 44 24 34 c7 42 08 00 00 00 00 78 0c 31 c0 e8 

Register to memory mapping:

RAX=0xffffffffd33474f0 is an unknown value
RBX=0xffffffffffffffff is an unknown value
RCX=0x0000000000000001 is an unknown value
RDX=0x00007ff21c633a50: <offset 0xe37a50> in /usr/lib/jvm/jdk1.7.0_51/jre/lib/amd64/server/libjvm.so at 0x00007ff21b7fc000
RSP=0x00007ff1d33468c0 is pointing into the stack for thread: 0x00007ff1c40d0800
RBP=0x00007ff1c40d09e8 is an unknown value
RSI=0x00007ff1d3352e30: <offset 0x9e30> in /usr/lib/jvm/jdk1.7.0_51/jre/lib/amd64/librxtxSerial.so at 0x00007ff1d3349000
RDI=0x00007ff1d3352d3e: <offset 0x9d3e> in /usr/lib/jvm/jdk1.7.0_51/jre/lib/amd64/librxtxSerial.so at 0x00007ff1d3349000
R8 =0x00007ff1d3346830 is pointing into the stack for thread: 0x00007ff1c40d0800
R9 =0x00000000ec6280d8 is an oop
gnu.io.RXTXPort 
 - klass: 'gnu/io/RXTXPort'
R10=0x0000000000000000 is an unknown value
R11=0x00007ff21c638008: <offset 0xe3c008> in /usr/lib/jvm/jdk1.7.0_51/jre/lib/amd64/server/libjvm.so at 0x00007ff21b7fc000
R12=0x00000000ffffffff is an unallocated location in the heap
R13=0x0000000000000000 is an unknown value
R14=0x000000000000001c is an unknown value
R15=0x0000000000000000 is an unknown value


Stack: [0x00007ff1d3248000,0x00007ff1d3349000],  sp=0x00007ff1d33468c0,  free space=1018k
Native frames: (J=compiled Java code, j=interpreted, Vv=VM code, C=native code)
C  [librxtxSerial.so+0x6462]  read_byte_array+0x52

Java frames: (J=compiled Java code, j=interpreted, Vv=VM code)
j  gnu.io.RXTXPort.readArray([BII)I+0
j  gnu.io.RXTXPort$SerialInputStream.read([BII)I+187
j  sun.nio.cs.StreamDecoder.readBytes()I+135
j  sun.nio.cs.StreamDecoder.implRead([CII)I+112
j  sun.nio.cs.StreamDecoder.read([CII)I+180
j  java.io.InputStreamReader.read([CII)I+7
j  java.io.BufferedReader.fill()V+145
j  java.io.BufferedReader.readLine(Z)Ljava/lang/String;+44
j  java.io.BufferedReader.readLine()Ljava/lang/String;+2
j  PPD_Frame.serialEvent(Lgnu/io/SerialPortEvent;)V+22
j  gnu.io.RXTXPort.sendEvent(IZ)Z+382
v  ~StubRoutines::call_stub
j  gnu.io.RXTXPort.eventLoop()V+0
j  gnu.io.RXTXPort$MonitorThread.run()V+12
v  ~StubRoutines::call_stub

---------------  P R O C E S S  ---------------

Java Threads: ( => current thread )
=>0x00007ff1c40d0800 JavaThread "Thread-0" [_thread_in_native, id=8701, stack(0x00007ff1d3248000,0x00007ff1d3349000)]
  0x00007ff1c4037800 JavaThread "Image Fetcher 0" daemon [_thread_blocked, id=8700, stack(0x00007ff1d3456000,0x00007ff1d3557000)]
  0x00007ff21400a000 JavaThread "DestroyJavaVM" [_thread_blocked, id=8682, stack(0x00007ff21b3f2000,0x00007ff21b4f3000)]
  0x00007ff21426f800 JavaThread "AWT-EventQueue-0" [_thread_blocked, id=8699, stack(0x00007ff1d37d6000,0x00007ff1d38d7000)]
  0x00007ff21426c800 JavaThread "AWT-Shutdown" [_thread_blocked, id=8698, stack(0x00007ff2000f2000,0x00007ff2001f3000)]
  0x00007ff2141d2000 JavaThread "AWT-XAWT" daemon [_thread_in_native, id=8697, stack(0x00007ff200682000,0x00007ff200783000)]
  0x00007ff2141af000 JavaThread "Java2D Disposer" daemon [_thread_blocked, id=8696, stack(0x00007ff21006c000,0x00007ff21016d000)]
  0x00007ff214097000 JavaThread "Service Thread" daemon [_thread_blocked, id=8694, stack(0x00007ff210540000,0x00007ff210641000)]
  0x00007ff214094800 JavaThread "C2 CompilerThread1" daemon [_thread_blocked, id=8693, stack(0x00007ff2180cf000,0x00007ff2181d0000)]
  0x00007ff214091800 JavaThread "C2 CompilerThread0" daemon [_thread_blocked, id=8692, stack(0x00007ff2181d0000,0x00007ff2182d1000)]
  0x00007ff21408f800 JavaThread "Signal Dispatcher" daemon [_thread_blocked, id=8691, stack(0x00007ff2182d1000,0x00007ff2183d2000)]
  0x00007ff214070000 JavaThread "Finalizer" daemon [_thread_blocked, id=8690, stack(0x00007ff2183d2000,0x00007ff2184d3000)]
  0x00007ff21406c000 JavaThread "Reference Handler" daemon [_thread_blocked, id=8689, stack(0x00007ff2184d3000,0x00007ff2185d4000)]

Other Threads:
  0x00007ff214069800 VMThread [stack: 0x00007ff2185d4000,0x00007ff2186d5000] [id=8688]
  0x00007ff2140a1800 WatcherThread [stack: 0x00007ff21043f000,0x00007ff210540000] [id=8695]

VM state:not at safepoint (normal execution)

VM Mutex/Monitor currently owned by a thread: None

Heap
 PSYoungGen      total 17920K, used 6799K [0x00000000ec080000, 0x00000000ed480000, 0x0000000100000000)
  eden space 15360K, 44% used [0x00000000ec080000,0x00000000ec723c30,0x00000000ecf80000)
  from space 2560K, 0% used [0x00000000ed200000,0x00000000ed200000,0x00000000ed480000)
  to   space 2560K, 0% used [0x00000000ecf80000,0x00000000ecf80000,0x00000000ed200000)
 ParOldGen       total 40448K, used 0K [0x00000000c4200000, 0x00000000c6980000, 0x00000000ec080000)
  object space 40448K, 0% used [0x00000000c4200000,0x00000000c4200000,0x00000000c6980000)
 PSPermGen       total 21504K, used 11987K [0x00000000bf000000, 0x00000000c0500000, 0x00000000c4200000)
  object space 21504K, 55% used [0x00000000bf000000,0x00000000bfbb4c48,0x00000000c0500000)

Card table byte_map: [0x00007ff21a08d000,0x00007ff21a296000] byte_map_base: 0x00007ff219a95000

Polling page: 0x00007ff21d284000

Code Cache  [0x00007ff211000000, 0x00007ff211270000, 0x00007ff214000000)
 total_blobs=523 nmethods=46 adapters=430 free_code_cache=48498Kb largest_free_block=49642624

Compilation events (10 events):
Event: 0.425 Thread 0x00007ff214094800   42             java.awt.MultipleGradientPaintContext::indexIntoGradientsArrays (190 bytes)
Event: 0.429 Thread 0x00007ff214094800 nmethod 42 0x00007ff211096710 code [0x00007ff2110968c0, 0x00007ff211096bf8]
Event: 0.429 Thread 0x00007ff214091800   43             java.awt.MultipleGradientPaintContext::interpolate (202 bytes)
Event: 0.433 Thread 0x00007ff214091800 nmethod 43 0x00007ff211095ed0 code [0x00007ff211096080, 0x00007ff211096638]
Event: 0.433 Thread 0x00007ff214094800   44             java.awt.LinearGradientPaintContext::fillRaster (97 bytes)
Event: 0.439 Thread 0x00007ff214094800 nmethod 44 0x00007ff211094350 code [0x00007ff211094500, 0x00007ff211094b78]
Event: 0.494 Thread 0x00007ff214091800   45             sun.java2d.loops.SurfaceType::getUniqueID (5 bytes)
Event: 0.494 Thread 0x00007ff214091800 nmethod 45 0x00007ff2110954d0 code [0x00007ff211095600, 0x00007ff211095658]
Event: 0.497 Thread 0x00007ff214091800   46             javax.swing.plaf.nimbus.InnerShadowEffect::applyEffect (604 bytes)
Event: 0.516 Thread 0x00007ff214091800 nmethod 46 0x00007ff2110a5f90 code [0x00007ff2110a6260, 0x00007ff2110a72c0]

GC Heap History (0 events):
No events

Deoptimization events (0 events):
No events

Internal exceptions (10 events):
Event: 0.191 Thread 0x00007ff21426f800 Threw 0x00000000ec393af0 at /HUDSON/workspace/7u-2-build-linux-amd64@2/jdk7u51/527/hotspot/src/share/vm/prims/jvm.cpp:1244
Event: 0.191 Thread 0x00007ff21426f800 Threw 0x00000000ec397630 at /HUDSON/workspace/7u-2-build-linux-amd64@2/jdk7u51/527/hotspot/src/share/vm/prims/jvm.cpp:1244
Event: 0.191 Thread 0x00007ff21426f800 Threw 0x00000000ec398d48 at /HUDSON/workspace/7u-2-build-linux-amd64@2/jdk7u51/527/hotspot/src/share/vm/prims/jvm.cpp:1244
Event: 0.252 Thread 0x00007ff21426f800 Threw 0x00000000ec469ff8 at /HUDSON/workspace/7u-2-build-linux-amd64@2/jdk7u51/527/hotspot/src/share/vm/prims/jvm.cpp:1244
Event: 0.254 Thread 0x00007ff21426f800 Threw 0x00000000ec505660 at /HUDSON/workspace/7u-2-build-linux-amd64@2/jdk7u51/527/hotspot/src/share/vm/prims/jvm.cpp:1244
Event: 0.327 Thread 0x00007ff21426f800 Threw 0x00000000ec5d3af8 at /HUDSON/workspace/7u-2-build-linux-amd64@2/jdk7u51/527/hotspot/src/share/vm/prims/jni.cpp:717
Event: 0.344 Thread 0x00007ff21426f800 Threw 0x00000000ec5e6d80 at /HUDSON/workspace/7u-2-build-linux-amd64@2/jdk7u51/527/hotspot/src/share/vm/prims/jni.cpp:717
Event: 0.346 Thread 0x00007ff21426f800 Threw 0x00000000ec5f8748 at /HUDSON/workspace/7u-2-build-linux-amd64@2/jdk7u51/527/hotspot/src/share/vm/prims/jni.cpp:717
Event: 0.366 Thread 0x00007ff21426f800 Threw 0x00000000ec60b6b8 at /HUDSON/workspace/7u-2-build-linux-amd64@2/jdk7u51/527/hotspot/src/share/vm/prims/jni.cpp:717
Event: 0.490 Thread 0x00007ff21426f800 Threw 0x00000000ec6cd470 at /HUDSON/workspace/7u-2-build-linux-amd64@2/jdk7u51/527/hotspot/src/share/vm/prims/jni.cpp:743

Events (10 events):
Event: 0.490 loading class 0x00007ff1e804cdf0
Event: 0.490 loading class 0x00007ff1e804cdf0 done
Event: 0.490 loading class 0x00007ff214102830
Event: 0.490 loading class 0x00007ff214102830 done
Event: 0.490 loading class 0x00007ff1e8050150
Event: 0.490 loading class 0x00007ff2141027c0
Event: 0.490 loading class 0x00007ff214148960
Event: 0.490 loading class 0x00007ff214148960 done
Event: 0.490 loading class 0x00007ff2141027c0 done
Event: 0.491 loading class 0x00007ff1e8050150 done


Dynamic libraries:
00400000-00401000 r-xp 00000000 08:07 937188                             /usr/lib/jvm/jdk1.7.0_51/bin/java
00600000-00601000 rw-p 00000000 08:07 937188                             /usr/lib/jvm/jdk1.7.0_51/bin/java
0072a000-0074b000 rw-p 00000000 00:00 0                                  [heap]
bf000000-c0500000 rw-p 00000000 00:00 0 
c0500000-c4200000 rw-p 00000000 00:00 0 
c4200000-c6980000 rw-p 00000000 00:00 0 
c6980000-ec080000 rw-p 00000000 00:00 0 
ec080000-ed480000 rw-p 00000000 00:00 0 
ed480000-100000000 rw-p 00000000 00:00 0 
7ff1bc000000-7ff1bc021000 rw-p 00000000 00:00 0 
7ff1bc021000-7ff1c0000000 ---p 00000000 00:00 0 
7ff1c4000000-7ff1c40d6000 rw-p 00000000 00:00 0 
7ff1c40d6000-7ff1c8000000 ---p 00000000 00:00 0 
7ff1c8000000-7ff1c8051000 rw-p 00000000 00:00 0 
7ff1c8051000-7ff1cc000000 ---p 00000000 00:00 0 
7ff1cc000000-7ff1cc021000 rw-p 00000000 00:00 0 
7ff1cc021000-7ff1d0000000 ---p 00000000 00:00 0 
7ff1d2e2b000-7ff1d2e55000 r-xp 00000000 08:07 1836084                    /usr/lib/jvm/jdk1.7.0_51/jre/lib/amd64/libdcpr.so
7ff1d2e55000-7ff1d3055000 ---p 0002a000 08:07 1836084                    /usr/lib/jvm/jdk1.7.0_51/jre/lib/amd64/libdcpr.so
7ff1d3055000-7ff1d3058000 rw-p 0002a000 08:07 1836084                    /usr/lib/jvm/jdk1.7.0_51/jre/lib/amd64/libdcpr.so
7ff1d3058000-7ff1d3248000 rw-s 00000000 00:05 97976387                   /SYSV00000000 (deleted)
7ff1d3248000-7ff1d324b000 ---p 00000000 00:00 0 
7ff1d324b000-7ff1d3349000 rw-p 00000000 00:00 0 
7ff1d3349000-7ff1d3355000 r-xp 00000000 08:07 1835128                    /usr/lib/jvm/jdk1.7.0_51/jre/lib/amd64/librxtxSerial.so
7ff1d3355000-7ff1d3454000 ---p 0000c000 08:07 1835128                    /usr/lib/jvm/jdk1.7.0_51/jre/lib/amd64/librxtxSerial.so
7ff1d3454000-7ff1d3456000 rw-p 0000b000 08:07 1835128                    /usr/lib/jvm/jdk1.7.0_51/jre/lib/amd64/librxtxSerial.so
7ff1d3456000-7ff1d3459000 ---p 00000000 00:00 0 
7ff1d3459000-7ff1d3557000 rw-p 00000000 00:00 0 
7ff1d3557000-7ff1d35bf000 r-xp 00000000 08:07 1836082                    /usr/lib/jvm/jdk1.7.0_51/jre/lib/amd64/libt2k.so
7ff1d35bf000-7ff1d37bf000 ---p 00068000 08:07 1836082                    /usr/lib/jvm/jdk1.7.0_51/jre/lib/amd64/libt2k.so
7ff1d37bf000-7ff1d37c6000 rw-p 00068000 08:07 1836082                    /usr/lib/jvm/jdk1.7.0_51/jre/lib/amd64/libt2k.so
7ff1d37c6000-7ff1d37d6000 rw-p 00000000 00:00 0 
7ff1d37d6000-7ff1d37d9000 ---p 00000000 00:00 0 
7ff1d37d9000-7ff1d38d7000 rw-p 00000000 00:00 0 
7ff1d38d7000-7ff1d38e7000 r-xp 00000000 08:07 1836051                    /usr/lib/jvm/jdk1.7.0_51/jre/lib/amd64/libnio.so
7ff1d38e7000-7ff1d3ae7000 ---p 00010000 08:07 1836051                    /usr/lib/jvm/jdk1.7.0_51/jre/lib/amd64/libnio.so
7ff1d3ae7000-7ff1d3ae8000 rw-p 00010000 08:07 1836051                    /usr/lib/jvm/jdk1.7.0_51/jre/lib/amd64/libnio.so
7ff1d3ae8000-7ff1d3de9000 rw-p 00000000 00:00 0 
7ff1d3de9000-7ff1d3dff000 r-xp 00000000 08:07 1836056                    /usr/lib/jvm/jdk1.7.0_51/jre/lib/amd64/libnet.so
7ff1d3dff000-7ff1d3fff000 ---p 00016000 08:07 1836056                    /usr/lib/jvm/jdk1.7.0_51/jre/lib/amd64/libnet.so
7ff1d3fff000-7ff1d4000000 rw-p 00016000 08:07 1836056                    /usr/lib/jvm/jdk1.7.0_51/jre/lib/amd64/libnet.so
7ff1d4000000-7ff1d4021000 rw-p 00000000 00:00 0 
7ff1d4021000-7ff1d8000000 ---p 00000000 00:00 0 
7ff1d8000000-7ff1d8021000 rw-p 00000000 00:00 0 
7ff1d8021000-7ff1dc000000 ---p 00000000 00:00 0 
7ff1dc000000-7ff1dc021000 rw-p 00000000 00:00 0 
7ff1dc021000-7ff1e0000000 ---p 00000000 00:00 0 
7ff1e0000000-7ff1e0021000 rw-p 00000000 00:00 0 
7ff1e0021000-7ff1e4000000 ---p 00000000 00:00 0 
7ff1e4000000-7ff1e4411000 rw-p 00000000 00:00 0 
7ff1e4411000-7ff1e8000000 ---p 00000000 00:00 0 
7ff1e8000000-7ff1e8249000 rw-p 00000000 00:00 0 
7ff1e8249000-7ff1ec000000 ---p 00000000 00:00 0 
7ff1ec000000-7ff1ec021000 rw-p 00000000 00:00 0 
7ff1ec021000-7ff1f0000000 ---p 00000000 00:00 0 
7ff1f0000000-7ff1f0021000 rw-p 00000000 00:00 0 
7ff1f0021000-7ff1f4000000 ---p 00000000 00:00 0 
7ff1f4000000-7ff1f4021000 rw-p 00000000 00:00 0 
7ff1f4021000-7ff1f8000000 ---p 00000000 00:00 0 
7ff1f8000000-7ff1f8021000 rw-p 00000000 00:00 0 
7ff1f8021000-7ff1fc000000 ---p 00000000 00:00 0 
7ff1fc000000-7ff1fc021000 rw-p 00000000 00:00 0 
7ff1fc021000-7ff200000000 ---p 00000000 00:00 0 
7ff2000c0000-7ff2000d9000 r--s 00000000 08:07 527849                     /usr/share/fonts/type1/gsfonts/n022004l.pfb
7ff2000d9000-7ff2000f2000 r--s 00000000 08:07 527834                     /usr/share/fonts/type1/gsfonts/n021003l.pfb
7ff2000f2000-7ff2000f5000 ---p 00000000 00:00 0 
7ff2000f5000-7ff2001f3000 rw-p 00000000 00:00 0 
7ff2001f3000-7ff200209000 r-xp 00000000 08:07 2364498                    /lib/x86_64-linux-gnu/libgcc_s.so.1
7ff200209000-7ff200408000 ---p 00016000 08:07 2364498                    /lib/x86_64-linux-gnu/libgcc_s.so.1
7ff200408000-7ff200409000 rw-p 00015000 08:07 2364498                    /lib/x86_64-linux-gnu/libgcc_s.so.1
7ff200409000-7ff20046e000 r-xp 00000000 08:07 1836052                    /usr/lib/jvm/jdk1.7.0_51/jre/lib/amd64/libfontmanager.so
7ff20046e000-7ff20066d000 ---p 00065000 08:07 1836052                    /usr/lib/jvm/jdk1.7.0_51/jre/lib/amd64/libfontmanager.so
7ff20066d000-7ff200671000 rw-p 00064000 08:07 1836052                    /usr/lib/jvm/jdk1.7.0_51/jre/lib/amd64/libfontmanager.so
7ff200671000-7ff200682000 rw-p 00000000 00:00 0 
7ff200682000-7ff200685000 ---p 00000000 00:00 0 
7ff200685000-7ff200783000 rw-p 00000000 00:00 0 
7ff200783000-7ff200788000 r-xp 00000000 08:07 2762080                    /usr/lib/x86_64-linux-gnu/libXfixes.so.3.1.0
7ff200788000-7ff200987000 ---p 00005000 08:07 2762080                    /usr/lib/x86_64-linux-gnu/libXfixes.so.3.1.0
7ff200987000-7ff200988000 r--p 00004000 08:07 2762080                    /usr/lib/x86_64-linux-gnu/libXfixes.so.3.1.0
7ff200988000-7ff200989000 rw-p 00005000 08:07 2762080                    /usr/lib/x86_64-linux-gnu/libXfixes.so.3.1.0
7ff200989000-7ff200992000 r-xp 00000000 08:07 2762072                    /usr/lib/x86_64-linux-gnu/libXcursor.so.1.0.2
7ff200992000-7ff200b91000 ---p 00009000 08:07 2762072                    /usr/lib/x86_64-linux-gnu/libXcursor.so.1.0.2
7ff200b91000-7ff200b92000 r--p 00008000 08:07 2762072                    /usr/lib/x86_64-linux-gnu/libXcursor.so.1.0.2
7ff200b92000-7ff200b93000 rw-p 00009000 08:07 2762072                    /usr/lib/x86_64-linux-gnu/libXcursor.so.1.0.2
7ff200b93000-7ff200b98000 r-xp 00000000 08:07 2762076                    /usr/lib/x86_64-linux-gnu/libXdmcp.so.6.0.0
7ff200b98000-7ff200d97000 ---p 00005000 08:07 2762076                    /usr/lib/x86_64-linux-gnu/libXdmcp.so.6.0.0
7ff200d97000-7ff200d98000 r--p 00004000 08:07 2762076                    /usr/lib/x86_64-linux-gnu/libXdmcp.so.6.0.0
7ff200d98000-7ff200d99000 rw-p 00005000 08:07 2762076                    /usr/lib/x86_64-linux-gnu/libXdmcp.so.6.0.0
7ff200d99000-7ff200d9b000 r-xp 00000000 08:07 2762065                    /usr/lib/x86_64-linux-gnu/libXau.so.6.0.0
7ff200d9b000-7ff200f9b000 ---p 00002000 08:07 2762065                    /usr/lib/x86_64-linux-gnu/libXau.so.6.0.0
7ff200f9b000-7ff200f9c000 r--p 00002000 08:07 2762065                    /usr/lib/x86_64-linux-gnu/libXau.so.6.0.0
7ff200f9c000-7ff200f9d000 rw-p 00003000 08:07 2762065                    /usr/lib/x86_64-linux-gnu/libXau.so.6.0.0
7ff200f9d000-7ff200fbe000 r-xp 00000000 08:07 2763443                    /usr/lib/x86_64-linux-gnu/libxcb.so.1.1.0
7ff200fbe000-7ff2011bd000 ---p 00021000 08:07 2763443                    /usr/lib/x86_64-linux-gnu/libxcb.so.1.1.0
7ff2011bd000-7ff2011be000 r--p 00020000 08:07 2763443                    /usr/lib/x86_64-linux-gnu/libxcb.so.1.1.0
7ff2011be000-7ff2011bf000 rw-p 00021000 08:07 2763443                    /usr/lib/x86_64-linux-gnu/libxcb.so.1.1.0
7ff2011bf000-7ff2011ce000 r-xp 00000000 08:07 2762086                    /usr/lib/x86_64-linux-gnu/libXi.so.6.1.0
7ff2011ce000-7ff2013cd000 ---p 0000f000 08:07 2762086                    /usr/lib/x86_64-linux-gnu/libXi.so.6.1.0
7ff2013cd000-7ff2013ce000 r--p 0000e000 08:07 2762086                    /usr/lib/x86_64-linux-gnu/libXi.so.6.1.0
7ff2013ce000-7ff2013cf000 rw-p 0000f000 08:07 2762086                    /usr/lib/x86_64-linux-gnu/libXi.so.6.1.0
7ff2013cf000-7ff2013d4000 r-xp 00000000 08:07 2762104                    /usr/lib/x86_64-linux-gnu/libXtst.so.6.1.0
7ff2013d4000-7ff2015d3000 ---p 00005000 08:07 2762104                    /usr/lib/x86_64-linux-gnu/libXtst.so.6.1.0
7ff2015d3000-7ff2015d4000 r--p 00004000 08:07 2762104                    /usr/lib/x86_64-linux-gnu/libXtst.so.6.1.0
7ff2015d4000-7ff2015d5000 rw-p 00005000 08:07 2762104                    /usr/lib/x86_64-linux-gnu/libXtst.so.6.1.0
7ff2015d5000-7ff2015de000 r-xp 00000000 08:07 2762098                    /usr/lib/x86_64-linux-gnu/libXrender.so.1.3.0
7ff2015de000-7ff2017dd000 ---p 00009000 08:07 2762098                    /usr/lib/x86_64-linux-gnu/libXrender.so.1.3.0
7ff2017dd000-7ff2017de000 r--p 00008000 08:07 2762098                    /usr/lib/x86_64-linux-gnu/libXrender.so.1.3.0
7ff2017de000-7ff2017df000 rw-p 00009000 08:07 2762098                    /usr/lib/x86_64-linux-gnu/libXrender.so.1.3.0
7ff2017df000-7ff201914000 r-xp 00000000 08:07 2762061                    /usr/lib/x86_64-linux-gnu/libX11.so.6.3.0
7ff201914000-7ff201b14000 ---p 00135000 08:07 2762061                    /usr/lib/x86_64-linux-gnu/libX11.so.6.3.0
7ff201b14000-7ff201b15000 r--p 00135000 08:07 2762061                    /usr/lib/x86_64-linux-gnu/libX11.so.6.3.0
7ff201b15000-7ff201b19000 rw-p 00136000 08:07 2762061                    /usr/lib/x86_64-linux-gnu/libX11.so.6.3.0
7ff201b19000-7ff201b2a000 r-xp 00000000 08:07 2762078                    /usr/lib/x86_64-linux-gnu/libXext.so.6.4.0
7ff201b2a000-7ff201d29000 ---p 00011000 08:07 2762078                    /usr/lib/x86_64-linux-gnu/libXext.so.6.4.0
7ff201d29000-7ff201d2a000 r--p 00010000 08:07 2762078                    /usr/lib/x86_64-linux-gnu/libXext.so.6.4.0
7ff201d2a000-7ff201d2b000 rw-p 00011000 08:07 2762078                    /usr/lib/x86_64-linux-gnu/libXext.so.6.4.0
7ff201d2b000-7ff201d7b000 r-xp 00000000 08:07 1836094                    /usr/lib/jvm/jdk1.7.0_51/jre/lib/amd64/xawt/libmawt.so
7ff201d7b000-7ff201f7b000 ---p 00050000 08:07 1836094                    /usr/lib/jvm/jdk1.7.0_51/jre/lib/amd64/xawt/libmawt.so
7ff201f7b000-7ff201f7f000 rw-p 00050000 08:07 1836094                    /usr/lib/jvm/jdk1.7.0_51/jre/lib/amd64/xawt/libmawt.so
7ff201f7f000-7ff204000000 rw-p 00000000 00:00 0 
7ff204000000-7ff204021000 rw-p 00000000 00:00 0 
7ff204021000-7ff208000000 ---p 00000000 00:00 0 
7ff208000000-7ff208021000 rw-p 00000000 00:00 0 
7ff208021000-7ff20c000000 ---p 00000000 00:00 0 
7ff20c000000-7ff20c021000 rw-p 00000000 00:00 0 
7ff20c021000-7ff210000000 ---p 00000000 00:00 0 
7ff210004000-7ff21001a000 r--s 00000000 08:07 527843                     /usr/share/fonts/type1/gsfonts/n021024l.pfb
7ff21001a000-7ff210030000 r--s 00000000 08:07 527852                     /usr/share/fonts/type1/gsfonts/n022023l.pfb
7ff210030000-7ff210047000 r--s 00000000 08:07 527840                     /usr/share/fonts/type1/gsfonts/n021023l.pfb
7ff210047000-7ff210058000 r--s 00000000 08:07 527816                     /usr/share/fonts/type1/gsfonts/n019023l.pfb
7ff210058000-7ff21006c000 r--s 00000000 08:07 527810                     /usr/share/fonts/type1/gsfonts/n019003l.pfb
7ff21006c000-7ff21006f000 ---p 00000000 00:00 0 
7ff21006f000-7ff21016d000 rw-p 00000000 00:00 0 
7ff21016d000-7ff21020f000 r-xp 00000000 08:07 1836064                    /usr/lib/jvm/jdk1.7.0_51/jre/lib/amd64/libawt.so
7ff21020f000-7ff21040f000 ---p 000a2000 08:07 1836064                    /usr/lib/jvm/jdk1.7.0_51/jre/lib/amd64/libawt.so
7ff21040f000-7ff21041b000 rw-p 000a2000 08:07 1836064                    /usr/lib/jvm/jdk1.7.0_51/jre/lib/amd64/libawt.so
7ff21041b000-7ff21043f000 rw-p 00000000 00:00 0 
7ff21043f000-7ff210440000 ---p 00000000 00:00 0 
7ff210440000-7ff210540000 rw-p 00000000 00:00 0 
7ff210540000-7ff210543000 ---p 00000000 00:00 0 
7ff210543000-7ff210641000 rw-p 00000000 00:00 0 
7ff210641000-7ff211000000 r--p 00000000 08:07 2760681                    /usr/lib/locale/locale-archive
7ff211000000-7ff211270000 rwxp 00000000 00:00 0 
7ff211270000-7ff214279000 rw-p 00000000 00:00 0 
7ff214279000-7ff218000000 ---p 00000000 00:00 0 
7ff218006000-7ff21800f000 r--s 00000000 08:07 527870                     /usr/share/fonts/type1/gsfonts/s050000l.pfb
7ff21800f000-7ff21801a000 r--s 00000000 08:07 2890696                    /var/cache/fontconfig/945677eb7aeaf62f1d50efc3fb3ec7d8-le64.cache-6
7ff21801a000-7ff218020000 r--s 00000000 08:07 2890678                    /var/cache/fontconfig/2cd17615ca594fa2959ae173292e504c-le64.cache-6
7ff218020000-7ff218021000 r--s 00000000 08:07 2890675                    /var/cache/fontconfig/0d8c3b2ac0904cb8a57a757ad11a4a08-le64.cache-6
7ff218021000-7ff218025000 r--s 00000000 08:07 2885053                    /var/cache/fontconfig/de156ccd2eddbdc19d37a45b8b2aac9c-le64.cache-6
7ff218025000-7ff21803a000 r--s 00000000 08:07 2890672                    /var/cache/fontconfig/04aabc0a78ac019cf9454389977116d2-le64.cache-6
7ff21803a000-7ff21803b000 r--s 00000000 08:07 2890677                    /var/cache/fontconfig/1ac9eb803944fde146138c791f5cc56a-le64.cache-6
7ff21803b000-7ff21803f000 r--s 00000000 08:07 2890682                    /var/cache/fontconfig/385c0604a188198f04d133e54aba7fe7-le64.cache-6
7ff21803f000-7ff218040000 r--s 00000000 08:07 2890709                    /var/cache/fontconfig/dc05db6664285cc2f12bf69c139ae4c3-le64.cache-6
7ff218040000-7ff218043000 r--s 00000000 08:07 2890692                    /var/cache/fontconfig/767a8244fc0220cfb567a839d0392e0b-le64.cache-6
7ff218043000-7ff218044000 r--s 00000000 08:07 2883743                    /var/cache/fontconfig/4794a0821666d79190d59a36cb4f44b5-le64.cache-6
7ff218044000-7ff218049000 r--s 00000000 08:07 2890695                    /var/cache/fontconfig/8801497958630a81b71ace7c5f9b32a8-le64.cache-6
7ff218049000-7ff21804a000 r--s 00000000 08:07 2890702                    /var/cache/fontconfig/bab58bb527bb656aaa9f116d68a48d89-le64.cache-6
7ff21804a000-7ff218051000 r--s 00000000 08:07 2890679                    /var/cache/fontconfig/3047814df9a2f067bd2d96a2b9c36e5a-le64.cache-6
7ff218051000-7ff218052000 r--s 00000000 08:07 2890686                    /var/cache/fontconfig/56cf4f4769d0f4abc89a4895d7bd3ae1-le64.cache-6
7ff218052000-7ff218053000 r--s 00000000 08:07 2890701                    /var/cache/fontconfig/b9d506c9ac06c20b433354fa67a72993-le64.cache-6
7ff218053000-7ff218059000 r--s 00000000 08:07 2890700                    /var/cache/fontconfig/b47c4e1ecd0709278f4910c18777a504-le64.cache-6
7ff218059000-7ff21806c000 r--s 00000000 08:07 2890706                    /var/cache/fontconfig/d52a8644073d54c13679302ca1180695-le64.cache-6
7ff21806c000-7ff21806d000 r--s 00000000 08:07 2890685                    /var/cache/fontconfig/551ecf3b0e8b0bca0f25c0944f561853-le64.cache-6
7ff21806d000-7ff218078000 r--s 00000000 08:07 2887795                    /var/cache/fontconfig/d589a48862398ed80a3d6066f4f56f4c-le64.cache-6
7ff218078000-7ff21807b000 r--s 00000000 08:07 2890691                    /var/cache/fontconfig/75114ca45c98e8a441da0ff356701271-le64.cache-6
7ff21807b000-7ff218086000 r--s 00000000 08:07 2890694                    /var/cache/fontconfig/83bf95040141907cd45bb53cf7c1c148-le64.cache-6
7ff218086000-7ff218098000 r--s 00000000 08:07 2886108                    /var/cache/fontconfig/9b89f8e3dae116d678bbf48e5f21f69b-le64.cache-6
7ff218098000-7ff21809b000 r--s 00000000 08:07 2890710                    /var/cache/fontconfig/e13b20fdb08344e0e664864cc2ede53d-le64.cache-6
7ff21809b000-7ff21809f000 r--s 00000000 08:07 2883629                    /var/cache/fontconfig/7ef2298fde41cc6eeb7af42e48b7d293-le64.cache-6
7ff21809f000-7ff2180c4000 r--p 00000000 08:07 397003                     /usr/share/locale-langpack/es/LC_MESSAGES/libc.mo
7ff2180c4000-7ff2180cf000 r--s 0037c000 08:07 1057110                    /usr/lib/jvm/jdk1.7.0_51/jre/lib/charsets.jar
7ff2180cf000-7ff2180d2000 ---p 00000000 00:00 0 
7ff2180d2000-7ff2181d0000 rw-p 00000000 00:00 0 
7ff2181d0000-7ff2181d3000 ---p 00000000 00:00 0 
7ff2181d3000-7ff2182d1000 rw-p 00000000 00:00 0 
7ff2182d1000-7ff2182d4000 ---p 00000000 00:00 0 
7ff2182d4000-7ff2183d2000 rw-p 00000000 00:00 0 
7ff2183d2000-7ff2183d5000 ---p 00000000 00:00 0 
7ff2183d5000-7ff2184d3000 rw-p 00000000 00:00 0 
7ff2184d3000-7ff2184d6000 ---p 00000000 00:00 0 
7ff2184d6000-7ff2185d4000 rw-p 00000000 00:00 0 
7ff2185d4000-7ff2185d5000 ---p 00000000 00:00 0 
7ff2185d5000-7ff2196b3000 rw-p 00000000 00:00 0 
7ff2196b3000-7ff219870000 r--s 039bf000 08:07 1057153                    /usr/lib/jvm/jdk1.7.0_51/jre/lib/rt.jar
7ff219870000-7ff219b49000 rw-p 00000000 00:00 0 
7ff219b49000-7ff219b4a000 ---p 00000000 00:00 0 
7ff219b4a000-7ff219c4a000 rw-p 00000000 00:00 0 
7ff219c4a000-7ff219c4b000 ---p 00000000 00:00 0 
7ff219c4b000-7ff219d4b000 rw-p 00000000 00:00 0 
7ff219d4b000-7ff219d4c000 ---p 00000000 00:00 0 
7ff219d4c000-7ff219e4c000 rw-p 00000000 00:00 0 
7ff219e4c000-7ff219e4d000 ---p 00000000 00:00 0 
7ff219e4d000-7ff219f61000 rw-p 00000000 00:00 0 
7ff219f61000-7ff21a08d000 rw-p 00000000 00:00 0 
7ff21a08d000-7ff21a098000 rw-p 00000000 00:00 0 
7ff21a098000-7ff21a0b6000 rw-p 00000000 00:00 0 
7ff21a0b6000-7ff21a0ca000 rw-p 00000000 00:00 0 
7ff21a0ca000-7ff21a1f5000 rw-p 00000000 00:00 0 
7ff21a1f5000-7ff21a200000 rw-p 00000000 00:00 0 
7ff21a200000-7ff21a295000 rw-p 00000000 00:00 0 
7ff21a295000-7ff21a2a0000 rw-p 00000000 00:00 0 
7ff21a2a0000-7ff21a356000 rw-p 00000000 00:00 0 
7ff21a356000-7ff21a370000 r-xp 00000000 08:07 1836101                    /usr/lib/jvm/jdk1.7.0_51/jre/lib/amd64/libzip.so
7ff21a370000-7ff21a570000 ---p 0001a000 08:07 1836101                    /usr/lib/jvm/jdk1.7.0_51/jre/lib/amd64/libzip.so
7ff21a570000-7ff21a571000 rw-p 0001a000 08:07 1836101                    /usr/lib/jvm/jdk1.7.0_51/jre/lib/amd64/libzip.so
7ff21a571000-7ff21a57c000 r-xp 00000000 08:07 2364559                    /lib/x86_64-linux-gnu/libnss_files-2.23.so
7ff21a57c000-7ff21a77b000 ---p 0000b000 08:07 2364559                    /lib/x86_64-linux-gnu/libnss_files-2.23.so
7ff21a77b000-7ff21a77c000 r--p 0000a000 08:07 2364559                    /lib/x86_64-linux-gnu/libnss_files-2.23.so
7ff21a77c000-7ff21a77d000 rw-p 0000b000 08:07 2364559                    /lib/x86_64-linux-gnu/libnss_files-2.23.so
7ff21a77d000-7ff21a783000 rw-p 00000000 00:00 0 
7ff21a783000-7ff21a78e000 r-xp 00000000 08:07 2364569                    /lib/x86_64-linux-gnu/libnss_nis-2.23.so
7ff21a78e000-7ff21a98d000 ---p 0000b000 08:07 2364569                    /lib/x86_64-linux-gnu/libnss_nis-2.23.so
7ff21a98d000-7ff21a98e000 r--p 0000a000 08:07 2364569                    /lib/x86_64-linux-gnu/libnss_nis-2.23.so
7ff21a98e000-7ff21a98f000 rw-p 0000b000 08:07 2364569                    /lib/x86_64-linux-gnu/libnss_nis-2.23.so
7ff21a98f000-7ff21a9a5000 r-xp 00000000 08:07 2364553                    /lib/x86_64-linux-gnu/libnsl-2.23.so
7ff21a9a5000-7ff21aba4000 ---p 00016000 08:07 2364553                    /lib/x86_64-linux-gnu/libnsl-2.23.so
7ff21aba4000-7ff21aba5000 r--p 00015000 08:07 2364553                    /lib/x86_64-linux-gnu/libnsl-2.23.so
7ff21aba5000-7ff21aba6000 rw-p 00016000 08:07 2364553                    /lib/x86_64-linux-gnu/libnsl-2.23.so
7ff21aba6000-7ff21aba8000 rw-p 00000000 00:00 0 
7ff21aba8000-7ff21abb0000 r-xp 00000000 08:07 2364555                    /lib/x86_64-linux-gnu/libnss_compat-2.23.so
7ff21abb0000-7ff21adaf000 ---p 00008000 08:07 2364555                    /lib/x86_64-linux-gnu/libnss_compat-2.23.so
7ff21adaf000-7ff21adb0000 r--p 00007000 08:07 2364555                    /lib/x86_64-linux-gnu/libnss_compat-2.23.so
7ff21adb0000-7ff21adb1000 rw-p 00008000 08:07 2364555                    /lib/x86_64-linux-gnu/libnss_compat-2.23.so
7ff21adb1000-7ff21adda000 r-xp 00000000 08:07 1836085                    /usr/lib/jvm/jdk1.7.0_51/jre/lib/amd64/libjava.so
7ff21adda000-7ff21afda000 ---p 00029000 08:07 1836085                    /usr/lib/jvm/jdk1.7.0_51/jre/lib/amd64/libjava.so
7ff21afda000-7ff21afdc000 rw-p 00029000 08:07 1836085                    /usr/lib/jvm/jdk1.7.0_51/jre/lib/amd64/libjava.so
7ff21afdc000-7ff21afe9000 r-xp 00000000 08:07 1836083                    /usr/lib/jvm/jdk1.7.0_51/jre/lib/amd64/libverify.so
7ff21afe9000-7ff21b1e8000 ---p 0000d000 08:07 1836083                    /usr/lib/jvm/jdk1.7.0_51/jre/lib/amd64/libverify.so
7ff21b1e8000-7ff21b1ea000 rw-p 0000c000 08:07 1836083                    /usr/lib/jvm/jdk1.7.0_51/jre/lib/amd64/libverify.so
7ff21b1ea000-7ff21b1f1000 r-xp 00000000 08:07 2364614                    /lib/x86_64-linux-gnu/librt-2.23.so
7ff21b1f1000-7ff21b3f0000 ---p 00007000 08:07 2364614                    /lib/x86_64-linux-gnu/librt-2.23.so
7ff21b3f0000-7ff21b3f1000 r--p 00006000 08:07 2364614                    /lib/x86_64-linux-gnu/librt-2.23.so
7ff21b3f1000-7ff21b3f2000 rw-p 00007000 08:07 2364614                    /lib/x86_64-linux-gnu/librt-2.23.so
7ff21b3f2000-7ff21b3f5000 ---p 00000000 00:00 0 
7ff21b3f5000-7ff21b4f3000 rw-p 00000000 00:00 0 
7ff21b4f3000-7ff21b5fb000 r-xp 00000000 08:07 2364530                    /lib/x86_64-linux-gnu/libm-2.23.so
7ff21b5fb000-7ff21b7fa000 ---p 00108000 08:07 2364530                    /lib/x86_64-linux-gnu/libm-2.23.so
7ff21b7fa000-7ff21b7fb000 r--p 00107000 08:07 2364530                    /lib/x86_64-linux-gnu/libm-2.23.so
7ff21b7fb000-7ff21b7fc000 rw-p 00108000 08:07 2364530                    /lib/x86_64-linux-gnu/libm-2.23.so
7ff21b7fc000-7ff21c35e000 r-xp 00000000 08:07 1836091                    /usr/lib/jvm/jdk1.7.0_51/jre/lib/amd64/server/libjvm.so
7ff21c35e000-7ff21c55e000 ---p 00b62000 08:07 1836091                    /usr/lib/jvm/jdk1.7.0_51/jre/lib/amd64/server/libjvm.so
7ff21c55e000-7ff21c621000 rw-p 00b62000 08:07 1836091                    /usr/lib/jvm/jdk1.7.0_51/jre/lib/amd64/server/libjvm.so
7ff21c621000-7ff21c662000 rw-p 00000000 00:00 0 
7ff21c662000-7ff21c822000 r-xp 00000000 08:07 2364460                    /lib/x86_64-linux-gnu/libc-2.23.so
7ff21c822000-7ff21ca21000 ---p 001c0000 08:07 2364460                    /lib/x86_64-linux-gnu/libc-2.23.so
7ff21ca21000-7ff21ca25000 r--p 001bf000 08:07 2364460                    /lib/x86_64-linux-gnu/libc-2.23.so
7ff21ca25000-7ff21ca27000 rw-p 001c3000 08:07 2364460                    /lib/x86_64-linux-gnu/libc-2.23.so
7ff21ca27000-7ff21ca2b000 rw-p 00000000 00:00 0 
7ff21ca2b000-7ff21ca2e000 r-xp 00000000 08:07 2364484                    /lib/x86_64-linux-gnu/libdl-2.23.so
7ff21ca2e000-7ff21cc2d000 ---p 00003000 08:07 2364484                    /lib/x86_64-linux-gnu/libdl-2.23.so
7ff21cc2d000-7ff21cc2e000 r--p 00002000 08:07 2364484                    /lib/x86_64-linux-gnu/libdl-2.23.so
7ff21cc2e000-7ff21cc2f000 rw-p 00003000 08:07 2364484                    /lib/x86_64-linux-gnu/libdl-2.23.so
7ff21cc2f000-7ff21cc45000 r-xp 00000000 08:07 1056839                    /usr/lib/jvm/jdk1.7.0_51/lib/amd64/jli/libjli.so
7ff21cc45000-7ff21ce45000 ---p 00016000 08:07 1056839                    /usr/lib/jvm/jdk1.7.0_51/lib/amd64/jli/libjli.so
7ff21ce45000-7ff21ce46000 rw-p 00016000 08:07 1056839                    /usr/lib/jvm/jdk1.7.0_51/lib/amd64/jli/libjli.so
7ff21ce46000-7ff21ce5e000 r-xp 00000000 08:07 2364606                    /lib/x86_64-linux-gnu/libpthread-2.23.so
7ff21ce5e000-7ff21d05d000 ---p 00018000 08:07 2364606                    /lib/x86_64-linux-gnu/libpthread-2.23.so
7ff21d05d000-7ff21d05e000 r--p 00017000 08:07 2364606                    /lib/x86_64-linux-gnu/libpthread-2.23.so
7ff21d05e000-7ff21d05f000 rw-p 00018000 08:07 2364606                    /lib/x86_64-linux-gnu/libpthread-2.23.so
7ff21d05f000-7ff21d063000 rw-p 00000000 00:00 0 
7ff21d063000-7ff21d089000 r-xp 00000000 08:07 2364432                    /lib/x86_64-linux-gnu/ld-2.23.so
7ff21d089000-7ff21d08a000 r--s 00000000 08:07 2890680                    /var/cache/fontconfig/30829fa25452a46451e813d634d7f916-le64.cache-6
7ff21d08a000-7ff21d091000 r--s 00000000 08:07 3016614                    /usr/lib/x86_64-linux-gnu/gconv/gconv-modules.cache
7ff21d091000-7ff21d093000 r--s 0000d000 08:08 3412122                    /home/kcrez/Documentos/JavaDuino/library/rxtx2.1/RXTXcomm.jar
7ff21d093000-7ff21d095000 r--s 0000d000 08:07 1835127                    /usr/lib/jvm/jdk1.7.0_51/jre/lib/ext/RXTXcomm.jar
7ff21d095000-7ff21d0e9000 rw-p 00000000 00:00 0 
7ff21d0e9000-7ff21d107000 rw-p 00000000 00:00 0 
7ff21d107000-7ff21d10b000 rw-p 00000000 00:00 0 
7ff21d10b000-7ff21d14f000 r-xp 00000000 08:07 1052366                    /opt/eset/esets/lib/libesets_pac.so
7ff21d14f000-7ff21d24f000 ---p 00044000 08:07 1052366                    /opt/eset/esets/lib/libesets_pac.so
7ff21d24f000-7ff21d252000 rw-p 00044000 08:07 1052366                    /opt/eset/esets/lib/libesets_pac.so
7ff21d252000-7ff21d265000 rw-p 00000000 00:00 0 
7ff21d265000-7ff21d266000 r--s 00000000 08:07 2890674                    /var/cache/fontconfig/0c9eb80ebd1c36541ebe2852d3bb0c49-le64.cache-6
7ff21d266000-7ff21d27b000 rw-p 00000000 00:00 0 
7ff21d27b000-7ff21d283000 rw-s 00000000 08:07 2097299                    /tmp/hsperfdata_kcrez/8679
7ff21d283000-7ff21d284000 rw-p 00000000 00:00 0 
7ff21d284000-7ff21d285000 r--p 00000000 00:00 0 
7ff21d285000-7ff21d288000 rw-p 00000000 00:00 0 
7ff21d288000-7ff21d289000 r--p 00025000 08:07 2364432                    /lib/x86_64-linux-gnu/ld-2.23.so
7ff21d289000-7ff21d28a000 rw-p 00026000 08:07 2364432                    /lib/x86_64-linux-gnu/ld-2.23.so
7ff21d28a000-7ff21d28b000 rw-p 00000000 00:00 0 
7ffd9788d000-7ffd978ae000 rw-p 00000000 00:00 0                          [stack]
7ffd979e7000-7ffd979e9000 r--p 00000000 00:00 0                          [vvar]
7ffd979e9000-7ffd979eb000 r-xp 00000000 00:00 0                          [vdso]
ffffffffff600000-ffffffffff601000 r-xp 00000000 00:00 0                  [vsyscall]

VM Arguments:
jvm_args: -Dfile.encoding=UTF-8 -Djava.library.path=/home/kcrez/Documentos/JavaDuino/library/rxtx2.1 
java_command: PPD_Frame
Launcher Type: SUN_STANDARD

Environment Variables:
PATH=/usr/local/sbin:/usr/local/bin:/usr/sbin:/usr/bin:/sbin:/bin:/usr/games:/usr/local/games:/snap/bin
LD_LIBRARY_PATH=/usr/lib/jvm/jdk1.7.0_51/jre/lib/amd64:/usr/lib/jvm/jdk1.7.0_51/jre/lib/i386:
SHELL=/bin/bash
DISPLAY=:0

Signal Handlers:
SIGSEGV: [libjvm.so+0x993870], sa_mask[0]=0x7ffbfeff, sa_flags=0x10000004
SIGBUS: [libjvm.so+0x993870], sa_mask[0]=0x7ffbfeff, sa_flags=0x10000004
SIGFPE: [libjvm.so+0x8105b0], sa_mask[0]=0x7ffbfeff, sa_flags=0x10000004
SIGPIPE: [libjvm.so+0x8105b0], sa_mask[0]=0x7ffbfeff, sa_flags=0x10000004
SIGXFSZ: [libjvm.so+0x8105b0], sa_mask[0]=0x7ffbfeff, sa_flags=0x10000004
SIGILL: [libjvm.so+0x8105b0], sa_mask[0]=0x7ffbfeff, sa_flags=0x10000004
SIGUSR1: SIG_DFL, sa_mask[0]=0x00000000, sa_flags=0x00000000
SIGUSR2: [libjvm.so+0x811aa0], sa_mask[0]=0x00000004, sa_flags=0x10000004
SIGHUP: [libjvm.so+0x812a10], sa_mask[0]=0x7ffbfeff, sa_flags=0x10000004
SIGINT: SIG_IGN, sa_mask[0]=0x00000000, sa_flags=0x00000000
SIGTERM: [libjvm.so+0x812a10], sa_mask[0]=0x7ffbfeff, sa_flags=0x10000004
SIGQUIT: [libjvm.so+0x812a10], sa_mask[0]=0x7ffbfeff, sa_flags=0x10000004


---------------  S Y S T E M  ---------------

OS:stretch/sid

uname:Linux 4.4.0-22-generic #40-Ubuntu SMP Thu May 12 22:03:46 UTC 2016 x86_64
libc:glibc 2.23 NPTL 2.23 
rlimit: STACK 8192k, CORE 0k, NPROC 15146, NOFILE 65536, AS infinity
load average:0.13 0.30 0.32

/proc/meminfo:
MemTotal:        3916240 kB
MemFree:           88760 kB
MemAvailable:    1236524 kB
Buffers:          161332 kB
Cached:          1041252 kB
SwapCached:          860 kB
Active:          2434436 kB
Inactive:        1029288 kB
Active(anon):    1838404 kB
Inactive(anon):   695468 kB
Active(file):     596032 kB
Inactive(file):   333820 kB
Unevictable:          48 kB
Mlocked:              48 kB
SwapTotal:       7812088 kB
SwapFree:        7779184 kB
Dirty:               396 kB
Writeback:             0 kB
AnonPages:       2260520 kB
Mapped:           334900 kB
Shmem:            272732 kB
Slab:             281988 kB
SReclaimable:     247144 kB
SUnreclaim:        34844 kB
KernelStack:       10736 kB
PageTables:        34588 kB
NFS_Unstable:          0 kB
Bounce:                0 kB
WritebackTmp:          0 kB
CommitLimit:     9770208 kB
Committed_AS:    6877896 kB
VmallocTotal:   34359738367 kB
VmallocUsed:           0 kB
VmallocChunk:          0 kB
HardwareCorrupted:     0 kB
AnonHugePages:   1273856 kB
CmaTotal:              0 kB
CmaFree:               0 kB
HugePages_Total:       0
HugePages_Free:        0
HugePages_Rsvd:        0
HugePages_Surp:        0
Hugepagesize:       2048 kB
DirectMap4k:      123676 kB
DirectMap2M:     3940352 kB
DirectMap1G:           0 kB


CPU:total 4 (2 cores per cpu, 2 threads per core) family 6 model 60 stepping 3, cmov, cx8, fxsr, mmx, sse, sse2, sse3, ssse3, sse4.1, sse4.2, popcnt, avx, avx2, aes, erms, ht, tsc, tscinvbit

/proc/cpuinfo:
processor	: 0
vendor_id	: GenuineIntel
cpu family	: 6
model		: 60
model name	: Intel(R) Core(TM) i3-4170 CPU @ 3.70GHz
stepping	: 3
microcode	: 0x1e
cpu MHz		: 3699.855
cache size	: 3072 KB
physical id	: 0
siblings	: 4
core id		: 0
cpu cores	: 2
apicid		: 0
initial apicid	: 0
fpu		: yes
fpu_exception	: yes
cpuid level	: 13
wp		: yes
flags		: fpu vme de pse tsc msr pae mce cx8 apic sep mtrr pge mca cmov pat pse36 clflush dts acpi mmx fxsr sse sse2 ss ht tm pbe syscall nx pdpe1gb rdtscp lm constant_tsc arch_perfmon pebs bts rep_good nopl xtopology nonstop_tsc aperfmperf eagerfpu pni pclmulqdq dtes64 monitor ds_cpl vmx est tm2 ssse3 sdbg fma cx16 xtpr pdcm pcid sse4_1 sse4_2 movbe popcnt tsc_deadline_timer aes xsave avx f16c rdrand lahf_lm abm epb tpr_shadow vnmi flexpriority ept vpid fsgsbase tsc_adjust bmi1 avx2 smep bmi2 erms invpcid xsaveopt dtherm arat pln pts
bugs		:
bogomips	: 7382.73
clflush size	: 64
cache_alignment	: 64
address sizes	: 39 bits physical, 48 bits virtual
power management:

processor	: 1
vendor_id	: GenuineIntel
cpu family	: 6
model		: 60
model name	: Intel(R) Core(TM) i3-4170 CPU @ 3.70GHz
stepping	: 3
microcode	: 0x1e
cpu MHz		: 3700.000
cache size	: 3072 KB
physical id	: 0
siblings	: 4
core id		: 1
cpu cores	: 2
apicid		: 2
initial apicid	: 2
fpu		: yes
fpu_exception	: yes
cpuid level	: 13
wp		: yes
flags		: fpu vme de pse tsc msr pae mce cx8 apic sep mtrr pge mca cmov pat pse36 clflush dts acpi mmx fxsr sse sse2 ss ht tm pbe syscall nx pdpe1gb rdtscp lm constant_tsc arch_perfmon pebs bts rep_good nopl xtopology nonstop_tsc aperfmperf eagerfpu pni pclmulqdq dtes64 monitor ds_cpl vmx est tm2 ssse3 sdbg fma cx16 xtpr pdcm pcid sse4_1 sse4_2 movbe popcnt tsc_deadline_timer aes xsave avx f16c rdrand lahf_lm abm epb tpr_shadow vnmi flexpriority ept vpid fsgsbase tsc_adjust bmi1 avx2 smep bmi2 erms invpcid xsaveopt dtherm arat pln pts
bugs		:
bogomips	: 7382.73
clflush size	: 64
cache_alignment	: 64
address sizes	: 39 bits physical, 48 bits virtual
power management:

processor	: 2
vendor_id	: GenuineIntel
cpu family	: 6
model		: 60
model name	: Intel(R) Core(TM) i3-4170 CPU @ 3.70GHz
stepping	: 3
microcode	: 0x1e
cpu MHz		: 3700.000
cache size	: 3072 KB
physical id	: 0
siblings	: 4
core id		: 0
cpu cores	: 2
apicid		: 1
initial apicid	: 1
fpu		: yes
fpu_exception	: yes
cpuid level	: 13
wp		: yes
flags		: fpu vme de pse tsc msr pae mce cx8 apic sep mtrr pge mca cmov pat pse36 clflush dts acpi mmx fxsr sse sse2 ss ht tm pbe syscall nx pdpe1gb rdtscp lm constant_tsc arch_perfmon pebs bts rep_good nopl xtopology nonstop_tsc aperfmperf eagerfpu pni pclmulqdq dtes64 monitor ds_cpl vmx est tm2 ssse3 sdbg fma cx16 xtpr pdcm pcid sse4_1 sse4_2 movbe popcnt tsc_deadline_timer aes xsave avx f16c rdrand lahf_lm abm epb tpr_shadow vnmi flexpriority ept vpid fsgsbase tsc_adjust bmi1 avx2 smep bmi2 erms invpcid xsaveopt dtherm arat pln pts
bugs		:
bogomips	: 7382.73
clflush size	: 64
cache_alignment	: 64
address sizes	: 39 bits physical, 48 bits virtual
power management:

processor	: 3
vendor_id	: GenuineIntel
cpu family	: 6
model		: 60
model name	: Intel(R) Core(TM) i3-4170 CPU @ 3.70GHz
stepping	: 3
microcode	: 0x1e
cpu MHz		: 3700.000
cache size	: 3072 KB
physical id	: 0
siblings	: 4
core id		: 1
cpu cores	: 2
apicid		: 3
initial apicid	: 3
fpu		: yes
fpu_exception	: yes
cpuid level	: 13
wp		: yes
flags		: fpu vme de pse tsc msr pae mce cx8 apic sep mtrr pge mca cmov pat pse36 clflush dts acpi mmx fxsr sse sse2 ss ht tm pbe syscall nx pdpe1gb rdtscp lm constant_tsc arch_perfmon pebs bts rep_good nopl xtopology nonstop_tsc aperfmperf eagerfpu pni pclmulqdq dtes64 monitor ds_cpl vmx est tm2 ssse3 sdbg fma cx16 xtpr pdcm pcid sse4_1 sse4_2 movbe popcnt tsc_deadline_timer aes xsave avx f16c rdrand lahf_lm abm epb tpr_shadow vnmi flexpriority ept vpid fsgsbase tsc_adjust bmi1 avx2 smep bmi2 erms invpcid xsaveopt dtherm arat pln pts
bugs		:
bogomips	: 7382.73
clflush size	: 64
cache_alignment	: 64
address sizes	: 39 bits physical, 48 bits virtual
power management:



Memory: 4k page, physical 3916240k(88760k free), swap 7812088k(7779184k free)

vm_info: Java HotSpot(TM) 64-Bit Server VM (24.51-b03) for linux-amd64 JRE (1.7.0_51-b13), built on Dec 18 2013 18:48:01 by "java_re" with gcc 4.3.0 20080428 (Red Hat 4.3.0-8)

time: Sun Jul 31 17:40:45 2016
elapsed time: 0 seconds

