#
# A fatal error has been detected by the Java Runtime Environment:
#
#  SIGSEGV (0xb) at pc=0x00007f0e6e224462, pid=5561, tid=139699953981184
#
# JRE version: Java(TM) SE Runtime Environment (7.0_51-b13) (build 1.7.0_51-b13)
# Java VM: Java HotSpot(TM) 64-Bit Server VM (24.51-b03 mixed mode linux-amd64 compressed oops)
# Problematic frame:
# C  [librxtxSerial.so+0x6462]  read_byte_array+0x52
#
# Failed to write core dump. Core dumps have been disabled. To enable core dumping, try "ulimit -c unlimited" before starting Java again
#
# If you would like to submit a bug report, please visit:
#   http://bugreport.sun.com/bugreport/crash.jsp
# The crash happened outside the Java Virtual Machine in native code.
# See problematic frame for where to report the bug.
#

---------------  T H R E A D  ---------------

Current thread (0x00007f0e540e0000):  JavaThread "Thread-0" [_thread_in_native, id=5584, stack(0x00007f0e6e11d000,0x00007f0e6e21e000)]

siginfo:si_signo=SIGSEGV: si_errno=0, si_code=1 (SEGV_MAPERR), si_addr=0x000000006e21c7f8

Registers:
RAX=0x000000006e21c7f0, RBX=0xffffffffffffffff, RCX=0x0000000000000001, RDX=0x00007f0eab444a50
RSP=0x00007f0e6e21bbc0, RBP=0x00007f0e540e01e8, RSI=0x00007f0e6e227e30, RDI=0x00007f0e6e227d3e
R8 =0x00007f0e6e21bb30, R9 =0x00000000ec6281f0, R10=0x0000000000000000, R11=0x00007f0eab449008
R12=0x00000000ffffffff, R13=0x0000000000000000, R14=0x000000000000001c, R15=0x0000000000000000
RIP=0x00007f0e6e224462, EFLAGS=0x0000000000010206, CSGSFS=0x0000000000000033, ERR=0x0000000000000004
  TRAPNO=0x000000000000000e

Top of Stack: (sp=0x00007f0e6e21bbc0)
0x00007f0e6e21bbc0:   ff0000000000ff00 0000000000000000
0x00007f0e6e21bbd0:   0000000000000000 0000000000000000
0x00007f0e6e21bbe0:   00007f0ea40d2df0 000000006e21c7f0
0x00007f0e6e21bbf0:   0000000000000000 0000000000000000
0x00007f0e6e21bc00:   0000000000000000 00000001a40d21a0
0x00007f0e6e21bc10:   00007f0e4c001280 0000001c00000000
0x00007f0e6e21bc20:   0000000000000000 0000000000000000
0x00007f0e6e21bc30:   0000000000000000 0000000000000000
0x00007f0e6e21bc40:   00007f0e540e0000 0000000000000700
0x00007f0e6e21bc50:   0000000000002000 0000000000000000
0x00007f0e6e21bc60:   000000000000001c 0000000000000000
0x00007f0e6e21bc70:   00007f0e6e21bca0 00007f0eaa8b7dac
0x00007f0e6e21bc80:   00007f0e4c001280 00007f0e4c001280
0x00007f0e6e21bc90:   000000000000001c 00007f0e6e21bd00
0x00007f0e6e21bca0:   00007f0e540e01e8 0000000000000001
0x00007f0e6e21bcb0:   00000000ffffffff ffffffffffffffff
0x00007f0e6e21bcc0:   00007f0e540e01e8 00007f0e4c001280
0x00007f0e6e21bcd0:   0000000000000001 000000000000001c
0x00007f0e6e21bce0:   0000000000000000 00007f0e6e2248a1
0x00007f0e6e21bcf0:   00007f0e540e0000 00007f0e6e21bdd8
0x00007f0e6e21bd00:   00007f0e6e21bde0 00000000bfafd240
0x00007f0e6e21bd10:   00007f0e6e21bda8 0000000000000000
0x00007f0e6e21bd20:   00000000bfafd238 00007f0e6e21bde0
0x00007f0e6e21bd30:   00007f0e540e0000 00007f0ea1012cd8
0x00007f0e6e21bd40:   00000000bfb0cc53 00007f0e000000b6
0x00007f0e6e21bd50:   00007f0e700b05c8 00000001000000b6
0x00007f0e6e21bd60:   00007f0e540e0000 00007f0e6e21bd68
0x00007f0e6e21bd70:   00000000bfafd238 00007f0e6e21bde0
0x00007f0e6e21bd80:   00000000bfb0d8c8 0000000000000000
0x00007f0e6e21bd90:   00000000bfafd240 0000000000000000
0x00007f0e6e21bda0:   00007f0e6e21bdc8 00007f0e6e21be38
0x00007f0e6e21bdb0:   00007f0ea10061d4 0000000000000000 

Instructions: (pc=0x00007f0e6e224462)
0x00007f0e6e224442:   89 44 24 4c 48 c7 44 24 40 00 00 00 00 48 c7 44
0x00007f0e6e224452:   24 38 00 00 00 00 e8 53 d7 ff ff 48 89 44 24 28
0x00007f0e6e224462:   8b 40 08 45 85 e4 48 8b 54 24 28 44 8b 7c 24 4c
0x00007f0e6e224472:   89 44 24 34 c7 42 08 00 00 00 00 78 0c 31 c0 e8 

Register to memory mapping:

RAX=0x000000006e21c7f0 is an unknown value
RBX=0xffffffffffffffff is an unknown value
RCX=0x0000000000000001 is an unknown value
RDX=0x00007f0eab444a50: <offset 0xe37a50> in /usr/lib/jvm/jdk1.7.0_51/jre/lib/amd64/server/libjvm.so at 0x00007f0eaa60d000
RSP=0x00007f0e6e21bbc0 is pointing into the stack for thread: 0x00007f0e540e0000
RBP=0x00007f0e540e01e8 is an unknown value
RSI=0x00007f0e6e227e30: <offset 0x9e30> in /usr/lib/jvm/jdk1.7.0_51/jre/lib/amd64/librxtxSerial.so at 0x00007f0e6e21e000
RDI=0x00007f0e6e227d3e: <offset 0x9d3e> in /usr/lib/jvm/jdk1.7.0_51/jre/lib/amd64/librxtxSerial.so at 0x00007f0e6e21e000
R8 =0x00007f0e6e21bb30 is pointing into the stack for thread: 0x00007f0e540e0000
R9 =0x00000000ec6281f0 is an oop
gnu.io.RXTXPort 
 - klass: 'gnu/io/RXTXPort'
R10=0x0000000000000000 is an unknown value
R11=0x00007f0eab449008: <offset 0xe3c008> in /usr/lib/jvm/jdk1.7.0_51/jre/lib/amd64/server/libjvm.so at 0x00007f0eaa60d000
R12=0x00000000ffffffff is an unallocated location in the heap
R13=0x0000000000000000 is an unknown value
R14=0x000000000000001c is an unknown value
R15=0x0000000000000000 is an unknown value


Stack: [0x00007f0e6e11d000,0x00007f0e6e21e000],  sp=0x00007f0e6e21bbc0,  free space=1018k
Native frames: (J=compiled Java code, j=interpreted, Vv=VM code, C=native code)
C  [librxtxSerial.so+0x6462]  read_byte_array+0x52

Java frames: (J=compiled Java code, j=interpreted, Vv=VM code)
j  gnu.io.RXTXPort.readArray([BII)I+0
j  gnu.io.RXTXPort$SerialInputStream.read([BII)I+187
j  sun.nio.cs.StreamDecoder.readBytes()I+135
j  sun.nio.cs.StreamDecoder.implRead([CII)I+112
j  sun.nio.cs.StreamDecoder.read([CII)I+180
j  java.io.InputStreamReader.read([CII)I+7
j  java.io.BufferedReader.fill()V+145
j  java.io.BufferedReader.readLine(Z)Ljava/lang/String;+44
j  java.io.BufferedReader.readLine()Ljava/lang/String;+2
j  PPD_Frame.serialEvent(Lgnu/io/SerialPortEvent;)V+24
j  gnu.io.RXTXPort.sendEvent(IZ)Z+382
v  ~StubRoutines::call_stub
j  gnu.io.RXTXPort.eventLoop()V+0
j  gnu.io.RXTXPort$MonitorThread.run()V+12
v  ~StubRoutines::call_stub

---------------  P R O C E S S  ---------------

Java Threads: ( => current thread )
=>0x00007f0e540e0000 JavaThread "Thread-0" [_thread_in_native, id=5584, stack(0x00007f0e6e11d000,0x00007f0e6e21e000)]
  0x00007f0e54037800 JavaThread "Image Fetcher 0" daemon [_thread_blocked, id=5583, stack(0x00007f0e6e389000,0x00007f0e6e48a000)]
  0x00007f0ea400a000 JavaThread "DestroyJavaVM" [_thread_blocked, id=5565, stack(0x00007f0eaa203000,0x00007f0eaa304000)]
  0x00007f0ea424e800 JavaThread "AWT-EventQueue-0" [_thread_in_vm, id=5582, stack(0x00007f0e6e709000,0x00007f0e6e80a000)]
  0x00007f0ea424c000 JavaThread "AWT-Shutdown" [_thread_blocked, id=5581, stack(0x00007f0e6e80a000,0x00007f0e6e90b000)]
  0x00007f0ea41d2000 JavaThread "AWT-XAWT" daemon [_thread_in_native, id=5580, stack(0x00007f0e6f4c3000,0x00007f0e6f5c4000)]
  0x00007f0ea41af000 JavaThread "Java2D Disposer" daemon [_thread_blocked, id=5579, stack(0x00007f0e8c029000,0x00007f0e8c12a000)]
  0x00007f0ea4097000 JavaThread "Service Thread" daemon [_thread_blocked, id=5577, stack(0x00007f0e8d2be000,0x00007f0e8d3bf000)]
  0x00007f0ea4094800 JavaThread "C2 CompilerThread1" daemon [_thread_blocked, id=5576, stack(0x00007f0e8d3bf000,0x00007f0e8d4c0000)]
  0x00007f0ea4091800 JavaThread "C2 CompilerThread0" daemon [_thread_in_native, id=5575, stack(0x00007f0e8d4c0000,0x00007f0e8d5c1000)]
  0x00007f0ea408f800 JavaThread "Signal Dispatcher" daemon [_thread_blocked, id=5574, stack(0x00007f0ea00d0000,0x00007f0ea01d1000)]
  0x00007f0ea4070000 JavaThread "Finalizer" daemon [_thread_blocked, id=5572, stack(0x00007f0ea01d1000,0x00007f0ea02d2000)]
  0x00007f0ea406c000 JavaThread "Reference Handler" daemon [_thread_blocked, id=5571, stack(0x00007f0ea02d2000,0x00007f0ea03d3000)]

Other Threads:
  0x00007f0ea4069800 VMThread [stack: 0x00007f0ea03d3000,0x00007f0ea04d4000] [id=5570]
  0x00007f0ea40a1800 WatcherThread [stack: 0x00007f0e8d1bd000,0x00007f0e8d2be000] [id=5578]

VM state:not at safepoint (normal execution)

VM Mutex/Monitor currently owned by a thread: None

Heap
 PSYoungGen      total 17920K, used 6488K [0x00000000ec080000, 0x00000000ed480000, 0x0000000100000000)
  eden space 15360K, 42% used [0x00000000ec080000,0x00000000ec6d6208,0x00000000ecf80000)
  from space 2560K, 0% used [0x00000000ed200000,0x00000000ed200000,0x00000000ed480000)
  to   space 2560K, 0% used [0x00000000ecf80000,0x00000000ecf80000,0x00000000ed200000)
 ParOldGen       total 40448K, used 0K [0x00000000c4200000, 0x00000000c6980000, 0x00000000ec080000)
  object space 40448K, 0% used [0x00000000c4200000,0x00000000c4200000,0x00000000c6980000)
 PSPermGen       total 21504K, used 11846K [0x00000000bf000000, 0x00000000c0500000, 0x00000000c4200000)
  object space 21504K, 55% used [0x00000000bf000000,0x00000000bfb91ae8,0x00000000c0500000)

Card table byte_map: [0x00007f0ea8e9e000,0x00007f0ea90a7000] byte_map_base: 0x00007f0ea88a6000

Polling page: 0x00007f0eac095000

Code Cache  [0x00007f0ea1000000, 0x00007f0ea1270000, 0x00007f0ea4000000)
 total_blobs=517 nmethods=42 adapters=428 free_code_cache=48514Kb largest_free_block=49659776

Compilation events (10 events):
Event: 0.438 Thread 0x00007f0ea4094800   38             java.util.Arrays::binarySearch0 (95 bytes)
Event: 0.441 Thread 0x00007f0ea4094800 nmethod 38 0x00007f0ea10a1ad0 code [0x00007f0ea10a1c20, 0x00007f0ea10a1dd8]
Event: 0.442 Thread 0x00007f0ea4091800   39 %           javax.swing.plaf.nimbus.EffectUtils::blur @ 36 (157 bytes)
Event: 0.447 Thread 0x00007f0ea4091800 nmethod 39% 0x00007f0ea10986d0 code [0x00007f0ea1098860, 0x00007f0ea1098d58]
Event: 0.448 Thread 0x00007f0ea4094800   40             javax.swing.plaf.nimbus.EffectUtils::blur (157 bytes)
Event: 0.459 Thread 0x00007f0ea4094800 nmethod 40 0x00007f0ea10a1250 code [0x00007f0ea10a13c0, 0x00007f0ea10a18b8]
Event: 0.461 Thread 0x00007f0ea4091800   41             java.awt.MultipleGradientPaintContext::indexIntoGradientsArrays (190 bytes)
Event: 0.464 Thread 0x00007f0ea4091800 nmethod 41 0x00007f0ea108e6d0 code [0x00007f0ea108e880, 0x00007f0ea108ebb8]
Event: 0.464 Thread 0x00007f0ea4094800   42             java.awt.MultipleGradientPaintContext::interpolate (202 bytes)
Event: 0.465 Thread 0x00007f0ea4091800   43             java.awt.LinearGradientPaintContext::fillRaster (97 bytes)

GC Heap History (0 events):
No events

Deoptimization events (3 events):
Event: 0.151 Thread 0x00007f0ea400a000 Uncommon trap: reason=class_check action=maybe_recompile pc=0x00007f0ea107ad8c method=java.util.Properties$LineReader.readLine()I @ 62
Event: 0.152 Thread 0x00007f0ea400a000 Uncommon trap: reason=class_check action=maybe_recompile pc=0x00007f0ea107ad8c method=java.util.Properties$LineReader.readLine()I @ 62
Event: 0.152 Thread 0x00007f0ea400a000 Uncommon trap: reason=class_check action=maybe_recompile pc=0x00007f0ea107ad8c method=java.util.Properties$LineReader.readLine()I @ 62

Internal exceptions (10 events):
Event: 0.225 Thread 0x00007f0ea424e800 Threw 0x00000000ec3923e8 at /HUDSON/workspace/7u-2-build-linux-amd64@2/jdk7u51/527/hotspot/src/share/vm/prims/jvm.cpp:1244
Event: 0.225 Thread 0x00007f0ea424e800 Threw 0x00000000ec393b00 at /HUDSON/workspace/7u-2-build-linux-amd64@2/jdk7u51/527/hotspot/src/share/vm/prims/jvm.cpp:1244
Event: 0.226 Thread 0x00007f0ea424e800 Threw 0x00000000ec397640 at /HUDSON/workspace/7u-2-build-linux-amd64@2/jdk7u51/527/hotspot/src/share/vm/prims/jvm.cpp:1244
Event: 0.226 Thread 0x00007f0ea424e800 Threw 0x00000000ec398d58 at /HUDSON/workspace/7u-2-build-linux-amd64@2/jdk7u51/527/hotspot/src/share/vm/prims/jvm.cpp:1244
Event: 0.288 Thread 0x00007f0ea424e800 Threw 0x00000000ec469f98 at /HUDSON/workspace/7u-2-build-linux-amd64@2/jdk7u51/527/hotspot/src/share/vm/prims/jvm.cpp:1244
Event: 0.290 Thread 0x00007f0ea424e800 Threw 0x00000000ec5056f0 at /HUDSON/workspace/7u-2-build-linux-amd64@2/jdk7u51/527/hotspot/src/share/vm/prims/jvm.cpp:1244
Event: 0.359 Thread 0x00007f0ea424e800 Threw 0x00000000ec5d3be8 at /HUDSON/workspace/7u-2-build-linux-amd64@2/jdk7u51/527/hotspot/src/share/vm/prims/jni.cpp:717
Event: 0.376 Thread 0x00007f0ea424e800 Threw 0x00000000ec5e6e70 at /HUDSON/workspace/7u-2-build-linux-amd64@2/jdk7u51/527/hotspot/src/share/vm/prims/jni.cpp:717
Event: 0.378 Thread 0x00007f0ea424e800 Threw 0x00000000ec5f8860 at /HUDSON/workspace/7u-2-build-linux-amd64@2/jdk7u51/527/hotspot/src/share/vm/prims/jni.cpp:717
Event: 0.395 Thread 0x00007f0ea424e800 Threw 0x00000000ec60b7d0 at /HUDSON/workspace/7u-2-build-linux-amd64@2/jdk7u51/527/hotspot/src/share/vm/prims/jni.cpp:717

Events (10 events):
Event: 0.454 loading class 0x00007f0e70020ee0
Event: 0.454 loading class 0x00007f0e70020ee0 done
Event: 0.454 loading class 0x00007f0e7016f330
Event: 0.454 loading class 0x00007f0e70170410
Event: 0.454 loading class 0x00007f0e7001ba80
Event: 0.454 loading class 0x00007f0e7001ba80 done
Event: 0.454 loading class 0x00007f0e70170410 done
Event: 0.454 loading class 0x00007f0e7016f330 done
Event: 0.456 loading class 0x00007f0e7001bbb0
Event: 0.456 loading class 0x00007f0e7001bbb0 done


Dynamic libraries:
00400000-00401000 r-xp 00000000 08:07 937188                             /usr/lib/jvm/jdk1.7.0_51/bin/java
00600000-00601000 rw-p 00000000 08:07 937188                             /usr/lib/jvm/jdk1.7.0_51/bin/java
01f9a000-01fbb000 rw-p 00000000 00:00 0                                  [heap]
bf000000-c0500000 rw-p 00000000 00:00 0 
c0500000-c4200000 rw-p 00000000 00:00 0 
c4200000-c6980000 rw-p 00000000 00:00 0 
c6980000-ec080000 rw-p 00000000 00:00 0 
ec080000-ed480000 rw-p 00000000 00:00 0 
ed480000-100000000 rw-p 00000000 00:00 0 
7f0e4c000000-7f0e4c021000 rw-p 00000000 00:00 0 
7f0e4c021000-7f0e50000000 ---p 00000000 00:00 0 
7f0e54000000-7f0e54108000 rw-p 00000000 00:00 0 
7f0e54108000-7f0e58000000 ---p 00000000 00:00 0 
7f0e58000000-7f0e58051000 rw-p 00000000 00:00 0 
7f0e58051000-7f0e5c000000 ---p 00000000 00:00 0 
7f0e5c000000-7f0e5c021000 rw-p 00000000 00:00 0 
7f0e5c021000-7f0e60000000 ---p 00000000 00:00 0 
7f0e60000000-7f0e60021000 rw-p 00000000 00:00 0 
7f0e60021000-7f0e64000000 ---p 00000000 00:00 0 
7f0e64000000-7f0e64021000 rw-p 00000000 00:00 0 
7f0e64021000-7f0e68000000 ---p 00000000 00:00 0 
7f0e68000000-7f0e68021000 rw-p 00000000 00:00 0 
7f0e68021000-7f0e6c000000 ---p 00000000 00:00 0 
7f0e6dd00000-7f0e6dd2a000 r-xp 00000000 08:07 1836084                    /usr/lib/jvm/jdk1.7.0_51/jre/lib/amd64/libdcpr.so
7f0e6dd2a000-7f0e6df2a000 ---p 0002a000 08:07 1836084                    /usr/lib/jvm/jdk1.7.0_51/jre/lib/amd64/libdcpr.so
7f0e6df2a000-7f0e6df2d000 rw-p 0002a000 08:07 1836084                    /usr/lib/jvm/jdk1.7.0_51/jre/lib/amd64/libdcpr.so
7f0e6df2d000-7f0e6e11d000 rw-s 00000000 00:05 16842808                   /SYSV00000000 (deleted)
7f0e6e11d000-7f0e6e120000 ---p 00000000 00:00 0 
7f0e6e120000-7f0e6e21e000 rw-p 00000000 00:00 0 
7f0e6e21e000-7f0e6e22a000 r-xp 00000000 08:07 1835128                    /usr/lib/jvm/jdk1.7.0_51/jre/lib/amd64/librxtxSerial.so
7f0e6e22a000-7f0e6e329000 ---p 0000c000 08:07 1835128                    /usr/lib/jvm/jdk1.7.0_51/jre/lib/amd64/librxtxSerial.so
7f0e6e329000-7f0e6e32b000 rw-p 0000b000 08:07 1835128                    /usr/lib/jvm/jdk1.7.0_51/jre/lib/amd64/librxtxSerial.so
7f0e6e32b000-7f0e6e344000 r--s 00000000 08:07 527849                     /usr/share/fonts/type1/gsfonts/n022004l.pfb
7f0e6e344000-7f0e6e35d000 r--s 00000000 08:07 527834                     /usr/share/fonts/type1/gsfonts/n021003l.pfb
7f0e6e35d000-7f0e6e373000 r--s 00000000 08:07 527843                     /usr/share/fonts/type1/gsfonts/n021024l.pfb
7f0e6e373000-7f0e6e389000 r--s 00000000 08:07 527852                     /usr/share/fonts/type1/gsfonts/n022023l.pfb
7f0e6e389000-7f0e6e38c000 ---p 00000000 00:00 0 
7f0e6e38c000-7f0e6e48a000 rw-p 00000000 00:00 0 
7f0e6e48a000-7f0e6e4f2000 r-xp 00000000 08:07 1836082                    /usr/lib/jvm/jdk1.7.0_51/jre/lib/amd64/libt2k.so
7f0e6e4f2000-7f0e6e6f2000 ---p 00068000 08:07 1836082                    /usr/lib/jvm/jdk1.7.0_51/jre/lib/amd64/libt2k.so
7f0e6e6f2000-7f0e6e6f9000 rw-p 00068000 08:07 1836082                    /usr/lib/jvm/jdk1.7.0_51/jre/lib/amd64/libt2k.so
7f0e6e6f9000-7f0e6e709000 rw-p 00000000 00:00 0 
7f0e6e709000-7f0e6e70c000 ---p 00000000 00:00 0 
7f0e6e70c000-7f0e6e80a000 rw-p 00000000 00:00 0 
7f0e6e80a000-7f0e6e80d000 ---p 00000000 00:00 0 
7f0e6e80d000-7f0e6e90b000 rw-p 00000000 00:00 0 
7f0e6e90b000-7f0e6e91b000 r-xp 00000000 08:07 1836051                    /usr/lib/jvm/jdk1.7.0_51/jre/lib/amd64/libnio.so
7f0e6e91b000-7f0e6eb1b000 ---p 00010000 08:07 1836051                    /usr/lib/jvm/jdk1.7.0_51/jre/lib/amd64/libnio.so
7f0e6eb1b000-7f0e6eb1c000 rw-p 00010000 08:07 1836051                    /usr/lib/jvm/jdk1.7.0_51/jre/lib/amd64/libnio.so
7f0e6eb1c000-7f0e6ee1d000 rw-p 00000000 00:00 0 
7f0e6ee1d000-7f0e6ee33000 r-xp 00000000 08:07 1836056                    /usr/lib/jvm/jdk1.7.0_51/jre/lib/amd64/libnet.so
7f0e6ee33000-7f0e6f033000 ---p 00016000 08:07 1836056                    /usr/lib/jvm/jdk1.7.0_51/jre/lib/amd64/libnet.so
7f0e6f033000-7f0e6f034000 rw-p 00016000 08:07 1836056                    /usr/lib/jvm/jdk1.7.0_51/jre/lib/amd64/libnet.so
7f0e6f034000-7f0e6f04a000 r-xp 00000000 08:07 2364498                    /lib/x86_64-linux-gnu/libgcc_s.so.1
7f0e6f04a000-7f0e6f249000 ---p 00016000 08:07 2364498                    /lib/x86_64-linux-gnu/libgcc_s.so.1
7f0e6f249000-7f0e6f24a000 rw-p 00015000 08:07 2364498                    /lib/x86_64-linux-gnu/libgcc_s.so.1
7f0e6f24a000-7f0e6f2af000 r-xp 00000000 08:07 1836052                    /usr/lib/jvm/jdk1.7.0_51/jre/lib/amd64/libfontmanager.so
7f0e6f2af000-7f0e6f4ae000 ---p 00065000 08:07 1836052                    /usr/lib/jvm/jdk1.7.0_51/jre/lib/amd64/libfontmanager.so
7f0e6f4ae000-7f0e6f4b2000 rw-p 00064000 08:07 1836052                    /usr/lib/jvm/jdk1.7.0_51/jre/lib/amd64/libfontmanager.so
7f0e6f4b2000-7f0e6f4c3000 rw-p 00000000 00:00 0 
7f0e6f4c3000-7f0e6f4c6000 ---p 00000000 00:00 0 
7f0e6f4c6000-7f0e6f5c4000 rw-p 00000000 00:00 0 
7f0e6f5c4000-7f0e6f5c9000 r-xp 00000000 08:07 2762080                    /usr/lib/x86_64-linux-gnu/libXfixes.so.3.1.0
7f0e6f5c9000-7f0e6f7c8000 ---p 00005000 08:07 2762080                    /usr/lib/x86_64-linux-gnu/libXfixes.so.3.1.0
7f0e6f7c8000-7f0e6f7c9000 r--p 00004000 08:07 2762080                    /usr/lib/x86_64-linux-gnu/libXfixes.so.3.1.0
7f0e6f7c9000-7f0e6f7ca000 rw-p 00005000 08:07 2762080                    /usr/lib/x86_64-linux-gnu/libXfixes.so.3.1.0
7f0e6f7ca000-7f0e6f7d3000 r-xp 00000000 08:07 2762072                    /usr/lib/x86_64-linux-gnu/libXcursor.so.1.0.2
7f0e6f7d3000-7f0e6f9d2000 ---p 00009000 08:07 2762072                    /usr/lib/x86_64-linux-gnu/libXcursor.so.1.0.2
7f0e6f9d2000-7f0e6f9d3000 r--p 00008000 08:07 2762072                    /usr/lib/x86_64-linux-gnu/libXcursor.so.1.0.2
7f0e6f9d3000-7f0e6f9d4000 rw-p 00009000 08:07 2762072                    /usr/lib/x86_64-linux-gnu/libXcursor.so.1.0.2
7f0e6f9d4000-7f0e6f9d9000 r-xp 00000000 08:07 2762076                    /usr/lib/x86_64-linux-gnu/libXdmcp.so.6.0.0
7f0e6f9d9000-7f0e6fbd8000 ---p 00005000 08:07 2762076                    /usr/lib/x86_64-linux-gnu/libXdmcp.so.6.0.0
7f0e6fbd8000-7f0e6fbd9000 r--p 00004000 08:07 2762076                    /usr/lib/x86_64-linux-gnu/libXdmcp.so.6.0.0
7f0e6fbd9000-7f0e6fbda000 rw-p 00005000 08:07 2762076                    /usr/lib/x86_64-linux-gnu/libXdmcp.so.6.0.0
7f0e6fbda000-7f0e6fbdc000 r-xp 00000000 08:07 2762065                    /usr/lib/x86_64-linux-gnu/libXau.so.6.0.0
7f0e6fbdc000-7f0e6fddc000 ---p 00002000 08:07 2762065                    /usr/lib/x86_64-linux-gnu/libXau.so.6.0.0
7f0e6fddc000-7f0e6fddd000 r--p 00002000 08:07 2762065                    /usr/lib/x86_64-linux-gnu/libXau.so.6.0.0
7f0e6fddd000-7f0e6fdde000 rw-p 00003000 08:07 2762065                    /usr/lib/x86_64-linux-gnu/libXau.so.6.0.0
7f0e6fdde000-7f0e6fdff000 r-xp 00000000 08:07 2763443                    /usr/lib/x86_64-linux-gnu/libxcb.so.1.1.0
7f0e6fdff000-7f0e6fffe000 ---p 00021000 08:07 2763443                    /usr/lib/x86_64-linux-gnu/libxcb.so.1.1.0
7f0e6fffe000-7f0e6ffff000 r--p 00020000 08:07 2763443                    /usr/lib/x86_64-linux-gnu/libxcb.so.1.1.0
7f0e6ffff000-7f0e70000000 rw-p 00021000 08:07 2763443                    /usr/lib/x86_64-linux-gnu/libxcb.so.1.1.0
7f0e70000000-7f0e70276000 rw-p 00000000 00:00 0 
7f0e70276000-7f0e74000000 ---p 00000000 00:00 0 
7f0e74000000-7f0e74021000 rw-p 00000000 00:00 0 
7f0e74021000-7f0e78000000 ---p 00000000 00:00 0 
7f0e78000000-7f0e78021000 rw-p 00000000 00:00 0 
7f0e78021000-7f0e7c000000 ---p 00000000 00:00 0 
7f0e7c000000-7f0e7c3e5000 rw-p 00000000 00:00 0 
7f0e7c3e5000-7f0e80000000 ---p 00000000 00:00 0 
7f0e80000000-7f0e80021000 rw-p 00000000 00:00 0 
7f0e80021000-7f0e84000000 ---p 00000000 00:00 0 
7f0e84000000-7f0e84021000 rw-p 00000000 00:00 0 
7f0e84021000-7f0e88000000 ---p 00000000 00:00 0 
7f0e88000000-7f0e88021000 rw-p 00000000 00:00 0 
7f0e88021000-7f0e8c000000 ---p 00000000 00:00 0 
7f0e8c001000-7f0e8c018000 r--s 00000000 08:07 527840                     /usr/share/fonts/type1/gsfonts/n021023l.pfb
7f0e8c018000-7f0e8c029000 r--s 00000000 08:07 527816                     /usr/share/fonts/type1/gsfonts/n019023l.pfb
7f0e8c029000-7f0e8c02c000 ---p 00000000 00:00 0 
7f0e8c02c000-7f0e8c12a000 rw-p 00000000 00:00 0 
7f0e8c12a000-7f0e8c139000 r-xp 00000000 08:07 2762086                    /usr/lib/x86_64-linux-gnu/libXi.so.6.1.0
7f0e8c139000-7f0e8c338000 ---p 0000f000 08:07 2762086                    /usr/lib/x86_64-linux-gnu/libXi.so.6.1.0
7f0e8c338000-7f0e8c339000 r--p 0000e000 08:07 2762086                    /usr/lib/x86_64-linux-gnu/libXi.so.6.1.0
7f0e8c339000-7f0e8c33a000 rw-p 0000f000 08:07 2762086                    /usr/lib/x86_64-linux-gnu/libXi.so.6.1.0
7f0e8c33a000-7f0e8c33f000 r-xp 00000000 08:07 2762104                    /usr/lib/x86_64-linux-gnu/libXtst.so.6.1.0
7f0e8c33f000-7f0e8c53e000 ---p 00005000 08:07 2762104                    /usr/lib/x86_64-linux-gnu/libXtst.so.6.1.0
7f0e8c53e000-7f0e8c53f000 r--p 00004000 08:07 2762104                    /usr/lib/x86_64-linux-gnu/libXtst.so.6.1.0
7f0e8c53f000-7f0e8c540000 rw-p 00005000 08:07 2762104                    /usr/lib/x86_64-linux-gnu/libXtst.so.6.1.0
7f0e8c540000-7f0e8c549000 r-xp 00000000 08:07 2762098                    /usr/lib/x86_64-linux-gnu/libXrender.so.1.3.0
7f0e8c549000-7f0e8c748000 ---p 00009000 08:07 2762098                    /usr/lib/x86_64-linux-gnu/libXrender.so.1.3.0
7f0e8c748000-7f0e8c749000 r--p 00008000 08:07 2762098                    /usr/lib/x86_64-linux-gnu/libXrender.so.1.3.0
7f0e8c749000-7f0e8c74a000 rw-p 00009000 08:07 2762098                    /usr/lib/x86_64-linux-gnu/libXrender.so.1.3.0
7f0e8c74a000-7f0e8c87f000 r-xp 00000000 08:07 2762061                    /usr/lib/x86_64-linux-gnu/libX11.so.6.3.0
7f0e8c87f000-7f0e8ca7f000 ---p 00135000 08:07 2762061                    /usr/lib/x86_64-linux-gnu/libX11.so.6.3.0
7f0e8ca7f000-7f0e8ca80000 r--p 00135000 08:07 2762061                    /usr/lib/x86_64-linux-gnu/libX11.so.6.3.0
7f0e8ca80000-7f0e8ca84000 rw-p 00136000 08:07 2762061                    /usr/lib/x86_64-linux-gnu/libX11.so.6.3.0
7f0e8ca84000-7f0e8ca95000 r-xp 00000000 08:07 2762078                    /usr/lib/x86_64-linux-gnu/libXext.so.6.4.0
7f0e8ca95000-7f0e8cc94000 ---p 00011000 08:07 2762078                    /usr/lib/x86_64-linux-gnu/libXext.so.6.4.0
7f0e8cc94000-7f0e8cc95000 r--p 00010000 08:07 2762078                    /usr/lib/x86_64-linux-gnu/libXext.so.6.4.0
7f0e8cc95000-7f0e8cc96000 rw-p 00011000 08:07 2762078                    /usr/lib/x86_64-linux-gnu/libXext.so.6.4.0
7f0e8cc96000-7f0e8cce6000 r-xp 00000000 08:07 1836094                    /usr/lib/jvm/jdk1.7.0_51/jre/lib/amd64/xawt/libmawt.so
7f0e8cce6000-7f0e8cee6000 ---p 00050000 08:07 1836094                    /usr/lib/jvm/jdk1.7.0_51/jre/lib/amd64/xawt/libmawt.so
7f0e8cee6000-7f0e8ceea000 rw-p 00050000 08:07 1836094                    /usr/lib/jvm/jdk1.7.0_51/jre/lib/amd64/xawt/libmawt.so
7f0e8ceea000-7f0e8ceeb000 rw-p 00000000 00:00 0 
7f0e8ceeb000-7f0e8cf8d000 r-xp 00000000 08:07 1836064                    /usr/lib/jvm/jdk1.7.0_51/jre/lib/amd64/libawt.so
7f0e8cf8d000-7f0e8d18d000 ---p 000a2000 08:07 1836064                    /usr/lib/jvm/jdk1.7.0_51/jre/lib/amd64/libawt.so
7f0e8d18d000-7f0e8d199000 rw-p 000a2000 08:07 1836064                    /usr/lib/jvm/jdk1.7.0_51/jre/lib/amd64/libawt.so
7f0e8d199000-7f0e8d1bd000 rw-p 00000000 00:00 0 
7f0e8d1bd000-7f0e8d1be000 ---p 00000000 00:00 0 
7f0e8d1be000-7f0e8d2be000 rw-p 00000000 00:00 0 
7f0e8d2be000-7f0e8d2c1000 ---p 00000000 00:00 0 
7f0e8d2c1000-7f0e8d3bf000 rw-p 00000000 00:00 0 
7f0e8d3bf000-7f0e8d3c2000 ---p 00000000 00:00 0 
7f0e8d3c2000-7f0e8d4c0000 rw-p 00000000 00:00 0 
7f0e8d4c0000-7f0e8d4c3000 ---p 00000000 00:00 0 
7f0e8d4c3000-7f0e8d5c1000 rw-p 00000000 00:00 0 
7f0e8d5c1000-7f0e8df80000 r--p 00000000 08:07 2760681                    /usr/lib/locale/locale-archive
7f0e8df80000-7f0e90000000 rw-p 00000000 00:00 0 
7f0e90000000-7f0e90021000 rw-p 00000000 00:00 0 
7f0e90021000-7f0e94000000 ---p 00000000 00:00 0 
7f0e94000000-7f0e94021000 rw-p 00000000 00:00 0 
7f0e94021000-7f0e98000000 ---p 00000000 00:00 0 
7f0e98000000-7f0e98021000 rw-p 00000000 00:00 0 
7f0e98021000-7f0e9c000000 ---p 00000000 00:00 0 
7f0e9c000000-7f0e9c021000 rw-p 00000000 00:00 0 
7f0e9c021000-7f0ea0000000 ---p 00000000 00:00 0 
7f0ea0005000-7f0ea0019000 r--s 00000000 08:07 527810                     /usr/share/fonts/type1/gsfonts/n019003l.pfb
7f0ea0019000-7f0ea0022000 r--s 00000000 08:07 527870                     /usr/share/fonts/type1/gsfonts/s050000l.pfb
7f0ea0022000-7f0ea002d000 r--s 00000000 08:07 2890696                    /var/cache/fontconfig/945677eb7aeaf62f1d50efc3fb3ec7d8-le64.cache-6
7f0ea002d000-7f0ea0033000 r--s 00000000 08:07 2890678                    /var/cache/fontconfig/2cd17615ca594fa2959ae173292e504c-le64.cache-6
7f0ea0033000-7f0ea0034000 r--s 00000000 08:07 2890675                    /var/cache/fontconfig/0d8c3b2ac0904cb8a57a757ad11a4a08-le64.cache-6
7f0ea0034000-7f0ea0038000 r--s 00000000 08:07 2885053                    /var/cache/fontconfig/de156ccd2eddbdc19d37a45b8b2aac9c-le64.cache-6
7f0ea0038000-7f0ea004d000 r--s 00000000 08:07 2890672                    /var/cache/fontconfig/04aabc0a78ac019cf9454389977116d2-le64.cache-6
7f0ea004d000-7f0ea004e000 r--s 00000000 08:07 2890677                    /var/cache/fontconfig/1ac9eb803944fde146138c791f5cc56a-le64.cache-6
7f0ea004e000-7f0ea0052000 r--s 00000000 08:07 2890682                    /var/cache/fontconfig/385c0604a188198f04d133e54aba7fe7-le64.cache-6
7f0ea0052000-7f0ea0053000 r--s 00000000 08:07 2890709                    /var/cache/fontconfig/dc05db6664285cc2f12bf69c139ae4c3-le64.cache-6
7f0ea0053000-7f0ea0056000 r--s 00000000 08:07 2890692                    /var/cache/fontconfig/767a8244fc0220cfb567a839d0392e0b-le64.cache-6
7f0ea0056000-7f0ea0057000 r--s 00000000 08:07 2883743                    /var/cache/fontconfig/4794a0821666d79190d59a36cb4f44b5-le64.cache-6
7f0ea0057000-7f0ea005c000 r--s 00000000 08:07 2890695                    /var/cache/fontconfig/8801497958630a81b71ace7c5f9b32a8-le64.cache-6
7f0ea005c000-7f0ea005d000 r--s 00000000 08:07 2890702                    /var/cache/fontconfig/bab58bb527bb656aaa9f116d68a48d89-le64.cache-6
7f0ea005d000-7f0ea0064000 r--s 00000000 08:07 2890679                    /var/cache/fontconfig/3047814df9a2f067bd2d96a2b9c36e5a-le64.cache-6
7f0ea0064000-7f0ea0065000 r--s 00000000 08:07 2890686                    /var/cache/fontconfig/56cf4f4769d0f4abc89a4895d7bd3ae1-le64.cache-6
7f0ea0065000-7f0ea0066000 r--s 00000000 08:07 2890701                    /var/cache/fontconfig/b9d506c9ac06c20b433354fa67a72993-le64.cache-6
7f0ea0066000-7f0ea006c000 r--s 00000000 08:07 2890700                    /var/cache/fontconfig/b47c4e1ecd0709278f4910c18777a504-le64.cache-6
7f0ea006c000-7f0ea007f000 r--s 00000000 08:07 2890706                    /var/cache/fontconfig/d52a8644073d54c13679302ca1180695-le64.cache-6
7f0ea007f000-7f0ea0080000 r--s 00000000 08:07 2890685                    /var/cache/fontconfig/551ecf3b0e8b0bca0f25c0944f561853-le64.cache-6
7f0ea0080000-7f0ea008b000 r--s 00000000 08:07 2887795                    /var/cache/fontconfig/d589a48862398ed80a3d6066f4f56f4c-le64.cache-6
7f0ea008b000-7f0ea008e000 r--s 00000000 08:07 2890691                    /var/cache/fontconfig/75114ca45c98e8a441da0ff356701271-le64.cache-6
7f0ea008e000-7f0ea0099000 r--s 00000000 08:07 2890694                    /var/cache/fontconfig/83bf95040141907cd45bb53cf7c1c148-le64.cache-6
7f0ea0099000-7f0ea00ab000 r--s 00000000 08:07 2886108                    /var/cache/fontconfig/9b89f8e3dae116d678bbf48e5f21f69b-le64.cache-6
7f0ea00ab000-7f0ea00d0000 r--p 00000000 08:07 397003                     /usr/share/locale-langpack/es/LC_MESSAGES/libc.mo
7f0ea00d0000-7f0ea00d3000 ---p 00000000 00:00 0 
7f0ea00d3000-7f0ea01d1000 rw-p 00000000 00:00 0 
7f0ea01d1000-7f0ea01d4000 ---p 00000000 00:00 0 
7f0ea01d4000-7f0ea02d2000 rw-p 00000000 00:00 0 
7f0ea02d2000-7f0ea02d5000 ---p 00000000 00:00 0 
7f0ea02d5000-7f0ea03d3000 rw-p 00000000 00:00 0 
7f0ea03d3000-7f0ea03d4000 ---p 00000000 00:00 0 
7f0ea03d4000-7f0ea1000000 rw-p 00000000 00:00 0 
7f0ea1000000-7f0ea1270000 rwxp 00000000 00:00 0 
7f0ea1270000-7f0ea4258000 rw-p 00000000 00:00 0 
7f0ea4258000-7f0ea8000000 ---p 00000000 00:00 0 
7f0ea8000000-7f0ea8003000 r--s 00000000 08:07 2890710                    /var/cache/fontconfig/e13b20fdb08344e0e664864cc2ede53d-le64.cache-6
7f0ea8003000-7f0ea8007000 r--s 00000000 08:07 2883629                    /var/cache/fontconfig/7ef2298fde41cc6eeb7af42e48b7d293-le64.cache-6
7f0ea8007000-7f0ea8012000 r--s 0037c000 08:07 1057110                    /usr/lib/jvm/jdk1.7.0_51/jre/lib/charsets.jar
7f0ea8012000-7f0ea84c4000 rw-p 00000000 00:00 0 
7f0ea84c4000-7f0ea8681000 r--s 039bf000 08:07 1057153                    /usr/lib/jvm/jdk1.7.0_51/jre/lib/rt.jar
7f0ea8681000-7f0ea895a000 rw-p 00000000 00:00 0 
7f0ea895a000-7f0ea895b000 ---p 00000000 00:00 0 
7f0ea895b000-7f0ea8a5b000 rw-p 00000000 00:00 0 
7f0ea8a5b000-7f0ea8a5c000 ---p 00000000 00:00 0 
7f0ea8a5c000-7f0ea8b5c000 rw-p 00000000 00:00 0 
7f0ea8b5c000-7f0ea8b5d000 ---p 00000000 00:00 0 
7f0ea8b5d000-7f0ea8c5d000 rw-p 00000000 00:00 0 
7f0ea8c5d000-7f0ea8c5e000 ---p 00000000 00:00 0 
7f0ea8c5e000-7f0ea8d72000 rw-p 00000000 00:00 0 
7f0ea8d72000-7f0ea8e9e000 rw-p 00000000 00:00 0 
7f0ea8e9e000-7f0ea8ea9000 rw-p 00000000 00:00 0 
7f0ea8ea9000-7f0ea8ec7000 rw-p 00000000 00:00 0 
7f0ea8ec7000-7f0ea8edb000 rw-p 00000000 00:00 0 
7f0ea8edb000-7f0ea9006000 rw-p 00000000 00:00 0 
7f0ea9006000-7f0ea9011000 rw-p 00000000 00:00 0 
7f0ea9011000-7f0ea90a6000 rw-p 00000000 00:00 0 
7f0ea90a6000-7f0ea90b1000 rw-p 00000000 00:00 0 
7f0ea90b1000-7f0ea9167000 rw-p 00000000 00:00 0 
7f0ea9167000-7f0ea9181000 r-xp 00000000 08:07 1836101                    /usr/lib/jvm/jdk1.7.0_51/jre/lib/amd64/libzip.so
7f0ea9181000-7f0ea9381000 ---p 0001a000 08:07 1836101                    /usr/lib/jvm/jdk1.7.0_51/jre/lib/amd64/libzip.so
7f0ea9381000-7f0ea9382000 rw-p 0001a000 08:07 1836101                    /usr/lib/jvm/jdk1.7.0_51/jre/lib/amd64/libzip.so
7f0ea9382000-7f0ea938d000 r-xp 00000000 08:07 2364559                    /lib/x86_64-linux-gnu/libnss_files-2.23.so
7f0ea938d000-7f0ea958c000 ---p 0000b000 08:07 2364559                    /lib/x86_64-linux-gnu/libnss_files-2.23.so
7f0ea958c000-7f0ea958d000 r--p 0000a000 08:07 2364559                    /lib/x86_64-linux-gnu/libnss_files-2.23.so
7f0ea958d000-7f0ea958e000 rw-p 0000b000 08:07 2364559                    /lib/x86_64-linux-gnu/libnss_files-2.23.so
7f0ea958e000-7f0ea9594000 rw-p 00000000 00:00 0 
7f0ea9594000-7f0ea959f000 r-xp 00000000 08:07 2364569                    /lib/x86_64-linux-gnu/libnss_nis-2.23.so
7f0ea959f000-7f0ea979e000 ---p 0000b000 08:07 2364569                    /lib/x86_64-linux-gnu/libnss_nis-2.23.so
7f0ea979e000-7f0ea979f000 r--p 0000a000 08:07 2364569                    /lib/x86_64-linux-gnu/libnss_nis-2.23.so
7f0ea979f000-7f0ea97a0000 rw-p 0000b000 08:07 2364569                    /lib/x86_64-linux-gnu/libnss_nis-2.23.so
7f0ea97a0000-7f0ea97b6000 r-xp 00000000 08:07 2364553                    /lib/x86_64-linux-gnu/libnsl-2.23.so
7f0ea97b6000-7f0ea99b5000 ---p 00016000 08:07 2364553                    /lib/x86_64-linux-gnu/libnsl-2.23.so
7f0ea99b5000-7f0ea99b6000 r--p 00015000 08:07 2364553                    /lib/x86_64-linux-gnu/libnsl-2.23.so
7f0ea99b6000-7f0ea99b7000 rw-p 00016000 08:07 2364553                    /lib/x86_64-linux-gnu/libnsl-2.23.so
7f0ea99b7000-7f0ea99b9000 rw-p 00000000 00:00 0 
7f0ea99b9000-7f0ea99c1000 r-xp 00000000 08:07 2364555                    /lib/x86_64-linux-gnu/libnss_compat-2.23.so
7f0ea99c1000-7f0ea9bc0000 ---p 00008000 08:07 2364555                    /lib/x86_64-linux-gnu/libnss_compat-2.23.so
7f0ea9bc0000-7f0ea9bc1000 r--p 00007000 08:07 2364555                    /lib/x86_64-linux-gnu/libnss_compat-2.23.so
7f0ea9bc1000-7f0ea9bc2000 rw-p 00008000 08:07 2364555                    /lib/x86_64-linux-gnu/libnss_compat-2.23.so
7f0ea9bc2000-7f0ea9beb000 r-xp 00000000 08:07 1836085                    /usr/lib/jvm/jdk1.7.0_51/jre/lib/amd64/libjava.so
7f0ea9beb000-7f0ea9deb000 ---p 00029000 08:07 1836085                    /usr/lib/jvm/jdk1.7.0_51/jre/lib/amd64/libjava.so
7f0ea9deb000-7f0ea9ded000 rw-p 00029000 08:07 1836085                    /usr/lib/jvm/jdk1.7.0_51/jre/lib/amd64/libjava.so
7f0ea9ded000-7f0ea9dfa000 r-xp 00000000 08:07 1836083                    /usr/lib/jvm/jdk1.7.0_51/jre/lib/amd64/libverify.so
7f0ea9dfa000-7f0ea9ff9000 ---p 0000d000 08:07 1836083                    /usr/lib/jvm/jdk1.7.0_51/jre/lib/amd64/libverify.so
7f0ea9ff9000-7f0ea9ffb000 rw-p 0000c000 08:07 1836083                    /usr/lib/jvm/jdk1.7.0_51/jre/lib/amd64/libverify.so
7f0ea9ffb000-7f0eaa002000 r-xp 00000000 08:07 2364614                    /lib/x86_64-linux-gnu/librt-2.23.so
7f0eaa002000-7f0eaa201000 ---p 00007000 08:07 2364614                    /lib/x86_64-linux-gnu/librt-2.23.so
7f0eaa201000-7f0eaa202000 r--p 00006000 08:07 2364614                    /lib/x86_64-linux-gnu/librt-2.23.so
7f0eaa202000-7f0eaa203000 rw-p 00007000 08:07 2364614                    /lib/x86_64-linux-gnu/librt-2.23.so
7f0eaa203000-7f0eaa206000 ---p 00000000 00:00 0 
7f0eaa206000-7f0eaa304000 rw-p 00000000 00:00 0 
7f0eaa304000-7f0eaa40c000 r-xp 00000000 08:07 2364530                    /lib/x86_64-linux-gnu/libm-2.23.so
7f0eaa40c000-7f0eaa60b000 ---p 00108000 08:07 2364530                    /lib/x86_64-linux-gnu/libm-2.23.so
7f0eaa60b000-7f0eaa60c000 r--p 00107000 08:07 2364530                    /lib/x86_64-linux-gnu/libm-2.23.so
7f0eaa60c000-7f0eaa60d000 rw-p 00108000 08:07 2364530                    /lib/x86_64-linux-gnu/libm-2.23.so
7f0eaa60d000-7f0eab16f000 r-xp 00000000 08:07 1836091                    /usr/lib/jvm/jdk1.7.0_51/jre/lib/amd64/server/libjvm.so
7f0eab16f000-7f0eab36f000 ---p 00b62000 08:07 1836091                    /usr/lib/jvm/jdk1.7.0_51/jre/lib/amd64/server/libjvm.so
7f0eab36f000-7f0eab432000 rw-p 00b62000 08:07 1836091                    /usr/lib/jvm/jdk1.7.0_51/jre/lib/amd64/server/libjvm.so
7f0eab432000-7f0eab473000 rw-p 00000000 00:00 0 
7f0eab473000-7f0eab633000 r-xp 00000000 08:07 2364460                    /lib/x86_64-linux-gnu/libc-2.23.so
7f0eab633000-7f0eab832000 ---p 001c0000 08:07 2364460                    /lib/x86_64-linux-gnu/libc-2.23.so
7f0eab832000-7f0eab836000 r--p 001bf000 08:07 2364460                    /lib/x86_64-linux-gnu/libc-2.23.so
7f0eab836000-7f0eab838000 rw-p 001c3000 08:07 2364460                    /lib/x86_64-linux-gnu/libc-2.23.so
7f0eab838000-7f0eab83c000 rw-p 00000000 00:00 0 
7f0eab83c000-7f0eab83f000 r-xp 00000000 08:07 2364484                    /lib/x86_64-linux-gnu/libdl-2.23.so
7f0eab83f000-7f0eaba3e000 ---p 00003000 08:07 2364484                    /lib/x86_64-linux-gnu/libdl-2.23.so
7f0eaba3e000-7f0eaba3f000 r--p 00002000 08:07 2364484                    /lib/x86_64-linux-gnu/libdl-2.23.so
7f0eaba3f000-7f0eaba40000 rw-p 00003000 08:07 2364484                    /lib/x86_64-linux-gnu/libdl-2.23.so
7f0eaba40000-7f0eaba56000 r-xp 00000000 08:07 1056839                    /usr/lib/jvm/jdk1.7.0_51/lib/amd64/jli/libjli.so
7f0eaba56000-7f0eabc56000 ---p 00016000 08:07 1056839                    /usr/lib/jvm/jdk1.7.0_51/lib/amd64/jli/libjli.so
7f0eabc56000-7f0eabc57000 rw-p 00016000 08:07 1056839                    /usr/lib/jvm/jdk1.7.0_51/lib/amd64/jli/libjli.so
7f0eabc57000-7f0eabc6f000 r-xp 00000000 08:07 2364606                    /lib/x86_64-linux-gnu/libpthread-2.23.so
7f0eabc6f000-7f0eabe6e000 ---p 00018000 08:07 2364606                    /lib/x86_64-linux-gnu/libpthread-2.23.so
7f0eabe6e000-7f0eabe6f000 r--p 00017000 08:07 2364606                    /lib/x86_64-linux-gnu/libpthread-2.23.so
7f0eabe6f000-7f0eabe70000 rw-p 00018000 08:07 2364606                    /lib/x86_64-linux-gnu/libpthread-2.23.so
7f0eabe70000-7f0eabe74000 rw-p 00000000 00:00 0 
7f0eabe74000-7f0eabe9a000 r-xp 00000000 08:07 2364432                    /lib/x86_64-linux-gnu/ld-2.23.so
7f0eabe9a000-7f0eabe9b000 r--s 00000000 08:07 2890680                    /var/cache/fontconfig/30829fa25452a46451e813d634d7f916-le64.cache-6
7f0eabe9b000-7f0eabea2000 r--s 00000000 08:07 3016614                    /usr/lib/x86_64-linux-gnu/gconv/gconv-modules.cache
7f0eabea2000-7f0eabea4000 r--s 0000d000 08:08 3412122                    /home/kcrez/Documentos/JavaDuino/library/rxtx2.1/RXTXcomm.jar
7f0eabea4000-7f0eabea6000 r--s 0000d000 08:07 1835127                    /usr/lib/jvm/jdk1.7.0_51/jre/lib/ext/RXTXcomm.jar
7f0eabea6000-7f0eabefa000 rw-p 00000000 00:00 0 
7f0eabefa000-7f0eabf18000 rw-p 00000000 00:00 0 
7f0eabf18000-7f0eabf1c000 rw-p 00000000 00:00 0 
7f0eabf1c000-7f0eabf60000 r-xp 00000000 08:07 1052366                    /opt/eset/esets/lib/libesets_pac.so
7f0eabf60000-7f0eac060000 ---p 00044000 08:07 1052366                    /opt/eset/esets/lib/libesets_pac.so
7f0eac060000-7f0eac063000 rw-p 00044000 08:07 1052366                    /opt/eset/esets/lib/libesets_pac.so
7f0eac063000-7f0eac076000 rw-p 00000000 00:00 0 
7f0eac076000-7f0eac077000 r--s 00000000 08:07 2890674                    /var/cache/fontconfig/0c9eb80ebd1c36541ebe2852d3bb0c49-le64.cache-6
7f0eac077000-7f0eac08c000 rw-p 00000000 00:00 0 
7f0eac08c000-7f0eac094000 rw-s 00000000 08:07 2097297                    /tmp/hsperfdata_kcrez/5561
7f0eac094000-7f0eac095000 rw-p 00000000 00:00 0 
7f0eac095000-7f0eac096000 r--p 00000000 00:00 0 
7f0eac096000-7f0eac099000 rw-p 00000000 00:00 0 
7f0eac099000-7f0eac09a000 r--p 00025000 08:07 2364432                    /lib/x86_64-linux-gnu/ld-2.23.so
7f0eac09a000-7f0eac09b000 rw-p 00026000 08:07 2364432                    /lib/x86_64-linux-gnu/ld-2.23.so
7f0eac09b000-7f0eac09c000 rw-p 00000000 00:00 0 
7ffef126b000-7ffef128c000 rw-p 00000000 00:00 0                          [stack]
7ffef131d000-7ffef131f000 r--p 00000000 00:00 0                          [vvar]
7ffef131f000-7ffef1321000 r-xp 00000000 00:00 0                          [vdso]
ffffffffff600000-ffffffffff601000 r-xp 00000000 00:00 0                  [vsyscall]

VM Arguments:
jvm_args: -Dfile.encoding=UTF-8 -Djava.library.path=/home/kcrez/Documentos/JavaDuino/library/rxtx2.1 
java_command: PPD_Frame
Launcher Type: SUN_STANDARD

Environment Variables:
PATH=/usr/local/sbin:/usr/local/bin:/usr/sbin:/usr/bin:/sbin:/bin:/usr/games:/usr/local/games:/snap/bin
LD_LIBRARY_PATH=/usr/lib/jvm/jdk1.7.0_51/jre/lib/amd64:/usr/lib/jvm/jdk1.7.0_51/jre/lib/i386:
SHELL=/bin/bash
DISPLAY=:0

Signal Handlers:
SIGSEGV: [libjvm.so+0x993870], sa_mask[0]=0x7ffbfeff, sa_flags=0x10000004
SIGBUS: [libjvm.so+0x993870], sa_mask[0]=0x7ffbfeff, sa_flags=0x10000004
SIGFPE: [libjvm.so+0x8105b0], sa_mask[0]=0x7ffbfeff, sa_flags=0x10000004
SIGPIPE: [libjvm.so+0x8105b0], sa_mask[0]=0x7ffbfeff, sa_flags=0x10000004
SIGXFSZ: [libjvm.so+0x8105b0], sa_mask[0]=0x7ffbfeff, sa_flags=0x10000004
SIGILL: [libjvm.so+0x8105b0], sa_mask[0]=0x7ffbfeff, sa_flags=0x10000004
SIGUSR1: SIG_DFL, sa_mask[0]=0x00000000, sa_flags=0x00000000
SIGUSR2: [libjvm.so+0x811aa0], sa_mask[0]=0x00000004, sa_flags=0x10000004
SIGHUP: [libjvm.so+0x812a10], sa_mask[0]=0x7ffbfeff, sa_flags=0x10000004
SIGINT: SIG_IGN, sa_mask[0]=0x00000000, sa_flags=0x00000000
SIGTERM: [libjvm.so+0x812a10], sa_mask[0]=0x7ffbfeff, sa_flags=0x10000004
SIGQUIT: [libjvm.so+0x812a10], sa_mask[0]=0x7ffbfeff, sa_flags=0x10000004


---------------  S Y S T E M  ---------------

OS:stretch/sid

uname:Linux 4.4.0-22-generic #40-Ubuntu SMP Thu May 12 22:03:46 UTC 2016 x86_64
libc:glibc 2.23 NPTL 2.23 
rlimit: STACK 8192k, CORE 0k, NPROC 15146, NOFILE 65536, AS infinity
load average:1.73 0.60 0.48

/proc/meminfo:
MemTotal:        3916240 kB
MemFree:           28972 kB
MemAvailable:    1431896 kB
Buffers:          216888 kB
Cached:          1300036 kB
SwapCached:          832 kB
Active:          2323232 kB
Inactive:        1284300 kB
Active(anon):    1684916 kB
Inactive(anon):   658940 kB
Active(file):     638316 kB
Inactive(file):   625360 kB
Unevictable:          48 kB
Mlocked:              48 kB
SwapTotal:       7812088 kB
SwapFree:        7807216 kB
Dirty:             10096 kB
Writeback:             0 kB
AnonPages:       2090228 kB
Mapped:           353728 kB
Shmem:            253264 kB
Slab:             201700 kB
SReclaimable:     168480 kB
SUnreclaim:        33220 kB
KernelStack:       10208 kB
PageTables:        33840 kB
NFS_Unstable:          0 kB
Bounce:                0 kB
WritebackTmp:          0 kB
CommitLimit:     9770208 kB
Committed_AS:    6335228 kB
VmallocTotal:   34359738367 kB
VmallocUsed:           0 kB
VmallocChunk:          0 kB
HardwareCorrupted:     0 kB
AnonHugePages:    993280 kB
CmaTotal:              0 kB
CmaFree:               0 kB
HugePages_Total:       0
HugePages_Free:        0
HugePages_Rsvd:        0
HugePages_Surp:        0
Hugepagesize:       2048 kB
DirectMap4k:      121628 kB
DirectMap2M:     2893824 kB
DirectMap1G:     1048576 kB


CPU:total 4 (2 cores per cpu, 2 threads per core) family 6 model 60 stepping 3, cmov, cx8, fxsr, mmx, sse, sse2, sse3, ssse3, sse4.1, sse4.2, popcnt, avx, avx2, aes, erms, ht, tsc, tscinvbit

/proc/cpuinfo:
processor	: 0
vendor_id	: GenuineIntel
cpu family	: 6
model		: 60
model name	: Intel(R) Core(TM) i3-4170 CPU @ 3.70GHz
stepping	: 3
microcode	: 0x1e
cpu MHz		: 3700.000
cache size	: 3072 KB
physical id	: 0
siblings	: 4
core id		: 0
cpu cores	: 2
apicid		: 0
initial apicid	: 0
fpu		: yes
fpu_exception	: yes
cpuid level	: 13
wp		: yes
flags		: fpu vme de pse tsc msr pae mce cx8 apic sep mtrr pge mca cmov pat pse36 clflush dts acpi mmx fxsr sse sse2 ss ht tm pbe syscall nx pdpe1gb rdtscp lm constant_tsc arch_perfmon pebs bts rep_good nopl xtopology nonstop_tsc aperfmperf eagerfpu pni pclmulqdq dtes64 monitor ds_cpl vmx est tm2 ssse3 sdbg fma cx16 xtpr pdcm pcid sse4_1 sse4_2 movbe popcnt tsc_deadline_timer aes xsave avx f16c rdrand lahf_lm abm epb tpr_shadow vnmi flexpriority ept vpid fsgsbase tsc_adjust bmi1 avx2 smep bmi2 erms invpcid xsaveopt dtherm arat pln pts
bugs		:
bogomips	: 7382.73
clflush size	: 64
cache_alignment	: 64
address sizes	: 39 bits physical, 48 bits virtual
power management:

processor	: 1
vendor_id	: GenuineIntel
cpu family	: 6
model		: 60
model name	: Intel(R) Core(TM) i3-4170 CPU @ 3.70GHz
stepping	: 3
microcode	: 0x1e
cpu MHz		: 3700.000
cache size	: 3072 KB
physical id	: 0
siblings	: 4
core id		: 1
cpu cores	: 2
apicid		: 2
initial apicid	: 2
fpu		: yes
fpu_exception	: yes
cpuid level	: 13
wp		: yes
flags		: fpu vme de pse tsc msr pae mce cx8 apic sep mtrr pge mca cmov pat pse36 clflush dts acpi mmx fxsr sse sse2 ss ht tm pbe syscall nx pdpe1gb rdtscp lm constant_tsc arch_perfmon pebs bts rep_good nopl xtopology nonstop_tsc aperfmperf eagerfpu pni pclmulqdq dtes64 monitor ds_cpl vmx est tm2 ssse3 sdbg fma cx16 xtpr pdcm pcid sse4_1 sse4_2 movbe popcnt tsc_deadline_timer aes xsave avx f16c rdrand lahf_lm abm epb tpr_shadow vnmi flexpriority ept vpid fsgsbase tsc_adjust bmi1 avx2 smep bmi2 erms invpcid xsaveopt dtherm arat pln pts
bugs		:
bogomips	: 7382.73
clflush size	: 64
cache_alignment	: 64
address sizes	: 39 bits physical, 48 bits virtual
power management:

processor	: 2
vendor_id	: GenuineIntel
cpu family	: 6
model		: 60
model name	: Intel(R) Core(TM) i3-4170 CPU @ 3.70GHz
stepping	: 3
microcode	: 0x1e
cpu MHz		: 3700.000
cache size	: 3072 KB
physical id	: 0
siblings	: 4
core id		: 0
cpu cores	: 2
apicid		: 1
initial apicid	: 1
fpu		: yes
fpu_exception	: yes
cpuid level	: 13
wp		: yes
flags		: fpu vme de pse tsc msr pae mce cx8 apic sep mtrr pge mca cmov pat pse36 clflush dts acpi mmx fxsr sse sse2 ss ht tm pbe syscall nx pdpe1gb rdtscp lm constant_tsc arch_perfmon pebs bts rep_good nopl xtopology nonstop_tsc aperfmperf eagerfpu pni pclmulqdq dtes64 monitor ds_cpl vmx est tm2 ssse3 sdbg fma cx16 xtpr pdcm pcid sse4_1 sse4_2 movbe popcnt tsc_deadline_timer aes xsave avx f16c rdrand lahf_lm abm epb tpr_shadow vnmi flexpriority ept vpid fsgsbase tsc_adjust bmi1 avx2 smep bmi2 erms invpcid xsaveopt dtherm arat pln pts
bugs		:
bogomips	: 7382.73
clflush size	: 64
cache_alignment	: 64
address sizes	: 39 bits physical, 48 bits virtual
power management:

processor	: 3
vendor_id	: GenuineIntel
cpu family	: 6
model		: 60
model name	: Intel(R) Core(TM) i3-4170 CPU @ 3.70GHz
stepping	: 3
microcode	: 0x1e
cpu MHz		: 3700.000
cache size	: 3072 KB
physical id	: 0
siblings	: 4
core id		: 1
cpu cores	: 2
apicid		: 3
initial apicid	: 3
fpu		: yes
fpu_exception	: yes
cpuid level	: 13
wp		: yes
flags		: fpu vme de pse tsc msr pae mce cx8 apic sep mtrr pge mca cmov pat pse36 clflush dts acpi mmx fxsr sse sse2 ss ht tm pbe syscall nx pdpe1gb rdtscp lm constant_tsc arch_perfmon pebs bts rep_good nopl xtopology nonstop_tsc aperfmperf eagerfpu pni pclmulqdq dtes64 monitor ds_cpl vmx est tm2 ssse3 sdbg fma cx16 xtpr pdcm pcid sse4_1 sse4_2 movbe popcnt tsc_deadline_timer aes xsave avx f16c rdrand lahf_lm abm epb tpr_shadow vnmi flexpriority ept vpid fsgsbase tsc_adjust bmi1 avx2 smep bmi2 erms invpcid xsaveopt dtherm arat pln pts
bugs		:
bogomips	: 7382.73
clflush size	: 64
cache_alignment	: 64
address sizes	: 39 bits physical, 48 bits virtual
power management:



Memory: 4k page, physical 3916240k(28972k free), swap 7812088k(7807216k free)

vm_info: Java HotSpot(TM) 64-Bit Server VM (24.51-b03) for linux-amd64 JRE (1.7.0_51-b13), built on Dec 18 2013 18:48:01 by "java_re" with gcc 4.3.0 20080428 (Red Hat 4.3.0-8)

time: Sun Jul 31 16:31:07 2016
elapsed time: 0 seconds

