#
# A fatal error has been detected by the Java Runtime Environment:
#
#  SIGSEGV (0xb) at pc=0x00007f93fc95e462, pid=6019, tid=140273574573824
#
# JRE version: Java(TM) SE Runtime Environment (7.0_51-b13) (build 1.7.0_51-b13)
# Java VM: Java HotSpot(TM) 64-Bit Server VM (24.51-b03 mixed mode linux-amd64 compressed oops)
# Problematic frame:
# C  [librxtxSerial.so+0x6462]  read_byte_array+0x52
#
# Failed to write core dump. Core dumps have been disabled. To enable core dumping, try "ulimit -c unlimited" before starting Java again
#
# If you would like to submit a bug report, please visit:
#   http://bugreport.sun.com/bugreport/crash.jsp
# The crash happened outside the Java Virtual Machine in native code.
# See problematic frame for where to report the bug.
#

---------------  T H R E A D  ---------------

Current thread (0x00007f93d80d2800):  JavaThread "Thread-0" [_thread_in_native, id=6043, stack(0x00007f93fc857000,0x00007f93fc958000)]

siginfo:si_signo=SIGSEGV: si_errno=0, si_code=1 (SEGV_MAPERR), si_addr=0xfffffffffc9566f8

Registers:
RAX=0xfffffffffc9566f0, RBX=0xffffffffffffffff, RCX=0x0000000000000001, RDX=0x00007f9425b80a50
RSP=0x00007f93fc955ac0, RBP=0x00007f93d80d29e8, RSI=0x00007f93fc961e30, RDI=0x00007f93fc961d3e
R8 =0x00007f93fc955a30, R9 =0x00000000ec628130, R10=0x0000000000000012, R11=0x00007f9425b85008
R12=0x00000000ffffffff, R13=0x0000000000000000, R14=0x000000000000001c, R15=0x0000000000000000
RIP=0x00007f93fc95e462, EFLAGS=0x0000000000010206, CSGSFS=0x0000000000000033, ERR=0x0000000000000005
  TRAPNO=0x000000000000000e

Top of Stack: (sp=0x00007f93fc955ac0)
0x00007f93fc955ac0:   ff0000000000ff00 0000000000000000
0x00007f93fc955ad0:   0000000000000000 0000000000000000
0x00007f93fc955ae0:   ffffffffffffffff fffffffffc9566f0
0x00007f93fc955af0:   0000000000000000 0000000000000000
0x00007f93fc955b00:   0000000000000000 00000002ffffffff
0x00007f93fc955b10:   00007f93d0001140 0000001c00000000
0x00007f93fc955b20:   0000000000000000 0000000000000000
0x00007f93fc955b30:   0000000000000000 0000000000000000
0x00007f93fc955b40:   00007f93d80d2800 0000000000000700
0x00007f93fc955b50:   0000000000002000 0000000000000000
0x00007f93fc955b60:   000000000000001c 0000000000000000
0x00007f93fc955b70:   00007f93fc955ba0 00007f9424ff3dac
0x00007f93fc955b80:   00007f93d0001140 00007f93d0001140
0x00007f93fc955b90:   000000000000001c 00007f93fc955c00
0x00007f93fc955ba0:   00007f93d80d29e8 0000000000000002
0x00007f93fc955bb0:   00000000ffffffff ffffffffffffffff
0x00007f93fc955bc0:   00007f93d80d29e8 00007f93d0001140
0x00007f93fc955bd0:   0000000000000002 000000000000001c
0x00007f93fc955be0:   0000000000000000 00007f93fc95e8a1
0x00007f93fc955bf0:   00007f93d80d2800 00007f93fc955cd8
0x00007f93fc955c00:   00007f93fc955ce0 00000000bfafd260
0x00007f93fc955c10:   00007f93fc955ca8 0000000000000000
0x00007f93fc955c20:   00000000bfafd258 00007f93fc955ce0
0x00007f93fc955c30:   00007f93d80d2800 00007f941c7c0cd8
0x00007f93fc955c40:   00000000bfb0d21b 00007f93000000b6
0x00007f93fc955c50:   00007f93f0035008 00000002000000b6
0x00007f93fc955c60:   00007f93d80d2800 00007f93fc955c68
0x00007f93fc955c70:   00000000bfafd258 00007f93fc955ce0
0x00007f93fc955c80:   00000000bfb0d8e8 0000000000000000
0x00007f93fc955c90:   00000000bfafd260 0000000000000000
0x00007f93fc955ca0:   00007f93fc955cc8 00007f93fc955d38
0x00007f93fc955cb0:   00007f941c7b41d4 0000000000000000 

Instructions: (pc=0x00007f93fc95e462)
0x00007f93fc95e442:   89 44 24 4c 48 c7 44 24 40 00 00 00 00 48 c7 44
0x00007f93fc95e452:   24 38 00 00 00 00 e8 53 d7 ff ff 48 89 44 24 28
0x00007f93fc95e462:   8b 40 08 45 85 e4 48 8b 54 24 28 44 8b 7c 24 4c
0x00007f93fc95e472:   89 44 24 34 c7 42 08 00 00 00 00 78 0c 31 c0 e8 

Register to memory mapping:

RAX=0xfffffffffc9566f0 is an unknown value
RBX=0xffffffffffffffff is an unknown value
RCX=0x0000000000000001 is an unknown value
RDX=0x00007f9425b80a50: <offset 0xe37a50> in /usr/lib/jvm/jdk1.7.0_51/jre/lib/amd64/server/libjvm.so at 0x00007f9424d49000
RSP=0x00007f93fc955ac0 is pointing into the stack for thread: 0x00007f93d80d2800
RBP=0x00007f93d80d29e8 is an unknown value
RSI=0x00007f93fc961e30: <offset 0x9e30> in /usr/lib/jvm/jdk1.7.0_51/jre/lib/amd64/librxtxSerial.so at 0x00007f93fc958000
RDI=0x00007f93fc961d3e: <offset 0x9d3e> in /usr/lib/jvm/jdk1.7.0_51/jre/lib/amd64/librxtxSerial.so at 0x00007f93fc958000
R8 =0x00007f93fc955a30 is pointing into the stack for thread: 0x00007f93d80d2800
R9 =0x00000000ec628130 is an oop
gnu.io.RXTXPort 
 - klass: 'gnu/io/RXTXPort'
R10=0x0000000000000012 is an unknown value
R11=0x00007f9425b85008: <offset 0xe3c008> in /usr/lib/jvm/jdk1.7.0_51/jre/lib/amd64/server/libjvm.so at 0x00007f9424d49000
R12=0x00000000ffffffff is an unallocated location in the heap
R13=0x0000000000000000 is an unknown value
R14=0x000000000000001c is an unknown value
R15=0x0000000000000000 is an unknown value


Stack: [0x00007f93fc857000,0x00007f93fc958000],  sp=0x00007f93fc955ac0,  free space=1018k
Native frames: (J=compiled Java code, j=interpreted, Vv=VM code, C=native code)
C  [librxtxSerial.so+0x6462]  read_byte_array+0x52

Java frames: (J=compiled Java code, j=interpreted, Vv=VM code)
j  gnu.io.RXTXPort.readArray([BII)I+0
j  gnu.io.RXTXPort$SerialInputStream.read([BII)I+187
j  sun.nio.cs.StreamDecoder.readBytes()I+135
j  sun.nio.cs.StreamDecoder.implRead([CII)I+112
j  sun.nio.cs.StreamDecoder.read([CII)I+180
j  java.io.InputStreamReader.read([CII)I+7
j  java.io.BufferedReader.fill()V+145
j  java.io.BufferedReader.readLine(Z)Ljava/lang/String;+44
j  java.io.BufferedReader.readLine()Ljava/lang/String;+2
j  PPD_Frame.serialEvent(Lgnu/io/SerialPortEvent;)V+24
j  gnu.io.RXTXPort.sendEvent(IZ)Z+382
v  ~StubRoutines::call_stub
j  gnu.io.RXTXPort.eventLoop()V+0
j  gnu.io.RXTXPort$MonitorThread.run()V+12
v  ~StubRoutines::call_stub

---------------  P R O C E S S  ---------------

Java Threads: ( => current thread )
=>0x00007f93d80d2800 JavaThread "Thread-0" [_thread_in_native, id=6043, stack(0x00007f93fc857000,0x00007f93fc958000)]
  0x00007f942000a000 JavaThread "DestroyJavaVM" [_thread_blocked, id=6023, stack(0x00007f942493f000,0x00007f9424a40000)]
  0x00007f942024b800 JavaThread "AWT-EventQueue-0" [_thread_in_Java, id=6041, stack(0x00007f93fce88000,0x00007f93fcf89000)]
  0x00007f94201d8800 JavaThread "AWT-Shutdown" [_thread_blocked, id=6040, stack(0x00007f93fcf89000,0x00007f93fd08a000)]
  0x00007f94201c2000 JavaThread "AWT-XAWT" daemon [_thread_in_native, id=6039, stack(0x00007f93fdc42000,0x00007f93fdd43000)]
  0x00007f942019f000 JavaThread "Java2D Disposer" daemon [_thread_blocked, id=6038, stack(0x00007f93fe153000,0x00007f93fe254000)]
  0x00007f9420097000 JavaThread "Service Thread" daemon [_thread_blocked, id=6036, stack(0x00007f9414481000,0x00007f9414582000)]
  0x00007f9420094800 JavaThread "C2 CompilerThread1" daemon [_thread_blocked, id=6035, stack(0x00007f9414582000,0x00007f9414683000)]
  0x00007f9420091800 JavaThread "C2 CompilerThread0" daemon [_thread_blocked, id=6034, stack(0x00007f9414683000,0x00007f9414784000)]
  0x00007f942008f800 JavaThread "Signal Dispatcher" daemon [_thread_blocked, id=6033, stack(0x00007f9414784000,0x00007f9414885000)]
  0x00007f9420070000 JavaThread "Finalizer" daemon [_thread_blocked, id=6031, stack(0x00007f9414885000,0x00007f9414986000)]
  0x00007f942006c000 JavaThread "Reference Handler" daemon [_thread_blocked, id=6030, stack(0x00007f9414986000,0x00007f9414a87000)]

Other Threads:
  0x00007f9420069800 VMThread [stack: 0x00007f9414a87000,0x00007f9414b88000] [id=6029]
  0x00007f94200a9800 WatcherThread [stack: 0x00007f9414380000,0x00007f9414481000] [id=6037]

VM state:not at safepoint (normal execution)

VM Mutex/Monitor currently owned by a thread: None

Heap
 PSYoungGen      total 17920K, used 9260K [0x00000000ec080000, 0x00000000ed480000, 0x0000000100000000)
  eden space 15360K, 60% used [0x00000000ec080000,0x00000000ec98b218,0x00000000ecf80000)
  from space 2560K, 0% used [0x00000000ed200000,0x00000000ed200000,0x00000000ed480000)
  to   space 2560K, 0% used [0x00000000ecf80000,0x00000000ecf80000,0x00000000ed200000)
 ParOldGen       total 40448K, used 0K [0x00000000c4200000, 0x00000000c6980000, 0x00000000ec080000)
  object space 40448K, 0% used [0x00000000c4200000,0x00000000c4200000,0x00000000c6980000)
 PSPermGen       total 21504K, used 12122K [0x00000000bf000000, 0x00000000c0500000, 0x00000000c4200000)
  object space 21504K, 56% used [0x00000000bf000000,0x00000000bfbd6a58,0x00000000c0500000)

Card table byte_map: [0x00007f941c5a5000,0x00007f941c7ae000] byte_map_base: 0x00007f941bfad000

Polling page: 0x00007f94267d1000

Code Cache  [0x00007f941c7ae000, 0x00007f941ca1e000, 0x00007f941f7ae000)
 total_blobs=564 nmethods=82 adapters=435 free_code_cache=48422Kb largest_free_block=49554816

Compilation events (10 events):
Event: 13.273 Thread 0x00007f9420094800   78             sun.awt.X11.XWindow::getModifiers (251 bytes)
Event: 13.274 Thread 0x00007f9420094800 nmethod 78 0x00007f941c85d450 code [0x00007f941c85d5a0, 0x00007f941c85d7e8]
Event: 13.321 Thread 0x00007f9420091800   79             javax.swing.plaf.ComponentUI::contains (7 bytes)
Event: 13.321 Thread 0x00007f9420091800 nmethod 79 0x00007f941c85d1d0 code [0x00007f941c85d300, 0x00007f941c85d398]
Event: 13.337 Thread 0x00007f9420094800   80             javax.swing.JComponent::contains (27 bytes)
Event: 13.337 Thread 0x00007f9420094800 nmethod 80 0x00007f941c85cf90 code [0x00007f941c85d0c0, 0x00007f941c85d158]
Event: 13.418 Thread 0x00007f9420091800   81             sun.font.CompositeGlyphMapper::setCachedGlyphCode (73 bytes)
Event: 13.420 Thread 0x00007f9420091800 nmethod 81 0x00007f941c85cb10 code [0x00007f941c85cc60, 0x00007f941c85ce58]
Event: 13.754 Thread 0x00007f9420094800   82             java.lang.Float::compare (46 bytes)
Event: 13.755 Thread 0x00007f9420094800 nmethod 82 0x00007f941c85c8d0 code [0x00007f941c85ca00, 0x00007f941c85ca98]

GC Heap History (0 events):
No events

Deoptimization events (3 events):
Event: 0.120 Thread 0x00007f942000a000 Uncommon trap: reason=class_check action=maybe_recompile pc=0x00007f941c82798c method=java.util.Properties$LineReader.readLine()I @ 62
Event: 0.122 Thread 0x00007f942000a000 Uncommon trap: reason=class_check action=maybe_recompile pc=0x00007f941c82798c method=java.util.Properties$LineReader.readLine()I @ 62
Event: 0.123 Thread 0x00007f942000a000 Uncommon trap: reason=class_check action=maybe_recompile pc=0x00007f941c82798c method=java.util.Properties$LineReader.readLine()I @ 62

Internal exceptions (10 events):
Event: 0.187 Thread 0x00007f942024b800 Threw 0x00000000ec393a58 at /HUDSON/workspace/7u-2-build-linux-amd64@2/jdk7u51/527/hotspot/src/share/vm/prims/jvm.cpp:1244
Event: 0.188 Thread 0x00007f942024b800 Threw 0x00000000ec397598 at /HUDSON/workspace/7u-2-build-linux-amd64@2/jdk7u51/527/hotspot/src/share/vm/prims/jvm.cpp:1244
Event: 0.188 Thread 0x00007f942024b800 Threw 0x00000000ec398cb0 at /HUDSON/workspace/7u-2-build-linux-amd64@2/jdk7u51/527/hotspot/src/share/vm/prims/jvm.cpp:1244
Event: 0.255 Thread 0x00007f942024b800 Threw 0x00000000ec469ed8 at /HUDSON/workspace/7u-2-build-linux-amd64@2/jdk7u51/527/hotspot/src/share/vm/prims/jvm.cpp:1244
Event: 0.256 Thread 0x00007f942024b800 Threw 0x00000000ec505630 at /HUDSON/workspace/7u-2-build-linux-amd64@2/jdk7u51/527/hotspot/src/share/vm/prims/jvm.cpp:1244
Event: 0.323 Thread 0x00007f942024b800 Threw 0x00000000ec5d3b28 at /HUDSON/workspace/7u-2-build-linux-amd64@2/jdk7u51/527/hotspot/src/share/vm/prims/jni.cpp:717
Event: 0.339 Thread 0x00007f942024b800 Threw 0x00000000ec5e6db0 at /HUDSON/workspace/7u-2-build-linux-amd64@2/jdk7u51/527/hotspot/src/share/vm/prims/jni.cpp:717
Event: 0.342 Thread 0x00007f942024b800 Threw 0x00000000ec5f87a0 at /HUDSON/workspace/7u-2-build-linux-amd64@2/jdk7u51/527/hotspot/src/share/vm/prims/jni.cpp:717
Event: 0.360 Thread 0x00007f942024b800 Threw 0x00000000ec60b710 at /HUDSON/workspace/7u-2-build-linux-amd64@2/jdk7u51/527/hotspot/src/share/vm/prims/jni.cpp:717
Event: 0.484 Thread 0x00007f942024b800 Threw 0x00000000ec6cd790 at /HUDSON/workspace/7u-2-build-linux-amd64@2/jdk7u51/527/hotspot/src/share/vm/prims/jni.cpp:743

Events (10 events):
Event: 6.329 Executing VM operation: RevokeBias done
Event: 6.329 Executing VM operation: RevokeBias
Event: 6.329 Executing VM operation: RevokeBias done
Event: 10.916 loading class 0x00007f93ec02ba00
Event: 10.916 loading class 0x00007f93ec02ba00 done
Event: 11.329 Executing VM operation: RevokeBias
Event: 11.329 Executing VM operation: RevokeBias done
Event: 11.329 Thread 0x00007f93d803e800 Thread exited: 0x00007f93d803e800
Event: 13.892 loading class 0x00007f942015ac30
Event: 13.892 loading class 0x00007f942015ac30 done


Dynamic libraries:
00400000-00401000 r-xp 00000000 08:07 937188                             /usr/lib/jvm/jdk1.7.0_51/bin/java
00600000-00601000 rw-p 00000000 08:07 937188                             /usr/lib/jvm/jdk1.7.0_51/bin/java
01ccd000-01cee000 rw-p 00000000 00:00 0                                  [heap]
bf000000-c0500000 rw-p 00000000 00:00 0 
c0500000-c4200000 rw-p 00000000 00:00 0 
c4200000-c6980000 rw-p 00000000 00:00 0 
c6980000-ec080000 rw-p 00000000 00:00 0 
ec080000-ed480000 rw-p 00000000 00:00 0 
ed480000-100000000 rw-p 00000000 00:00 0 
7f93cc000000-7f93cc05b000 rw-p 00000000 00:00 0 
7f93cc05b000-7f93d0000000 ---p 00000000 00:00 0 
7f93d0000000-7f93d0021000 rw-p 00000000 00:00 0 
7f93d0021000-7f93d4000000 ---p 00000000 00:00 0 
7f93d4000000-7f93d4021000 rw-p 00000000 00:00 0 
7f93d4021000-7f93d8000000 ---p 00000000 00:00 0 
7f93d8000000-7f93d80d6000 rw-p 00000000 00:00 0 
7f93d80d6000-7f93dc000000 ---p 00000000 00:00 0 
7f93dc000000-7f93dc021000 rw-p 00000000 00:00 0 
7f93dc021000-7f93e0000000 ---p 00000000 00:00 0 
7f93e0000000-7f93e0021000 rw-p 00000000 00:00 0 
7f93e0021000-7f93e4000000 ---p 00000000 00:00 0 
7f93e4000000-7f93e4021000 rw-p 00000000 00:00 0 
7f93e4021000-7f93e8000000 ---p 00000000 00:00 0 
7f93e8000000-7f93e8021000 rw-p 00000000 00:00 0 
7f93e8021000-7f93ec000000 ---p 00000000 00:00 0 
7f93ec000000-7f93ec7af000 rw-p 00000000 00:00 0 
7f93ec7af000-7f93f0000000 ---p 00000000 00:00 0 
7f93f0000000-7f93f03c3000 rw-p 00000000 00:00 0 
7f93f03c3000-7f93f4000000 ---p 00000000 00:00 0 
7f93f4000000-7f93f4021000 rw-p 00000000 00:00 0 
7f93f4021000-7f93f8000000 ---p 00000000 00:00 0 
7f93f8000000-7f93f8021000 rw-p 00000000 00:00 0 
7f93f8021000-7f93fc000000 ---p 00000000 00:00 0 
7f93fc43a000-7f93fc464000 r-xp 00000000 08:07 1836084                    /usr/lib/jvm/jdk1.7.0_51/jre/lib/amd64/libdcpr.so
7f93fc464000-7f93fc664000 ---p 0002a000 08:07 1836084                    /usr/lib/jvm/jdk1.7.0_51/jre/lib/amd64/libdcpr.so
7f93fc664000-7f93fc667000 rw-p 0002a000 08:07 1836084                    /usr/lib/jvm/jdk1.7.0_51/jre/lib/amd64/libdcpr.so
7f93fc667000-7f93fc857000 rw-s 00000000 00:05 22773793                   /SYSV00000000 (deleted)
7f93fc857000-7f93fc85a000 ---p 00000000 00:00 0 
7f93fc85a000-7f93fc958000 rw-p 00000000 00:00 0 
7f93fc958000-7f93fc964000 r-xp 00000000 08:07 1835128                    /usr/lib/jvm/jdk1.7.0_51/jre/lib/amd64/librxtxSerial.so
7f93fc964000-7f93fca63000 ---p 0000c000 08:07 1835128                    /usr/lib/jvm/jdk1.7.0_51/jre/lib/amd64/librxtxSerial.so
7f93fca63000-7f93fca65000 rw-p 0000b000 08:07 1835128                    /usr/lib/jvm/jdk1.7.0_51/jre/lib/amd64/librxtxSerial.so
7f93fca65000-7f93fca7e000 r--s 00000000 08:07 527849                     /usr/share/fonts/type1/gsfonts/n022004l.pfb
7f93fca7e000-7f93fca97000 r--s 00000000 08:07 527834                     /usr/share/fonts/type1/gsfonts/n021003l.pfb
7f93fca97000-7f93fcaad000 r--s 00000000 08:07 527843                     /usr/share/fonts/type1/gsfonts/n021024l.pfb
7f93fcaad000-7f93fcac3000 r--s 00000000 08:07 527852                     /usr/share/fonts/type1/gsfonts/n022023l.pfb
7f93fcac3000-7f93fcada000 r--s 00000000 08:07 527840                     /usr/share/fonts/type1/gsfonts/n021023l.pfb
7f93fcada000-7f93fcaeb000 r--s 00000000 08:07 527816                     /usr/share/fonts/type1/gsfonts/n019023l.pfb
7f93fcaeb000-7f93fcaff000 r--s 00000000 08:07 527810                     /usr/share/fonts/type1/gsfonts/n019003l.pfb
7f93fcaff000-7f93fcb08000 r--s 00000000 08:07 527870                     /usr/share/fonts/type1/gsfonts/s050000l.pfb
7f93fcb08000-7f93fcb0b000 ---p 00000000 00:00 0 
7f93fcb0b000-7f93fcc09000 rw-p 00000000 00:00 0 
7f93fcc09000-7f93fcc71000 r-xp 00000000 08:07 1836082                    /usr/lib/jvm/jdk1.7.0_51/jre/lib/amd64/libt2k.so
7f93fcc71000-7f93fce71000 ---p 00068000 08:07 1836082                    /usr/lib/jvm/jdk1.7.0_51/jre/lib/amd64/libt2k.so
7f93fce71000-7f93fce78000 rw-p 00068000 08:07 1836082                    /usr/lib/jvm/jdk1.7.0_51/jre/lib/amd64/libt2k.so
7f93fce78000-7f93fce88000 rw-p 00000000 00:00 0 
7f93fce88000-7f93fce8b000 ---p 00000000 00:00 0 
7f93fce8b000-7f93fcf89000 rw-p 00000000 00:00 0 
7f93fcf89000-7f93fcf8c000 ---p 00000000 00:00 0 
7f93fcf8c000-7f93fd08a000 rw-p 00000000 00:00 0 
7f93fd08a000-7f93fd09a000 r-xp 00000000 08:07 1836051                    /usr/lib/jvm/jdk1.7.0_51/jre/lib/amd64/libnio.so
7f93fd09a000-7f93fd29a000 ---p 00010000 08:07 1836051                    /usr/lib/jvm/jdk1.7.0_51/jre/lib/amd64/libnio.so
7f93fd29a000-7f93fd29b000 rw-p 00010000 08:07 1836051                    /usr/lib/jvm/jdk1.7.0_51/jre/lib/amd64/libnio.so
7f93fd29b000-7f93fd59c000 rw-p 00000000 00:00 0 
7f93fd59c000-7f93fd5b2000 r-xp 00000000 08:07 1836056                    /usr/lib/jvm/jdk1.7.0_51/jre/lib/amd64/libnet.so
7f93fd5b2000-7f93fd7b2000 ---p 00016000 08:07 1836056                    /usr/lib/jvm/jdk1.7.0_51/jre/lib/amd64/libnet.so
7f93fd7b2000-7f93fd7b3000 rw-p 00016000 08:07 1836056                    /usr/lib/jvm/jdk1.7.0_51/jre/lib/amd64/libnet.so
7f93fd7b3000-7f93fd7c9000 r-xp 00000000 08:07 2364498                    /lib/x86_64-linux-gnu/libgcc_s.so.1
7f93fd7c9000-7f93fd9c8000 ---p 00016000 08:07 2364498                    /lib/x86_64-linux-gnu/libgcc_s.so.1
7f93fd9c8000-7f93fd9c9000 rw-p 00015000 08:07 2364498                    /lib/x86_64-linux-gnu/libgcc_s.so.1
7f93fd9c9000-7f93fda2e000 r-xp 00000000 08:07 1836052                    /usr/lib/jvm/jdk1.7.0_51/jre/lib/amd64/libfontmanager.so
7f93fda2e000-7f93fdc2d000 ---p 00065000 08:07 1836052                    /usr/lib/jvm/jdk1.7.0_51/jre/lib/amd64/libfontmanager.so
7f93fdc2d000-7f93fdc31000 rw-p 00064000 08:07 1836052                    /usr/lib/jvm/jdk1.7.0_51/jre/lib/amd64/libfontmanager.so
7f93fdc31000-7f93fdc42000 rw-p 00000000 00:00 0 
7f93fdc42000-7f93fdc45000 ---p 00000000 00:00 0 
7f93fdc45000-7f93fdd43000 rw-p 00000000 00:00 0 
7f93fdd43000-7f93fdd48000 r-xp 00000000 08:07 2762080                    /usr/lib/x86_64-linux-gnu/libXfixes.so.3.1.0
7f93fdd48000-7f93fdf47000 ---p 00005000 08:07 2762080                    /usr/lib/x86_64-linux-gnu/libXfixes.so.3.1.0
7f93fdf47000-7f93fdf48000 r--p 00004000 08:07 2762080                    /usr/lib/x86_64-linux-gnu/libXfixes.so.3.1.0
7f93fdf48000-7f93fdf49000 rw-p 00005000 08:07 2762080                    /usr/lib/x86_64-linux-gnu/libXfixes.so.3.1.0
7f93fdf49000-7f93fdf52000 r-xp 00000000 08:07 2762072                    /usr/lib/x86_64-linux-gnu/libXcursor.so.1.0.2
7f93fdf52000-7f93fe151000 ---p 00009000 08:07 2762072                    /usr/lib/x86_64-linux-gnu/libXcursor.so.1.0.2
7f93fe151000-7f93fe152000 r--p 00008000 08:07 2762072                    /usr/lib/x86_64-linux-gnu/libXcursor.so.1.0.2
7f93fe152000-7f93fe153000 rw-p 00009000 08:07 2762072                    /usr/lib/x86_64-linux-gnu/libXcursor.so.1.0.2
7f93fe153000-7f93fe156000 ---p 00000000 00:00 0 
7f93fe156000-7f93fe254000 rw-p 00000000 00:00 0 
7f93fe254000-7f93fe259000 r-xp 00000000 08:07 2762076                    /usr/lib/x86_64-linux-gnu/libXdmcp.so.6.0.0
7f93fe259000-7f93fe458000 ---p 00005000 08:07 2762076                    /usr/lib/x86_64-linux-gnu/libXdmcp.so.6.0.0
7f93fe458000-7f93fe459000 r--p 00004000 08:07 2762076                    /usr/lib/x86_64-linux-gnu/libXdmcp.so.6.0.0
7f93fe459000-7f93fe45a000 rw-p 00005000 08:07 2762076                    /usr/lib/x86_64-linux-gnu/libXdmcp.so.6.0.0
7f93fe45a000-7f93fe45c000 r-xp 00000000 08:07 2762065                    /usr/lib/x86_64-linux-gnu/libXau.so.6.0.0
7f93fe45c000-7f93fe65c000 ---p 00002000 08:07 2762065                    /usr/lib/x86_64-linux-gnu/libXau.so.6.0.0
7f93fe65c000-7f93fe65d000 r--p 00002000 08:07 2762065                    /usr/lib/x86_64-linux-gnu/libXau.so.6.0.0
7f93fe65d000-7f93fe65e000 rw-p 00003000 08:07 2762065                    /usr/lib/x86_64-linux-gnu/libXau.so.6.0.0
7f93fe65e000-7f93fe67f000 r-xp 00000000 08:07 2763443                    /usr/lib/x86_64-linux-gnu/libxcb.so.1.1.0
7f93fe67f000-7f93fe87e000 ---p 00021000 08:07 2763443                    /usr/lib/x86_64-linux-gnu/libxcb.so.1.1.0
7f93fe87e000-7f93fe87f000 r--p 00020000 08:07 2763443                    /usr/lib/x86_64-linux-gnu/libxcb.so.1.1.0
7f93fe87f000-7f93fe880000 rw-p 00021000 08:07 2763443                    /usr/lib/x86_64-linux-gnu/libxcb.so.1.1.0
7f93fe880000-7f93fe88f000 r-xp 00000000 08:07 2762086                    /usr/lib/x86_64-linux-gnu/libXi.so.6.1.0
7f93fe88f000-7f93fea8e000 ---p 0000f000 08:07 2762086                    /usr/lib/x86_64-linux-gnu/libXi.so.6.1.0
7f93fea8e000-7f93fea8f000 r--p 0000e000 08:07 2762086                    /usr/lib/x86_64-linux-gnu/libXi.so.6.1.0
7f93fea8f000-7f93fea90000 rw-p 0000f000 08:07 2762086                    /usr/lib/x86_64-linux-gnu/libXi.so.6.1.0
7f93fea90000-7f93fea95000 r-xp 00000000 08:07 2762104                    /usr/lib/x86_64-linux-gnu/libXtst.so.6.1.0
7f93fea95000-7f93fec94000 ---p 00005000 08:07 2762104                    /usr/lib/x86_64-linux-gnu/libXtst.so.6.1.0
7f93fec94000-7f93fec95000 r--p 00004000 08:07 2762104                    /usr/lib/x86_64-linux-gnu/libXtst.so.6.1.0
7f93fec95000-7f93fec96000 rw-p 00005000 08:07 2762104                    /usr/lib/x86_64-linux-gnu/libXtst.so.6.1.0
7f93fec96000-7f93fec9f000 r-xp 00000000 08:07 2762098                    /usr/lib/x86_64-linux-gnu/libXrender.so.1.3.0
7f93fec9f000-7f93fee9e000 ---p 00009000 08:07 2762098                    /usr/lib/x86_64-linux-gnu/libXrender.so.1.3.0
7f93fee9e000-7f93fee9f000 r--p 00008000 08:07 2762098                    /usr/lib/x86_64-linux-gnu/libXrender.so.1.3.0
7f93fee9f000-7f93feea0000 rw-p 00009000 08:07 2762098                    /usr/lib/x86_64-linux-gnu/libXrender.so.1.3.0
7f93feea0000-7f93fefd5000 r-xp 00000000 08:07 2762061                    /usr/lib/x86_64-linux-gnu/libX11.so.6.3.0
7f93fefd5000-7f93ff1d5000 ---p 00135000 08:07 2762061                    /usr/lib/x86_64-linux-gnu/libX11.so.6.3.0
7f93ff1d5000-7f93ff1d6000 r--p 00135000 08:07 2762061                    /usr/lib/x86_64-linux-gnu/libX11.so.6.3.0
7f93ff1d6000-7f93ff1da000 rw-p 00136000 08:07 2762061                    /usr/lib/x86_64-linux-gnu/libX11.so.6.3.0
7f93ff1da000-7f93ff1eb000 r-xp 00000000 08:07 2762078                    /usr/lib/x86_64-linux-gnu/libXext.so.6.4.0
7f93ff1eb000-7f93ff3ea000 ---p 00011000 08:07 2762078                    /usr/lib/x86_64-linux-gnu/libXext.so.6.4.0
7f93ff3ea000-7f93ff3eb000 r--p 00010000 08:07 2762078                    /usr/lib/x86_64-linux-gnu/libXext.so.6.4.0
7f93ff3eb000-7f93ff3ec000 rw-p 00011000 08:07 2762078                    /usr/lib/x86_64-linux-gnu/libXext.so.6.4.0
7f93ff3ec000-7f93ff43c000 r-xp 00000000 08:07 1836094                    /usr/lib/jvm/jdk1.7.0_51/jre/lib/amd64/xawt/libmawt.so
7f93ff43c000-7f93ff63c000 ---p 00050000 08:07 1836094                    /usr/lib/jvm/jdk1.7.0_51/jre/lib/amd64/xawt/libmawt.so
7f93ff63c000-7f93ff640000 rw-p 00050000 08:07 1836094                    /usr/lib/jvm/jdk1.7.0_51/jre/lib/amd64/xawt/libmawt.so
7f93ff640000-7f93ff641000 rw-p 00000000 00:00 0 
7f93ff641000-7f9400000000 r--p 00000000 08:07 2760681                    /usr/lib/locale/locale-archive
7f9400000000-7f9400021000 rw-p 00000000 00:00 0 
7f9400021000-7f9404000000 ---p 00000000 00:00 0 
7f9404000000-7f9404021000 rw-p 00000000 00:00 0 
7f9404021000-7f9408000000 ---p 00000000 00:00 0 
7f9408000000-7f9408021000 rw-p 00000000 00:00 0 
7f9408021000-7f940c000000 ---p 00000000 00:00 0 
7f940c000000-7f940c021000 rw-p 00000000 00:00 0 
7f940c021000-7f9410000000 ---p 00000000 00:00 0 
7f9410000000-7f9410021000 rw-p 00000000 00:00 0 
7f9410021000-7f9414000000 ---p 00000000 00:00 0 
7f9414008000-7f9414013000 r--s 00000000 08:07 2890696                    /var/cache/fontconfig/945677eb7aeaf62f1d50efc3fb3ec7d8-le64.cache-6
7f9414013000-7f9414019000 r--s 00000000 08:07 2890678                    /var/cache/fontconfig/2cd17615ca594fa2959ae173292e504c-le64.cache-6
7f9414019000-7f941401a000 r--s 00000000 08:07 2890675                    /var/cache/fontconfig/0d8c3b2ac0904cb8a57a757ad11a4a08-le64.cache-6
7f941401a000-7f941401e000 r--s 00000000 08:07 2885053                    /var/cache/fontconfig/de156ccd2eddbdc19d37a45b8b2aac9c-le64.cache-6
7f941401e000-7f9414033000 r--s 00000000 08:07 2890672                    /var/cache/fontconfig/04aabc0a78ac019cf9454389977116d2-le64.cache-6
7f9414033000-7f9414034000 r--s 00000000 08:07 2890677                    /var/cache/fontconfig/1ac9eb803944fde146138c791f5cc56a-le64.cache-6
7f9414034000-7f9414038000 r--s 00000000 08:07 2890682                    /var/cache/fontconfig/385c0604a188198f04d133e54aba7fe7-le64.cache-6
7f9414038000-7f9414039000 r--s 00000000 08:07 2890709                    /var/cache/fontconfig/dc05db6664285cc2f12bf69c139ae4c3-le64.cache-6
7f9414039000-7f941403c000 r--s 00000000 08:07 2890692                    /var/cache/fontconfig/767a8244fc0220cfb567a839d0392e0b-le64.cache-6
7f941403c000-7f9414041000 r--s 00000000 08:07 2890695                    /var/cache/fontconfig/8801497958630a81b71ace7c5f9b32a8-le64.cache-6
7f9414041000-7f9414048000 r--s 00000000 08:07 2890679                    /var/cache/fontconfig/3047814df9a2f067bd2d96a2b9c36e5a-le64.cache-6
7f9414048000-7f941404e000 r--s 00000000 08:07 2890700                    /var/cache/fontconfig/b47c4e1ecd0709278f4910c18777a504-le64.cache-6
7f941404e000-7f9414061000 r--s 00000000 08:07 2890706                    /var/cache/fontconfig/d52a8644073d54c13679302ca1180695-le64.cache-6
7f9414061000-7f941406c000 r--s 00000000 08:07 2887795                    /var/cache/fontconfig/d589a48862398ed80a3d6066f4f56f4c-le64.cache-6
7f941406c000-7f9414077000 r--s 00000000 08:07 2890694                    /var/cache/fontconfig/83bf95040141907cd45bb53cf7c1c148-le64.cache-6
7f9414077000-7f9414089000 r--s 00000000 08:07 2886108                    /var/cache/fontconfig/9b89f8e3dae116d678bbf48e5f21f69b-le64.cache-6
7f9414089000-7f94140ae000 r--p 00000000 08:07 397003                     /usr/share/locale-langpack/es/LC_MESSAGES/libc.mo
7f94140ae000-7f9414150000 r-xp 00000000 08:07 1836064                    /usr/lib/jvm/jdk1.7.0_51/jre/lib/amd64/libawt.so
7f9414150000-7f9414350000 ---p 000a2000 08:07 1836064                    /usr/lib/jvm/jdk1.7.0_51/jre/lib/amd64/libawt.so
7f9414350000-7f941435c000 rw-p 000a2000 08:07 1836064                    /usr/lib/jvm/jdk1.7.0_51/jre/lib/amd64/libawt.so
7f941435c000-7f9414380000 rw-p 00000000 00:00 0 
7f9414380000-7f9414381000 ---p 00000000 00:00 0 
7f9414381000-7f9414481000 rw-p 00000000 00:00 0 
7f9414481000-7f9414484000 ---p 00000000 00:00 0 
7f9414484000-7f9414582000 rw-p 00000000 00:00 0 
7f9414582000-7f9414585000 ---p 00000000 00:00 0 
7f9414585000-7f9414683000 rw-p 00000000 00:00 0 
7f9414683000-7f9414686000 ---p 00000000 00:00 0 
7f9414686000-7f9414784000 rw-p 00000000 00:00 0 
7f9414784000-7f9414787000 ---p 00000000 00:00 0 
7f9414787000-7f9414885000 rw-p 00000000 00:00 0 
7f9414885000-7f9414888000 ---p 00000000 00:00 0 
7f9414888000-7f9414986000 rw-p 00000000 00:00 0 
7f9414986000-7f9414989000 ---p 00000000 00:00 0 
7f9414989000-7f9414a87000 rw-p 00000000 00:00 0 
7f9414a87000-7f9414a88000 ---p 00000000 00:00 0 
7f9414a88000-7f9415b45000 rw-p 00000000 00:00 0 
7f9415b45000-7f9415d02000 r--s 039bf000 08:07 1057153                    /usr/lib/jvm/jdk1.7.0_51/jre/lib/rt.jar
7f9415d02000-7f9418000000 rw-p 00000000 00:00 0 
7f9418000000-7f9418021000 rw-p 00000000 00:00 0 
7f9418021000-7f941c000000 ---p 00000000 00:00 0 
7f941c000000-7f941c001000 r--s 00000000 08:07 2883743                    /var/cache/fontconfig/4794a0821666d79190d59a36cb4f44b5-le64.cache-6
7f941c001000-7f941c002000 r--s 00000000 08:07 2890702                    /var/cache/fontconfig/bab58bb527bb656aaa9f116d68a48d89-le64.cache-6
7f941c002000-7f941c003000 r--s 00000000 08:07 2890686                    /var/cache/fontconfig/56cf4f4769d0f4abc89a4895d7bd3ae1-le64.cache-6
7f941c003000-7f941c006000 r--s 00000000 08:07 2890691                    /var/cache/fontconfig/75114ca45c98e8a441da0ff356701271-le64.cache-6
7f941c006000-7f941c061000 rw-p 00000000 00:00 0 
7f941c061000-7f941c062000 ---p 00000000 00:00 0 
7f941c062000-7f941c162000 rw-p 00000000 00:00 0 
7f941c162000-7f941c163000 ---p 00000000 00:00 0 
7f941c163000-7f941c263000 rw-p 00000000 00:00 0 
7f941c263000-7f941c264000 ---p 00000000 00:00 0 
7f941c264000-7f941c364000 rw-p 00000000 00:00 0 
7f941c364000-7f941c365000 ---p 00000000 00:00 0 
7f941c365000-7f941c479000 rw-p 00000000 00:00 0 
7f941c479000-7f941c5a5000 rw-p 00000000 00:00 0 
7f941c5a5000-7f941c5b0000 rw-p 00000000 00:00 0 
7f941c5b0000-7f941c5ce000 rw-p 00000000 00:00 0 
7f941c5ce000-7f941c5e2000 rw-p 00000000 00:00 0 
7f941c5e2000-7f941c70d000 rw-p 00000000 00:00 0 
7f941c70d000-7f941c718000 rw-p 00000000 00:00 0 
7f941c718000-7f941c7ad000 rw-p 00000000 00:00 0 
7f941c7ad000-7f941c7ae000 rw-p 00000000 00:00 0 
7f941c7ae000-7f941ca1e000 rwxp 00000000 00:00 0 
7f941ca1e000-7f941f7ae000 rw-p 00000000 00:00 0 
7f941f7ae000-7f941f7c8000 r-xp 00000000 08:07 1836101                    /usr/lib/jvm/jdk1.7.0_51/jre/lib/amd64/libzip.so
7f941f7c8000-7f941f9c8000 ---p 0001a000 08:07 1836101                    /usr/lib/jvm/jdk1.7.0_51/jre/lib/amd64/libzip.so
7f941f9c8000-7f941f9c9000 rw-p 0001a000 08:07 1836101                    /usr/lib/jvm/jdk1.7.0_51/jre/lib/amd64/libzip.so
7f941f9c9000-7f941f9d4000 r-xp 00000000 08:07 2364559                    /lib/x86_64-linux-gnu/libnss_files-2.23.so
7f941f9d4000-7f941fbd3000 ---p 0000b000 08:07 2364559                    /lib/x86_64-linux-gnu/libnss_files-2.23.so
7f941fbd3000-7f941fbd4000 r--p 0000a000 08:07 2364559                    /lib/x86_64-linux-gnu/libnss_files-2.23.so
7f941fbd4000-7f941fbd5000 rw-p 0000b000 08:07 2364559                    /lib/x86_64-linux-gnu/libnss_files-2.23.so
7f941fbd5000-7f941fbdb000 rw-p 00000000 00:00 0 
7f941fbdb000-7f941fbe6000 r-xp 00000000 08:07 2364569                    /lib/x86_64-linux-gnu/libnss_nis-2.23.so
7f941fbe6000-7f941fde5000 ---p 0000b000 08:07 2364569                    /lib/x86_64-linux-gnu/libnss_nis-2.23.so
7f941fde5000-7f941fde6000 r--p 0000a000 08:07 2364569                    /lib/x86_64-linux-gnu/libnss_nis-2.23.so
7f941fde6000-7f941fde7000 rw-p 0000b000 08:07 2364569                    /lib/x86_64-linux-gnu/libnss_nis-2.23.so
7f941fde7000-7f941fdfd000 r-xp 00000000 08:07 2364553                    /lib/x86_64-linux-gnu/libnsl-2.23.so
7f941fdfd000-7f941fffc000 ---p 00016000 08:07 2364553                    /lib/x86_64-linux-gnu/libnsl-2.23.so
7f941fffc000-7f941fffd000 r--p 00015000 08:07 2364553                    /lib/x86_64-linux-gnu/libnsl-2.23.so
7f941fffd000-7f941fffe000 rw-p 00016000 08:07 2364553                    /lib/x86_64-linux-gnu/libnsl-2.23.so
7f941fffe000-7f9420000000 rw-p 00000000 00:00 0 
7f9420000000-7f9420258000 rw-p 00000000 00:00 0 
7f9420258000-7f9424000000 ---p 00000000 00:00 0 
7f9424000000-7f9424001000 r--s 00000000 08:07 2890701                    /var/cache/fontconfig/b9d506c9ac06c20b433354fa67a72993-le64.cache-6
7f9424001000-7f9424002000 r--s 00000000 08:07 2890685                    /var/cache/fontconfig/551ecf3b0e8b0bca0f25c0944f561853-le64.cache-6
7f9424002000-7f9424005000 r--s 00000000 08:07 2890710                    /var/cache/fontconfig/e13b20fdb08344e0e664864cc2ede53d-le64.cache-6
7f9424005000-7f9424009000 r--s 00000000 08:07 2883629                    /var/cache/fontconfig/7ef2298fde41cc6eeb7af42e48b7d293-le64.cache-6
7f9424009000-7f9424014000 r--s 0037c000 08:07 1057110                    /usr/lib/jvm/jdk1.7.0_51/jre/lib/charsets.jar
7f9424014000-7f942403f000 rw-p 00000000 00:00 0 
7f942403f000-7f94240f5000 rw-p 00000000 00:00 0 
7f94240f5000-7f94240fd000 r-xp 00000000 08:07 2364555                    /lib/x86_64-linux-gnu/libnss_compat-2.23.so
7f94240fd000-7f94242fc000 ---p 00008000 08:07 2364555                    /lib/x86_64-linux-gnu/libnss_compat-2.23.so
7f94242fc000-7f94242fd000 r--p 00007000 08:07 2364555                    /lib/x86_64-linux-gnu/libnss_compat-2.23.so
7f94242fd000-7f94242fe000 rw-p 00008000 08:07 2364555                    /lib/x86_64-linux-gnu/libnss_compat-2.23.so
7f94242fe000-7f9424327000 r-xp 00000000 08:07 1836085                    /usr/lib/jvm/jdk1.7.0_51/jre/lib/amd64/libjava.so
7f9424327000-7f9424527000 ---p 00029000 08:07 1836085                    /usr/lib/jvm/jdk1.7.0_51/jre/lib/amd64/libjava.so
7f9424527000-7f9424529000 rw-p 00029000 08:07 1836085                    /usr/lib/jvm/jdk1.7.0_51/jre/lib/amd64/libjava.so
7f9424529000-7f9424536000 r-xp 00000000 08:07 1836083                    /usr/lib/jvm/jdk1.7.0_51/jre/lib/amd64/libverify.so
7f9424536000-7f9424735000 ---p 0000d000 08:07 1836083                    /usr/lib/jvm/jdk1.7.0_51/jre/lib/amd64/libverify.so
7f9424735000-7f9424737000 rw-p 0000c000 08:07 1836083                    /usr/lib/jvm/jdk1.7.0_51/jre/lib/amd64/libverify.so
7f9424737000-7f942473e000 r-xp 00000000 08:07 2364614                    /lib/x86_64-linux-gnu/librt-2.23.so
7f942473e000-7f942493d000 ---p 00007000 08:07 2364614                    /lib/x86_64-linux-gnu/librt-2.23.so
7f942493d000-7f942493e000 r--p 00006000 08:07 2364614                    /lib/x86_64-linux-gnu/librt-2.23.so
7f942493e000-7f942493f000 rw-p 00007000 08:07 2364614                    /lib/x86_64-linux-gnu/librt-2.23.so
7f942493f000-7f9424942000 ---p 00000000 00:00 0 
7f9424942000-7f9424a40000 rw-p 00000000 00:00 0 
7f9424a40000-7f9424b48000 r-xp 00000000 08:07 2364530                    /lib/x86_64-linux-gnu/libm-2.23.so
7f9424b48000-7f9424d47000 ---p 00108000 08:07 2364530                    /lib/x86_64-linux-gnu/libm-2.23.so
7f9424d47000-7f9424d48000 r--p 00107000 08:07 2364530                    /lib/x86_64-linux-gnu/libm-2.23.so
7f9424d48000-7f9424d49000 rw-p 00108000 08:07 2364530                    /lib/x86_64-linux-gnu/libm-2.23.so
7f9424d49000-7f94258ab000 r-xp 00000000 08:07 1836091                    /usr/lib/jvm/jdk1.7.0_51/jre/lib/amd64/server/libjvm.so
7f94258ab000-7f9425aab000 ---p 00b62000 08:07 1836091                    /usr/lib/jvm/jdk1.7.0_51/jre/lib/amd64/server/libjvm.so
7f9425aab000-7f9425b6e000 rw-p 00b62000 08:07 1836091                    /usr/lib/jvm/jdk1.7.0_51/jre/lib/amd64/server/libjvm.so
7f9425b6e000-7f9425baf000 rw-p 00000000 00:00 0 
7f9425baf000-7f9425d6f000 r-xp 00000000 08:07 2364460                    /lib/x86_64-linux-gnu/libc-2.23.so
7f9425d6f000-7f9425f6e000 ---p 001c0000 08:07 2364460                    /lib/x86_64-linux-gnu/libc-2.23.so
7f9425f6e000-7f9425f72000 r--p 001bf000 08:07 2364460                    /lib/x86_64-linux-gnu/libc-2.23.so
7f9425f72000-7f9425f74000 rw-p 001c3000 08:07 2364460                    /lib/x86_64-linux-gnu/libc-2.23.so
7f9425f74000-7f9425f78000 rw-p 00000000 00:00 0 
7f9425f78000-7f9425f7b000 r-xp 00000000 08:07 2364484                    /lib/x86_64-linux-gnu/libdl-2.23.so
7f9425f7b000-7f942617a000 ---p 00003000 08:07 2364484                    /lib/x86_64-linux-gnu/libdl-2.23.so
7f942617a000-7f942617b000 r--p 00002000 08:07 2364484                    /lib/x86_64-linux-gnu/libdl-2.23.so
7f942617b000-7f942617c000 rw-p 00003000 08:07 2364484                    /lib/x86_64-linux-gnu/libdl-2.23.so
7f942617c000-7f9426192000 r-xp 00000000 08:07 1056839                    /usr/lib/jvm/jdk1.7.0_51/lib/amd64/jli/libjli.so
7f9426192000-7f9426392000 ---p 00016000 08:07 1056839                    /usr/lib/jvm/jdk1.7.0_51/lib/amd64/jli/libjli.so
7f9426392000-7f9426393000 rw-p 00016000 08:07 1056839                    /usr/lib/jvm/jdk1.7.0_51/lib/amd64/jli/libjli.so
7f9426393000-7f94263ab000 r-xp 00000000 08:07 2364606                    /lib/x86_64-linux-gnu/libpthread-2.23.so
7f94263ab000-7f94265aa000 ---p 00018000 08:07 2364606                    /lib/x86_64-linux-gnu/libpthread-2.23.so
7f94265aa000-7f94265ab000 r--p 00017000 08:07 2364606                    /lib/x86_64-linux-gnu/libpthread-2.23.so
7f94265ab000-7f94265ac000 rw-p 00018000 08:07 2364606                    /lib/x86_64-linux-gnu/libpthread-2.23.so
7f94265ac000-7f94265b0000 rw-p 00000000 00:00 0 
7f94265b0000-7f94265d6000 r-xp 00000000 08:07 2364432                    /lib/x86_64-linux-gnu/ld-2.23.so
7f94265d6000-7f94265d7000 r--s 00000000 08:07 2890680                    /var/cache/fontconfig/30829fa25452a46451e813d634d7f916-le64.cache-6
7f94265d7000-7f94265de000 r--s 00000000 08:07 3016614                    /usr/lib/x86_64-linux-gnu/gconv/gconv-modules.cache
7f94265de000-7f94265e0000 r--s 0000d000 08:08 3412122                    /home/kcrez/Documentos/JavaDuino/library/rxtx2.1/RXTXcomm.jar
7f94265e0000-7f94265e2000 r--s 0000d000 08:07 1835127                    /usr/lib/jvm/jdk1.7.0_51/jre/lib/ext/RXTXcomm.jar
7f94265e2000-7f9426636000 rw-p 00000000 00:00 0 
7f9426636000-7f9426654000 rw-p 00000000 00:00 0 
7f9426654000-7f9426658000 rw-p 00000000 00:00 0 
7f9426658000-7f942669c000 r-xp 00000000 08:07 1052366                    /opt/eset/esets/lib/libesets_pac.so
7f942669c000-7f942679c000 ---p 00044000 08:07 1052366                    /opt/eset/esets/lib/libesets_pac.so
7f942679c000-7f942679f000 rw-p 00044000 08:07 1052366                    /opt/eset/esets/lib/libesets_pac.so
7f942679f000-7f94267b2000 rw-p 00000000 00:00 0 
7f94267b2000-7f94267b3000 r--s 00000000 08:07 2890674                    /var/cache/fontconfig/0c9eb80ebd1c36541ebe2852d3bb0c49-le64.cache-6
7f94267b3000-7f94267c8000 rw-p 00000000 00:00 0 
7f94267c8000-7f94267d0000 rw-s 00000000 08:07 2097361                    /tmp/hsperfdata_kcrez/6019
7f94267d0000-7f94267d1000 rw-p 00000000 00:00 0 
7f94267d1000-7f94267d2000 r--p 00000000 00:00 0 
7f94267d2000-7f94267d5000 rw-p 00000000 00:00 0 
7f94267d5000-7f94267d6000 r--p 00025000 08:07 2364432                    /lib/x86_64-linux-gnu/ld-2.23.so
7f94267d6000-7f94267d7000 rw-p 00026000 08:07 2364432                    /lib/x86_64-linux-gnu/ld-2.23.so
7f94267d7000-7f94267d8000 rw-p 00000000 00:00 0 
7ffd33da6000-7ffd33dc7000 rw-p 00000000 00:00 0                          [stack]
7ffd33df5000-7ffd33df7000 r--p 00000000 00:00 0                          [vvar]
7ffd33df7000-7ffd33df9000 r-xp 00000000 00:00 0                          [vdso]
ffffffffff600000-ffffffffff601000 r-xp 00000000 00:00 0                  [vsyscall]

VM Arguments:
jvm_args: -Dfile.encoding=UTF-8 -Djava.library.path=/home/kcrez/Documentos/JavaDuino/library/rxtx2.1 
java_command: PPD_Frame
Launcher Type: SUN_STANDARD

Environment Variables:
PATH=/usr/local/sbin:/usr/local/bin:/usr/sbin:/usr/bin:/sbin:/bin:/usr/games:/usr/local/games:/snap/bin
LD_LIBRARY_PATH=/usr/lib/jvm/jdk1.7.0_51/jre/lib/amd64:/usr/lib/jvm/jdk1.7.0_51/jre/lib/i386:
SHELL=/bin/bash
DISPLAY=:0

Signal Handlers:
SIGSEGV: [libjvm.so+0x993870], sa_mask[0]=0x7ffbfeff, sa_flags=0x10000004
SIGBUS: [libjvm.so+0x993870], sa_mask[0]=0x7ffbfeff, sa_flags=0x10000004
SIGFPE: [libjvm.so+0x8105b0], sa_mask[0]=0x7ffbfeff, sa_flags=0x10000004
SIGPIPE: [libjvm.so+0x8105b0], sa_mask[0]=0x7ffbfeff, sa_flags=0x10000004
SIGXFSZ: [libjvm.so+0x8105b0], sa_mask[0]=0x7ffbfeff, sa_flags=0x10000004
SIGILL: [libjvm.so+0x8105b0], sa_mask[0]=0x7ffbfeff, sa_flags=0x10000004
SIGUSR1: SIG_DFL, sa_mask[0]=0x00000000, sa_flags=0x00000000
SIGUSR2: [libjvm.so+0x811aa0], sa_mask[0]=0x00000004, sa_flags=0x10000004
SIGHUP: [libjvm.so+0x812a10], sa_mask[0]=0x7ffbfeff, sa_flags=0x10000004
SIGINT: SIG_IGN, sa_mask[0]=0x00000000, sa_flags=0x00000000
SIGTERM: [libjvm.so+0x812a10], sa_mask[0]=0x7ffbfeff, sa_flags=0x10000004
SIGQUIT: [libjvm.so+0x812a10], sa_mask[0]=0x7ffbfeff, sa_flags=0x10000004


---------------  S Y S T E M  ---------------

OS:stretch/sid

uname:Linux 4.4.0-22-generic #40-Ubuntu SMP Thu May 12 22:03:46 UTC 2016 x86_64
libc:glibc 2.23 NPTL 2.23 
rlimit: STACK 8192k, CORE 0k, NPROC 15146, NOFILE 65536, AS infinity
load average:0.11 0.14 0.27

/proc/meminfo:
MemTotal:        3916240 kB
MemFree:          124200 kB
MemAvailable:    1409684 kB
Buffers:          215868 kB
Cached:          1194188 kB
SwapCached:         1248 kB
Active:          2436508 kB
Inactive:        1081768 kB
Active(anon):    1700584 kB
Inactive(anon):   665032 kB
Active(file):     735924 kB
Inactive(file):   416736 kB
Unevictable:          48 kB
Mlocked:              48 kB
SwapTotal:       7812088 kB
SwapFree:        7804392 kB
Dirty:               252 kB
Writeback:             0 kB
AnonPages:       2107132 kB
Mapped:           351020 kB
Shmem:            257396 kB
Slab:             195844 kB
SReclaimable:     162056 kB
SUnreclaim:        33788 kB
KernelStack:       10496 kB
PageTables:        33376 kB
NFS_Unstable:          0 kB
Bounce:                0 kB
WritebackTmp:          0 kB
CommitLimit:     9770208 kB
Committed_AS:    6342504 kB
VmallocTotal:   34359738367 kB
VmallocUsed:           0 kB
VmallocChunk:          0 kB
HardwareCorrupted:     0 kB
AnonHugePages:    993280 kB
CmaTotal:              0 kB
CmaFree:               0 kB
HugePages_Total:       0
HugePages_Free:        0
HugePages_Rsvd:        0
HugePages_Surp:        0
Hugepagesize:       2048 kB
DirectMap4k:      121628 kB
DirectMap2M:     2893824 kB
DirectMap1G:     1048576 kB


CPU:total 4 (2 cores per cpu, 2 threads per core) family 6 model 60 stepping 3, cmov, cx8, fxsr, mmx, sse, sse2, sse3, ssse3, sse4.1, sse4.2, popcnt, avx, avx2, aes, erms, ht, tsc, tscinvbit

/proc/cpuinfo:
processor	: 0
vendor_id	: GenuineIntel
cpu family	: 6
model		: 60
model name	: Intel(R) Core(TM) i3-4170 CPU @ 3.70GHz
stepping	: 3
microcode	: 0x1e
cpu MHz		: 2102.785
cache size	: 3072 KB
physical id	: 0
siblings	: 4
core id		: 0
cpu cores	: 2
apicid		: 0
initial apicid	: 0
fpu		: yes
fpu_exception	: yes
cpuid level	: 13
wp		: yes
flags		: fpu vme de pse tsc msr pae mce cx8 apic sep mtrr pge mca cmov pat pse36 clflush dts acpi mmx fxsr sse sse2 ss ht tm pbe syscall nx pdpe1gb rdtscp lm constant_tsc arch_perfmon pebs bts rep_good nopl xtopology nonstop_tsc aperfmperf eagerfpu pni pclmulqdq dtes64 monitor ds_cpl vmx est tm2 ssse3 sdbg fma cx16 xtpr pdcm pcid sse4_1 sse4_2 movbe popcnt tsc_deadline_timer aes xsave avx f16c rdrand lahf_lm abm epb tpr_shadow vnmi flexpriority ept vpid fsgsbase tsc_adjust bmi1 avx2 smep bmi2 erms invpcid xsaveopt dtherm arat pln pts
bugs		:
bogomips	: 7382.73
clflush size	: 64
cache_alignment	: 64
address sizes	: 39 bits physical, 48 bits virtual
power management:

processor	: 1
vendor_id	: GenuineIntel
cpu family	: 6
model		: 60
model name	: Intel(R) Core(TM) i3-4170 CPU @ 3.70GHz
stepping	: 3
microcode	: 0x1e
cpu MHz		: 2101.050
cache size	: 3072 KB
physical id	: 0
siblings	: 4
core id		: 1
cpu cores	: 2
apicid		: 2
initial apicid	: 2
fpu		: yes
fpu_exception	: yes
cpuid level	: 13
wp		: yes
flags		: fpu vme de pse tsc msr pae mce cx8 apic sep mtrr pge mca cmov pat pse36 clflush dts acpi mmx fxsr sse sse2 ss ht tm pbe syscall nx pdpe1gb rdtscp lm constant_tsc arch_perfmon pebs bts rep_good nopl xtopology nonstop_tsc aperfmperf eagerfpu pni pclmulqdq dtes64 monitor ds_cpl vmx est tm2 ssse3 sdbg fma cx16 xtpr pdcm pcid sse4_1 sse4_2 movbe popcnt tsc_deadline_timer aes xsave avx f16c rdrand lahf_lm abm epb tpr_shadow vnmi flexpriority ept vpid fsgsbase tsc_adjust bmi1 avx2 smep bmi2 erms invpcid xsaveopt dtherm arat pln pts
bugs		:
bogomips	: 7382.73
clflush size	: 64
cache_alignment	: 64
address sizes	: 39 bits physical, 48 bits virtual
power management:

processor	: 2
vendor_id	: GenuineIntel
cpu family	: 6
model		: 60
model name	: Intel(R) Core(TM) i3-4170 CPU @ 3.70GHz
stepping	: 3
microcode	: 0x1e
cpu MHz		: 2763.148
cache size	: 3072 KB
physical id	: 0
siblings	: 4
core id		: 0
cpu cores	: 2
apicid		: 1
initial apicid	: 1
fpu		: yes
fpu_exception	: yes
cpuid level	: 13
wp		: yes
flags		: fpu vme de pse tsc msr pae mce cx8 apic sep mtrr pge mca cmov pat pse36 clflush dts acpi mmx fxsr sse sse2 ss ht tm pbe syscall nx pdpe1gb rdtscp lm constant_tsc arch_perfmon pebs bts rep_good nopl xtopology nonstop_tsc aperfmperf eagerfpu pni pclmulqdq dtes64 monitor ds_cpl vmx est tm2 ssse3 sdbg fma cx16 xtpr pdcm pcid sse4_1 sse4_2 movbe popcnt tsc_deadline_timer aes xsave avx f16c rdrand lahf_lm abm epb tpr_shadow vnmi flexpriority ept vpid fsgsbase tsc_adjust bmi1 avx2 smep bmi2 erms invpcid xsaveopt dtherm arat pln pts
bugs		:
bogomips	: 7382.73
clflush size	: 64
cache_alignment	: 64
address sizes	: 39 bits physical, 48 bits virtual
power management:

processor	: 3
vendor_id	: GenuineIntel
cpu family	: 6
model		: 60
model name	: Intel(R) Core(TM) i3-4170 CPU @ 3.70GHz
stepping	: 3
microcode	: 0x1e
cpu MHz		: 2101.195
cache size	: 3072 KB
physical id	: 0
siblings	: 4
core id		: 1
cpu cores	: 2
apicid		: 3
initial apicid	: 3
fpu		: yes
fpu_exception	: yes
cpuid level	: 13
wp		: yes
flags		: fpu vme de pse tsc msr pae mce cx8 apic sep mtrr pge mca cmov pat pse36 clflush dts acpi mmx fxsr sse sse2 ss ht tm pbe syscall nx pdpe1gb rdtscp lm constant_tsc arch_perfmon pebs bts rep_good nopl xtopology nonstop_tsc aperfmperf eagerfpu pni pclmulqdq dtes64 monitor ds_cpl vmx est tm2 ssse3 sdbg fma cx16 xtpr pdcm pcid sse4_1 sse4_2 movbe popcnt tsc_deadline_timer aes xsave avx f16c rdrand lahf_lm abm epb tpr_shadow vnmi flexpriority ept vpid fsgsbase tsc_adjust bmi1 avx2 smep bmi2 erms invpcid xsaveopt dtherm arat pln pts
bugs		:
bogomips	: 7382.73
clflush size	: 64
cache_alignment	: 64
address sizes	: 39 bits physical, 48 bits virtual
power management:



Memory: 4k page, physical 3916240k(124200k free), swap 7812088k(7804392k free)

vm_info: Java HotSpot(TM) 64-Bit Server VM (24.51-b03) for linux-amd64 JRE (1.7.0_51-b13), built on Dec 18 2013 18:48:01 by "java_re" with gcc 4.3.0 20080428 (Red Hat 4.3.0-8)

time: Sun Jul 31 16:43:01 2016
elapsed time: 13 seconds

