#
# A fatal error has been detected by the Java Runtime Environment:
#
#  SIGSEGV (0xb) at pc=0x00007f8ac0383462, pid=8032, tid=140233907095296
#
# JRE version: Java(TM) SE Runtime Environment (7.0_51-b13) (build 1.7.0_51-b13)
# Java VM: Java HotSpot(TM) 64-Bit Server VM (24.51-b03 mixed mode linux-amd64 compressed oops)
# Problematic frame:
# C  [librxtxSerial.so+0x6462]  read_byte_array+0x52
#
# Failed to write core dump. Core dumps have been disabled. To enable core dumping, try "ulimit -c unlimited" before starting Java again
#
# If you would like to submit a bug report, please visit:
#   http://bugreport.sun.com/bugreport/crash.jsp
# The crash happened outside the Java Virtual Machine in native code.
# See problematic frame for where to report the bug.
#

---------------  T H R E A D  ---------------

Current thread (0x00007f8a6c0ea000):  JavaThread "Thread-0" [_thread_in_native, id=8066, stack(0x00007f8ac027c000,0x00007f8ac037d000)]

siginfo:si_signo=SIGSEGV: si_errno=0, si_code=1 (SEGV_MAPERR), si_addr=0xffffffffc037b4f8

Registers:
RAX=0xffffffffc037b4f0, RBX=0xffffffffffffffff, RCX=0x0000000000000001, RDX=0x00007f8ad61c3a50
RSP=0x00007f8ac037a8c0, RBP=0x00007f8a6c0ea1e8, RSI=0x00007f8ac0386e30, RDI=0x00007f8ac0386d3e
R8 =0x00007f8ac037a830, R9 =0x00000000ffffffff, R10=0x0000000000000049, R11=0x00007f8ac0383410
R12=0x00000000ffffffff, R13=0x0000000000000000, R14=0x000000000000001d, R15=0x0000000000000000
RIP=0x00007f8ac0383462, EFLAGS=0x0000000000010206, CSGSFS=0x0000000000000033, ERR=0x0000000000000005
  TRAPNO=0x000000000000000e

Top of Stack: (sp=0x00007f8ac037a8c0)
0x00007f8ac037a8c0:   ff0000000000ff00 0000000000000000
0x00007f8ac037a8d0:   0000000000000000 0000000000000000
0x00007f8ac037a8e0:   000000000000000a ffffffffc037b4f0
0x00007f8ac037a8f0:   0000000000000000 0000000000000000
0x00007f8ac037a900:   0000000000000000 000000b900000000
0x00007f8ac037a910:   00007f8a5c0016b0 0000001d00000000
0x00007f8ac037a920:   0000000000000000 0000000000000000
0x00007f8ac037a930:   0000000000000000 0000000000000000
0x00007f8ac037a940:   00007f8a6c0ea000 0000000000000700
0x00007f8ac037a950:   0000000000002000 0000000000000000
0x00007f8ac037a960:   000000000000001d 0000000000000000
0x00007f8ac037a970:   00007f8ac037a9a0 00007f8ad5636dac
0x00007f8ac037a980:   00007f8a5c0016b0 00007f8a5c0016b0
0x00007f8ac037a990:   000000000000001d 00007f8ac037aa00
0x00007f8ac037a9a0:   00007f8a6c0ea1e8 00000000000000b9
0x00007f8ac037a9b0:   00000000ffffffff ffffffffffffffff
0x00007f8ac037a9c0:   00007f8a6c0ea1e8 00007f8a5c0016b0
0x00007f8ac037a9d0:   00000000000000b9 000000000000001d
0x00007f8ac037a9e0:   0000000000000000 00007f8ac03838a1
0x00007f8ac037a9f0:   00007f8a6c0ea000 00007f8ac037aad0
0x00007f8ac037aa00:   00007f8ac037aad8 00000000bfb2ed70
0x00007f8ac037aa10:   00007f8ac037aaa0 0000000000000000
0x00007f8ac037aa20:   00000000bfb2ed68 00007f8ac037aad8
0x00007f8ac037aa30:   00007f8a6c0ea000 00007f8acc020af9
0x00007f8ac037aa40:   00007f8a80075c68 00007f8ac037aad8
0x00007f8ac037aa50:   00007f8a6c0ea000 0000000a000000b6
0x00007f8ac037aa60:   00007f8ac037aa60 00000000bfb2ed68
0x00007f8ac037aa70:   00007f8ac037aad8 00000000bfb42ca8
0x00007f8ac037aa80:   0000000000000000 00000000bfb2ed70
0x00007f8ac037aa90:   0000000000000000 00007f8ac037aac0
0x00007f8ac037aaa0:   00007f8ac037ab30 00007f8acc00e254
0x00007f8ac037aab0:   0000000000000000 00007f8acc01af36 

Instructions: (pc=0x00007f8ac0383462)
0x00007f8ac0383442:   89 44 24 4c 48 c7 44 24 40 00 00 00 00 48 c7 44
0x00007f8ac0383452:   24 38 00 00 00 00 e8 53 d7 ff ff 48 89 44 24 28
0x00007f8ac0383462:   8b 40 08 45 85 e4 48 8b 54 24 28 44 8b 7c 24 4c
0x00007f8ac0383472:   89 44 24 34 c7 42 08 00 00 00 00 78 0c 31 c0 e8 

Register to memory mapping:

RAX=0xffffffffc037b4f0 is an unknown value
RBX=0xffffffffffffffff is an unknown value
RCX=0x0000000000000001 is an unknown value
RDX=0x00007f8ad61c3a50: <offset 0xe37a50> in /usr/lib/jvm/jdk1.7.0_51/jre/lib/amd64/server/libjvm.so at 0x00007f8ad538c000
RSP=0x00007f8ac037a8c0 is pointing into the stack for thread: 0x00007f8a6c0ea000
RBP=0x00007f8a6c0ea1e8 is an unknown value
RSI=0x00007f8ac0386e30: <offset 0x9e30> in /usr/lib/jvm/jdk1.7.0_51/jre/lib/amd64/librxtxSerial.so at 0x00007f8ac037d000
RDI=0x00007f8ac0386d3e: <offset 0x9d3e> in /usr/lib/jvm/jdk1.7.0_51/jre/lib/amd64/librxtxSerial.so at 0x00007f8ac037d000
R8 =0x00007f8ac037a830 is pointing into the stack for thread: 0x00007f8a6c0ea000
R9 =0x00000000ffffffff is an unallocated location in the heap
R10=0x0000000000000049 is an unknown value
R11=0x00007f8ac0383410: read_byte_array+0 in /usr/lib/jvm/jdk1.7.0_51/jre/lib/amd64/librxtxSerial.so at 0x00007f8ac037d000
R12=0x00000000ffffffff is an unallocated location in the heap
R13=0x0000000000000000 is an unknown value
R14=0x000000000000001d is an unknown value
R15=0x0000000000000000 is an unknown value


Stack: [0x00007f8ac027c000,0x00007f8ac037d000],  sp=0x00007f8ac037a8c0,  free space=1018k
Native frames: (J=compiled Java code, j=interpreted, Vv=VM code, C=native code)
C  [librxtxSerial.so+0x6462]  read_byte_array+0x52

Java frames: (J=compiled Java code, j=interpreted, Vv=VM code)
j  gnu.io.RXTXPort.readArray([BII)I+0
j  gnu.io.RXTXPort$SerialInputStream.read([BII)I+187
j  sun.nio.cs.StreamDecoder.readBytes()I+135
j  sun.nio.cs.StreamDecoder.implRead([CII)I+112
j  sun.nio.cs.StreamDecoder.read([CII)I+180
j  java.io.InputStreamReader.read([CII)I+7
j  java.io.BufferedReader.fill()V+145
j  java.io.BufferedReader.readLine(Z)Ljava/lang/String;+44
j  java.io.BufferedReader.readLine()Ljava/lang/String;+2
j  PPD_Frame.serialEvent(Lgnu/io/SerialPortEvent;)V+14
j  gnu.io.RXTXPort.sendEvent(IZ)Z+382
v  ~StubRoutines::call_stub
j  gnu.io.RXTXPort.eventLoop()V+0
j  gnu.io.RXTXPort$MonitorThread.run()V+12
v  ~StubRoutines::call_stub

---------------  P R O C E S S  ---------------

Java Threads: ( => current thread )
=>0x00007f8a6c0ea000 JavaThread "Thread-0" [_thread_in_native, id=8066, stack(0x00007f8ac027c000,0x00007f8ac037d000)]
  0x00007f8a6c003000 JavaThread "org.netbeans.modules.debugger.jpda.visual AWT Access Loop" daemon [_thread_blocked, id=8063, stack(0x00007f8ac0a68000,0x00007f8ac0b69000)]
  0x00007f8ad000d800 JavaThread "DestroyJavaVM" [_thread_blocked, id=8037, stack(0x00007f8ad4f82000,0x00007f8ad5083000)]
  0x00007f8ad021f800 JavaThread "AWT-EventQueue-0" [_thread_blocked, id=8062, stack(0x00007f8ac0b69000,0x00007f8ac0c6a000)]
  0x00007f8ad0278000 JavaThread "AWT-Shutdown" [_thread_blocked, id=8061, stack(0x00007f8ac0c6a000,0x00007f8ac0d6b000)]
  0x00007f8ad01bd800 JavaThread "AWT-XAWT" daemon [_thread_in_native, id=8060, stack(0x00007f8ac1923000,0x00007f8ac1a24000)]
  0x00007f8ad019a800 JavaThread "Java2D Disposer" daemon [_thread_blocked, id=8059, stack(0x00007f8ac1e34000,0x00007f8ac1f35000)]
  0x00007f8ad00a9000 JavaThread "Service Thread" daemon [_thread_blocked, id=8056, stack(0x00007f8ac36f5000,0x00007f8ac37f6000)]
  0x00007f8ad00a6800 JavaThread "C2 CompilerThread1" daemon [_thread_blocked, id=8055, stack(0x00007f8ac37f6000,0x00007f8ac38f7000)]
  0x00007f8ad00a3800 JavaThread "C2 CompilerThread0" daemon [_thread_blocked, id=8054, stack(0x00007f8ac38f7000,0x00007f8ac39f8000)]
  0x00007f8a94001000 JavaThread "JDWP Command Reader" daemon [_thread_in_native, id=8050, stack(0x00007f8ac39f8000,0x00007f8ac3af9000)]
  0x00007f8ad00a1800 JavaThread "JDWP Event Helper Thread" daemon [_thread_blocked, id=8049, stack(0x00007f8ac3af9000,0x00007f8ac3bfa000)]
  0x00007f8ad009e000 JavaThread "JDWP Transport Listener: dt_socket" daemon [_thread_blocked, id=8047, stack(0x00007f8ac3bfa000,0x00007f8ac3cfb000)]
  0x00007f8ad0090800 JavaThread "Signal Dispatcher" daemon [_thread_blocked, id=8046, stack(0x00007f8ac3eff000,0x00007f8ac4000000)]
  0x00007f8ad0073000 JavaThread "Finalizer" daemon [_thread_blocked, id=8045, stack(0x00007f8ac80e5000,0x00007f8ac81e6000)]
  0x00007f8ad006f000 JavaThread "Reference Handler" daemon [_thread_blocked, id=8044, stack(0x00007f8ac81e6000,0x00007f8ac82e7000)]

Other Threads:
  0x00007f8ad006c800 VMThread [stack: 0x00007f8ac82e7000,0x00007f8ac83e8000] [id=8043]
  0x00007f8ad00ac000 WatcherThread [stack: 0x00007f8ac35f4000,0x00007f8ac36f5000] [id=8057]

VM state:not at safepoint (normal execution)

VM Mutex/Monitor currently owned by a thread: None

Heap
 PSYoungGen      total 17920K, used 9533K [0x00000000ec080000, 0x00000000ed480000, 0x0000000100000000)
  eden space 15360K, 62% used [0x00000000ec080000,0x00000000ec9cf578,0x00000000ecf80000)
  from space 2560K, 0% used [0x00000000ed200000,0x00000000ed200000,0x00000000ed480000)
  to   space 2560K, 0% used [0x00000000ecf80000,0x00000000ecf80000,0x00000000ed200000)
 ParOldGen       total 40448K, used 0K [0x00000000c4200000, 0x00000000c6980000, 0x00000000ec080000)
  object space 40448K, 0% used [0x00000000c4200000,0x00000000c4200000,0x00000000c6980000)
 PSPermGen       total 21504K, used 12211K [0x00000000bf000000, 0x00000000c0500000, 0x00000000c4200000)
  object space 21504K, 56% used [0x00000000bf000000,0x00000000bfbece60,0x00000000c0500000)

Card table byte_map: [0x00007f8acbdff000,0x00007f8acc008000] byte_map_base: 0x00007f8acb807000

Polling page: 0x00007f8ad6e14000

Code Cache  [0x00007f8acc008000, 0x00007f8acc278000, 0x00007f8acf008000)
 total_blobs=520 nmethods=49 adapters=432 free_code_cache=48467Kb largest_free_block=49616448

Compilation events (10 events):
Event: 0.784 Thread 0x00007f8ad00a6800 nmethod 45 0x00007f8acc09b090 code [0x00007f8acc09b1e0, 0x00007f8acc09b318]
Event: 0.787 Thread 0x00007f8ad00a3800 nmethod 43 0x00007f8acc0a1c50 code [0x00007f8acc0a1dc0, 0x00007f8acc0a2218]
Event: 0.792 Thread 0x00007f8ad00a6800   46             javax.swing.plaf.nimbus.EffectUtils::blur (157 bytes)
Event: 0.812 Thread 0x00007f8ad00a3800   47             java.awt.MultipleGradientPaintContext::indexIntoGradientsArrays (190 bytes)
Event: 0.817 Thread 0x00007f8ad00a3800 nmethod 47 0x00007f8acc0a3dd0 code [0x00007f8acc0a3fa0, 0x00007f8acc0a4598]
Event: 0.818 Thread 0x00007f8ad00a3800   48             java.awt.MultipleGradientPaintContext::interpolate (202 bytes)
Event: 0.822 Thread 0x00007f8ad00a3800 nmethod 48 0x00007f8acc09ba10 code [0x00007f8acc09bbc0, 0x00007f8acc09c1b8]
Event: 0.822 Thread 0x00007f8ad00a3800   49             java.awt.LinearGradientPaintContext::fillRaster (97 bytes)
Event: 0.825 Thread 0x00007f8ad00a3800 nmethod 49 0x00007f8acc0a37d0 code [0x00007f8acc0a3920, 0x00007f8acc0a3c48]
Event: 0.833 Thread 0x00007f8ad00a6800 nmethod 46 0x00007f8acc0b4c50 code [0x00007f8acc0b4de0, 0x00007f8acc0b5658]

GC Heap History (0 events):
No events

Deoptimization events (2 events):
Event: 0.270 Thread 0x00007f8ad000d800 Uncommon trap: reason=class_check action=maybe_recompile pc=0x00007f8acc080d80 method=java.util.Properties$LineReader.readLine()I @ 62
Event: 0.272 Thread 0x00007f8ad000d800 Uncommon trap: reason=class_check action=maybe_recompile pc=0x00007f8acc080d80 method=java.util.Properties$LineReader.readLine()I @ 62

Internal exceptions (10 events):
Event: 0.495 Thread 0x00007f8ad021f800 Threw 0x00000000ec42bce8 at /HUDSON/workspace/7u-2-build-linux-amd64@2/jdk7u51/527/hotspot/src/share/vm/prims/jvm.cpp:1244
Event: 0.495 Thread 0x00007f8ad021f800 Threw 0x00000000ec42d400 at /HUDSON/workspace/7u-2-build-linux-amd64@2/jdk7u51/527/hotspot/src/share/vm/prims/jvm.cpp:1244
Event: 0.495 Thread 0x00007f8ad021f800 Threw 0x00000000ec430f40 at /HUDSON/workspace/7u-2-build-linux-amd64@2/jdk7u51/527/hotspot/src/share/vm/prims/jvm.cpp:1244
Event: 0.495 Thread 0x00007f8ad021f800 Threw 0x00000000ec432658 at /HUDSON/workspace/7u-2-build-linux-amd64@2/jdk7u51/527/hotspot/src/share/vm/prims/jvm.cpp:1244
Event: 0.589 Thread 0x00007f8ad021f800 Threw 0x00000000ec5685b8 at /HUDSON/workspace/7u-2-build-linux-amd64@2/jdk7u51/527/hotspot/src/share/vm/prims/jvm.cpp:1244
Event: 0.590 Thread 0x00007f8ad021f800 Threw 0x00000000ec56a188 at /HUDSON/workspace/7u-2-build-linux-amd64@2/jdk7u51/527/hotspot/src/share/vm/prims/jvm.cpp:1244
Event: 0.686 Thread 0x00007f8ad021f800 Threw 0x00000000ec8c3b80 at /HUDSON/workspace/7u-2-build-linux-amd64@2/jdk7u51/527/hotspot/src/share/vm/prims/jni.cpp:717
Event: 0.703 Thread 0x00007f8ad021f800 Threw 0x00000000ec8d6e08 at /HUDSON/workspace/7u-2-build-linux-amd64@2/jdk7u51/527/hotspot/src/share/vm/prims/jni.cpp:717
Event: 0.705 Thread 0x00007f8ad021f800 Threw 0x00000000ec8e87c0 at /HUDSON/workspace/7u-2-build-linux-amd64@2/jdk7u51/527/hotspot/src/share/vm/prims/jni.cpp:717
Event: 0.723 Thread 0x00007f8ad021f800 Threw 0x00000000ec8fb788 at /HUDSON/workspace/7u-2-build-linux-amd64@2/jdk7u51/527/hotspot/src/share/vm/prims/jni.cpp:717

Events (10 events):
Event: 5.571 Executing VM operation: GetOrSetLocal
Event: 5.571 Executing VM operation: GetOrSetLocal done
Event: 5.590 Thread 0x00007f8a6c042800 Thread exited: 0x00007f8a6c042800
Event: 5.593 Thread 0x00007f8a6c047800 Thread exited: 0x00007f8a6c047800
Event: 6.196 Executing VM operation: GetOrSetLocal
Event: 6.196 Executing VM operation: GetOrSetLocal done
Event: 6.196 Executing VM operation: GetOrSetLocal
Event: 6.196 Executing VM operation: GetOrSetLocal done
Event: 6.196 Executing VM operation: GetOrSetLocal
Event: 6.196 Executing VM operation: GetOrSetLocal done


Dynamic libraries:
00400000-00401000 r-xp 00000000 08:07 937188                             /usr/lib/jvm/jdk1.7.0_51/bin/java
00600000-00601000 rw-p 00000000 08:07 937188                             /usr/lib/jvm/jdk1.7.0_51/bin/java
01b59000-01b7a000 rw-p 00000000 00:00 0                                  [heap]
bf000000-c0500000 rw-p 00000000 00:00 0 
c0500000-c4200000 rw-p 00000000 00:00 0 
c4200000-c6980000 rw-p 00000000 00:00 0 
c6980000-ec080000 rw-p 00000000 00:00 0 
ec080000-ed480000 rw-p 00000000 00:00 0 
ed480000-100000000 rw-p 00000000 00:00 0 
7f8a5c000000-7f8a5c021000 rw-p 00000000 00:00 0 
7f8a5c021000-7f8a60000000 ---p 00000000 00:00 0 
7f8a64000000-7f8a6404b000 rw-p 00000000 00:00 0 
7f8a6404b000-7f8a68000000 ---p 00000000 00:00 0 
7f8a68000000-7f8a68021000 rw-p 00000000 00:00 0 
7f8a68021000-7f8a6c000000 ---p 00000000 00:00 0 
7f8a6c000000-7f8a6c0f0000 rw-p 00000000 00:00 0 
7f8a6c0f0000-7f8a70000000 ---p 00000000 00:00 0 
7f8a70000000-7f8a70021000 rw-p 00000000 00:00 0 
7f8a70021000-7f8a74000000 ---p 00000000 00:00 0 
7f8a74000000-7f8a74021000 rw-p 00000000 00:00 0 
7f8a74021000-7f8a78000000 ---p 00000000 00:00 0 
7f8a78000000-7f8a78021000 rw-p 00000000 00:00 0 
7f8a78021000-7f8a7c000000 ---p 00000000 00:00 0 
7f8a7c000000-7f8a7c021000 rw-p 00000000 00:00 0 
7f8a7c021000-7f8a80000000 ---p 00000000 00:00 0 
7f8a80000000-7f8a80446000 rw-p 00000000 00:00 0 
7f8a80446000-7f8a84000000 ---p 00000000 00:00 0 
7f8a84000000-7f8a84453000 rw-p 00000000 00:00 0 
7f8a84453000-7f8a88000000 ---p 00000000 00:00 0 
7f8a88000000-7f8a88021000 rw-p 00000000 00:00 0 
7f8a88021000-7f8a8c000000 ---p 00000000 00:00 0 
7f8a8c000000-7f8a8c021000 rw-p 00000000 00:00 0 
7f8a8c021000-7f8a90000000 ---p 00000000 00:00 0 
7f8a90000000-7f8a90021000 rw-p 00000000 00:00 0 
7f8a90021000-7f8a94000000 ---p 00000000 00:00 0 
7f8a94000000-7f8a9403d000 rw-p 00000000 00:00 0 
7f8a9403d000-7f8a98000000 ---p 00000000 00:00 0 
7f8a98000000-7f8a9802b000 rw-p 00000000 00:00 0 
7f8a9802b000-7f8a9c000000 ---p 00000000 00:00 0 
7f8a9c000000-7f8a9c021000 rw-p 00000000 00:00 0 
7f8a9c021000-7f8aa0000000 ---p 00000000 00:00 0 
7f8aa0000000-7f8aa0021000 rw-p 00000000 00:00 0 
7f8aa0021000-7f8aa4000000 ---p 00000000 00:00 0 
7f8aa4000000-7f8aa4021000 rw-p 00000000 00:00 0 
7f8aa4021000-7f8aa8000000 ---p 00000000 00:00 0 
7f8aa8000000-7f8aa8021000 rw-p 00000000 00:00 0 
7f8aa8021000-7f8aac000000 ---p 00000000 00:00 0 
7f8aac000000-7f8aac021000 rw-p 00000000 00:00 0 
7f8aac021000-7f8ab0000000 ---p 00000000 00:00 0 
7f8ab4000000-7f8ab4021000 rw-p 00000000 00:00 0 
7f8ab4021000-7f8ab8000000 ---p 00000000 00:00 0 
7f8abbdd3000-7f8abbdfd000 r-xp 00000000 08:07 1836084                    /usr/lib/jvm/jdk1.7.0_51/jre/lib/amd64/libdcpr.so
7f8abbdfd000-7f8abbffd000 ---p 0002a000 08:07 1836084                    /usr/lib/jvm/jdk1.7.0_51/jre/lib/amd64/libdcpr.so
7f8abbffd000-7f8abc000000 rw-p 0002a000 08:07 1836084                    /usr/lib/jvm/jdk1.7.0_51/jre/lib/amd64/libdcpr.so
7f8abc000000-7f8abc021000 rw-p 00000000 00:00 0 
7f8abc021000-7f8ac0000000 ---p 00000000 00:00 0 
7f8ac008c000-7f8ac027c000 rw-s 00000000 00:05 79102024                   /SYSV00000000 (deleted)
7f8ac027c000-7f8ac027f000 ---p 00000000 00:00 0 
7f8ac027f000-7f8ac037d000 rw-p 00000000 00:00 0 
7f8ac037d000-7f8ac0389000 r-xp 00000000 08:07 1835128                    /usr/lib/jvm/jdk1.7.0_51/jre/lib/amd64/librxtxSerial.so
7f8ac0389000-7f8ac0488000 ---p 0000c000 08:07 1835128                    /usr/lib/jvm/jdk1.7.0_51/jre/lib/amd64/librxtxSerial.so
7f8ac0488000-7f8ac048a000 rw-p 0000b000 08:07 1835128                    /usr/lib/jvm/jdk1.7.0_51/jre/lib/amd64/librxtxSerial.so
7f8ac048a000-7f8ac04a3000 r--s 00000000 08:07 527849                     /usr/share/fonts/type1/gsfonts/n022004l.pfb
7f8ac04a3000-7f8ac04bc000 r--s 00000000 08:07 527834                     /usr/share/fonts/type1/gsfonts/n021003l.pfb
7f8ac04bc000-7f8ac04d2000 r--s 00000000 08:07 527843                     /usr/share/fonts/type1/gsfonts/n021024l.pfb
7f8ac04d2000-7f8ac04e8000 r--s 00000000 08:07 527852                     /usr/share/fonts/type1/gsfonts/n022023l.pfb
7f8ac04e8000-7f8ac04ff000 r--s 00000000 08:07 527840                     /usr/share/fonts/type1/gsfonts/n021023l.pfb
7f8ac04ff000-7f8ac0510000 r--s 00000000 08:07 527816                     /usr/share/fonts/type1/gsfonts/n019023l.pfb
7f8ac05e7000-7f8ac05ea000 ---p 00000000 00:00 0 
7f8ac05ea000-7f8ac06e8000 rw-p 00000000 00:00 0 
7f8ac06e8000-7f8ac06eb000 ---p 00000000 00:00 0 
7f8ac06eb000-7f8ac07e9000 rw-p 00000000 00:00 0 
7f8ac07e9000-7f8ac0851000 r-xp 00000000 08:07 1836082                    /usr/lib/jvm/jdk1.7.0_51/jre/lib/amd64/libt2k.so
7f8ac0851000-7f8ac0a51000 ---p 00068000 08:07 1836082                    /usr/lib/jvm/jdk1.7.0_51/jre/lib/amd64/libt2k.so
7f8ac0a51000-7f8ac0a58000 rw-p 00068000 08:07 1836082                    /usr/lib/jvm/jdk1.7.0_51/jre/lib/amd64/libt2k.so
7f8ac0a58000-7f8ac0a68000 rw-p 00000000 00:00 0 
7f8ac0a68000-7f8ac0a6b000 ---p 00000000 00:00 0 
7f8ac0a6b000-7f8ac0b69000 rw-p 00000000 00:00 0 
7f8ac0b69000-7f8ac0b6c000 ---p 00000000 00:00 0 
7f8ac0b6c000-7f8ac0c6a000 rw-p 00000000 00:00 0 
7f8ac0c6a000-7f8ac0c6d000 ---p 00000000 00:00 0 
7f8ac0c6d000-7f8ac0d6b000 rw-p 00000000 00:00 0 
7f8ac0d6b000-7f8ac0d7b000 r-xp 00000000 08:07 1836051                    /usr/lib/jvm/jdk1.7.0_51/jre/lib/amd64/libnio.so
7f8ac0d7b000-7f8ac0f7b000 ---p 00010000 08:07 1836051                    /usr/lib/jvm/jdk1.7.0_51/jre/lib/amd64/libnio.so
7f8ac0f7b000-7f8ac0f7c000 rw-p 00010000 08:07 1836051                    /usr/lib/jvm/jdk1.7.0_51/jre/lib/amd64/libnio.so
7f8ac0f7c000-7f8ac127d000 rw-p 00000000 00:00 0 
7f8ac127d000-7f8ac1293000 r-xp 00000000 08:07 1836056                    /usr/lib/jvm/jdk1.7.0_51/jre/lib/amd64/libnet.so
7f8ac1293000-7f8ac1493000 ---p 00016000 08:07 1836056                    /usr/lib/jvm/jdk1.7.0_51/jre/lib/amd64/libnet.so
7f8ac1493000-7f8ac1494000 rw-p 00016000 08:07 1836056                    /usr/lib/jvm/jdk1.7.0_51/jre/lib/amd64/libnet.so
7f8ac1494000-7f8ac14aa000 r-xp 00000000 08:07 2364498                    /lib/x86_64-linux-gnu/libgcc_s.so.1
7f8ac14aa000-7f8ac16a9000 ---p 00016000 08:07 2364498                    /lib/x86_64-linux-gnu/libgcc_s.so.1
7f8ac16a9000-7f8ac16aa000 rw-p 00015000 08:07 2364498                    /lib/x86_64-linux-gnu/libgcc_s.so.1
7f8ac16aa000-7f8ac170f000 r-xp 00000000 08:07 1836052                    /usr/lib/jvm/jdk1.7.0_51/jre/lib/amd64/libfontmanager.so
7f8ac170f000-7f8ac190e000 ---p 00065000 08:07 1836052                    /usr/lib/jvm/jdk1.7.0_51/jre/lib/amd64/libfontmanager.so
7f8ac190e000-7f8ac1912000 rw-p 00064000 08:07 1836052                    /usr/lib/jvm/jdk1.7.0_51/jre/lib/amd64/libfontmanager.so
7f8ac1912000-7f8ac1923000 rw-p 00000000 00:00 0 
7f8ac1923000-7f8ac1926000 ---p 00000000 00:00 0 
7f8ac1926000-7f8ac1a24000 rw-p 00000000 00:00 0 
7f8ac1a24000-7f8ac1a29000 r-xp 00000000 08:07 2762080                    /usr/lib/x86_64-linux-gnu/libXfixes.so.3.1.0
7f8ac1a29000-7f8ac1c28000 ---p 00005000 08:07 2762080                    /usr/lib/x86_64-linux-gnu/libXfixes.so.3.1.0
7f8ac1c28000-7f8ac1c29000 r--p 00004000 08:07 2762080                    /usr/lib/x86_64-linux-gnu/libXfixes.so.3.1.0
7f8ac1c29000-7f8ac1c2a000 rw-p 00005000 08:07 2762080                    /usr/lib/x86_64-linux-gnu/libXfixes.so.3.1.0
7f8ac1c2a000-7f8ac1c33000 r-xp 00000000 08:07 2762072                    /usr/lib/x86_64-linux-gnu/libXcursor.so.1.0.2
7f8ac1c33000-7f8ac1e32000 ---p 00009000 08:07 2762072                    /usr/lib/x86_64-linux-gnu/libXcursor.so.1.0.2
7f8ac1e32000-7f8ac1e33000 r--p 00008000 08:07 2762072                    /usr/lib/x86_64-linux-gnu/libXcursor.so.1.0.2
7f8ac1e33000-7f8ac1e34000 rw-p 00009000 08:07 2762072                    /usr/lib/x86_64-linux-gnu/libXcursor.so.1.0.2
7f8ac1e34000-7f8ac1e37000 ---p 00000000 00:00 0 
7f8ac1e37000-7f8ac1f35000 rw-p 00000000 00:00 0 
7f8ac1f35000-7f8ac1f3a000 r-xp 00000000 08:07 2762076                    /usr/lib/x86_64-linux-gnu/libXdmcp.so.6.0.0
7f8ac1f3a000-7f8ac2139000 ---p 00005000 08:07 2762076                    /usr/lib/x86_64-linux-gnu/libXdmcp.so.6.0.0
7f8ac2139000-7f8ac213a000 r--p 00004000 08:07 2762076                    /usr/lib/x86_64-linux-gnu/libXdmcp.so.6.0.0
7f8ac213a000-7f8ac213b000 rw-p 00005000 08:07 2762076                    /usr/lib/x86_64-linux-gnu/libXdmcp.so.6.0.0
7f8ac213b000-7f8ac213d000 r-xp 00000000 08:07 2762065                    /usr/lib/x86_64-linux-gnu/libXau.so.6.0.0
7f8ac213d000-7f8ac233d000 ---p 00002000 08:07 2762065                    /usr/lib/x86_64-linux-gnu/libXau.so.6.0.0
7f8ac233d000-7f8ac233e000 r--p 00002000 08:07 2762065                    /usr/lib/x86_64-linux-gnu/libXau.so.6.0.0
7f8ac233e000-7f8ac233f000 rw-p 00003000 08:07 2762065                    /usr/lib/x86_64-linux-gnu/libXau.so.6.0.0
7f8ac233f000-7f8ac2360000 r-xp 00000000 08:07 2763443                    /usr/lib/x86_64-linux-gnu/libxcb.so.1.1.0
7f8ac2360000-7f8ac255f000 ---p 00021000 08:07 2763443                    /usr/lib/x86_64-linux-gnu/libxcb.so.1.1.0
7f8ac255f000-7f8ac2560000 r--p 00020000 08:07 2763443                    /usr/lib/x86_64-linux-gnu/libxcb.so.1.1.0
7f8ac2560000-7f8ac2561000 rw-p 00021000 08:07 2763443                    /usr/lib/x86_64-linux-gnu/libxcb.so.1.1.0
7f8ac2561000-7f8ac2570000 r-xp 00000000 08:07 2762086                    /usr/lib/x86_64-linux-gnu/libXi.so.6.1.0
7f8ac2570000-7f8ac276f000 ---p 0000f000 08:07 2762086                    /usr/lib/x86_64-linux-gnu/libXi.so.6.1.0
7f8ac276f000-7f8ac2770000 r--p 0000e000 08:07 2762086                    /usr/lib/x86_64-linux-gnu/libXi.so.6.1.0
7f8ac2770000-7f8ac2771000 rw-p 0000f000 08:07 2762086                    /usr/lib/x86_64-linux-gnu/libXi.so.6.1.0
7f8ac2771000-7f8ac2776000 r-xp 00000000 08:07 2762104                    /usr/lib/x86_64-linux-gnu/libXtst.so.6.1.0
7f8ac2776000-7f8ac2975000 ---p 00005000 08:07 2762104                    /usr/lib/x86_64-linux-gnu/libXtst.so.6.1.0
7f8ac2975000-7f8ac2976000 r--p 00004000 08:07 2762104                    /usr/lib/x86_64-linux-gnu/libXtst.so.6.1.0
7f8ac2976000-7f8ac2977000 rw-p 00005000 08:07 2762104                    /usr/lib/x86_64-linux-gnu/libXtst.so.6.1.0
7f8ac2977000-7f8ac2980000 r-xp 00000000 08:07 2762098                    /usr/lib/x86_64-linux-gnu/libXrender.so.1.3.0
7f8ac2980000-7f8ac2b7f000 ---p 00009000 08:07 2762098                    /usr/lib/x86_64-linux-gnu/libXrender.so.1.3.0
7f8ac2b7f000-7f8ac2b80000 r--p 00008000 08:07 2762098                    /usr/lib/x86_64-linux-gnu/libXrender.so.1.3.0
7f8ac2b80000-7f8ac2b81000 rw-p 00009000 08:07 2762098                    /usr/lib/x86_64-linux-gnu/libXrender.so.1.3.0
7f8ac2b81000-7f8ac2cb6000 r-xp 00000000 08:07 2762061                    /usr/lib/x86_64-linux-gnu/libX11.so.6.3.0
7f8ac2cb6000-7f8ac2eb6000 ---p 00135000 08:07 2762061                    /usr/lib/x86_64-linux-gnu/libX11.so.6.3.0
7f8ac2eb6000-7f8ac2eb7000 r--p 00135000 08:07 2762061                    /usr/lib/x86_64-linux-gnu/libX11.so.6.3.0
7f8ac2eb7000-7f8ac2ebb000 rw-p 00136000 08:07 2762061                    /usr/lib/x86_64-linux-gnu/libX11.so.6.3.0
7f8ac2ebb000-7f8ac2ecc000 r-xp 00000000 08:07 2762078                    /usr/lib/x86_64-linux-gnu/libXext.so.6.4.0
7f8ac2ecc000-7f8ac30cb000 ---p 00011000 08:07 2762078                    /usr/lib/x86_64-linux-gnu/libXext.so.6.4.0
7f8ac30cb000-7f8ac30cc000 r--p 00010000 08:07 2762078                    /usr/lib/x86_64-linux-gnu/libXext.so.6.4.0
7f8ac30cc000-7f8ac30cd000 rw-p 00011000 08:07 2762078                    /usr/lib/x86_64-linux-gnu/libXext.so.6.4.0
7f8ac30cd000-7f8ac311d000 r-xp 00000000 08:07 1836094                    /usr/lib/jvm/jdk1.7.0_51/jre/lib/amd64/xawt/libmawt.so
7f8ac311d000-7f8ac331d000 ---p 00050000 08:07 1836094                    /usr/lib/jvm/jdk1.7.0_51/jre/lib/amd64/xawt/libmawt.so
7f8ac331d000-7f8ac3321000 rw-p 00050000 08:07 1836094                    /usr/lib/jvm/jdk1.7.0_51/jre/lib/amd64/xawt/libmawt.so
7f8ac3321000-7f8ac3322000 rw-p 00000000 00:00 0 
7f8ac3322000-7f8ac33c4000 r-xp 00000000 08:07 1836064                    /usr/lib/jvm/jdk1.7.0_51/jre/lib/amd64/libawt.so
7f8ac33c4000-7f8ac35c4000 ---p 000a2000 08:07 1836064                    /usr/lib/jvm/jdk1.7.0_51/jre/lib/amd64/libawt.so
7f8ac35c4000-7f8ac35d0000 rw-p 000a2000 08:07 1836064                    /usr/lib/jvm/jdk1.7.0_51/jre/lib/amd64/libawt.so
7f8ac35d0000-7f8ac35f4000 rw-p 00000000 00:00 0 
7f8ac35f4000-7f8ac35f5000 ---p 00000000 00:00 0 
7f8ac35f5000-7f8ac36f5000 rw-p 00000000 00:00 0 
7f8ac36f5000-7f8ac36f8000 ---p 00000000 00:00 0 
7f8ac36f8000-7f8ac37f6000 rw-p 00000000 00:00 0 
7f8ac37f6000-7f8ac37f9000 ---p 00000000 00:00 0 
7f8ac37f9000-7f8ac38f7000 rw-p 00000000 00:00 0 
7f8ac38f7000-7f8ac38fa000 ---p 00000000 00:00 0 
7f8ac38fa000-7f8ac39f8000 rw-p 00000000 00:00 0 
7f8ac39f8000-7f8ac39fb000 ---p 00000000 00:00 0 
7f8ac39fb000-7f8ac3af9000 rw-p 00000000 00:00 0 
7f8ac3af9000-7f8ac3afc000 ---p 00000000 00:00 0 
7f8ac3afc000-7f8ac3bfa000 rw-p 00000000 00:00 0 
7f8ac3bfa000-7f8ac3bfd000 ---p 00000000 00:00 0 
7f8ac3bfd000-7f8ac3cfb000 rw-p 00000000 00:00 0 
7f8ac3cfb000-7f8ac3cff000 r-xp 00000000 08:07 1836071                    /usr/lib/jvm/jdk1.7.0_51/jre/lib/amd64/libdt_socket.so
7f8ac3cff000-7f8ac3efe000 ---p 00004000 08:07 1836071                    /usr/lib/jvm/jdk1.7.0_51/jre/lib/amd64/libdt_socket.so
7f8ac3efe000-7f8ac3eff000 rw-p 00003000 08:07 1836071                    /usr/lib/jvm/jdk1.7.0_51/jre/lib/amd64/libdt_socket.so
7f8ac3eff000-7f8ac3f02000 ---p 00000000 00:00 0 
7f8ac3f02000-7f8ac4000000 rw-p 00000000 00:00 0 
7f8ac4000000-7f8ac4021000 rw-p 00000000 00:00 0 
7f8ac4021000-7f8ac8000000 ---p 00000000 00:00 0 
7f8ac8008000-7f8ac801c000 r--s 00000000 08:07 527810                     /usr/share/fonts/type1/gsfonts/n019003l.pfb
7f8ac801c000-7f8ac8025000 r--s 00000000 08:07 527870                     /usr/share/fonts/type1/gsfonts/s050000l.pfb
7f8ac8025000-7f8ac8030000 r--s 00000000 08:07 2890696                    /var/cache/fontconfig/945677eb7aeaf62f1d50efc3fb3ec7d8-le64.cache-6
7f8ac8030000-7f8ac8036000 r--s 00000000 08:07 2890678                    /var/cache/fontconfig/2cd17615ca594fa2959ae173292e504c-le64.cache-6
7f8ac8036000-7f8ac8037000 r--s 00000000 08:07 2890675                    /var/cache/fontconfig/0d8c3b2ac0904cb8a57a757ad11a4a08-le64.cache-6
7f8ac8037000-7f8ac803b000 r--s 00000000 08:07 2885053                    /var/cache/fontconfig/de156ccd2eddbdc19d37a45b8b2aac9c-le64.cache-6
7f8ac803b000-7f8ac8050000 r--s 00000000 08:07 2890672                    /var/cache/fontconfig/04aabc0a78ac019cf9454389977116d2-le64.cache-6
7f8ac8050000-7f8ac8051000 r--s 00000000 08:07 2890677                    /var/cache/fontconfig/1ac9eb803944fde146138c791f5cc56a-le64.cache-6
7f8ac8051000-7f8ac8055000 r--s 00000000 08:07 2890682                    /var/cache/fontconfig/385c0604a188198f04d133e54aba7fe7-le64.cache-6
7f8ac8055000-7f8ac8056000 r--s 00000000 08:07 2890709                    /var/cache/fontconfig/dc05db6664285cc2f12bf69c139ae4c3-le64.cache-6
7f8ac8056000-7f8ac8059000 r--s 00000000 08:07 2890692                    /var/cache/fontconfig/767a8244fc0220cfb567a839d0392e0b-le64.cache-6
7f8ac8059000-7f8ac805a000 r--s 00000000 08:07 2883743                    /var/cache/fontconfig/4794a0821666d79190d59a36cb4f44b5-le64.cache-6
7f8ac805a000-7f8ac805f000 r--s 00000000 08:07 2890695                    /var/cache/fontconfig/8801497958630a81b71ace7c5f9b32a8-le64.cache-6
7f8ac805f000-7f8ac8060000 r--s 00000000 08:07 2890702                    /var/cache/fontconfig/bab58bb527bb656aaa9f116d68a48d89-le64.cache-6
7f8ac8060000-7f8ac8067000 r--s 00000000 08:07 2890679                    /var/cache/fontconfig/3047814df9a2f067bd2d96a2b9c36e5a-le64.cache-6
7f8ac8067000-7f8ac8068000 r--s 00000000 08:07 2890686                    /var/cache/fontconfig/56cf4f4769d0f4abc89a4895d7bd3ae1-le64.cache-6
7f8ac8068000-7f8ac8069000 r--s 00000000 08:07 2890701                    /var/cache/fontconfig/b9d506c9ac06c20b433354fa67a72993-le64.cache-6
7f8ac8069000-7f8ac806f000 r--s 00000000 08:07 2890700                    /var/cache/fontconfig/b47c4e1ecd0709278f4910c18777a504-le64.cache-6
7f8ac806f000-7f8ac8082000 r--s 00000000 08:07 2890706                    /var/cache/fontconfig/d52a8644073d54c13679302ca1180695-le64.cache-6
7f8ac8082000-7f8ac8083000 r--s 00000000 08:07 2890685                    /var/cache/fontconfig/551ecf3b0e8b0bca0f25c0944f561853-le64.cache-6
7f8ac8083000-7f8ac808e000 r--s 00000000 08:07 2887795                    /var/cache/fontconfig/d589a48862398ed80a3d6066f4f56f4c-le64.cache-6
7f8ac808e000-7f8ac8091000 r--s 00000000 08:07 2890691                    /var/cache/fontconfig/75114ca45c98e8a441da0ff356701271-le64.cache-6
7f8ac8091000-7f8ac809c000 r--s 00000000 08:07 2890694                    /var/cache/fontconfig/83bf95040141907cd45bb53cf7c1c148-le64.cache-6
7f8ac809c000-7f8ac80ae000 r--s 00000000 08:07 2886108                    /var/cache/fontconfig/9b89f8e3dae116d678bbf48e5f21f69b-le64.cache-6
7f8ac80ae000-7f8ac80b1000 r--s 00000000 08:07 2890710                    /var/cache/fontconfig/e13b20fdb08344e0e664864cc2ede53d-le64.cache-6
7f8ac80b1000-7f8ac80b5000 r--s 00000000 08:07 2883629                    /var/cache/fontconfig/7ef2298fde41cc6eeb7af42e48b7d293-le64.cache-6
7f8ac80b5000-7f8ac80da000 r--p 00000000 08:07 397003                     /usr/share/locale-langpack/es/LC_MESSAGES/libc.mo
7f8ac80da000-7f8ac80e5000 r--s 0037c000 08:07 1057110                    /usr/lib/jvm/jdk1.7.0_51/jre/lib/charsets.jar
7f8ac80e5000-7f8ac80e8000 ---p 00000000 00:00 0 
7f8ac80e8000-7f8ac81e6000 rw-p 00000000 00:00 0 
7f8ac81e6000-7f8ac81e9000 ---p 00000000 00:00 0 
7f8ac81e9000-7f8ac82e7000 rw-p 00000000 00:00 0 
7f8ac82e7000-7f8ac82e8000 ---p 00000000 00:00 0 
7f8ac82e8000-7f8ac93a5000 rw-p 00000000 00:00 0 
7f8ac93a5000-7f8ac9562000 r--s 039bf000 08:07 1057153                    /usr/lib/jvm/jdk1.7.0_51/jre/lib/rt.jar
7f8ac9562000-7f8acb8bb000 rw-p 00000000 00:00 0 
7f8acb8bb000-7f8acb8bc000 ---p 00000000 00:00 0 
7f8acb8bc000-7f8acb9bc000 rw-p 00000000 00:00 0 
7f8acb9bc000-7f8acb9bd000 ---p 00000000 00:00 0 
7f8acb9bd000-7f8acbabd000 rw-p 00000000 00:00 0 
7f8acbabd000-7f8acbabe000 ---p 00000000 00:00 0 
7f8acbabe000-7f8acbbbe000 rw-p 00000000 00:00 0 
7f8acbbbe000-7f8acbbbf000 ---p 00000000 00:00 0 
7f8acbbbf000-7f8acbcd3000 rw-p 00000000 00:00 0 
7f8acbcd3000-7f8acbdff000 rw-p 00000000 00:00 0 
7f8acbdff000-7f8acbe0a000 rw-p 00000000 00:00 0 
7f8acbe0a000-7f8acbe28000 rw-p 00000000 00:00 0 
7f8acbe28000-7f8acbe3c000 rw-p 00000000 00:00 0 
7f8acbe3c000-7f8acbf67000 rw-p 00000000 00:00 0 
7f8acbf67000-7f8acbf72000 rw-p 00000000 00:00 0 
7f8acbf72000-7f8acc007000 rw-p 00000000 00:00 0 
7f8acc007000-7f8acc008000 rw-p 00000000 00:00 0 
7f8acc008000-7f8acc278000 rwxp 00000000 00:00 0 
7f8acc278000-7f8acf008000 rw-p 00000000 00:00 0 
7f8acf008000-7f8acf022000 r-xp 00000000 08:07 1836101                    /usr/lib/jvm/jdk1.7.0_51/jre/lib/amd64/libzip.so
7f8acf022000-7f8acf222000 ---p 0001a000 08:07 1836101                    /usr/lib/jvm/jdk1.7.0_51/jre/lib/amd64/libzip.so
7f8acf222000-7f8acf223000 rw-p 0001a000 08:07 1836101                    /usr/lib/jvm/jdk1.7.0_51/jre/lib/amd64/libzip.so
7f8acf223000-7f8acf22e000 r-xp 00000000 08:07 2364559                    /lib/x86_64-linux-gnu/libnss_files-2.23.so
7f8acf22e000-7f8acf42d000 ---p 0000b000 08:07 2364559                    /lib/x86_64-linux-gnu/libnss_files-2.23.so
7f8acf42d000-7f8acf42e000 r--p 0000a000 08:07 2364559                    /lib/x86_64-linux-gnu/libnss_files-2.23.so
7f8acf42e000-7f8acf42f000 rw-p 0000b000 08:07 2364559                    /lib/x86_64-linux-gnu/libnss_files-2.23.so
7f8acf42f000-7f8acf435000 rw-p 00000000 00:00 0 
7f8acf435000-7f8acf440000 r-xp 00000000 08:07 2364569                    /lib/x86_64-linux-gnu/libnss_nis-2.23.so
7f8acf440000-7f8acf63f000 ---p 0000b000 08:07 2364569                    /lib/x86_64-linux-gnu/libnss_nis-2.23.so
7f8acf63f000-7f8acf640000 r--p 0000a000 08:07 2364569                    /lib/x86_64-linux-gnu/libnss_nis-2.23.so
7f8acf640000-7f8acf641000 rw-p 0000b000 08:07 2364569                    /lib/x86_64-linux-gnu/libnss_nis-2.23.so
7f8acf641000-7f8ad0000000 r--p 00000000 08:07 2760681                    /usr/lib/locale/locale-archive
7f8ad0000000-7f8ad0281000 rw-p 00000000 00:00 0 
7f8ad0281000-7f8ad4000000 ---p 00000000 00:00 0 
7f8ad4000000-7f8ad402b000 rw-p 00000000 00:00 0 
7f8ad402b000-7f8ad40e1000 rw-p 00000000 00:00 0 
7f8ad40e1000-7f8ad40f7000 r-xp 00000000 08:07 2364553                    /lib/x86_64-linux-gnu/libnsl-2.23.so
7f8ad40f7000-7f8ad42f6000 ---p 00016000 08:07 2364553                    /lib/x86_64-linux-gnu/libnsl-2.23.so
7f8ad42f6000-7f8ad42f7000 r--p 00015000 08:07 2364553                    /lib/x86_64-linux-gnu/libnsl-2.23.so
7f8ad42f7000-7f8ad42f8000 rw-p 00016000 08:07 2364553                    /lib/x86_64-linux-gnu/libnsl-2.23.so
7f8ad42f8000-7f8ad42fa000 rw-p 00000000 00:00 0 
7f8ad42fa000-7f8ad4302000 r-xp 00000000 08:07 2364555                    /lib/x86_64-linux-gnu/libnss_compat-2.23.so
7f8ad4302000-7f8ad4501000 ---p 00008000 08:07 2364555                    /lib/x86_64-linux-gnu/libnss_compat-2.23.so
7f8ad4501000-7f8ad4502000 r--p 00007000 08:07 2364555                    /lib/x86_64-linux-gnu/libnss_compat-2.23.so
7f8ad4502000-7f8ad4503000 rw-p 00008000 08:07 2364555                    /lib/x86_64-linux-gnu/libnss_compat-2.23.so
7f8ad4503000-7f8ad4506000 r-xp 00000000 08:07 1836062                    /usr/lib/jvm/jdk1.7.0_51/jre/lib/amd64/libnpt.so
7f8ad4506000-7f8ad4705000 ---p 00003000 08:07 1836062                    /usr/lib/jvm/jdk1.7.0_51/jre/lib/amd64/libnpt.so
7f8ad4705000-7f8ad4706000 rw-p 00002000 08:07 1836062                    /usr/lib/jvm/jdk1.7.0_51/jre/lib/amd64/libnpt.so
7f8ad4706000-7f8ad473f000 r-xp 00000000 08:07 1836106                    /usr/lib/jvm/jdk1.7.0_51/jre/lib/amd64/libjdwp.so
7f8ad473f000-7f8ad493f000 ---p 00039000 08:07 1836106                    /usr/lib/jvm/jdk1.7.0_51/jre/lib/amd64/libjdwp.so
7f8ad493f000-7f8ad4940000 rw-p 00039000 08:07 1836106                    /usr/lib/jvm/jdk1.7.0_51/jre/lib/amd64/libjdwp.so
7f8ad4940000-7f8ad4941000 rw-p 00000000 00:00 0 
7f8ad4941000-7f8ad496a000 r-xp 00000000 08:07 1836085                    /usr/lib/jvm/jdk1.7.0_51/jre/lib/amd64/libjava.so
7f8ad496a000-7f8ad4b6a000 ---p 00029000 08:07 1836085                    /usr/lib/jvm/jdk1.7.0_51/jre/lib/amd64/libjava.so
7f8ad4b6a000-7f8ad4b6c000 rw-p 00029000 08:07 1836085                    /usr/lib/jvm/jdk1.7.0_51/jre/lib/amd64/libjava.so
7f8ad4b6c000-7f8ad4b79000 r-xp 00000000 08:07 1836083                    /usr/lib/jvm/jdk1.7.0_51/jre/lib/amd64/libverify.so
7f8ad4b79000-7f8ad4d78000 ---p 0000d000 08:07 1836083                    /usr/lib/jvm/jdk1.7.0_51/jre/lib/amd64/libverify.so
7f8ad4d78000-7f8ad4d7a000 rw-p 0000c000 08:07 1836083                    /usr/lib/jvm/jdk1.7.0_51/jre/lib/amd64/libverify.so
7f8ad4d7a000-7f8ad4d81000 r-xp 00000000 08:07 2364614                    /lib/x86_64-linux-gnu/librt-2.23.so
7f8ad4d81000-7f8ad4f80000 ---p 00007000 08:07 2364614                    /lib/x86_64-linux-gnu/librt-2.23.so
7f8ad4f80000-7f8ad4f81000 r--p 00006000 08:07 2364614                    /lib/x86_64-linux-gnu/librt-2.23.so
7f8ad4f81000-7f8ad4f82000 rw-p 00007000 08:07 2364614                    /lib/x86_64-linux-gnu/librt-2.23.so
7f8ad4f82000-7f8ad4f85000 ---p 00000000 00:00 0 
7f8ad4f85000-7f8ad5083000 rw-p 00000000 00:00 0 
7f8ad5083000-7f8ad518b000 r-xp 00000000 08:07 2364530                    /lib/x86_64-linux-gnu/libm-2.23.so
7f8ad518b000-7f8ad538a000 ---p 00108000 08:07 2364530                    /lib/x86_64-linux-gnu/libm-2.23.so
7f8ad538a000-7f8ad538b000 r--p 00107000 08:07 2364530                    /lib/x86_64-linux-gnu/libm-2.23.so
7f8ad538b000-7f8ad538c000 rw-p 00108000 08:07 2364530                    /lib/x86_64-linux-gnu/libm-2.23.so
7f8ad538c000-7f8ad5eee000 r-xp 00000000 08:07 1836091                    /usr/lib/jvm/jdk1.7.0_51/jre/lib/amd64/server/libjvm.so
7f8ad5eee000-7f8ad60ee000 ---p 00b62000 08:07 1836091                    /usr/lib/jvm/jdk1.7.0_51/jre/lib/amd64/server/libjvm.so
7f8ad60ee000-7f8ad61b1000 rw-p 00b62000 08:07 1836091                    /usr/lib/jvm/jdk1.7.0_51/jre/lib/amd64/server/libjvm.so
7f8ad61b1000-7f8ad61f2000 rw-p 00000000 00:00 0 
7f8ad61f2000-7f8ad63b2000 r-xp 00000000 08:07 2364460                    /lib/x86_64-linux-gnu/libc-2.23.so
7f8ad63b2000-7f8ad65b1000 ---p 001c0000 08:07 2364460                    /lib/x86_64-linux-gnu/libc-2.23.so
7f8ad65b1000-7f8ad65b5000 r--p 001bf000 08:07 2364460                    /lib/x86_64-linux-gnu/libc-2.23.so
7f8ad65b5000-7f8ad65b7000 rw-p 001c3000 08:07 2364460                    /lib/x86_64-linux-gnu/libc-2.23.so
7f8ad65b7000-7f8ad65bb000 rw-p 00000000 00:00 0 
7f8ad65bb000-7f8ad65be000 r-xp 00000000 08:07 2364484                    /lib/x86_64-linux-gnu/libdl-2.23.so
7f8ad65be000-7f8ad67bd000 ---p 00003000 08:07 2364484                    /lib/x86_64-linux-gnu/libdl-2.23.so
7f8ad67bd000-7f8ad67be000 r--p 00002000 08:07 2364484                    /lib/x86_64-linux-gnu/libdl-2.23.so
7f8ad67be000-7f8ad67bf000 rw-p 00003000 08:07 2364484                    /lib/x86_64-linux-gnu/libdl-2.23.so
7f8ad67bf000-7f8ad67d5000 r-xp 00000000 08:07 1056839                    /usr/lib/jvm/jdk1.7.0_51/lib/amd64/jli/libjli.so
7f8ad67d5000-7f8ad69d5000 ---p 00016000 08:07 1056839                    /usr/lib/jvm/jdk1.7.0_51/lib/amd64/jli/libjli.so
7f8ad69d5000-7f8ad69d6000 rw-p 00016000 08:07 1056839                    /usr/lib/jvm/jdk1.7.0_51/lib/amd64/jli/libjli.so
7f8ad69d6000-7f8ad69ee000 r-xp 00000000 08:07 2364606                    /lib/x86_64-linux-gnu/libpthread-2.23.so
7f8ad69ee000-7f8ad6bed000 ---p 00018000 08:07 2364606                    /lib/x86_64-linux-gnu/libpthread-2.23.so
7f8ad6bed000-7f8ad6bee000 r--p 00017000 08:07 2364606                    /lib/x86_64-linux-gnu/libpthread-2.23.so
7f8ad6bee000-7f8ad6bef000 rw-p 00018000 08:07 2364606                    /lib/x86_64-linux-gnu/libpthread-2.23.so
7f8ad6bef000-7f8ad6bf3000 rw-p 00000000 00:00 0 
7f8ad6bf3000-7f8ad6c19000 r-xp 00000000 08:07 2364432                    /lib/x86_64-linux-gnu/ld-2.23.so
7f8ad6c19000-7f8ad6c1a000 r--s 00000000 08:07 2890680                    /var/cache/fontconfig/30829fa25452a46451e813d634d7f916-le64.cache-6
7f8ad6c1a000-7f8ad6c21000 r--s 00000000 08:07 3016614                    /usr/lib/x86_64-linux-gnu/gconv/gconv-modules.cache
7f8ad6c21000-7f8ad6c23000 r--s 0000d000 08:08 3412122                    /home/kcrez/Documentos/JavaDuino/library/rxtx2.1/RXTXcomm.jar
7f8ad6c23000-7f8ad6c25000 r--s 0000d000 08:07 1835127                    /usr/lib/jvm/jdk1.7.0_51/jre/lib/ext/RXTXcomm.jar
7f8ad6c25000-7f8ad6c79000 rw-p 00000000 00:00 0 
7f8ad6c79000-7f8ad6c97000 rw-p 00000000 00:00 0 
7f8ad6c97000-7f8ad6c9b000 rw-p 00000000 00:00 0 
7f8ad6c9b000-7f8ad6cdf000 r-xp 00000000 08:07 1052366                    /opt/eset/esets/lib/libesets_pac.so
7f8ad6cdf000-7f8ad6ddf000 ---p 00044000 08:07 1052366                    /opt/eset/esets/lib/libesets_pac.so
7f8ad6ddf000-7f8ad6de2000 rw-p 00044000 08:07 1052366                    /opt/eset/esets/lib/libesets_pac.so
7f8ad6de2000-7f8ad6df5000 rw-p 00000000 00:00 0 
7f8ad6df5000-7f8ad6df6000 r--s 00000000 08:07 2890674                    /var/cache/fontconfig/0c9eb80ebd1c36541ebe2852d3bb0c49-le64.cache-6
7f8ad6df6000-7f8ad6e0b000 rw-p 00000000 00:00 0 
7f8ad6e0b000-7f8ad6e13000 rw-s 00000000 08:07 2097362                    /tmp/hsperfdata_kcrez/8032
7f8ad6e13000-7f8ad6e14000 rw-p 00000000 00:00 0 
7f8ad6e14000-7f8ad6e15000 r--p 00000000 00:00 0 
7f8ad6e15000-7f8ad6e18000 rw-p 00000000 00:00 0 
7f8ad6e18000-7f8ad6e19000 r--p 00025000 08:07 2364432                    /lib/x86_64-linux-gnu/ld-2.23.so
7f8ad6e19000-7f8ad6e1a000 rw-p 00026000 08:07 2364432                    /lib/x86_64-linux-gnu/ld-2.23.so
7f8ad6e1a000-7f8ad6e1b000 rw-p 00000000 00:00 0 
7ffced424000-7ffced445000 rw-p 00000000 00:00 0                          [stack]
7ffced4f3000-7ffced4f5000 r--p 00000000 00:00 0                          [vvar]
7ffced4f5000-7ffced4f7000 r-xp 00000000 00:00 0                          [vdso]
ffffffffff600000-ffffffffff601000 r-xp 00000000 00:00 0                  [vsyscall]

VM Arguments:
jvm_args: -Xdebug -Xrunjdwp:transport=dt_socket,address=localhost:35212 -Dfile.encoding=UTF-8 -Djava.library.path=/home/kcrez/Documentos/JavaDuino/library/rxtx2.1 
java_command: PPD_Frame
Launcher Type: SUN_STANDARD

Environment Variables:
PATH=/usr/local/sbin:/usr/local/bin:/usr/sbin:/usr/bin:/sbin:/bin:/usr/games:/usr/local/games:/snap/bin
LD_LIBRARY_PATH=/usr/lib/jvm/jdk1.7.0_51/jre/lib/amd64:/usr/lib/jvm/jdk1.7.0_51/jre/lib/i386:
SHELL=/bin/bash
DISPLAY=:0

Signal Handlers:
SIGSEGV: [libjvm.so+0x993870], sa_mask[0]=0x7ffbfeff, sa_flags=0x10000004
SIGBUS: [libjvm.so+0x993870], sa_mask[0]=0x7ffbfeff, sa_flags=0x10000004
SIGFPE: [libjvm.so+0x8105b0], sa_mask[0]=0x7ffbfeff, sa_flags=0x10000004
SIGPIPE: [libjvm.so+0x8105b0], sa_mask[0]=0x7ffbfeff, sa_flags=0x10000004
SIGXFSZ: [libjvm.so+0x8105b0], sa_mask[0]=0x7ffbfeff, sa_flags=0x10000004
SIGILL: [libjvm.so+0x8105b0], sa_mask[0]=0x7ffbfeff, sa_flags=0x10000004
SIGUSR1: SIG_DFL, sa_mask[0]=0x00000000, sa_flags=0x00000000
SIGUSR2: [libjvm.so+0x811aa0], sa_mask[0]=0x00000004, sa_flags=0x10000004
SIGHUP: [libjvm.so+0x812a10], sa_mask[0]=0x7ffbfeff, sa_flags=0x10000004
SIGINT: SIG_IGN, sa_mask[0]=0x00000000, sa_flags=0x00000000
SIGTERM: [libjvm.so+0x812a10], sa_mask[0]=0x7ffbfeff, sa_flags=0x10000004
SIGQUIT: [libjvm.so+0x812a10], sa_mask[0]=0x7ffbfeff, sa_flags=0x10000004


---------------  S Y S T E M  ---------------

OS:stretch/sid

uname:Linux 4.4.0-22-generic #40-Ubuntu SMP Thu May 12 22:03:46 UTC 2016 x86_64
libc:glibc 2.23 NPTL 2.23 
rlimit: STACK 8192k, CORE 0k, NPROC 15146, NOFILE 65536, AS infinity
load average:0.15 0.20 0.28

/proc/meminfo:
MemTotal:        3916240 kB
MemFree:          173840 kB
MemAvailable:    1294992 kB
Buffers:          158800 kB
Cached:          1009716 kB
SwapCached:          860 kB
Active:          2327124 kB
Inactive:        1049856 kB
Active(anon):    1787140 kB
Inactive(anon):   688632 kB
Active(file):     539984 kB
Inactive(file):   361224 kB
Unevictable:          48 kB
Mlocked:              48 kB
SwapTotal:       7812088 kB
SwapFree:        7779184 kB
Dirty:               136 kB
Writeback:             0 kB
AnonPages:       2207800 kB
Mapped:           333628 kB
Shmem:            267304 kB
Slab:             283700 kB
SReclaimable:     249176 kB
SUnreclaim:        34524 kB
KernelStack:       10800 kB
PageTables:        34736 kB
NFS_Unstable:          0 kB
Bounce:                0 kB
WritebackTmp:          0 kB
CommitLimit:     9770208 kB
Committed_AS:    6870888 kB
VmallocTotal:   34359738367 kB
VmallocUsed:           0 kB
VmallocChunk:          0 kB
HardwareCorrupted:     0 kB
AnonHugePages:   1325056 kB
CmaTotal:              0 kB
CmaFree:               0 kB
HugePages_Total:       0
HugePages_Free:        0
HugePages_Rsvd:        0
HugePages_Surp:        0
Hugepagesize:       2048 kB
DirectMap4k:      123676 kB
DirectMap2M:     3940352 kB
DirectMap1G:           0 kB


CPU:total 4 (2 cores per cpu, 2 threads per core) family 6 model 60 stepping 3, cmov, cx8, fxsr, mmx, sse, sse2, sse3, ssse3, sse4.1, sse4.2, popcnt, avx, avx2, aes, erms, ht, tsc, tscinvbit

/proc/cpuinfo:
processor	: 0
vendor_id	: GenuineIntel
cpu family	: 6
model		: 60
model name	: Intel(R) Core(TM) i3-4170 CPU @ 3.70GHz
stepping	: 3
microcode	: 0x1e
cpu MHz		: 3700.144
cache size	: 3072 KB
physical id	: 0
siblings	: 4
core id		: 0
cpu cores	: 2
apicid		: 0
initial apicid	: 0
fpu		: yes
fpu_exception	: yes
cpuid level	: 13
wp		: yes
flags		: fpu vme de pse tsc msr pae mce cx8 apic sep mtrr pge mca cmov pat pse36 clflush dts acpi mmx fxsr sse sse2 ss ht tm pbe syscall nx pdpe1gb rdtscp lm constant_tsc arch_perfmon pebs bts rep_good nopl xtopology nonstop_tsc aperfmperf eagerfpu pni pclmulqdq dtes64 monitor ds_cpl vmx est tm2 ssse3 sdbg fma cx16 xtpr pdcm pcid sse4_1 sse4_2 movbe popcnt tsc_deadline_timer aes xsave avx f16c rdrand lahf_lm abm epb tpr_shadow vnmi flexpriority ept vpid fsgsbase tsc_adjust bmi1 avx2 smep bmi2 erms invpcid xsaveopt dtherm arat pln pts
bugs		:
bogomips	: 7382.73
clflush size	: 64
cache_alignment	: 64
address sizes	: 39 bits physical, 48 bits virtual
power management:

processor	: 1
vendor_id	: GenuineIntel
cpu family	: 6
model		: 60
model name	: Intel(R) Core(TM) i3-4170 CPU @ 3.70GHz
stepping	: 3
microcode	: 0x1e
cpu MHz		: 3700.000
cache size	: 3072 KB
physical id	: 0
siblings	: 4
core id		: 1
cpu cores	: 2
apicid		: 2
initial apicid	: 2
fpu		: yes
fpu_exception	: yes
cpuid level	: 13
wp		: yes
flags		: fpu vme de pse tsc msr pae mce cx8 apic sep mtrr pge mca cmov pat pse36 clflush dts acpi mmx fxsr sse sse2 ss ht tm pbe syscall nx pdpe1gb rdtscp lm constant_tsc arch_perfmon pebs bts rep_good nopl xtopology nonstop_tsc aperfmperf eagerfpu pni pclmulqdq dtes64 monitor ds_cpl vmx est tm2 ssse3 sdbg fma cx16 xtpr pdcm pcid sse4_1 sse4_2 movbe popcnt tsc_deadline_timer aes xsave avx f16c rdrand lahf_lm abm epb tpr_shadow vnmi flexpriority ept vpid fsgsbase tsc_adjust bmi1 avx2 smep bmi2 erms invpcid xsaveopt dtherm arat pln pts
bugs		:
bogomips	: 7382.73
clflush size	: 64
cache_alignment	: 64
address sizes	: 39 bits physical, 48 bits virtual
power management:

processor	: 2
vendor_id	: GenuineIntel
cpu family	: 6
model		: 60
model name	: Intel(R) Core(TM) i3-4170 CPU @ 3.70GHz
stepping	: 3
microcode	: 0x1e
cpu MHz		: 3700.000
cache size	: 3072 KB
physical id	: 0
siblings	: 4
core id		: 0
cpu cores	: 2
apicid		: 1
initial apicid	: 1
fpu		: yes
fpu_exception	: yes
cpuid level	: 13
wp		: yes
flags		: fpu vme de pse tsc msr pae mce cx8 apic sep mtrr pge mca cmov pat pse36 clflush dts acpi mmx fxsr sse sse2 ss ht tm pbe syscall nx pdpe1gb rdtscp lm constant_tsc arch_perfmon pebs bts rep_good nopl xtopology nonstop_tsc aperfmperf eagerfpu pni pclmulqdq dtes64 monitor ds_cpl vmx est tm2 ssse3 sdbg fma cx16 xtpr pdcm pcid sse4_1 sse4_2 movbe popcnt tsc_deadline_timer aes xsave avx f16c rdrand lahf_lm abm epb tpr_shadow vnmi flexpriority ept vpid fsgsbase tsc_adjust bmi1 avx2 smep bmi2 erms invpcid xsaveopt dtherm arat pln pts
bugs		:
bogomips	: 7382.73
clflush size	: 64
cache_alignment	: 64
address sizes	: 39 bits physical, 48 bits virtual
power management:

processor	: 3
vendor_id	: GenuineIntel
cpu family	: 6
model		: 60
model name	: Intel(R) Core(TM) i3-4170 CPU @ 3.70GHz
stepping	: 3
microcode	: 0x1e
cpu MHz		: 3696.386
cache size	: 3072 KB
physical id	: 0
siblings	: 4
core id		: 1
cpu cores	: 2
apicid		: 3
initial apicid	: 3
fpu		: yes
fpu_exception	: yes
cpuid level	: 13
wp		: yes
flags		: fpu vme de pse tsc msr pae mce cx8 apic sep mtrr pge mca cmov pat pse36 clflush dts acpi mmx fxsr sse sse2 ss ht tm pbe syscall nx pdpe1gb rdtscp lm constant_tsc arch_perfmon pebs bts rep_good nopl xtopology nonstop_tsc aperfmperf eagerfpu pni pclmulqdq dtes64 monitor ds_cpl vmx est tm2 ssse3 sdbg fma cx16 xtpr pdcm pcid sse4_1 sse4_2 movbe popcnt tsc_deadline_timer aes xsave avx f16c rdrand lahf_lm abm epb tpr_shadow vnmi flexpriority ept vpid fsgsbase tsc_adjust bmi1 avx2 smep bmi2 erms invpcid xsaveopt dtherm arat pln pts
bugs		:
bogomips	: 7382.73
clflush size	: 64
cache_alignment	: 64
address sizes	: 39 bits physical, 48 bits virtual
power management:



Memory: 4k page, physical 3916240k(173840k free), swap 7812088k(7779184k free)

vm_info: Java HotSpot(TM) 64-Bit Server VM (24.51-b03) for linux-amd64 JRE (1.7.0_51-b13), built on Dec 18 2013 18:48:01 by "java_re" with gcc 4.3.0 20080428 (Red Hat 4.3.0-8)

time: Sun Jul 31 17:29:41 2016
elapsed time: 7 seconds

