#
# A fatal error has been detected by the Java Runtime Environment:
#
#  SIGSEGV (0xb) at pc=0x00007f157fc7a462, pid=6619, tid=139730314802944
#
# JRE version: Java(TM) SE Runtime Environment (7.0_51-b13) (build 1.7.0_51-b13)
# Java VM: Java HotSpot(TM) 64-Bit Server VM (24.51-b03 mixed mode linux-amd64 compressed oops)
# Problematic frame:
# C  [librxtxSerial.so+0x6462]  read_byte_array+0x52
#
# Failed to write core dump. Core dumps have been disabled. To enable core dumping, try "ulimit -c unlimited" before starting Java again
#
# If you would like to submit a bug report, please visit:
#   http://bugreport.sun.com/bugreport/crash.jsp
# The crash happened outside the Java Virtual Machine in native code.
# See problematic frame for where to report the bug.
#

---------------  T H R E A D  ---------------

Current thread (0x00007f1580100000):  JavaThread "Thread-0" [_thread_in_native, id=6650, stack(0x00007f157fb73000,0x00007f157fc74000)]

siginfo:si_signo=SIGSEGV: si_errno=0, si_code=1 (SEGV_MAPERR), si_addr=0x000000007fc724f8

Registers:
RAX=0x000000007fc724f0, RBX=0xffffffffffffffff, RCX=0x0000000000000001, RDX=0x00007f15e1a50a50
RSP=0x00007f157fc71960, RBP=0x00007f15801001e8, RSI=0x00007f157fc7de30, RDI=0x00007f157fc7dd3e
R8 =0x00007f157fc718d0, R9 =0x00000000ffffffff, R10=0x0000000000000049, R11=0x00007f157fc7a410
R12=0x00000000ffffffff, R13=0x0000000000000000, R14=0x000000000000001d, R15=0x0000000000000000
RIP=0x00007f157fc7a462, EFLAGS=0x0000000000010202, CSGSFS=0x0000000000000033, ERR=0x0000000000000004
  TRAPNO=0x000000000000000e

Top of Stack: (sp=0x00007f157fc71960)
0x00007f157fc71960:   ff0000000000ff00 0000000000000000
0x00007f157fc71970:   0000000000000000 0000000000000000
0x00007f157fc71980:   0000000000000014 000000007fc724f0
0x00007f157fc71990:   0000000000000000 0000000000000000
0x00007f157fc719a0:   0000000000000000 000000cd00000000
0x00007f157fc719b0:   00007f15700016b0 0000001d00000000
0x00007f157fc719c0:   0000000000000000 0000000000000000
0x00007f157fc719d0:   0000000000000000 0000000000000000
0x00007f157fc719e0:   00007f1580100000 0000000000000700
0x00007f157fc719f0:   0000000000002000 0000000000000000
0x00007f157fc71a00:   000000000000001d 0000000000000000
0x00007f157fc71a10:   00007f157fc71a40 00007f15e0ec3dac
0x00007f157fc71a20:   00007f15700016b0 00007f15700016b0
0x00007f157fc71a30:   000000000000001d 00007f157fc71aa0
0x00007f157fc71a40:   00007f15801001e8 00000000000000cd
0x00007f157fc71a50:   00000000ffffffff ffffffffffffffff
0x00007f157fc71a60:   00007f15801001e8 00007f15700016b0
0x00007f157fc71a70:   00000000000000cd 000000000000001d
0x00007f157fc71a80:   0000000000000000 00007f157fc7a8a1
0x00007f157fc71a90:   00007f1580100000 00007f157fc71b70
0x00007f157fc71aa0:   00007f157fc71b78 00000000bfb32080
0x00007f157fc71ab0:   00007f157fc71b40 0000000000000000
0x00007f157fc71ac0:   00000000bfb32078 00007f157fc71b78
0x00007f157fc71ad0:   00007f1580100000 00007f15d77c0af9
0x00007f157fc71ae0:   00007f1598053578 00007f157fc71b78
0x00007f157fc71af0:   00007f1580100000 000000cd000000b6
0x00007f157fc71b00:   00007f157fc71b00 00000000bfb32078
0x00007f157fc71b10:   00007f157fc71b78 00000000bfb42bd0
0x00007f157fc71b20:   0000000000000000 00000000bfb32080
0x00007f157fc71b30:   0000000000000000 00007f157fc71b60
0x00007f157fc71b40:   00007f157fc71bd0 00007f15d77ae254
0x00007f157fc71b50:   0000000000000000 00007f15d77baf36 

Instructions: (pc=0x00007f157fc7a462)
0x00007f157fc7a442:   89 44 24 4c 48 c7 44 24 40 00 00 00 00 48 c7 44
0x00007f157fc7a452:   24 38 00 00 00 00 e8 53 d7 ff ff 48 89 44 24 28
0x00007f157fc7a462:   8b 40 08 45 85 e4 48 8b 54 24 28 44 8b 7c 24 4c
0x00007f157fc7a472:   89 44 24 34 c7 42 08 00 00 00 00 78 0c 31 c0 e8 

Register to memory mapping:

RAX=0x000000007fc724f0 is an unknown value
RBX=0xffffffffffffffff is an unknown value
RCX=0x0000000000000001 is an unknown value
RDX=0x00007f15e1a50a50: <offset 0xe37a50> in /usr/lib/jvm/jdk1.7.0_51/jre/lib/amd64/server/libjvm.so at 0x00007f15e0c19000
RSP=0x00007f157fc71960 is pointing into the stack for thread: 0x00007f1580100000
RBP=0x00007f15801001e8 is an unknown value
RSI=0x00007f157fc7de30: <offset 0x9e30> in /usr/lib/jvm/jdk1.7.0_51/jre/lib/amd64/librxtxSerial.so at 0x00007f157fc74000
RDI=0x00007f157fc7dd3e: <offset 0x9d3e> in /usr/lib/jvm/jdk1.7.0_51/jre/lib/amd64/librxtxSerial.so at 0x00007f157fc74000
R8 =0x00007f157fc718d0 is pointing into the stack for thread: 0x00007f1580100000
R9 =0x00000000ffffffff is an unallocated location in the heap
R10=0x0000000000000049 is an unknown value
R11=0x00007f157fc7a410: read_byte_array+0 in /usr/lib/jvm/jdk1.7.0_51/jre/lib/amd64/librxtxSerial.so at 0x00007f157fc74000
R12=0x00000000ffffffff is an unallocated location in the heap
R13=0x0000000000000000 is an unknown value
R14=0x000000000000001d is an unknown value
R15=0x0000000000000000 is an unknown value


Stack: [0x00007f157fb73000,0x00007f157fc74000],  sp=0x00007f157fc71960,  free space=1018k
Native frames: (J=compiled Java code, j=interpreted, Vv=VM code, C=native code)
C  [librxtxSerial.so+0x6462]  read_byte_array+0x52

Java frames: (J=compiled Java code, j=interpreted, Vv=VM code)
j  gnu.io.RXTXPort.readArray([BII)I+0
j  gnu.io.RXTXPort$SerialInputStream.read([BII)I+187
j  sun.nio.cs.StreamDecoder.readBytes()I+135
j  sun.nio.cs.StreamDecoder.implRead([CII)I+112
j  sun.nio.cs.StreamDecoder.read([CII)I+180
j  java.io.InputStreamReader.read([CII)I+7
j  java.io.BufferedReader.fill()V+145
j  java.io.BufferedReader.read()I+23
j  PPD_Frame.serialEvent(Lgnu/io/SerialPortEvent;)V+24
j  gnu.io.RXTXPort.sendEvent(IZ)Z+382
v  ~StubRoutines::call_stub
j  gnu.io.RXTXPort.eventLoop()V+0
j  gnu.io.RXTXPort$MonitorThread.run()V+12
v  ~StubRoutines::call_stub

---------------  P R O C E S S  ---------------

Java Threads: ( => current thread )
=>0x00007f1580100000 JavaThread "Thread-0" [_thread_in_native, id=6650, stack(0x00007f157fb73000,0x00007f157fc74000)]
  0x00007f1580003800 JavaThread "org.netbeans.modules.debugger.jpda.visual AWT Access Loop" daemon [_thread_blocked, id=6648, stack(0x00007f15c4361000,0x00007f15c4462000)]
  0x00007f15dc00d800 JavaThread "DestroyJavaVM" [_thread_blocked, id=6620, stack(0x00007f15e080f000,0x00007f15e0910000)]
  0x00007f15dc1e3000 JavaThread "AWT-EventQueue-0" [_thread_blocked, id=6647, stack(0x00007f15c4462000,0x00007f15c4563000)]
  0x00007f15dc208000 JavaThread "AWT-Shutdown" [_thread_blocked, id=6646, stack(0x00007f15c4563000,0x00007f15c4664000)]
  0x00007f15dc195800 JavaThread "AWT-XAWT" daemon [_thread_in_native, id=6645, stack(0x00007f15c521c000,0x00007f15c531d000)]
  0x00007f15dc172000 JavaThread "Java2D Disposer" daemon [_thread_blocked, id=6644, stack(0x00007f15c572d000,0x00007f15c582e000)]
  0x00007f15dc0a9000 JavaThread "Service Thread" daemon [_thread_blocked, id=6642, stack(0x00007f15c6fee000,0x00007f15c70ef000)]
  0x00007f15dc0a6800 JavaThread "C2 CompilerThread1" daemon [_thread_blocked, id=6641, stack(0x00007f15c70ef000,0x00007f15c71f0000)]
  0x00007f15dc0a3800 JavaThread "C2 CompilerThread0" daemon [_thread_blocked, id=6640, stack(0x00007f15c71f0000,0x00007f15c72f1000)]
  0x00007f15a8001000 JavaThread "JDWP Command Reader" daemon [_thread_in_native, id=6638, stack(0x00007f15c72f1000,0x00007f15c73f2000)]
  0x00007f15dc0a1800 JavaThread "JDWP Event Helper Thread" daemon [_thread_blocked, id=6637, stack(0x00007f15c73f2000,0x00007f15c74f3000)]
  0x00007f15dc09e000 JavaThread "JDWP Transport Listener: dt_socket" daemon [_thread_blocked, id=6634, stack(0x00007f15c74f3000,0x00007f15c75f4000)]
  0x00007f15dc090800 JavaThread "Signal Dispatcher" daemon [_thread_blocked, id=6633, stack(0x00007f15c77f8000,0x00007f15c78f9000)]
  0x00007f15dc073000 JavaThread "Finalizer" daemon [_thread_blocked, id=6631, stack(0x00007f15c78f9000,0x00007f15c79fa000)]
  0x00007f15dc06f000 JavaThread "Reference Handler" daemon [_thread_blocked, id=6630, stack(0x00007f15c79fa000,0x00007f15c7afb000)]

Other Threads:
  0x00007f15dc06c800 VMThread [stack: 0x00007f15c7afb000,0x00007f15c7bfc000] [id=6629]
  0x00007f15dc0bb800 WatcherThread [stack: 0x00007f15c6eed000,0x00007f15c6fee000] [id=6643]

VM state:not at safepoint (normal execution)

VM Mutex/Monitor currently owned by a thread: None

Heap
 PSYoungGen      total 17920K, used 9225K [0x00000000ec080000, 0x00000000ed480000, 0x0000000100000000)
  eden space 15360K, 60% used [0x00000000ec080000,0x00000000ec982568,0x00000000ecf80000)
  from space 2560K, 0% used [0x00000000ed200000,0x00000000ed200000,0x00000000ed480000)
  to   space 2560K, 0% used [0x00000000ecf80000,0x00000000ecf80000,0x00000000ed200000)
 ParOldGen       total 40448K, used 0K [0x00000000c4200000, 0x00000000c6980000, 0x00000000ec080000)
  object space 40448K, 0% used [0x00000000c4200000,0x00000000c4200000,0x00000000c6980000)
 PSPermGen       total 21504K, used 12033K [0x00000000bf000000, 0x00000000c0500000, 0x00000000c4200000)
  object space 21504K, 55% used [0x00000000bf000000,0x00000000bfbc05e8,0x00000000c0500000)

Card table byte_map: [0x00007f15d759f000,0x00007f15d77a8000] byte_map_base: 0x00007f15d6fa7000

Polling page: 0x00007f15e26a1000

Code Cache  [0x00007f15d77a8000, 0x00007f15d7a18000, 0x00007f15da7a8000)
 total_blobs=513 nmethods=47 adapters=427 free_code_cache=48470Kb largest_free_block=49615552

Compilation events (10 events):
Event: 0.896 Thread 0x00007f15dc0a6800 nmethod 42 0x00007f15d783ff50 code [0x00007f15d78400c0, 0x00007f15d7840518]
Event: 0.901 Thread 0x00007f15dc0a3800 nmethod 43% 0x00007f15d783c850 code [0x00007f15d783ca00, 0x00007f15d783d2d8]
Event: 0.904 Thread 0x00007f15dc0a6800   44             javax.swing.plaf.nimbus.EffectUtils::blur (157 bytes)
Event: 0.923 Thread 0x00007f15dc0a3800   45             java.awt.MultipleGradientPaintContext::indexIntoGradientsArrays (190 bytes)
Event: 0.928 Thread 0x00007f15dc0a3800 nmethod 45 0x00007f15d7844990 code [0x00007f15d7844b60, 0x00007f15d7845158]
Event: 0.929 Thread 0x00007f15dc0a3800   46             java.awt.MultipleGradientPaintContext::interpolate (202 bytes)
Event: 0.934 Thread 0x00007f15dc0a3800 nmethod 46 0x00007f15d78440d0 code [0x00007f15d7844280, 0x00007f15d7844878]
Event: 0.934 Thread 0x00007f15dc0a3800   47             java.awt.LinearGradientPaintContext::fillRaster (97 bytes)
Event: 0.939 Thread 0x00007f15dc0a3800 nmethod 47 0x00007f15d7843ad0 code [0x00007f15d7843c20, 0x00007f15d7843f48]
Event: 0.940 Thread 0x00007f15dc0a6800 nmethod 44 0x00007f15d7855f90 code [0x00007f15d7856120, 0x00007f15d7856998]

GC Heap History (0 events):
No events

Deoptimization events (0 events):
No events

Internal exceptions (10 events):
Event: 0.576 Thread 0x00007f15dc1e3000 Threw 0x00000000ec42bce8 at /HUDSON/workspace/7u-2-build-linux-amd64@2/jdk7u51/527/hotspot/src/share/vm/prims/jvm.cpp:1244
Event: 0.576 Thread 0x00007f15dc1e3000 Threw 0x00000000ec42d400 at /HUDSON/workspace/7u-2-build-linux-amd64@2/jdk7u51/527/hotspot/src/share/vm/prims/jvm.cpp:1244
Event: 0.577 Thread 0x00007f15dc1e3000 Threw 0x00000000ec430f40 at /HUDSON/workspace/7u-2-build-linux-amd64@2/jdk7u51/527/hotspot/src/share/vm/prims/jvm.cpp:1244
Event: 0.577 Thread 0x00007f15dc1e3000 Threw 0x00000000ec432658 at /HUDSON/workspace/7u-2-build-linux-amd64@2/jdk7u51/527/hotspot/src/share/vm/prims/jvm.cpp:1244
Event: 0.696 Thread 0x00007f15dc1e3000 Threw 0x00000000ec568490 at /HUDSON/workspace/7u-2-build-linux-amd64@2/jdk7u51/527/hotspot/src/share/vm/prims/jvm.cpp:1244
Event: 0.697 Thread 0x00007f15dc1e3000 Threw 0x00000000ec56a060 at /HUDSON/workspace/7u-2-build-linux-amd64@2/jdk7u51/527/hotspot/src/share/vm/prims/jvm.cpp:1244
Event: 0.812 Thread 0x00007f15dc1e3000 Threw 0x00000000ec876cb0 at /HUDSON/workspace/7u-2-build-linux-amd64@2/jdk7u51/527/hotspot/src/share/vm/prims/jni.cpp:717
Event: 0.829 Thread 0x00007f15dc1e3000 Threw 0x00000000ec889f38 at /HUDSON/workspace/7u-2-build-linux-amd64@2/jdk7u51/527/hotspot/src/share/vm/prims/jni.cpp:717
Event: 0.831 Thread 0x00007f15dc1e3000 Threw 0x00000000ec89b8f0 at /HUDSON/workspace/7u-2-build-linux-amd64@2/jdk7u51/527/hotspot/src/share/vm/prims/jni.cpp:717
Event: 0.849 Thread 0x00007f15dc1e3000 Threw 0x00000000ec8ae8b8 at /HUDSON/workspace/7u-2-build-linux-amd64@2/jdk7u51/527/hotspot/src/share/vm/prims/jni.cpp:717

Events (10 events):
Event: 8.336 Executing VM operation: GetOrSetLocal
Event: 8.336 Executing VM operation: GetOrSetLocal done
Event: 8.337 Executing VM operation: GetOrSetLocal
Event: 8.337 Executing VM operation: GetOrSetLocal done
Event: 8.826 Executing VM operation: GetOrSetLocal
Event: 8.826 Executing VM operation: GetOrSetLocal done
Event: 8.826 Executing VM operation: GetOrSetLocal
Event: 8.826 Executing VM operation: GetOrSetLocal done
Event: 8.827 Executing VM operation: GetOrSetLocal
Event: 8.827 Executing VM operation: GetOrSetLocal done


Dynamic libraries:
00400000-00401000 r-xp 00000000 08:07 937188                             /usr/lib/jvm/jdk1.7.0_51/bin/java
00600000-00601000 rw-p 00000000 08:07 937188                             /usr/lib/jvm/jdk1.7.0_51/bin/java
00d51000-00d72000 rw-p 00000000 00:00 0                                  [heap]
bf000000-c0500000 rw-p 00000000 00:00 0 
c0500000-c4200000 rw-p 00000000 00:00 0 
c4200000-c6980000 rw-p 00000000 00:00 0 
c6980000-ec080000 rw-p 00000000 00:00 0 
ec080000-ed480000 rw-p 00000000 00:00 0 
ed480000-100000000 rw-p 00000000 00:00 0 
7f1570000000-7f1570021000 rw-p 00000000 00:00 0 
7f1570021000-7f1574000000 ---p 00000000 00:00 0 
7f1578000000-7f1578085000 rw-p 00000000 00:00 0 
7f1578085000-7f157c000000 ---p 00000000 00:00 0 
7f157f756000-7f157f780000 r-xp 00000000 08:07 1836084                    /usr/lib/jvm/jdk1.7.0_51/jre/lib/amd64/libdcpr.so
7f157f780000-7f157f980000 ---p 0002a000 08:07 1836084                    /usr/lib/jvm/jdk1.7.0_51/jre/lib/amd64/libdcpr.so
7f157f980000-7f157f983000 rw-p 0002a000 08:07 1836084                    /usr/lib/jvm/jdk1.7.0_51/jre/lib/amd64/libdcpr.so
7f157f983000-7f157fb73000 rw-s 00000000 00:05 53510215                   /SYSV00000000 (deleted)
7f157fb73000-7f157fb76000 ---p 00000000 00:00 0 
7f157fb76000-7f157fc74000 rw-p 00000000 00:00 0 
7f157fc74000-7f157fc80000 r-xp 00000000 08:07 1835128                    /usr/lib/jvm/jdk1.7.0_51/jre/lib/amd64/librxtxSerial.so
7f157fc80000-7f157fd7f000 ---p 0000c000 08:07 1835128                    /usr/lib/jvm/jdk1.7.0_51/jre/lib/amd64/librxtxSerial.so
7f157fd7f000-7f157fd81000 rw-p 0000b000 08:07 1835128                    /usr/lib/jvm/jdk1.7.0_51/jre/lib/amd64/librxtxSerial.so
7f157fd81000-7f157fde9000 r-xp 00000000 08:07 1836082                    /usr/lib/jvm/jdk1.7.0_51/jre/lib/amd64/libt2k.so
7f157fde9000-7f157ffe9000 ---p 00068000 08:07 1836082                    /usr/lib/jvm/jdk1.7.0_51/jre/lib/amd64/libt2k.so
7f157ffe9000-7f157fff0000 rw-p 00068000 08:07 1836082                    /usr/lib/jvm/jdk1.7.0_51/jre/lib/amd64/libt2k.so
7f157fff0000-7f1580000000 rw-p 00000000 00:00 0 
7f1580000000-7f1580128000 rw-p 00000000 00:00 0 
7f1580128000-7f1584000000 ---p 00000000 00:00 0 
7f1584000000-7f1584021000 rw-p 00000000 00:00 0 
7f1584021000-7f1588000000 ---p 00000000 00:00 0 
7f1588000000-7f1588021000 rw-p 00000000 00:00 0 
7f1588021000-7f158c000000 ---p 00000000 00:00 0 
7f158c000000-7f158c021000 rw-p 00000000 00:00 0 
7f158c021000-7f1590000000 ---p 00000000 00:00 0 
7f1590000000-7f1590021000 rw-p 00000000 00:00 0 
7f1590021000-7f1594000000 ---p 00000000 00:00 0 
7f1594000000-7f1594021000 rw-p 00000000 00:00 0 
7f1594021000-7f1598000000 ---p 00000000 00:00 0 
7f1598000000-7f15985ef000 rw-p 00000000 00:00 0 
7f15985ef000-7f159c000000 ---p 00000000 00:00 0 
7f159c000000-7f159c021000 rw-p 00000000 00:00 0 
7f159c021000-7f15a0000000 ---p 00000000 00:00 0 
7f15a0000000-7f15a0021000 rw-p 00000000 00:00 0 
7f15a0021000-7f15a4000000 ---p 00000000 00:00 0 
7f15a4000000-7f15a43f0000 rw-p 00000000 00:00 0 
7f15a43f0000-7f15a8000000 ---p 00000000 00:00 0 
7f15a8000000-7f15a803c000 rw-p 00000000 00:00 0 
7f15a803c000-7f15ac000000 ---p 00000000 00:00 0 
7f15ac000000-7f15ac02a000 rw-p 00000000 00:00 0 
7f15ac02a000-7f15b0000000 ---p 00000000 00:00 0 
7f15b0000000-7f15b0021000 rw-p 00000000 00:00 0 
7f15b0021000-7f15b4000000 ---p 00000000 00:00 0 
7f15b4000000-7f15b4021000 rw-p 00000000 00:00 0 
7f15b4021000-7f15b8000000 ---p 00000000 00:00 0 
7f15b8000000-7f15b8021000 rw-p 00000000 00:00 0 
7f15b8021000-7f15bc000000 ---p 00000000 00:00 0 
7f15bc000000-7f15bc021000 rw-p 00000000 00:00 0 
7f15bc021000-7f15c0000000 ---p 00000000 00:00 0 
7f15c0000000-7f15c0021000 rw-p 00000000 00:00 0 
7f15c0021000-7f15c4000000 ---p 00000000 00:00 0 
7f15c40e1000-7f15c40ec000 r--s 00000000 08:07 2890696                    /var/cache/fontconfig/945677eb7aeaf62f1d50efc3fb3ec7d8-le64.cache-6
7f15c40ec000-7f15c40f2000 r--s 00000000 08:07 2890678                    /var/cache/fontconfig/2cd17615ca594fa2959ae173292e504c-le64.cache-6
7f15c40f2000-7f15c40f3000 r--s 00000000 08:07 2890675                    /var/cache/fontconfig/0d8c3b2ac0904cb8a57a757ad11a4a08-le64.cache-6
7f15c40f3000-7f15c40f7000 r--s 00000000 08:07 2885053                    /var/cache/fontconfig/de156ccd2eddbdc19d37a45b8b2aac9c-le64.cache-6
7f15c40f7000-7f15c410c000 r--s 00000000 08:07 2890672                    /var/cache/fontconfig/04aabc0a78ac019cf9454389977116d2-le64.cache-6
7f15c410c000-7f15c410d000 r--s 00000000 08:07 2890677                    /var/cache/fontconfig/1ac9eb803944fde146138c791f5cc56a-le64.cache-6
7f15c410d000-7f15c4111000 r--s 00000000 08:07 2890682                    /var/cache/fontconfig/385c0604a188198f04d133e54aba7fe7-le64.cache-6
7f15c4111000-7f15c4112000 r--s 00000000 08:07 2890709                    /var/cache/fontconfig/dc05db6664285cc2f12bf69c139ae4c3-le64.cache-6
7f15c4112000-7f15c4115000 r--s 00000000 08:07 2890692                    /var/cache/fontconfig/767a8244fc0220cfb567a839d0392e0b-le64.cache-6
7f15c4115000-7f15c4116000 r--s 00000000 08:07 2883743                    /var/cache/fontconfig/4794a0821666d79190d59a36cb4f44b5-le64.cache-6
7f15c4116000-7f15c411b000 r--s 00000000 08:07 2890695                    /var/cache/fontconfig/8801497958630a81b71ace7c5f9b32a8-le64.cache-6
7f15c411b000-7f15c4122000 r--s 00000000 08:07 2890679                    /var/cache/fontconfig/3047814df9a2f067bd2d96a2b9c36e5a-le64.cache-6
7f15c4122000-7f15c4128000 r--s 00000000 08:07 2890700                    /var/cache/fontconfig/b47c4e1ecd0709278f4910c18777a504-le64.cache-6
7f15c4180000-7f15c4189000 r--s 00000000 08:07 527870                     /usr/share/fonts/type1/gsfonts/s050000l.pfb
7f15c41c6000-7f15c41df000 r--s 00000000 08:07 527849                     /usr/share/fonts/type1/gsfonts/n022004l.pfb
7f15c41df000-7f15c41f8000 r--s 00000000 08:07 527834                     /usr/share/fonts/type1/gsfonts/n021003l.pfb
7f15c41f8000-7f15c420e000 r--s 00000000 08:07 527843                     /usr/share/fonts/type1/gsfonts/n021024l.pfb
7f15c420e000-7f15c4224000 r--s 00000000 08:07 527852                     /usr/share/fonts/type1/gsfonts/n022023l.pfb
7f15c4224000-7f15c423b000 r--s 00000000 08:07 527840                     /usr/share/fonts/type1/gsfonts/n021023l.pfb
7f15c423b000-7f15c424c000 r--s 00000000 08:07 527816                     /usr/share/fonts/type1/gsfonts/n019023l.pfb
7f15c424c000-7f15c4260000 r--s 00000000 08:07 527810                     /usr/share/fonts/type1/gsfonts/n019003l.pfb
7f15c4260000-7f15c4263000 ---p 00000000 00:00 0 
7f15c4263000-7f15c4361000 rw-p 00000000 00:00 0 
7f15c4361000-7f15c4364000 ---p 00000000 00:00 0 
7f15c4364000-7f15c4462000 rw-p 00000000 00:00 0 
7f15c4462000-7f15c4465000 ---p 00000000 00:00 0 
7f15c4465000-7f15c4563000 rw-p 00000000 00:00 0 
7f15c4563000-7f15c4566000 ---p 00000000 00:00 0 
7f15c4566000-7f15c4664000 rw-p 00000000 00:00 0 
7f15c4664000-7f15c4674000 r-xp 00000000 08:07 1836051                    /usr/lib/jvm/jdk1.7.0_51/jre/lib/amd64/libnio.so
7f15c4674000-7f15c4874000 ---p 00010000 08:07 1836051                    /usr/lib/jvm/jdk1.7.0_51/jre/lib/amd64/libnio.so
7f15c4874000-7f15c4875000 rw-p 00010000 08:07 1836051                    /usr/lib/jvm/jdk1.7.0_51/jre/lib/amd64/libnio.so
7f15c4875000-7f15c4b76000 rw-p 00000000 00:00 0 
7f15c4b76000-7f15c4b8c000 r-xp 00000000 08:07 1836056                    /usr/lib/jvm/jdk1.7.0_51/jre/lib/amd64/libnet.so
7f15c4b8c000-7f15c4d8c000 ---p 00016000 08:07 1836056                    /usr/lib/jvm/jdk1.7.0_51/jre/lib/amd64/libnet.so
7f15c4d8c000-7f15c4d8d000 rw-p 00016000 08:07 1836056                    /usr/lib/jvm/jdk1.7.0_51/jre/lib/amd64/libnet.so
7f15c4d8d000-7f15c4da3000 r-xp 00000000 08:07 2364498                    /lib/x86_64-linux-gnu/libgcc_s.so.1
7f15c4da3000-7f15c4fa2000 ---p 00016000 08:07 2364498                    /lib/x86_64-linux-gnu/libgcc_s.so.1
7f15c4fa2000-7f15c4fa3000 rw-p 00015000 08:07 2364498                    /lib/x86_64-linux-gnu/libgcc_s.so.1
7f15c4fa3000-7f15c5008000 r-xp 00000000 08:07 1836052                    /usr/lib/jvm/jdk1.7.0_51/jre/lib/amd64/libfontmanager.so
7f15c5008000-7f15c5207000 ---p 00065000 08:07 1836052                    /usr/lib/jvm/jdk1.7.0_51/jre/lib/amd64/libfontmanager.so
7f15c5207000-7f15c520b000 rw-p 00064000 08:07 1836052                    /usr/lib/jvm/jdk1.7.0_51/jre/lib/amd64/libfontmanager.so
7f15c520b000-7f15c521c000 rw-p 00000000 00:00 0 
7f15c521c000-7f15c521f000 ---p 00000000 00:00 0 
7f15c521f000-7f15c531d000 rw-p 00000000 00:00 0 
7f15c531d000-7f15c5322000 r-xp 00000000 08:07 2762080                    /usr/lib/x86_64-linux-gnu/libXfixes.so.3.1.0
7f15c5322000-7f15c5521000 ---p 00005000 08:07 2762080                    /usr/lib/x86_64-linux-gnu/libXfixes.so.3.1.0
7f15c5521000-7f15c5522000 r--p 00004000 08:07 2762080                    /usr/lib/x86_64-linux-gnu/libXfixes.so.3.1.0
7f15c5522000-7f15c5523000 rw-p 00005000 08:07 2762080                    /usr/lib/x86_64-linux-gnu/libXfixes.so.3.1.0
7f15c5523000-7f15c552c000 r-xp 00000000 08:07 2762072                    /usr/lib/x86_64-linux-gnu/libXcursor.so.1.0.2
7f15c552c000-7f15c572b000 ---p 00009000 08:07 2762072                    /usr/lib/x86_64-linux-gnu/libXcursor.so.1.0.2
7f15c572b000-7f15c572c000 r--p 00008000 08:07 2762072                    /usr/lib/x86_64-linux-gnu/libXcursor.so.1.0.2
7f15c572c000-7f15c572d000 rw-p 00009000 08:07 2762072                    /usr/lib/x86_64-linux-gnu/libXcursor.so.1.0.2
7f15c572d000-7f15c5730000 ---p 00000000 00:00 0 
7f15c5730000-7f15c582e000 rw-p 00000000 00:00 0 
7f15c582e000-7f15c5833000 r-xp 00000000 08:07 2762076                    /usr/lib/x86_64-linux-gnu/libXdmcp.so.6.0.0
7f15c5833000-7f15c5a32000 ---p 00005000 08:07 2762076                    /usr/lib/x86_64-linux-gnu/libXdmcp.so.6.0.0
7f15c5a32000-7f15c5a33000 r--p 00004000 08:07 2762076                    /usr/lib/x86_64-linux-gnu/libXdmcp.so.6.0.0
7f15c5a33000-7f15c5a34000 rw-p 00005000 08:07 2762076                    /usr/lib/x86_64-linux-gnu/libXdmcp.so.6.0.0
7f15c5a34000-7f15c5a36000 r-xp 00000000 08:07 2762065                    /usr/lib/x86_64-linux-gnu/libXau.so.6.0.0
7f15c5a36000-7f15c5c36000 ---p 00002000 08:07 2762065                    /usr/lib/x86_64-linux-gnu/libXau.so.6.0.0
7f15c5c36000-7f15c5c37000 r--p 00002000 08:07 2762065                    /usr/lib/x86_64-linux-gnu/libXau.so.6.0.0
7f15c5c37000-7f15c5c38000 rw-p 00003000 08:07 2762065                    /usr/lib/x86_64-linux-gnu/libXau.so.6.0.0
7f15c5c38000-7f15c5c59000 r-xp 00000000 08:07 2763443                    /usr/lib/x86_64-linux-gnu/libxcb.so.1.1.0
7f15c5c59000-7f15c5e58000 ---p 00021000 08:07 2763443                    /usr/lib/x86_64-linux-gnu/libxcb.so.1.1.0
7f15c5e58000-7f15c5e59000 r--p 00020000 08:07 2763443                    /usr/lib/x86_64-linux-gnu/libxcb.so.1.1.0
7f15c5e59000-7f15c5e5a000 rw-p 00021000 08:07 2763443                    /usr/lib/x86_64-linux-gnu/libxcb.so.1.1.0
7f15c5e5a000-7f15c5e69000 r-xp 00000000 08:07 2762086                    /usr/lib/x86_64-linux-gnu/libXi.so.6.1.0
7f15c5e69000-7f15c6068000 ---p 0000f000 08:07 2762086                    /usr/lib/x86_64-linux-gnu/libXi.so.6.1.0
7f15c6068000-7f15c6069000 r--p 0000e000 08:07 2762086                    /usr/lib/x86_64-linux-gnu/libXi.so.6.1.0
7f15c6069000-7f15c606a000 rw-p 0000f000 08:07 2762086                    /usr/lib/x86_64-linux-gnu/libXi.so.6.1.0
7f15c606a000-7f15c606f000 r-xp 00000000 08:07 2762104                    /usr/lib/x86_64-linux-gnu/libXtst.so.6.1.0
7f15c606f000-7f15c626e000 ---p 00005000 08:07 2762104                    /usr/lib/x86_64-linux-gnu/libXtst.so.6.1.0
7f15c626e000-7f15c626f000 r--p 00004000 08:07 2762104                    /usr/lib/x86_64-linux-gnu/libXtst.so.6.1.0
7f15c626f000-7f15c6270000 rw-p 00005000 08:07 2762104                    /usr/lib/x86_64-linux-gnu/libXtst.so.6.1.0
7f15c6270000-7f15c6279000 r-xp 00000000 08:07 2762098                    /usr/lib/x86_64-linux-gnu/libXrender.so.1.3.0
7f15c6279000-7f15c6478000 ---p 00009000 08:07 2762098                    /usr/lib/x86_64-linux-gnu/libXrender.so.1.3.0
7f15c6478000-7f15c6479000 r--p 00008000 08:07 2762098                    /usr/lib/x86_64-linux-gnu/libXrender.so.1.3.0
7f15c6479000-7f15c647a000 rw-p 00009000 08:07 2762098                    /usr/lib/x86_64-linux-gnu/libXrender.so.1.3.0
7f15c647a000-7f15c65af000 r-xp 00000000 08:07 2762061                    /usr/lib/x86_64-linux-gnu/libX11.so.6.3.0
7f15c65af000-7f15c67af000 ---p 00135000 08:07 2762061                    /usr/lib/x86_64-linux-gnu/libX11.so.6.3.0
7f15c67af000-7f15c67b0000 r--p 00135000 08:07 2762061                    /usr/lib/x86_64-linux-gnu/libX11.so.6.3.0
7f15c67b0000-7f15c67b4000 rw-p 00136000 08:07 2762061                    /usr/lib/x86_64-linux-gnu/libX11.so.6.3.0
7f15c67b4000-7f15c67c5000 r-xp 00000000 08:07 2762078                    /usr/lib/x86_64-linux-gnu/libXext.so.6.4.0
7f15c67c5000-7f15c69c4000 ---p 00011000 08:07 2762078                    /usr/lib/x86_64-linux-gnu/libXext.so.6.4.0
7f15c69c4000-7f15c69c5000 r--p 00010000 08:07 2762078                    /usr/lib/x86_64-linux-gnu/libXext.so.6.4.0
7f15c69c5000-7f15c69c6000 rw-p 00011000 08:07 2762078                    /usr/lib/x86_64-linux-gnu/libXext.so.6.4.0
7f15c69c6000-7f15c6a16000 r-xp 00000000 08:07 1836094                    /usr/lib/jvm/jdk1.7.0_51/jre/lib/amd64/xawt/libmawt.so
7f15c6a16000-7f15c6c16000 ---p 00050000 08:07 1836094                    /usr/lib/jvm/jdk1.7.0_51/jre/lib/amd64/xawt/libmawt.so
7f15c6c16000-7f15c6c1a000 rw-p 00050000 08:07 1836094                    /usr/lib/jvm/jdk1.7.0_51/jre/lib/amd64/xawt/libmawt.so
7f15c6c1a000-7f15c6c1b000 rw-p 00000000 00:00 0 
7f15c6c1b000-7f15c6cbd000 r-xp 00000000 08:07 1836064                    /usr/lib/jvm/jdk1.7.0_51/jre/lib/amd64/libawt.so
7f15c6cbd000-7f15c6ebd000 ---p 000a2000 08:07 1836064                    /usr/lib/jvm/jdk1.7.0_51/jre/lib/amd64/libawt.so
7f15c6ebd000-7f15c6ec9000 rw-p 000a2000 08:07 1836064                    /usr/lib/jvm/jdk1.7.0_51/jre/lib/amd64/libawt.so
7f15c6ec9000-7f15c6eed000 rw-p 00000000 00:00 0 
7f15c6eed000-7f15c6eee000 ---p 00000000 00:00 0 
7f15c6eee000-7f15c6fee000 rw-p 00000000 00:00 0 
7f15c6fee000-7f15c6ff1000 ---p 00000000 00:00 0 
7f15c6ff1000-7f15c70ef000 rw-p 00000000 00:00 0 
7f15c70ef000-7f15c70f2000 ---p 00000000 00:00 0 
7f15c70f2000-7f15c71f0000 rw-p 00000000 00:00 0 
7f15c71f0000-7f15c71f3000 ---p 00000000 00:00 0 
7f15c71f3000-7f15c72f1000 rw-p 00000000 00:00 0 
7f15c72f1000-7f15c72f4000 ---p 00000000 00:00 0 
7f15c72f4000-7f15c73f2000 rw-p 00000000 00:00 0 
7f15c73f2000-7f15c73f5000 ---p 00000000 00:00 0 
7f15c73f5000-7f15c74f3000 rw-p 00000000 00:00 0 
7f15c74f3000-7f15c74f6000 ---p 00000000 00:00 0 
7f15c74f6000-7f15c75f4000 rw-p 00000000 00:00 0 
7f15c75f4000-7f15c75f8000 r-xp 00000000 08:07 1836071                    /usr/lib/jvm/jdk1.7.0_51/jre/lib/amd64/libdt_socket.so
7f15c75f8000-7f15c77f7000 ---p 00004000 08:07 1836071                    /usr/lib/jvm/jdk1.7.0_51/jre/lib/amd64/libdt_socket.so
7f15c77f7000-7f15c77f8000 rw-p 00003000 08:07 1836071                    /usr/lib/jvm/jdk1.7.0_51/jre/lib/amd64/libdt_socket.so
7f15c77f8000-7f15c77fb000 ---p 00000000 00:00 0 
7f15c77fb000-7f15c78f9000 rw-p 00000000 00:00 0 
7f15c78f9000-7f15c78fc000 ---p 00000000 00:00 0 
7f15c78fc000-7f15c79fa000 rw-p 00000000 00:00 0 
7f15c79fa000-7f15c79fd000 ---p 00000000 00:00 0 
7f15c79fd000-7f15c7afb000 rw-p 00000000 00:00 0 
7f15c7afb000-7f15c7afc000 ---p 00000000 00:00 0 
7f15c7afc000-7f15c8000000 rw-p 00000000 00:00 0 
7f15c8000000-7f15c8021000 rw-p 00000000 00:00 0 
7f15c8021000-7f15cc000000 ---p 00000000 00:00 0 
7f15cc000000-7f15cc021000 rw-p 00000000 00:00 0 
7f15cc021000-7f15d0000000 ---p 00000000 00:00 0 
7f15d0000000-7f15d0021000 rw-p 00000000 00:00 0 
7f15d0021000-7f15d4000000 ---p 00000000 00:00 0 
7f15d4000000-7f15d4001000 r--s 00000000 08:07 2890702                    /var/cache/fontconfig/bab58bb527bb656aaa9f116d68a48d89-le64.cache-6
7f15d4001000-7f15d4002000 r--s 00000000 08:07 2890686                    /var/cache/fontconfig/56cf4f4769d0f4abc89a4895d7bd3ae1-le64.cache-6
7f15d4002000-7f15d4015000 r--s 00000000 08:07 2890706                    /var/cache/fontconfig/d52a8644073d54c13679302ca1180695-le64.cache-6
7f15d4015000-7f15d4020000 r--s 00000000 08:07 2887795                    /var/cache/fontconfig/d589a48862398ed80a3d6066f4f56f4c-le64.cache-6
7f15d4020000-7f15d4023000 r--s 00000000 08:07 2890691                    /var/cache/fontconfig/75114ca45c98e8a441da0ff356701271-le64.cache-6
7f15d4023000-7f15d402e000 r--s 00000000 08:07 2890694                    /var/cache/fontconfig/83bf95040141907cd45bb53cf7c1c148-le64.cache-6
7f15d402e000-7f15d4040000 r--s 00000000 08:07 2886108                    /var/cache/fontconfig/9b89f8e3dae116d678bbf48e5f21f69b-le64.cache-6
7f15d4040000-7f15d4043000 r--s 00000000 08:07 2890710                    /var/cache/fontconfig/e13b20fdb08344e0e664864cc2ede53d-le64.cache-6
7f15d4043000-7f15d4047000 r--s 00000000 08:07 2883629                    /var/cache/fontconfig/7ef2298fde41cc6eeb7af42e48b7d293-le64.cache-6
7f15d4047000-7f15d406c000 r--p 00000000 08:07 397003                     /usr/share/locale-langpack/es/LC_MESSAGES/libc.mo
7f15d406c000-7f15d4c46000 rw-p 00000000 00:00 0 
7f15d4c46000-7f15d4e03000 r--s 039bf000 08:07 1057153                    /usr/lib/jvm/jdk1.7.0_51/jre/lib/rt.jar
7f15d4e03000-7f15d715c000 rw-p 00000000 00:00 0 
7f15d715c000-7f15d715d000 ---p 00000000 00:00 0 
7f15d715d000-7f15d725d000 rw-p 00000000 00:00 0 
7f15d725d000-7f15d725e000 ---p 00000000 00:00 0 
7f15d725e000-7f15d735e000 rw-p 00000000 00:00 0 
7f15d735e000-7f15d735f000 ---p 00000000 00:00 0 
7f15d735f000-7f15d7473000 rw-p 00000000 00:00 0 
7f15d7473000-7f15d759f000 rw-p 00000000 00:00 0 
7f15d759f000-7f15d75aa000 rw-p 00000000 00:00 0 
7f15d75aa000-7f15d75c8000 rw-p 00000000 00:00 0 
7f15d75c8000-7f15d75dc000 rw-p 00000000 00:00 0 
7f15d75dc000-7f15d7707000 rw-p 00000000 00:00 0 
7f15d7707000-7f15d7712000 rw-p 00000000 00:00 0 
7f15d7712000-7f15d77a7000 rw-p 00000000 00:00 0 
7f15d77a7000-7f15d77a8000 rw-p 00000000 00:00 0 
7f15d77a8000-7f15d7a18000 rwxp 00000000 00:00 0 
7f15d7a18000-7f15da7a8000 rw-p 00000000 00:00 0 
7f15da7a8000-7f15da7c2000 r-xp 00000000 08:07 1836101                    /usr/lib/jvm/jdk1.7.0_51/jre/lib/amd64/libzip.so
7f15da7c2000-7f15da9c2000 ---p 0001a000 08:07 1836101                    /usr/lib/jvm/jdk1.7.0_51/jre/lib/amd64/libzip.so
7f15da9c2000-7f15da9c3000 rw-p 0001a000 08:07 1836101                    /usr/lib/jvm/jdk1.7.0_51/jre/lib/amd64/libzip.so
7f15da9c3000-7f15da9ce000 r-xp 00000000 08:07 2364559                    /lib/x86_64-linux-gnu/libnss_files-2.23.so
7f15da9ce000-7f15dabcd000 ---p 0000b000 08:07 2364559                    /lib/x86_64-linux-gnu/libnss_files-2.23.so
7f15dabcd000-7f15dabce000 r--p 0000a000 08:07 2364559                    /lib/x86_64-linux-gnu/libnss_files-2.23.so
7f15dabce000-7f15dabcf000 rw-p 0000b000 08:07 2364559                    /lib/x86_64-linux-gnu/libnss_files-2.23.so
7f15dabcf000-7f15dabd5000 rw-p 00000000 00:00 0 
7f15dabd5000-7f15dabe0000 r-xp 00000000 08:07 2364569                    /lib/x86_64-linux-gnu/libnss_nis-2.23.so
7f15dabe0000-7f15daddf000 ---p 0000b000 08:07 2364569                    /lib/x86_64-linux-gnu/libnss_nis-2.23.so
7f15daddf000-7f15dade0000 r--p 0000a000 08:07 2364569                    /lib/x86_64-linux-gnu/libnss_nis-2.23.so
7f15dade0000-7f15dade1000 rw-p 0000b000 08:07 2364569                    /lib/x86_64-linux-gnu/libnss_nis-2.23.so
7f15dade1000-7f15dadf7000 r-xp 00000000 08:07 2364553                    /lib/x86_64-linux-gnu/libnsl-2.23.so
7f15dadf7000-7f15daff6000 ---p 00016000 08:07 2364553                    /lib/x86_64-linux-gnu/libnsl-2.23.so
7f15daff6000-7f15daff7000 r--p 00015000 08:07 2364553                    /lib/x86_64-linux-gnu/libnsl-2.23.so
7f15daff7000-7f15daff8000 rw-p 00016000 08:07 2364553                    /lib/x86_64-linux-gnu/libnsl-2.23.so
7f15daff8000-7f15daffa000 rw-p 00000000 00:00 0 
7f15daffa000-7f15db002000 r-xp 00000000 08:07 2364555                    /lib/x86_64-linux-gnu/libnss_compat-2.23.so
7f15db002000-7f15db201000 ---p 00008000 08:07 2364555                    /lib/x86_64-linux-gnu/libnss_compat-2.23.so
7f15db201000-7f15db202000 r--p 00007000 08:07 2364555                    /lib/x86_64-linux-gnu/libnss_compat-2.23.so
7f15db202000-7f15db203000 rw-p 00008000 08:07 2364555                    /lib/x86_64-linux-gnu/libnss_compat-2.23.so
7f15db203000-7f15dbbc2000 r--p 00000000 08:07 2760681                    /usr/lib/locale/locale-archive
7f15dbbc2000-7f15dbbc5000 r-xp 00000000 08:07 1836062                    /usr/lib/jvm/jdk1.7.0_51/jre/lib/amd64/libnpt.so
7f15dbbc5000-7f15dbdc4000 ---p 00003000 08:07 1836062                    /usr/lib/jvm/jdk1.7.0_51/jre/lib/amd64/libnpt.so
7f15dbdc4000-7f15dbdc5000 rw-p 00002000 08:07 1836062                    /usr/lib/jvm/jdk1.7.0_51/jre/lib/amd64/libnpt.so
7f15dbdc5000-7f15dbdfe000 r-xp 00000000 08:07 1836106                    /usr/lib/jvm/jdk1.7.0_51/jre/lib/amd64/libjdwp.so
7f15dbdfe000-7f15dbffe000 ---p 00039000 08:07 1836106                    /usr/lib/jvm/jdk1.7.0_51/jre/lib/amd64/libjdwp.so
7f15dbffe000-7f15dbfff000 rw-p 00039000 08:07 1836106                    /usr/lib/jvm/jdk1.7.0_51/jre/lib/amd64/libjdwp.so
7f15dbfff000-7f15dc000000 rw-p 00000000 00:00 0 
7f15dc000000-7f15dc238000 rw-p 00000000 00:00 0 
7f15dc238000-7f15e0000000 ---p 00000000 00:00 0 
7f15e0000000-7f15e0001000 r--s 00000000 08:07 2890701                    /var/cache/fontconfig/b9d506c9ac06c20b433354fa67a72993-le64.cache-6
7f15e0001000-7f15e0002000 r--s 00000000 08:07 2890685                    /var/cache/fontconfig/551ecf3b0e8b0bca0f25c0944f561853-le64.cache-6
7f15e0002000-7f15e000d000 r--s 0037c000 08:07 1057110                    /usr/lib/jvm/jdk1.7.0_51/jre/lib/charsets.jar
7f15e000d000-7f15e000e000 ---p 00000000 00:00 0 
7f15e000e000-7f15e0118000 rw-p 00000000 00:00 0 
7f15e0118000-7f15e01ce000 rw-p 00000000 00:00 0 
7f15e01ce000-7f15e01f7000 r-xp 00000000 08:07 1836085                    /usr/lib/jvm/jdk1.7.0_51/jre/lib/amd64/libjava.so
7f15e01f7000-7f15e03f7000 ---p 00029000 08:07 1836085                    /usr/lib/jvm/jdk1.7.0_51/jre/lib/amd64/libjava.so
7f15e03f7000-7f15e03f9000 rw-p 00029000 08:07 1836085                    /usr/lib/jvm/jdk1.7.0_51/jre/lib/amd64/libjava.so
7f15e03f9000-7f15e0406000 r-xp 00000000 08:07 1836083                    /usr/lib/jvm/jdk1.7.0_51/jre/lib/amd64/libverify.so
7f15e0406000-7f15e0605000 ---p 0000d000 08:07 1836083                    /usr/lib/jvm/jdk1.7.0_51/jre/lib/amd64/libverify.so
7f15e0605000-7f15e0607000 rw-p 0000c000 08:07 1836083                    /usr/lib/jvm/jdk1.7.0_51/jre/lib/amd64/libverify.so
7f15e0607000-7f15e060e000 r-xp 00000000 08:07 2364614                    /lib/x86_64-linux-gnu/librt-2.23.so
7f15e060e000-7f15e080d000 ---p 00007000 08:07 2364614                    /lib/x86_64-linux-gnu/librt-2.23.so
7f15e080d000-7f15e080e000 r--p 00006000 08:07 2364614                    /lib/x86_64-linux-gnu/librt-2.23.so
7f15e080e000-7f15e080f000 rw-p 00007000 08:07 2364614                    /lib/x86_64-linux-gnu/librt-2.23.so
7f15e080f000-7f15e0812000 ---p 00000000 00:00 0 
7f15e0812000-7f15e0910000 rw-p 00000000 00:00 0 
7f15e0910000-7f15e0a18000 r-xp 00000000 08:07 2364530                    /lib/x86_64-linux-gnu/libm-2.23.so
7f15e0a18000-7f15e0c17000 ---p 00108000 08:07 2364530                    /lib/x86_64-linux-gnu/libm-2.23.so
7f15e0c17000-7f15e0c18000 r--p 00107000 08:07 2364530                    /lib/x86_64-linux-gnu/libm-2.23.so
7f15e0c18000-7f15e0c19000 rw-p 00108000 08:07 2364530                    /lib/x86_64-linux-gnu/libm-2.23.so
7f15e0c19000-7f15e177b000 r-xp 00000000 08:07 1836091                    /usr/lib/jvm/jdk1.7.0_51/jre/lib/amd64/server/libjvm.so
7f15e177b000-7f15e197b000 ---p 00b62000 08:07 1836091                    /usr/lib/jvm/jdk1.7.0_51/jre/lib/amd64/server/libjvm.so
7f15e197b000-7f15e1a3e000 rw-p 00b62000 08:07 1836091                    /usr/lib/jvm/jdk1.7.0_51/jre/lib/amd64/server/libjvm.so
7f15e1a3e000-7f15e1a7f000 rw-p 00000000 00:00 0 
7f15e1a7f000-7f15e1c3f000 r-xp 00000000 08:07 2364460                    /lib/x86_64-linux-gnu/libc-2.23.so
7f15e1c3f000-7f15e1e3e000 ---p 001c0000 08:07 2364460                    /lib/x86_64-linux-gnu/libc-2.23.so
7f15e1e3e000-7f15e1e42000 r--p 001bf000 08:07 2364460                    /lib/x86_64-linux-gnu/libc-2.23.so
7f15e1e42000-7f15e1e44000 rw-p 001c3000 08:07 2364460                    /lib/x86_64-linux-gnu/libc-2.23.so
7f15e1e44000-7f15e1e48000 rw-p 00000000 00:00 0 
7f15e1e48000-7f15e1e4b000 r-xp 00000000 08:07 2364484                    /lib/x86_64-linux-gnu/libdl-2.23.so
7f15e1e4b000-7f15e204a000 ---p 00003000 08:07 2364484                    /lib/x86_64-linux-gnu/libdl-2.23.so
7f15e204a000-7f15e204b000 r--p 00002000 08:07 2364484                    /lib/x86_64-linux-gnu/libdl-2.23.so
7f15e204b000-7f15e204c000 rw-p 00003000 08:07 2364484                    /lib/x86_64-linux-gnu/libdl-2.23.so
7f15e204c000-7f15e2062000 r-xp 00000000 08:07 1056839                    /usr/lib/jvm/jdk1.7.0_51/lib/amd64/jli/libjli.so
7f15e2062000-7f15e2262000 ---p 00016000 08:07 1056839                    /usr/lib/jvm/jdk1.7.0_51/lib/amd64/jli/libjli.so
7f15e2262000-7f15e2263000 rw-p 00016000 08:07 1056839                    /usr/lib/jvm/jdk1.7.0_51/lib/amd64/jli/libjli.so
7f15e2263000-7f15e227b000 r-xp 00000000 08:07 2364606                    /lib/x86_64-linux-gnu/libpthread-2.23.so
7f15e227b000-7f15e247a000 ---p 00018000 08:07 2364606                    /lib/x86_64-linux-gnu/libpthread-2.23.so
7f15e247a000-7f15e247b000 r--p 00017000 08:07 2364606                    /lib/x86_64-linux-gnu/libpthread-2.23.so
7f15e247b000-7f15e247c000 rw-p 00018000 08:07 2364606                    /lib/x86_64-linux-gnu/libpthread-2.23.so
7f15e247c000-7f15e2480000 rw-p 00000000 00:00 0 
7f15e2480000-7f15e24a6000 r-xp 00000000 08:07 2364432                    /lib/x86_64-linux-gnu/ld-2.23.so
7f15e24a6000-7f15e24a7000 r--s 00000000 08:07 2890680                    /var/cache/fontconfig/30829fa25452a46451e813d634d7f916-le64.cache-6
7f15e24a7000-7f15e24ae000 r--s 00000000 08:07 3016614                    /usr/lib/x86_64-linux-gnu/gconv/gconv-modules.cache
7f15e24ae000-7f15e24b0000 r--s 0000d000 08:08 3412122                    /home/kcrez/Documentos/JavaDuino/library/rxtx2.1/RXTXcomm.jar
7f15e24b0000-7f15e24b2000 r--s 0000d000 08:07 1835127                    /usr/lib/jvm/jdk1.7.0_51/jre/lib/ext/RXTXcomm.jar
7f15e24b2000-7f15e2506000 rw-p 00000000 00:00 0 
7f15e2506000-7f15e2524000 rw-p 00000000 00:00 0 
7f15e2524000-7f15e2528000 rw-p 00000000 00:00 0 
7f15e2528000-7f15e256c000 r-xp 00000000 08:07 1052366                    /opt/eset/esets/lib/libesets_pac.so
7f15e256c000-7f15e266c000 ---p 00044000 08:07 1052366                    /opt/eset/esets/lib/libesets_pac.so
7f15e266c000-7f15e266f000 rw-p 00044000 08:07 1052366                    /opt/eset/esets/lib/libesets_pac.so
7f15e266f000-7f15e2682000 rw-p 00000000 00:00 0 
7f15e2682000-7f15e2683000 r--s 00000000 08:07 2890674                    /var/cache/fontconfig/0c9eb80ebd1c36541ebe2852d3bb0c49-le64.cache-6
7f15e2683000-7f15e2698000 rw-p 00000000 00:00 0 
7f15e2698000-7f15e26a0000 rw-s 00000000 08:07 2097294                    /tmp/hsperfdata_kcrez/6619
7f15e26a0000-7f15e26a1000 rw-p 00000000 00:00 0 
7f15e26a1000-7f15e26a2000 r--p 00000000 00:00 0 
7f15e26a2000-7f15e26a5000 rw-p 00000000 00:00 0 
7f15e26a5000-7f15e26a6000 r--p 00025000 08:07 2364432                    /lib/x86_64-linux-gnu/ld-2.23.so
7f15e26a6000-7f15e26a7000 rw-p 00026000 08:07 2364432                    /lib/x86_64-linux-gnu/ld-2.23.so
7f15e26a7000-7f15e26a8000 rw-p 00000000 00:00 0 
7ffcc6619000-7ffcc663a000 rw-p 00000000 00:00 0                          [stack]
7ffcc67e4000-7ffcc67e6000 r--p 00000000 00:00 0                          [vvar]
7ffcc67e6000-7ffcc67e8000 r-xp 00000000 00:00 0                          [vdso]
ffffffffff600000-ffffffffff601000 r-xp 00000000 00:00 0                  [vsyscall]

VM Arguments:
jvm_args: -Xdebug -Xrunjdwp:transport=dt_socket,address=localhost:43094 -Dfile.encoding=UTF-8 -Djava.library.path=/home/kcrez/Documentos/JavaDuino/library/rxtx2.1 
java_command: PPD_Frame
Launcher Type: SUN_STANDARD

Environment Variables:
PATH=/usr/local/sbin:/usr/local/bin:/usr/sbin:/usr/bin:/sbin:/bin:/usr/games:/usr/local/games:/snap/bin
LD_LIBRARY_PATH=/usr/lib/jvm/jdk1.7.0_51/jre/lib/amd64:/usr/lib/jvm/jdk1.7.0_51/jre/lib/i386:
SHELL=/bin/bash
DISPLAY=:0

Signal Handlers:
SIGSEGV: [libjvm.so+0x993870], sa_mask[0]=0x7ffbfeff, sa_flags=0x10000004
SIGBUS: [libjvm.so+0x993870], sa_mask[0]=0x7ffbfeff, sa_flags=0x10000004
SIGFPE: [libjvm.so+0x8105b0], sa_mask[0]=0x7ffbfeff, sa_flags=0x10000004
SIGPIPE: [libjvm.so+0x8105b0], sa_mask[0]=0x7ffbfeff, sa_flags=0x10000004
SIGXFSZ: [libjvm.so+0x8105b0], sa_mask[0]=0x7ffbfeff, sa_flags=0x10000004
SIGILL: [libjvm.so+0x8105b0], sa_mask[0]=0x7ffbfeff, sa_flags=0x10000004
SIGUSR1: SIG_DFL, sa_mask[0]=0x00000000, sa_flags=0x00000000
SIGUSR2: [libjvm.so+0x811aa0], sa_mask[0]=0x00000004, sa_flags=0x10000004
SIGHUP: [libjvm.so+0x812a10], sa_mask[0]=0x7ffbfeff, sa_flags=0x10000004
SIGINT: SIG_IGN, sa_mask[0]=0x00000000, sa_flags=0x00000000
SIGTERM: [libjvm.so+0x812a10], sa_mask[0]=0x7ffbfeff, sa_flags=0x10000004
SIGQUIT: [libjvm.so+0x812a10], sa_mask[0]=0x7ffbfeff, sa_flags=0x10000004


---------------  S Y S T E M  ---------------

OS:stretch/sid

uname:Linux 4.4.0-22-generic #40-Ubuntu SMP Thu May 12 22:03:46 UTC 2016 x86_64
libc:glibc 2.23 NPTL 2.23 
rlimit: STACK 8192k, CORE 0k, NPROC 15146, NOFILE 65536, AS infinity
load average:0.48 0.35 0.33

/proc/meminfo:
MemTotal:        3916240 kB
MemFree:           36988 kB
MemAvailable:    1393172 kB
Buffers:          218972 kB
Cached:          1264132 kB
SwapCached:         4776 kB
Active:          2470728 kB
Inactive:        1135912 kB
Active(anon):    1703232 kB
Inactive(anon):   677732 kB
Active(file):     767496 kB
Inactive(file):   458180 kB
Unevictable:          48 kB
Mlocked:              48 kB
SwapTotal:       7812088 kB
SwapFree:        7798924 kB
Dirty:              9420 kB
Writeback:             0 kB
AnonPages:       2118984 kB
Mapped:           349624 kB
Shmem:            257204 kB
Slab:             193584 kB
SReclaimable:     159740 kB
SUnreclaim:        33844 kB
KernelStack:       10736 kB
PageTables:        33508 kB
NFS_Unstable:          0 kB
Bounce:                0 kB
WritebackTmp:          0 kB
CommitLimit:     9770208 kB
Committed_AS:    6398104 kB
VmallocTotal:   34359738367 kB
VmallocUsed:           0 kB
VmallocChunk:          0 kB
HardwareCorrupted:     0 kB
AnonHugePages:   1028096 kB
CmaTotal:              0 kB
CmaFree:               0 kB
HugePages_Total:       0
HugePages_Free:        0
HugePages_Rsvd:        0
HugePages_Surp:        0
Hugepagesize:       2048 kB
DirectMap4k:      121628 kB
DirectMap2M:     2893824 kB
DirectMap1G:     1048576 kB


CPU:total 4 (2 cores per cpu, 2 threads per core) family 6 model 60 stepping 3, cmov, cx8, fxsr, mmx, sse, sse2, sse3, ssse3, sse4.1, sse4.2, popcnt, avx, avx2, aes, erms, ht, tsc, tscinvbit

/proc/cpuinfo:
processor	: 0
vendor_id	: GenuineIntel
cpu family	: 6
model		: 60
model name	: Intel(R) Core(TM) i3-4170 CPU @ 3.70GHz
stepping	: 3
microcode	: 0x1e
cpu MHz		: 2478.277
cache size	: 3072 KB
physical id	: 0
siblings	: 4
core id		: 0
cpu cores	: 2
apicid		: 0
initial apicid	: 0
fpu		: yes
fpu_exception	: yes
cpuid level	: 13
wp		: yes
flags		: fpu vme de pse tsc msr pae mce cx8 apic sep mtrr pge mca cmov pat pse36 clflush dts acpi mmx fxsr sse sse2 ss ht tm pbe syscall nx pdpe1gb rdtscp lm constant_tsc arch_perfmon pebs bts rep_good nopl xtopology nonstop_tsc aperfmperf eagerfpu pni pclmulqdq dtes64 monitor ds_cpl vmx est tm2 ssse3 sdbg fma cx16 xtpr pdcm pcid sse4_1 sse4_2 movbe popcnt tsc_deadline_timer aes xsave avx f16c rdrand lahf_lm abm epb tpr_shadow vnmi flexpriority ept vpid fsgsbase tsc_adjust bmi1 avx2 smep bmi2 erms invpcid xsaveopt dtherm arat pln pts
bugs		:
bogomips	: 7382.73
clflush size	: 64
cache_alignment	: 64
address sizes	: 39 bits physical, 48 bits virtual
power management:

processor	: 1
vendor_id	: GenuineIntel
cpu family	: 6
model		: 60
model name	: Intel(R) Core(TM) i3-4170 CPU @ 3.70GHz
stepping	: 3
microcode	: 0x1e
cpu MHz		: 2055.234
cache size	: 3072 KB
physical id	: 0
siblings	: 4
core id		: 1
cpu cores	: 2
apicid		: 2
initial apicid	: 2
fpu		: yes
fpu_exception	: yes
cpuid level	: 13
wp		: yes
flags		: fpu vme de pse tsc msr pae mce cx8 apic sep mtrr pge mca cmov pat pse36 clflush dts acpi mmx fxsr sse sse2 ss ht tm pbe syscall nx pdpe1gb rdtscp lm constant_tsc arch_perfmon pebs bts rep_good nopl xtopology nonstop_tsc aperfmperf eagerfpu pni pclmulqdq dtes64 monitor ds_cpl vmx est tm2 ssse3 sdbg fma cx16 xtpr pdcm pcid sse4_1 sse4_2 movbe popcnt tsc_deadline_timer aes xsave avx f16c rdrand lahf_lm abm epb tpr_shadow vnmi flexpriority ept vpid fsgsbase tsc_adjust bmi1 avx2 smep bmi2 erms invpcid xsaveopt dtherm arat pln pts
bugs		:
bogomips	: 7382.73
clflush size	: 64
cache_alignment	: 64
address sizes	: 39 bits physical, 48 bits virtual
power management:

processor	: 2
vendor_id	: GenuineIntel
cpu family	: 6
model		: 60
model name	: Intel(R) Core(TM) i3-4170 CPU @ 3.70GHz
stepping	: 3
microcode	: 0x1e
cpu MHz		: 2443.878
cache size	: 3072 KB
physical id	: 0
siblings	: 4
core id		: 0
cpu cores	: 2
apicid		: 1
initial apicid	: 1
fpu		: yes
fpu_exception	: yes
cpuid level	: 13
wp		: yes
flags		: fpu vme de pse tsc msr pae mce cx8 apic sep mtrr pge mca cmov pat pse36 clflush dts acpi mmx fxsr sse sse2 ss ht tm pbe syscall nx pdpe1gb rdtscp lm constant_tsc arch_perfmon pebs bts rep_good nopl xtopology nonstop_tsc aperfmperf eagerfpu pni pclmulqdq dtes64 monitor ds_cpl vmx est tm2 ssse3 sdbg fma cx16 xtpr pdcm pcid sse4_1 sse4_2 movbe popcnt tsc_deadline_timer aes xsave avx f16c rdrand lahf_lm abm epb tpr_shadow vnmi flexpriority ept vpid fsgsbase tsc_adjust bmi1 avx2 smep bmi2 erms invpcid xsaveopt dtherm arat pln pts
bugs		:
bogomips	: 7382.73
clflush size	: 64
cache_alignment	: 64
address sizes	: 39 bits physical, 48 bits virtual
power management:

processor	: 3
vendor_id	: GenuineIntel
cpu family	: 6
model		: 60
model name	: Intel(R) Core(TM) i3-4170 CPU @ 3.70GHz
stepping	: 3
microcode	: 0x1e
cpu MHz		: 2516.578
cache size	: 3072 KB
physical id	: 0
siblings	: 4
core id		: 1
cpu cores	: 2
apicid		: 3
initial apicid	: 3
fpu		: yes
fpu_exception	: yes
cpuid level	: 13
wp		: yes
flags		: fpu vme de pse tsc msr pae mce cx8 apic sep mtrr pge mca cmov pat pse36 clflush dts acpi mmx fxsr sse sse2 ss ht tm pbe syscall nx pdpe1gb rdtscp lm constant_tsc arch_perfmon pebs bts rep_good nopl xtopology nonstop_tsc aperfmperf eagerfpu pni pclmulqdq dtes64 monitor ds_cpl vmx est tm2 ssse3 sdbg fma cx16 xtpr pdcm pcid sse4_1 sse4_2 movbe popcnt tsc_deadline_timer aes xsave avx f16c rdrand lahf_lm abm epb tpr_shadow vnmi flexpriority ept vpid fsgsbase tsc_adjust bmi1 avx2 smep bmi2 erms invpcid xsaveopt dtherm arat pln pts
bugs		:
bogomips	: 7382.73
clflush size	: 64
cache_alignment	: 64
address sizes	: 39 bits physical, 48 bits virtual
power management:



Memory: 4k page, physical 3916240k(36988k free), swap 7812088k(7798924k free)

vm_info: Java HotSpot(TM) 64-Bit Server VM (24.51-b03) for linux-amd64 JRE (1.7.0_51-b13), built on Dec 18 2013 18:48:01 by "java_re" with gcc 4.3.0 20080428 (Red Hat 4.3.0-8)

time: Sun Jul 31 16:57:02 2016
elapsed time: 9 seconds

