#
# A fatal error has been detected by the Java Runtime Environment:
#
#  SIGSEGV (0xb) at pc=0x00007f416914c462, pid=8643, tid=139918919034624
#
# JRE version: Java(TM) SE Runtime Environment (7.0_51-b13) (build 1.7.0_51-b13)
# Java VM: Java HotSpot(TM) 64-Bit Server VM (24.51-b03 mixed mode linux-amd64 compressed oops)
# Problematic frame:
# C  [librxtxSerial.so+0x6462]  read_byte_array+0x52
#
# Failed to write core dump. Core dumps have been disabled. To enable core dumping, try "ulimit -c unlimited" before starting Java again
#
# If you would like to submit a bug report, please visit:
#   http://bugreport.sun.com/bugreport/crash.jsp
# The crash happened outside the Java Virtual Machine in native code.
# See problematic frame for where to report the bug.
#

---------------  T H R E A D  ---------------

Current thread (0x00007f41a022d800):  JavaThread "AWT-EventQueue-0" [_thread_in_native, id=8663, stack(0x00007f4169676000,0x00007f4169777000)]

siginfo:si_signo=SIGSEGV: si_errno=0, si_code=1 (SEGV_MAPERR), si_addr=0x00000000691446f8

Registers:
RAX=0x00000000691446f0, RBX=0xffffffffffffffff, RCX=0x0000000000000001, RDX=0x00007f41a636ca50
RSP=0x00007f4169772df0, RBP=0x00007f41a022d9e8, RSI=0x00007f416914fe30, RDI=0x00007f416914fd3e
R8 =0x00007f4169772d60, R9 =0x00000000ec628468, R10=0x0000000000000010, R11=0x00007f41a6371008
R12=0x00000000ffffffff, R13=0x0000000000000000, R14=0x000000000000001c, R15=0x0000000000000000
RIP=0x00007f416914c462, EFLAGS=0x0000000000010206, CSGSFS=0x0000000000000033, ERR=0x0000000000000004
  TRAPNO=0x000000000000000e

Top of Stack: (sp=0x00007f4169772df0)
0x00007f4169772df0:   0000000000000000 0000000000000000
0x00007f4169772e00:   ff0000000000ff00 0000000000000000
0x00007f4169772e10:   0000000000000000 00000000691446f0
0x00007f4169772e20:   69754479616c5061 0000000000000000
0x00007f4169772e30:   0000000000000000 000000ea00000000
0x00007f4169772e40:   00007f41500eeb90 0000001c6c632f64
0x00007f4169772e50:   0000000000000000 0000000000000000
0x00007f4169772e60:   65722f676d692f73 676e702e66666f64
0x00007f4169772e70:   0000000000000000 0000000000000000
0x00007f4169772e80:   0000000000002000 0000000000000000
0x00007f4169772e90:   000000000000001c 0000000000000000
0x00007f4169772ea0:   00007f4169772ed0 00007f41a57dfdac
0x00007f4169772eb0:   00007f4169772ee0 0000000000002000
0x00007f4169772ec0:   00007f41500eeb90 00007f41500eeb90
0x00007f4169772ed0:   000000000000001c 00007f4169772f30
0x00007f4169772ee0:   00007f41a022d9e8 ffffffffffffffff
0x00007f4169772ef0:   00007f41a022d9e8 00007f41500eeb90
0x00007f4169772f00:   00000000000000ea 000000000000001c
0x00007f4169772f10:   0000000000000000 00007f416914c8a1
0x00007f4169772f20:   00007f41a022d800 00007f4169773000
0x00007f4169772f30:   00007f4169773008 00000000bfafd238
0x00007f4169772f40:   00007f4169772fd0 0000000000000000
0x00007f4169772f50:   00000000bfafd230 00007f4169773008
0x00007f4169772f60:   00007f41a022d800 00007f419d012cd8
0x00007f4169772f70:   00007f416c000be8 00007f4169773008
0x00007f4169772f80:   00007f41a022d800 000000ea000000b6
0x00007f4169772f90:   00007f4169772f90 00000000bfafd230
0x00007f4169772fa0:   00007f4169773008 00000000bfb0d8c0
0x00007f4169772fb0:   0000000000000000 00000000bfafd238
0x00007f4169772fc0:   0000000000000000 00007f4169772ff0
0x00007f4169772fd0:   00007f4169773060 00007f419d0061d4
0x00007f4169772fe0:   0000000000000000 00007f419d00ecd6 

Instructions: (pc=0x00007f416914c462)
0x00007f416914c442:   89 44 24 4c 48 c7 44 24 40 00 00 00 00 48 c7 44
0x00007f416914c452:   24 38 00 00 00 00 e8 53 d7 ff ff 48 89 44 24 28
0x00007f416914c462:   8b 40 08 45 85 e4 48 8b 54 24 28 44 8b 7c 24 4c
0x00007f416914c472:   89 44 24 34 c7 42 08 00 00 00 00 78 0c 31 c0 e8 

Register to memory mapping:

RAX=0x00000000691446f0 is an unknown value
RBX=0xffffffffffffffff is an unknown value
RCX=0x0000000000000001 is an unknown value
RDX=0x00007f41a636ca50: <offset 0xe37a50> in /usr/lib/jvm/jdk1.7.0_51/jre/lib/amd64/server/libjvm.so at 0x00007f41a5535000
RSP=0x00007f4169772df0 is pointing into the stack for thread: 0x00007f41a022d800
RBP=0x00007f41a022d9e8 is an unknown value
RSI=0x00007f416914fe30: <offset 0x9e30> in /usr/lib/jvm/jdk1.7.0_51/jre/lib/amd64/librxtxSerial.so at 0x00007f4169146000
RDI=0x00007f416914fd3e: <offset 0x9d3e> in /usr/lib/jvm/jdk1.7.0_51/jre/lib/amd64/librxtxSerial.so at 0x00007f4169146000
R8 =0x00007f4169772d60 is pointing into the stack for thread: 0x00007f41a022d800
R9 =0x00000000ec628468 is an oop
gnu.io.RXTXPort 
 - klass: 'gnu/io/RXTXPort'
R10=0x0000000000000010 is an unknown value
R11=0x00007f41a6371008: <offset 0xe3c008> in /usr/lib/jvm/jdk1.7.0_51/jre/lib/amd64/server/libjvm.so at 0x00007f41a5535000
R12=0x00000000ffffffff is an unallocated location in the heap
R13=0x0000000000000000 is an unknown value
R14=0x000000000000001c is an unknown value
R15=0x0000000000000000 is an unknown value


Stack: [0x00007f4169676000,0x00007f4169777000],  sp=0x00007f4169772df0,  free space=1011k
Native frames: (J=compiled Java code, j=interpreted, Vv=VM code, C=native code)
C  [librxtxSerial.so+0x6462]  read_byte_array+0x52

Java frames: (J=compiled Java code, j=interpreted, Vv=VM code)
j  gnu.io.RXTXPort.readArray([BII)I+0
j  gnu.io.RXTXPort$SerialInputStream.read([BII)I+187
j  sun.nio.cs.StreamDecoder.readBytes()I+135
j  sun.nio.cs.StreamDecoder.implRead([CII)I+112
j  sun.nio.cs.StreamDecoder.read([CII)I+180
j  java.io.InputStreamReader.read([CII)I+7
j  java.io.BufferedReader.fill()V+145
j  java.io.BufferedReader.read()I+23
j  PPD_Frame.RecibirDatos()V+4
j  PPD_Frame.jButton2ActionPerformed(Ljava/awt/event/ActionEvent;)V+40
j  PPD_Frame.access$100(LPPD_Frame;Ljava/awt/event/ActionEvent;)V+2
j  PPD_Frame$2.actionPerformed(Ljava/awt/event/ActionEvent;)V+5
j  javax.swing.AbstractButton.fireActionPerformed(Ljava/awt/event/ActionEvent;)V+84
j  javax.swing.AbstractButton$Handler.actionPerformed(Ljava/awt/event/ActionEvent;)V+5
j  javax.swing.DefaultButtonModel.fireActionPerformed(Ljava/awt/event/ActionEvent;)V+35
j  javax.swing.DefaultButtonModel.setPressed(Z)V+117
j  javax.swing.plaf.basic.BasicButtonListener.mouseReleased(Ljava/awt/event/MouseEvent;)V+35
j  java.awt.Component.processMouseEvent(Ljava/awt/event/MouseEvent;)V+64
j  javax.swing.JComponent.processMouseEvent(Ljava/awt/event/MouseEvent;)V+23
j  java.awt.Component.processEvent(Ljava/awt/AWTEvent;)V+81
j  java.awt.Container.processEvent(Ljava/awt/AWTEvent;)V+18
j  java.awt.Component.dispatchEventImpl(Ljava/awt/AWTEvent;)V+581
j  java.awt.Container.dispatchEventImpl(Ljava/awt/AWTEvent;)V+42
j  java.awt.Component.dispatchEvent(Ljava/awt/AWTEvent;)V+2
j  java.awt.LightweightDispatcher.retargetMouseEvent(Ljava/awt/Component;ILjava/awt/event/MouseEvent;)V+327
j  java.awt.LightweightDispatcher.processMouseEvent(Ljava/awt/event/MouseEvent;)Z+139
j  java.awt.LightweightDispatcher.dispatchEvent(Ljava/awt/AWTEvent;)Z+50
j  java.awt.Container.dispatchEventImpl(Ljava/awt/AWTEvent;)V+12
j  java.awt.Window.dispatchEventImpl(Ljava/awt/AWTEvent;)V+19
j  java.awt.Component.dispatchEvent(Ljava/awt/AWTEvent;)V+2
j  java.awt.EventQueue.dispatchEventImpl(Ljava/awt/AWTEvent;Ljava/lang/Object;)V+41
j  java.awt.EventQueue.access$200(Ljava/awt/EventQueue;Ljava/awt/AWTEvent;Ljava/lang/Object;)V+3
j  java.awt.EventQueue$3.run()Ljava/lang/Void;+12
j  java.awt.EventQueue$3.run()Ljava/lang/Object;+1
v  ~StubRoutines::call_stub
j  java.security.AccessController.doPrivileged(Ljava/security/PrivilegedAction;Ljava/security/AccessControlContext;)Ljava/lang/Object;+0
j  java.security.ProtectionDomain$1.doIntersectionPrivilege(Ljava/security/PrivilegedAction;Ljava/security/AccessControlContext;Ljava/security/AccessControlContext;)Ljava/lang/Object;+28
j  java.security.ProtectionDomain$1.doIntersectionPrivilege(Ljava/security/PrivilegedAction;Ljava/security/AccessControlContext;)Ljava/lang/Object;+6
j  java.awt.EventQueue$4.run()Ljava/lang/Void;+11
j  java.awt.EventQueue$4.run()Ljava/lang/Object;+1
v  ~StubRoutines::call_stub
j  java.security.AccessController.doPrivileged(Ljava/security/PrivilegedAction;Ljava/security/AccessControlContext;)Ljava/lang/Object;+0
j  java.security.ProtectionDomain$1.doIntersectionPrivilege(Ljava/security/PrivilegedAction;Ljava/security/AccessControlContext;Ljava/security/AccessControlContext;)Ljava/lang/Object;+28
j  java.awt.EventQueue.dispatchEvent(Ljava/awt/AWTEvent;)V+73
j  java.awt.EventDispatchThread.pumpOneEventForFilters(I)V+245
j  java.awt.EventDispatchThread.pumpEventsForFilter(ILjava/awt/Conditional;Ljava/awt/EventFilter;)V+35
j  java.awt.EventDispatchThread.pumpEventsForHierarchy(ILjava/awt/Conditional;Ljava/awt/Component;)V+11
j  java.awt.EventDispatchThread.pumpEvents(ILjava/awt/Conditional;)V+4
j  java.awt.EventDispatchThread.pumpEvents(Ljava/awt/Conditional;)V+3
j  java.awt.EventDispatchThread.run()V+9
v  ~StubRoutines::call_stub

---------------  P R O C E S S  ---------------

Java Threads: ( => current thread )
  0x00007f41500ed000 JavaThread "Image Fetcher 0" daemon [_thread_blocked, id=8669, stack(0x00007f41692f6000,0x00007f41693f7000)]
  0x00007f41500d3000 JavaThread "Thread-0" [_thread_blocked, id=8665, stack(0x00007f4169045000,0x00007f4169146000)]
  0x00007f41a000a000 JavaThread "DestroyJavaVM" [_thread_blocked, id=8647, stack(0x00007f41a512b000,0x00007f41a522c000)]
=>0x00007f41a022d800 JavaThread "AWT-EventQueue-0" [_thread_in_native, id=8663, stack(0x00007f4169676000,0x00007f4169777000)]
  0x00007f41a01c0800 JavaThread "AWT-Shutdown" [_thread_blocked, id=8662, stack(0x00007f4169777000,0x00007f4169878000)]
  0x00007f41a01aa000 JavaThread "AWT-XAWT" daemon [_thread_in_native, id=8661, stack(0x00007f416a430000,0x00007f416a531000)]
  0x00007f41a0187000 JavaThread "Java2D Disposer" daemon [_thread_blocked, id=8660, stack(0x00007f419808e000,0x00007f419818f000)]
  0x00007f41a0097000 JavaThread "Service Thread" daemon [_thread_blocked, id=8658, stack(0x00007f41982b5000,0x00007f41983b6000)]
  0x00007f41a0094800 JavaThread "C2 CompilerThread1" daemon [_thread_blocked, id=8657, stack(0x00007f41983b6000,0x00007f41984b7000)]
  0x00007f41a0091800 JavaThread "C2 CompilerThread0" daemon [_thread_blocked, id=8656, stack(0x00007f41984b7000,0x00007f41985b8000)]
  0x00007f41a008f800 JavaThread "Signal Dispatcher" daemon [_thread_blocked, id=8655, stack(0x00007f41985b8000,0x00007f41986b9000)]
  0x00007f41a0070000 JavaThread "Finalizer" daemon [_thread_blocked, id=8654, stack(0x00007f4199078000,0x00007f4199179000)]
  0x00007f41a006c000 JavaThread "Reference Handler" daemon [_thread_blocked, id=8653, stack(0x00007f4199179000,0x00007f419927a000)]

Other Threads:
  0x00007f41a0069800 VMThread [stack: 0x00007f419927a000,0x00007f419937b000] [id=8652]
  0x00007f41a00a1800 WatcherThread [stack: 0x00007f41981b4000,0x00007f41982b5000] [id=8659]

VM state:not at safepoint (normal execution)

VM Mutex/Monitor currently owned by a thread: None

Heap
 PSYoungGen      total 17920K, used 8950K [0x00000000ec080000, 0x00000000ed480000, 0x0000000100000000)
  eden space 15360K, 58% used [0x00000000ec080000,0x00000000ec93daa0,0x00000000ecf80000)
  from space 2560K, 0% used [0x00000000ed200000,0x00000000ed200000,0x00000000ed480000)
  to   space 2560K, 0% used [0x00000000ecf80000,0x00000000ecf80000,0x00000000ed200000)
 ParOldGen       total 40448K, used 0K [0x00000000c4200000, 0x00000000c6980000, 0x00000000ec080000)
  object space 40448K, 0% used [0x00000000c4200000,0x00000000c4200000,0x00000000c6980000)
 PSPermGen       total 21504K, used 12144K [0x00000000bf000000, 0x00000000c0500000, 0x00000000c4200000)
  object space 21504K, 56% used [0x00000000bf000000,0x00000000bfbdc128,0x00000000c0500000)

Card table byte_map: [0x00007f419cd37000,0x00007f419cf40000] byte_map_base: 0x00007f419c73f000

Polling page: 0x00007f41a6fbd000

Code Cache  [0x00007f419d000000, 0x00007f419d270000, 0x00007f41a0000000)
 total_blobs=562 nmethods=80 adapters=435 free_code_cache=48426Kb largest_free_block=49557952

Compilation events (10 events):
Event: 16.490 Thread 0x00007f41a0094800 nmethod 75 0x00007f419d0ac090 code [0x00007f419d0ac200, 0x00007f419d0ac310]
Event: 16.490 Thread 0x00007f41a0091800 nmethod 74 0x00007f419d0aaed0 code [0x00007f419d0ab040, 0x00007f419d0ab170]
Event: 17.889 Thread 0x00007f41a0094800   77             sun.awt.X11.Native::getInt (8 bytes)
Event: 17.889 Thread 0x00007f41a0094800 nmethod 77 0x00007f419d0add50 code [0x00007f419d0ade80, 0x00007f419d0adef8]
Event: 17.893 Thread 0x00007f41a0091800   78             sun.font.CompositeGlyphMapper::setCachedGlyphCode (73 bytes)
Event: 17.902 Thread 0x00007f41a0091800 nmethod 78 0x00007f419d0b4310 code [0x00007f419d0b4460, 0x00007f419d0b4658]
Event: 18.369 Thread 0x00007f41a0094800   79             sun.awt.X11.XWindow::getModifiers (251 bytes)
Event: 18.373 Thread 0x00007f41a0094800 nmethod 79 0x00007f419d0b5c50 code [0x00007f419d0b5da0, 0x00007f419d0b5fe8]
Event: 18.481 Thread 0x00007f41a0091800   80             java.awt.Component::inside (30 bytes)
Event: 18.483 Thread 0x00007f41a0091800 nmethod 80 0x00007f419d0b5a50 code [0x00007f419d0b5b80, 0x00007f419d0b5bf8]

GC Heap History (0 events):
No events

Deoptimization events (3 events):
Event: 0.157 Thread 0x00007f41a000a000 Uncommon trap: reason=class_check action=maybe_recompile pc=0x00007f419d07ae0c method=java.util.Properties$LineReader.readLine()I @ 62
Event: 0.158 Thread 0x00007f41a000a000 Uncommon trap: reason=class_check action=maybe_recompile pc=0x00007f419d07ae0c method=java.util.Properties$LineReader.readLine()I @ 62
Event: 0.158 Thread 0x00007f41a000a000 Uncommon trap: reason=class_check action=maybe_recompile pc=0x00007f419d07ae0c method=java.util.Properties$LineReader.readLine()I @ 62

Internal exceptions (10 events):
Event: 0.225 Thread 0x00007f41a022d800 Threw 0x00000000ec393cd8 at /HUDSON/workspace/7u-2-build-linux-amd64@2/jdk7u51/527/hotspot/src/share/vm/prims/jvm.cpp:1244
Event: 0.225 Thread 0x00007f41a022d800 Threw 0x00000000ec397818 at /HUDSON/workspace/7u-2-build-linux-amd64@2/jdk7u51/527/hotspot/src/share/vm/prims/jvm.cpp:1244
Event: 0.225 Thread 0x00007f41a022d800 Threw 0x00000000ec398f30 at /HUDSON/workspace/7u-2-build-linux-amd64@2/jdk7u51/527/hotspot/src/share/vm/prims/jvm.cpp:1244
Event: 0.285 Thread 0x00007f41a022d800 Threw 0x00000000ec46a358 at /HUDSON/workspace/7u-2-build-linux-amd64@2/jdk7u51/527/hotspot/src/share/vm/prims/jvm.cpp:1244
Event: 0.286 Thread 0x00007f41a022d800 Threw 0x00000000ec505ab0 at /HUDSON/workspace/7u-2-build-linux-amd64@2/jdk7u51/527/hotspot/src/share/vm/prims/jvm.cpp:1244
Event: 0.350 Thread 0x00007f41a022d800 Threw 0x00000000ec5d3e60 at /HUDSON/workspace/7u-2-build-linux-amd64@2/jdk7u51/527/hotspot/src/share/vm/prims/jni.cpp:717
Event: 0.366 Thread 0x00007f41a022d800 Threw 0x00000000ec5e70e8 at /HUDSON/workspace/7u-2-build-linux-amd64@2/jdk7u51/527/hotspot/src/share/vm/prims/jni.cpp:717
Event: 0.369 Thread 0x00007f41a022d800 Threw 0x00000000ec5f8ad8 at /HUDSON/workspace/7u-2-build-linux-amd64@2/jdk7u51/527/hotspot/src/share/vm/prims/jni.cpp:717
Event: 0.388 Thread 0x00007f41a022d800 Threw 0x00000000ec60ba48 at /HUDSON/workspace/7u-2-build-linux-amd64@2/jdk7u51/527/hotspot/src/share/vm/prims/jni.cpp:717
Event: 0.508 Thread 0x00007f41a022d800 Threw 0x00000000ec6cdaf8 at /HUDSON/workspace/7u-2-build-linux-amd64@2/jdk7u51/527/hotspot/src/share/vm/prims/jni.cpp:743

Events (10 events):
Event: 15.430 loading class 0x00007f41a0116570 done
Event: 15.553 Thread 0x00007f41500ed000 Thread added: 0x00007f41500ed000
Event: 15.553 Executing VM operation: RevokeBias
Event: 15.553 Executing VM operation: RevokeBias done
Event: 15.554 Executing VM operation: RevokeBias
Event: 15.554 Executing VM operation: RevokeBias done
Event: 15.554 Executing VM operation: RevokeBias
Event: 15.554 Executing VM operation: RevokeBias done
Event: 15.554 Executing VM operation: RevokeBias
Event: 15.554 Executing VM operation: RevokeBias done


Dynamic libraries:
00400000-00401000 r-xp 00000000 08:07 937188                             /usr/lib/jvm/jdk1.7.0_51/bin/java
00600000-00601000 rw-p 00000000 08:07 937188                             /usr/lib/jvm/jdk1.7.0_51/bin/java
01a5e000-01a7f000 rw-p 00000000 00:00 0                                  [heap]
bf000000-c0500000 rw-p 00000000 00:00 0 
c0500000-c4200000 rw-p 00000000 00:00 0 
c4200000-c6980000 rw-p 00000000 00:00 0 
c6980000-ec080000 rw-p 00000000 00:00 0 
ec080000-ed480000 rw-p 00000000 00:00 0 
ed480000-100000000 rw-p 00000000 00:00 0 
7f4148000000-7f4148021000 rw-p 00000000 00:00 0 
7f4148021000-7f414c000000 ---p 00000000 00:00 0 
7f4150000000-7f41500fb000 rw-p 00000000 00:00 0 
7f41500fb000-7f4154000000 ---p 00000000 00:00 0 
7f4154000000-7f415405b000 rw-p 00000000 00:00 0 
7f415405b000-7f4158000000 ---p 00000000 00:00 0 
7f4158000000-7f4158021000 rw-p 00000000 00:00 0 
7f4158021000-7f415c000000 ---p 00000000 00:00 0 
7f415c000000-7f415c021000 rw-p 00000000 00:00 0 
7f415c021000-7f4160000000 ---p 00000000 00:00 0 
7f4160000000-7f4160021000 rw-p 00000000 00:00 0 
7f4160021000-7f4164000000 ---p 00000000 00:00 0 
7f4164000000-7f4164021000 rw-p 00000000 00:00 0 
7f4164021000-7f4168000000 ---p 00000000 00:00 0 
7f4168c28000-7f4168c52000 r-xp 00000000 08:07 1836084                    /usr/lib/jvm/jdk1.7.0_51/jre/lib/amd64/libdcpr.so
7f4168c52000-7f4168e52000 ---p 0002a000 08:07 1836084                    /usr/lib/jvm/jdk1.7.0_51/jre/lib/amd64/libdcpr.so
7f4168e52000-7f4168e55000 rw-p 0002a000 08:07 1836084                    /usr/lib/jvm/jdk1.7.0_51/jre/lib/amd64/libdcpr.so
7f4168e55000-7f4169045000 rw-s 00000000 00:05 95911996                   /SYSV00000000 (deleted)
7f4169045000-7f4169048000 ---p 00000000 00:00 0 
7f4169048000-7f4169146000 rw-p 00000000 00:00 0 
7f4169146000-7f4169152000 r-xp 00000000 08:07 1835128                    /usr/lib/jvm/jdk1.7.0_51/jre/lib/amd64/librxtxSerial.so
7f4169152000-7f4169251000 ---p 0000c000 08:07 1835128                    /usr/lib/jvm/jdk1.7.0_51/jre/lib/amd64/librxtxSerial.so
7f4169251000-7f4169253000 rw-p 0000b000 08:07 1835128                    /usr/lib/jvm/jdk1.7.0_51/jre/lib/amd64/librxtxSerial.so
7f4169253000-7f416926c000 r--s 00000000 08:07 527849                     /usr/share/fonts/type1/gsfonts/n022004l.pfb
7f416926c000-7f4169285000 r--s 00000000 08:07 527834                     /usr/share/fonts/type1/gsfonts/n021003l.pfb
7f4169285000-7f416929b000 r--s 00000000 08:07 527843                     /usr/share/fonts/type1/gsfonts/n021024l.pfb
7f416929b000-7f41692b1000 r--s 00000000 08:07 527852                     /usr/share/fonts/type1/gsfonts/n022023l.pfb
7f41692b1000-7f41692c8000 r--s 00000000 08:07 527840                     /usr/share/fonts/type1/gsfonts/n021023l.pfb
7f41692c8000-7f41692d9000 r--s 00000000 08:07 527816                     /usr/share/fonts/type1/gsfonts/n019023l.pfb
7f41692d9000-7f41692ed000 r--s 00000000 08:07 527810                     /usr/share/fonts/type1/gsfonts/n019003l.pfb
7f41692ed000-7f41692f6000 r--s 00000000 08:07 527870                     /usr/share/fonts/type1/gsfonts/s050000l.pfb
7f41692f6000-7f41692f9000 ---p 00000000 00:00 0 
7f41692f9000-7f41693f7000 rw-p 00000000 00:00 0 
7f41693f7000-7f416945f000 r-xp 00000000 08:07 1836082                    /usr/lib/jvm/jdk1.7.0_51/jre/lib/amd64/libt2k.so
7f416945f000-7f416965f000 ---p 00068000 08:07 1836082                    /usr/lib/jvm/jdk1.7.0_51/jre/lib/amd64/libt2k.so
7f416965f000-7f4169666000 rw-p 00068000 08:07 1836082                    /usr/lib/jvm/jdk1.7.0_51/jre/lib/amd64/libt2k.so
7f4169666000-7f4169676000 rw-p 00000000 00:00 0 
7f4169676000-7f4169679000 ---p 00000000 00:00 0 
7f4169679000-7f4169777000 rw-p 00000000 00:00 0 
7f4169777000-7f416977a000 ---p 00000000 00:00 0 
7f416977a000-7f4169878000 rw-p 00000000 00:00 0 
7f4169878000-7f4169888000 r-xp 00000000 08:07 1836051                    /usr/lib/jvm/jdk1.7.0_51/jre/lib/amd64/libnio.so
7f4169888000-7f4169a88000 ---p 00010000 08:07 1836051                    /usr/lib/jvm/jdk1.7.0_51/jre/lib/amd64/libnio.so
7f4169a88000-7f4169a89000 rw-p 00010000 08:07 1836051                    /usr/lib/jvm/jdk1.7.0_51/jre/lib/amd64/libnio.so
7f4169a89000-7f4169d8a000 rw-p 00000000 00:00 0 
7f4169d8a000-7f4169da0000 r-xp 00000000 08:07 1836056                    /usr/lib/jvm/jdk1.7.0_51/jre/lib/amd64/libnet.so
7f4169da0000-7f4169fa0000 ---p 00016000 08:07 1836056                    /usr/lib/jvm/jdk1.7.0_51/jre/lib/amd64/libnet.so
7f4169fa0000-7f4169fa1000 rw-p 00016000 08:07 1836056                    /usr/lib/jvm/jdk1.7.0_51/jre/lib/amd64/libnet.so
7f4169fa1000-7f4169fb7000 r-xp 00000000 08:07 2364498                    /lib/x86_64-linux-gnu/libgcc_s.so.1
7f4169fb7000-7f416a1b6000 ---p 00016000 08:07 2364498                    /lib/x86_64-linux-gnu/libgcc_s.so.1
7f416a1b6000-7f416a1b7000 rw-p 00015000 08:07 2364498                    /lib/x86_64-linux-gnu/libgcc_s.so.1
7f416a1b7000-7f416a21c000 r-xp 00000000 08:07 1836052                    /usr/lib/jvm/jdk1.7.0_51/jre/lib/amd64/libfontmanager.so
7f416a21c000-7f416a41b000 ---p 00065000 08:07 1836052                    /usr/lib/jvm/jdk1.7.0_51/jre/lib/amd64/libfontmanager.so
7f416a41b000-7f416a41f000 rw-p 00064000 08:07 1836052                    /usr/lib/jvm/jdk1.7.0_51/jre/lib/amd64/libfontmanager.so
7f416a41f000-7f416a430000 rw-p 00000000 00:00 0 
7f416a430000-7f416a433000 ---p 00000000 00:00 0 
7f416a433000-7f416a531000 rw-p 00000000 00:00 0 
7f416a531000-7f416a536000 r-xp 00000000 08:07 2762080                    /usr/lib/x86_64-linux-gnu/libXfixes.so.3.1.0
7f416a536000-7f416a735000 ---p 00005000 08:07 2762080                    /usr/lib/x86_64-linux-gnu/libXfixes.so.3.1.0
7f416a735000-7f416a736000 r--p 00004000 08:07 2762080                    /usr/lib/x86_64-linux-gnu/libXfixes.so.3.1.0
7f416a736000-7f416a737000 rw-p 00005000 08:07 2762080                    /usr/lib/x86_64-linux-gnu/libXfixes.so.3.1.0
7f416a737000-7f416a740000 r-xp 00000000 08:07 2762072                    /usr/lib/x86_64-linux-gnu/libXcursor.so.1.0.2
7f416a740000-7f416a93f000 ---p 00009000 08:07 2762072                    /usr/lib/x86_64-linux-gnu/libXcursor.so.1.0.2
7f416a93f000-7f416a940000 r--p 00008000 08:07 2762072                    /usr/lib/x86_64-linux-gnu/libXcursor.so.1.0.2
7f416a940000-7f416a941000 rw-p 00009000 08:07 2762072                    /usr/lib/x86_64-linux-gnu/libXcursor.so.1.0.2
7f416a941000-7f416a946000 r-xp 00000000 08:07 2762076                    /usr/lib/x86_64-linux-gnu/libXdmcp.so.6.0.0
7f416a946000-7f416ab45000 ---p 00005000 08:07 2762076                    /usr/lib/x86_64-linux-gnu/libXdmcp.so.6.0.0
7f416ab45000-7f416ab46000 r--p 00004000 08:07 2762076                    /usr/lib/x86_64-linux-gnu/libXdmcp.so.6.0.0
7f416ab46000-7f416ab47000 rw-p 00005000 08:07 2762076                    /usr/lib/x86_64-linux-gnu/libXdmcp.so.6.0.0
7f416ab47000-7f416ab49000 r-xp 00000000 08:07 2762065                    /usr/lib/x86_64-linux-gnu/libXau.so.6.0.0
7f416ab49000-7f416ad49000 ---p 00002000 08:07 2762065                    /usr/lib/x86_64-linux-gnu/libXau.so.6.0.0
7f416ad49000-7f416ad4a000 r--p 00002000 08:07 2762065                    /usr/lib/x86_64-linux-gnu/libXau.so.6.0.0
7f416ad4a000-7f416ad4b000 rw-p 00003000 08:07 2762065                    /usr/lib/x86_64-linux-gnu/libXau.so.6.0.0
7f416ad4b000-7f416ad6c000 r-xp 00000000 08:07 2763443                    /usr/lib/x86_64-linux-gnu/libxcb.so.1.1.0
7f416ad6c000-7f416af6b000 ---p 00021000 08:07 2763443                    /usr/lib/x86_64-linux-gnu/libxcb.so.1.1.0
7f416af6b000-7f416af6c000 r--p 00020000 08:07 2763443                    /usr/lib/x86_64-linux-gnu/libxcb.so.1.1.0
7f416af6c000-7f416af6d000 rw-p 00021000 08:07 2763443                    /usr/lib/x86_64-linux-gnu/libxcb.so.1.1.0
7f416af6d000-7f416af7c000 r-xp 00000000 08:07 2762086                    /usr/lib/x86_64-linux-gnu/libXi.so.6.1.0
7f416af7c000-7f416b17b000 ---p 0000f000 08:07 2762086                    /usr/lib/x86_64-linux-gnu/libXi.so.6.1.0
7f416b17b000-7f416b17c000 r--p 0000e000 08:07 2762086                    /usr/lib/x86_64-linux-gnu/libXi.so.6.1.0
7f416b17c000-7f416b17d000 rw-p 0000f000 08:07 2762086                    /usr/lib/x86_64-linux-gnu/libXi.so.6.1.0
7f416b17d000-7f416b182000 r-xp 00000000 08:07 2762104                    /usr/lib/x86_64-linux-gnu/libXtst.so.6.1.0
7f416b182000-7f416b381000 ---p 00005000 08:07 2762104                    /usr/lib/x86_64-linux-gnu/libXtst.so.6.1.0
7f416b381000-7f416b382000 r--p 00004000 08:07 2762104                    /usr/lib/x86_64-linux-gnu/libXtst.so.6.1.0
7f416b382000-7f416b383000 rw-p 00005000 08:07 2762104                    /usr/lib/x86_64-linux-gnu/libXtst.so.6.1.0
7f416b383000-7f416b38c000 r-xp 00000000 08:07 2762098                    /usr/lib/x86_64-linux-gnu/libXrender.so.1.3.0
7f416b38c000-7f416b58b000 ---p 00009000 08:07 2762098                    /usr/lib/x86_64-linux-gnu/libXrender.so.1.3.0
7f416b58b000-7f416b58c000 r--p 00008000 08:07 2762098                    /usr/lib/x86_64-linux-gnu/libXrender.so.1.3.0
7f416b58c000-7f416b58d000 rw-p 00009000 08:07 2762098                    /usr/lib/x86_64-linux-gnu/libXrender.so.1.3.0
7f416b58d000-7f416b6c2000 r-xp 00000000 08:07 2762061                    /usr/lib/x86_64-linux-gnu/libX11.so.6.3.0
7f416b6c2000-7f416b8c2000 ---p 00135000 08:07 2762061                    /usr/lib/x86_64-linux-gnu/libX11.so.6.3.0
7f416b8c2000-7f416b8c3000 r--p 00135000 08:07 2762061                    /usr/lib/x86_64-linux-gnu/libX11.so.6.3.0
7f416b8c3000-7f416b8c7000 rw-p 00136000 08:07 2762061                    /usr/lib/x86_64-linux-gnu/libX11.so.6.3.0
7f416b8c7000-7f416b8d8000 r-xp 00000000 08:07 2762078                    /usr/lib/x86_64-linux-gnu/libXext.so.6.4.0
7f416b8d8000-7f416bad7000 ---p 00011000 08:07 2762078                    /usr/lib/x86_64-linux-gnu/libXext.so.6.4.0
7f416bad7000-7f416bad8000 r--p 00010000 08:07 2762078                    /usr/lib/x86_64-linux-gnu/libXext.so.6.4.0
7f416bad8000-7f416bad9000 rw-p 00011000 08:07 2762078                    /usr/lib/x86_64-linux-gnu/libXext.so.6.4.0
7f416bad9000-7f416bb29000 r-xp 00000000 08:07 1836094                    /usr/lib/jvm/jdk1.7.0_51/jre/lib/amd64/xawt/libmawt.so
7f416bb29000-7f416bd29000 ---p 00050000 08:07 1836094                    /usr/lib/jvm/jdk1.7.0_51/jre/lib/amd64/xawt/libmawt.so
7f416bd29000-7f416bd2d000 rw-p 00050000 08:07 1836094                    /usr/lib/jvm/jdk1.7.0_51/jre/lib/amd64/xawt/libmawt.so
7f416bd2d000-7f416bd2e000 rw-p 00000000 00:00 0 
7f416bd2e000-7f416bdd0000 r-xp 00000000 08:07 1836064                    /usr/lib/jvm/jdk1.7.0_51/jre/lib/amd64/libawt.so
7f416bdd0000-7f416bfd0000 ---p 000a2000 08:07 1836064                    /usr/lib/jvm/jdk1.7.0_51/jre/lib/amd64/libawt.so
7f416bfd0000-7f416bfdc000 rw-p 000a2000 08:07 1836064                    /usr/lib/jvm/jdk1.7.0_51/jre/lib/amd64/libawt.so
7f416bfdc000-7f416c000000 rw-p 00000000 00:00 0 
7f416c000000-7f416c5e5000 rw-p 00000000 00:00 0 
7f416c5e5000-7f4170000000 ---p 00000000 00:00 0 
7f4170000000-7f4170021000 rw-p 00000000 00:00 0 
7f4170021000-7f4174000000 ---p 00000000 00:00 0 
7f4174000000-7f4174021000 rw-p 00000000 00:00 0 
7f4174021000-7f4178000000 ---p 00000000 00:00 0 
7f4178000000-7f4178410000 rw-p 00000000 00:00 0 
7f4178410000-7f417c000000 ---p 00000000 00:00 0 
7f417c000000-7f417c021000 rw-p 00000000 00:00 0 
7f417c021000-7f4180000000 ---p 00000000 00:00 0 
7f4180000000-7f4180021000 rw-p 00000000 00:00 0 
7f4180021000-7f4184000000 ---p 00000000 00:00 0 
7f4184000000-7f4184021000 rw-p 00000000 00:00 0 
7f4184021000-7f4188000000 ---p 00000000 00:00 0 
7f4188000000-7f4188021000 rw-p 00000000 00:00 0 
7f4188021000-7f418c000000 ---p 00000000 00:00 0 
7f418c000000-7f418c021000 rw-p 00000000 00:00 0 
7f418c021000-7f4190000000 ---p 00000000 00:00 0 
7f4190000000-7f4190021000 rw-p 00000000 00:00 0 
7f4190021000-7f4194000000 ---p 00000000 00:00 0 
7f4194000000-7f4194021000 rw-p 00000000 00:00 0 
7f4194021000-7f4198000000 ---p 00000000 00:00 0 
7f4198006000-7f4198011000 r--s 00000000 08:07 2890696                    /var/cache/fontconfig/945677eb7aeaf62f1d50efc3fb3ec7d8-le64.cache-6
7f4198011000-7f4198017000 r--s 00000000 08:07 2890678                    /var/cache/fontconfig/2cd17615ca594fa2959ae173292e504c-le64.cache-6
7f4198017000-7f4198018000 r--s 00000000 08:07 2890675                    /var/cache/fontconfig/0d8c3b2ac0904cb8a57a757ad11a4a08-le64.cache-6
7f4198018000-7f419801c000 r--s 00000000 08:07 2885053                    /var/cache/fontconfig/de156ccd2eddbdc19d37a45b8b2aac9c-le64.cache-6
7f419801c000-7f4198031000 r--s 00000000 08:07 2890672                    /var/cache/fontconfig/04aabc0a78ac019cf9454389977116d2-le64.cache-6
7f4198031000-7f4198032000 r--s 00000000 08:07 2890677                    /var/cache/fontconfig/1ac9eb803944fde146138c791f5cc56a-le64.cache-6
7f4198032000-7f4198036000 r--s 00000000 08:07 2890682                    /var/cache/fontconfig/385c0604a188198f04d133e54aba7fe7-le64.cache-6
7f4198036000-7f4198037000 r--s 00000000 08:07 2890709                    /var/cache/fontconfig/dc05db6664285cc2f12bf69c139ae4c3-le64.cache-6
7f4198037000-7f419803a000 r--s 00000000 08:07 2890692                    /var/cache/fontconfig/767a8244fc0220cfb567a839d0392e0b-le64.cache-6
7f419803a000-7f419803b000 r--s 00000000 08:07 2883743                    /var/cache/fontconfig/4794a0821666d79190d59a36cb4f44b5-le64.cache-6
7f419803b000-7f4198040000 r--s 00000000 08:07 2890695                    /var/cache/fontconfig/8801497958630a81b71ace7c5f9b32a8-le64.cache-6
7f4198040000-7f4198041000 r--s 00000000 08:07 2890702                    /var/cache/fontconfig/bab58bb527bb656aaa9f116d68a48d89-le64.cache-6
7f4198041000-7f4198048000 r--s 00000000 08:07 2890679                    /var/cache/fontconfig/3047814df9a2f067bd2d96a2b9c36e5a-le64.cache-6
7f4198048000-7f4198049000 r--s 00000000 08:07 2890686                    /var/cache/fontconfig/56cf4f4769d0f4abc89a4895d7bd3ae1-le64.cache-6
7f4198049000-7f419804a000 r--s 00000000 08:07 2890701                    /var/cache/fontconfig/b9d506c9ac06c20b433354fa67a72993-le64.cache-6
7f419804a000-7f4198050000 r--s 00000000 08:07 2890700                    /var/cache/fontconfig/b47c4e1ecd0709278f4910c18777a504-le64.cache-6
7f4198050000-7f4198063000 r--s 00000000 08:07 2890706                    /var/cache/fontconfig/d52a8644073d54c13679302ca1180695-le64.cache-6
7f4198063000-7f419806e000 r--s 00000000 08:07 2887795                    /var/cache/fontconfig/d589a48862398ed80a3d6066f4f56f4c-le64.cache-6
7f419806e000-7f4198071000 r--s 00000000 08:07 2890691                    /var/cache/fontconfig/75114ca45c98e8a441da0ff356701271-le64.cache-6
7f4198071000-7f419807c000 r--s 00000000 08:07 2890694                    /var/cache/fontconfig/83bf95040141907cd45bb53cf7c1c148-le64.cache-6
7f419807c000-7f419808e000 r--s 00000000 08:07 2886108                    /var/cache/fontconfig/9b89f8e3dae116d678bbf48e5f21f69b-le64.cache-6
7f419808e000-7f4198091000 ---p 00000000 00:00 0 
7f4198091000-7f419818f000 rw-p 00000000 00:00 0 
7f419818f000-7f41981b4000 r--p 00000000 08:07 397003                     /usr/share/locale-langpack/es/LC_MESSAGES/libc.mo
7f41981b4000-7f41981b5000 ---p 00000000 00:00 0 
7f41981b5000-7f41982b5000 rw-p 00000000 00:00 0 
7f41982b5000-7f41982b8000 ---p 00000000 00:00 0 
7f41982b8000-7f41983b6000 rw-p 00000000 00:00 0 
7f41983b6000-7f41983b9000 ---p 00000000 00:00 0 
7f41983b9000-7f41984b7000 rw-p 00000000 00:00 0 
7f41984b7000-7f41984ba000 ---p 00000000 00:00 0 
7f41984ba000-7f41985b8000 rw-p 00000000 00:00 0 
7f41985b8000-7f41985bb000 ---p 00000000 00:00 0 
7f41985bb000-7f41986b9000 rw-p 00000000 00:00 0 
7f41986b9000-7f4199078000 r--p 00000000 08:07 2760681                    /usr/lib/locale/locale-archive
7f4199078000-7f419907b000 ---p 00000000 00:00 0 
7f419907b000-7f4199179000 rw-p 00000000 00:00 0 
7f4199179000-7f419917c000 ---p 00000000 00:00 0 
7f419917c000-7f419927a000 rw-p 00000000 00:00 0 
7f419927a000-7f419927b000 ---p 00000000 00:00 0 
7f419927b000-7f419a338000 rw-p 00000000 00:00 0 
7f419a338000-7f419a4f5000 r--s 039bf000 08:07 1057153                    /usr/lib/jvm/jdk1.7.0_51/jre/lib/rt.jar
7f419a4f5000-7f419c7f3000 rw-p 00000000 00:00 0 
7f419c7f3000-7f419c7f4000 ---p 00000000 00:00 0 
7f419c7f4000-7f419c8f4000 rw-p 00000000 00:00 0 
7f419c8f4000-7f419c8f5000 ---p 00000000 00:00 0 
7f419c8f5000-7f419c9f5000 rw-p 00000000 00:00 0 
7f419c9f5000-7f419c9f6000 ---p 00000000 00:00 0 
7f419c9f6000-7f419caf6000 rw-p 00000000 00:00 0 
7f419caf6000-7f419caf7000 ---p 00000000 00:00 0 
7f419caf7000-7f419cc0b000 rw-p 00000000 00:00 0 
7f419cc0b000-7f419cd37000 rw-p 00000000 00:00 0 
7f419cd37000-7f419cd42000 rw-p 00000000 00:00 0 
7f419cd42000-7f419cd60000 rw-p 00000000 00:00 0 
7f419cd60000-7f419cd74000 rw-p 00000000 00:00 0 
7f419cd74000-7f419ce9f000 rw-p 00000000 00:00 0 
7f419ce9f000-7f419ceaa000 rw-p 00000000 00:00 0 
7f419ceaa000-7f419cf3f000 rw-p 00000000 00:00 0 
7f419cf3f000-7f419cf4a000 rw-p 00000000 00:00 0 
7f419cf4a000-7f419d000000 rw-p 00000000 00:00 0 
7f419d000000-7f419d270000 rwxp 00000000 00:00 0 
7f419d270000-7f41a023a000 rw-p 00000000 00:00 0 
7f41a023a000-7f41a4000000 ---p 00000000 00:00 0 
7f41a4000000-7f41a4001000 r--s 00000000 08:07 2890685                    /var/cache/fontconfig/551ecf3b0e8b0bca0f25c0944f561853-le64.cache-6
7f41a4001000-7f41a4004000 r--s 00000000 08:07 2890710                    /var/cache/fontconfig/e13b20fdb08344e0e664864cc2ede53d-le64.cache-6
7f41a4004000-7f41a4008000 r--s 00000000 08:07 2883629                    /var/cache/fontconfig/7ef2298fde41cc6eeb7af42e48b7d293-le64.cache-6
7f41a4008000-7f41a4013000 r--s 0037c000 08:07 1057110                    /usr/lib/jvm/jdk1.7.0_51/jre/lib/charsets.jar
7f41a4013000-7f41a408f000 rw-p 00000000 00:00 0 
7f41a408f000-7f41a40a9000 r-xp 00000000 08:07 1836101                    /usr/lib/jvm/jdk1.7.0_51/jre/lib/amd64/libzip.so
7f41a40a9000-7f41a42a9000 ---p 0001a000 08:07 1836101                    /usr/lib/jvm/jdk1.7.0_51/jre/lib/amd64/libzip.so
7f41a42a9000-7f41a42aa000 rw-p 0001a000 08:07 1836101                    /usr/lib/jvm/jdk1.7.0_51/jre/lib/amd64/libzip.so
7f41a42aa000-7f41a42b5000 r-xp 00000000 08:07 2364559                    /lib/x86_64-linux-gnu/libnss_files-2.23.so
7f41a42b5000-7f41a44b4000 ---p 0000b000 08:07 2364559                    /lib/x86_64-linux-gnu/libnss_files-2.23.so
7f41a44b4000-7f41a44b5000 r--p 0000a000 08:07 2364559                    /lib/x86_64-linux-gnu/libnss_files-2.23.so
7f41a44b5000-7f41a44b6000 rw-p 0000b000 08:07 2364559                    /lib/x86_64-linux-gnu/libnss_files-2.23.so
7f41a44b6000-7f41a44bc000 rw-p 00000000 00:00 0 
7f41a44bc000-7f41a44c7000 r-xp 00000000 08:07 2364569                    /lib/x86_64-linux-gnu/libnss_nis-2.23.so
7f41a44c7000-7f41a46c6000 ---p 0000b000 08:07 2364569                    /lib/x86_64-linux-gnu/libnss_nis-2.23.so
7f41a46c6000-7f41a46c7000 r--p 0000a000 08:07 2364569                    /lib/x86_64-linux-gnu/libnss_nis-2.23.so
7f41a46c7000-7f41a46c8000 rw-p 0000b000 08:07 2364569                    /lib/x86_64-linux-gnu/libnss_nis-2.23.so
7f41a46c8000-7f41a46de000 r-xp 00000000 08:07 2364553                    /lib/x86_64-linux-gnu/libnsl-2.23.so
7f41a46de000-7f41a48dd000 ---p 00016000 08:07 2364553                    /lib/x86_64-linux-gnu/libnsl-2.23.so
7f41a48dd000-7f41a48de000 r--p 00015000 08:07 2364553                    /lib/x86_64-linux-gnu/libnsl-2.23.so
7f41a48de000-7f41a48df000 rw-p 00016000 08:07 2364553                    /lib/x86_64-linux-gnu/libnsl-2.23.so
7f41a48df000-7f41a48e1000 rw-p 00000000 00:00 0 
7f41a48e1000-7f41a48e9000 r-xp 00000000 08:07 2364555                    /lib/x86_64-linux-gnu/libnss_compat-2.23.so
7f41a48e9000-7f41a4ae8000 ---p 00008000 08:07 2364555                    /lib/x86_64-linux-gnu/libnss_compat-2.23.so
7f41a4ae8000-7f41a4ae9000 r--p 00007000 08:07 2364555                    /lib/x86_64-linux-gnu/libnss_compat-2.23.so
7f41a4ae9000-7f41a4aea000 rw-p 00008000 08:07 2364555                    /lib/x86_64-linux-gnu/libnss_compat-2.23.so
7f41a4aea000-7f41a4b13000 r-xp 00000000 08:07 1836085                    /usr/lib/jvm/jdk1.7.0_51/jre/lib/amd64/libjava.so
7f41a4b13000-7f41a4d13000 ---p 00029000 08:07 1836085                    /usr/lib/jvm/jdk1.7.0_51/jre/lib/amd64/libjava.so
7f41a4d13000-7f41a4d15000 rw-p 00029000 08:07 1836085                    /usr/lib/jvm/jdk1.7.0_51/jre/lib/amd64/libjava.so
7f41a4d15000-7f41a4d22000 r-xp 00000000 08:07 1836083                    /usr/lib/jvm/jdk1.7.0_51/jre/lib/amd64/libverify.so
7f41a4d22000-7f41a4f21000 ---p 0000d000 08:07 1836083                    /usr/lib/jvm/jdk1.7.0_51/jre/lib/amd64/libverify.so
7f41a4f21000-7f41a4f23000 rw-p 0000c000 08:07 1836083                    /usr/lib/jvm/jdk1.7.0_51/jre/lib/amd64/libverify.so
7f41a4f23000-7f41a4f2a000 r-xp 00000000 08:07 2364614                    /lib/x86_64-linux-gnu/librt-2.23.so
7f41a4f2a000-7f41a5129000 ---p 00007000 08:07 2364614                    /lib/x86_64-linux-gnu/librt-2.23.so
7f41a5129000-7f41a512a000 r--p 00006000 08:07 2364614                    /lib/x86_64-linux-gnu/librt-2.23.so
7f41a512a000-7f41a512b000 rw-p 00007000 08:07 2364614                    /lib/x86_64-linux-gnu/librt-2.23.so
7f41a512b000-7f41a512e000 ---p 00000000 00:00 0 
7f41a512e000-7f41a522c000 rw-p 00000000 00:00 0 
7f41a522c000-7f41a5334000 r-xp 00000000 08:07 2364530                    /lib/x86_64-linux-gnu/libm-2.23.so
7f41a5334000-7f41a5533000 ---p 00108000 08:07 2364530                    /lib/x86_64-linux-gnu/libm-2.23.so
7f41a5533000-7f41a5534000 r--p 00107000 08:07 2364530                    /lib/x86_64-linux-gnu/libm-2.23.so
7f41a5534000-7f41a5535000 rw-p 00108000 08:07 2364530                    /lib/x86_64-linux-gnu/libm-2.23.so
7f41a5535000-7f41a6097000 r-xp 00000000 08:07 1836091                    /usr/lib/jvm/jdk1.7.0_51/jre/lib/amd64/server/libjvm.so
7f41a6097000-7f41a6297000 ---p 00b62000 08:07 1836091                    /usr/lib/jvm/jdk1.7.0_51/jre/lib/amd64/server/libjvm.so
7f41a6297000-7f41a635a000 rw-p 00b62000 08:07 1836091                    /usr/lib/jvm/jdk1.7.0_51/jre/lib/amd64/server/libjvm.so
7f41a635a000-7f41a639b000 rw-p 00000000 00:00 0 
7f41a639b000-7f41a655b000 r-xp 00000000 08:07 2364460                    /lib/x86_64-linux-gnu/libc-2.23.so
7f41a655b000-7f41a675a000 ---p 001c0000 08:07 2364460                    /lib/x86_64-linux-gnu/libc-2.23.so
7f41a675a000-7f41a675e000 r--p 001bf000 08:07 2364460                    /lib/x86_64-linux-gnu/libc-2.23.so
7f41a675e000-7f41a6760000 rw-p 001c3000 08:07 2364460                    /lib/x86_64-linux-gnu/libc-2.23.so
7f41a6760000-7f41a6764000 rw-p 00000000 00:00 0 
7f41a6764000-7f41a6767000 r-xp 00000000 08:07 2364484                    /lib/x86_64-linux-gnu/libdl-2.23.so
7f41a6767000-7f41a6966000 ---p 00003000 08:07 2364484                    /lib/x86_64-linux-gnu/libdl-2.23.so
7f41a6966000-7f41a6967000 r--p 00002000 08:07 2364484                    /lib/x86_64-linux-gnu/libdl-2.23.so
7f41a6967000-7f41a6968000 rw-p 00003000 08:07 2364484                    /lib/x86_64-linux-gnu/libdl-2.23.so
7f41a6968000-7f41a697e000 r-xp 00000000 08:07 1056839                    /usr/lib/jvm/jdk1.7.0_51/lib/amd64/jli/libjli.so
7f41a697e000-7f41a6b7e000 ---p 00016000 08:07 1056839                    /usr/lib/jvm/jdk1.7.0_51/lib/amd64/jli/libjli.so
7f41a6b7e000-7f41a6b7f000 rw-p 00016000 08:07 1056839                    /usr/lib/jvm/jdk1.7.0_51/lib/amd64/jli/libjli.so
7f41a6b7f000-7f41a6b97000 r-xp 00000000 08:07 2364606                    /lib/x86_64-linux-gnu/libpthread-2.23.so
7f41a6b97000-7f41a6d96000 ---p 00018000 08:07 2364606                    /lib/x86_64-linux-gnu/libpthread-2.23.so
7f41a6d96000-7f41a6d97000 r--p 00017000 08:07 2364606                    /lib/x86_64-linux-gnu/libpthread-2.23.so
7f41a6d97000-7f41a6d98000 rw-p 00018000 08:07 2364606                    /lib/x86_64-linux-gnu/libpthread-2.23.so
7f41a6d98000-7f41a6d9c000 rw-p 00000000 00:00 0 
7f41a6d9c000-7f41a6dc2000 r-xp 00000000 08:07 2364432                    /lib/x86_64-linux-gnu/ld-2.23.so
7f41a6dc2000-7f41a6dc3000 r--s 00000000 08:07 2890680                    /var/cache/fontconfig/30829fa25452a46451e813d634d7f916-le64.cache-6
7f41a6dc3000-7f41a6dca000 r--s 00000000 08:07 3016614                    /usr/lib/x86_64-linux-gnu/gconv/gconv-modules.cache
7f41a6dca000-7f41a6dcc000 r--s 0000d000 08:08 3412122                    /home/kcrez/Documentos/JavaDuino/library/rxtx2.1/RXTXcomm.jar
7f41a6dcc000-7f41a6dce000 r--s 0000d000 08:07 1835127                    /usr/lib/jvm/jdk1.7.0_51/jre/lib/ext/RXTXcomm.jar
7f41a6dce000-7f41a6e22000 rw-p 00000000 00:00 0 
7f41a6e22000-7f41a6e40000 rw-p 00000000 00:00 0 
7f41a6e40000-7f41a6e44000 rw-p 00000000 00:00 0 
7f41a6e44000-7f41a6e88000 r-xp 00000000 08:07 1052366                    /opt/eset/esets/lib/libesets_pac.so
7f41a6e88000-7f41a6f88000 ---p 00044000 08:07 1052366                    /opt/eset/esets/lib/libesets_pac.so
7f41a6f88000-7f41a6f8b000 rw-p 00044000 08:07 1052366                    /opt/eset/esets/lib/libesets_pac.so
7f41a6f8b000-7f41a6f9e000 rw-p 00000000 00:00 0 
7f41a6f9e000-7f41a6f9f000 r--s 00000000 08:07 2890674                    /var/cache/fontconfig/0c9eb80ebd1c36541ebe2852d3bb0c49-le64.cache-6
7f41a6f9f000-7f41a6fb4000 rw-p 00000000 00:00 0 
7f41a6fb4000-7f41a6fbc000 rw-s 00000000 08:07 2097299                    /tmp/hsperfdata_kcrez/8643
7f41a6fbc000-7f41a6fbd000 rw-p 00000000 00:00 0 
7f41a6fbd000-7f41a6fbe000 r--p 00000000 00:00 0 
7f41a6fbe000-7f41a6fc1000 rw-p 00000000 00:00 0 
7f41a6fc1000-7f41a6fc2000 r--p 00025000 08:07 2364432                    /lib/x86_64-linux-gnu/ld-2.23.so
7f41a6fc2000-7f41a6fc3000 rw-p 00026000 08:07 2364432                    /lib/x86_64-linux-gnu/ld-2.23.so
7f41a6fc3000-7f41a6fc4000 rw-p 00000000 00:00 0 
7ffcea32a000-7ffcea34b000 rw-p 00000000 00:00 0                          [stack]
7ffcea3a8000-7ffcea3aa000 r--p 00000000 00:00 0                          [vvar]
7ffcea3aa000-7ffcea3ac000 r-xp 00000000 00:00 0                          [vdso]
ffffffffff600000-ffffffffff601000 r-xp 00000000 00:00 0                  [vsyscall]

VM Arguments:
jvm_args: -Dfile.encoding=UTF-8 -Djava.library.path=/home/kcrez/Documentos/JavaDuino/library/rxtx2.1 
java_command: PPD_Frame
Launcher Type: SUN_STANDARD

Environment Variables:
PATH=/usr/local/sbin:/usr/local/bin:/usr/sbin:/usr/bin:/sbin:/bin:/usr/games:/usr/local/games:/snap/bin
LD_LIBRARY_PATH=/usr/lib/jvm/jdk1.7.0_51/jre/lib/amd64:/usr/lib/jvm/jdk1.7.0_51/jre/lib/i386:
SHELL=/bin/bash
DISPLAY=:0

Signal Handlers:
SIGSEGV: [libjvm.so+0x993870], sa_mask[0]=0x7ffbfeff, sa_flags=0x10000004
SIGBUS: [libjvm.so+0x993870], sa_mask[0]=0x7ffbfeff, sa_flags=0x10000004
SIGFPE: [libjvm.so+0x8105b0], sa_mask[0]=0x7ffbfeff, sa_flags=0x10000004
SIGPIPE: [libjvm.so+0x8105b0], sa_mask[0]=0x7ffbfeff, sa_flags=0x10000004
SIGXFSZ: [libjvm.so+0x8105b0], sa_mask[0]=0x7ffbfeff, sa_flags=0x10000004
SIGILL: [libjvm.so+0x8105b0], sa_mask[0]=0x7ffbfeff, sa_flags=0x10000004
SIGUSR1: SIG_DFL, sa_mask[0]=0x00000000, sa_flags=0x00000000
SIGUSR2: [libjvm.so+0x811aa0], sa_mask[0]=0x00000004, sa_flags=0x10000004
SIGHUP: [libjvm.so+0x812a10], sa_mask[0]=0x7ffbfeff, sa_flags=0x10000004
SIGINT: SIG_IGN, sa_mask[0]=0x00000000, sa_flags=0x00000000
SIGTERM: [libjvm.so+0x812a10], sa_mask[0]=0x7ffbfeff, sa_flags=0x10000004
SIGQUIT: [libjvm.so+0x812a10], sa_mask[0]=0x7ffbfeff, sa_flags=0x10000004


---------------  S Y S T E M  ---------------

OS:stretch/sid

uname:Linux 4.4.0-22-generic #40-Ubuntu SMP Thu May 12 22:03:46 UTC 2016 x86_64
libc:glibc 2.23 NPTL 2.23 
rlimit: STACK 8192k, CORE 0k, NPROC 15146, NOFILE 65536, AS infinity
load average:0.10 0.33 0.34

/proc/meminfo:
MemTotal:        3916240 kB
MemFree:           95204 kB
MemAvailable:    1242784 kB
Buffers:          161188 kB
Cached:          1039224 kB
SwapCached:          860 kB
Active:          2429760 kB
Inactive:        1027420 kB
Active(anon):    1833916 kB
Inactive(anon):   693596 kB
Active(file):     595844 kB
Inactive(file):   333824 kB
Unevictable:          48 kB
Mlocked:              48 kB
SwapTotal:       7812088 kB
SwapFree:        7779184 kB
Dirty:                48 kB
Writeback:             0 kB
AnonPages:       2256072 kB
Mapped:           335552 kB
Shmem:            270744 kB
Slab:             281844 kB
SReclaimable:     247144 kB
SUnreclaim:        34700 kB
KernelStack:       10816 kB
PageTables:        34704 kB
NFS_Unstable:          0 kB
Bounce:                0 kB
WritebackTmp:          0 kB
CommitLimit:     9770208 kB
Committed_AS:    6873540 kB
VmallocTotal:   34359738367 kB
VmallocUsed:           0 kB
VmallocChunk:          0 kB
HardwareCorrupted:     0 kB
AnonHugePages:   1286144 kB
CmaTotal:              0 kB
CmaFree:               0 kB
HugePages_Total:       0
HugePages_Free:        0
HugePages_Rsvd:        0
HugePages_Surp:        0
Hugepagesize:       2048 kB
DirectMap4k:      123676 kB
DirectMap2M:     3940352 kB
DirectMap1G:           0 kB


CPU:total 4 (2 cores per cpu, 2 threads per core) family 6 model 60 stepping 3, cmov, cx8, fxsr, mmx, sse, sse2, sse3, ssse3, sse4.1, sse4.2, popcnt, avx, avx2, aes, erms, ht, tsc, tscinvbit

/proc/cpuinfo:
processor	: 0
vendor_id	: GenuineIntel
cpu family	: 6
model		: 60
model name	: Intel(R) Core(TM) i3-4170 CPU @ 3.70GHz
stepping	: 3
microcode	: 0x1e
cpu MHz		: 1055.945
cache size	: 3072 KB
physical id	: 0
siblings	: 4
core id		: 0
cpu cores	: 2
apicid		: 0
initial apicid	: 0
fpu		: yes
fpu_exception	: yes
cpuid level	: 13
wp		: yes
flags		: fpu vme de pse tsc msr pae mce cx8 apic sep mtrr pge mca cmov pat pse36 clflush dts acpi mmx fxsr sse sse2 ss ht tm pbe syscall nx pdpe1gb rdtscp lm constant_tsc arch_perfmon pebs bts rep_good nopl xtopology nonstop_tsc aperfmperf eagerfpu pni pclmulqdq dtes64 monitor ds_cpl vmx est tm2 ssse3 sdbg fma cx16 xtpr pdcm pcid sse4_1 sse4_2 movbe popcnt tsc_deadline_timer aes xsave avx f16c rdrand lahf_lm abm epb tpr_shadow vnmi flexpriority ept vpid fsgsbase tsc_adjust bmi1 avx2 smep bmi2 erms invpcid xsaveopt dtherm arat pln pts
bugs		:
bogomips	: 7382.73
clflush size	: 64
cache_alignment	: 64
address sizes	: 39 bits physical, 48 bits virtual
power management:

processor	: 1
vendor_id	: GenuineIntel
cpu family	: 6
model		: 60
model name	: Intel(R) Core(TM) i3-4170 CPU @ 3.70GHz
stepping	: 3
microcode	: 0x1e
cpu MHz		: 833.078
cache size	: 3072 KB
physical id	: 0
siblings	: 4
core id		: 1
cpu cores	: 2
apicid		: 2
initial apicid	: 2
fpu		: yes
fpu_exception	: yes
cpuid level	: 13
wp		: yes
flags		: fpu vme de pse tsc msr pae mce cx8 apic sep mtrr pge mca cmov pat pse36 clflush dts acpi mmx fxsr sse sse2 ss ht tm pbe syscall nx pdpe1gb rdtscp lm constant_tsc arch_perfmon pebs bts rep_good nopl xtopology nonstop_tsc aperfmperf eagerfpu pni pclmulqdq dtes64 monitor ds_cpl vmx est tm2 ssse3 sdbg fma cx16 xtpr pdcm pcid sse4_1 sse4_2 movbe popcnt tsc_deadline_timer aes xsave avx f16c rdrand lahf_lm abm epb tpr_shadow vnmi flexpriority ept vpid fsgsbase tsc_adjust bmi1 avx2 smep bmi2 erms invpcid xsaveopt dtherm arat pln pts
bugs		:
bogomips	: 7382.73
clflush size	: 64
cache_alignment	: 64
address sizes	: 39 bits physical, 48 bits virtual
power management:

processor	: 2
vendor_id	: GenuineIntel
cpu family	: 6
model		: 60
model name	: Intel(R) Core(TM) i3-4170 CPU @ 3.70GHz
stepping	: 3
microcode	: 0x1e
cpu MHz		: 1157.839
cache size	: 3072 KB
physical id	: 0
siblings	: 4
core id		: 0
cpu cores	: 2
apicid		: 1
initial apicid	: 1
fpu		: yes
fpu_exception	: yes
cpuid level	: 13
wp		: yes
flags		: fpu vme de pse tsc msr pae mce cx8 apic sep mtrr pge mca cmov pat pse36 clflush dts acpi mmx fxsr sse sse2 ss ht tm pbe syscall nx pdpe1gb rdtscp lm constant_tsc arch_perfmon pebs bts rep_good nopl xtopology nonstop_tsc aperfmperf eagerfpu pni pclmulqdq dtes64 monitor ds_cpl vmx est tm2 ssse3 sdbg fma cx16 xtpr pdcm pcid sse4_1 sse4_2 movbe popcnt tsc_deadline_timer aes xsave avx f16c rdrand lahf_lm abm epb tpr_shadow vnmi flexpriority ept vpid fsgsbase tsc_adjust bmi1 avx2 smep bmi2 erms invpcid xsaveopt dtherm arat pln pts
bugs		:
bogomips	: 7382.73
clflush size	: 64
cache_alignment	: 64
address sizes	: 39 bits physical, 48 bits virtual
power management:

processor	: 3
vendor_id	: GenuineIntel
cpu family	: 6
model		: 60
model name	: Intel(R) Core(TM) i3-4170 CPU @ 3.70GHz
stepping	: 3
microcode	: 0x1e
cpu MHz		: 800.414
cache size	: 3072 KB
physical id	: 0
siblings	: 4
core id		: 1
cpu cores	: 2
apicid		: 3
initial apicid	: 3
fpu		: yes
fpu_exception	: yes
cpuid level	: 13
wp		: yes
flags		: fpu vme de pse tsc msr pae mce cx8 apic sep mtrr pge mca cmov pat pse36 clflush dts acpi mmx fxsr sse sse2 ss ht tm pbe syscall nx pdpe1gb rdtscp lm constant_tsc arch_perfmon pebs bts rep_good nopl xtopology nonstop_tsc aperfmperf eagerfpu pni pclmulqdq dtes64 monitor ds_cpl vmx est tm2 ssse3 sdbg fma cx16 xtpr pdcm pcid sse4_1 sse4_2 movbe popcnt tsc_deadline_timer aes xsave avx f16c rdrand lahf_lm abm epb tpr_shadow vnmi flexpriority ept vpid fsgsbase tsc_adjust bmi1 avx2 smep bmi2 erms invpcid xsaveopt dtherm arat pln pts
bugs		:
bogomips	: 7382.73
clflush size	: 64
cache_alignment	: 64
address sizes	: 39 bits physical, 48 bits virtual
power management:



Memory: 4k page, physical 3916240k(95204k free), swap 7812088k(7779184k free)

vm_info: Java HotSpot(TM) 64-Bit Server VM (24.51-b03) for linux-amd64 JRE (1.7.0_51-b13), built on Dec 18 2013 18:48:01 by "java_re" with gcc 4.3.0 20080428 (Red Hat 4.3.0-8)

time: Sun Jul 31 17:40:02 2016
elapsed time: 19 seconds

