#
# A fatal error has been detected by the Java Runtime Environment:
#
#  SIGSEGV (0xb) at pc=0x00007fa18068c462, pid=9379, tid=140331627276032
#
# JRE version: Java(TM) SE Runtime Environment (7.0_51-b13) (build 1.7.0_51-b13)
# Java VM: Java HotSpot(TM) 64-Bit Server VM (24.51-b03 mixed mode linux-amd64 compressed oops)
# Problematic frame:
# C  [librxtxSerial.so+0x6462]  read_byte_array+0x52
#
# Failed to write core dump. Core dumps have been disabled. To enable core dumping, try "ulimit -c unlimited" before starting Java again
#
# If you would like to submit a bug report, please visit:
#   http://bugreport.sun.com/bugreport/crash.jsp
# The crash happened outside the Java Virtual Machine in native code.
# See problematic frame for where to report the bug.
#

---------------  T H R E A D  ---------------

Current thread (0x00007fa190240000):  JavaThread "AWT-EventQueue-0" [_thread_in_native, id=9400, stack(0x00007fa180bb6000,0x00007fa180cb7000)]

siginfo:si_signo=SIGSEGV: si_errno=0, si_code=1 (SEGV_MAPERR), si_addr=0xffffffff806846f8

Registers:
RAX=0xffffffff806846f0, RBX=0x000000000000001c, RCX=0x0000000000000001, RDX=0x00007fa195844a50
RSP=0x00007fa180cb4510, RBP=0x00007fa1902401e8, RSI=0x00007fa18068fe30, RDI=0x00007fa18068fd3e
R8 =0x00007fa180cb4480, R9 =0x00000000ec629160, R10=0x0000000000000000, R11=0x00007fa195849008
R12=0x00000000ffffffff, R13=0x0000000000000000, R14=0x00007fa180cb46e0, R15=0x00007fa190240000
RIP=0x00007fa18068c462, EFLAGS=0x0000000000010202, CSGSFS=0x0000000000000033, ERR=0x0000000000000005
  TRAPNO=0x000000000000000e

Top of Stack: (sp=0x00007fa180cb4510)
0x00007fa180cb4510:   0000000000000000 0000000000000000
0x00007fa180cb4520:   ff0000000000ff00 0000000000000000
0x00007fa180cb4530:   0000000000000000 ffffffff806846f0
0x00007fa180cb4540:   ffffffffffffffff 0000000000000000
0x00007fa180cb4550:   0000000000000000 0000000100000000
0x00007fa180cb4560:   00007fa180cb4657 0000001cff000000
0x00007fa180cb4570:   0000000000000000 0000000000000000
0x00007fa180cb4580:   5020616265757250 6f6e69754479616c
0x00007fa180cb4590:   0000000000000000 0000000000000000
0x00007fa180cb45a0:   00007fa190240000 0000000000000000
0x00007fa180cb45b0:   0000001400000002 00007fa160055b88
0x00007fa180cb45c0:   00007fa190240000 000000498c3979c3
0x00007fa180cb45d0:   00007fa180cb4600 00007fa195051dd0
0x00007fa180cb45e0:   ffffffffffffffff 00007fa180cb4657
0x00007fa180cb45f0:   000000000000001c 00007fa180cb4648
0x00007fa180cb4600:   00007fa1902401e8 000000000000001c
0x00007fa180cb4610:   00007fa1902401e8 0000000000000000
0x00007fa180cb4620:   00000000bfafbc40 00007fa180cb46e0
0x00007fa180cb4630:   00007fa190240000 00007fa18068c99c
0x00007fa180cb4640:   00000000bfafbc40 00007fa180cb46e0
0x00007fa180cb4650:   00007fa180cb46c0 00000000bfafbc48
0x00007fa180cb4660:   00007fa180cb46c0 00007fa18c38ccd8
0x00007fa180cb4670:   00007fa190240000 00007fa18c3979c3
0x00007fa180cb4680:   00007fa180cb4680 00000000bfafbc40
0x00007fa180cb4690:   00007fa180cb46e0 00000000bfb0c3a8
0x00007fa180cb46a0:   0000000000000000 00000000bfafbc48
0x00007fa180cb46b0:   0000000000000000 00007fa180cb46e0
0x00007fa180cb46c0:   00007fa180cb4738 00007fa18c3801d4
0x00007fa180cb46d0:   0000000000000000 00007fa18c388cd6
0x00007fa180cb46e0:   00000000ec629160 0000000000000001
0x00007fa180cb46f0:   00000000ec629510 00007fa180cb46e8
0x00007fa180cb4700:   00000000bfb0b42d 00007fa180cb4760 

Instructions: (pc=0x00007fa18068c462)
0x00007fa18068c442:   89 44 24 4c 48 c7 44 24 40 00 00 00 00 48 c7 44
0x00007fa18068c452:   24 38 00 00 00 00 e8 53 d7 ff ff 48 89 44 24 28
0x00007fa18068c462:   8b 40 08 45 85 e4 48 8b 54 24 28 44 8b 7c 24 4c
0x00007fa18068c472:   89 44 24 34 c7 42 08 00 00 00 00 78 0c 31 c0 e8 

Register to memory mapping:

RAX=0xffffffff806846f0 is an unknown value
RBX=0x000000000000001c is an unknown value
RCX=0x0000000000000001 is an unknown value
RDX=0x00007fa195844a50: <offset 0xe37a50> in /usr/lib/jvm/jdk1.7.0_51/jre/lib/amd64/server/libjvm.so at 0x00007fa194a0d000
RSP=0x00007fa180cb4510 is pointing into the stack for thread: 0x00007fa190240000
RBP=0x00007fa1902401e8 is an unknown value
RSI=0x00007fa18068fe30: <offset 0x9e30> in /usr/lib/jvm/jdk1.7.0_51/jre/lib/amd64/librxtxSerial.so at 0x00007fa180686000
RDI=0x00007fa18068fd3e: <offset 0x9d3e> in /usr/lib/jvm/jdk1.7.0_51/jre/lib/amd64/librxtxSerial.so at 0x00007fa180686000
R8 =0x00007fa180cb4480 is pointing into the stack for thread: 0x00007fa190240000
R9 =0x00000000ec629160 is an oop
gnu.io.RXTXPort 
 - klass: 'gnu/io/RXTXPort'
R10=0x0000000000000000 is an unknown value
R11=0x00007fa195849008: <offset 0xe3c008> in /usr/lib/jvm/jdk1.7.0_51/jre/lib/amd64/server/libjvm.so at 0x00007fa194a0d000
R12=0x00000000ffffffff is an unallocated location in the heap
R13=0x0000000000000000 is an unknown value
R14=0x00007fa180cb46e0 is pointing into the stack for thread: 0x00007fa190240000
R15=0x00007fa190240000 is a thread


Stack: [0x00007fa180bb6000,0x00007fa180cb7000],  sp=0x00007fa180cb4510,  free space=1017k
Native frames: (J=compiled Java code, j=interpreted, Vv=VM code, C=native code)
C  [librxtxSerial.so+0x6462]  read_byte_array+0x52

Java frames: (J=compiled Java code, j=interpreted, Vv=VM code)
j  gnu.io.RXTXPort.readByte()I+0
j  gnu.io.RXTXPort$SerialInputStream.read()I+61
j  PPD_Frame.recibirDatos()V+27
j  PPD_Frame.<init>()V+49
j  PPD_Frame$3.run()V+4
j  java.awt.event.InvocationEvent.dispatch()V+47
j  java.awt.EventQueue.dispatchEventImpl(Ljava/awt/AWTEvent;Ljava/lang/Object;)V+21
j  java.awt.EventQueue.access$200(Ljava/awt/EventQueue;Ljava/awt/AWTEvent;Ljava/lang/Object;)V+3
j  java.awt.EventQueue$3.run()Ljava/lang/Void;+12
j  java.awt.EventQueue$3.run()Ljava/lang/Object;+1
v  ~StubRoutines::call_stub
j  java.security.AccessController.doPrivileged(Ljava/security/PrivilegedAction;Ljava/security/AccessControlContext;)Ljava/lang/Object;+0
j  java.security.ProtectionDomain$1.doIntersectionPrivilege(Ljava/security/PrivilegedAction;Ljava/security/AccessControlContext;Ljava/security/AccessControlContext;)Ljava/lang/Object;+28
j  java.awt.EventQueue.dispatchEvent(Ljava/awt/AWTEvent;)V+46
j  java.awt.EventDispatchThread.pumpOneEventForFilters(I)V+245
j  java.awt.EventDispatchThread.pumpEventsForFilter(ILjava/awt/Conditional;Ljava/awt/EventFilter;)V+35
j  java.awt.EventDispatchThread.pumpEventsForHierarchy(ILjava/awt/Conditional;Ljava/awt/Component;)V+11
j  java.awt.EventDispatchThread.pumpEvents(ILjava/awt/Conditional;)V+4
j  java.awt.EventDispatchThread.pumpEvents(Ljava/awt/Conditional;)V+3
j  java.awt.EventDispatchThread.run()V+9
v  ~StubRoutines::call_stub

---------------  P R O C E S S  ---------------

Java Threads: ( => current thread )
  0x00007fa13c0da800 JavaThread "Thread-0" [_thread_in_native, id=9402, stack(0x00007fa180585000,0x00007fa180686000)]
  0x00007fa13c037800 JavaThread "Image Fetcher 0" daemon [_thread_blocked, id=9401, stack(0x00007fa180836000,0x00007fa180937000)]
  0x00007fa19000a000 JavaThread "DestroyJavaVM" [_thread_blocked, id=9384, stack(0x00007fa194603000,0x00007fa194704000)]
=>0x00007fa190240000 JavaThread "AWT-EventQueue-0" [_thread_in_native, id=9400, stack(0x00007fa180bb6000,0x00007fa180cb7000)]
  0x00007fa19023d800 JavaThread "AWT-Shutdown" [_thread_blocked, id=9399, stack(0x00007fa180cb7000,0x00007fa180db8000)]
  0x00007fa1901bb000 JavaThread "AWT-XAWT" daemon [_thread_in_native, id=9398, stack(0x00007fa181970000,0x00007fa181a71000)]
  0x00007fa19019a800 JavaThread "Java2D Disposer" daemon [_thread_blocked, id=9397, stack(0x00007fa181e81000,0x00007fa181f82000)]
  0x00007fa190097000 JavaThread "Service Thread" daemon [_thread_blocked, id=9395, stack(0x00007fa188154000,0x00007fa188255000)]
  0x00007fa190094800 JavaThread "C2 CompilerThread1" daemon [_thread_in_native, id=9394, stack(0x00007fa188255000,0x00007fa188356000)]
  0x00007fa190091800 JavaThread "C2 CompilerThread0" daemon [_thread_blocked, id=9393, stack(0x00007fa188356000,0x00007fa188457000)]
  0x00007fa19008f800 JavaThread "Signal Dispatcher" daemon [_thread_blocked, id=9392, stack(0x00007fa188457000,0x00007fa188558000)]
  0x00007fa190070000 JavaThread "Finalizer" daemon [_thread_blocked, id=9391, stack(0x00007fa188558000,0x00007fa188659000)]
  0x00007fa19006c000 JavaThread "Reference Handler" daemon [_thread_blocked, id=9390, stack(0x00007fa188659000,0x00007fa18875a000)]

Other Threads:
  0x00007fa190069800 VMThread [stack: 0x00007fa18875a000,0x00007fa18885b000] [id=9389]
  0x00007fa1900a1800 WatcherThread [stack: 0x00007fa188053000,0x00007fa188154000] [id=9396]

VM state:not at safepoint (normal execution)

VM Mutex/Monitor currently owned by a thread: None

Heap
 PSYoungGen      total 17920K, used 6197K [0x00000000ec080000, 0x00000000ed480000, 0x0000000100000000)
  eden space 15360K, 40% used [0x00000000ec080000,0x00000000ec68d698,0x00000000ecf80000)
  from space 2560K, 0% used [0x00000000ed200000,0x00000000ed200000,0x00000000ed480000)
  to   space 2560K, 0% used [0x00000000ecf80000,0x00000000ecf80000,0x00000000ed200000)
 ParOldGen       total 40448K, used 0K [0x00000000c4200000, 0x00000000c6980000, 0x00000000ec080000)
  object space 40448K, 0% used [0x00000000c4200000,0x00000000c4200000,0x00000000c6980000)
 PSPermGen       total 21504K, used 11331K [0x00000000bf000000, 0x00000000c0500000, 0x00000000c4200000)
  object space 21504K, 52% used [0x00000000bf000000,0x00000000bfb10e28,0x00000000c0500000)

Card table byte_map: [0x00007fa18c171000,0x00007fa18c37a000] byte_map_base: 0x00007fa18bb79000

Polling page: 0x00007fa196495000

Code Cache  [0x00007fa18c37a000, 0x00007fa18c5ea000, 0x00007fa18f37a000)
 total_blobs=497 nmethods=36 adapters=414 free_code_cache=48540Kb largest_free_block=49673344

Compilation events (10 events):
Event: 0.358 Thread 0x00007fa190094800   33             java.lang.CharacterData::of (120 bytes)
Event: 0.358 Thread 0x00007fa190094800 nmethod 33 0x00007fa18c40a3d0 code [0x00007fa18c40a520, 0x00007fa18c40a5f8]
Event: 0.358 Thread 0x00007fa190094800   34             java.lang.CharacterDataLatin1::getProperties (11 bytes)
Event: 0.359 Thread 0x00007fa190094800 nmethod 34 0x00007fa18c40a190 code [0x00007fa18c40a2c0, 0x00007fa18c40a338]
Event: 0.367 Thread 0x00007fa190094800   35             java.util.Arrays::copyOfRange (63 bytes)
Event: 0.369 Thread 0x00007fa190094800 nmethod 35 0x00007fa18c40cfd0 code [0x00007fa18c40d120, 0x00007fa18c40d338]
Event: 0.369 Thread 0x00007fa190091800 nmethod 32 0x00007fa18c418a10 code [0x00007fa18c418d00, 0x00007fa18c419ab0]
Event: 0.373 Thread 0x00007fa190094800   36             java.lang.String::toLowerCase (472 bytes)
Event: 0.373 Thread 0x00007fa190091800   37             java.lang.String::<init> (67 bytes)
Event: 0.376 Thread 0x00007fa190091800 nmethod 37 0x00007fa18c40ca50 code [0x00007fa18c40cba0, 0x00007fa18c40ce38]

GC Heap History (0 events):
No events

Deoptimization events (3 events):
Event: 0.121 Thread 0x00007fa19000a000 Uncommon trap: reason=class_check action=maybe_recompile pc=0x00007fa18c3fb78c method=java.util.Properties$LineReader.readLine()I @ 62
Event: 0.121 Thread 0x00007fa19000a000 Uncommon trap: reason=class_check action=maybe_recompile pc=0x00007fa18c3fb78c method=java.util.Properties$LineReader.readLine()I @ 62
Event: 0.122 Thread 0x00007fa19000a000 Uncommon trap: reason=class_check action=maybe_recompile pc=0x00007fa18c3fb78c method=java.util.Properties$LineReader.readLine()I @ 62

Internal exceptions (10 events):
Event: 0.196 Thread 0x00007fa190240000 Threw 0x00000000ec394120 at /HUDSON/workspace/7u-2-build-linux-amd64@2/jdk7u51/527/hotspot/src/share/vm/prims/jvm.cpp:1244
Event: 0.196 Thread 0x00007fa190240000 Threw 0x00000000ec395838 at /HUDSON/workspace/7u-2-build-linux-amd64@2/jdk7u51/527/hotspot/src/share/vm/prims/jvm.cpp:1244
Event: 0.197 Thread 0x00007fa190240000 Threw 0x00000000ec399378 at /HUDSON/workspace/7u-2-build-linux-amd64@2/jdk7u51/527/hotspot/src/share/vm/prims/jvm.cpp:1244
Event: 0.197 Thread 0x00007fa190240000 Threw 0x00000000ec39aa90 at /HUDSON/workspace/7u-2-build-linux-amd64@2/jdk7u51/527/hotspot/src/share/vm/prims/jvm.cpp:1244
Event: 0.259 Thread 0x00007fa190240000 Threw 0x00000000ec46b518 at /HUDSON/workspace/7u-2-build-linux-amd64@2/jdk7u51/527/hotspot/src/share/vm/prims/jvm.cpp:1244
Event: 0.261 Thread 0x00007fa190240000 Threw 0x00000000ec506ca8 at /HUDSON/workspace/7u-2-build-linux-amd64@2/jdk7u51/527/hotspot/src/share/vm/prims/jvm.cpp:1244
Event: 0.338 Thread 0x00007fa190240000 Threw 0x00000000ec5d4af0 at /HUDSON/workspace/7u-2-build-linux-amd64@2/jdk7u51/527/hotspot/src/share/vm/prims/jni.cpp:717
Event: 0.353 Thread 0x00007fa190240000 Threw 0x00000000ec5e7df0 at /HUDSON/workspace/7u-2-build-linux-amd64@2/jdk7u51/527/hotspot/src/share/vm/prims/jni.cpp:717
Event: 0.355 Thread 0x00007fa190240000 Threw 0x00000000ec5f97c0 at /HUDSON/workspace/7u-2-build-linux-amd64@2/jdk7u51/527/hotspot/src/share/vm/prims/jni.cpp:717
Event: 0.371 Thread 0x00007fa190240000 Threw 0x00000000ec60c730 at /HUDSON/workspace/7u-2-build-linux-amd64@2/jdk7u51/527/hotspot/src/share/vm/prims/jni.cpp:717

Events (10 events):
Event: 0.374 loading class 0x00007fa13c0fed10 done
Event: 0.374 loading class 0x00007fa1600770b0
Event: 0.374 loading class 0x00007fa1600770b0 done
Event: 0.375 loading class 0x00007fa13c0ff010
Event: 0.375 loading class 0x00007fa13c0ff010 done
Event: 0.375 loading class 0x00007fa13c0dfc20
Event: 0.375 loading class 0x00007fa13c0dfc20 done
Event: 0.376 loading class 0x00007fa13c0fed50
Event: 0.376 loading class 0x00007fa13c0fed50 done
Event: 0.377 Thread 0x00007fa13c0da800 Thread added: 0x00007fa13c0da800


Dynamic libraries:
00400000-00401000 r-xp 00000000 08:07 937188                             /usr/lib/jvm/jdk1.7.0_51/bin/java
00600000-00601000 rw-p 00000000 08:07 937188                             /usr/lib/jvm/jdk1.7.0_51/bin/java
00dcc000-00ded000 rw-p 00000000 00:00 0                                  [heap]
bf000000-c0500000 rw-p 00000000 00:00 0 
c0500000-c4200000 rw-p 00000000 00:00 0 
c4200000-c6980000 rw-p 00000000 00:00 0 
c6980000-ec080000 rw-p 00000000 00:00 0 
ec080000-ed480000 rw-p 00000000 00:00 0 
ed480000-100000000 rw-p 00000000 00:00 0 
7fa134000000-7fa134021000 rw-p 00000000 00:00 0 
7fa134021000-7fa138000000 ---p 00000000 00:00 0 
7fa13c000000-7fa13c100000 rw-p 00000000 00:00 0 
7fa13c100000-7fa140000000 ---p 00000000 00:00 0 
7fa140000000-7fa140051000 rw-p 00000000 00:00 0 
7fa140051000-7fa144000000 ---p 00000000 00:00 0 
7fa144000000-7fa144021000 rw-p 00000000 00:00 0 
7fa144021000-7fa148000000 ---p 00000000 00:00 0 
7fa148000000-7fa148021000 rw-p 00000000 00:00 0 
7fa148021000-7fa14c000000 ---p 00000000 00:00 0 
7fa14c000000-7fa14c021000 rw-p 00000000 00:00 0 
7fa14c021000-7fa150000000 ---p 00000000 00:00 0 
7fa150000000-7fa150021000 rw-p 00000000 00:00 0 
7fa150021000-7fa154000000 ---p 00000000 00:00 0 
7fa154000000-7fa1543a9000 rw-p 00000000 00:00 0 
7fa1543a9000-7fa158000000 ---p 00000000 00:00 0 
7fa158000000-7fa158021000 rw-p 00000000 00:00 0 
7fa158021000-7fa15c000000 ---p 00000000 00:00 0 
7fa15c000000-7fa15c021000 rw-p 00000000 00:00 0 
7fa15c021000-7fa160000000 ---p 00000000 00:00 0 
7fa160000000-7fa1602a9000 rw-p 00000000 00:00 0 
7fa1602a9000-7fa164000000 ---p 00000000 00:00 0 
7fa164000000-7fa164021000 rw-p 00000000 00:00 0 
7fa164021000-7fa168000000 ---p 00000000 00:00 0 
7fa168000000-7fa168021000 rw-p 00000000 00:00 0 
7fa168021000-7fa16c000000 ---p 00000000 00:00 0 
7fa16c000000-7fa16c021000 rw-p 00000000 00:00 0 
7fa16c021000-7fa170000000 ---p 00000000 00:00 0 
7fa170000000-7fa170021000 rw-p 00000000 00:00 0 
7fa170021000-7fa174000000 ---p 00000000 00:00 0 
7fa174000000-7fa174021000 rw-p 00000000 00:00 0 
7fa174021000-7fa178000000 ---p 00000000 00:00 0 
7fa17c000000-7fa17c021000 rw-p 00000000 00:00 0 
7fa17c021000-7fa180000000 ---p 00000000 00:00 0 
7fa180412000-7fa18041d000 r--s 00000000 08:07 2890696                    /var/cache/fontconfig/945677eb7aeaf62f1d50efc3fb3ec7d8-le64.cache-6
7fa18041d000-7fa180423000 r--s 00000000 08:07 2890678                    /var/cache/fontconfig/2cd17615ca594fa2959ae173292e504c-le64.cache-6
7fa180423000-7fa180424000 r--s 00000000 08:07 2890675                    /var/cache/fontconfig/0d8c3b2ac0904cb8a57a757ad11a4a08-le64.cache-6
7fa180424000-7fa180428000 r--s 00000000 08:07 2885053                    /var/cache/fontconfig/de156ccd2eddbdc19d37a45b8b2aac9c-le64.cache-6
7fa180428000-7fa18043d000 r--s 00000000 08:07 2890672                    /var/cache/fontconfig/04aabc0a78ac019cf9454389977116d2-le64.cache-6
7fa18043d000-7fa18043e000 r--s 00000000 08:07 2890677                    /var/cache/fontconfig/1ac9eb803944fde146138c791f5cc56a-le64.cache-6
7fa18043e000-7fa180442000 r--s 00000000 08:07 2890682                    /var/cache/fontconfig/385c0604a188198f04d133e54aba7fe7-le64.cache-6
7fa180442000-7fa180443000 r--s 00000000 08:07 2890709                    /var/cache/fontconfig/dc05db6664285cc2f12bf69c139ae4c3-le64.cache-6
7fa180443000-7fa180446000 r--s 00000000 08:07 2890692                    /var/cache/fontconfig/767a8244fc0220cfb567a839d0392e0b-le64.cache-6
7fa180446000-7fa180447000 r--s 00000000 08:07 2883743                    /var/cache/fontconfig/4794a0821666d79190d59a36cb4f44b5-le64.cache-6
7fa180447000-7fa18044c000 r--s 00000000 08:07 2890695                    /var/cache/fontconfig/8801497958630a81b71ace7c5f9b32a8-le64.cache-6
7fa18044c000-7fa18044d000 r--s 00000000 08:07 2890702                    /var/cache/fontconfig/bab58bb527bb656aaa9f116d68a48d89-le64.cache-6
7fa18044d000-7fa180454000 r--s 00000000 08:07 2890679                    /var/cache/fontconfig/3047814df9a2f067bd2d96a2b9c36e5a-le64.cache-6
7fa180454000-7fa180455000 r--s 00000000 08:07 2890686                    /var/cache/fontconfig/56cf4f4769d0f4abc89a4895d7bd3ae1-le64.cache-6
7fa180455000-7fa180456000 r--s 00000000 08:07 2890701                    /var/cache/fontconfig/b9d506c9ac06c20b433354fa67a72993-le64.cache-6
7fa180456000-7fa180469000 r--s 00000000 08:07 2890706                    /var/cache/fontconfig/d52a8644073d54c13679302ca1180695-le64.cache-6
7fa180469000-7fa180474000 r--s 00000000 08:07 2887795                    /var/cache/fontconfig/d589a48862398ed80a3d6066f4f56f4c-le64.cache-6
7fa180585000-7fa180588000 ---p 00000000 00:00 0 
7fa180588000-7fa180686000 rw-p 00000000 00:00 0 
7fa180686000-7fa180692000 r-xp 00000000 08:07 1835128                    /usr/lib/jvm/jdk1.7.0_51/jre/lib/amd64/librxtxSerial.so
7fa180692000-7fa180791000 ---p 0000c000 08:07 1835128                    /usr/lib/jvm/jdk1.7.0_51/jre/lib/amd64/librxtxSerial.so
7fa180791000-7fa180793000 rw-p 0000b000 08:07 1835128                    /usr/lib/jvm/jdk1.7.0_51/jre/lib/amd64/librxtxSerial.so
7fa180793000-7fa1807ac000 r--s 00000000 08:07 527849                     /usr/share/fonts/type1/gsfonts/n022004l.pfb
7fa1807ac000-7fa1807c5000 r--s 00000000 08:07 527834                     /usr/share/fonts/type1/gsfonts/n021003l.pfb
7fa1807c5000-7fa1807db000 r--s 00000000 08:07 527843                     /usr/share/fonts/type1/gsfonts/n021024l.pfb
7fa1807db000-7fa1807f1000 r--s 00000000 08:07 527852                     /usr/share/fonts/type1/gsfonts/n022023l.pfb
7fa1807f1000-7fa180808000 r--s 00000000 08:07 527840                     /usr/share/fonts/type1/gsfonts/n021023l.pfb
7fa180808000-7fa180819000 r--s 00000000 08:07 527816                     /usr/share/fonts/type1/gsfonts/n019023l.pfb
7fa180819000-7fa18082d000 r--s 00000000 08:07 527810                     /usr/share/fonts/type1/gsfonts/n019003l.pfb
7fa18082d000-7fa180836000 r--s 00000000 08:07 527870                     /usr/share/fonts/type1/gsfonts/s050000l.pfb
7fa180836000-7fa180839000 ---p 00000000 00:00 0 
7fa180839000-7fa180937000 rw-p 00000000 00:00 0 
7fa180937000-7fa18099f000 r-xp 00000000 08:07 1836082                    /usr/lib/jvm/jdk1.7.0_51/jre/lib/amd64/libt2k.so
7fa18099f000-7fa180b9f000 ---p 00068000 08:07 1836082                    /usr/lib/jvm/jdk1.7.0_51/jre/lib/amd64/libt2k.so
7fa180b9f000-7fa180ba6000 rw-p 00068000 08:07 1836082                    /usr/lib/jvm/jdk1.7.0_51/jre/lib/amd64/libt2k.so
7fa180ba6000-7fa180bb6000 rw-p 00000000 00:00 0 
7fa180bb6000-7fa180bb9000 ---p 00000000 00:00 0 
7fa180bb9000-7fa180cb7000 rw-p 00000000 00:00 0 
7fa180cb7000-7fa180cba000 ---p 00000000 00:00 0 
7fa180cba000-7fa180db8000 rw-p 00000000 00:00 0 
7fa180db8000-7fa180dc8000 r-xp 00000000 08:07 1836051                    /usr/lib/jvm/jdk1.7.0_51/jre/lib/amd64/libnio.so
7fa180dc8000-7fa180fc8000 ---p 00010000 08:07 1836051                    /usr/lib/jvm/jdk1.7.0_51/jre/lib/amd64/libnio.so
7fa180fc8000-7fa180fc9000 rw-p 00010000 08:07 1836051                    /usr/lib/jvm/jdk1.7.0_51/jre/lib/amd64/libnio.so
7fa180fc9000-7fa1812ca000 rw-p 00000000 00:00 0 
7fa1812ca000-7fa1812e0000 r-xp 00000000 08:07 1836056                    /usr/lib/jvm/jdk1.7.0_51/jre/lib/amd64/libnet.so
7fa1812e0000-7fa1814e0000 ---p 00016000 08:07 1836056                    /usr/lib/jvm/jdk1.7.0_51/jre/lib/amd64/libnet.so
7fa1814e0000-7fa1814e1000 rw-p 00016000 08:07 1836056                    /usr/lib/jvm/jdk1.7.0_51/jre/lib/amd64/libnet.so
7fa1814e1000-7fa1814f7000 r-xp 00000000 08:07 2364498                    /lib/x86_64-linux-gnu/libgcc_s.so.1
7fa1814f7000-7fa1816f6000 ---p 00016000 08:07 2364498                    /lib/x86_64-linux-gnu/libgcc_s.so.1
7fa1816f6000-7fa1816f7000 rw-p 00015000 08:07 2364498                    /lib/x86_64-linux-gnu/libgcc_s.so.1
7fa1816f7000-7fa18175c000 r-xp 00000000 08:07 1836052                    /usr/lib/jvm/jdk1.7.0_51/jre/lib/amd64/libfontmanager.so
7fa18175c000-7fa18195b000 ---p 00065000 08:07 1836052                    /usr/lib/jvm/jdk1.7.0_51/jre/lib/amd64/libfontmanager.so
7fa18195b000-7fa18195f000 rw-p 00064000 08:07 1836052                    /usr/lib/jvm/jdk1.7.0_51/jre/lib/amd64/libfontmanager.so
7fa18195f000-7fa181970000 rw-p 00000000 00:00 0 
7fa181970000-7fa181973000 ---p 00000000 00:00 0 
7fa181973000-7fa181a71000 rw-p 00000000 00:00 0 
7fa181a71000-7fa181a76000 r-xp 00000000 08:07 2762080                    /usr/lib/x86_64-linux-gnu/libXfixes.so.3.1.0
7fa181a76000-7fa181c75000 ---p 00005000 08:07 2762080                    /usr/lib/x86_64-linux-gnu/libXfixes.so.3.1.0
7fa181c75000-7fa181c76000 r--p 00004000 08:07 2762080                    /usr/lib/x86_64-linux-gnu/libXfixes.so.3.1.0
7fa181c76000-7fa181c77000 rw-p 00005000 08:07 2762080                    /usr/lib/x86_64-linux-gnu/libXfixes.so.3.1.0
7fa181c77000-7fa181c80000 r-xp 00000000 08:07 2762072                    /usr/lib/x86_64-linux-gnu/libXcursor.so.1.0.2
7fa181c80000-7fa181e7f000 ---p 00009000 08:07 2762072                    /usr/lib/x86_64-linux-gnu/libXcursor.so.1.0.2
7fa181e7f000-7fa181e80000 r--p 00008000 08:07 2762072                    /usr/lib/x86_64-linux-gnu/libXcursor.so.1.0.2
7fa181e80000-7fa181e81000 rw-p 00009000 08:07 2762072                    /usr/lib/x86_64-linux-gnu/libXcursor.so.1.0.2
7fa181e81000-7fa181e84000 ---p 00000000 00:00 0 
7fa181e84000-7fa181f82000 rw-p 00000000 00:00 0 
7fa181f82000-7fa181f87000 r-xp 00000000 08:07 2762076                    /usr/lib/x86_64-linux-gnu/libXdmcp.so.6.0.0
7fa181f87000-7fa182186000 ---p 00005000 08:07 2762076                    /usr/lib/x86_64-linux-gnu/libXdmcp.so.6.0.0
7fa182186000-7fa182187000 r--p 00004000 08:07 2762076                    /usr/lib/x86_64-linux-gnu/libXdmcp.so.6.0.0
7fa182187000-7fa182188000 rw-p 00005000 08:07 2762076                    /usr/lib/x86_64-linux-gnu/libXdmcp.so.6.0.0
7fa182188000-7fa18218a000 r-xp 00000000 08:07 2762065                    /usr/lib/x86_64-linux-gnu/libXau.so.6.0.0
7fa18218a000-7fa18238a000 ---p 00002000 08:07 2762065                    /usr/lib/x86_64-linux-gnu/libXau.so.6.0.0
7fa18238a000-7fa18238b000 r--p 00002000 08:07 2762065                    /usr/lib/x86_64-linux-gnu/libXau.so.6.0.0
7fa18238b000-7fa18238c000 rw-p 00003000 08:07 2762065                    /usr/lib/x86_64-linux-gnu/libXau.so.6.0.0
7fa18238c000-7fa1823ad000 r-xp 00000000 08:07 2763443                    /usr/lib/x86_64-linux-gnu/libxcb.so.1.1.0
7fa1823ad000-7fa1825ac000 ---p 00021000 08:07 2763443                    /usr/lib/x86_64-linux-gnu/libxcb.so.1.1.0
7fa1825ac000-7fa1825ad000 r--p 00020000 08:07 2763443                    /usr/lib/x86_64-linux-gnu/libxcb.so.1.1.0
7fa1825ad000-7fa1825ae000 rw-p 00021000 08:07 2763443                    /usr/lib/x86_64-linux-gnu/libxcb.so.1.1.0
7fa1825ae000-7fa1825bd000 r-xp 00000000 08:07 2762086                    /usr/lib/x86_64-linux-gnu/libXi.so.6.1.0
7fa1825bd000-7fa1827bc000 ---p 0000f000 08:07 2762086                    /usr/lib/x86_64-linux-gnu/libXi.so.6.1.0
7fa1827bc000-7fa1827bd000 r--p 0000e000 08:07 2762086                    /usr/lib/x86_64-linux-gnu/libXi.so.6.1.0
7fa1827bd000-7fa1827be000 rw-p 0000f000 08:07 2762086                    /usr/lib/x86_64-linux-gnu/libXi.so.6.1.0
7fa1827be000-7fa1827c3000 r-xp 00000000 08:07 2762104                    /usr/lib/x86_64-linux-gnu/libXtst.so.6.1.0
7fa1827c3000-7fa1829c2000 ---p 00005000 08:07 2762104                    /usr/lib/x86_64-linux-gnu/libXtst.so.6.1.0
7fa1829c2000-7fa1829c3000 r--p 00004000 08:07 2762104                    /usr/lib/x86_64-linux-gnu/libXtst.so.6.1.0
7fa1829c3000-7fa1829c4000 rw-p 00005000 08:07 2762104                    /usr/lib/x86_64-linux-gnu/libXtst.so.6.1.0
7fa1829c4000-7fa1829cd000 r-xp 00000000 08:07 2762098                    /usr/lib/x86_64-linux-gnu/libXrender.so.1.3.0
7fa1829cd000-7fa182bcc000 ---p 00009000 08:07 2762098                    /usr/lib/x86_64-linux-gnu/libXrender.so.1.3.0
7fa182bcc000-7fa182bcd000 r--p 00008000 08:07 2762098                    /usr/lib/x86_64-linux-gnu/libXrender.so.1.3.0
7fa182bcd000-7fa182bce000 rw-p 00009000 08:07 2762098                    /usr/lib/x86_64-linux-gnu/libXrender.so.1.3.0
7fa182bce000-7fa182d03000 r-xp 00000000 08:07 2762061                    /usr/lib/x86_64-linux-gnu/libX11.so.6.3.0
7fa182d03000-7fa182f03000 ---p 00135000 08:07 2762061                    /usr/lib/x86_64-linux-gnu/libX11.so.6.3.0
7fa182f03000-7fa182f04000 r--p 00135000 08:07 2762061                    /usr/lib/x86_64-linux-gnu/libX11.so.6.3.0
7fa182f04000-7fa182f08000 rw-p 00136000 08:07 2762061                    /usr/lib/x86_64-linux-gnu/libX11.so.6.3.0
7fa182f08000-7fa182f19000 r-xp 00000000 08:07 2762078                    /usr/lib/x86_64-linux-gnu/libXext.so.6.4.0
7fa182f19000-7fa183118000 ---p 00011000 08:07 2762078                    /usr/lib/x86_64-linux-gnu/libXext.so.6.4.0
7fa183118000-7fa183119000 r--p 00010000 08:07 2762078                    /usr/lib/x86_64-linux-gnu/libXext.so.6.4.0
7fa183119000-7fa18311a000 rw-p 00011000 08:07 2762078                    /usr/lib/x86_64-linux-gnu/libXext.so.6.4.0
7fa18311a000-7fa18316a000 r-xp 00000000 08:07 1836094                    /usr/lib/jvm/jdk1.7.0_51/jre/lib/amd64/xawt/libmawt.so
7fa18316a000-7fa18336a000 ---p 00050000 08:07 1836094                    /usr/lib/jvm/jdk1.7.0_51/jre/lib/amd64/xawt/libmawt.so
7fa18336a000-7fa18336e000 rw-p 00050000 08:07 1836094                    /usr/lib/jvm/jdk1.7.0_51/jre/lib/amd64/xawt/libmawt.so
7fa18336e000-7fa18336f000 rw-p 00000000 00:00 0 
7fa18336f000-7fa183411000 r-xp 00000000 08:07 1836064                    /usr/lib/jvm/jdk1.7.0_51/jre/lib/amd64/libawt.so
7fa183411000-7fa183611000 ---p 000a2000 08:07 1836064                    /usr/lib/jvm/jdk1.7.0_51/jre/lib/amd64/libawt.so
7fa183611000-7fa18361d000 rw-p 000a2000 08:07 1836064                    /usr/lib/jvm/jdk1.7.0_51/jre/lib/amd64/libawt.so
7fa18361d000-7fa183641000 rw-p 00000000 00:00 0 
7fa183641000-7fa184000000 r--p 00000000 08:07 2760681                    /usr/lib/locale/locale-archive
7fa184000000-7fa184021000 rw-p 00000000 00:00 0 
7fa184021000-7fa188000000 ---p 00000000 00:00 0 
7fa188000000-7fa188006000 r--s 00000000 08:07 2890700                    /var/cache/fontconfig/b47c4e1ecd0709278f4910c18777a504-le64.cache-6
7fa188006000-7fa188007000 r--s 00000000 08:07 2890685                    /var/cache/fontconfig/551ecf3b0e8b0bca0f25c0944f561853-le64.cache-6
7fa188007000-7fa18800a000 r--s 00000000 08:07 2890691                    /var/cache/fontconfig/75114ca45c98e8a441da0ff356701271-le64.cache-6
7fa18800a000-7fa188015000 r--s 00000000 08:07 2890694                    /var/cache/fontconfig/83bf95040141907cd45bb53cf7c1c148-le64.cache-6
7fa188015000-7fa188027000 r--s 00000000 08:07 2886108                    /var/cache/fontconfig/9b89f8e3dae116d678bbf48e5f21f69b-le64.cache-6
7fa188027000-7fa18802a000 r--s 00000000 08:07 2890710                    /var/cache/fontconfig/e13b20fdb08344e0e664864cc2ede53d-le64.cache-6
7fa18802a000-7fa18802e000 r--s 00000000 08:07 2883629                    /var/cache/fontconfig/7ef2298fde41cc6eeb7af42e48b7d293-le64.cache-6
7fa18802e000-7fa188053000 r--p 00000000 08:07 397003                     /usr/share/locale-langpack/es/LC_MESSAGES/libc.mo
7fa188053000-7fa188054000 ---p 00000000 00:00 0 
7fa188054000-7fa188154000 rw-p 00000000 00:00 0 
7fa188154000-7fa188157000 ---p 00000000 00:00 0 
7fa188157000-7fa188255000 rw-p 00000000 00:00 0 
7fa188255000-7fa188258000 ---p 00000000 00:00 0 
7fa188258000-7fa188356000 rw-p 00000000 00:00 0 
7fa188356000-7fa188359000 ---p 00000000 00:00 0 
7fa188359000-7fa188457000 rw-p 00000000 00:00 0 
7fa188457000-7fa18845a000 ---p 00000000 00:00 0 
7fa18845a000-7fa188558000 rw-p 00000000 00:00 0 
7fa188558000-7fa18855b000 ---p 00000000 00:00 0 
7fa18855b000-7fa188659000 rw-p 00000000 00:00 0 
7fa188659000-7fa18865c000 ---p 00000000 00:00 0 
7fa18865c000-7fa18875a000 rw-p 00000000 00:00 0 
7fa18875a000-7fa18875b000 ---p 00000000 00:00 0 
7fa18875b000-7fa189818000 rw-p 00000000 00:00 0 
7fa189818000-7fa1899d5000 r--s 039bf000 08:07 1057153                    /usr/lib/jvm/jdk1.7.0_51/jre/lib/rt.jar
7fa1899d5000-7fa18bd2e000 rw-p 00000000 00:00 0 
7fa18bd2e000-7fa18bd2f000 ---p 00000000 00:00 0 
7fa18bd2f000-7fa18be2f000 rw-p 00000000 00:00 0 
7fa18be2f000-7fa18be30000 ---p 00000000 00:00 0 
7fa18be30000-7fa18bf30000 rw-p 00000000 00:00 0 
7fa18bf30000-7fa18bf31000 ---p 00000000 00:00 0 
7fa18bf31000-7fa18c045000 rw-p 00000000 00:00 0 
7fa18c045000-7fa18c171000 rw-p 00000000 00:00 0 
7fa18c171000-7fa18c17c000 rw-p 00000000 00:00 0 
7fa18c17c000-7fa18c19a000 rw-p 00000000 00:00 0 
7fa18c19a000-7fa18c1ae000 rw-p 00000000 00:00 0 
7fa18c1ae000-7fa18c2d9000 rw-p 00000000 00:00 0 
7fa18c2d9000-7fa18c2e4000 rw-p 00000000 00:00 0 
7fa18c2e4000-7fa18c379000 rw-p 00000000 00:00 0 
7fa18c379000-7fa18c37a000 rw-p 00000000 00:00 0 
7fa18c37a000-7fa18c5ea000 rwxp 00000000 00:00 0 
7fa18c5ea000-7fa18f37a000 rw-p 00000000 00:00 0 
7fa18f37a000-7fa18f394000 r-xp 00000000 08:07 1836101                    /usr/lib/jvm/jdk1.7.0_51/jre/lib/amd64/libzip.so
7fa18f394000-7fa18f594000 ---p 0001a000 08:07 1836101                    /usr/lib/jvm/jdk1.7.0_51/jre/lib/amd64/libzip.so
7fa18f594000-7fa18f595000 rw-p 0001a000 08:07 1836101                    /usr/lib/jvm/jdk1.7.0_51/jre/lib/amd64/libzip.so
7fa18f595000-7fa18f5a0000 r-xp 00000000 08:07 2364559                    /lib/x86_64-linux-gnu/libnss_files-2.23.so
7fa18f5a0000-7fa18f79f000 ---p 0000b000 08:07 2364559                    /lib/x86_64-linux-gnu/libnss_files-2.23.so
7fa18f79f000-7fa18f7a0000 r--p 0000a000 08:07 2364559                    /lib/x86_64-linux-gnu/libnss_files-2.23.so
7fa18f7a0000-7fa18f7a1000 rw-p 0000b000 08:07 2364559                    /lib/x86_64-linux-gnu/libnss_files-2.23.so
7fa18f7a1000-7fa18f7a7000 rw-p 00000000 00:00 0 
7fa18f7a7000-7fa18f7b2000 r-xp 00000000 08:07 2364569                    /lib/x86_64-linux-gnu/libnss_nis-2.23.so
7fa18f7b2000-7fa18f9b1000 ---p 0000b000 08:07 2364569                    /lib/x86_64-linux-gnu/libnss_nis-2.23.so
7fa18f9b1000-7fa18f9b2000 r--p 0000a000 08:07 2364569                    /lib/x86_64-linux-gnu/libnss_nis-2.23.so
7fa18f9b2000-7fa18f9b3000 rw-p 0000b000 08:07 2364569                    /lib/x86_64-linux-gnu/libnss_nis-2.23.so
7fa18f9b3000-7fa18f9c9000 r-xp 00000000 08:07 2364553                    /lib/x86_64-linux-gnu/libnsl-2.23.so
7fa18f9c9000-7fa18fbc8000 ---p 00016000 08:07 2364553                    /lib/x86_64-linux-gnu/libnsl-2.23.so
7fa18fbc8000-7fa18fbc9000 r--p 00015000 08:07 2364553                    /lib/x86_64-linux-gnu/libnsl-2.23.so
7fa18fbc9000-7fa18fbca000 rw-p 00016000 08:07 2364553                    /lib/x86_64-linux-gnu/libnsl-2.23.so
7fa18fbca000-7fa18fbcc000 rw-p 00000000 00:00 0 
7fa18fbcc000-7fa18fbd4000 r-xp 00000000 08:07 2364555                    /lib/x86_64-linux-gnu/libnss_compat-2.23.so
7fa18fbd4000-7fa18fdd3000 ---p 00008000 08:07 2364555                    /lib/x86_64-linux-gnu/libnss_compat-2.23.so
7fa18fdd3000-7fa18fdd4000 r--p 00007000 08:07 2364555                    /lib/x86_64-linux-gnu/libnss_compat-2.23.so
7fa18fdd4000-7fa18fdd5000 rw-p 00008000 08:07 2364555                    /lib/x86_64-linux-gnu/libnss_compat-2.23.so
7fa18fdd5000-7fa18fdfe000 r-xp 00000000 08:07 1836085                    /usr/lib/jvm/jdk1.7.0_51/jre/lib/amd64/libjava.so
7fa18fdfe000-7fa18fffe000 ---p 00029000 08:07 1836085                    /usr/lib/jvm/jdk1.7.0_51/jre/lib/amd64/libjava.so
7fa18fffe000-7fa190000000 rw-p 00029000 08:07 1836085                    /usr/lib/jvm/jdk1.7.0_51/jre/lib/amd64/libjava.so
7fa190000000-7fa190249000 rw-p 00000000 00:00 0 
7fa190249000-7fa194000000 ---p 00000000 00:00 0 
7fa194000000-7fa19400b000 r--s 0037c000 08:07 1057110                    /usr/lib/jvm/jdk1.7.0_51/jre/lib/charsets.jar
7fa19400b000-7fa19402c000 rw-p 00000000 00:00 0 
7fa19402c000-7fa19402d000 ---p 00000000 00:00 0 
7fa19402d000-7fa194137000 rw-p 00000000 00:00 0 
7fa194137000-7fa1941ed000 rw-p 00000000 00:00 0 
7fa1941ed000-7fa1941fa000 r-xp 00000000 08:07 1836083                    /usr/lib/jvm/jdk1.7.0_51/jre/lib/amd64/libverify.so
7fa1941fa000-7fa1943f9000 ---p 0000d000 08:07 1836083                    /usr/lib/jvm/jdk1.7.0_51/jre/lib/amd64/libverify.so
7fa1943f9000-7fa1943fb000 rw-p 0000c000 08:07 1836083                    /usr/lib/jvm/jdk1.7.0_51/jre/lib/amd64/libverify.so
7fa1943fb000-7fa194402000 r-xp 00000000 08:07 2364614                    /lib/x86_64-linux-gnu/librt-2.23.so
7fa194402000-7fa194601000 ---p 00007000 08:07 2364614                    /lib/x86_64-linux-gnu/librt-2.23.so
7fa194601000-7fa194602000 r--p 00006000 08:07 2364614                    /lib/x86_64-linux-gnu/librt-2.23.so
7fa194602000-7fa194603000 rw-p 00007000 08:07 2364614                    /lib/x86_64-linux-gnu/librt-2.23.so
7fa194603000-7fa194606000 ---p 00000000 00:00 0 
7fa194606000-7fa194704000 rw-p 00000000 00:00 0 
7fa194704000-7fa19480c000 r-xp 00000000 08:07 2364530                    /lib/x86_64-linux-gnu/libm-2.23.so
7fa19480c000-7fa194a0b000 ---p 00108000 08:07 2364530                    /lib/x86_64-linux-gnu/libm-2.23.so
7fa194a0b000-7fa194a0c000 r--p 00107000 08:07 2364530                    /lib/x86_64-linux-gnu/libm-2.23.so
7fa194a0c000-7fa194a0d000 rw-p 00108000 08:07 2364530                    /lib/x86_64-linux-gnu/libm-2.23.so
7fa194a0d000-7fa19556f000 r-xp 00000000 08:07 1836091                    /usr/lib/jvm/jdk1.7.0_51/jre/lib/amd64/server/libjvm.so
7fa19556f000-7fa19576f000 ---p 00b62000 08:07 1836091                    /usr/lib/jvm/jdk1.7.0_51/jre/lib/amd64/server/libjvm.so
7fa19576f000-7fa195832000 rw-p 00b62000 08:07 1836091                    /usr/lib/jvm/jdk1.7.0_51/jre/lib/amd64/server/libjvm.so
7fa195832000-7fa195873000 rw-p 00000000 00:00 0 
7fa195873000-7fa195a33000 r-xp 00000000 08:07 2364460                    /lib/x86_64-linux-gnu/libc-2.23.so
7fa195a33000-7fa195c32000 ---p 001c0000 08:07 2364460                    /lib/x86_64-linux-gnu/libc-2.23.so
7fa195c32000-7fa195c36000 r--p 001bf000 08:07 2364460                    /lib/x86_64-linux-gnu/libc-2.23.so
7fa195c36000-7fa195c38000 rw-p 001c3000 08:07 2364460                    /lib/x86_64-linux-gnu/libc-2.23.so
7fa195c38000-7fa195c3c000 rw-p 00000000 00:00 0 
7fa195c3c000-7fa195c3f000 r-xp 00000000 08:07 2364484                    /lib/x86_64-linux-gnu/libdl-2.23.so
7fa195c3f000-7fa195e3e000 ---p 00003000 08:07 2364484                    /lib/x86_64-linux-gnu/libdl-2.23.so
7fa195e3e000-7fa195e3f000 r--p 00002000 08:07 2364484                    /lib/x86_64-linux-gnu/libdl-2.23.so
7fa195e3f000-7fa195e40000 rw-p 00003000 08:07 2364484                    /lib/x86_64-linux-gnu/libdl-2.23.so
7fa195e40000-7fa195e56000 r-xp 00000000 08:07 1056839                    /usr/lib/jvm/jdk1.7.0_51/lib/amd64/jli/libjli.so
7fa195e56000-7fa196056000 ---p 00016000 08:07 1056839                    /usr/lib/jvm/jdk1.7.0_51/lib/amd64/jli/libjli.so
7fa196056000-7fa196057000 rw-p 00016000 08:07 1056839                    /usr/lib/jvm/jdk1.7.0_51/lib/amd64/jli/libjli.so
7fa196057000-7fa19606f000 r-xp 00000000 08:07 2364606                    /lib/x86_64-linux-gnu/libpthread-2.23.so
7fa19606f000-7fa19626e000 ---p 00018000 08:07 2364606                    /lib/x86_64-linux-gnu/libpthread-2.23.so
7fa19626e000-7fa19626f000 r--p 00017000 08:07 2364606                    /lib/x86_64-linux-gnu/libpthread-2.23.so
7fa19626f000-7fa196270000 rw-p 00018000 08:07 2364606                    /lib/x86_64-linux-gnu/libpthread-2.23.so
7fa196270000-7fa196274000 rw-p 00000000 00:00 0 
7fa196274000-7fa19629a000 r-xp 00000000 08:07 2364432                    /lib/x86_64-linux-gnu/ld-2.23.so
7fa19629a000-7fa19629b000 r--s 00000000 08:07 2890680                    /var/cache/fontconfig/30829fa25452a46451e813d634d7f916-le64.cache-6
7fa19629b000-7fa1962a2000 r--s 00000000 08:07 3016614                    /usr/lib/x86_64-linux-gnu/gconv/gconv-modules.cache
7fa1962a2000-7fa1962a4000 r--s 0000d000 08:08 3412122                    /home/kcrez/Documentos/JavaDuino/library/rxtx2.1/RXTXcomm.jar
7fa1962a4000-7fa1962a6000 r--s 0000d000 08:07 1835127                    /usr/lib/jvm/jdk1.7.0_51/jre/lib/ext/RXTXcomm.jar
7fa1962a6000-7fa1962fa000 rw-p 00000000 00:00 0 
7fa1962fa000-7fa196318000 rw-p 00000000 00:00 0 
7fa196318000-7fa19631c000 rw-p 00000000 00:00 0 
7fa19631c000-7fa196360000 r-xp 00000000 08:07 1052366                    /opt/eset/esets/lib/libesets_pac.so
7fa196360000-7fa196460000 ---p 00044000 08:07 1052366                    /opt/eset/esets/lib/libesets_pac.so
7fa196460000-7fa196463000 rw-p 00044000 08:07 1052366                    /opt/eset/esets/lib/libesets_pac.so
7fa196463000-7fa196476000 rw-p 00000000 00:00 0 
7fa196476000-7fa196477000 r--s 00000000 08:07 2890674                    /var/cache/fontconfig/0c9eb80ebd1c36541ebe2852d3bb0c49-le64.cache-6
7fa196477000-7fa19648c000 rw-p 00000000 00:00 0 
7fa19648c000-7fa196494000 rw-s 00000000 08:07 2097228                    /tmp/hsperfdata_kcrez/9379
7fa196494000-7fa196495000 rw-p 00000000 00:00 0 
7fa196495000-7fa196496000 r--p 00000000 00:00 0 
7fa196496000-7fa196499000 rw-p 00000000 00:00 0 
7fa196499000-7fa19649a000 r--p 00025000 08:07 2364432                    /lib/x86_64-linux-gnu/ld-2.23.so
7fa19649a000-7fa19649b000 rw-p 00026000 08:07 2364432                    /lib/x86_64-linux-gnu/ld-2.23.so
7fa19649b000-7fa19649c000 rw-p 00000000 00:00 0 
7ffd9d082000-7ffd9d0a3000 rw-p 00000000 00:00 0                          [stack]
7ffd9d1f4000-7ffd9d1f6000 r--p 00000000 00:00 0                          [vvar]
7ffd9d1f6000-7ffd9d1f8000 r-xp 00000000 00:00 0                          [vdso]
ffffffffff600000-ffffffffff601000 r-xp 00000000 00:00 0                  [vsyscall]

VM Arguments:
jvm_args: -Dfile.encoding=UTF-8 -Djava.library.path=/home/kcrez/Documentos/JavaDuino/library/rxtx2.1 
java_command: PPD_Frame
Launcher Type: SUN_STANDARD

Environment Variables:
PATH=/usr/local/sbin:/usr/local/bin:/usr/sbin:/usr/bin:/sbin:/bin:/usr/games:/usr/local/games:/snap/bin
LD_LIBRARY_PATH=/usr/lib/jvm/jdk1.7.0_51/jre/lib/amd64:/usr/lib/jvm/jdk1.7.0_51/jre/lib/i386:
SHELL=/bin/bash
DISPLAY=:0

Signal Handlers:
SIGSEGV: [libjvm.so+0x993870], sa_mask[0]=0x7ffbfeff, sa_flags=0x10000004
SIGBUS: [libjvm.so+0x993870], sa_mask[0]=0x7ffbfeff, sa_flags=0x10000004
SIGFPE: [libjvm.so+0x8105b0], sa_mask[0]=0x7ffbfeff, sa_flags=0x10000004
SIGPIPE: [libjvm.so+0x8105b0], sa_mask[0]=0x7ffbfeff, sa_flags=0x10000004
SIGXFSZ: [libjvm.so+0x8105b0], sa_mask[0]=0x7ffbfeff, sa_flags=0x10000004
SIGILL: [libjvm.so+0x8105b0], sa_mask[0]=0x7ffbfeff, sa_flags=0x10000004
SIGUSR1: SIG_DFL, sa_mask[0]=0x00000000, sa_flags=0x00000000
SIGUSR2: [libjvm.so+0x811aa0], sa_mask[0]=0x00000004, sa_flags=0x10000004
SIGHUP: [libjvm.so+0x812a10], sa_mask[0]=0x7ffbfeff, sa_flags=0x10000004
SIGINT: SIG_IGN, sa_mask[0]=0x00000000, sa_flags=0x00000000
SIGTERM: [libjvm.so+0x812a10], sa_mask[0]=0x7ffbfeff, sa_flags=0x10000004
SIGQUIT: [libjvm.so+0x812a10], sa_mask[0]=0x7ffbfeff, sa_flags=0x10000004


---------------  S Y S T E M  ---------------

OS:stretch/sid

uname:Linux 4.4.0-22-generic #40-Ubuntu SMP Thu May 12 22:03:46 UTC 2016 x86_64
libc:glibc 2.23 NPTL 2.23 
rlimit: STACK 8192k, CORE 0k, NPROC 15146, NOFILE 65536, AS infinity
load average:0.37 0.53 0.56

/proc/meminfo:
MemTotal:        3916240 kB
MemFree:          125288 kB
MemAvailable:    1529464 kB
Buffers:           92368 kB
Cached:          1452204 kB
SwapCached:           60 kB
Active:          2581660 kB
Inactive:        1014636 kB
Active(anon):    1743068 kB
Inactive(anon):   504204 kB
Active(file):     838592 kB
Inactive(file):   510432 kB
Unevictable:          48 kB
Mlocked:              48 kB
SwapTotal:       7812088 kB
SwapFree:        7809404 kB
Dirty:               484 kB
Writeback:             0 kB
AnonPages:       2051852 kB
Mapped:           335852 kB
Shmem:            195556 kB
Slab:             118648 kB
SReclaimable:      84384 kB
SUnreclaim:        34264 kB
KernelStack:        9952 kB
PageTables:        33552 kB
NFS_Unstable:          0 kB
Bounce:                0 kB
WritebackTmp:          0 kB
CommitLimit:     9770208 kB
Committed_AS:    6343960 kB
VmallocTotal:   34359738367 kB
VmallocUsed:           0 kB
VmallocChunk:          0 kB
HardwareCorrupted:     0 kB
AnonHugePages:    917504 kB
CmaTotal:              0 kB
CmaFree:               0 kB
HugePages_Total:       0
HugePages_Free:        0
HugePages_Rsvd:        0
HugePages_Surp:        0
Hugepagesize:       2048 kB
DirectMap4k:      138012 kB
DirectMap2M:     3926016 kB
DirectMap1G:           0 kB


CPU:total 4 (2 cores per cpu, 2 threads per core) family 6 model 60 stepping 3, cmov, cx8, fxsr, mmx, sse, sse2, sse3, ssse3, sse4.1, sse4.2, popcnt, avx, avx2, aes, erms, ht, tsc, tscinvbit

/proc/cpuinfo:
processor	: 0
vendor_id	: GenuineIntel
cpu family	: 6
model		: 60
model name	: Intel(R) Core(TM) i3-4170 CPU @ 3.70GHz
stepping	: 3
microcode	: 0x1e
cpu MHz		: 3699.855
cache size	: 3072 KB
physical id	: 0
siblings	: 4
core id		: 0
cpu cores	: 2
apicid		: 0
initial apicid	: 0
fpu		: yes
fpu_exception	: yes
cpuid level	: 13
wp		: yes
flags		: fpu vme de pse tsc msr pae mce cx8 apic sep mtrr pge mca cmov pat pse36 clflush dts acpi mmx fxsr sse sse2 ss ht tm pbe syscall nx pdpe1gb rdtscp lm constant_tsc arch_perfmon pebs bts rep_good nopl xtopology nonstop_tsc aperfmperf eagerfpu pni pclmulqdq dtes64 monitor ds_cpl vmx est tm2 ssse3 sdbg fma cx16 xtpr pdcm pcid sse4_1 sse4_2 movbe popcnt tsc_deadline_timer aes xsave avx f16c rdrand lahf_lm abm epb tpr_shadow vnmi flexpriority ept vpid fsgsbase tsc_adjust bmi1 avx2 smep bmi2 erms invpcid xsaveopt dtherm arat pln pts
bugs		:
bogomips	: 7383.02
clflush size	: 64
cache_alignment	: 64
address sizes	: 39 bits physical, 48 bits virtual
power management:

processor	: 1
vendor_id	: GenuineIntel
cpu family	: 6
model		: 60
model name	: Intel(R) Core(TM) i3-4170 CPU @ 3.70GHz
stepping	: 3
microcode	: 0x1e
cpu MHz		: 3699.855
cache size	: 3072 KB
physical id	: 0
siblings	: 4
core id		: 1
cpu cores	: 2
apicid		: 2
initial apicid	: 2
fpu		: yes
fpu_exception	: yes
cpuid level	: 13
wp		: yes
flags		: fpu vme de pse tsc msr pae mce cx8 apic sep mtrr pge mca cmov pat pse36 clflush dts acpi mmx fxsr sse sse2 ss ht tm pbe syscall nx pdpe1gb rdtscp lm constant_tsc arch_perfmon pebs bts rep_good nopl xtopology nonstop_tsc aperfmperf eagerfpu pni pclmulqdq dtes64 monitor ds_cpl vmx est tm2 ssse3 sdbg fma cx16 xtpr pdcm pcid sse4_1 sse4_2 movbe popcnt tsc_deadline_timer aes xsave avx f16c rdrand lahf_lm abm epb tpr_shadow vnmi flexpriority ept vpid fsgsbase tsc_adjust bmi1 avx2 smep bmi2 erms invpcid xsaveopt dtherm arat pln pts
bugs		:
bogomips	: 7383.02
clflush size	: 64
cache_alignment	: 64
address sizes	: 39 bits physical, 48 bits virtual
power management:

processor	: 2
vendor_id	: GenuineIntel
cpu family	: 6
model		: 60
model name	: Intel(R) Core(TM) i3-4170 CPU @ 3.70GHz
stepping	: 3
microcode	: 0x1e
cpu MHz		: 3700.000
cache size	: 3072 KB
physical id	: 0
siblings	: 4
core id		: 0
cpu cores	: 2
apicid		: 1
initial apicid	: 1
fpu		: yes
fpu_exception	: yes
cpuid level	: 13
wp		: yes
flags		: fpu vme de pse tsc msr pae mce cx8 apic sep mtrr pge mca cmov pat pse36 clflush dts acpi mmx fxsr sse sse2 ss ht tm pbe syscall nx pdpe1gb rdtscp lm constant_tsc arch_perfmon pebs bts rep_good nopl xtopology nonstop_tsc aperfmperf eagerfpu pni pclmulqdq dtes64 monitor ds_cpl vmx est tm2 ssse3 sdbg fma cx16 xtpr pdcm pcid sse4_1 sse4_2 movbe popcnt tsc_deadline_timer aes xsave avx f16c rdrand lahf_lm abm epb tpr_shadow vnmi flexpriority ept vpid fsgsbase tsc_adjust bmi1 avx2 smep bmi2 erms invpcid xsaveopt dtherm arat pln pts
bugs		:
bogomips	: 7383.02
clflush size	: 64
cache_alignment	: 64
address sizes	: 39 bits physical, 48 bits virtual
power management:

processor	: 3
vendor_id	: GenuineIntel
cpu family	: 6
model		: 60
model name	: Intel(R) Core(TM) i3-4170 CPU @ 3.70GHz
stepping	: 3
microcode	: 0x1e
cpu MHz		: 3699.855
cache size	: 3072 KB
physical id	: 0
siblings	: 4
core id		: 1
cpu cores	: 2
apicid		: 3
initial apicid	: 3
fpu		: yes
fpu_exception	: yes
cpuid level	: 13
wp		: yes
flags		: fpu vme de pse tsc msr pae mce cx8 apic sep mtrr pge mca cmov pat pse36 clflush dts acpi mmx fxsr sse sse2 ss ht tm pbe syscall nx pdpe1gb rdtscp lm constant_tsc arch_perfmon pebs bts rep_good nopl xtopology nonstop_tsc aperfmperf eagerfpu pni pclmulqdq dtes64 monitor ds_cpl vmx est tm2 ssse3 sdbg fma cx16 xtpr pdcm pcid sse4_1 sse4_2 movbe popcnt tsc_deadline_timer aes xsave avx f16c rdrand lahf_lm abm epb tpr_shadow vnmi flexpriority ept vpid fsgsbase tsc_adjust bmi1 avx2 smep bmi2 erms invpcid xsaveopt dtherm arat pln pts
bugs		:
bogomips	: 7383.02
clflush size	: 64
cache_alignment	: 64
address sizes	: 39 bits physical, 48 bits virtual
power management:



Memory: 4k page, physical 3916240k(125288k free), swap 7812088k(7809404k free)

vm_info: Java HotSpot(TM) 64-Bit Server VM (24.51-b03) for linux-amd64 JRE (1.7.0_51-b13), built on Dec 18 2013 18:48:01 by "java_re" with gcc 4.3.0 20080428 (Red Hat 4.3.0-8)

time: Fri Jul 29 22:46:51 2016
elapsed time: 0 seconds

