#
# A fatal error has been detected by the Java Runtime Environment:
#
#  SIGSEGV (0xb) at pc=0x00007f6a63b1b462, pid=6841, tid=140094915823360
#
# JRE version: Java(TM) SE Runtime Environment (7.0_51-b13) (build 1.7.0_51-b13)
# Java VM: Java HotSpot(TM) 64-Bit Server VM (24.51-b03 mixed mode linux-amd64 compressed oops)
# Problematic frame:
# C  [librxtxSerial.so+0x6462]  read_byte_array+0x52
#
# Failed to write core dump. Core dumps have been disabled. To enable core dumping, try "ulimit -c unlimited" before starting Java again
#
# If you would like to submit a bug report, please visit:
#   http://bugreport.sun.com/bugreport/crash.jsp
# The crash happened outside the Java Virtual Machine in native code.
# See problematic frame for where to report the bug.
#

---------------  T H R E A D  ---------------

Current thread (0x00007f6a500d0000):  JavaThread "Thread-0" [_thread_in_native, id=6863, stack(0x00007f6a63a14000,0x00007f6a63b15000)]

siginfo:si_signo=SIGSEGV: si_errno=0, si_code=1 (SEGV_MAPERR), si_addr=0x0000000063b137f8

Registers:
RAX=0x0000000063b137f0, RBX=0xffffffffffffffff, RCX=0x0000000000000001, RDX=0x00007f6aa8d3aa50
RSP=0x00007f6a63b12f70, RBP=0x00007f6a500d01e8, RSI=0x00007f6a63b1ee30, RDI=0x00007f6a63b1ed3e
R8 =0x00007f6a63b12ee0, R9 =0x00000000ec626218, R10=0x0000000000000000, R11=0x00007f6aa8d3f008
R12=0x00000000ffffffff, R13=0x0000000000000000, R14=0x000000000000001c, R15=0x0000000000000000
RIP=0x00007f6a63b1b462, EFLAGS=0x0000000000010202, CSGSFS=0x0000000000000033, ERR=0x0000000000000004
  TRAPNO=0x000000000000000e

Top of Stack: (sp=0x00007f6a63b12f70)
0x00007f6a63b12f70:   0000000000000000 0000000000000000
0x00007f6a63b12f80:   ff0000000000ff00 0000000000000000
0x00007f6a63b12f90:   0000000000000000 0000000063b137f0
0x00007f6a63b12fa0:   0972004c00096e00 0000000000000000
0x00007f6a63b12fb0:   0000000000000000 0000000100000000
0x00007f6a63b12fc0:   00007f6a48004630 0000001c0019000c
0x00007f6a63b12fd0:   0000000000000000 0000000000000000
0x00007f6a63b12fe0:   0000000000000000 0000000000000000
0x00007f6a63b12ff0:   0000000000000000 0000000000000000
0x00007f6a63b13000:   0000000000000001 0000000000000000
0x00007f6a63b13010:   000000000000001c 0000000000000000
0x00007f6a63b13020:   00007f6a63b13050 00007f6aa81addac
0x00007f6a63b13030:   00007f6a63b13060 0000000000000001
0x00007f6a63b13040:   00007f6a48004630 00007f6a48004630
0x00007f6a63b13050:   000000000000001c 00007f6a63b130b0
0x00007f6a63b13060:   00007f6a500d01e8 ffffffffffffffff
0x00007f6a63b13070:   00007f6a500d01e8 00007f6a48004630
0x00007f6a63b13080:   0000000000000001 000000000000001c
0x00007f6a63b13090:   0000000000000000 00007f6a63b1b8a1
0x00007f6a63b130a0:   00007f6a500d0000 00007f6a63b13180
0x00007f6a63b130b0:   00007f6a63b13188 00000000bfafcf20
0x00007f6a63b130c0:   00007f6a63b13150 0000000000000000
0x00007f6a63b130d0:   00000000bfafcf18 00007f6a63b13188
0x00007f6a63b130e0:   00007f6a500d0000 00007f6a9d012cd8
0x00007f6a63b130f0:   00007f6a6c0098d8 00007f6a63b13188
0x00007f6a63b13100:   00007f6a500d0000 00000001000000b6
0x00007f6a63b13110:   00007f6a63b13110 00000000bfafcf18
0x00007f6a63b13120:   00007f6a63b13188 00000000bfb0d5a8
0x00007f6a63b13130:   0000000000000000 00000000bfafcf20
0x00007f6a63b13140:   0000000000000000 00007f6a63b13170
0x00007f6a63b13150:   00007f6a63b131e0 00007f6a9d0061d4
0x00007f6a63b13160:   0000000000000000 00007f6a9d00ecd6 

Instructions: (pc=0x00007f6a63b1b462)
0x00007f6a63b1b442:   89 44 24 4c 48 c7 44 24 40 00 00 00 00 48 c7 44
0x00007f6a63b1b452:   24 38 00 00 00 00 e8 53 d7 ff ff 48 89 44 24 28
0x00007f6a63b1b462:   8b 40 08 45 85 e4 48 8b 54 24 28 44 8b 7c 24 4c
0x00007f6a63b1b472:   89 44 24 34 c7 42 08 00 00 00 00 78 0c 31 c0 e8 

Register to memory mapping:

RAX=0x0000000063b137f0 is an unknown value
RBX=0xffffffffffffffff is an unknown value
RCX=0x0000000000000001 is an unknown value
RDX=0x00007f6aa8d3aa50: <offset 0xe37a50> in /usr/lib/jvm/jdk1.7.0_51/jre/lib/amd64/server/libjvm.so at 0x00007f6aa7f03000
RSP=0x00007f6a63b12f70 is pointing into the stack for thread: 0x00007f6a500d0000
RBP=0x00007f6a500d01e8 is an unknown value
RSI=0x00007f6a63b1ee30: <offset 0x9e30> in /usr/lib/jvm/jdk1.7.0_51/jre/lib/amd64/librxtxSerial.so at 0x00007f6a63b15000
RDI=0x00007f6a63b1ed3e: <offset 0x9d3e> in /usr/lib/jvm/jdk1.7.0_51/jre/lib/amd64/librxtxSerial.so at 0x00007f6a63b15000
R8 =0x00007f6a63b12ee0 is pointing into the stack for thread: 0x00007f6a500d0000
R9 =0x00000000ec626218 is an oop
gnu.io.RXTXPort 
 - klass: 'gnu/io/RXTXPort'
R10=0x0000000000000000 is an unknown value
R11=0x00007f6aa8d3f008: <offset 0xe3c008> in /usr/lib/jvm/jdk1.7.0_51/jre/lib/amd64/server/libjvm.so at 0x00007f6aa7f03000
R12=0x00000000ffffffff is an unallocated location in the heap
R13=0x0000000000000000 is an unknown value
R14=0x000000000000001c is an unknown value
R15=0x0000000000000000 is an unknown value


Stack: [0x00007f6a63a14000,0x00007f6a63b15000],  sp=0x00007f6a63b12f70,  free space=1019k
Native frames: (J=compiled Java code, j=interpreted, Vv=VM code, C=native code)
C  [librxtxSerial.so+0x6462]  read_byte_array+0x52

Java frames: (J=compiled Java code, j=interpreted, Vv=VM code)
j  gnu.io.RXTXPort.readArray([BII)I+0
j  gnu.io.RXTXPort$SerialInputStream.read([BII)I+187
j  PPD_Frame.serialEvent(Lgnu/io/SerialPortEvent;)V+27
j  gnu.io.RXTXPort.sendEvent(IZ)Z+382
v  ~StubRoutines::call_stub
j  gnu.io.RXTXPort.eventLoop()V+0
j  gnu.io.RXTXPort$MonitorThread.run()V+12
v  ~StubRoutines::call_stub

---------------  P R O C E S S  ---------------

Java Threads: ( => current thread )
=>0x00007f6a500d0000 JavaThread "Thread-0" [_thread_in_native, id=6863, stack(0x00007f6a63a14000,0x00007f6a63b15000)]
  0x00007f6a50037800 JavaThread "Image Fetcher 0" daemon [_thread_blocked, id=6862, stack(0x00007f6a63c80000,0x00007f6a63d81000)]
  0x00007f6aa000a000 JavaThread "DestroyJavaVM" [_thread_blocked, id=6845, stack(0x00007f6aa7af9000,0x00007f6aa7bfa000)]
  0x00007f6aa0243800 JavaThread "AWT-EventQueue-0" [_thread_blocked, id=6861, stack(0x00007f6a8c0ab000,0x00007f6a8c1ac000)]
  0x00007f6aa01c8000 JavaThread "AWT-Shutdown" [_thread_blocked, id=6860, stack(0x00007f6a8c1ac000,0x00007f6a8c2ad000)]
  0x00007f6aa01b1800 JavaThread "AWT-XAWT" daemon [_thread_in_native, id=6859, stack(0x00007f6a8ce65000,0x00007f6a8cf66000)]
  0x00007f6aa018f000 JavaThread "Java2D Disposer" daemon [_thread_blocked, id=6858, stack(0x00007f6a8d376000,0x00007f6a8d477000)]
  0x00007f6aa0097000 JavaThread "Service Thread" daemon [_thread_blocked, id=6856, stack(0x00007f6a8ec37000,0x00007f6a8ed38000)]
  0x00007f6aa0094800 JavaThread "C2 CompilerThread1" daemon [_thread_blocked, id=6855, stack(0x00007f6a8ed38000,0x00007f6a8ee39000)]
  0x00007f6aa0091800 JavaThread "C2 CompilerThread0" daemon [_thread_blocked, id=6854, stack(0x00007f6a8ee39000,0x00007f6a8ef3a000)]
  0x00007f6aa008f800 JavaThread "Signal Dispatcher" daemon [_thread_blocked, id=6853, stack(0x00007f6a8ef3a000,0x00007f6a8f03b000)]
  0x00007f6aa0070000 JavaThread "Finalizer" daemon [_thread_blocked, id=6852, stack(0x00007f6a8f9fa000,0x00007f6a8fafb000)]
  0x00007f6aa006c000 JavaThread "Reference Handler" daemon [_thread_blocked, id=6851, stack(0x00007f6a8fafb000,0x00007f6a8fbfc000)]

Other Threads:
  0x00007f6aa0069800 VMThread [stack: 0x00007f6a8fbfc000,0x00007f6a8fcfd000] [id=6850]
  0x00007f6aa00a1800 WatcherThread [stack: 0x00007f6a8eb36000,0x00007f6a8ec37000] [id=6857]

VM state:not at safepoint (normal execution)

VM Mutex/Monitor currently owned by a thread: None

Heap
 PSYoungGen      total 17920K, used 6184K [0x00000000ec080000, 0x00000000ed480000, 0x0000000100000000)
  eden space 15360K, 40% used [0x00000000ec080000,0x00000000ec68a090,0x00000000ecf80000)
  from space 2560K, 0% used [0x00000000ed200000,0x00000000ed200000,0x00000000ed480000)
  to   space 2560K, 0% used [0x00000000ecf80000,0x00000000ecf80000,0x00000000ed200000)
 ParOldGen       total 40448K, used 0K [0x00000000c4200000, 0x00000000c6980000, 0x00000000ec080000)
  object space 40448K, 0% used [0x00000000c4200000,0x00000000c4200000,0x00000000c6980000)
 PSPermGen       total 21504K, used 11491K [0x00000000bf000000, 0x00000000c0500000, 0x00000000c4200000)
  object space 21504K, 53% used [0x00000000bf000000,0x00000000bfb38e70,0x00000000c0500000)

Card table byte_map: [0x00007f6aa6794000,0x00007f6aa699d000] byte_map_base: 0x00007f6aa619c000

Polling page: 0x00007f6aa998b000

Code Cache  [0x00007f6a9d000000, 0x00007f6a9d270000, 0x00007f6aa0000000)
 total_blobs=502 nmethods=38 adapters=417 free_code_cache=48529Kb largest_free_block=49669440

Compilation events (10 events):
Event: 0.391 Thread 0x00007f6aa0091800 nmethod 34 0x00007f6a9d096310 code [0x00007f6a9d096460, 0x00007f6a9d096538]
Event: 0.391 Thread 0x00007f6aa0091800   35             java.lang.CharacterDataLatin1::getProperties (11 bytes)
Event: 0.392 Thread 0x00007f6aa0091800 nmethod 35 0x00007f6a9d0960d0 code [0x00007f6a9d096200, 0x00007f6a9d096278]
Event: 0.399 Thread 0x00007f6aa0094800 nmethod 33 0x00007f6a9d09d210 code [0x00007f6a9d09d500, 0x00007f6a9d09e2b0]
Event: 0.399 Thread 0x00007f6aa0091800   36             java.util.Arrays::copyOfRange (63 bytes)
Event: 0.401 Thread 0x00007f6aa0091800 nmethod 36 0x00007f6a9d095c10 code [0x00007f6a9d095d60, 0x00007f6a9d095f78]
Event: 0.408 Thread 0x00007f6aa0094800   37             java.lang.String::toLowerCase (472 bytes)
Event: 0.408 Thread 0x00007f6aa0091800   38             java.lang.String::<init> (67 bytes)
Event: 0.411 Thread 0x00007f6aa0091800 nmethod 38 0x00007f6a9d0936d0 code [0x00007f6a9d093820, 0x00007f6a9d093ab8]
Event: 0.430 Thread 0x00007f6aa0094800 nmethod 37 0x00007f6a9d091610 code [0x00007f6a9d091840, 0x00007f6a9d092820]

GC Heap History (0 events):
No events

Deoptimization events (3 events):
Event: 0.145 Thread 0x00007f6aa000a000 Uncommon trap: reason=class_check action=maybe_recompile pc=0x00007f6a9d07ae04 method=java.util.Properties$LineReader.readLine()I @ 62
Event: 0.145 Thread 0x00007f6aa000a000 Uncommon trap: reason=class_check action=maybe_recompile pc=0x00007f6a9d07ae04 method=java.util.Properties$LineReader.readLine()I @ 62
Event: 0.146 Thread 0x00007f6aa000a000 Uncommon trap: reason=class_check action=maybe_recompile pc=0x00007f6a9d07ae04 method=java.util.Properties$LineReader.readLine()I @ 62

Internal exceptions (10 events):
Event: 0.217 Thread 0x00007f6aa0243800 Threw 0x00000000ec391b68 at /HUDSON/workspace/7u-2-build-linux-amd64@2/jdk7u51/527/hotspot/src/share/vm/prims/jvm.cpp:1244
Event: 0.217 Thread 0x00007f6aa0243800 Threw 0x00000000ec393280 at /HUDSON/workspace/7u-2-build-linux-amd64@2/jdk7u51/527/hotspot/src/share/vm/prims/jvm.cpp:1244
Event: 0.217 Thread 0x00007f6aa0243800 Threw 0x00000000ec396dc0 at /HUDSON/workspace/7u-2-build-linux-amd64@2/jdk7u51/527/hotspot/src/share/vm/prims/jvm.cpp:1244
Event: 0.217 Thread 0x00007f6aa0243800 Threw 0x00000000ec3984d8 at /HUDSON/workspace/7u-2-build-linux-amd64@2/jdk7u51/527/hotspot/src/share/vm/prims/jvm.cpp:1244
Event: 0.283 Thread 0x00007f6aa0243800 Threw 0x00000000ec469178 at /HUDSON/workspace/7u-2-build-linux-amd64@2/jdk7u51/527/hotspot/src/share/vm/prims/jvm.cpp:1244
Event: 0.285 Thread 0x00007f6aa0243800 Threw 0x00000000ec504988 at /HUDSON/workspace/7u-2-build-linux-amd64@2/jdk7u51/527/hotspot/src/share/vm/prims/jvm.cpp:1244
Event: 0.363 Thread 0x00007f6aa0243800 Threw 0x00000000ec5d1b70 at /HUDSON/workspace/7u-2-build-linux-amd64@2/jdk7u51/527/hotspot/src/share/vm/prims/jni.cpp:717
Event: 0.386 Thread 0x00007f6aa0243800 Threw 0x00000000ec5e4e70 at /HUDSON/workspace/7u-2-build-linux-amd64@2/jdk7u51/527/hotspot/src/share/vm/prims/jni.cpp:717
Event: 0.389 Thread 0x00007f6aa0243800 Threw 0x00000000ec5f6848 at /HUDSON/workspace/7u-2-build-linux-amd64@2/jdk7u51/527/hotspot/src/share/vm/prims/jni.cpp:717
Event: 0.407 Thread 0x00007f6aa0243800 Threw 0x00000000ec6097b8 at /HUDSON/workspace/7u-2-build-linux-amd64@2/jdk7u51/527/hotspot/src/share/vm/prims/jni.cpp:717

Events (10 events):
Event: 0.445 loading class 0x00007f6aa0011c70
Event: 0.445 loading class 0x00007f6aa0011c70 done
Event: 0.445 loading class 0x00007f6aa00dd0e0
Event: 0.445 loading class 0x00007f6aa00dd0e0 done
Event: 0.445 loading class 0x00007f6a7826eb10
Event: 0.445 loading class 0x00007f6aa00fd780
Event: 0.445 loading class 0x00007f6aa00fd780 done
Event: 0.445 loading class 0x00007f6a7826eb10 done
Event: 0.445 loading class 0x00007f6a5005f270
Event: 0.445 loading class 0x00007f6a5005f270 done


Dynamic libraries:
00400000-00401000 r-xp 00000000 08:07 937188                             /usr/lib/jvm/jdk1.7.0_51/bin/java
00600000-00601000 rw-p 00000000 08:07 937188                             /usr/lib/jvm/jdk1.7.0_51/bin/java
025f7000-02618000 rw-p 00000000 00:00 0                                  [heap]
bf000000-c0500000 rw-p 00000000 00:00 0 
c0500000-c4200000 rw-p 00000000 00:00 0 
c4200000-c6980000 rw-p 00000000 00:00 0 
c6980000-ec080000 rw-p 00000000 00:00 0 
ec080000-ed480000 rw-p 00000000 00:00 0 
ed480000-100000000 rw-p 00000000 00:00 0 
7f6a48000000-7f6a48021000 rw-p 00000000 00:00 0 
7f6a48021000-7f6a4c000000 ---p 00000000 00:00 0 
7f6a50000000-7f6a500f7000 rw-p 00000000 00:00 0 
7f6a500f7000-7f6a54000000 ---p 00000000 00:00 0 
7f6a54000000-7f6a54051000 rw-p 00000000 00:00 0 
7f6a54051000-7f6a58000000 ---p 00000000 00:00 0 
7f6a58000000-7f6a58021000 rw-p 00000000 00:00 0 
7f6a58021000-7f6a5c000000 ---p 00000000 00:00 0 
7f6a5c000000-7f6a5c021000 rw-p 00000000 00:00 0 
7f6a5c021000-7f6a60000000 ---p 00000000 00:00 0 
7f6a63906000-7f6a63911000 r--s 00000000 08:07 2890696                    /var/cache/fontconfig/945677eb7aeaf62f1d50efc3fb3ec7d8-le64.cache-6
7f6a63911000-7f6a63917000 r--s 00000000 08:07 2890678                    /var/cache/fontconfig/2cd17615ca594fa2959ae173292e504c-le64.cache-6
7f6a63a14000-7f6a63a17000 ---p 00000000 00:00 0 
7f6a63a17000-7f6a63b15000 rw-p 00000000 00:00 0 
7f6a63b15000-7f6a63b21000 r-xp 00000000 08:07 1835128                    /usr/lib/jvm/jdk1.7.0_51/jre/lib/amd64/librxtxSerial.so
7f6a63b21000-7f6a63c20000 ---p 0000c000 08:07 1835128                    /usr/lib/jvm/jdk1.7.0_51/jre/lib/amd64/librxtxSerial.so
7f6a63c20000-7f6a63c22000 rw-p 0000b000 08:07 1835128                    /usr/lib/jvm/jdk1.7.0_51/jre/lib/amd64/librxtxSerial.so
7f6a63c22000-7f6a63c3b000 r--s 00000000 08:07 527849                     /usr/share/fonts/type1/gsfonts/n022004l.pfb
7f6a63c3b000-7f6a63c54000 r--s 00000000 08:07 527834                     /usr/share/fonts/type1/gsfonts/n021003l.pfb
7f6a63c54000-7f6a63c6a000 r--s 00000000 08:07 527843                     /usr/share/fonts/type1/gsfonts/n021024l.pfb
7f6a63c6a000-7f6a63c80000 r--s 00000000 08:07 527852                     /usr/share/fonts/type1/gsfonts/n022023l.pfb
7f6a63c80000-7f6a63c83000 ---p 00000000 00:00 0 
7f6a63c83000-7f6a63d81000 rw-p 00000000 00:00 0 
7f6a63d81000-7f6a63de9000 r-xp 00000000 08:07 1836082                    /usr/lib/jvm/jdk1.7.0_51/jre/lib/amd64/libt2k.so
7f6a63de9000-7f6a63fe9000 ---p 00068000 08:07 1836082                    /usr/lib/jvm/jdk1.7.0_51/jre/lib/amd64/libt2k.so
7f6a63fe9000-7f6a63ff0000 rw-p 00068000 08:07 1836082                    /usr/lib/jvm/jdk1.7.0_51/jre/lib/amd64/libt2k.so
7f6a63ff0000-7f6a64000000 rw-p 00000000 00:00 0 
7f6a64000000-7f6a64021000 rw-p 00000000 00:00 0 
7f6a64021000-7f6a68000000 ---p 00000000 00:00 0 
7f6a68000000-7f6a68021000 rw-p 00000000 00:00 0 
7f6a68021000-7f6a6c000000 ---p 00000000 00:00 0 
7f6a6c000000-7f6a6c222000 rw-p 00000000 00:00 0 
7f6a6c222000-7f6a70000000 ---p 00000000 00:00 0 
7f6a70000000-7f6a70021000 rw-p 00000000 00:00 0 
7f6a70021000-7f6a74000000 ---p 00000000 00:00 0 
7f6a74000000-7f6a74021000 rw-p 00000000 00:00 0 
7f6a74021000-7f6a78000000 ---p 00000000 00:00 0 
7f6a78000000-7f6a78430000 rw-p 00000000 00:00 0 
7f6a78430000-7f6a7c000000 ---p 00000000 00:00 0 
7f6a7c000000-7f6a7c021000 rw-p 00000000 00:00 0 
7f6a7c021000-7f6a80000000 ---p 00000000 00:00 0 
7f6a80000000-7f6a80021000 rw-p 00000000 00:00 0 
7f6a80021000-7f6a84000000 ---p 00000000 00:00 0 
7f6a84000000-7f6a84021000 rw-p 00000000 00:00 0 
7f6a84021000-7f6a88000000 ---p 00000000 00:00 0 
7f6a88000000-7f6a88021000 rw-p 00000000 00:00 0 
7f6a88021000-7f6a8c000000 ---p 00000000 00:00 0 
7f6a8c002000-7f6a8c003000 r--s 00000000 08:07 2890675                    /var/cache/fontconfig/0d8c3b2ac0904cb8a57a757ad11a4a08-le64.cache-6
7f6a8c003000-7f6a8c007000 r--s 00000000 08:07 2885053                    /var/cache/fontconfig/de156ccd2eddbdc19d37a45b8b2aac9c-le64.cache-6
7f6a8c007000-7f6a8c01c000 r--s 00000000 08:07 2890672                    /var/cache/fontconfig/04aabc0a78ac019cf9454389977116d2-le64.cache-6
7f6a8c01c000-7f6a8c01d000 r--s 00000000 08:07 2890677                    /var/cache/fontconfig/1ac9eb803944fde146138c791f5cc56a-le64.cache-6
7f6a8c01d000-7f6a8c021000 r--s 00000000 08:07 2890682                    /var/cache/fontconfig/385c0604a188198f04d133e54aba7fe7-le64.cache-6
7f6a8c021000-7f6a8c022000 r--s 00000000 08:07 2890709                    /var/cache/fontconfig/dc05db6664285cc2f12bf69c139ae4c3-le64.cache-6
7f6a8c022000-7f6a8c025000 r--s 00000000 08:07 2890692                    /var/cache/fontconfig/767a8244fc0220cfb567a839d0392e0b-le64.cache-6
7f6a8c025000-7f6a8c026000 r--s 00000000 08:07 2883743                    /var/cache/fontconfig/4794a0821666d79190d59a36cb4f44b5-le64.cache-6
7f6a8c026000-7f6a8c02b000 r--s 00000000 08:07 2890695                    /var/cache/fontconfig/8801497958630a81b71ace7c5f9b32a8-le64.cache-6
7f6a8c02b000-7f6a8c02c000 r--s 00000000 08:07 2890702                    /var/cache/fontconfig/bab58bb527bb656aaa9f116d68a48d89-le64.cache-6
7f6a8c02c000-7f6a8c033000 r--s 00000000 08:07 2890679                    /var/cache/fontconfig/3047814df9a2f067bd2d96a2b9c36e5a-le64.cache-6
7f6a8c033000-7f6a8c034000 r--s 00000000 08:07 2890686                    /var/cache/fontconfig/56cf4f4769d0f4abc89a4895d7bd3ae1-le64.cache-6
7f6a8c034000-7f6a8c047000 r--s 00000000 08:07 2890706                    /var/cache/fontconfig/d52a8644073d54c13679302ca1180695-le64.cache-6
7f6a8c047000-7f6a8c052000 r--s 00000000 08:07 2887795                    /var/cache/fontconfig/d589a48862398ed80a3d6066f4f56f4c-le64.cache-6
7f6a8c066000-7f6a8c07d000 r--s 00000000 08:07 527840                     /usr/share/fonts/type1/gsfonts/n021023l.pfb
7f6a8c07d000-7f6a8c08e000 r--s 00000000 08:07 527816                     /usr/share/fonts/type1/gsfonts/n019023l.pfb
7f6a8c08e000-7f6a8c0a2000 r--s 00000000 08:07 527810                     /usr/share/fonts/type1/gsfonts/n019003l.pfb
7f6a8c0a2000-7f6a8c0ab000 r--s 00000000 08:07 527870                     /usr/share/fonts/type1/gsfonts/s050000l.pfb
7f6a8c0ab000-7f6a8c0ae000 ---p 00000000 00:00 0 
7f6a8c0ae000-7f6a8c1ac000 rw-p 00000000 00:00 0 
7f6a8c1ac000-7f6a8c1af000 ---p 00000000 00:00 0 
7f6a8c1af000-7f6a8c2ad000 rw-p 00000000 00:00 0 
7f6a8c2ad000-7f6a8c2bd000 r-xp 00000000 08:07 1836051                    /usr/lib/jvm/jdk1.7.0_51/jre/lib/amd64/libnio.so
7f6a8c2bd000-7f6a8c4bd000 ---p 00010000 08:07 1836051                    /usr/lib/jvm/jdk1.7.0_51/jre/lib/amd64/libnio.so
7f6a8c4bd000-7f6a8c4be000 rw-p 00010000 08:07 1836051                    /usr/lib/jvm/jdk1.7.0_51/jre/lib/amd64/libnio.so
7f6a8c4be000-7f6a8c7bf000 rw-p 00000000 00:00 0 
7f6a8c7bf000-7f6a8c7d5000 r-xp 00000000 08:07 1836056                    /usr/lib/jvm/jdk1.7.0_51/jre/lib/amd64/libnet.so
7f6a8c7d5000-7f6a8c9d5000 ---p 00016000 08:07 1836056                    /usr/lib/jvm/jdk1.7.0_51/jre/lib/amd64/libnet.so
7f6a8c9d5000-7f6a8c9d6000 rw-p 00016000 08:07 1836056                    /usr/lib/jvm/jdk1.7.0_51/jre/lib/amd64/libnet.so
7f6a8c9d6000-7f6a8c9ec000 r-xp 00000000 08:07 2364498                    /lib/x86_64-linux-gnu/libgcc_s.so.1
7f6a8c9ec000-7f6a8cbeb000 ---p 00016000 08:07 2364498                    /lib/x86_64-linux-gnu/libgcc_s.so.1
7f6a8cbeb000-7f6a8cbec000 rw-p 00015000 08:07 2364498                    /lib/x86_64-linux-gnu/libgcc_s.so.1
7f6a8cbec000-7f6a8cc51000 r-xp 00000000 08:07 1836052                    /usr/lib/jvm/jdk1.7.0_51/jre/lib/amd64/libfontmanager.so
7f6a8cc51000-7f6a8ce50000 ---p 00065000 08:07 1836052                    /usr/lib/jvm/jdk1.7.0_51/jre/lib/amd64/libfontmanager.so
7f6a8ce50000-7f6a8ce54000 rw-p 00064000 08:07 1836052                    /usr/lib/jvm/jdk1.7.0_51/jre/lib/amd64/libfontmanager.so
7f6a8ce54000-7f6a8ce65000 rw-p 00000000 00:00 0 
7f6a8ce65000-7f6a8ce68000 ---p 00000000 00:00 0 
7f6a8ce68000-7f6a8cf66000 rw-p 00000000 00:00 0 
7f6a8cf66000-7f6a8cf6b000 r-xp 00000000 08:07 2762080                    /usr/lib/x86_64-linux-gnu/libXfixes.so.3.1.0
7f6a8cf6b000-7f6a8d16a000 ---p 00005000 08:07 2762080                    /usr/lib/x86_64-linux-gnu/libXfixes.so.3.1.0
7f6a8d16a000-7f6a8d16b000 r--p 00004000 08:07 2762080                    /usr/lib/x86_64-linux-gnu/libXfixes.so.3.1.0
7f6a8d16b000-7f6a8d16c000 rw-p 00005000 08:07 2762080                    /usr/lib/x86_64-linux-gnu/libXfixes.so.3.1.0
7f6a8d16c000-7f6a8d175000 r-xp 00000000 08:07 2762072                    /usr/lib/x86_64-linux-gnu/libXcursor.so.1.0.2
7f6a8d175000-7f6a8d374000 ---p 00009000 08:07 2762072                    /usr/lib/x86_64-linux-gnu/libXcursor.so.1.0.2
7f6a8d374000-7f6a8d375000 r--p 00008000 08:07 2762072                    /usr/lib/x86_64-linux-gnu/libXcursor.so.1.0.2
7f6a8d375000-7f6a8d376000 rw-p 00009000 08:07 2762072                    /usr/lib/x86_64-linux-gnu/libXcursor.so.1.0.2
7f6a8d376000-7f6a8d379000 ---p 00000000 00:00 0 
7f6a8d379000-7f6a8d477000 rw-p 00000000 00:00 0 
7f6a8d477000-7f6a8d47c000 r-xp 00000000 08:07 2762076                    /usr/lib/x86_64-linux-gnu/libXdmcp.so.6.0.0
7f6a8d47c000-7f6a8d67b000 ---p 00005000 08:07 2762076                    /usr/lib/x86_64-linux-gnu/libXdmcp.so.6.0.0
7f6a8d67b000-7f6a8d67c000 r--p 00004000 08:07 2762076                    /usr/lib/x86_64-linux-gnu/libXdmcp.so.6.0.0
7f6a8d67c000-7f6a8d67d000 rw-p 00005000 08:07 2762076                    /usr/lib/x86_64-linux-gnu/libXdmcp.so.6.0.0
7f6a8d67d000-7f6a8d67f000 r-xp 00000000 08:07 2762065                    /usr/lib/x86_64-linux-gnu/libXau.so.6.0.0
7f6a8d67f000-7f6a8d87f000 ---p 00002000 08:07 2762065                    /usr/lib/x86_64-linux-gnu/libXau.so.6.0.0
7f6a8d87f000-7f6a8d880000 r--p 00002000 08:07 2762065                    /usr/lib/x86_64-linux-gnu/libXau.so.6.0.0
7f6a8d880000-7f6a8d881000 rw-p 00003000 08:07 2762065                    /usr/lib/x86_64-linux-gnu/libXau.so.6.0.0
7f6a8d881000-7f6a8d8a2000 r-xp 00000000 08:07 2763443                    /usr/lib/x86_64-linux-gnu/libxcb.so.1.1.0
7f6a8d8a2000-7f6a8daa1000 ---p 00021000 08:07 2763443                    /usr/lib/x86_64-linux-gnu/libxcb.so.1.1.0
7f6a8daa1000-7f6a8daa2000 r--p 00020000 08:07 2763443                    /usr/lib/x86_64-linux-gnu/libxcb.so.1.1.0
7f6a8daa2000-7f6a8daa3000 rw-p 00021000 08:07 2763443                    /usr/lib/x86_64-linux-gnu/libxcb.so.1.1.0
7f6a8daa3000-7f6a8dab2000 r-xp 00000000 08:07 2762086                    /usr/lib/x86_64-linux-gnu/libXi.so.6.1.0
7f6a8dab2000-7f6a8dcb1000 ---p 0000f000 08:07 2762086                    /usr/lib/x86_64-linux-gnu/libXi.so.6.1.0
7f6a8dcb1000-7f6a8dcb2000 r--p 0000e000 08:07 2762086                    /usr/lib/x86_64-linux-gnu/libXi.so.6.1.0
7f6a8dcb2000-7f6a8dcb3000 rw-p 0000f000 08:07 2762086                    /usr/lib/x86_64-linux-gnu/libXi.so.6.1.0
7f6a8dcb3000-7f6a8dcb8000 r-xp 00000000 08:07 2762104                    /usr/lib/x86_64-linux-gnu/libXtst.so.6.1.0
7f6a8dcb8000-7f6a8deb7000 ---p 00005000 08:07 2762104                    /usr/lib/x86_64-linux-gnu/libXtst.so.6.1.0
7f6a8deb7000-7f6a8deb8000 r--p 00004000 08:07 2762104                    /usr/lib/x86_64-linux-gnu/libXtst.so.6.1.0
7f6a8deb8000-7f6a8deb9000 rw-p 00005000 08:07 2762104                    /usr/lib/x86_64-linux-gnu/libXtst.so.6.1.0
7f6a8deb9000-7f6a8dec2000 r-xp 00000000 08:07 2762098                    /usr/lib/x86_64-linux-gnu/libXrender.so.1.3.0
7f6a8dec2000-7f6a8e0c1000 ---p 00009000 08:07 2762098                    /usr/lib/x86_64-linux-gnu/libXrender.so.1.3.0
7f6a8e0c1000-7f6a8e0c2000 r--p 00008000 08:07 2762098                    /usr/lib/x86_64-linux-gnu/libXrender.so.1.3.0
7f6a8e0c2000-7f6a8e0c3000 rw-p 00009000 08:07 2762098                    /usr/lib/x86_64-linux-gnu/libXrender.so.1.3.0
7f6a8e0c3000-7f6a8e1f8000 r-xp 00000000 08:07 2762061                    /usr/lib/x86_64-linux-gnu/libX11.so.6.3.0
7f6a8e1f8000-7f6a8e3f8000 ---p 00135000 08:07 2762061                    /usr/lib/x86_64-linux-gnu/libX11.so.6.3.0
7f6a8e3f8000-7f6a8e3f9000 r--p 00135000 08:07 2762061                    /usr/lib/x86_64-linux-gnu/libX11.so.6.3.0
7f6a8e3f9000-7f6a8e3fd000 rw-p 00136000 08:07 2762061                    /usr/lib/x86_64-linux-gnu/libX11.so.6.3.0
7f6a8e3fd000-7f6a8e40e000 r-xp 00000000 08:07 2762078                    /usr/lib/x86_64-linux-gnu/libXext.so.6.4.0
7f6a8e40e000-7f6a8e60d000 ---p 00011000 08:07 2762078                    /usr/lib/x86_64-linux-gnu/libXext.so.6.4.0
7f6a8e60d000-7f6a8e60e000 r--p 00010000 08:07 2762078                    /usr/lib/x86_64-linux-gnu/libXext.so.6.4.0
7f6a8e60e000-7f6a8e60f000 rw-p 00011000 08:07 2762078                    /usr/lib/x86_64-linux-gnu/libXext.so.6.4.0
7f6a8e60f000-7f6a8e65f000 r-xp 00000000 08:07 1836094                    /usr/lib/jvm/jdk1.7.0_51/jre/lib/amd64/xawt/libmawt.so
7f6a8e65f000-7f6a8e85f000 ---p 00050000 08:07 1836094                    /usr/lib/jvm/jdk1.7.0_51/jre/lib/amd64/xawt/libmawt.so
7f6a8e85f000-7f6a8e863000 rw-p 00050000 08:07 1836094                    /usr/lib/jvm/jdk1.7.0_51/jre/lib/amd64/xawt/libmawt.so
7f6a8e863000-7f6a8e864000 rw-p 00000000 00:00 0 
7f6a8e864000-7f6a8e906000 r-xp 00000000 08:07 1836064                    /usr/lib/jvm/jdk1.7.0_51/jre/lib/amd64/libawt.so
7f6a8e906000-7f6a8eb06000 ---p 000a2000 08:07 1836064                    /usr/lib/jvm/jdk1.7.0_51/jre/lib/amd64/libawt.so
7f6a8eb06000-7f6a8eb12000 rw-p 000a2000 08:07 1836064                    /usr/lib/jvm/jdk1.7.0_51/jre/lib/amd64/libawt.so
7f6a8eb12000-7f6a8eb36000 rw-p 00000000 00:00 0 
7f6a8eb36000-7f6a8eb37000 ---p 00000000 00:00 0 
7f6a8eb37000-7f6a8ec37000 rw-p 00000000 00:00 0 
7f6a8ec37000-7f6a8ec3a000 ---p 00000000 00:00 0 
7f6a8ec3a000-7f6a8ed38000 rw-p 00000000 00:00 0 
7f6a8ed38000-7f6a8ed3b000 ---p 00000000 00:00 0 
7f6a8ed3b000-7f6a8ee39000 rw-p 00000000 00:00 0 
7f6a8ee39000-7f6a8ee3c000 ---p 00000000 00:00 0 
7f6a8ee3c000-7f6a8ef3a000 rw-p 00000000 00:00 0 
7f6a8ef3a000-7f6a8ef3d000 ---p 00000000 00:00 0 
7f6a8ef3d000-7f6a8f03b000 rw-p 00000000 00:00 0 
7f6a8f03b000-7f6a8f9fa000 r--p 00000000 08:07 2760681                    /usr/lib/locale/locale-archive
7f6a8f9fa000-7f6a8f9fd000 ---p 00000000 00:00 0 
7f6a8f9fd000-7f6a8fafb000 rw-p 00000000 00:00 0 
7f6a8fafb000-7f6a8fafe000 ---p 00000000 00:00 0 
7f6a8fafe000-7f6a8fbfc000 rw-p 00000000 00:00 0 
7f6a8fbfc000-7f6a8fbfd000 ---p 00000000 00:00 0 
7f6a8fbfd000-7f6a90000000 rw-p 00000000 00:00 0 
7f6a90000000-7f6a90021000 rw-p 00000000 00:00 0 
7f6a90021000-7f6a94000000 ---p 00000000 00:00 0 
7f6a94000000-7f6a94021000 rw-p 00000000 00:00 0 
7f6a94021000-7f6a98000000 ---p 00000000 00:00 0 
7f6a98000000-7f6a98021000 rw-p 00000000 00:00 0 
7f6a98021000-7f6a9c000000 ---p 00000000 00:00 0 
7f6a9c000000-7f6a9c001000 r--s 00000000 08:07 2890701                    /var/cache/fontconfig/b9d506c9ac06c20b433354fa67a72993-le64.cache-6
7f6a9c001000-7f6a9c007000 r--s 00000000 08:07 2890700                    /var/cache/fontconfig/b47c4e1ecd0709278f4910c18777a504-le64.cache-6
7f6a9c007000-7f6a9c008000 r--s 00000000 08:07 2890685                    /var/cache/fontconfig/551ecf3b0e8b0bca0f25c0944f561853-le64.cache-6
7f6a9c008000-7f6a9c00b000 r--s 00000000 08:07 2890691                    /var/cache/fontconfig/75114ca45c98e8a441da0ff356701271-le64.cache-6
7f6a9c00b000-7f6a9c016000 r--s 00000000 08:07 2890694                    /var/cache/fontconfig/83bf95040141907cd45bb53cf7c1c148-le64.cache-6
7f6a9c016000-7f6a9c028000 r--s 00000000 08:07 2886108                    /var/cache/fontconfig/9b89f8e3dae116d678bbf48e5f21f69b-le64.cache-6
7f6a9c028000-7f6a9c02b000 r--s 00000000 08:07 2890710                    /var/cache/fontconfig/e13b20fdb08344e0e664864cc2ede53d-le64.cache-6
7f6a9c02b000-7f6a9c02f000 r--s 00000000 08:07 2883629                    /var/cache/fontconfig/7ef2298fde41cc6eeb7af42e48b7d293-le64.cache-6
7f6a9c02f000-7f6a9cc3b000 rw-p 00000000 00:00 0 
7f6a9cc3b000-7f6a9cdf8000 r--s 039bf000 08:07 1057153                    /usr/lib/jvm/jdk1.7.0_51/jre/lib/rt.jar
7f6a9cdf8000-7f6a9d000000 rw-p 00000000 00:00 0 
7f6a9d000000-7f6a9d270000 rwxp 00000000 00:00 0 
7f6a9d270000-7f6aa0250000 rw-p 00000000 00:00 0 
7f6aa0250000-7f6aa4000000 ---p 00000000 00:00 0 
7f6aa4000000-7f6aa4025000 r--p 00000000 08:07 397003                     /usr/share/locale-langpack/es/LC_MESSAGES/libc.mo
7f6aa4025000-7f6aa4030000 r--s 0037c000 08:07 1057110                    /usr/lib/jvm/jdk1.7.0_51/jre/lib/charsets.jar
7f6aa4030000-7f6aa6250000 rw-p 00000000 00:00 0 
7f6aa6250000-7f6aa6251000 ---p 00000000 00:00 0 
7f6aa6251000-7f6aa6351000 rw-p 00000000 00:00 0 
7f6aa6351000-7f6aa6352000 ---p 00000000 00:00 0 
7f6aa6352000-7f6aa6452000 rw-p 00000000 00:00 0 
7f6aa6452000-7f6aa6453000 ---p 00000000 00:00 0 
7f6aa6453000-7f6aa6553000 rw-p 00000000 00:00 0 
7f6aa6553000-7f6aa6554000 ---p 00000000 00:00 0 
7f6aa6554000-7f6aa6668000 rw-p 00000000 00:00 0 
7f6aa6668000-7f6aa6794000 rw-p 00000000 00:00 0 
7f6aa6794000-7f6aa679f000 rw-p 00000000 00:00 0 
7f6aa679f000-7f6aa67bd000 rw-p 00000000 00:00 0 
7f6aa67bd000-7f6aa67d1000 rw-p 00000000 00:00 0 
7f6aa67d1000-7f6aa68fc000 rw-p 00000000 00:00 0 
7f6aa68fc000-7f6aa6907000 rw-p 00000000 00:00 0 
7f6aa6907000-7f6aa699c000 rw-p 00000000 00:00 0 
7f6aa699c000-7f6aa69a7000 rw-p 00000000 00:00 0 
7f6aa69a7000-7f6aa6a5d000 rw-p 00000000 00:00 0 
7f6aa6a5d000-7f6aa6a77000 r-xp 00000000 08:07 1836101                    /usr/lib/jvm/jdk1.7.0_51/jre/lib/amd64/libzip.so
7f6aa6a77000-7f6aa6c77000 ---p 0001a000 08:07 1836101                    /usr/lib/jvm/jdk1.7.0_51/jre/lib/amd64/libzip.so
7f6aa6c77000-7f6aa6c78000 rw-p 0001a000 08:07 1836101                    /usr/lib/jvm/jdk1.7.0_51/jre/lib/amd64/libzip.so
7f6aa6c78000-7f6aa6c83000 r-xp 00000000 08:07 2364559                    /lib/x86_64-linux-gnu/libnss_files-2.23.so
7f6aa6c83000-7f6aa6e82000 ---p 0000b000 08:07 2364559                    /lib/x86_64-linux-gnu/libnss_files-2.23.so
7f6aa6e82000-7f6aa6e83000 r--p 0000a000 08:07 2364559                    /lib/x86_64-linux-gnu/libnss_files-2.23.so
7f6aa6e83000-7f6aa6e84000 rw-p 0000b000 08:07 2364559                    /lib/x86_64-linux-gnu/libnss_files-2.23.so
7f6aa6e84000-7f6aa6e8a000 rw-p 00000000 00:00 0 
7f6aa6e8a000-7f6aa6e95000 r-xp 00000000 08:07 2364569                    /lib/x86_64-linux-gnu/libnss_nis-2.23.so
7f6aa6e95000-7f6aa7094000 ---p 0000b000 08:07 2364569                    /lib/x86_64-linux-gnu/libnss_nis-2.23.so
7f6aa7094000-7f6aa7095000 r--p 0000a000 08:07 2364569                    /lib/x86_64-linux-gnu/libnss_nis-2.23.so
7f6aa7095000-7f6aa7096000 rw-p 0000b000 08:07 2364569                    /lib/x86_64-linux-gnu/libnss_nis-2.23.so
7f6aa7096000-7f6aa70ac000 r-xp 00000000 08:07 2364553                    /lib/x86_64-linux-gnu/libnsl-2.23.so
7f6aa70ac000-7f6aa72ab000 ---p 00016000 08:07 2364553                    /lib/x86_64-linux-gnu/libnsl-2.23.so
7f6aa72ab000-7f6aa72ac000 r--p 00015000 08:07 2364553                    /lib/x86_64-linux-gnu/libnsl-2.23.so
7f6aa72ac000-7f6aa72ad000 rw-p 00016000 08:07 2364553                    /lib/x86_64-linux-gnu/libnsl-2.23.so
7f6aa72ad000-7f6aa72af000 rw-p 00000000 00:00 0 
7f6aa72af000-7f6aa72b7000 r-xp 00000000 08:07 2364555                    /lib/x86_64-linux-gnu/libnss_compat-2.23.so
7f6aa72b7000-7f6aa74b6000 ---p 00008000 08:07 2364555                    /lib/x86_64-linux-gnu/libnss_compat-2.23.so
7f6aa74b6000-7f6aa74b7000 r--p 00007000 08:07 2364555                    /lib/x86_64-linux-gnu/libnss_compat-2.23.so
7f6aa74b7000-7f6aa74b8000 rw-p 00008000 08:07 2364555                    /lib/x86_64-linux-gnu/libnss_compat-2.23.so
7f6aa74b8000-7f6aa74e1000 r-xp 00000000 08:07 1836085                    /usr/lib/jvm/jdk1.7.0_51/jre/lib/amd64/libjava.so
7f6aa74e1000-7f6aa76e1000 ---p 00029000 08:07 1836085                    /usr/lib/jvm/jdk1.7.0_51/jre/lib/amd64/libjava.so
7f6aa76e1000-7f6aa76e3000 rw-p 00029000 08:07 1836085                    /usr/lib/jvm/jdk1.7.0_51/jre/lib/amd64/libjava.so
7f6aa76e3000-7f6aa76f0000 r-xp 00000000 08:07 1836083                    /usr/lib/jvm/jdk1.7.0_51/jre/lib/amd64/libverify.so
7f6aa76f0000-7f6aa78ef000 ---p 0000d000 08:07 1836083                    /usr/lib/jvm/jdk1.7.0_51/jre/lib/amd64/libverify.so
7f6aa78ef000-7f6aa78f1000 rw-p 0000c000 08:07 1836083                    /usr/lib/jvm/jdk1.7.0_51/jre/lib/amd64/libverify.so
7f6aa78f1000-7f6aa78f8000 r-xp 00000000 08:07 2364614                    /lib/x86_64-linux-gnu/librt-2.23.so
7f6aa78f8000-7f6aa7af7000 ---p 00007000 08:07 2364614                    /lib/x86_64-linux-gnu/librt-2.23.so
7f6aa7af7000-7f6aa7af8000 r--p 00006000 08:07 2364614                    /lib/x86_64-linux-gnu/librt-2.23.so
7f6aa7af8000-7f6aa7af9000 rw-p 00007000 08:07 2364614                    /lib/x86_64-linux-gnu/librt-2.23.so
7f6aa7af9000-7f6aa7afc000 ---p 00000000 00:00 0 
7f6aa7afc000-7f6aa7bfa000 rw-p 00000000 00:00 0 
7f6aa7bfa000-7f6aa7d02000 r-xp 00000000 08:07 2364530                    /lib/x86_64-linux-gnu/libm-2.23.so
7f6aa7d02000-7f6aa7f01000 ---p 00108000 08:07 2364530                    /lib/x86_64-linux-gnu/libm-2.23.so
7f6aa7f01000-7f6aa7f02000 r--p 00107000 08:07 2364530                    /lib/x86_64-linux-gnu/libm-2.23.so
7f6aa7f02000-7f6aa7f03000 rw-p 00108000 08:07 2364530                    /lib/x86_64-linux-gnu/libm-2.23.so
7f6aa7f03000-7f6aa8a65000 r-xp 00000000 08:07 1836091                    /usr/lib/jvm/jdk1.7.0_51/jre/lib/amd64/server/libjvm.so
7f6aa8a65000-7f6aa8c65000 ---p 00b62000 08:07 1836091                    /usr/lib/jvm/jdk1.7.0_51/jre/lib/amd64/server/libjvm.so
7f6aa8c65000-7f6aa8d28000 rw-p 00b62000 08:07 1836091                    /usr/lib/jvm/jdk1.7.0_51/jre/lib/amd64/server/libjvm.so
7f6aa8d28000-7f6aa8d69000 rw-p 00000000 00:00 0 
7f6aa8d69000-7f6aa8f29000 r-xp 00000000 08:07 2364460                    /lib/x86_64-linux-gnu/libc-2.23.so
7f6aa8f29000-7f6aa9128000 ---p 001c0000 08:07 2364460                    /lib/x86_64-linux-gnu/libc-2.23.so
7f6aa9128000-7f6aa912c000 r--p 001bf000 08:07 2364460                    /lib/x86_64-linux-gnu/libc-2.23.so
7f6aa912c000-7f6aa912e000 rw-p 001c3000 08:07 2364460                    /lib/x86_64-linux-gnu/libc-2.23.so
7f6aa912e000-7f6aa9132000 rw-p 00000000 00:00 0 
7f6aa9132000-7f6aa9135000 r-xp 00000000 08:07 2364484                    /lib/x86_64-linux-gnu/libdl-2.23.so
7f6aa9135000-7f6aa9334000 ---p 00003000 08:07 2364484                    /lib/x86_64-linux-gnu/libdl-2.23.so
7f6aa9334000-7f6aa9335000 r--p 00002000 08:07 2364484                    /lib/x86_64-linux-gnu/libdl-2.23.so
7f6aa9335000-7f6aa9336000 rw-p 00003000 08:07 2364484                    /lib/x86_64-linux-gnu/libdl-2.23.so
7f6aa9336000-7f6aa934c000 r-xp 00000000 08:07 1056839                    /usr/lib/jvm/jdk1.7.0_51/lib/amd64/jli/libjli.so
7f6aa934c000-7f6aa954c000 ---p 00016000 08:07 1056839                    /usr/lib/jvm/jdk1.7.0_51/lib/amd64/jli/libjli.so
7f6aa954c000-7f6aa954d000 rw-p 00016000 08:07 1056839                    /usr/lib/jvm/jdk1.7.0_51/lib/amd64/jli/libjli.so
7f6aa954d000-7f6aa9565000 r-xp 00000000 08:07 2364606                    /lib/x86_64-linux-gnu/libpthread-2.23.so
7f6aa9565000-7f6aa9764000 ---p 00018000 08:07 2364606                    /lib/x86_64-linux-gnu/libpthread-2.23.so
7f6aa9764000-7f6aa9765000 r--p 00017000 08:07 2364606                    /lib/x86_64-linux-gnu/libpthread-2.23.so
7f6aa9765000-7f6aa9766000 rw-p 00018000 08:07 2364606                    /lib/x86_64-linux-gnu/libpthread-2.23.so
7f6aa9766000-7f6aa976a000 rw-p 00000000 00:00 0 
7f6aa976a000-7f6aa9790000 r-xp 00000000 08:07 2364432                    /lib/x86_64-linux-gnu/ld-2.23.so
7f6aa9790000-7f6aa9791000 r--s 00000000 08:07 2890680                    /var/cache/fontconfig/30829fa25452a46451e813d634d7f916-le64.cache-6
7f6aa9791000-7f6aa9798000 r--s 00000000 08:07 3016614                    /usr/lib/x86_64-linux-gnu/gconv/gconv-modules.cache
7f6aa9798000-7f6aa979a000 r--s 0000d000 08:08 3412122                    /home/kcrez/Documentos/JavaDuino/library/rxtx2.1/RXTXcomm.jar
7f6aa979a000-7f6aa979c000 r--s 0000d000 08:07 1835127                    /usr/lib/jvm/jdk1.7.0_51/jre/lib/ext/RXTXcomm.jar
7f6aa979c000-7f6aa97f0000 rw-p 00000000 00:00 0 
7f6aa97f0000-7f6aa980e000 rw-p 00000000 00:00 0 
7f6aa980e000-7f6aa9812000 rw-p 00000000 00:00 0 
7f6aa9812000-7f6aa9856000 r-xp 00000000 08:07 1052366                    /opt/eset/esets/lib/libesets_pac.so
7f6aa9856000-7f6aa9956000 ---p 00044000 08:07 1052366                    /opt/eset/esets/lib/libesets_pac.so
7f6aa9956000-7f6aa9959000 rw-p 00044000 08:07 1052366                    /opt/eset/esets/lib/libesets_pac.so
7f6aa9959000-7f6aa996c000 rw-p 00000000 00:00 0 
7f6aa996c000-7f6aa996d000 r--s 00000000 08:07 2890674                    /var/cache/fontconfig/0c9eb80ebd1c36541ebe2852d3bb0c49-le64.cache-6
7f6aa996d000-7f6aa9982000 rw-p 00000000 00:00 0 
7f6aa9982000-7f6aa998a000 rw-s 00000000 08:07 2097225                    /tmp/hsperfdata_kcrez/6841
7f6aa998a000-7f6aa998b000 rw-p 00000000 00:00 0 
7f6aa998b000-7f6aa998c000 r--p 00000000 00:00 0 
7f6aa998c000-7f6aa998f000 rw-p 00000000 00:00 0 
7f6aa998f000-7f6aa9990000 r--p 00025000 08:07 2364432                    /lib/x86_64-linux-gnu/ld-2.23.so
7f6aa9990000-7f6aa9991000 rw-p 00026000 08:07 2364432                    /lib/x86_64-linux-gnu/ld-2.23.so
7f6aa9991000-7f6aa9992000 rw-p 00000000 00:00 0 
7fff45115000-7fff45136000 rw-p 00000000 00:00 0                          [stack]
7fff451b1000-7fff451b3000 r--p 00000000 00:00 0                          [vvar]
7fff451b3000-7fff451b5000 r-xp 00000000 00:00 0                          [vdso]
ffffffffff600000-ffffffffff601000 r-xp 00000000 00:00 0                  [vsyscall]

VM Arguments:
jvm_args: -Dfile.encoding=UTF-8 -Djava.library.path=/home/kcrez/Documentos/JavaDuino/library/rxtx2.1 
java_command: PPD_Frame
Launcher Type: SUN_STANDARD

Environment Variables:
PATH=/usr/local/sbin:/usr/local/bin:/usr/sbin:/usr/bin:/sbin:/bin:/usr/games:/usr/local/games:/snap/bin
LD_LIBRARY_PATH=/usr/lib/jvm/jdk1.7.0_51/jre/lib/amd64:/usr/lib/jvm/jdk1.7.0_51/jre/lib/i386:
SHELL=/bin/bash
DISPLAY=:0

Signal Handlers:
SIGSEGV: [libjvm.so+0x993870], sa_mask[0]=0x7ffbfeff, sa_flags=0x10000004
SIGBUS: [libjvm.so+0x993870], sa_mask[0]=0x7ffbfeff, sa_flags=0x10000004
SIGFPE: [libjvm.so+0x8105b0], sa_mask[0]=0x7ffbfeff, sa_flags=0x10000004
SIGPIPE: [libjvm.so+0x8105b0], sa_mask[0]=0x7ffbfeff, sa_flags=0x10000004
SIGXFSZ: [libjvm.so+0x8105b0], sa_mask[0]=0x7ffbfeff, sa_flags=0x10000004
SIGILL: [libjvm.so+0x8105b0], sa_mask[0]=0x7ffbfeff, sa_flags=0x10000004
SIGUSR1: SIG_DFL, sa_mask[0]=0x00000000, sa_flags=0x00000000
SIGUSR2: [libjvm.so+0x811aa0], sa_mask[0]=0x00000004, sa_flags=0x10000004
SIGHUP: [libjvm.so+0x812a10], sa_mask[0]=0x7ffbfeff, sa_flags=0x10000004
SIGINT: SIG_IGN, sa_mask[0]=0x00000000, sa_flags=0x00000000
SIGTERM: [libjvm.so+0x812a10], sa_mask[0]=0x7ffbfeff, sa_flags=0x10000004
SIGQUIT: [libjvm.so+0x812a10], sa_mask[0]=0x7ffbfeff, sa_flags=0x10000004


---------------  S Y S T E M  ---------------

OS:stretch/sid

uname:Linux 4.4.0-22-generic #40-Ubuntu SMP Thu May 12 22:03:46 UTC 2016 x86_64
libc:glibc 2.23 NPTL 2.23 
rlimit: STACK 8192k, CORE 0k, NPROC 15146, NOFILE 65536, AS infinity
load average:0.39 0.61 0.57

/proc/meminfo:
MemTotal:        3916240 kB
MemFree:          100288 kB
MemAvailable:    1546964 kB
Buffers:          222392 kB
Cached:          1264176 kB
SwapCached:         1680 kB
Active:          2307692 kB
Inactive:        1230492 kB
Active(anon):    1556132 kB
Inactive(anon):   670712 kB
Active(file):     751560 kB
Inactive(file):   559780 kB
Unevictable:          48 kB
Mlocked:              48 kB
SwapTotal:       7812088 kB
SwapFree:        7803016 kB
Dirty:              5088 kB
Writeback:             0 kB
AnonPages:       2050444 kB
Mapped:           329916 kB
Shmem:            175228 kB
Slab:             198368 kB
SReclaimable:     164568 kB
SUnreclaim:        33800 kB
KernelStack:       10320 kB
PageTables:        33160 kB
NFS_Unstable:          0 kB
Bounce:                0 kB
WritebackTmp:          0 kB
CommitLimit:     9770208 kB
Committed_AS:    6318120 kB
VmallocTotal:   34359738367 kB
VmallocUsed:           0 kB
VmallocChunk:          0 kB
HardwareCorrupted:     0 kB
AnonHugePages:    763904 kB
CmaTotal:              0 kB
CmaFree:               0 kB
HugePages_Total:       0
HugePages_Free:        0
HugePages_Rsvd:        0
HugePages_Surp:        0
Hugepagesize:       2048 kB
DirectMap4k:      129820 kB
DirectMap2M:     2885632 kB
DirectMap1G:     1048576 kB


CPU:total 4 (2 cores per cpu, 2 threads per core) family 6 model 60 stepping 3, cmov, cx8, fxsr, mmx, sse, sse2, sse3, ssse3, sse4.1, sse4.2, popcnt, avx, avx2, aes, erms, ht, tsc, tscinvbit

/proc/cpuinfo:
processor	: 0
vendor_id	: GenuineIntel
cpu family	: 6
model		: 60
model name	: Intel(R) Core(TM) i3-4170 CPU @ 3.70GHz
stepping	: 3
microcode	: 0x1e
cpu MHz		: 3699.855
cache size	: 3072 KB
physical id	: 0
siblings	: 4
core id		: 0
cpu cores	: 2
apicid		: 0
initial apicid	: 0
fpu		: yes
fpu_exception	: yes
cpuid level	: 13
wp		: yes
flags		: fpu vme de pse tsc msr pae mce cx8 apic sep mtrr pge mca cmov pat pse36 clflush dts acpi mmx fxsr sse sse2 ss ht tm pbe syscall nx pdpe1gb rdtscp lm constant_tsc arch_perfmon pebs bts rep_good nopl xtopology nonstop_tsc aperfmperf eagerfpu pni pclmulqdq dtes64 monitor ds_cpl vmx est tm2 ssse3 sdbg fma cx16 xtpr pdcm pcid sse4_1 sse4_2 movbe popcnt tsc_deadline_timer aes xsave avx f16c rdrand lahf_lm abm epb tpr_shadow vnmi flexpriority ept vpid fsgsbase tsc_adjust bmi1 avx2 smep bmi2 erms invpcid xsaveopt dtherm arat pln pts
bugs		:
bogomips	: 7383.06
clflush size	: 64
cache_alignment	: 64
address sizes	: 39 bits physical, 48 bits virtual
power management:

processor	: 1
vendor_id	: GenuineIntel
cpu family	: 6
model		: 60
model name	: Intel(R) Core(TM) i3-4170 CPU @ 3.70GHz
stepping	: 3
microcode	: 0x1e
cpu MHz		: 3700.000
cache size	: 3072 KB
physical id	: 0
siblings	: 4
core id		: 1
cpu cores	: 2
apicid		: 2
initial apicid	: 2
fpu		: yes
fpu_exception	: yes
cpuid level	: 13
wp		: yes
flags		: fpu vme de pse tsc msr pae mce cx8 apic sep mtrr pge mca cmov pat pse36 clflush dts acpi mmx fxsr sse sse2 ss ht tm pbe syscall nx pdpe1gb rdtscp lm constant_tsc arch_perfmon pebs bts rep_good nopl xtopology nonstop_tsc aperfmperf eagerfpu pni pclmulqdq dtes64 monitor ds_cpl vmx est tm2 ssse3 sdbg fma cx16 xtpr pdcm pcid sse4_1 sse4_2 movbe popcnt tsc_deadline_timer aes xsave avx f16c rdrand lahf_lm abm epb tpr_shadow vnmi flexpriority ept vpid fsgsbase tsc_adjust bmi1 avx2 smep bmi2 erms invpcid xsaveopt dtherm arat pln pts
bugs		:
bogomips	: 7383.06
clflush size	: 64
cache_alignment	: 64
address sizes	: 39 bits physical, 48 bits virtual
power management:

processor	: 2
vendor_id	: GenuineIntel
cpu family	: 6
model		: 60
model name	: Intel(R) Core(TM) i3-4170 CPU @ 3.70GHz
stepping	: 3
microcode	: 0x1e
cpu MHz		: 3700.000
cache size	: 3072 KB
physical id	: 0
siblings	: 4
core id		: 0
cpu cores	: 2
apicid		: 1
initial apicid	: 1
fpu		: yes
fpu_exception	: yes
cpuid level	: 13
wp		: yes
flags		: fpu vme de pse tsc msr pae mce cx8 apic sep mtrr pge mca cmov pat pse36 clflush dts acpi mmx fxsr sse sse2 ss ht tm pbe syscall nx pdpe1gb rdtscp lm constant_tsc arch_perfmon pebs bts rep_good nopl xtopology nonstop_tsc aperfmperf eagerfpu pni pclmulqdq dtes64 monitor ds_cpl vmx est tm2 ssse3 sdbg fma cx16 xtpr pdcm pcid sse4_1 sse4_2 movbe popcnt tsc_deadline_timer aes xsave avx f16c rdrand lahf_lm abm epb tpr_shadow vnmi flexpriority ept vpid fsgsbase tsc_adjust bmi1 avx2 smep bmi2 erms invpcid xsaveopt dtherm arat pln pts
bugs		:
bogomips	: 7383.06
clflush size	: 64
cache_alignment	: 64
address sizes	: 39 bits physical, 48 bits virtual
power management:

processor	: 3
vendor_id	: GenuineIntel
cpu family	: 6
model		: 60
model name	: Intel(R) Core(TM) i3-4170 CPU @ 3.70GHz
stepping	: 3
microcode	: 0x1e
cpu MHz		: 3700.000
cache size	: 3072 KB
physical id	: 0
siblings	: 4
core id		: 1
cpu cores	: 2
apicid		: 3
initial apicid	: 3
fpu		: yes
fpu_exception	: yes
cpuid level	: 13
wp		: yes
flags		: fpu vme de pse tsc msr pae mce cx8 apic sep mtrr pge mca cmov pat pse36 clflush dts acpi mmx fxsr sse sse2 ss ht tm pbe syscall nx pdpe1gb rdtscp lm constant_tsc arch_perfmon pebs bts rep_good nopl xtopology nonstop_tsc aperfmperf eagerfpu pni pclmulqdq dtes64 monitor ds_cpl vmx est tm2 ssse3 sdbg fma cx16 xtpr pdcm pcid sse4_1 sse4_2 movbe popcnt tsc_deadline_timer aes xsave avx f16c rdrand lahf_lm abm epb tpr_shadow vnmi flexpriority ept vpid fsgsbase tsc_adjust bmi1 avx2 smep bmi2 erms invpcid xsaveopt dtherm arat pln pts
bugs		:
bogomips	: 7383.06
clflush size	: 64
cache_alignment	: 64
address sizes	: 39 bits physical, 48 bits virtual
power management:



Memory: 4k page, physical 3916240k(100040k free), swap 7812088k(7803016k free)

vm_info: Java HotSpot(TM) 64-Bit Server VM (24.51-b03) for linux-amd64 JRE (1.7.0_51-b13), built on Dec 18 2013 18:48:01 by "java_re" with gcc 4.3.0 20080428 (Red Hat 4.3.0-8)

time: Sat Jul 30 21:18:37 2016
elapsed time: 0 seconds

