#
# A fatal error has been detected by the Java Runtime Environment:
#
#  SIGSEGV (0xb) at pc=0x00007f2f90649462, pid=7193, tid=139842271098624
#
# JRE version: Java(TM) SE Runtime Environment (7.0_51-b13) (build 1.7.0_51-b13)
# Java VM: Java HotSpot(TM) 64-Bit Server VM (24.51-b03 mixed mode linux-amd64 compressed oops)
# Problematic frame:
# C  [librxtxSerial.so+0x6462]  read_byte_array+0x52
#
# Failed to write core dump. Core dumps have been disabled. To enable core dumping, try "ulimit -c unlimited" before starting Java again
#
# If you would like to submit a bug report, please visit:
#   http://bugreport.sun.com/bugreport/crash.jsp
# The crash happened outside the Java Virtual Machine in native code.
# See problematic frame for where to report the bug.
#

---------------  T H R E A D  ---------------

Current thread (0x00007f2fa0222000):  JavaThread "AWT-EventQueue-0" [_thread_in_native, id=7221, stack(0x00007f2f90d4b000,0x00007f2f90e4c000)]

siginfo:si_signo=SIGSEGV: si_errno=0, si_code=1 (SEGV_MAPERR), si_addr=0xffffffff905af5f8

Registers:
RAX=0xffffffff905af5f0, RBX=0xffffffffffffffff, RCX=0x0000000000000001, RDX=0x00007f2fa6328a50
RSP=0x00007f2f90e47e70, RBP=0x00007f2fa02221e8, RSI=0x00007f2f9064ce30, RDI=0x00007f2f9064cd3e
R8 =0x00007f2f90e47de0, R9 =0x00000000ffffffff, R10=0x0000000000000049, R11=0x00007f2f90649410
R12=0x00000000ffffffff, R13=0x0000000000000000, R14=0x000000000000001d, R15=0x0000000000000000
RIP=0x00007f2f90649462, EFLAGS=0x0000000000010202, CSGSFS=0x0000000000000033, ERR=0x0000000000000005
  TRAPNO=0x000000000000000e

Top of Stack: (sp=0x00007f2f90e47e70)
0x00007f2f90e47e70:   0000000000000000 0000000000000000
0x00007f2f90e47e80:   ff0000000000ff00 0000000000000000
0x00007f2f90e47e90:   0000000000000000 ffffffff905af5f0
0x00007f2f90e47ea0:   69754479616c5061 0000000000000000
0x00007f2f90e47eb0:   0000000000000000 000000f900000000
0x00007f2f90e47ec0:   00007f2f480486d0 0000001d6c632f64
0x00007f2f90e47ed0:   0000000000000000 0000000000000000
0x00007f2f90e47ee0:   65722f676d692f73 676e702e66666f64
0x00007f2f90e47ef0:   0000000000000000 0000000000000000
0x00007f2f90e47f00:   0000000000002000 0000000000000000
0x00007f2f90e47f10:   000000000000001d 0000000000000000
0x00007f2f90e47f20:   00007f2f90e47f50 00007f2fa579bdac
0x00007f2f90e47f30:   00007f2f90e47f60 0000000000002000
0x00007f2f90e47f40:   00007f2f480486d0 00007f2f480486d0
0x00007f2f90e47f50:   000000000000001d 00007f2f90e47fb0
0x00007f2f90e47f60:   00007f2fa02221e8 ffffffffffffffff
0x00007f2f90e47f70:   00007f2fa02221e8 00007f2f480486d0
0x00007f2f90e47f80:   00000000000000f9 000000000000001d
0x00007f2f90e47f90:   0000000000000000 00007f2f906498a1
0x00007f2f90e47fa0:   00007f2fa0222000 00007f2f90e48080
0x00007f2f90e47fb0:   00007f2f90e48088 00000000bfb320c0
0x00007f2f90e47fc0:   00007f2f90e48050 0000000000000000
0x00007f2f90e47fd0:   00000000bfb320b8 00007f2f90e48088
0x00007f2f90e47fe0:   00007f2fa0222000 00007f2f9c22caf9
0x00007f2f90e47ff0:   00007f2f60001178 00007f2f90e48088
0x00007f2f90e48000:   00007f2fa0222000 0000000a000000b6
0x00007f2f90e48010:   00007f2f90e48010 00000000bfb320b8
0x00007f2f90e48020:   00007f2f90e48088 00000000bfb42c10
0x00007f2f90e48030:   0000000000000000 00000000bfb320c0
0x00007f2f90e48040:   0000000000000000 00007f2f90e48070
0x00007f2f90e48050:   00007f2f90e480e0 00007f2f9c21a254
0x00007f2f90e48060:   0000000000000000 00007f2f9c226f36 

Instructions: (pc=0x00007f2f90649462)
0x00007f2f90649442:   89 44 24 4c 48 c7 44 24 40 00 00 00 00 48 c7 44
0x00007f2f90649452:   24 38 00 00 00 00 e8 53 d7 ff ff 48 89 44 24 28
0x00007f2f90649462:   8b 40 08 45 85 e4 48 8b 54 24 28 44 8b 7c 24 4c
0x00007f2f90649472:   89 44 24 34 c7 42 08 00 00 00 00 78 0c 31 c0 e8 

Register to memory mapping:

RAX=0xffffffff905af5f0 is an unknown value
RBX=0xffffffffffffffff is an unknown value
RCX=0x0000000000000001 is an unknown value
RDX=0x00007f2fa6328a50: <offset 0xe37a50> in /usr/lib/jvm/jdk1.7.0_51/jre/lib/amd64/server/libjvm.so at 0x00007f2fa54f1000
RSP=0x00007f2f90e47e70 is pointing into the stack for thread: 0x00007f2fa0222000
RBP=0x00007f2fa02221e8 is an unknown value
RSI=0x00007f2f9064ce30: <offset 0x9e30> in /usr/lib/jvm/jdk1.7.0_51/jre/lib/amd64/librxtxSerial.so at 0x00007f2f90643000
RDI=0x00007f2f9064cd3e: <offset 0x9d3e> in /usr/lib/jvm/jdk1.7.0_51/jre/lib/amd64/librxtxSerial.so at 0x00007f2f90643000
R8 =0x00007f2f90e47de0 is pointing into the stack for thread: 0x00007f2fa0222000
R9 =0x00000000ffffffff is an unallocated location in the heap
R10=0x0000000000000049 is an unknown value
R11=0x00007f2f90649410: read_byte_array+0 in /usr/lib/jvm/jdk1.7.0_51/jre/lib/amd64/librxtxSerial.so at 0x00007f2f90643000
R12=0x00000000ffffffff is an unallocated location in the heap
R13=0x0000000000000000 is an unknown value
R14=0x000000000000001d is an unknown value
R15=0x0000000000000000 is an unknown value


Stack: [0x00007f2f90d4b000,0x00007f2f90e4c000],  sp=0x00007f2f90e47e70,  free space=1011k
Native frames: (J=compiled Java code, j=interpreted, Vv=VM code, C=native code)
C  [librxtxSerial.so+0x6462]  read_byte_array+0x52

Java frames: (J=compiled Java code, j=interpreted, Vv=VM code)
j  gnu.io.RXTXPort.readArray([BII)I+0
j  gnu.io.RXTXPort$SerialInputStream.read([BII)I+187
j  sun.nio.cs.StreamDecoder.readBytes()I+135
j  sun.nio.cs.StreamDecoder.implRead([CII)I+112
j  sun.nio.cs.StreamDecoder.read([CII)I+180
j  java.io.InputStreamReader.read([CII)I+7
j  java.io.BufferedReader.fill()V+145
j  java.io.BufferedReader.read()I+23
j  PPD_Frame.RecibirDatos()V+4
j  PPD_Frame.jButton2ActionPerformed(Ljava/awt/event/ActionEvent;)V+40
j  PPD_Frame.access$100(LPPD_Frame;Ljava/awt/event/ActionEvent;)V+2
j  PPD_Frame$2.actionPerformed(Ljava/awt/event/ActionEvent;)V+5
j  javax.swing.AbstractButton.fireActionPerformed(Ljava/awt/event/ActionEvent;)V+84
j  javax.swing.AbstractButton$Handler.actionPerformed(Ljava/awt/event/ActionEvent;)V+5
j  javax.swing.DefaultButtonModel.fireActionPerformed(Ljava/awt/event/ActionEvent;)V+35
j  javax.swing.DefaultButtonModel.setPressed(Z)V+117
j  javax.swing.plaf.basic.BasicButtonListener.mouseReleased(Ljava/awt/event/MouseEvent;)V+35
j  java.awt.Component.processMouseEvent(Ljava/awt/event/MouseEvent;)V+64
j  javax.swing.JComponent.processMouseEvent(Ljava/awt/event/MouseEvent;)V+23
j  java.awt.Component.processEvent(Ljava/awt/AWTEvent;)V+81
j  java.awt.Container.processEvent(Ljava/awt/AWTEvent;)V+18
j  java.awt.Component.dispatchEventImpl(Ljava/awt/AWTEvent;)V+581
j  java.awt.Container.dispatchEventImpl(Ljava/awt/AWTEvent;)V+42
j  java.awt.Component.dispatchEvent(Ljava/awt/AWTEvent;)V+2
j  java.awt.LightweightDispatcher.retargetMouseEvent(Ljava/awt/Component;ILjava/awt/event/MouseEvent;)V+327
j  java.awt.LightweightDispatcher.processMouseEvent(Ljava/awt/event/MouseEvent;)Z+139
j  java.awt.LightweightDispatcher.dispatchEvent(Ljava/awt/AWTEvent;)Z+50
j  java.awt.Container.dispatchEventImpl(Ljava/awt/AWTEvent;)V+12
j  java.awt.Window.dispatchEventImpl(Ljava/awt/AWTEvent;)V+19
j  java.awt.Component.dispatchEvent(Ljava/awt/AWTEvent;)V+2
j  java.awt.EventQueue.dispatchEventImpl(Ljava/awt/AWTEvent;Ljava/lang/Object;)V+41
j  java.awt.EventQueue.access$200(Ljava/awt/EventQueue;Ljava/awt/AWTEvent;Ljava/lang/Object;)V+3
j  java.awt.EventQueue$3.run()Ljava/lang/Void;+12
j  java.awt.EventQueue$3.run()Ljava/lang/Object;+1
v  ~StubRoutines::call_stub
j  java.security.AccessController.doPrivileged(Ljava/security/PrivilegedAction;Ljava/security/AccessControlContext;)Ljava/lang/Object;+0
j  java.security.ProtectionDomain$1.doIntersectionPrivilege(Ljava/security/PrivilegedAction;Ljava/security/AccessControlContext;Ljava/security/AccessControlContext;)Ljava/lang/Object;+28
j  java.security.ProtectionDomain$1.doIntersectionPrivilege(Ljava/security/PrivilegedAction;Ljava/security/AccessControlContext;)Ljava/lang/Object;+6
j  java.awt.EventQueue$4.run()Ljava/lang/Void;+11
j  java.awt.EventQueue$4.run()Ljava/lang/Object;+1
v  ~StubRoutines::call_stub
j  java.security.AccessController.doPrivileged(Ljava/security/PrivilegedAction;Ljava/security/AccessControlContext;)Ljava/lang/Object;+0
j  java.security.ProtectionDomain$1.doIntersectionPrivilege(Ljava/security/PrivilegedAction;Ljava/security/AccessControlContext;Ljava/security/AccessControlContext;)Ljava/lang/Object;+28
j  java.awt.EventQueue.dispatchEvent(Ljava/awt/AWTEvent;)V+73
j  java.awt.EventDispatchThread.pumpOneEventForFilters(I)V+245
j  java.awt.EventDispatchThread.pumpEventsForFilter(ILjava/awt/Conditional;Ljava/awt/EventFilter;)V+35
j  java.awt.EventDispatchThread.pumpEventsForHierarchy(ILjava/awt/Conditional;Ljava/awt/Component;)V+11
j  java.awt.EventDispatchThread.pumpEvents(ILjava/awt/Conditional;)V+4
j  java.awt.EventDispatchThread.pumpEvents(Ljava/awt/Conditional;)V+3
j  java.awt.EventDispatchThread.run()V+9
v  ~StubRoutines::call_stub

---------------  P R O C E S S  ---------------

Java Threads: ( => current thread )
  0x00007f2f480be800 JavaThread "Thread-0" [_thread_blocked, id=7224, stack(0x00007f2f904b0000,0x00007f2f905b1000)]
  0x00007f2f48003800 JavaThread "org.netbeans.modules.debugger.jpda.visual AWT Access Loop" daemon [_thread_blocked, id=7222, stack(0x00007f2f90c4a000,0x00007f2f90d4b000)]
  0x00007f2fa000d800 JavaThread "DestroyJavaVM" [_thread_blocked, id=7196, stack(0x00007f2fa50e7000,0x00007f2fa51e8000)]
=>0x00007f2fa0222000 JavaThread "AWT-EventQueue-0" [_thread_in_native, id=7221, stack(0x00007f2f90d4b000,0x00007f2f90e4c000)]
  0x00007f2fa01ec800 JavaThread "AWT-Shutdown" [_thread_blocked, id=7220, stack(0x00007f2f90e4c000,0x00007f2f90f4d000)]
  0x00007f2fa01a6000 JavaThread "AWT-XAWT" daemon [_thread_in_native, id=7219, stack(0x00007f2f91b05000,0x00007f2f91c06000)]
  0x00007f2fa0182800 JavaThread "Java2D Disposer" daemon [_thread_blocked, id=7218, stack(0x00007f2f92036000,0x00007f2f92137000)]
  0x00007f2fa00a9000 JavaThread "Service Thread" daemon [_thread_blocked, id=7216, stack(0x00007f2f938f7000,0x00007f2f939f8000)]
  0x00007f2fa00a6800 JavaThread "C2 CompilerThread1" daemon [_thread_blocked, id=7215, stack(0x00007f2f939f8000,0x00007f2f93af9000)]
  0x00007f2fa00a3800 JavaThread "C2 CompilerThread0" daemon [_thread_blocked, id=7214, stack(0x00007f2f93af9000,0x00007f2f93bfa000)]
  0x00007f2f70001000 JavaThread "JDWP Command Reader" daemon [_thread_in_native, id=7209, stack(0x00007f2f93bfa000,0x00007f2f93cfb000)]
  0x00007f2fa00a1800 JavaThread "JDWP Event Helper Thread" daemon [_thread_blocked, id=7208, stack(0x00007f2f93cfb000,0x00007f2f93dfc000)]
  0x00007f2fa009e000 JavaThread "JDWP Transport Listener: dt_socket" daemon [_thread_blocked, id=7206, stack(0x00007f2f9802f000,0x00007f2f98130000)]
  0x00007f2fa0090800 JavaThread "Signal Dispatcher" daemon [_thread_blocked, id=7205, stack(0x00007f2f98130000,0x00007f2f98231000)]
  0x00007f2fa0073000 JavaThread "Finalizer" daemon [_thread_blocked, id=7204, stack(0x00007f2f98231000,0x00007f2f98332000)]
  0x00007f2fa006f000 JavaThread "Reference Handler" daemon [_thread_blocked, id=7203, stack(0x00007f2f98332000,0x00007f2f98433000)]

Other Threads:
  0x00007f2fa006c800 VMThread [stack: 0x00007f2f98433000,0x00007f2f98534000] [id=7202]
  0x00007f2fa00b3800 WatcherThread [stack: 0x00007f2f937f6000,0x00007f2f938f7000] [id=7217]

VM state:not at safepoint (normal execution)

VM Mutex/Monitor currently owned by a thread: None

Heap
 PSYoungGen      total 17920K, used 11401K [0x00000000ec080000, 0x00000000ed480000, 0x0000000100000000)
  eden space 15360K, 74% used [0x00000000ec080000,0x00000000ecba26d0,0x00000000ecf80000)
  from space 2560K, 0% used [0x00000000ed200000,0x00000000ed200000,0x00000000ed480000)
  to   space 2560K, 0% used [0x00000000ecf80000,0x00000000ecf80000,0x00000000ed200000)
 ParOldGen       total 40448K, used 0K [0x00000000c4200000, 0x00000000c6980000, 0x00000000ec080000)
  object space 40448K, 0% used [0x00000000c4200000,0x00000000c4200000,0x00000000c6980000)
 PSPermGen       total 21504K, used 12318K [0x00000000bf000000, 0x00000000c0500000, 0x00000000c4200000)
  object space 21504K, 57% used [0x00000000bf000000,0x00000000bfc07910,0x00000000c0500000)

Card table byte_map: [0x00007f2f9bf4b000,0x00007f2f9c154000] byte_map_base: 0x00007f2f9b953000

Polling page: 0x00007f2fa6f79000

Code Cache  [0x00007f2f9c214000, 0x00007f2f9c484000, 0x00007f2f9f214000)
 total_blobs=548 nmethods=73 adapters=436 free_code_cache=48388Kb largest_free_block=49506496

Compilation events (10 events):
Event: 11.737 Thread 0x00007f2fa00a6800   69             sun.util.logging.PlatformLogger::finest (12 bytes)
Event: 11.737 Thread 0x00007f2fa00a3800   70             java.util.ArrayList::get (11 bytes)
Event: 11.738 Thread 0x00007f2fa00a3800 nmethod 70 0x00007f2f9c2cab10 code [0x00007f2f9c2cac60, 0x00007f2f9c2cad58]
Event: 11.739 Thread 0x00007f2fa00a6800 nmethod 69 0x00007f2f9c2d3550 code [0x00007f2f9c2d36e0, 0x00007f2f9c2d3978]
Event: 11.841 Thread 0x00007f2fa00a3800   71             java.util.concurrent.locks.AbstractOwnableSynchronizer::setExclusiveOwnerThread (6 bytes)
Event: 11.842 Thread 0x00007f2fa00a3800 nmethod 71 0x00007f2f9c2d3c90 code [0x00007f2f9c2d3dc0, 0x00007f2f9c2d3e38]
Event: 11.873 Thread 0x00007f2fa00a6800   72             java.util.concurrent.locks.AbstractOwnableSynchronizer::getExclusiveOwnerThread (5 bytes)
Event: 11.874 Thread 0x00007f2fa00a6800 nmethod 72 0x00007f2f9c2c4510 code [0x00007f2f9c2c4640, 0x00007f2f9c2c4698]
Event: 12.449 Thread 0x00007f2fa00a3800   73             java.util.concurrent.locks.AbstractQueuedSynchronizer::setState (6 bytes)
Event: 12.450 Thread 0x00007f2fa00a3800 nmethod 73 0x00007f2f9c2c4310 code [0x00007f2f9c2c4440, 0x00007f2f9c2c4498]

GC Heap History (0 events):
No events

Deoptimization events (2 events):
Event: 0.850 Thread 0x00007f2fa000d800 Uncommon trap: reason=class_check action=maybe_recompile pc=0x00007f2f9c28d300 method=java.util.Properties$LineReader.readLine()I @ 62
Event: 0.852 Thread 0x00007f2fa000d800 Uncommon trap: reason=class_check action=maybe_recompile pc=0x00007f2f9c28d300 method=java.util.Properties$LineReader.readLine()I @ 62

Internal exceptions (10 events):
Event: 1.027 Thread 0x00007f2fa0222000 Threw 0x00000000ec3e06d0 at /HUDSON/workspace/7u-2-build-linux-amd64@2/jdk7u51/527/hotspot/src/share/vm/prims/jvm.cpp:1244
Event: 1.028 Thread 0x00007f2fa0222000 Threw 0x00000000ec3e4210 at /HUDSON/workspace/7u-2-build-linux-amd64@2/jdk7u51/527/hotspot/src/share/vm/prims/jvm.cpp:1244
Event: 1.028 Thread 0x00007f2fa0222000 Threw 0x00000000ec3e5928 at /HUDSON/workspace/7u-2-build-linux-amd64@2/jdk7u51/527/hotspot/src/share/vm/prims/jvm.cpp:1244
Event: 1.103 Thread 0x00007f2fa0222000 Threw 0x00000000ec568408 at /HUDSON/workspace/7u-2-build-linux-amd64@2/jdk7u51/527/hotspot/src/share/vm/prims/jvm.cpp:1244
Event: 1.104 Thread 0x00007f2fa0222000 Threw 0x00000000ec569fd8 at /HUDSON/workspace/7u-2-build-linux-amd64@2/jdk7u51/527/hotspot/src/share/vm/prims/jvm.cpp:1244
Event: 1.195 Thread 0x00007f2fa0222000 Threw 0x00000000ec876d60 at /HUDSON/workspace/7u-2-build-linux-amd64@2/jdk7u51/527/hotspot/src/share/vm/prims/jni.cpp:717
Event: 1.210 Thread 0x00007f2fa0222000 Threw 0x00000000ec889fe8 at /HUDSON/workspace/7u-2-build-linux-amd64@2/jdk7u51/527/hotspot/src/share/vm/prims/jni.cpp:717
Event: 1.212 Thread 0x00007f2fa0222000 Threw 0x00000000ec89b9a0 at /HUDSON/workspace/7u-2-build-linux-amd64@2/jdk7u51/527/hotspot/src/share/vm/prims/jni.cpp:717
Event: 1.230 Thread 0x00007f2fa0222000 Threw 0x00000000ec8ae968 at /HUDSON/workspace/7u-2-build-linux-amd64@2/jdk7u51/527/hotspot/src/share/vm/prims/jni.cpp:717
Event: 1.363 Thread 0x00007f2fa0222000 Threw 0x00000000ec9712c8 at /HUDSON/workspace/7u-2-build-linux-amd64@2/jdk7u51/527/hotspot/src/share/vm/prims/jni.cpp:743

Events (10 events):
Event: 7.770 Executing VM operation: RevokeBias done
Event: 7.771 Executing VM operation: RevokeBias
Event: 7.771 Executing VM operation: RevokeBias done
Event: 7.771 Executing VM operation: RevokeBias
Event: 7.771 Executing VM operation: RevokeBias done
Event: 7.771 Executing VM operation: RevokeBias
Event: 7.772 Executing VM operation: RevokeBias done
Event: 12.772 Executing VM operation: RevokeBias
Event: 12.772 Executing VM operation: RevokeBias done
Event: 12.772 Thread 0x00007f2f480d8800 Thread exited: 0x00007f2f480d8800


Dynamic libraries:
00400000-00401000 r-xp 00000000 08:07 937188                             /usr/lib/jvm/jdk1.7.0_51/bin/java
00600000-00601000 rw-p 00000000 08:07 937188                             /usr/lib/jvm/jdk1.7.0_51/bin/java
02347000-02368000 rw-p 00000000 00:00 0                                  [heap]
bf000000-c0500000 rw-p 00000000 00:00 0 
c0500000-c4200000 rw-p 00000000 00:00 0 
c4200000-c6980000 rw-p 00000000 00:00 0 
c6980000-ec080000 rw-p 00000000 00:00 0 
ec080000-ed480000 rw-p 00000000 00:00 0 
ed480000-100000000 rw-p 00000000 00:00 0 
7f2f34000000-7f2f34021000 rw-p 00000000 00:00 0 
7f2f34021000-7f2f38000000 ---p 00000000 00:00 0 
7f2f3c000000-7f2f3c021000 rw-p 00000000 00:00 0 
7f2f3c021000-7f2f40000000 ---p 00000000 00:00 0 
7f2f40000000-7f2f40060000 rw-p 00000000 00:00 0 
7f2f40060000-7f2f44000000 ---p 00000000 00:00 0 
7f2f44000000-7f2f44021000 rw-p 00000000 00:00 0 
7f2f44021000-7f2f48000000 ---p 00000000 00:00 0 
7f2f48000000-7f2f480e0000 rw-p 00000000 00:00 0 
7f2f480e0000-7f2f4c000000 ---p 00000000 00:00 0 
7f2f4c000000-7f2f4c021000 rw-p 00000000 00:00 0 
7f2f4c021000-7f2f50000000 ---p 00000000 00:00 0 
7f2f50000000-7f2f50021000 rw-p 00000000 00:00 0 
7f2f50021000-7f2f54000000 ---p 00000000 00:00 0 
7f2f54000000-7f2f54021000 rw-p 00000000 00:00 0 
7f2f54021000-7f2f58000000 ---p 00000000 00:00 0 
7f2f58000000-7f2f58021000 rw-p 00000000 00:00 0 
7f2f58021000-7f2f5c000000 ---p 00000000 00:00 0 
7f2f5c000000-7f2f5c41c000 rw-p 00000000 00:00 0 
7f2f5c41c000-7f2f60000000 ---p 00000000 00:00 0 
7f2f60000000-7f2f607cc000 rw-p 00000000 00:00 0 
7f2f607cc000-7f2f64000000 ---p 00000000 00:00 0 
7f2f64000000-7f2f6402b000 rw-p 00000000 00:00 0 
7f2f6402b000-7f2f68000000 ---p 00000000 00:00 0 
7f2f68000000-7f2f68021000 rw-p 00000000 00:00 0 
7f2f68021000-7f2f6c000000 ---p 00000000 00:00 0 
7f2f6c000000-7f2f6c021000 rw-p 00000000 00:00 0 
7f2f6c021000-7f2f70000000 ---p 00000000 00:00 0 
7f2f70000000-7f2f7003d000 rw-p 00000000 00:00 0 
7f2f7003d000-7f2f74000000 ---p 00000000 00:00 0 
7f2f74000000-7f2f74021000 rw-p 00000000 00:00 0 
7f2f74021000-7f2f78000000 ---p 00000000 00:00 0 
7f2f78000000-7f2f78021000 rw-p 00000000 00:00 0 
7f2f78021000-7f2f7c000000 ---p 00000000 00:00 0 
7f2f7c000000-7f2f7c021000 rw-p 00000000 00:00 0 
7f2f7c021000-7f2f80000000 ---p 00000000 00:00 0 
7f2f80000000-7f2f80021000 rw-p 00000000 00:00 0 
7f2f80021000-7f2f84000000 ---p 00000000 00:00 0 
7f2f84000000-7f2f84021000 rw-p 00000000 00:00 0 
7f2f84021000-7f2f88000000 ---p 00000000 00:00 0 
7f2f8c000000-7f2f8c021000 rw-p 00000000 00:00 0 
7f2f8c021000-7f2f90000000 ---p 00000000 00:00 0 
7f2f90093000-7f2f900bd000 r-xp 00000000 08:07 1836084                    /usr/lib/jvm/jdk1.7.0_51/jre/lib/amd64/libdcpr.so
7f2f900bd000-7f2f902bd000 ---p 0002a000 08:07 1836084                    /usr/lib/jvm/jdk1.7.0_51/jre/lib/amd64/libdcpr.so
7f2f902bd000-7f2f902c0000 rw-p 0002a000 08:07 1836084                    /usr/lib/jvm/jdk1.7.0_51/jre/lib/amd64/libdcpr.so
7f2f902c0000-7f2f904b0000 rw-s 00000000 00:05 63275033                   /SYSV00000000 (deleted)
7f2f904b0000-7f2f904b3000 ---p 00000000 00:00 0 
7f2f904b3000-7f2f905b1000 rw-p 00000000 00:00 0 
7f2f905b1000-7f2f905bc000 r--s 00000000 08:07 2890696                    /var/cache/fontconfig/945677eb7aeaf62f1d50efc3fb3ec7d8-le64.cache-6
7f2f905bc000-7f2f905c2000 r--s 00000000 08:07 2890678                    /var/cache/fontconfig/2cd17615ca594fa2959ae173292e504c-le64.cache-6
7f2f905c2000-7f2f905c6000 r--s 00000000 08:07 2885053                    /var/cache/fontconfig/de156ccd2eddbdc19d37a45b8b2aac9c-le64.cache-6
7f2f905c6000-7f2f905db000 r--s 00000000 08:07 2890672                    /var/cache/fontconfig/04aabc0a78ac019cf9454389977116d2-le64.cache-6
7f2f905db000-7f2f905df000 r--s 00000000 08:07 2890682                    /var/cache/fontconfig/385c0604a188198f04d133e54aba7fe7-le64.cache-6
7f2f905df000-7f2f905e4000 r--s 00000000 08:07 2890695                    /var/cache/fontconfig/8801497958630a81b71ace7c5f9b32a8-le64.cache-6
7f2f905e4000-7f2f905eb000 r--s 00000000 08:07 2890679                    /var/cache/fontconfig/3047814df9a2f067bd2d96a2b9c36e5a-le64.cache-6
7f2f905eb000-7f2f905fe000 r--s 00000000 08:07 2890706                    /var/cache/fontconfig/d52a8644073d54c13679302ca1180695-le64.cache-6
7f2f905fe000-7f2f90609000 r--s 00000000 08:07 2887795                    /var/cache/fontconfig/d589a48862398ed80a3d6066f4f56f4c-le64.cache-6
7f2f90643000-7f2f9064f000 r-xp 00000000 08:07 1835128                    /usr/lib/jvm/jdk1.7.0_51/jre/lib/amd64/librxtxSerial.so
7f2f9064f000-7f2f9074e000 ---p 0000c000 08:07 1835128                    /usr/lib/jvm/jdk1.7.0_51/jre/lib/amd64/librxtxSerial.so
7f2f9074e000-7f2f90750000 rw-p 0000b000 08:07 1835128                    /usr/lib/jvm/jdk1.7.0_51/jre/lib/amd64/librxtxSerial.so
7f2f90750000-7f2f90769000 r--s 00000000 08:07 527849                     /usr/share/fonts/type1/gsfonts/n022004l.pfb
7f2f90769000-7f2f90782000 r--s 00000000 08:07 527834                     /usr/share/fonts/type1/gsfonts/n021003l.pfb
7f2f90782000-7f2f90798000 r--s 00000000 08:07 527843                     /usr/share/fonts/type1/gsfonts/n021024l.pfb
7f2f90798000-7f2f907ae000 r--s 00000000 08:07 527852                     /usr/share/fonts/type1/gsfonts/n022023l.pfb
7f2f907ae000-7f2f907c5000 r--s 00000000 08:07 527840                     /usr/share/fonts/type1/gsfonts/n021023l.pfb
7f2f907c5000-7f2f907d6000 r--s 00000000 08:07 527816                     /usr/share/fonts/type1/gsfonts/n019023l.pfb
7f2f907d6000-7f2f907ea000 r--s 00000000 08:07 527810                     /usr/share/fonts/type1/gsfonts/n019003l.pfb
7f2f907ea000-7f2f907f3000 r--s 00000000 08:07 527870                     /usr/share/fonts/type1/gsfonts/s050000l.pfb
7f2f908ca000-7f2f908cd000 ---p 00000000 00:00 0 
7f2f908cd000-7f2f909cb000 rw-p 00000000 00:00 0 
7f2f909cb000-7f2f90a33000 r-xp 00000000 08:07 1836082                    /usr/lib/jvm/jdk1.7.0_51/jre/lib/amd64/libt2k.so
7f2f90a33000-7f2f90c33000 ---p 00068000 08:07 1836082                    /usr/lib/jvm/jdk1.7.0_51/jre/lib/amd64/libt2k.so
7f2f90c33000-7f2f90c3a000 rw-p 00068000 08:07 1836082                    /usr/lib/jvm/jdk1.7.0_51/jre/lib/amd64/libt2k.so
7f2f90c3a000-7f2f90c4a000 rw-p 00000000 00:00 0 
7f2f90c4a000-7f2f90c4d000 ---p 00000000 00:00 0 
7f2f90c4d000-7f2f90d4b000 rw-p 00000000 00:00 0 
7f2f90d4b000-7f2f90d4e000 ---p 00000000 00:00 0 
7f2f90d4e000-7f2f90e4c000 rw-p 00000000 00:00 0 
7f2f90e4c000-7f2f90e4f000 ---p 00000000 00:00 0 
7f2f90e4f000-7f2f90f4d000 rw-p 00000000 00:00 0 
7f2f90f4d000-7f2f90f5d000 r-xp 00000000 08:07 1836051                    /usr/lib/jvm/jdk1.7.0_51/jre/lib/amd64/libnio.so
7f2f90f5d000-7f2f9115d000 ---p 00010000 08:07 1836051                    /usr/lib/jvm/jdk1.7.0_51/jre/lib/amd64/libnio.so
7f2f9115d000-7f2f9115e000 rw-p 00010000 08:07 1836051                    /usr/lib/jvm/jdk1.7.0_51/jre/lib/amd64/libnio.so
7f2f9115e000-7f2f9145f000 rw-p 00000000 00:00 0 
7f2f9145f000-7f2f91475000 r-xp 00000000 08:07 1836056                    /usr/lib/jvm/jdk1.7.0_51/jre/lib/amd64/libnet.so
7f2f91475000-7f2f91675000 ---p 00016000 08:07 1836056                    /usr/lib/jvm/jdk1.7.0_51/jre/lib/amd64/libnet.so
7f2f91675000-7f2f91676000 rw-p 00016000 08:07 1836056                    /usr/lib/jvm/jdk1.7.0_51/jre/lib/amd64/libnet.so
7f2f91676000-7f2f9168c000 r-xp 00000000 08:07 2364498                    /lib/x86_64-linux-gnu/libgcc_s.so.1
7f2f9168c000-7f2f9188b000 ---p 00016000 08:07 2364498                    /lib/x86_64-linux-gnu/libgcc_s.so.1
7f2f9188b000-7f2f9188c000 rw-p 00015000 08:07 2364498                    /lib/x86_64-linux-gnu/libgcc_s.so.1
7f2f9188c000-7f2f918f1000 r-xp 00000000 08:07 1836052                    /usr/lib/jvm/jdk1.7.0_51/jre/lib/amd64/libfontmanager.so
7f2f918f1000-7f2f91af0000 ---p 00065000 08:07 1836052                    /usr/lib/jvm/jdk1.7.0_51/jre/lib/amd64/libfontmanager.so
7f2f91af0000-7f2f91af4000 rw-p 00064000 08:07 1836052                    /usr/lib/jvm/jdk1.7.0_51/jre/lib/amd64/libfontmanager.so
7f2f91af4000-7f2f91b05000 rw-p 00000000 00:00 0 
7f2f91b05000-7f2f91b08000 ---p 00000000 00:00 0 
7f2f91b08000-7f2f91c06000 rw-p 00000000 00:00 0 
7f2f91c06000-7f2f91c0b000 r-xp 00000000 08:07 2762080                    /usr/lib/x86_64-linux-gnu/libXfixes.so.3.1.0
7f2f91c0b000-7f2f91e0a000 ---p 00005000 08:07 2762080                    /usr/lib/x86_64-linux-gnu/libXfixes.so.3.1.0
7f2f91e0a000-7f2f91e0b000 r--p 00004000 08:07 2762080                    /usr/lib/x86_64-linux-gnu/libXfixes.so.3.1.0
7f2f91e0b000-7f2f91e0c000 rw-p 00005000 08:07 2762080                    /usr/lib/x86_64-linux-gnu/libXfixes.so.3.1.0
7f2f91e0c000-7f2f91e15000 r-xp 00000000 08:07 2762072                    /usr/lib/x86_64-linux-gnu/libXcursor.so.1.0.2
7f2f91e15000-7f2f92014000 ---p 00009000 08:07 2762072                    /usr/lib/x86_64-linux-gnu/libXcursor.so.1.0.2
7f2f92014000-7f2f92015000 r--p 00008000 08:07 2762072                    /usr/lib/x86_64-linux-gnu/libXcursor.so.1.0.2
7f2f92015000-7f2f92016000 rw-p 00009000 08:07 2762072                    /usr/lib/x86_64-linux-gnu/libXcursor.so.1.0.2
7f2f92016000-7f2f92017000 r--s 00000000 08:07 2890675                    /var/cache/fontconfig/0d8c3b2ac0904cb8a57a757ad11a4a08-le64.cache-6
7f2f92017000-7f2f92018000 r--s 00000000 08:07 2890677                    /var/cache/fontconfig/1ac9eb803944fde146138c791f5cc56a-le64.cache-6
7f2f92018000-7f2f92019000 r--s 00000000 08:07 2890709                    /var/cache/fontconfig/dc05db6664285cc2f12bf69c139ae4c3-le64.cache-6
7f2f92019000-7f2f92024000 r--s 00000000 08:07 2890694                    /var/cache/fontconfig/83bf95040141907cd45bb53cf7c1c148-le64.cache-6
7f2f92024000-7f2f92036000 r--s 00000000 08:07 2886108                    /var/cache/fontconfig/9b89f8e3dae116d678bbf48e5f21f69b-le64.cache-6
7f2f92036000-7f2f92039000 ---p 00000000 00:00 0 
7f2f92039000-7f2f92137000 rw-p 00000000 00:00 0 
7f2f92137000-7f2f9213c000 r-xp 00000000 08:07 2762076                    /usr/lib/x86_64-linux-gnu/libXdmcp.so.6.0.0
7f2f9213c000-7f2f9233b000 ---p 00005000 08:07 2762076                    /usr/lib/x86_64-linux-gnu/libXdmcp.so.6.0.0
7f2f9233b000-7f2f9233c000 r--p 00004000 08:07 2762076                    /usr/lib/x86_64-linux-gnu/libXdmcp.so.6.0.0
7f2f9233c000-7f2f9233d000 rw-p 00005000 08:07 2762076                    /usr/lib/x86_64-linux-gnu/libXdmcp.so.6.0.0
7f2f9233d000-7f2f9233f000 r-xp 00000000 08:07 2762065                    /usr/lib/x86_64-linux-gnu/libXau.so.6.0.0
7f2f9233f000-7f2f9253f000 ---p 00002000 08:07 2762065                    /usr/lib/x86_64-linux-gnu/libXau.so.6.0.0
7f2f9253f000-7f2f92540000 r--p 00002000 08:07 2762065                    /usr/lib/x86_64-linux-gnu/libXau.so.6.0.0
7f2f92540000-7f2f92541000 rw-p 00003000 08:07 2762065                    /usr/lib/x86_64-linux-gnu/libXau.so.6.0.0
7f2f92541000-7f2f92562000 r-xp 00000000 08:07 2763443                    /usr/lib/x86_64-linux-gnu/libxcb.so.1.1.0
7f2f92562000-7f2f92761000 ---p 00021000 08:07 2763443                    /usr/lib/x86_64-linux-gnu/libxcb.so.1.1.0
7f2f92761000-7f2f92762000 r--p 00020000 08:07 2763443                    /usr/lib/x86_64-linux-gnu/libxcb.so.1.1.0
7f2f92762000-7f2f92763000 rw-p 00021000 08:07 2763443                    /usr/lib/x86_64-linux-gnu/libxcb.so.1.1.0
7f2f92763000-7f2f92772000 r-xp 00000000 08:07 2762086                    /usr/lib/x86_64-linux-gnu/libXi.so.6.1.0
7f2f92772000-7f2f92971000 ---p 0000f000 08:07 2762086                    /usr/lib/x86_64-linux-gnu/libXi.so.6.1.0
7f2f92971000-7f2f92972000 r--p 0000e000 08:07 2762086                    /usr/lib/x86_64-linux-gnu/libXi.so.6.1.0
7f2f92972000-7f2f92973000 rw-p 0000f000 08:07 2762086                    /usr/lib/x86_64-linux-gnu/libXi.so.6.1.0
7f2f92973000-7f2f92978000 r-xp 00000000 08:07 2762104                    /usr/lib/x86_64-linux-gnu/libXtst.so.6.1.0
7f2f92978000-7f2f92b77000 ---p 00005000 08:07 2762104                    /usr/lib/x86_64-linux-gnu/libXtst.so.6.1.0
7f2f92b77000-7f2f92b78000 r--p 00004000 08:07 2762104                    /usr/lib/x86_64-linux-gnu/libXtst.so.6.1.0
7f2f92b78000-7f2f92b79000 rw-p 00005000 08:07 2762104                    /usr/lib/x86_64-linux-gnu/libXtst.so.6.1.0
7f2f92b79000-7f2f92b82000 r-xp 00000000 08:07 2762098                    /usr/lib/x86_64-linux-gnu/libXrender.so.1.3.0
7f2f92b82000-7f2f92d81000 ---p 00009000 08:07 2762098                    /usr/lib/x86_64-linux-gnu/libXrender.so.1.3.0
7f2f92d81000-7f2f92d82000 r--p 00008000 08:07 2762098                    /usr/lib/x86_64-linux-gnu/libXrender.so.1.3.0
7f2f92d82000-7f2f92d83000 rw-p 00009000 08:07 2762098                    /usr/lib/x86_64-linux-gnu/libXrender.so.1.3.0
7f2f92d83000-7f2f92eb8000 r-xp 00000000 08:07 2762061                    /usr/lib/x86_64-linux-gnu/libX11.so.6.3.0
7f2f92eb8000-7f2f930b8000 ---p 00135000 08:07 2762061                    /usr/lib/x86_64-linux-gnu/libX11.so.6.3.0
7f2f930b8000-7f2f930b9000 r--p 00135000 08:07 2762061                    /usr/lib/x86_64-linux-gnu/libX11.so.6.3.0
7f2f930b9000-7f2f930bd000 rw-p 00136000 08:07 2762061                    /usr/lib/x86_64-linux-gnu/libX11.so.6.3.0
7f2f930bd000-7f2f930ce000 r-xp 00000000 08:07 2762078                    /usr/lib/x86_64-linux-gnu/libXext.so.6.4.0
7f2f930ce000-7f2f932cd000 ---p 00011000 08:07 2762078                    /usr/lib/x86_64-linux-gnu/libXext.so.6.4.0
7f2f932cd000-7f2f932ce000 r--p 00010000 08:07 2762078                    /usr/lib/x86_64-linux-gnu/libXext.so.6.4.0
7f2f932ce000-7f2f932cf000 rw-p 00011000 08:07 2762078                    /usr/lib/x86_64-linux-gnu/libXext.so.6.4.0
7f2f932cf000-7f2f9331f000 r-xp 00000000 08:07 1836094                    /usr/lib/jvm/jdk1.7.0_51/jre/lib/amd64/xawt/libmawt.so
7f2f9331f000-7f2f9351f000 ---p 00050000 08:07 1836094                    /usr/lib/jvm/jdk1.7.0_51/jre/lib/amd64/xawt/libmawt.so
7f2f9351f000-7f2f93523000 rw-p 00050000 08:07 1836094                    /usr/lib/jvm/jdk1.7.0_51/jre/lib/amd64/xawt/libmawt.so
7f2f93523000-7f2f93524000 rw-p 00000000 00:00 0 
7f2f93524000-7f2f935c6000 r-xp 00000000 08:07 1836064                    /usr/lib/jvm/jdk1.7.0_51/jre/lib/amd64/libawt.so
7f2f935c6000-7f2f937c6000 ---p 000a2000 08:07 1836064                    /usr/lib/jvm/jdk1.7.0_51/jre/lib/amd64/libawt.so
7f2f937c6000-7f2f937d2000 rw-p 000a2000 08:07 1836064                    /usr/lib/jvm/jdk1.7.0_51/jre/lib/amd64/libawt.so
7f2f937d2000-7f2f937f6000 rw-p 00000000 00:00 0 
7f2f937f6000-7f2f937f7000 ---p 00000000 00:00 0 
7f2f937f7000-7f2f938f7000 rw-p 00000000 00:00 0 
7f2f938f7000-7f2f938fa000 ---p 00000000 00:00 0 
7f2f938fa000-7f2f939f8000 rw-p 00000000 00:00 0 
7f2f939f8000-7f2f939fb000 ---p 00000000 00:00 0 
7f2f939fb000-7f2f93af9000 rw-p 00000000 00:00 0 
7f2f93af9000-7f2f93afc000 ---p 00000000 00:00 0 
7f2f93afc000-7f2f93bfa000 rw-p 00000000 00:00 0 
7f2f93bfa000-7f2f93bfd000 ---p 00000000 00:00 0 
7f2f93bfd000-7f2f93cfb000 rw-p 00000000 00:00 0 
7f2f93cfb000-7f2f93cfe000 ---p 00000000 00:00 0 
7f2f93cfe000-7f2f93dfc000 rw-p 00000000 00:00 0 
7f2f93dfc000-7f2f93e00000 r-xp 00000000 08:07 1836071                    /usr/lib/jvm/jdk1.7.0_51/jre/lib/amd64/libdt_socket.so
7f2f93e00000-7f2f93fff000 ---p 00004000 08:07 1836071                    /usr/lib/jvm/jdk1.7.0_51/jre/lib/amd64/libdt_socket.so
7f2f93fff000-7f2f94000000 rw-p 00003000 08:07 1836071                    /usr/lib/jvm/jdk1.7.0_51/jre/lib/amd64/libdt_socket.so
7f2f94000000-7f2f94021000 rw-p 00000000 00:00 0 
7f2f94021000-7f2f98000000 ---p 00000000 00:00 0 
7f2f98000000-7f2f98003000 r--s 00000000 08:07 2890692                    /var/cache/fontconfig/767a8244fc0220cfb567a839d0392e0b-le64.cache-6
7f2f98003000-7f2f98004000 r--s 00000000 08:07 2883743                    /var/cache/fontconfig/4794a0821666d79190d59a36cb4f44b5-le64.cache-6
7f2f98004000-7f2f9800a000 r--s 00000000 08:07 2890700                    /var/cache/fontconfig/b47c4e1ecd0709278f4910c18777a504-le64.cache-6
7f2f9800a000-7f2f9802f000 r--p 00000000 08:07 397003                     /usr/share/locale-langpack/es/LC_MESSAGES/libc.mo
7f2f9802f000-7f2f98032000 ---p 00000000 00:00 0 
7f2f98032000-7f2f98130000 rw-p 00000000 00:00 0 
7f2f98130000-7f2f98133000 ---p 00000000 00:00 0 
7f2f98133000-7f2f98231000 rw-p 00000000 00:00 0 
7f2f98231000-7f2f98234000 ---p 00000000 00:00 0 
7f2f98234000-7f2f98332000 rw-p 00000000 00:00 0 
7f2f98332000-7f2f98335000 ---p 00000000 00:00 0 
7f2f98335000-7f2f98433000 rw-p 00000000 00:00 0 
7f2f98433000-7f2f98434000 ---p 00000000 00:00 0 
7f2f98434000-7f2f994f1000 rw-p 00000000 00:00 0 
7f2f994f1000-7f2f996ae000 r--s 039bf000 08:07 1057153                    /usr/lib/jvm/jdk1.7.0_51/jre/lib/rt.jar
7f2f996ae000-7f2f9ba07000 rw-p 00000000 00:00 0 
7f2f9ba07000-7f2f9ba08000 ---p 00000000 00:00 0 
7f2f9ba08000-7f2f9bb08000 rw-p 00000000 00:00 0 
7f2f9bb08000-7f2f9bb09000 ---p 00000000 00:00 0 
7f2f9bb09000-7f2f9bc09000 rw-p 00000000 00:00 0 
7f2f9bc09000-7f2f9bc0a000 ---p 00000000 00:00 0 
7f2f9bc0a000-7f2f9bd0a000 rw-p 00000000 00:00 0 
7f2f9bd0a000-7f2f9bd0b000 ---p 00000000 00:00 0 
7f2f9bd0b000-7f2f9be1f000 rw-p 00000000 00:00 0 
7f2f9be1f000-7f2f9bf4b000 rw-p 00000000 00:00 0 
7f2f9bf4b000-7f2f9bf56000 rw-p 00000000 00:00 0 
7f2f9bf56000-7f2f9bf74000 rw-p 00000000 00:00 0 
7f2f9bf74000-7f2f9bf88000 rw-p 00000000 00:00 0 
7f2f9bf88000-7f2f9c0b3000 rw-p 00000000 00:00 0 
7f2f9c0b3000-7f2f9c0be000 rw-p 00000000 00:00 0 
7f2f9c0be000-7f2f9c153000 rw-p 00000000 00:00 0 
7f2f9c153000-7f2f9c15e000 rw-p 00000000 00:00 0 
7f2f9c15e000-7f2f9c214000 rw-p 00000000 00:00 0 
7f2f9c214000-7f2f9c484000 rwxp 00000000 00:00 0 
7f2f9c484000-7f2f9f214000 rw-p 00000000 00:00 0 
7f2f9f214000-7f2f9f22e000 r-xp 00000000 08:07 1836101                    /usr/lib/jvm/jdk1.7.0_51/jre/lib/amd64/libzip.so
7f2f9f22e000-7f2f9f42e000 ---p 0001a000 08:07 1836101                    /usr/lib/jvm/jdk1.7.0_51/jre/lib/amd64/libzip.so
7f2f9f42e000-7f2f9f42f000 rw-p 0001a000 08:07 1836101                    /usr/lib/jvm/jdk1.7.0_51/jre/lib/amd64/libzip.so
7f2f9f42f000-7f2f9f43a000 r-xp 00000000 08:07 2364559                    /lib/x86_64-linux-gnu/libnss_files-2.23.so
7f2f9f43a000-7f2f9f639000 ---p 0000b000 08:07 2364559                    /lib/x86_64-linux-gnu/libnss_files-2.23.so
7f2f9f639000-7f2f9f63a000 r--p 0000a000 08:07 2364559                    /lib/x86_64-linux-gnu/libnss_files-2.23.so
7f2f9f63a000-7f2f9f63b000 rw-p 0000b000 08:07 2364559                    /lib/x86_64-linux-gnu/libnss_files-2.23.so
7f2f9f63b000-7f2f9f641000 rw-p 00000000 00:00 0 
7f2f9f641000-7f2fa0000000 r--p 00000000 08:07 2760681                    /usr/lib/locale/locale-archive
7f2fa0000000-7f2fa0252000 rw-p 00000000 00:00 0 
7f2fa0252000-7f2fa4000000 ---p 00000000 00:00 0 
7f2fa4000000-7f2fa4001000 r--s 00000000 08:07 2890702                    /var/cache/fontconfig/bab58bb527bb656aaa9f116d68a48d89-le64.cache-6
7f2fa4001000-7f2fa4002000 r--s 00000000 08:07 2890686                    /var/cache/fontconfig/56cf4f4769d0f4abc89a4895d7bd3ae1-le64.cache-6
7f2fa4002000-7f2fa4003000 r--s 00000000 08:07 2890701                    /var/cache/fontconfig/b9d506c9ac06c20b433354fa67a72993-le64.cache-6
7f2fa4003000-7f2fa4004000 r--s 00000000 08:07 2890685                    /var/cache/fontconfig/551ecf3b0e8b0bca0f25c0944f561853-le64.cache-6
7f2fa4004000-7f2fa4007000 r--s 00000000 08:07 2890691                    /var/cache/fontconfig/75114ca45c98e8a441da0ff356701271-le64.cache-6
7f2fa4007000-7f2fa400a000 r--s 00000000 08:07 2890710                    /var/cache/fontconfig/e13b20fdb08344e0e664864cc2ede53d-le64.cache-6
7f2fa400a000-7f2fa400e000 r--s 00000000 08:07 2883629                    /var/cache/fontconfig/7ef2298fde41cc6eeb7af42e48b7d293-le64.cache-6
7f2fa400e000-7f2fa4019000 r--s 0037c000 08:07 1057110                    /usr/lib/jvm/jdk1.7.0_51/jre/lib/charsets.jar
7f2fa4019000-7f2fa403a000 rw-p 00000000 00:00 0 
7f2fa403a000-7f2fa4045000 r-xp 00000000 08:07 2364569                    /lib/x86_64-linux-gnu/libnss_nis-2.23.so
7f2fa4045000-7f2fa4244000 ---p 0000b000 08:07 2364569                    /lib/x86_64-linux-gnu/libnss_nis-2.23.so
7f2fa4244000-7f2fa4245000 r--p 0000a000 08:07 2364569                    /lib/x86_64-linux-gnu/libnss_nis-2.23.so
7f2fa4245000-7f2fa4246000 rw-p 0000b000 08:07 2364569                    /lib/x86_64-linux-gnu/libnss_nis-2.23.so
7f2fa4246000-7f2fa425c000 r-xp 00000000 08:07 2364553                    /lib/x86_64-linux-gnu/libnsl-2.23.so
7f2fa425c000-7f2fa445b000 ---p 00016000 08:07 2364553                    /lib/x86_64-linux-gnu/libnsl-2.23.so
7f2fa445b000-7f2fa445c000 r--p 00015000 08:07 2364553                    /lib/x86_64-linux-gnu/libnsl-2.23.so
7f2fa445c000-7f2fa445d000 rw-p 00016000 08:07 2364553                    /lib/x86_64-linux-gnu/libnsl-2.23.so
7f2fa445d000-7f2fa445f000 rw-p 00000000 00:00 0 
7f2fa445f000-7f2fa4467000 r-xp 00000000 08:07 2364555                    /lib/x86_64-linux-gnu/libnss_compat-2.23.so
7f2fa4467000-7f2fa4666000 ---p 00008000 08:07 2364555                    /lib/x86_64-linux-gnu/libnss_compat-2.23.so
7f2fa4666000-7f2fa4667000 r--p 00007000 08:07 2364555                    /lib/x86_64-linux-gnu/libnss_compat-2.23.so
7f2fa4667000-7f2fa4668000 rw-p 00008000 08:07 2364555                    /lib/x86_64-linux-gnu/libnss_compat-2.23.so
7f2fa4668000-7f2fa466b000 r-xp 00000000 08:07 1836062                    /usr/lib/jvm/jdk1.7.0_51/jre/lib/amd64/libnpt.so
7f2fa466b000-7f2fa486a000 ---p 00003000 08:07 1836062                    /usr/lib/jvm/jdk1.7.0_51/jre/lib/amd64/libnpt.so
7f2fa486a000-7f2fa486b000 rw-p 00002000 08:07 1836062                    /usr/lib/jvm/jdk1.7.0_51/jre/lib/amd64/libnpt.so
7f2fa486b000-7f2fa48a4000 r-xp 00000000 08:07 1836106                    /usr/lib/jvm/jdk1.7.0_51/jre/lib/amd64/libjdwp.so
7f2fa48a4000-7f2fa4aa4000 ---p 00039000 08:07 1836106                    /usr/lib/jvm/jdk1.7.0_51/jre/lib/amd64/libjdwp.so
7f2fa4aa4000-7f2fa4aa5000 rw-p 00039000 08:07 1836106                    /usr/lib/jvm/jdk1.7.0_51/jre/lib/amd64/libjdwp.so
7f2fa4aa5000-7f2fa4aa6000 rw-p 00000000 00:00 0 
7f2fa4aa6000-7f2fa4acf000 r-xp 00000000 08:07 1836085                    /usr/lib/jvm/jdk1.7.0_51/jre/lib/amd64/libjava.so
7f2fa4acf000-7f2fa4ccf000 ---p 00029000 08:07 1836085                    /usr/lib/jvm/jdk1.7.0_51/jre/lib/amd64/libjava.so
7f2fa4ccf000-7f2fa4cd1000 rw-p 00029000 08:07 1836085                    /usr/lib/jvm/jdk1.7.0_51/jre/lib/amd64/libjava.so
7f2fa4cd1000-7f2fa4cde000 r-xp 00000000 08:07 1836083                    /usr/lib/jvm/jdk1.7.0_51/jre/lib/amd64/libverify.so
7f2fa4cde000-7f2fa4edd000 ---p 0000d000 08:07 1836083                    /usr/lib/jvm/jdk1.7.0_51/jre/lib/amd64/libverify.so
7f2fa4edd000-7f2fa4edf000 rw-p 0000c000 08:07 1836083                    /usr/lib/jvm/jdk1.7.0_51/jre/lib/amd64/libverify.so
7f2fa4edf000-7f2fa4ee6000 r-xp 00000000 08:07 2364614                    /lib/x86_64-linux-gnu/librt-2.23.so
7f2fa4ee6000-7f2fa50e5000 ---p 00007000 08:07 2364614                    /lib/x86_64-linux-gnu/librt-2.23.so
7f2fa50e5000-7f2fa50e6000 r--p 00006000 08:07 2364614                    /lib/x86_64-linux-gnu/librt-2.23.so
7f2fa50e6000-7f2fa50e7000 rw-p 00007000 08:07 2364614                    /lib/x86_64-linux-gnu/librt-2.23.so
7f2fa50e7000-7f2fa50ea000 ---p 00000000 00:00 0 
7f2fa50ea000-7f2fa51e8000 rw-p 00000000 00:00 0 
7f2fa51e8000-7f2fa52f0000 r-xp 00000000 08:07 2364530                    /lib/x86_64-linux-gnu/libm-2.23.so
7f2fa52f0000-7f2fa54ef000 ---p 00108000 08:07 2364530                    /lib/x86_64-linux-gnu/libm-2.23.so
7f2fa54ef000-7f2fa54f0000 r--p 00107000 08:07 2364530                    /lib/x86_64-linux-gnu/libm-2.23.so
7f2fa54f0000-7f2fa54f1000 rw-p 00108000 08:07 2364530                    /lib/x86_64-linux-gnu/libm-2.23.so
7f2fa54f1000-7f2fa6053000 r-xp 00000000 08:07 1836091                    /usr/lib/jvm/jdk1.7.0_51/jre/lib/amd64/server/libjvm.so
7f2fa6053000-7f2fa6253000 ---p 00b62000 08:07 1836091                    /usr/lib/jvm/jdk1.7.0_51/jre/lib/amd64/server/libjvm.so
7f2fa6253000-7f2fa6316000 rw-p 00b62000 08:07 1836091                    /usr/lib/jvm/jdk1.7.0_51/jre/lib/amd64/server/libjvm.so
7f2fa6316000-7f2fa6357000 rw-p 00000000 00:00 0 
7f2fa6357000-7f2fa6517000 r-xp 00000000 08:07 2364460                    /lib/x86_64-linux-gnu/libc-2.23.so
7f2fa6517000-7f2fa6716000 ---p 001c0000 08:07 2364460                    /lib/x86_64-linux-gnu/libc-2.23.so
7f2fa6716000-7f2fa671a000 r--p 001bf000 08:07 2364460                    /lib/x86_64-linux-gnu/libc-2.23.so
7f2fa671a000-7f2fa671c000 rw-p 001c3000 08:07 2364460                    /lib/x86_64-linux-gnu/libc-2.23.so
7f2fa671c000-7f2fa6720000 rw-p 00000000 00:00 0 
7f2fa6720000-7f2fa6723000 r-xp 00000000 08:07 2364484                    /lib/x86_64-linux-gnu/libdl-2.23.so
7f2fa6723000-7f2fa6922000 ---p 00003000 08:07 2364484                    /lib/x86_64-linux-gnu/libdl-2.23.so
7f2fa6922000-7f2fa6923000 r--p 00002000 08:07 2364484                    /lib/x86_64-linux-gnu/libdl-2.23.so
7f2fa6923000-7f2fa6924000 rw-p 00003000 08:07 2364484                    /lib/x86_64-linux-gnu/libdl-2.23.so
7f2fa6924000-7f2fa693a000 r-xp 00000000 08:07 1056839                    /usr/lib/jvm/jdk1.7.0_51/lib/amd64/jli/libjli.so
7f2fa693a000-7f2fa6b3a000 ---p 00016000 08:07 1056839                    /usr/lib/jvm/jdk1.7.0_51/lib/amd64/jli/libjli.so
7f2fa6b3a000-7f2fa6b3b000 rw-p 00016000 08:07 1056839                    /usr/lib/jvm/jdk1.7.0_51/lib/amd64/jli/libjli.so
7f2fa6b3b000-7f2fa6b53000 r-xp 00000000 08:07 2364606                    /lib/x86_64-linux-gnu/libpthread-2.23.so
7f2fa6b53000-7f2fa6d52000 ---p 00018000 08:07 2364606                    /lib/x86_64-linux-gnu/libpthread-2.23.so
7f2fa6d52000-7f2fa6d53000 r--p 00017000 08:07 2364606                    /lib/x86_64-linux-gnu/libpthread-2.23.so
7f2fa6d53000-7f2fa6d54000 rw-p 00018000 08:07 2364606                    /lib/x86_64-linux-gnu/libpthread-2.23.so
7f2fa6d54000-7f2fa6d58000 rw-p 00000000 00:00 0 
7f2fa6d58000-7f2fa6d7e000 r-xp 00000000 08:07 2364432                    /lib/x86_64-linux-gnu/ld-2.23.so
7f2fa6d7e000-7f2fa6d7f000 r--s 00000000 08:07 2890680                    /var/cache/fontconfig/30829fa25452a46451e813d634d7f916-le64.cache-6
7f2fa6d7f000-7f2fa6d86000 r--s 00000000 08:07 3016614                    /usr/lib/x86_64-linux-gnu/gconv/gconv-modules.cache
7f2fa6d86000-7f2fa6d88000 r--s 0000d000 08:08 3412122                    /home/kcrez/Documentos/JavaDuino/library/rxtx2.1/RXTXcomm.jar
7f2fa6d88000-7f2fa6d8a000 r--s 0000d000 08:07 1835127                    /usr/lib/jvm/jdk1.7.0_51/jre/lib/ext/RXTXcomm.jar
7f2fa6d8a000-7f2fa6dde000 rw-p 00000000 00:00 0 
7f2fa6dde000-7f2fa6dfc000 rw-p 00000000 00:00 0 
7f2fa6dfc000-7f2fa6e00000 rw-p 00000000 00:00 0 
7f2fa6e00000-7f2fa6e44000 r-xp 00000000 08:07 1052366                    /opt/eset/esets/lib/libesets_pac.so
7f2fa6e44000-7f2fa6f44000 ---p 00044000 08:07 1052366                    /opt/eset/esets/lib/libesets_pac.so
7f2fa6f44000-7f2fa6f47000 rw-p 00044000 08:07 1052366                    /opt/eset/esets/lib/libesets_pac.so
7f2fa6f47000-7f2fa6f5a000 rw-p 00000000 00:00 0 
7f2fa6f5a000-7f2fa6f5b000 r--s 00000000 08:07 2890674                    /var/cache/fontconfig/0c9eb80ebd1c36541ebe2852d3bb0c49-le64.cache-6
7f2fa6f5b000-7f2fa6f70000 rw-p 00000000 00:00 0 
7f2fa6f70000-7f2fa6f78000 rw-s 00000000 08:07 2097294                    /tmp/hsperfdata_kcrez/7193
7f2fa6f78000-7f2fa6f79000 rw-p 00000000 00:00 0 
7f2fa6f79000-7f2fa6f7a000 r--p 00000000 00:00 0 
7f2fa6f7a000-7f2fa6f7d000 rw-p 00000000 00:00 0 
7f2fa6f7d000-7f2fa6f7e000 r--p 00025000 08:07 2364432                    /lib/x86_64-linux-gnu/ld-2.23.so
7f2fa6f7e000-7f2fa6f7f000 rw-p 00026000 08:07 2364432                    /lib/x86_64-linux-gnu/ld-2.23.so
7f2fa6f7f000-7f2fa6f80000 rw-p 00000000 00:00 0 
7ffefd487000-7ffefd4a8000 rw-p 00000000 00:00 0                          [stack]
7ffefd5d4000-7ffefd5d6000 r--p 00000000 00:00 0                          [vvar]
7ffefd5d6000-7ffefd5d8000 r-xp 00000000 00:00 0                          [vdso]
ffffffffff600000-ffffffffff601000 r-xp 00000000 00:00 0                  [vsyscall]

VM Arguments:
jvm_args: -Xdebug -Xrunjdwp:transport=dt_socket,address=localhost:43647 -Dfile.encoding=UTF-8 -Djava.library.path=/home/kcrez/Documentos/JavaDuino/library/rxtx2.1 
java_command: PPD_Frame
Launcher Type: SUN_STANDARD

Environment Variables:
PATH=/usr/local/sbin:/usr/local/bin:/usr/sbin:/usr/bin:/sbin:/bin:/usr/games:/usr/local/games:/snap/bin
LD_LIBRARY_PATH=/usr/lib/jvm/jdk1.7.0_51/jre/lib/amd64:/usr/lib/jvm/jdk1.7.0_51/jre/lib/i386:
SHELL=/bin/bash
DISPLAY=:0

Signal Handlers:
SIGSEGV: [libjvm.so+0x993870], sa_mask[0]=0x7ffbfeff, sa_flags=0x10000004
SIGBUS: [libjvm.so+0x993870], sa_mask[0]=0x7ffbfeff, sa_flags=0x10000004
SIGFPE: [libjvm.so+0x8105b0], sa_mask[0]=0x7ffbfeff, sa_flags=0x10000004
SIGPIPE: [libjvm.so+0x8105b0], sa_mask[0]=0x7ffbfeff, sa_flags=0x10000004
SIGXFSZ: [libjvm.so+0x8105b0], sa_mask[0]=0x7ffbfeff, sa_flags=0x10000004
SIGILL: [libjvm.so+0x8105b0], sa_mask[0]=0x7ffbfeff, sa_flags=0x10000004
SIGUSR1: SIG_DFL, sa_mask[0]=0x00000000, sa_flags=0x00000000
SIGUSR2: [libjvm.so+0x811aa0], sa_mask[0]=0x00000004, sa_flags=0x10000004
SIGHUP: [libjvm.so+0x812a10], sa_mask[0]=0x7ffbfeff, sa_flags=0x10000004
SIGINT: SIG_IGN, sa_mask[0]=0x00000000, sa_flags=0x00000000
SIGTERM: [libjvm.so+0x812a10], sa_mask[0]=0x7ffbfeff, sa_flags=0x10000004
SIGQUIT: [libjvm.so+0x812a10], sa_mask[0]=0x7ffbfeff, sa_flags=0x10000004


---------------  S Y S T E M  ---------------

OS:stretch/sid

uname:Linux 4.4.0-22-generic #40-Ubuntu SMP Thu May 12 22:03:46 UTC 2016 x86_64
libc:glibc 2.23 NPTL 2.23 
rlimit: STACK 8192k, CORE 0k, NPROC 15146, NOFILE 65536, AS infinity
load average:0.20 0.29 0.31

/proc/meminfo:
MemTotal:        3916240 kB
MemFree:           32468 kB
MemAvailable:    1322412 kB
Buffers:          216768 kB
Cached:          1200628 kB
SwapCached:          776 kB
Active:          2453748 kB
Inactive:        1158624 kB
Active(anon):    1781396 kB
Inactive(anon):   669900 kB
Active(file):     672352 kB
Inactive(file):   488724 kB
Unevictable:          48 kB
Mlocked:              48 kB
SwapTotal:       7812088 kB
SwapFree:        7798924 kB
Dirty:               288 kB
Writeback:             0 kB
AnonPages:       2194212 kB
Mapped:           349872 kB
Shmem:            256320 kB
Slab:             192280 kB
SReclaimable:     158100 kB
SUnreclaim:        34180 kB
KernelStack:       10704 kB
PageTables:        33712 kB
NFS_Unstable:          0 kB
Bounce:                0 kB
WritebackTmp:          0 kB
CommitLimit:     9770208 kB
Committed_AS:    6490436 kB
VmallocTotal:   34359738367 kB
VmallocUsed:           0 kB
VmallocChunk:          0 kB
HardwareCorrupted:     0 kB
AnonHugePages:   1044480 kB
CmaTotal:              0 kB
CmaFree:               0 kB
HugePages_Total:       0
HugePages_Free:        0
HugePages_Rsvd:        0
HugePages_Surp:        0
Hugepagesize:       2048 kB
DirectMap4k:      121628 kB
DirectMap2M:     2893824 kB
DirectMap1G:     1048576 kB


CPU:total 4 (2 cores per cpu, 2 threads per core) family 6 model 60 stepping 3, cmov, cx8, fxsr, mmx, sse, sse2, sse3, ssse3, sse4.1, sse4.2, popcnt, avx, avx2, aes, erms, ht, tsc, tscinvbit

/proc/cpuinfo:
processor	: 0
vendor_id	: GenuineIntel
cpu family	: 6
model		: 60
model name	: Intel(R) Core(TM) i3-4170 CPU @ 3.70GHz
stepping	: 3
microcode	: 0x1e
cpu MHz		: 2990.785
cache size	: 3072 KB
physical id	: 0
siblings	: 4
core id		: 0
cpu cores	: 2
apicid		: 0
initial apicid	: 0
fpu		: yes
fpu_exception	: yes
cpuid level	: 13
wp		: yes
flags		: fpu vme de pse tsc msr pae mce cx8 apic sep mtrr pge mca cmov pat pse36 clflush dts acpi mmx fxsr sse sse2 ss ht tm pbe syscall nx pdpe1gb rdtscp lm constant_tsc arch_perfmon pebs bts rep_good nopl xtopology nonstop_tsc aperfmperf eagerfpu pni pclmulqdq dtes64 monitor ds_cpl vmx est tm2 ssse3 sdbg fma cx16 xtpr pdcm pcid sse4_1 sse4_2 movbe popcnt tsc_deadline_timer aes xsave avx f16c rdrand lahf_lm abm epb tpr_shadow vnmi flexpriority ept vpid fsgsbase tsc_adjust bmi1 avx2 smep bmi2 erms invpcid xsaveopt dtherm arat pln pts
bugs		:
bogomips	: 7382.73
clflush size	: 64
cache_alignment	: 64
address sizes	: 39 bits physical, 48 bits virtual
power management:

processor	: 1
vendor_id	: GenuineIntel
cpu family	: 6
model		: 60
model name	: Intel(R) Core(TM) i3-4170 CPU @ 3.70GHz
stepping	: 3
microcode	: 0x1e
cpu MHz		: 2997.289
cache size	: 3072 KB
physical id	: 0
siblings	: 4
core id		: 1
cpu cores	: 2
apicid		: 2
initial apicid	: 2
fpu		: yes
fpu_exception	: yes
cpuid level	: 13
wp		: yes
flags		: fpu vme de pse tsc msr pae mce cx8 apic sep mtrr pge mca cmov pat pse36 clflush dts acpi mmx fxsr sse sse2 ss ht tm pbe syscall nx pdpe1gb rdtscp lm constant_tsc arch_perfmon pebs bts rep_good nopl xtopology nonstop_tsc aperfmperf eagerfpu pni pclmulqdq dtes64 monitor ds_cpl vmx est tm2 ssse3 sdbg fma cx16 xtpr pdcm pcid sse4_1 sse4_2 movbe popcnt tsc_deadline_timer aes xsave avx f16c rdrand lahf_lm abm epb tpr_shadow vnmi flexpriority ept vpid fsgsbase tsc_adjust bmi1 avx2 smep bmi2 erms invpcid xsaveopt dtherm arat pln pts
bugs		:
bogomips	: 7382.73
clflush size	: 64
cache_alignment	: 64
address sizes	: 39 bits physical, 48 bits virtual
power management:

processor	: 2
vendor_id	: GenuineIntel
cpu family	: 6
model		: 60
model name	: Intel(R) Core(TM) i3-4170 CPU @ 3.70GHz
stepping	: 3
microcode	: 0x1e
cpu MHz		: 2998.878
cache size	: 3072 KB
physical id	: 0
siblings	: 4
core id		: 0
cpu cores	: 2
apicid		: 1
initial apicid	: 1
fpu		: yes
fpu_exception	: yes
cpuid level	: 13
wp		: yes
flags		: fpu vme de pse tsc msr pae mce cx8 apic sep mtrr pge mca cmov pat pse36 clflush dts acpi mmx fxsr sse sse2 ss ht tm pbe syscall nx pdpe1gb rdtscp lm constant_tsc arch_perfmon pebs bts rep_good nopl xtopology nonstop_tsc aperfmperf eagerfpu pni pclmulqdq dtes64 monitor ds_cpl vmx est tm2 ssse3 sdbg fma cx16 xtpr pdcm pcid sse4_1 sse4_2 movbe popcnt tsc_deadline_timer aes xsave avx f16c rdrand lahf_lm abm epb tpr_shadow vnmi flexpriority ept vpid fsgsbase tsc_adjust bmi1 avx2 smep bmi2 erms invpcid xsaveopt dtherm arat pln pts
bugs		:
bogomips	: 7382.73
clflush size	: 64
cache_alignment	: 64
address sizes	: 39 bits physical, 48 bits virtual
power management:

processor	: 3
vendor_id	: GenuineIntel
cpu family	: 6
model		: 60
model name	: Intel(R) Core(TM) i3-4170 CPU @ 3.70GHz
stepping	: 3
microcode	: 0x1e
cpu MHz		: 3000.179
cache size	: 3072 KB
physical id	: 0
siblings	: 4
core id		: 1
cpu cores	: 2
apicid		: 3
initial apicid	: 3
fpu		: yes
fpu_exception	: yes
cpuid level	: 13
wp		: yes
flags		: fpu vme de pse tsc msr pae mce cx8 apic sep mtrr pge mca cmov pat pse36 clflush dts acpi mmx fxsr sse sse2 ss ht tm pbe syscall nx pdpe1gb rdtscp lm constant_tsc arch_perfmon pebs bts rep_good nopl xtopology nonstop_tsc aperfmperf eagerfpu pni pclmulqdq dtes64 monitor ds_cpl vmx est tm2 ssse3 sdbg fma cx16 xtpr pdcm pcid sse4_1 sse4_2 movbe popcnt tsc_deadline_timer aes xsave avx f16c rdrand lahf_lm abm epb tpr_shadow vnmi flexpriority ept vpid fsgsbase tsc_adjust bmi1 avx2 smep bmi2 erms invpcid xsaveopt dtherm arat pln pts
bugs		:
bogomips	: 7382.73
clflush size	: 64
cache_alignment	: 64
address sizes	: 39 bits physical, 48 bits virtual
power management:



Memory: 4k page, physical 3916240k(32468k free), swap 7812088k(7798924k free)

vm_info: Java HotSpot(TM) 64-Bit Server VM (24.51-b03) for linux-amd64 JRE (1.7.0_51-b13), built on Dec 18 2013 18:48:01 by "java_re" with gcc 4.3.0 20080428 (Red Hat 4.3.0-8)

time: Sun Jul 31 17:01:38 2016
elapsed time: 12 seconds

