#
# A fatal error has been detected by the Java Runtime Environment:
#
#  SIGSEGV (0xb) at pc=0x00007f37ca2a2462, pid=5765, tid=139877591660288
#
# JRE version: Java(TM) SE Runtime Environment (7.0_51-b13) (build 1.7.0_51-b13)
# Java VM: Java HotSpot(TM) 64-Bit Server VM (24.51-b03 mixed mode linux-amd64 compressed oops)
# Problematic frame:
# C  [librxtxSerial.so+0x6462]  read_byte_array+0x52
#
# Failed to write core dump. Core dumps have been disabled. To enable core dumping, try "ulimit -c unlimited" before starting Java again
#
# If you would like to submit a bug report, please visit:
#   http://bugreport.sun.com/bugreport/crash.jsp
# The crash happened outside the Java Virtual Machine in native code.
# See problematic frame for where to report the bug.
#

---------------  T H R E A D  ---------------

Current thread (0x00007f3788150000):  JavaThread "Thread-0" [_thread_in_native, id=5799, stack(0x00007f37ca19b000,0x00007f37ca29c000)]

siginfo:si_signo=SIGSEGV: si_errno=0, si_code=1 (SEGV_MAPERR), si_addr=0xffffffffca29a678

Registers:
RAX=0xffffffffca29a670, RBX=0xffffffffffffffff, RCX=0x0000000000000001, RDX=0x00007f37e405da50
RSP=0x00007f37ca299a40, RBP=0x00007f37881501e8, RSI=0x00007f37ca2a5e30, RDI=0x00007f37ca2a5d3e
R8 =0x00007f37ca2999b0, R9 =0x00000000ffffffff, R10=0x0000000000000049, R11=0x00007f37ca2a2410
R12=0x00000000ffffffff, R13=0x0000000000000000, R14=0x000000000000001d, R15=0x0000000000000000
RIP=0x00007f37ca2a2462, EFLAGS=0x0000000000010202, CSGSFS=0x0000000000000033, ERR=0x0000000000000005
  TRAPNO=0x000000000000000e

Top of Stack: (sp=0x00007f37ca299a40)
0x00007f37ca299a40:   ff0000000000ff00 0000000000000000
0x00007f37ca299a50:   0000000000000000 0000000000000000
0x00007f37ca299a60:   0000000000000000 ffffffffca29a670
0x00007f37ca299a70:   0000000000000000 0000000000000000
0x00007f37ca299a80:   0000000000000000 0000015e00000000
0x00007f37ca299a90:   00007f3778001ba0 0000001d00000000
0x00007f37ca299aa0:   0000000000000000 0000000000000000
0x00007f37ca299ab0:   0000000000000000 0000000000000000
0x00007f37ca299ac0:   00007f3788150000 0000000000000700
0x00007f37ca299ad0:   0000000000002000 0000000000000000
0x00007f37ca299ae0:   000000000000001d 0000000000000000
0x00007f37ca299af0:   00007f37ca299b20 00007f37e34d0dac
0x00007f37ca299b00:   00007f3778001ba0 00007f3778001ba0
0x00007f37ca299b10:   000000000000001d 00007f37ca299b80
0x00007f37ca299b20:   00007f37881501e8 000000000000015e
0x00007f37ca299b30:   00000000ffffffff ffffffffffffffff
0x00007f37ca299b40:   00007f37881501e8 00007f3778001ba0
0x00007f37ca299b50:   000000000000015e 000000000000001d
0x00007f37ca299b60:   0000000000000000 00007f37ca2a28a1
0x00007f37ca299b70:   00007f3788150000 00007f37ca299c58
0x00007f37ca299b80:   00007f37ca299c60 00000000bfb2ed00
0x00007f37ca299b90:   00007f37ca299c28 0000000000000000
0x00007f37ca299ba0:   00000000bfb2ecf8 00007f37ca299c60
0x00007f37ca299bb0:   00007f3788150000 00007f37d9018af9
0x00007f37ca299bc0:   00000000bfb41f83 00007f37000000b6
0x00007f37ca299bd0:   00007f37a00b6578 0000015e000000b6
0x00007f37ca299be0:   00007f3788150000 00007f37ca299be8
0x00007f37ca299bf0:   00000000bfb2ecf8 00007f37ca299c60
0x00007f37ca299c00:   00000000bfb42c38 0000000000000000
0x00007f37ca299c10:   00000000bfb2ed00 0000000000000000
0x00007f37ca299c20:   00007f37ca299c48 00007f37ca299cb8
0x00007f37ca299c30:   00007f37d9006254 0000000000000000 

Instructions: (pc=0x00007f37ca2a2462)
0x00007f37ca2a2442:   89 44 24 4c 48 c7 44 24 40 00 00 00 00 48 c7 44
0x00007f37ca2a2452:   24 38 00 00 00 00 e8 53 d7 ff ff 48 89 44 24 28
0x00007f37ca2a2462:   8b 40 08 45 85 e4 48 8b 54 24 28 44 8b 7c 24 4c
0x00007f37ca2a2472:   89 44 24 34 c7 42 08 00 00 00 00 78 0c 31 c0 e8 

Register to memory mapping:

RAX=0xffffffffca29a670 is an unknown value
RBX=0xffffffffffffffff is an unknown value
RCX=0x0000000000000001 is an unknown value
RDX=0x00007f37e405da50: <offset 0xe37a50> in /usr/lib/jvm/jdk1.7.0_51/jre/lib/amd64/server/libjvm.so at 0x00007f37e3226000
RSP=0x00007f37ca299a40 is pointing into the stack for thread: 0x00007f3788150000
RBP=0x00007f37881501e8 is an unknown value
RSI=0x00007f37ca2a5e30: <offset 0x9e30> in /usr/lib/jvm/jdk1.7.0_51/jre/lib/amd64/librxtxSerial.so at 0x00007f37ca29c000
RDI=0x00007f37ca2a5d3e: <offset 0x9d3e> in /usr/lib/jvm/jdk1.7.0_51/jre/lib/amd64/librxtxSerial.so at 0x00007f37ca29c000
R8 =0x00007f37ca2999b0 is pointing into the stack for thread: 0x00007f3788150000
R9 =0x00000000ffffffff is an unallocated location in the heap
R10=0x0000000000000049 is an unknown value
R11=0x00007f37ca2a2410: read_byte_array+0 in /usr/lib/jvm/jdk1.7.0_51/jre/lib/amd64/librxtxSerial.so at 0x00007f37ca29c000
R12=0x00000000ffffffff is an unallocated location in the heap
R13=0x0000000000000000 is an unknown value
R14=0x000000000000001d is an unknown value
R15=0x0000000000000000 is an unknown value


Stack: [0x00007f37ca19b000,0x00007f37ca29c000],  sp=0x00007f37ca299a40,  free space=1018k
Native frames: (J=compiled Java code, j=interpreted, Vv=VM code, C=native code)
C  [librxtxSerial.so+0x6462]  read_byte_array+0x52

Java frames: (J=compiled Java code, j=interpreted, Vv=VM code)
j  gnu.io.RXTXPort.readArray([BII)I+0
j  gnu.io.RXTXPort$SerialInputStream.read([BII)I+187
j  sun.nio.cs.StreamDecoder.readBytes()I+135
j  sun.nio.cs.StreamDecoder.implRead([CII)I+112
j  sun.nio.cs.StreamDecoder.read([CII)I+180
j  java.io.InputStreamReader.read([CII)I+7
j  java.io.BufferedReader.fill()V+145
j  java.io.BufferedReader.readLine(Z)Ljava/lang/String;+44
j  java.io.BufferedReader.readLine()Ljava/lang/String;+2
j  PPD_Frame.serialEvent(Lgnu/io/SerialPortEvent;)V+24
j  gnu.io.RXTXPort.sendEvent(IZ)Z+382
v  ~StubRoutines::call_stub
j  gnu.io.RXTXPort.eventLoop()V+0
j  gnu.io.RXTXPort$MonitorThread.run()V+12
v  ~StubRoutines::call_stub

---------------  P R O C E S S  ---------------

Java Threads: ( => current thread )
=>0x00007f3788150000 JavaThread "Thread-0" [_thread_in_native, id=5799, stack(0x00007f37ca19b000,0x00007f37ca29c000)]
  0x00007f3788003000 JavaThread "org.netbeans.modules.debugger.jpda.visual AWT Access Loop" daemon [_thread_blocked, id=5795, stack(0x00007f37ca82a000,0x00007f37ca92b000)]
  0x00007f37dc00d800 JavaThread "DestroyJavaVM" [_thread_blocked, id=5769, stack(0x00007f37e2e1c000,0x00007f37e2f1d000)]
  0x00007f37dc240800 JavaThread "AWT-EventQueue-0" [_thread_blocked, id=5794, stack(0x00007f37ca92b000,0x00007f37caa2c000)]
  0x00007f37dc20f000 JavaThread "AWT-Shutdown" [_thread_blocked, id=5793, stack(0x00007f37caa2c000,0x00007f37cab2d000)]
  0x00007f37dc1c5000 JavaThread "AWT-XAWT" daemon [_thread_in_native, id=5792, stack(0x00007f37cb6e5000,0x00007f37cb7e6000)]
  0x00007f37dc1a1800 JavaThread "Java2D Disposer" daemon [_thread_blocked, id=5791, stack(0x00007f37d00bd000,0x00007f37d01be000)]
  0x00007f37dc0a9000 JavaThread "Service Thread" daemon [_thread_blocked, id=5789, stack(0x00007f37d1574000,0x00007f37d1675000)]
  0x00007f37dc0a6800 JavaThread "C2 CompilerThread1" daemon [_thread_blocked, id=5788, stack(0x00007f37d1675000,0x00007f37d1776000)]
  0x00007f37dc0a3800 JavaThread "C2 CompilerThread0" daemon [_thread_blocked, id=5787, stack(0x00007f37d1776000,0x00007f37d1877000)]
  0x00007f37b0001000 JavaThread "JDWP Command Reader" daemon [_thread_in_native, id=5783, stack(0x00007f37d1877000,0x00007f37d1978000)]
  0x00007f37dc0a1800 JavaThread "JDWP Event Helper Thread" daemon [_thread_blocked, id=5782, stack(0x00007f37d1978000,0x00007f37d1a79000)]
  0x00007f37dc09e000 JavaThread "JDWP Transport Listener: dt_socket" daemon [_thread_blocked, id=5781, stack(0x00007f37d1a79000,0x00007f37d1b7a000)]
  0x00007f37dc090800 JavaThread "Signal Dispatcher" daemon [_thread_blocked, id=5778, stack(0x00007f37d1d7e000,0x00007f37d1e7f000)]
  0x00007f37dc073000 JavaThread "Finalizer" daemon [_thread_blocked, id=5777, stack(0x00007f37d1e7f000,0x00007f37d1f80000)]
  0x00007f37dc06f000 JavaThread "Reference Handler" daemon [_thread_blocked, id=5776, stack(0x00007f37d80f1000,0x00007f37d81f2000)]

Other Threads:
  0x00007f37dc06c800 VMThread [stack: 0x00007f37d81f2000,0x00007f37d82f3000] [id=5775]
  0x00007f37dc0bb800 WatcherThread [stack: 0x00007f37d1473000,0x00007f37d1574000] [id=5790]

VM state:not at safepoint (normal execution)

VM Mutex/Monitor currently owned by a thread: None

Heap
 PSYoungGen      total 17920K, used 9843K [0x00000000ec080000, 0x00000000ed480000, 0x0000000100000000)
  eden space 15360K, 64% used [0x00000000ec080000,0x00000000eca1ccb8,0x00000000ecf80000)
  from space 2560K, 0% used [0x00000000ed200000,0x00000000ed200000,0x00000000ed480000)
  to   space 2560K, 0% used [0x00000000ecf80000,0x00000000ecf80000,0x00000000ed200000)
 ParOldGen       total 40448K, used 0K [0x00000000c4200000, 0x00000000c6980000, 0x00000000ec080000)
  object space 40448K, 0% used [0x00000000c4200000,0x00000000c4200000,0x00000000c6980000)
 PSPermGen       total 21504K, used 12201K [0x00000000bf000000, 0x00000000c0500000, 0x00000000c4200000)
  object space 21504K, 56% used [0x00000000bf000000,0x00000000bfbea788,0x00000000c0500000)

Card table byte_map: [0x00007f37e0cba000,0x00007f37e0ec3000] byte_map_base: 0x00007f37e06c2000

Polling page: 0x00007f37e4cae000

Code Cache  [0x00007f37d9000000, 0x00007f37d9270000, 0x00007f37dc000000)
 total_blobs=520 nmethods=50 adapters=431 free_code_cache=48451Kb largest_free_block=49593024

Compilation events (10 events):
Event: 1.806 Thread 0x00007f37dc0a6800   46             java.awt.MultipleGradientPaintContext::indexIntoGradientsArrays (190 bytes)
Event: 1.812 Thread 0x00007f37dc0a6800 nmethod 46 0x00007f37d90ac1d0 code [0x00007f37d90ac3a0, 0x00007f37d90ac998]
Event: 1.812 Thread 0x00007f37dc0a3800   47             java.awt.MultipleGradientPaintContext::interpolate (202 bytes)
Event: 1.813 Thread 0x00007f37dc0a6800   48             java.awt.LinearGradientPaintContext::fillRaster (97 bytes)
Event: 1.815 Thread 0x00007f37dc0a6800 nmethod 48 0x00007f37d9095790 code [0x00007f37d90958e0, 0x00007f37d9095c08]
Event: 1.815 Thread 0x00007f37dc0a3800 nmethod 47 0x00007f37d90aa790 code [0x00007f37d90aa940, 0x00007f37d90aaf38]
Event: 1.883 Thread 0x00007f37dc0a6800   49             sun.java2d.loops.SurfaceType::getUniqueID (5 bytes)
Event: 1.883 Thread 0x00007f37dc0a6800 nmethod 49 0x00007f37d90ad0d0 code [0x00007f37d90ad200, 0x00007f37d90ad258]
Event: 1.997 Thread 0x00007f37dc0a3800   50             javax.swing.plaf.nimbus.InnerShadowEffect::applyEffect (604 bytes)
Event: 2.048 Thread 0x00007f37dc0a3800 nmethod 50 0x00007f37d90aff10 code [0x00007f37d90b0260, 0x00007f37d90b2298]

GC Heap History (0 events):
No events

Deoptimization events (1 events):
Event: 0.971 Thread 0x00007f37dc00d800 Uncommon trap: reason=class_check action=maybe_recompile pc=0x00007f37d907c194 method=java.util.Properties$LineReader.readLine()I @ 62

Internal exceptions (10 events):
Event: 1.369 Thread 0x00007f37dc240800 Threw 0x00000000ec42d3b8 at /HUDSON/workspace/7u-2-build-linux-amd64@2/jdk7u51/527/hotspot/src/share/vm/prims/jvm.cpp:1244
Event: 1.369 Thread 0x00007f37dc240800 Threw 0x00000000ec430ef8 at /HUDSON/workspace/7u-2-build-linux-amd64@2/jdk7u51/527/hotspot/src/share/vm/prims/jvm.cpp:1244
Event: 1.369 Thread 0x00007f37dc240800 Threw 0x00000000ec432610 at /HUDSON/workspace/7u-2-build-linux-amd64@2/jdk7u51/527/hotspot/src/share/vm/prims/jvm.cpp:1244
Event: 1.569 Thread 0x00007f37dc240800 Threw 0x00000000ec568518 at /HUDSON/workspace/7u-2-build-linux-amd64@2/jdk7u51/527/hotspot/src/share/vm/prims/jvm.cpp:1244
Event: 1.570 Thread 0x00007f37dc240800 Threw 0x00000000ec56a0e8 at /HUDSON/workspace/7u-2-build-linux-amd64@2/jdk7u51/527/hotspot/src/share/vm/prims/jvm.cpp:1244
Event: 1.680 Thread 0x00007f37dc240800 Threw 0x00000000ec8c3968 at /HUDSON/workspace/7u-2-build-linux-amd64@2/jdk7u51/527/hotspot/src/share/vm/prims/jni.cpp:717
Event: 1.700 Thread 0x00007f37dc240800 Threw 0x00000000ec8d6bf0 at /HUDSON/workspace/7u-2-build-linux-amd64@2/jdk7u51/527/hotspot/src/share/vm/prims/jni.cpp:717
Event: 1.703 Thread 0x00007f37dc240800 Threw 0x00000000ec8e85a8 at /HUDSON/workspace/7u-2-build-linux-amd64@2/jdk7u51/527/hotspot/src/share/vm/prims/jni.cpp:717
Event: 1.730 Thread 0x00007f37dc240800 Threw 0x00000000ec8fb520 at /HUDSON/workspace/7u-2-build-linux-amd64@2/jdk7u51/527/hotspot/src/share/vm/prims/jni.cpp:717
Event: 1.877 Thread 0x00007f37dc240800 Threw 0x00000000ec9bdec0 at /HUDSON/workspace/7u-2-build-linux-amd64@2/jdk7u51/527/hotspot/src/share/vm/prims/jni.cpp:743

Events (10 events):
Event: 1.992 loading class 0x00007f37a00430a0
Event: 1.992 loading class 0x00007f37a00430a0 done
Event: 2.175 Executing VM operation: GetOrSetLocal
Event: 2.175 Executing VM operation: GetOrSetLocal done
Event: 2.180 Executing VM operation: GetOrSetLocal
Event: 2.180 Executing VM operation: GetOrSetLocal done
Event: 4.850 Executing VM operation: EnableBiasedLocking
Event: 4.850 Executing VM operation: EnableBiasedLocking done
Event: 6.578 Thread 0x00007f3788042800 Thread exited: 0x00007f3788042800
Event: 6.582 Thread 0x00007f3788047800 Thread exited: 0x00007f3788047800


Dynamic libraries:
00400000-00401000 r-xp 00000000 08:07 937188                             /usr/lib/jvm/jdk1.7.0_51/bin/java
00600000-00601000 rw-p 00000000 08:07 937188                             /usr/lib/jvm/jdk1.7.0_51/bin/java
01cc1000-01ce2000 rw-p 00000000 00:00 0                                  [heap]
bf000000-c0500000 rw-p 00000000 00:00 0 
c0500000-c4200000 rw-p 00000000 00:00 0 
c4200000-c6980000 rw-p 00000000 00:00 0 
c6980000-ec080000 rw-p 00000000 00:00 0 
ec080000-ed480000 rw-p 00000000 00:00 0 
ed480000-100000000 rw-p 00000000 00:00 0 
7f3774000000-7f3774021000 rw-p 00000000 00:00 0 
7f3774021000-7f3778000000 ---p 00000000 00:00 0 
7f3778000000-7f3778021000 rw-p 00000000 00:00 0 
7f3778021000-7f377c000000 ---p 00000000 00:00 0 
7f377c000000-7f377c021000 rw-p 00000000 00:00 0 
7f377c021000-7f3780000000 ---p 00000000 00:00 0 
7f3780000000-7f3780046000 rw-p 00000000 00:00 0 
7f3780046000-7f3784000000 ---p 00000000 00:00 0 
7f3784000000-7f3784021000 rw-p 00000000 00:00 0 
7f3784021000-7f3788000000 ---p 00000000 00:00 0 
7f3788000000-7f3788158000 rw-p 00000000 00:00 0 
7f3788158000-7f378c000000 ---p 00000000 00:00 0 
7f378c000000-7f378c021000 rw-p 00000000 00:00 0 
7f378c021000-7f3790000000 ---p 00000000 00:00 0 
7f3790000000-7f3790021000 rw-p 00000000 00:00 0 
7f3790021000-7f3794000000 ---p 00000000 00:00 0 
7f3794000000-7f3794021000 rw-p 00000000 00:00 0 
7f3794021000-7f3798000000 ---p 00000000 00:00 0 
7f3798000000-7f3798021000 rw-p 00000000 00:00 0 
7f3798021000-7f379c000000 ---p 00000000 00:00 0 
7f379c000000-7f379c50c000 rw-p 00000000 00:00 0 
7f379c50c000-7f37a0000000 ---p 00000000 00:00 0 
7f37a0000000-7f37a03ee000 rw-p 00000000 00:00 0 
7f37a03ee000-7f37a4000000 ---p 00000000 00:00 0 
7f37a4000000-7f37a402b000 rw-p 00000000 00:00 0 
7f37a402b000-7f37a8000000 ---p 00000000 00:00 0 
7f37a8000000-7f37a8021000 rw-p 00000000 00:00 0 
7f37a8021000-7f37ac000000 ---p 00000000 00:00 0 
7f37ac000000-7f37ac021000 rw-p 00000000 00:00 0 
7f37ac021000-7f37b0000000 ---p 00000000 00:00 0 
7f37b0000000-7f37b003c000 rw-p 00000000 00:00 0 
7f37b003c000-7f37b4000000 ---p 00000000 00:00 0 
7f37b4000000-7f37b4021000 rw-p 00000000 00:00 0 
7f37b4021000-7f37b8000000 ---p 00000000 00:00 0 
7f37b8000000-7f37b8021000 rw-p 00000000 00:00 0 
7f37b8021000-7f37bc000000 ---p 00000000 00:00 0 
7f37bc000000-7f37bc021000 rw-p 00000000 00:00 0 
7f37bc021000-7f37c0000000 ---p 00000000 00:00 0 
7f37c0000000-7f37c0021000 rw-p 00000000 00:00 0 
7f37c0021000-7f37c4000000 ---p 00000000 00:00 0 
7f37c4000000-7f37c4021000 rw-p 00000000 00:00 0 
7f37c4021000-7f37c8000000 ---p 00000000 00:00 0 
7f37c9d7e000-7f37c9da8000 r-xp 00000000 08:07 1836084                    /usr/lib/jvm/jdk1.7.0_51/jre/lib/amd64/libdcpr.so
7f37c9da8000-7f37c9fa8000 ---p 0002a000 08:07 1836084                    /usr/lib/jvm/jdk1.7.0_51/jre/lib/amd64/libdcpr.so
7f37c9fa8000-7f37c9fab000 rw-p 0002a000 08:07 1836084                    /usr/lib/jvm/jdk1.7.0_51/jre/lib/amd64/libdcpr.so
7f37c9fab000-7f37ca19b000 rw-s 00000000 00:05 18317351                   /SYSV00000000 (deleted)
7f37ca19b000-7f37ca19e000 ---p 00000000 00:00 0 
7f37ca19e000-7f37ca29c000 rw-p 00000000 00:00 0 
7f37ca29c000-7f37ca2a8000 r-xp 00000000 08:07 1835128                    /usr/lib/jvm/jdk1.7.0_51/jre/lib/amd64/librxtxSerial.so
7f37ca2a8000-7f37ca3a7000 ---p 0000c000 08:07 1835128                    /usr/lib/jvm/jdk1.7.0_51/jre/lib/amd64/librxtxSerial.so
7f37ca3a7000-7f37ca3a9000 rw-p 0000b000 08:07 1835128                    /usr/lib/jvm/jdk1.7.0_51/jre/lib/amd64/librxtxSerial.so
7f37ca3a9000-7f37ca3ac000 ---p 00000000 00:00 0 
7f37ca3ac000-7f37ca4aa000 rw-p 00000000 00:00 0 
7f37ca4aa000-7f37ca4ad000 ---p 00000000 00:00 0 
7f37ca4ad000-7f37ca5ab000 rw-p 00000000 00:00 0 
7f37ca5ab000-7f37ca613000 r-xp 00000000 08:07 1836082                    /usr/lib/jvm/jdk1.7.0_51/jre/lib/amd64/libt2k.so
7f37ca613000-7f37ca813000 ---p 00068000 08:07 1836082                    /usr/lib/jvm/jdk1.7.0_51/jre/lib/amd64/libt2k.so
7f37ca813000-7f37ca81a000 rw-p 00068000 08:07 1836082                    /usr/lib/jvm/jdk1.7.0_51/jre/lib/amd64/libt2k.so
7f37ca81a000-7f37ca82a000 rw-p 00000000 00:00 0 
7f37ca82a000-7f37ca82d000 ---p 00000000 00:00 0 
7f37ca82d000-7f37ca92b000 rw-p 00000000 00:00 0 
7f37ca92b000-7f37ca92e000 ---p 00000000 00:00 0 
7f37ca92e000-7f37caa2c000 rw-p 00000000 00:00 0 
7f37caa2c000-7f37caa2f000 ---p 00000000 00:00 0 
7f37caa2f000-7f37cab2d000 rw-p 00000000 00:00 0 
7f37cab2d000-7f37cab3d000 r-xp 00000000 08:07 1836051                    /usr/lib/jvm/jdk1.7.0_51/jre/lib/amd64/libnio.so
7f37cab3d000-7f37cad3d000 ---p 00010000 08:07 1836051                    /usr/lib/jvm/jdk1.7.0_51/jre/lib/amd64/libnio.so
7f37cad3d000-7f37cad3e000 rw-p 00010000 08:07 1836051                    /usr/lib/jvm/jdk1.7.0_51/jre/lib/amd64/libnio.so
7f37cad3e000-7f37cb03f000 rw-p 00000000 00:00 0 
7f37cb03f000-7f37cb055000 r-xp 00000000 08:07 1836056                    /usr/lib/jvm/jdk1.7.0_51/jre/lib/amd64/libnet.so
7f37cb055000-7f37cb255000 ---p 00016000 08:07 1836056                    /usr/lib/jvm/jdk1.7.0_51/jre/lib/amd64/libnet.so
7f37cb255000-7f37cb256000 rw-p 00016000 08:07 1836056                    /usr/lib/jvm/jdk1.7.0_51/jre/lib/amd64/libnet.so
7f37cb256000-7f37cb26c000 r-xp 00000000 08:07 2364498                    /lib/x86_64-linux-gnu/libgcc_s.so.1
7f37cb26c000-7f37cb46b000 ---p 00016000 08:07 2364498                    /lib/x86_64-linux-gnu/libgcc_s.so.1
7f37cb46b000-7f37cb46c000 rw-p 00015000 08:07 2364498                    /lib/x86_64-linux-gnu/libgcc_s.so.1
7f37cb46c000-7f37cb4d1000 r-xp 00000000 08:07 1836052                    /usr/lib/jvm/jdk1.7.0_51/jre/lib/amd64/libfontmanager.so
7f37cb4d1000-7f37cb6d0000 ---p 00065000 08:07 1836052                    /usr/lib/jvm/jdk1.7.0_51/jre/lib/amd64/libfontmanager.so
7f37cb6d0000-7f37cb6d4000 rw-p 00064000 08:07 1836052                    /usr/lib/jvm/jdk1.7.0_51/jre/lib/amd64/libfontmanager.so
7f37cb6d4000-7f37cb6e5000 rw-p 00000000 00:00 0 
7f37cb6e5000-7f37cb6e8000 ---p 00000000 00:00 0 
7f37cb6e8000-7f37cb7e6000 rw-p 00000000 00:00 0 
7f37cb7e6000-7f37cb7eb000 r-xp 00000000 08:07 2762080                    /usr/lib/x86_64-linux-gnu/libXfixes.so.3.1.0
7f37cb7eb000-7f37cb9ea000 ---p 00005000 08:07 2762080                    /usr/lib/x86_64-linux-gnu/libXfixes.so.3.1.0
7f37cb9ea000-7f37cb9eb000 r--p 00004000 08:07 2762080                    /usr/lib/x86_64-linux-gnu/libXfixes.so.3.1.0
7f37cb9eb000-7f37cb9ec000 rw-p 00005000 08:07 2762080                    /usr/lib/x86_64-linux-gnu/libXfixes.so.3.1.0
7f37cb9ec000-7f37cb9f5000 r-xp 00000000 08:07 2762072                    /usr/lib/x86_64-linux-gnu/libXcursor.so.1.0.2
7f37cb9f5000-7f37cbbf4000 ---p 00009000 08:07 2762072                    /usr/lib/x86_64-linux-gnu/libXcursor.so.1.0.2
7f37cbbf4000-7f37cbbf5000 r--p 00008000 08:07 2762072                    /usr/lib/x86_64-linux-gnu/libXcursor.so.1.0.2
7f37cbbf5000-7f37cbbf6000 rw-p 00009000 08:07 2762072                    /usr/lib/x86_64-linux-gnu/libXcursor.so.1.0.2
7f37cbbf6000-7f37cbbfb000 r-xp 00000000 08:07 2762076                    /usr/lib/x86_64-linux-gnu/libXdmcp.so.6.0.0
7f37cbbfb000-7f37cbdfa000 ---p 00005000 08:07 2762076                    /usr/lib/x86_64-linux-gnu/libXdmcp.so.6.0.0
7f37cbdfa000-7f37cbdfb000 r--p 00004000 08:07 2762076                    /usr/lib/x86_64-linux-gnu/libXdmcp.so.6.0.0
7f37cbdfb000-7f37cbdfc000 rw-p 00005000 08:07 2762076                    /usr/lib/x86_64-linux-gnu/libXdmcp.so.6.0.0
7f37cbdfc000-7f37cbdfe000 r-xp 00000000 08:07 2762065                    /usr/lib/x86_64-linux-gnu/libXau.so.6.0.0
7f37cbdfe000-7f37cbffe000 ---p 00002000 08:07 2762065                    /usr/lib/x86_64-linux-gnu/libXau.so.6.0.0
7f37cbffe000-7f37cbfff000 r--p 00002000 08:07 2762065                    /usr/lib/x86_64-linux-gnu/libXau.so.6.0.0
7f37cbfff000-7f37cc000000 rw-p 00003000 08:07 2762065                    /usr/lib/x86_64-linux-gnu/libXau.so.6.0.0
7f37cc000000-7f37cc021000 rw-p 00000000 00:00 0 
7f37cc021000-7f37d0000000 ---p 00000000 00:00 0 
7f37d0048000-7f37d0061000 r--s 00000000 08:07 527849                     /usr/share/fonts/type1/gsfonts/n022004l.pfb
7f37d0061000-7f37d007a000 r--s 00000000 08:07 527834                     /usr/share/fonts/type1/gsfonts/n021003l.pfb
7f37d007a000-7f37d0090000 r--s 00000000 08:07 527843                     /usr/share/fonts/type1/gsfonts/n021024l.pfb
7f37d0090000-7f37d00a6000 r--s 00000000 08:07 527852                     /usr/share/fonts/type1/gsfonts/n022023l.pfb
7f37d00a6000-7f37d00bd000 r--s 00000000 08:07 527840                     /usr/share/fonts/type1/gsfonts/n021023l.pfb
7f37d00bd000-7f37d00c0000 ---p 00000000 00:00 0 
7f37d00c0000-7f37d01be000 rw-p 00000000 00:00 0 
7f37d01be000-7f37d01df000 r-xp 00000000 08:07 2763443                    /usr/lib/x86_64-linux-gnu/libxcb.so.1.1.0
7f37d01df000-7f37d03de000 ---p 00021000 08:07 2763443                    /usr/lib/x86_64-linux-gnu/libxcb.so.1.1.0
7f37d03de000-7f37d03df000 r--p 00020000 08:07 2763443                    /usr/lib/x86_64-linux-gnu/libxcb.so.1.1.0
7f37d03df000-7f37d03e0000 rw-p 00021000 08:07 2763443                    /usr/lib/x86_64-linux-gnu/libxcb.so.1.1.0
7f37d03e0000-7f37d03ef000 r-xp 00000000 08:07 2762086                    /usr/lib/x86_64-linux-gnu/libXi.so.6.1.0
7f37d03ef000-7f37d05ee000 ---p 0000f000 08:07 2762086                    /usr/lib/x86_64-linux-gnu/libXi.so.6.1.0
7f37d05ee000-7f37d05ef000 r--p 0000e000 08:07 2762086                    /usr/lib/x86_64-linux-gnu/libXi.so.6.1.0
7f37d05ef000-7f37d05f0000 rw-p 0000f000 08:07 2762086                    /usr/lib/x86_64-linux-gnu/libXi.so.6.1.0
7f37d05f0000-7f37d05f5000 r-xp 00000000 08:07 2762104                    /usr/lib/x86_64-linux-gnu/libXtst.so.6.1.0
7f37d05f5000-7f37d07f4000 ---p 00005000 08:07 2762104                    /usr/lib/x86_64-linux-gnu/libXtst.so.6.1.0
7f37d07f4000-7f37d07f5000 r--p 00004000 08:07 2762104                    /usr/lib/x86_64-linux-gnu/libXtst.so.6.1.0
7f37d07f5000-7f37d07f6000 rw-p 00005000 08:07 2762104                    /usr/lib/x86_64-linux-gnu/libXtst.so.6.1.0
7f37d07f6000-7f37d07ff000 r-xp 00000000 08:07 2762098                    /usr/lib/x86_64-linux-gnu/libXrender.so.1.3.0
7f37d07ff000-7f37d09fe000 ---p 00009000 08:07 2762098                    /usr/lib/x86_64-linux-gnu/libXrender.so.1.3.0
7f37d09fe000-7f37d09ff000 r--p 00008000 08:07 2762098                    /usr/lib/x86_64-linux-gnu/libXrender.so.1.3.0
7f37d09ff000-7f37d0a00000 rw-p 00009000 08:07 2762098                    /usr/lib/x86_64-linux-gnu/libXrender.so.1.3.0
7f37d0a00000-7f37d0b35000 r-xp 00000000 08:07 2762061                    /usr/lib/x86_64-linux-gnu/libX11.so.6.3.0
7f37d0b35000-7f37d0d35000 ---p 00135000 08:07 2762061                    /usr/lib/x86_64-linux-gnu/libX11.so.6.3.0
7f37d0d35000-7f37d0d36000 r--p 00135000 08:07 2762061                    /usr/lib/x86_64-linux-gnu/libX11.so.6.3.0
7f37d0d36000-7f37d0d3a000 rw-p 00136000 08:07 2762061                    /usr/lib/x86_64-linux-gnu/libX11.so.6.3.0
7f37d0d3a000-7f37d0d4b000 r-xp 00000000 08:07 2762078                    /usr/lib/x86_64-linux-gnu/libXext.so.6.4.0
7f37d0d4b000-7f37d0f4a000 ---p 00011000 08:07 2762078                    /usr/lib/x86_64-linux-gnu/libXext.so.6.4.0
7f37d0f4a000-7f37d0f4b000 r--p 00010000 08:07 2762078                    /usr/lib/x86_64-linux-gnu/libXext.so.6.4.0
7f37d0f4b000-7f37d0f4c000 rw-p 00011000 08:07 2762078                    /usr/lib/x86_64-linux-gnu/libXext.so.6.4.0
7f37d0f4c000-7f37d0f9c000 r-xp 00000000 08:07 1836094                    /usr/lib/jvm/jdk1.7.0_51/jre/lib/amd64/xawt/libmawt.so
7f37d0f9c000-7f37d119c000 ---p 00050000 08:07 1836094                    /usr/lib/jvm/jdk1.7.0_51/jre/lib/amd64/xawt/libmawt.so
7f37d119c000-7f37d11a0000 rw-p 00050000 08:07 1836094                    /usr/lib/jvm/jdk1.7.0_51/jre/lib/amd64/xawt/libmawt.so
7f37d11a0000-7f37d11a1000 rw-p 00000000 00:00 0 
7f37d11a1000-7f37d1243000 r-xp 00000000 08:07 1836064                    /usr/lib/jvm/jdk1.7.0_51/jre/lib/amd64/libawt.so
7f37d1243000-7f37d1443000 ---p 000a2000 08:07 1836064                    /usr/lib/jvm/jdk1.7.0_51/jre/lib/amd64/libawt.so
7f37d1443000-7f37d144f000 rw-p 000a2000 08:07 1836064                    /usr/lib/jvm/jdk1.7.0_51/jre/lib/amd64/libawt.so
7f37d144f000-7f37d1473000 rw-p 00000000 00:00 0 
7f37d1473000-7f37d1474000 ---p 00000000 00:00 0 
7f37d1474000-7f37d1574000 rw-p 00000000 00:00 0 
7f37d1574000-7f37d1577000 ---p 00000000 00:00 0 
7f37d1577000-7f37d1675000 rw-p 00000000 00:00 0 
7f37d1675000-7f37d1678000 ---p 00000000 00:00 0 
7f37d1678000-7f37d1776000 rw-p 00000000 00:00 0 
7f37d1776000-7f37d1779000 ---p 00000000 00:00 0 
7f37d1779000-7f37d1877000 rw-p 00000000 00:00 0 
7f37d1877000-7f37d187a000 ---p 00000000 00:00 0 
7f37d187a000-7f37d1978000 rw-p 00000000 00:00 0 
7f37d1978000-7f37d197b000 ---p 00000000 00:00 0 
7f37d197b000-7f37d1a79000 rw-p 00000000 00:00 0 
7f37d1a79000-7f37d1a7c000 ---p 00000000 00:00 0 
7f37d1a7c000-7f37d1b7a000 rw-p 00000000 00:00 0 
7f37d1b7a000-7f37d1b7e000 r-xp 00000000 08:07 1836071                    /usr/lib/jvm/jdk1.7.0_51/jre/lib/amd64/libdt_socket.so
7f37d1b7e000-7f37d1d7d000 ---p 00004000 08:07 1836071                    /usr/lib/jvm/jdk1.7.0_51/jre/lib/amd64/libdt_socket.so
7f37d1d7d000-7f37d1d7e000 rw-p 00003000 08:07 1836071                    /usr/lib/jvm/jdk1.7.0_51/jre/lib/amd64/libdt_socket.so
7f37d1d7e000-7f37d1d81000 ---p 00000000 00:00 0 
7f37d1d81000-7f37d1e7f000 rw-p 00000000 00:00 0 
7f37d1e7f000-7f37d1e82000 ---p 00000000 00:00 0 
7f37d1e82000-7f37d4000000 rw-p 00000000 00:00 0 
7f37d4000000-7f37d4021000 rw-p 00000000 00:00 0 
7f37d4021000-7f37d8000000 ---p 00000000 00:00 0 
7f37d8011000-7f37d8022000 r--s 00000000 08:07 527816                     /usr/share/fonts/type1/gsfonts/n019023l.pfb
7f37d8022000-7f37d8036000 r--s 00000000 08:07 527810                     /usr/share/fonts/type1/gsfonts/n019003l.pfb
7f37d8036000-7f37d803f000 r--s 00000000 08:07 527870                     /usr/share/fonts/type1/gsfonts/s050000l.pfb
7f37d803f000-7f37d804a000 r--s 00000000 08:07 2890696                    /var/cache/fontconfig/945677eb7aeaf62f1d50efc3fb3ec7d8-le64.cache-6
7f37d804a000-7f37d8050000 r--s 00000000 08:07 2890678                    /var/cache/fontconfig/2cd17615ca594fa2959ae173292e504c-le64.cache-6
7f37d8050000-7f37d8054000 r--s 00000000 08:07 2885053                    /var/cache/fontconfig/de156ccd2eddbdc19d37a45b8b2aac9c-le64.cache-6
7f37d8054000-7f37d8069000 r--s 00000000 08:07 2890672                    /var/cache/fontconfig/04aabc0a78ac019cf9454389977116d2-le64.cache-6
7f37d8069000-7f37d806d000 r--s 00000000 08:07 2890682                    /var/cache/fontconfig/385c0604a188198f04d133e54aba7fe7-le64.cache-6
7f37d806d000-7f37d8070000 r--s 00000000 08:07 2890710                    /var/cache/fontconfig/e13b20fdb08344e0e664864cc2ede53d-le64.cache-6
7f37d8071000-7f37d8072000 r--s 00000000 08:07 2890675                    /var/cache/fontconfig/0d8c3b2ac0904cb8a57a757ad11a4a08-le64.cache-6
7f37d8072000-7f37d8073000 r--s 00000000 08:07 2890677                    /var/cache/fontconfig/1ac9eb803944fde146138c791f5cc56a-le64.cache-6
7f37d8073000-7f37d8074000 r--s 00000000 08:07 2890709                    /var/cache/fontconfig/dc05db6664285cc2f12bf69c139ae4c3-le64.cache-6
7f37d8074000-7f37d8077000 r--s 00000000 08:07 2890692                    /var/cache/fontconfig/767a8244fc0220cfb567a839d0392e0b-le64.cache-6
7f37d8077000-7f37d8078000 r--s 00000000 08:07 2883743                    /var/cache/fontconfig/4794a0821666d79190d59a36cb4f44b5-le64.cache-6
7f37d8078000-7f37d807d000 r--s 00000000 08:07 2890695                    /var/cache/fontconfig/8801497958630a81b71ace7c5f9b32a8-le64.cache-6
7f37d807d000-7f37d807e000 r--s 00000000 08:07 2890702                    /var/cache/fontconfig/bab58bb527bb656aaa9f116d68a48d89-le64.cache-6
7f37d807e000-7f37d8085000 r--s 00000000 08:07 2890679                    /var/cache/fontconfig/3047814df9a2f067bd2d96a2b9c36e5a-le64.cache-6
7f37d8085000-7f37d8086000 r--s 00000000 08:07 2890686                    /var/cache/fontconfig/56cf4f4769d0f4abc89a4895d7bd3ae1-le64.cache-6
7f37d8086000-7f37d8087000 r--s 00000000 08:07 2890701                    /var/cache/fontconfig/b9d506c9ac06c20b433354fa67a72993-le64.cache-6
7f37d8087000-7f37d808d000 r--s 00000000 08:07 2890700                    /var/cache/fontconfig/b47c4e1ecd0709278f4910c18777a504-le64.cache-6
7f37d808d000-7f37d80a0000 r--s 00000000 08:07 2890706                    /var/cache/fontconfig/d52a8644073d54c13679302ca1180695-le64.cache-6
7f37d80a0000-7f37d80a1000 r--s 00000000 08:07 2890685                    /var/cache/fontconfig/551ecf3b0e8b0bca0f25c0944f561853-le64.cache-6
7f37d80a1000-7f37d80ac000 r--s 00000000 08:07 2887795                    /var/cache/fontconfig/d589a48862398ed80a3d6066f4f56f4c-le64.cache-6
7f37d80ac000-7f37d80af000 r--s 00000000 08:07 2890691                    /var/cache/fontconfig/75114ca45c98e8a441da0ff356701271-le64.cache-6
7f37d80af000-7f37d80ba000 r--s 00000000 08:07 2890694                    /var/cache/fontconfig/83bf95040141907cd45bb53cf7c1c148-le64.cache-6
7f37d80ba000-7f37d80cc000 r--s 00000000 08:07 2886108                    /var/cache/fontconfig/9b89f8e3dae116d678bbf48e5f21f69b-le64.cache-6
7f37d80cc000-7f37d80f1000 r--p 00000000 08:07 397003                     /usr/share/locale-langpack/es/LC_MESSAGES/libc.mo
7f37d80f1000-7f37d80f4000 ---p 00000000 00:00 0 
7f37d80f4000-7f37d81f2000 rw-p 00000000 00:00 0 
7f37d81f2000-7f37d81f3000 ---p 00000000 00:00 0 
7f37d81f3000-7f37d9000000 rw-p 00000000 00:00 0 
7f37d9000000-7f37d9270000 rwxp 00000000 00:00 0 
7f37d9270000-7f37dc26f000 rw-p 00000000 00:00 0 
7f37dc26f000-7f37e0000000 ---p 00000000 00:00 0 
7f37e0000000-7f37e0004000 r--s 00000000 08:07 2883629                    /var/cache/fontconfig/7ef2298fde41cc6eeb7af42e48b7d293-le64.cache-6
7f37e0004000-7f37e000f000 r--s 0037c000 08:07 1057110                    /usr/lib/jvm/jdk1.7.0_51/jre/lib/charsets.jar
7f37e000f000-7f37e02e0000 rw-p 00000000 00:00 0 
7f37e02e0000-7f37e049d000 r--s 039bf000 08:07 1057153                    /usr/lib/jvm/jdk1.7.0_51/jre/lib/rt.jar
7f37e049d000-7f37e0776000 rw-p 00000000 00:00 0 
7f37e0776000-7f37e0777000 ---p 00000000 00:00 0 
7f37e0777000-7f37e0877000 rw-p 00000000 00:00 0 
7f37e0877000-7f37e0878000 ---p 00000000 00:00 0 
7f37e0878000-7f37e0978000 rw-p 00000000 00:00 0 
7f37e0978000-7f37e0979000 ---p 00000000 00:00 0 
7f37e0979000-7f37e0a79000 rw-p 00000000 00:00 0 
7f37e0a79000-7f37e0a7a000 ---p 00000000 00:00 0 
7f37e0a7a000-7f37e0b8e000 rw-p 00000000 00:00 0 
7f37e0b8e000-7f37e0cba000 rw-p 00000000 00:00 0 
7f37e0cba000-7f37e0cc5000 rw-p 00000000 00:00 0 
7f37e0cc5000-7f37e0ce3000 rw-p 00000000 00:00 0 
7f37e0ce3000-7f37e0cf7000 rw-p 00000000 00:00 0 
7f37e0cf7000-7f37e0e22000 rw-p 00000000 00:00 0 
7f37e0e22000-7f37e0e2d000 rw-p 00000000 00:00 0 
7f37e0e2d000-7f37e0ec2000 rw-p 00000000 00:00 0 
7f37e0ec2000-7f37e0ecd000 rw-p 00000000 00:00 0 
7f37e0ecd000-7f37e0f83000 rw-p 00000000 00:00 0 
7f37e0f83000-7f37e0f9d000 r-xp 00000000 08:07 1836101                    /usr/lib/jvm/jdk1.7.0_51/jre/lib/amd64/libzip.so
7f37e0f9d000-7f37e119d000 ---p 0001a000 08:07 1836101                    /usr/lib/jvm/jdk1.7.0_51/jre/lib/amd64/libzip.so
7f37e119d000-7f37e119e000 rw-p 0001a000 08:07 1836101                    /usr/lib/jvm/jdk1.7.0_51/jre/lib/amd64/libzip.so
7f37e119e000-7f37e11a9000 r-xp 00000000 08:07 2364559                    /lib/x86_64-linux-gnu/libnss_files-2.23.so
7f37e11a9000-7f37e13a8000 ---p 0000b000 08:07 2364559                    /lib/x86_64-linux-gnu/libnss_files-2.23.so
7f37e13a8000-7f37e13a9000 r--p 0000a000 08:07 2364559                    /lib/x86_64-linux-gnu/libnss_files-2.23.so
7f37e13a9000-7f37e13aa000 rw-p 0000b000 08:07 2364559                    /lib/x86_64-linux-gnu/libnss_files-2.23.so
7f37e13aa000-7f37e13b0000 rw-p 00000000 00:00 0 
7f37e13b0000-7f37e13bb000 r-xp 00000000 08:07 2364569                    /lib/x86_64-linux-gnu/libnss_nis-2.23.so
7f37e13bb000-7f37e15ba000 ---p 0000b000 08:07 2364569                    /lib/x86_64-linux-gnu/libnss_nis-2.23.so
7f37e15ba000-7f37e15bb000 r--p 0000a000 08:07 2364569                    /lib/x86_64-linux-gnu/libnss_nis-2.23.so
7f37e15bb000-7f37e15bc000 rw-p 0000b000 08:07 2364569                    /lib/x86_64-linux-gnu/libnss_nis-2.23.so
7f37e15bc000-7f37e15d2000 r-xp 00000000 08:07 2364553                    /lib/x86_64-linux-gnu/libnsl-2.23.so
7f37e15d2000-7f37e17d1000 ---p 00016000 08:07 2364553                    /lib/x86_64-linux-gnu/libnsl-2.23.so
7f37e17d1000-7f37e17d2000 r--p 00015000 08:07 2364553                    /lib/x86_64-linux-gnu/libnsl-2.23.so
7f37e17d2000-7f37e17d3000 rw-p 00016000 08:07 2364553                    /lib/x86_64-linux-gnu/libnsl-2.23.so
7f37e17d3000-7f37e17d5000 rw-p 00000000 00:00 0 
7f37e17d5000-7f37e17dd000 r-xp 00000000 08:07 2364555                    /lib/x86_64-linux-gnu/libnss_compat-2.23.so
7f37e17dd000-7f37e19dc000 ---p 00008000 08:07 2364555                    /lib/x86_64-linux-gnu/libnss_compat-2.23.so
7f37e19dc000-7f37e19dd000 r--p 00007000 08:07 2364555                    /lib/x86_64-linux-gnu/libnss_compat-2.23.so
7f37e19dd000-7f37e19de000 rw-p 00008000 08:07 2364555                    /lib/x86_64-linux-gnu/libnss_compat-2.23.so
7f37e19de000-7f37e239d000 r--p 00000000 08:07 2760681                    /usr/lib/locale/locale-archive
7f37e239d000-7f37e23a0000 r-xp 00000000 08:07 1836062                    /usr/lib/jvm/jdk1.7.0_51/jre/lib/amd64/libnpt.so
7f37e23a0000-7f37e259f000 ---p 00003000 08:07 1836062                    /usr/lib/jvm/jdk1.7.0_51/jre/lib/amd64/libnpt.so
7f37e259f000-7f37e25a0000 rw-p 00002000 08:07 1836062                    /usr/lib/jvm/jdk1.7.0_51/jre/lib/amd64/libnpt.so
7f37e25a0000-7f37e25d9000 r-xp 00000000 08:07 1836106                    /usr/lib/jvm/jdk1.7.0_51/jre/lib/amd64/libjdwp.so
7f37e25d9000-7f37e27d9000 ---p 00039000 08:07 1836106                    /usr/lib/jvm/jdk1.7.0_51/jre/lib/amd64/libjdwp.so
7f37e27d9000-7f37e27da000 rw-p 00039000 08:07 1836106                    /usr/lib/jvm/jdk1.7.0_51/jre/lib/amd64/libjdwp.so
7f37e27da000-7f37e27db000 rw-p 00000000 00:00 0 
7f37e27db000-7f37e2804000 r-xp 00000000 08:07 1836085                    /usr/lib/jvm/jdk1.7.0_51/jre/lib/amd64/libjava.so
7f37e2804000-7f37e2a04000 ---p 00029000 08:07 1836085                    /usr/lib/jvm/jdk1.7.0_51/jre/lib/amd64/libjava.so
7f37e2a04000-7f37e2a06000 rw-p 00029000 08:07 1836085                    /usr/lib/jvm/jdk1.7.0_51/jre/lib/amd64/libjava.so
7f37e2a06000-7f37e2a13000 r-xp 00000000 08:07 1836083                    /usr/lib/jvm/jdk1.7.0_51/jre/lib/amd64/libverify.so
7f37e2a13000-7f37e2c12000 ---p 0000d000 08:07 1836083                    /usr/lib/jvm/jdk1.7.0_51/jre/lib/amd64/libverify.so
7f37e2c12000-7f37e2c14000 rw-p 0000c000 08:07 1836083                    /usr/lib/jvm/jdk1.7.0_51/jre/lib/amd64/libverify.so
7f37e2c14000-7f37e2c1b000 r-xp 00000000 08:07 2364614                    /lib/x86_64-linux-gnu/librt-2.23.so
7f37e2c1b000-7f37e2e1a000 ---p 00007000 08:07 2364614                    /lib/x86_64-linux-gnu/librt-2.23.so
7f37e2e1a000-7f37e2e1b000 r--p 00006000 08:07 2364614                    /lib/x86_64-linux-gnu/librt-2.23.so
7f37e2e1b000-7f37e2e1c000 rw-p 00007000 08:07 2364614                    /lib/x86_64-linux-gnu/librt-2.23.so
7f37e2e1c000-7f37e2e1f000 ---p 00000000 00:00 0 
7f37e2e1f000-7f37e2f1d000 rw-p 00000000 00:00 0 
7f37e2f1d000-7f37e3025000 r-xp 00000000 08:07 2364530                    /lib/x86_64-linux-gnu/libm-2.23.so
7f37e3025000-7f37e3224000 ---p 00108000 08:07 2364530                    /lib/x86_64-linux-gnu/libm-2.23.so
7f37e3224000-7f37e3225000 r--p 00107000 08:07 2364530                    /lib/x86_64-linux-gnu/libm-2.23.so
7f37e3225000-7f37e3226000 rw-p 00108000 08:07 2364530                    /lib/x86_64-linux-gnu/libm-2.23.so
7f37e3226000-7f37e3d88000 r-xp 00000000 08:07 1836091                    /usr/lib/jvm/jdk1.7.0_51/jre/lib/amd64/server/libjvm.so
7f37e3d88000-7f37e3f88000 ---p 00b62000 08:07 1836091                    /usr/lib/jvm/jdk1.7.0_51/jre/lib/amd64/server/libjvm.so
7f37e3f88000-7f37e404b000 rw-p 00b62000 08:07 1836091                    /usr/lib/jvm/jdk1.7.0_51/jre/lib/amd64/server/libjvm.so
7f37e404b000-7f37e408c000 rw-p 00000000 00:00 0 
7f37e408c000-7f37e424c000 r-xp 00000000 08:07 2364460                    /lib/x86_64-linux-gnu/libc-2.23.so
7f37e424c000-7f37e444b000 ---p 001c0000 08:07 2364460                    /lib/x86_64-linux-gnu/libc-2.23.so
7f37e444b000-7f37e444f000 r--p 001bf000 08:07 2364460                    /lib/x86_64-linux-gnu/libc-2.23.so
7f37e444f000-7f37e4451000 rw-p 001c3000 08:07 2364460                    /lib/x86_64-linux-gnu/libc-2.23.so
7f37e4451000-7f37e4455000 rw-p 00000000 00:00 0 
7f37e4455000-7f37e4458000 r-xp 00000000 08:07 2364484                    /lib/x86_64-linux-gnu/libdl-2.23.so
7f37e4458000-7f37e4657000 ---p 00003000 08:07 2364484                    /lib/x86_64-linux-gnu/libdl-2.23.so
7f37e4657000-7f37e4658000 r--p 00002000 08:07 2364484                    /lib/x86_64-linux-gnu/libdl-2.23.so
7f37e4658000-7f37e4659000 rw-p 00003000 08:07 2364484                    /lib/x86_64-linux-gnu/libdl-2.23.so
7f37e4659000-7f37e466f000 r-xp 00000000 08:07 1056839                    /usr/lib/jvm/jdk1.7.0_51/lib/amd64/jli/libjli.so
7f37e466f000-7f37e486f000 ---p 00016000 08:07 1056839                    /usr/lib/jvm/jdk1.7.0_51/lib/amd64/jli/libjli.so
7f37e486f000-7f37e4870000 rw-p 00016000 08:07 1056839                    /usr/lib/jvm/jdk1.7.0_51/lib/amd64/jli/libjli.so
7f37e4870000-7f37e4888000 r-xp 00000000 08:07 2364606                    /lib/x86_64-linux-gnu/libpthread-2.23.so
7f37e4888000-7f37e4a87000 ---p 00018000 08:07 2364606                    /lib/x86_64-linux-gnu/libpthread-2.23.so
7f37e4a87000-7f37e4a88000 r--p 00017000 08:07 2364606                    /lib/x86_64-linux-gnu/libpthread-2.23.so
7f37e4a88000-7f37e4a89000 rw-p 00018000 08:07 2364606                    /lib/x86_64-linux-gnu/libpthread-2.23.so
7f37e4a89000-7f37e4a8d000 rw-p 00000000 00:00 0 
7f37e4a8d000-7f37e4ab3000 r-xp 00000000 08:07 2364432                    /lib/x86_64-linux-gnu/ld-2.23.so
7f37e4ab3000-7f37e4ab4000 r--s 00000000 08:07 2890680                    /var/cache/fontconfig/30829fa25452a46451e813d634d7f916-le64.cache-6
7f37e4ab4000-7f37e4abb000 r--s 00000000 08:07 3016614                    /usr/lib/x86_64-linux-gnu/gconv/gconv-modules.cache
7f37e4abb000-7f37e4abd000 r--s 0000d000 08:08 3412122                    /home/kcrez/Documentos/JavaDuino/library/rxtx2.1/RXTXcomm.jar
7f37e4abd000-7f37e4abf000 r--s 0000d000 08:07 1835127                    /usr/lib/jvm/jdk1.7.0_51/jre/lib/ext/RXTXcomm.jar
7f37e4abf000-7f37e4b13000 rw-p 00000000 00:00 0 
7f37e4b13000-7f37e4b31000 rw-p 00000000 00:00 0 
7f37e4b31000-7f37e4b35000 rw-p 00000000 00:00 0 
7f37e4b35000-7f37e4b79000 r-xp 00000000 08:07 1052366                    /opt/eset/esets/lib/libesets_pac.so
7f37e4b79000-7f37e4c79000 ---p 00044000 08:07 1052366                    /opt/eset/esets/lib/libesets_pac.so
7f37e4c79000-7f37e4c7c000 rw-p 00044000 08:07 1052366                    /opt/eset/esets/lib/libesets_pac.so
7f37e4c7c000-7f37e4c8f000 rw-p 00000000 00:00 0 
7f37e4c8f000-7f37e4c90000 r--s 00000000 08:07 2890674                    /var/cache/fontconfig/0c9eb80ebd1c36541ebe2852d3bb0c49-le64.cache-6
7f37e4c90000-7f37e4ca5000 rw-p 00000000 00:00 0 
7f37e4ca5000-7f37e4cad000 rw-s 00000000 08:07 2097296                    /tmp/hsperfdata_kcrez/5765
7f37e4cad000-7f37e4cae000 rw-p 00000000 00:00 0 
7f37e4cae000-7f37e4caf000 r--p 00000000 00:00 0 
7f37e4caf000-7f37e4cb2000 rw-p 00000000 00:00 0 
7f37e4cb2000-7f37e4cb3000 r--p 00025000 08:07 2364432                    /lib/x86_64-linux-gnu/ld-2.23.so
7f37e4cb3000-7f37e4cb4000 rw-p 00026000 08:07 2364432                    /lib/x86_64-linux-gnu/ld-2.23.so
7f37e4cb4000-7f37e4cb5000 rw-p 00000000 00:00 0 
7fffd5ee4000-7fffd5f05000 rw-p 00000000 00:00 0                          [stack]
7fffd5f77000-7fffd5f79000 r--p 00000000 00:00 0                          [vvar]
7fffd5f79000-7fffd5f7b000 r-xp 00000000 00:00 0                          [vdso]
ffffffffff600000-ffffffffff601000 r-xp 00000000 00:00 0                  [vsyscall]

VM Arguments:
jvm_args: -Xdebug -Xrunjdwp:transport=dt_socket,address=localhost:33046 -Dfile.encoding=UTF-8 -Djava.library.path=/home/kcrez/Documentos/JavaDuino/library/rxtx2.1 
java_command: PPD_Frame
Launcher Type: SUN_STANDARD

Environment Variables:
PATH=/usr/local/sbin:/usr/local/bin:/usr/sbin:/usr/bin:/sbin:/bin:/usr/games:/usr/local/games:/snap/bin
LD_LIBRARY_PATH=/usr/lib/jvm/jdk1.7.0_51/jre/lib/amd64:/usr/lib/jvm/jdk1.7.0_51/jre/lib/i386:
SHELL=/bin/bash
DISPLAY=:0

Signal Handlers:
SIGSEGV: [libjvm.so+0x993870], sa_mask[0]=0x7ffbfeff, sa_flags=0x10000004
SIGBUS: [libjvm.so+0x993870], sa_mask[0]=0x7ffbfeff, sa_flags=0x10000004
SIGFPE: [libjvm.so+0x8105b0], sa_mask[0]=0x7ffbfeff, sa_flags=0x10000004
SIGPIPE: [libjvm.so+0x8105b0], sa_mask[0]=0x7ffbfeff, sa_flags=0x10000004
SIGXFSZ: [libjvm.so+0x8105b0], sa_mask[0]=0x7ffbfeff, sa_flags=0x10000004
SIGILL: [libjvm.so+0x8105b0], sa_mask[0]=0x7ffbfeff, sa_flags=0x10000004
SIGUSR1: SIG_DFL, sa_mask[0]=0x00000000, sa_flags=0x00000000
SIGUSR2: [libjvm.so+0x811aa0], sa_mask[0]=0x00000004, sa_flags=0x10000004
SIGHUP: [libjvm.so+0x812a10], sa_mask[0]=0x7ffbfeff, sa_flags=0x10000004
SIGINT: SIG_IGN, sa_mask[0]=0x00000000, sa_flags=0x00000000
SIGTERM: [libjvm.so+0x812a10], sa_mask[0]=0x7ffbfeff, sa_flags=0x10000004
SIGQUIT: [libjvm.so+0x812a10], sa_mask[0]=0x7ffbfeff, sa_flags=0x10000004


---------------  S Y S T E M  ---------------

OS:stretch/sid

uname:Linux 4.4.0-22-generic #40-Ubuntu SMP Thu May 12 22:03:46 UTC 2016 x86_64
libc:glibc 2.23 NPTL 2.23 
rlimit: STACK 8192k, CORE 0k, NPROC 15146, NOFILE 65536, AS infinity
load average:1.20 0.60 0.48

/proc/meminfo:
MemTotal:        3916240 kB
MemFree:          158176 kB
MemAvailable:    1432780 kB
Buffers:          214344 kB
Cached:          1178928 kB
SwapCached:         1232 kB
Active:          2401744 kB
Inactive:        1082724 kB
Active(anon):    1680752 kB
Inactive(anon):   661844 kB
Active(file):     720992 kB
Inactive(file):   420880 kB
Unevictable:          48 kB
Mlocked:              48 kB
SwapTotal:       7812088 kB
SwapFree:        7804380 kB
Dirty:              2120 kB
Writeback:             0 kB
AnonPages:       2090116 kB
Mapped:           347032 kB
Shmem:            251400 kB
Slab:             195648 kB
SReclaimable:     161964 kB
SUnreclaim:        33684 kB
KernelStack:       10624 kB
PageTables:        33296 kB
NFS_Unstable:          0 kB
Bounce:                0 kB
WritebackTmp:          0 kB
CommitLimit:     9770208 kB
Committed_AS:    6345532 kB
VmallocTotal:   34359738367 kB
VmallocUsed:           0 kB
VmallocChunk:          0 kB
HardwareCorrupted:     0 kB
AnonHugePages:   1019904 kB
CmaTotal:              0 kB
CmaFree:               0 kB
HugePages_Total:       0
HugePages_Free:        0
HugePages_Rsvd:        0
HugePages_Surp:        0
Hugepagesize:       2048 kB
DirectMap4k:      121628 kB
DirectMap2M:     2893824 kB
DirectMap1G:     1048576 kB


CPU:total 4 (2 cores per cpu, 2 threads per core) family 6 model 60 stepping 3, cmov, cx8, fxsr, mmx, sse, sse2, sse3, ssse3, sse4.1, sse4.2, popcnt, avx, avx2, aes, erms, ht, tsc, tscinvbit

/proc/cpuinfo:
processor	: 0
vendor_id	: GenuineIntel
cpu family	: 6
model		: 60
model name	: Intel(R) Core(TM) i3-4170 CPU @ 3.70GHz
stepping	: 3
microcode	: 0x1e
cpu MHz		: 1317.546
cache size	: 3072 KB
physical id	: 0
siblings	: 4
core id		: 0
cpu cores	: 2
apicid		: 0
initial apicid	: 0
fpu		: yes
fpu_exception	: yes
cpuid level	: 13
wp		: yes
flags		: fpu vme de pse tsc msr pae mce cx8 apic sep mtrr pge mca cmov pat pse36 clflush dts acpi mmx fxsr sse sse2 ss ht tm pbe syscall nx pdpe1gb rdtscp lm constant_tsc arch_perfmon pebs bts rep_good nopl xtopology nonstop_tsc aperfmperf eagerfpu pni pclmulqdq dtes64 monitor ds_cpl vmx est tm2 ssse3 sdbg fma cx16 xtpr pdcm pcid sse4_1 sse4_2 movbe popcnt tsc_deadline_timer aes xsave avx f16c rdrand lahf_lm abm epb tpr_shadow vnmi flexpriority ept vpid fsgsbase tsc_adjust bmi1 avx2 smep bmi2 erms invpcid xsaveopt dtherm arat pln pts
bugs		:
bogomips	: 7382.73
clflush size	: 64
cache_alignment	: 64
address sizes	: 39 bits physical, 48 bits virtual
power management:

processor	: 1
vendor_id	: GenuineIntel
cpu family	: 6
model		: 60
model name	: Intel(R) Core(TM) i3-4170 CPU @ 3.70GHz
stepping	: 3
microcode	: 0x1e
cpu MHz		: 1003.480
cache size	: 3072 KB
physical id	: 0
siblings	: 4
core id		: 1
cpu cores	: 2
apicid		: 2
initial apicid	: 2
fpu		: yes
fpu_exception	: yes
cpuid level	: 13
wp		: yes
flags		: fpu vme de pse tsc msr pae mce cx8 apic sep mtrr pge mca cmov pat pse36 clflush dts acpi mmx fxsr sse sse2 ss ht tm pbe syscall nx pdpe1gb rdtscp lm constant_tsc arch_perfmon pebs bts rep_good nopl xtopology nonstop_tsc aperfmperf eagerfpu pni pclmulqdq dtes64 monitor ds_cpl vmx est tm2 ssse3 sdbg fma cx16 xtpr pdcm pcid sse4_1 sse4_2 movbe popcnt tsc_deadline_timer aes xsave avx f16c rdrand lahf_lm abm epb tpr_shadow vnmi flexpriority ept vpid fsgsbase tsc_adjust bmi1 avx2 smep bmi2 erms invpcid xsaveopt dtherm arat pln pts
bugs		:
bogomips	: 7382.73
clflush size	: 64
cache_alignment	: 64
address sizes	: 39 bits physical, 48 bits virtual
power management:

processor	: 2
vendor_id	: GenuineIntel
cpu family	: 6
model		: 60
model name	: Intel(R) Core(TM) i3-4170 CPU @ 3.70GHz
stepping	: 3
microcode	: 0x1e
cpu MHz		: 1108.265
cache size	: 3072 KB
physical id	: 0
siblings	: 4
core id		: 0
cpu cores	: 2
apicid		: 1
initial apicid	: 1
fpu		: yes
fpu_exception	: yes
cpuid level	: 13
wp		: yes
flags		: fpu vme de pse tsc msr pae mce cx8 apic sep mtrr pge mca cmov pat pse36 clflush dts acpi mmx fxsr sse sse2 ss ht tm pbe syscall nx pdpe1gb rdtscp lm constant_tsc arch_perfmon pebs bts rep_good nopl xtopology nonstop_tsc aperfmperf eagerfpu pni pclmulqdq dtes64 monitor ds_cpl vmx est tm2 ssse3 sdbg fma cx16 xtpr pdcm pcid sse4_1 sse4_2 movbe popcnt tsc_deadline_timer aes xsave avx f16c rdrand lahf_lm abm epb tpr_shadow vnmi flexpriority ept vpid fsgsbase tsc_adjust bmi1 avx2 smep bmi2 erms invpcid xsaveopt dtherm arat pln pts
bugs		:
bogomips	: 7382.73
clflush size	: 64
cache_alignment	: 64
address sizes	: 39 bits physical, 48 bits virtual
power management:

processor	: 3
vendor_id	: GenuineIntel
cpu family	: 6
model		: 60
model name	: Intel(R) Core(TM) i3-4170 CPU @ 3.70GHz
stepping	: 3
microcode	: 0x1e
cpu MHz		: 957.375
cache size	: 3072 KB
physical id	: 0
siblings	: 4
core id		: 1
cpu cores	: 2
apicid		: 3
initial apicid	: 3
fpu		: yes
fpu_exception	: yes
cpuid level	: 13
wp		: yes
flags		: fpu vme de pse tsc msr pae mce cx8 apic sep mtrr pge mca cmov pat pse36 clflush dts acpi mmx fxsr sse sse2 ss ht tm pbe syscall nx pdpe1gb rdtscp lm constant_tsc arch_perfmon pebs bts rep_good nopl xtopology nonstop_tsc aperfmperf eagerfpu pni pclmulqdq dtes64 monitor ds_cpl vmx est tm2 ssse3 sdbg fma cx16 xtpr pdcm pcid sse4_1 sse4_2 movbe popcnt tsc_deadline_timer aes xsave avx f16c rdrand lahf_lm abm epb tpr_shadow vnmi flexpriority ept vpid fsgsbase tsc_adjust bmi1 avx2 smep bmi2 erms invpcid xsaveopt dtherm arat pln pts
bugs		:
bogomips	: 7382.73
clflush size	: 64
cache_alignment	: 64
address sizes	: 39 bits physical, 48 bits virtual
power management:



Memory: 4k page, physical 3916240k(158176k free), swap 7812088k(7804380k free)

vm_info: Java HotSpot(TM) 64-Bit Server VM (24.51-b03) for linux-amd64 JRE (1.7.0_51-b13), built on Dec 18 2013 18:48:01 by "java_re" with gcc 4.3.0 20080428 (Red Hat 4.3.0-8)

time: Sun Jul 31 16:31:44 2016
elapsed time: 15 seconds

