#
# A fatal error has been detected by the Java Runtime Environment:
#
#  SIGSEGV (0xb) at pc=0x00007fd517867462, pid=8604, tid=140553199421184
#
# JRE version: Java(TM) SE Runtime Environment (7.0_51-b13) (build 1.7.0_51-b13)
# Java VM: Java HotSpot(TM) 64-Bit Server VM (24.51-b03 mixed mode linux-amd64 compressed oops)
# Problematic frame:
# C  [librxtxSerial.so+0x6462]  read_byte_array+0x52
#
# Failed to write core dump. Core dumps have been disabled. To enable core dumping, try "ulimit -c unlimited" before starting Java again
#
# If you would like to submit a bug report, please visit:
#   http://bugreport.sun.com/bugreport/crash.jsp
# The crash happened outside the Java Virtual Machine in native code.
# See problematic frame for where to report the bug.
#

---------------  T H R E A D  ---------------

Current thread (0x00007fd5080d9800):  JavaThread "Thread-0" [_thread_in_native, id=8626, stack(0x00007fd517760000,0x00007fd517861000)]

siginfo:si_signo=SIGSEGV: si_errno=0, si_code=1 (SEGV_MAPERR), si_addr=0x000000001785f578

Registers:
RAX=0x000000001785f570, RBX=0x000000000000001c, RCX=0x0000000000000001, RDX=0x00007fd560b0fa50
RSP=0x00007fd51785ed10, RBP=0x00007fd5080d99e8, RSI=0x00007fd51786ae30, RDI=0x00007fd51786ad3e
R8 =0x00007fd51785ec80, R9 =0x00000000ec62ad98, R10=0x0000000000000000, R11=0x00007fd560b14008
R12=0x00000000ffffffff, R13=0x0000000000000000, R14=0x00007fd51785eed8, R15=0x00007fd5080d9800
RIP=0x00007fd517867462, EFLAGS=0x0000000000010202, CSGSFS=0x0000000000000033, ERR=0x0000000000000004
  TRAPNO=0x000000000000000e

Top of Stack: (sp=0x00007fd51785ed10)
0x00007fd51785ed10:   0000000000000000 0000000000000000
0x00007fd51785ed20:   ff0000000000ff00 0000000000000000
0x00007fd51785ed30:   0000000000000000 000000001785f570
0x00007fd51785ed40:   1000000000000000 0000000000000000
0x00007fd51785ed50:   0000000000000000 0000000100000000
0x00007fd51785ed60:   00007fd51785ee57 0000001c00000000
0x00007fd51785ed70:   0000000000000000 0000000000000000
0x00007fd51785ed80:   0000000000000000 0000000000000000
0x00007fd51785ed90:   0000000000000000 0000000000000000
0x00007fd51785eda0:   00007fd5080d9800 0000000000000000
0x00007fd51785edb0:   0000001400000002 00007fd5281624b8
0x00007fd51785edc0:   00007fd5080d9800 000000495501d9c3
0x00007fd51785edd0:   00007fd51785ee00 00007fd56031cdd0
0x00007fd51785ede0:   ffffffffffffffff 00007fd51785ee57
0x00007fd51785edf0:   000000000000001c 00007fd51785ee48
0x00007fd51785ee00:   00007fd5080d99e8 000000000000001c
0x00007fd51785ee10:   00007fd5080d99e8 0000000000000000
0x00007fd51785ee20:   00000000bfafa8c8 00007fd51785eed8
0x00007fd51785ee30:   00007fd5080d9800 00007fd51786799c
0x00007fd51785ee40:   00000000bfafa8c8 00007fd51785eed8
0x00007fd51785ee50:   00007fd51785eeb8 00000000bfafa8d0
0x00007fd51785ee60:   00007fd51785eeb8 00007fd555012cd8
0x00007fd51785ee70:   00007fd5080d9800 00007fd51785ee78
0x00007fd51785ee80:   00000000bfafa8c8 00007fd51785eed8
0x00007fd51785ee90:   00000000bfb0e2c8 0000000000000000
0x00007fd51785eea0:   00000000bfafa8d0 0000000000000000
0x00007fd51785eeb0:   00007fd51785eed8 00007fd51785ef30
0x00007fd51785eec0:   00007fd5550061d4 0000000000000000
0x00007fd51785eed0:   00007fd55500ecd6 00000000ec62ad98
0x00007fd51785eee0:   0000000000000001 00000000ec62b118
0x00007fd51785eef0:   00007fd51785eee0 00000000bfb0d34d
0x00007fd51785ef00:   00007fd51785ef58 00000000bfb10e68 

Instructions: (pc=0x00007fd517867462)
0x00007fd517867442:   89 44 24 4c 48 c7 44 24 40 00 00 00 00 48 c7 44
0x00007fd517867452:   24 38 00 00 00 00 e8 53 d7 ff ff 48 89 44 24 28
0x00007fd517867462:   8b 40 08 45 85 e4 48 8b 54 24 28 44 8b 7c 24 4c
0x00007fd517867472:   89 44 24 34 c7 42 08 00 00 00 00 78 0c 31 c0 e8 

Register to memory mapping:

RAX=0x000000001785f570 is an unknown value
RBX=0x000000000000001c is an unknown value
RCX=0x0000000000000001 is an unknown value
RDX=0x00007fd560b0fa50: <offset 0xe37a50> in /usr/lib/jvm/jdk1.7.0_51/jre/lib/amd64/server/libjvm.so at 0x00007fd55fcd8000
RSP=0x00007fd51785ed10 is pointing into the stack for thread: 0x00007fd5080d9800
RBP=0x00007fd5080d99e8 is an unknown value
RSI=0x00007fd51786ae30: <offset 0x9e30> in /usr/lib/jvm/jdk1.7.0_51/jre/lib/amd64/librxtxSerial.so at 0x00007fd517861000
RDI=0x00007fd51786ad3e: <offset 0x9d3e> in /usr/lib/jvm/jdk1.7.0_51/jre/lib/amd64/librxtxSerial.so at 0x00007fd517861000
R8 =0x00007fd51785ec80 is pointing into the stack for thread: 0x00007fd5080d9800
R9 =0x00000000ec62ad98 is an oop
gnu.io.RXTXPort 
 - klass: 'gnu/io/RXTXPort'
R10=0x0000000000000000 is an unknown value
R11=0x00007fd560b14008: <offset 0xe3c008> in /usr/lib/jvm/jdk1.7.0_51/jre/lib/amd64/server/libjvm.so at 0x00007fd55fcd8000
R12=0x00000000ffffffff is an unallocated location in the heap
R13=0x0000000000000000 is an unknown value
R14=0x00007fd51785eed8 is pointing into the stack for thread: 0x00007fd5080d9800
R15=0x00007fd5080d9800 is a thread


Stack: [0x00007fd517760000,0x00007fd517861000],  sp=0x00007fd51785ed10,  free space=1019k
Native frames: (J=compiled Java code, j=interpreted, Vv=VM code, C=native code)
C  [librxtxSerial.so+0x6462]  read_byte_array+0x52

Java frames: (J=compiled Java code, j=interpreted, Vv=VM code)
j  gnu.io.RXTXPort.readByte()I+0
j  gnu.io.RXTXPort$SerialInputStream.read()I+61
j  PPD_Frame.RecibirDatos()I+6
j  PPD_Frame.serialEvent(Lgnu/io/SerialPortEvent;)V+9
j  gnu.io.RXTXPort.sendEvent(IZ)Z+382
v  ~StubRoutines::call_stub
j  gnu.io.RXTXPort.eventLoop()V+0
j  gnu.io.RXTXPort$MonitorThread.run()V+12
v  ~StubRoutines::call_stub

---------------  P R O C E S S  ---------------

Java Threads: ( => current thread )
=>0x00007fd5080d9800 JavaThread "Thread-0" [_thread_in_native, id=8626, stack(0x00007fd517760000,0x00007fd517861000)]
  0x00007fd508037800 JavaThread "Image Fetcher 0" daemon [_thread_blocked, id=8625, stack(0x00007fd51796e000,0x00007fd517a6f000)]
  0x00007fd55800a000 JavaThread "DestroyJavaVM" [_thread_blocked, id=8606, stack(0x00007fd55f8ce000,0x00007fd55f9cf000)]
  0x00007fd55821b800 JavaThread "AWT-EventQueue-0" [_thread_in_native, id=8624, stack(0x00007fd517cee000,0x00007fd517def000)]
  0x00007fd55819e800 JavaThread "AWT-Shutdown" [_thread_blocked, id=8623, stack(0x00007fd544041000,0x00007fd544142000)]
  0x00007fd558189800 JavaThread "AWT-XAWT" daemon [_thread_in_native, id=8622, stack(0x00007fd544ae9000,0x00007fd544bea000)]
  0x00007fd558167000 JavaThread "Java2D Disposer" daemon [_thread_blocked, id=8621, stack(0x00007fd5540d9000,0x00007fd5541da000)]
  0x00007fd558097000 JavaThread "Service Thread" daemon [_thread_blocked, id=8619, stack(0x00007fd55c4aa000,0x00007fd55c5ab000)]
  0x00007fd558094800 JavaThread "C2 CompilerThread1" daemon [_thread_blocked, id=8618, stack(0x00007fd55c5ab000,0x00007fd55c6ac000)]
  0x00007fd558091800 JavaThread "C2 CompilerThread0" daemon [_thread_blocked, id=8617, stack(0x00007fd55c6ac000,0x00007fd55c7ad000)]
  0x00007fd55808f800 JavaThread "Signal Dispatcher" daemon [_thread_blocked, id=8616, stack(0x00007fd55c7ad000,0x00007fd55c8ae000)]
  0x00007fd558070000 JavaThread "Finalizer" daemon [_thread_blocked, id=8615, stack(0x00007fd55c8ae000,0x00007fd55c9af000)]
  0x00007fd55806c000 JavaThread "Reference Handler" daemon [_thread_blocked, id=8614, stack(0x00007fd55c9af000,0x00007fd55cab0000)]

Other Threads:
  0x00007fd558069800 VMThread [stack: 0x00007fd55cab0000,0x00007fd55cbb1000] [id=8613]
  0x00007fd5580a1800 WatcherThread [stack: 0x00007fd55c3a9000,0x00007fd55c4aa000] [id=8620]

VM state:not at safepoint (normal execution)

VM Mutex/Monitor currently owned by a thread: None

Heap
 PSYoungGen      total 17920K, used 6167K [0x00000000ec080000, 0x00000000ed480000, 0x0000000100000000)
  eden space 15360K, 40% used [0x00000000ec080000,0x00000000ec685ec8,0x00000000ecf80000)
  from space 2560K, 0% used [0x00000000ed200000,0x00000000ed200000,0x00000000ed480000)
  to   space 2560K, 0% used [0x00000000ecf80000,0x00000000ecf80000,0x00000000ed200000)
 ParOldGen       total 40448K, used 0K [0x00000000c4200000, 0x00000000c6980000, 0x00000000ec080000)
  object space 40448K, 0% used [0x00000000c4200000,0x00000000c4200000,0x00000000c6980000)
 PSPermGen       total 21504K, used 11604K [0x00000000bf000000, 0x00000000c0500000, 0x00000000c4200000)
  object space 21504K, 53% used [0x00000000bf000000,0x00000000bfb55368,0x00000000c0500000)

Card table byte_map: [0x00007fd55e569000,0x00007fd55e772000] byte_map_base: 0x00007fd55df71000

Polling page: 0x00007fd561760000

Code Cache  [0x00007fd555000000, 0x00007fd555270000, 0x00007fd558000000)
 total_blobs=504 nmethods=37 adapters=420 free_code_cache=48528Kb largest_free_block=49669248

Compilation events (10 events):
Event: 0.476 Thread 0x00007fd558091800   33             java.lang.CharacterData::of (120 bytes)
Event: 0.477 Thread 0x00007fd558091800 nmethod 33 0x00007fd555092310 code [0x00007fd555092460, 0x00007fd555092538]
Event: 0.477 Thread 0x00007fd558091800   34             java.lang.CharacterDataLatin1::getProperties (11 bytes)
Event: 0.477 Thread 0x00007fd558091800 nmethod 34 0x00007fd55508cc90 code [0x00007fd55508cdc0, 0x00007fd55508ce38]
Event: 0.485 Thread 0x00007fd558091800   35             java.util.Arrays::copyOfRange (63 bytes)
Event: 0.487 Thread 0x00007fd558091800 nmethod 35 0x00007fd55508c7d0 code [0x00007fd55508c920, 0x00007fd55508cb38]
Event: 0.495 Thread 0x00007fd558091800   36             java.lang.String::<init> (67 bytes)
Event: 0.498 Thread 0x00007fd558091800 nmethod 36 0x00007fd555096590 code [0x00007fd5550966e0, 0x00007fd555096978]
Event: 0.499 Thread 0x00007fd558091800   37             java.lang.String::toLowerCase (472 bytes)
Event: 0.500 Thread 0x00007fd558094800 nmethod 32 0x00007fd55509d2d0 code [0x00007fd55509d5c0, 0x00007fd55509e370]

GC Heap History (0 events):
No events

Deoptimization events (3 events):
Event: 0.212 Thread 0x00007fd55800a000 Uncommon trap: reason=class_check action=maybe_recompile pc=0x00007fd555079bc4 method=java.util.Properties$LineReader.readLine()I @ 62
Event: 0.213 Thread 0x00007fd55800a000 Uncommon trap: reason=class_check action=maybe_recompile pc=0x00007fd555079bc4 method=java.util.Properties$LineReader.readLine()I @ 62
Event: 0.214 Thread 0x00007fd55800a000 Uncommon trap: reason=class_check action=maybe_recompile pc=0x00007fd555079bc4 method=java.util.Properties$LineReader.readLine()I @ 62

Internal exceptions (10 events):
Event: 0.297 Thread 0x00007fd55821b800 Threw 0x00000000ec393988 at /HUDSON/workspace/7u-2-build-linux-amd64@2/jdk7u51/527/hotspot/src/share/vm/prims/jvm.cpp:1244
Event: 0.298 Thread 0x00007fd55821b800 Threw 0x00000000ec3974c8 at /HUDSON/workspace/7u-2-build-linux-amd64@2/jdk7u51/527/hotspot/src/share/vm/prims/jvm.cpp:1244
Event: 0.298 Thread 0x00007fd55821b800 Threw 0x00000000ec398be0 at /HUDSON/workspace/7u-2-build-linux-amd64@2/jdk7u51/527/hotspot/src/share/vm/prims/jvm.cpp:1244
Event: 0.312 Thread 0x00007fd55821b800 Threw 0x00000000ec42e9a0 at /HUDSON/workspace/7u-2-build-linux-amd64@2/jdk7u51/527/hotspot/src/share/vm/prims/jvm.cpp:1244
Event: 0.370 Thread 0x00007fd55821b800 Threw 0x00000000ec5058f8 at /HUDSON/workspace/7u-2-build-linux-amd64@2/jdk7u51/527/hotspot/src/share/vm/prims/jvm.cpp:1244
Event: 0.371 Thread 0x00007fd55821b800 Threw 0x00000000ec5074c8 at /HUDSON/workspace/7u-2-build-linux-amd64@2/jdk7u51/527/hotspot/src/share/vm/prims/jvm.cpp:1244
Event: 0.449 Thread 0x00007fd55821b800 Threw 0x00000000ec5d6768 at /HUDSON/workspace/7u-2-build-linux-amd64@2/jdk7u51/527/hotspot/src/share/vm/prims/jni.cpp:717
Event: 0.468 Thread 0x00007fd55821b800 Threw 0x00000000ec5e9a68 at /HUDSON/workspace/7u-2-build-linux-amd64@2/jdk7u51/527/hotspot/src/share/vm/prims/jni.cpp:717
Event: 0.470 Thread 0x00007fd55821b800 Threw 0x00000000ec5fb438 at /HUDSON/workspace/7u-2-build-linux-amd64@2/jdk7u51/527/hotspot/src/share/vm/prims/jni.cpp:717
Event: 0.497 Thread 0x00007fd55821b800 Threw 0x00000000ec60e3a8 at /HUDSON/workspace/7u-2-build-linux-amd64@2/jdk7u51/527/hotspot/src/share/vm/prims/jni.cpp:717

Events (10 events):
Event: 0.548 loading class 0x00007fd52c0b9b50
Event: 0.548 loading class 0x00007fd52c0b9b50 done
Event: 0.548 loading class 0x00007fd5580dd020 done
Event: 0.548 loading class 0x00007fd5580dd090 done
Event: 0.548 loading class 0x00007fd528142b10
Event: 0.548 loading class 0x00007fd52c07da60
Event: 0.548 loading class 0x00007fd52c07da60 done
Event: 0.548 loading class 0x00007fd528142b10 done
Event: 0.548 loading class 0x00007fd558114be0
Event: 0.548 loading class 0x00007fd558114be0 done


Dynamic libraries:
00400000-00401000 r-xp 00000000 08:07 937188                             /usr/lib/jvm/jdk1.7.0_51/bin/java
00600000-00601000 rw-p 00000000 08:07 937188                             /usr/lib/jvm/jdk1.7.0_51/bin/java
00a08000-00a29000 rw-p 00000000 00:00 0                                  [heap]
bf000000-c0500000 rw-p 00000000 00:00 0 
c0500000-c4200000 rw-p 00000000 00:00 0 
c4200000-c6980000 rw-p 00000000 00:00 0 
c6980000-ec080000 rw-p 00000000 00:00 0 
ec080000-ed480000 rw-p 00000000 00:00 0 
ed480000-100000000 rw-p 00000000 00:00 0 
7fd500000000-7fd500021000 rw-p 00000000 00:00 0 
7fd500021000-7fd504000000 ---p 00000000 00:00 0 
7fd508000000-7fd5080ff000 rw-p 00000000 00:00 0 
7fd5080ff000-7fd50c000000 ---p 00000000 00:00 0 
7fd50c000000-7fd50c051000 rw-p 00000000 00:00 0 
7fd50c051000-7fd510000000 ---p 00000000 00:00 0 
7fd510000000-7fd510021000 rw-p 00000000 00:00 0 
7fd510021000-7fd514000000 ---p 00000000 00:00 0 
7fd517570000-7fd517760000 rw-s 00000000 00:05 51609649                   /SYSV00000000 (deleted)
7fd517760000-7fd517763000 ---p 00000000 00:00 0 
7fd517763000-7fd517861000 rw-p 00000000 00:00 0 
7fd517861000-7fd51786d000 r-xp 00000000 08:07 1835128                    /usr/lib/jvm/jdk1.7.0_51/jre/lib/amd64/librxtxSerial.so
7fd51786d000-7fd51796c000 ---p 0000c000 08:07 1835128                    /usr/lib/jvm/jdk1.7.0_51/jre/lib/amd64/librxtxSerial.so
7fd51796c000-7fd51796e000 rw-p 0000b000 08:07 1835128                    /usr/lib/jvm/jdk1.7.0_51/jre/lib/amd64/librxtxSerial.so
7fd51796e000-7fd517971000 ---p 00000000 00:00 0 
7fd517971000-7fd517a6f000 rw-p 00000000 00:00 0 
7fd517a6f000-7fd517ad7000 r-xp 00000000 08:07 1836082                    /usr/lib/jvm/jdk1.7.0_51/jre/lib/amd64/libt2k.so
7fd517ad7000-7fd517cd7000 ---p 00068000 08:07 1836082                    /usr/lib/jvm/jdk1.7.0_51/jre/lib/amd64/libt2k.so
7fd517cd7000-7fd517cde000 rw-p 00068000 08:07 1836082                    /usr/lib/jvm/jdk1.7.0_51/jre/lib/amd64/libt2k.so
7fd517cde000-7fd517cee000 rw-p 00000000 00:00 0 
7fd517cee000-7fd517cf1000 ---p 00000000 00:00 0 
7fd517cf1000-7fd517def000 rw-p 00000000 00:00 0 
7fd517def000-7fd517dff000 r-xp 00000000 08:07 1836051                    /usr/lib/jvm/jdk1.7.0_51/jre/lib/amd64/libnio.so
7fd517dff000-7fd517fff000 ---p 00010000 08:07 1836051                    /usr/lib/jvm/jdk1.7.0_51/jre/lib/amd64/libnio.so
7fd517fff000-7fd518000000 rw-p 00010000 08:07 1836051                    /usr/lib/jvm/jdk1.7.0_51/jre/lib/amd64/libnio.so
7fd518000000-7fd518021000 rw-p 00000000 00:00 0 
7fd518021000-7fd51c000000 ---p 00000000 00:00 0 
7fd51c000000-7fd51c021000 rw-p 00000000 00:00 0 
7fd51c021000-7fd520000000 ---p 00000000 00:00 0 
7fd520000000-7fd520021000 rw-p 00000000 00:00 0 
7fd520021000-7fd524000000 ---p 00000000 00:00 0 
7fd524000000-7fd524021000 rw-p 00000000 00:00 0 
7fd524021000-7fd528000000 ---p 00000000 00:00 0 
7fd528000000-7fd52830d000 rw-p 00000000 00:00 0 
7fd52830d000-7fd52c000000 ---p 00000000 00:00 0 
7fd52c000000-7fd52c38a000 rw-p 00000000 00:00 0 
7fd52c38a000-7fd530000000 ---p 00000000 00:00 0 
7fd530000000-7fd530021000 rw-p 00000000 00:00 0 
7fd530021000-7fd534000000 ---p 00000000 00:00 0 
7fd534000000-7fd534021000 rw-p 00000000 00:00 0 
7fd534021000-7fd538000000 ---p 00000000 00:00 0 
7fd538000000-7fd538021000 rw-p 00000000 00:00 0 
7fd538021000-7fd53c000000 ---p 00000000 00:00 0 
7fd53c000000-7fd53c021000 rw-p 00000000 00:00 0 
7fd53c021000-7fd540000000 ---p 00000000 00:00 0 
7fd540000000-7fd540021000 rw-p 00000000 00:00 0 
7fd540021000-7fd544000000 ---p 00000000 00:00 0 
7fd544041000-7fd544044000 ---p 00000000 00:00 0 
7fd544044000-7fd544443000 rw-p 00000000 00:00 0 
7fd544443000-7fd544459000 r-xp 00000000 08:07 1836056                    /usr/lib/jvm/jdk1.7.0_51/jre/lib/amd64/libnet.so
7fd544459000-7fd544659000 ---p 00016000 08:07 1836056                    /usr/lib/jvm/jdk1.7.0_51/jre/lib/amd64/libnet.so
7fd544659000-7fd54465a000 rw-p 00016000 08:07 1836056                    /usr/lib/jvm/jdk1.7.0_51/jre/lib/amd64/libnet.so
7fd54465a000-7fd544670000 r-xp 00000000 08:07 2364498                    /lib/x86_64-linux-gnu/libgcc_s.so.1
7fd544670000-7fd54486f000 ---p 00016000 08:07 2364498                    /lib/x86_64-linux-gnu/libgcc_s.so.1
7fd54486f000-7fd544870000 rw-p 00015000 08:07 2364498                    /lib/x86_64-linux-gnu/libgcc_s.so.1
7fd544870000-7fd5448d5000 r-xp 00000000 08:07 1836052                    /usr/lib/jvm/jdk1.7.0_51/jre/lib/amd64/libfontmanager.so
7fd5448d5000-7fd544ad4000 ---p 00065000 08:07 1836052                    /usr/lib/jvm/jdk1.7.0_51/jre/lib/amd64/libfontmanager.so
7fd544ad4000-7fd544ad8000 rw-p 00064000 08:07 1836052                    /usr/lib/jvm/jdk1.7.0_51/jre/lib/amd64/libfontmanager.so
7fd544ad8000-7fd544ae9000 rw-p 00000000 00:00 0 
7fd544ae9000-7fd544aec000 ---p 00000000 00:00 0 
7fd544aec000-7fd544bea000 rw-p 00000000 00:00 0 
7fd544bea000-7fd544bef000 r-xp 00000000 08:07 2762080                    /usr/lib/x86_64-linux-gnu/libXfixes.so.3.1.0
7fd544bef000-7fd544dee000 ---p 00005000 08:07 2762080                    /usr/lib/x86_64-linux-gnu/libXfixes.so.3.1.0
7fd544dee000-7fd544def000 r--p 00004000 08:07 2762080                    /usr/lib/x86_64-linux-gnu/libXfixes.so.3.1.0
7fd544def000-7fd544df0000 rw-p 00005000 08:07 2762080                    /usr/lib/x86_64-linux-gnu/libXfixes.so.3.1.0
7fd544df0000-7fd544df9000 r-xp 00000000 08:07 2762072                    /usr/lib/x86_64-linux-gnu/libXcursor.so.1.0.2
7fd544df9000-7fd544ff8000 ---p 00009000 08:07 2762072                    /usr/lib/x86_64-linux-gnu/libXcursor.so.1.0.2
7fd544ff8000-7fd544ff9000 r--p 00008000 08:07 2762072                    /usr/lib/x86_64-linux-gnu/libXcursor.so.1.0.2
7fd544ff9000-7fd544ffa000 rw-p 00009000 08:07 2762072                    /usr/lib/x86_64-linux-gnu/libXcursor.so.1.0.2
7fd544ffa000-7fd544fff000 r-xp 00000000 08:07 2762076                    /usr/lib/x86_64-linux-gnu/libXdmcp.so.6.0.0
7fd544fff000-7fd5451fe000 ---p 00005000 08:07 2762076                    /usr/lib/x86_64-linux-gnu/libXdmcp.so.6.0.0
7fd5451fe000-7fd5451ff000 r--p 00004000 08:07 2762076                    /usr/lib/x86_64-linux-gnu/libXdmcp.so.6.0.0
7fd5451ff000-7fd545200000 rw-p 00005000 08:07 2762076                    /usr/lib/x86_64-linux-gnu/libXdmcp.so.6.0.0
7fd545200000-7fd545202000 r-xp 00000000 08:07 2762065                    /usr/lib/x86_64-linux-gnu/libXau.so.6.0.0
7fd545202000-7fd545402000 ---p 00002000 08:07 2762065                    /usr/lib/x86_64-linux-gnu/libXau.so.6.0.0
7fd545402000-7fd545403000 r--p 00002000 08:07 2762065                    /usr/lib/x86_64-linux-gnu/libXau.so.6.0.0
7fd545403000-7fd545404000 rw-p 00003000 08:07 2762065                    /usr/lib/x86_64-linux-gnu/libXau.so.6.0.0
7fd545404000-7fd545425000 r-xp 00000000 08:07 2763443                    /usr/lib/x86_64-linux-gnu/libxcb.so.1.1.0
7fd545425000-7fd545624000 ---p 00021000 08:07 2763443                    /usr/lib/x86_64-linux-gnu/libxcb.so.1.1.0
7fd545624000-7fd545625000 r--p 00020000 08:07 2763443                    /usr/lib/x86_64-linux-gnu/libxcb.so.1.1.0
7fd545625000-7fd545626000 rw-p 00021000 08:07 2763443                    /usr/lib/x86_64-linux-gnu/libxcb.so.1.1.0
7fd545626000-7fd545635000 r-xp 00000000 08:07 2762086                    /usr/lib/x86_64-linux-gnu/libXi.so.6.1.0
7fd545635000-7fd545834000 ---p 0000f000 08:07 2762086                    /usr/lib/x86_64-linux-gnu/libXi.so.6.1.0
7fd545834000-7fd545835000 r--p 0000e000 08:07 2762086                    /usr/lib/x86_64-linux-gnu/libXi.so.6.1.0
7fd545835000-7fd545836000 rw-p 0000f000 08:07 2762086                    /usr/lib/x86_64-linux-gnu/libXi.so.6.1.0
7fd545836000-7fd54583b000 r-xp 00000000 08:07 2762104                    /usr/lib/x86_64-linux-gnu/libXtst.so.6.1.0
7fd54583b000-7fd545a3a000 ---p 00005000 08:07 2762104                    /usr/lib/x86_64-linux-gnu/libXtst.so.6.1.0
7fd545a3a000-7fd545a3b000 r--p 00004000 08:07 2762104                    /usr/lib/x86_64-linux-gnu/libXtst.so.6.1.0
7fd545a3b000-7fd545a3c000 rw-p 00005000 08:07 2762104                    /usr/lib/x86_64-linux-gnu/libXtst.so.6.1.0
7fd545a3c000-7fd545a45000 r-xp 00000000 08:07 2762098                    /usr/lib/x86_64-linux-gnu/libXrender.so.1.3.0
7fd545a45000-7fd545c44000 ---p 00009000 08:07 2762098                    /usr/lib/x86_64-linux-gnu/libXrender.so.1.3.0
7fd545c44000-7fd545c45000 r--p 00008000 08:07 2762098                    /usr/lib/x86_64-linux-gnu/libXrender.so.1.3.0
7fd545c45000-7fd545c46000 rw-p 00009000 08:07 2762098                    /usr/lib/x86_64-linux-gnu/libXrender.so.1.3.0
7fd545c46000-7fd545d7b000 r-xp 00000000 08:07 2762061                    /usr/lib/x86_64-linux-gnu/libX11.so.6.3.0
7fd545d7b000-7fd545f7b000 ---p 00135000 08:07 2762061                    /usr/lib/x86_64-linux-gnu/libX11.so.6.3.0
7fd545f7b000-7fd545f7c000 r--p 00135000 08:07 2762061                    /usr/lib/x86_64-linux-gnu/libX11.so.6.3.0
7fd545f7c000-7fd545f80000 rw-p 00136000 08:07 2762061                    /usr/lib/x86_64-linux-gnu/libX11.so.6.3.0
7fd545f80000-7fd548000000 rw-p 00000000 00:00 0 
7fd548000000-7fd548021000 rw-p 00000000 00:00 0 
7fd548021000-7fd54c000000 ---p 00000000 00:00 0 
7fd54c000000-7fd54c021000 rw-p 00000000 00:00 0 
7fd54c021000-7fd550000000 ---p 00000000 00:00 0 
7fd550000000-7fd550021000 rw-p 00000000 00:00 0 
7fd550021000-7fd554000000 ---p 00000000 00:00 0 
7fd55403f000-7fd554058000 r--s 00000000 08:07 527849                     /usr/share/fonts/type1/gsfonts/n022004l.pfb
7fd554058000-7fd554071000 r--s 00000000 08:07 527834                     /usr/share/fonts/type1/gsfonts/n021003l.pfb
7fd554071000-7fd554087000 r--s 00000000 08:07 527843                     /usr/share/fonts/type1/gsfonts/n021024l.pfb
7fd554087000-7fd55409d000 r--s 00000000 08:07 527852                     /usr/share/fonts/type1/gsfonts/n022023l.pfb
7fd55409d000-7fd5540b4000 r--s 00000000 08:07 527840                     /usr/share/fonts/type1/gsfonts/n021023l.pfb
7fd5540b4000-7fd5540c5000 r--s 00000000 08:07 527816                     /usr/share/fonts/type1/gsfonts/n019023l.pfb
7fd5540c5000-7fd5540d9000 r--s 00000000 08:07 527810                     /usr/share/fonts/type1/gsfonts/n019003l.pfb
7fd5540d9000-7fd5540dc000 ---p 00000000 00:00 0 
7fd5540dc000-7fd5541da000 rw-p 00000000 00:00 0 
7fd5541da000-7fd5541eb000 r-xp 00000000 08:07 2762078                    /usr/lib/x86_64-linux-gnu/libXext.so.6.4.0
7fd5541eb000-7fd5543ea000 ---p 00011000 08:07 2762078                    /usr/lib/x86_64-linux-gnu/libXext.so.6.4.0
7fd5543ea000-7fd5543eb000 r--p 00010000 08:07 2762078                    /usr/lib/x86_64-linux-gnu/libXext.so.6.4.0
7fd5543eb000-7fd5543ec000 rw-p 00011000 08:07 2762078                    /usr/lib/x86_64-linux-gnu/libXext.so.6.4.0
7fd5543ec000-7fd55443c000 r-xp 00000000 08:07 1836094                    /usr/lib/jvm/jdk1.7.0_51/jre/lib/amd64/xawt/libmawt.so
7fd55443c000-7fd55463c000 ---p 00050000 08:07 1836094                    /usr/lib/jvm/jdk1.7.0_51/jre/lib/amd64/xawt/libmawt.so
7fd55463c000-7fd554640000 rw-p 00050000 08:07 1836094                    /usr/lib/jvm/jdk1.7.0_51/jre/lib/amd64/xawt/libmawt.so
7fd554640000-7fd554641000 rw-p 00000000 00:00 0 
7fd554641000-7fd555000000 r--p 00000000 08:07 2760681                    /usr/lib/locale/locale-archive
7fd555000000-7fd555270000 rwxp 00000000 00:00 0 
7fd555270000-7fd558228000 rw-p 00000000 00:00 0 
7fd558228000-7fd55c000000 ---p 00000000 00:00 0 
7fd55c00e000-7fd55c017000 r--s 00000000 08:07 527870                     /usr/share/fonts/type1/gsfonts/s050000l.pfb
7fd55c017000-7fd55c022000 r--s 00000000 08:07 2890696                    /var/cache/fontconfig/945677eb7aeaf62f1d50efc3fb3ec7d8-le64.cache-6
7fd55c022000-7fd55c028000 r--s 00000000 08:07 2890678                    /var/cache/fontconfig/2cd17615ca594fa2959ae173292e504c-le64.cache-6
7fd55c028000-7fd55c029000 r--s 00000000 08:07 2890675                    /var/cache/fontconfig/0d8c3b2ac0904cb8a57a757ad11a4a08-le64.cache-6
7fd55c029000-7fd55c02d000 r--s 00000000 08:07 2885053                    /var/cache/fontconfig/de156ccd2eddbdc19d37a45b8b2aac9c-le64.cache-6
7fd55c02d000-7fd55c042000 r--s 00000000 08:07 2890672                    /var/cache/fontconfig/04aabc0a78ac019cf9454389977116d2-le64.cache-6
7fd55c042000-7fd55c043000 r--s 00000000 08:07 2890677                    /var/cache/fontconfig/1ac9eb803944fde146138c791f5cc56a-le64.cache-6
7fd55c043000-7fd55c047000 r--s 00000000 08:07 2890682                    /var/cache/fontconfig/385c0604a188198f04d133e54aba7fe7-le64.cache-6
7fd55c047000-7fd55c048000 r--s 00000000 08:07 2890709                    /var/cache/fontconfig/dc05db6664285cc2f12bf69c139ae4c3-le64.cache-6
7fd55c048000-7fd55c04b000 r--s 00000000 08:07 2890692                    /var/cache/fontconfig/767a8244fc0220cfb567a839d0392e0b-le64.cache-6
7fd55c04b000-7fd55c04c000 r--s 00000000 08:07 2883743                    /var/cache/fontconfig/4794a0821666d79190d59a36cb4f44b5-le64.cache-6
7fd55c04c000-7fd55c051000 r--s 00000000 08:07 2890695                    /var/cache/fontconfig/8801497958630a81b71ace7c5f9b32a8-le64.cache-6
7fd55c051000-7fd55c052000 r--s 00000000 08:07 2890702                    /var/cache/fontconfig/bab58bb527bb656aaa9f116d68a48d89-le64.cache-6
7fd55c052000-7fd55c059000 r--s 00000000 08:07 2890679                    /var/cache/fontconfig/3047814df9a2f067bd2d96a2b9c36e5a-le64.cache-6
7fd55c059000-7fd55c05a000 r--s 00000000 08:07 2890686                    /var/cache/fontconfig/56cf4f4769d0f4abc89a4895d7bd3ae1-le64.cache-6
7fd55c05a000-7fd55c05b000 r--s 00000000 08:07 2890701                    /var/cache/fontconfig/b9d506c9ac06c20b433354fa67a72993-le64.cache-6
7fd55c05b000-7fd55c061000 r--s 00000000 08:07 2890700                    /var/cache/fontconfig/b47c4e1ecd0709278f4910c18777a504-le64.cache-6
7fd55c061000-7fd55c074000 r--s 00000000 08:07 2890706                    /var/cache/fontconfig/d52a8644073d54c13679302ca1180695-le64.cache-6
7fd55c074000-7fd55c075000 r--s 00000000 08:07 2890685                    /var/cache/fontconfig/551ecf3b0e8b0bca0f25c0944f561853-le64.cache-6
7fd55c075000-7fd55c080000 r--s 00000000 08:07 2887795                    /var/cache/fontconfig/d589a48862398ed80a3d6066f4f56f4c-le64.cache-6
7fd55c080000-7fd55c083000 r--s 00000000 08:07 2890691                    /var/cache/fontconfig/75114ca45c98e8a441da0ff356701271-le64.cache-6
7fd55c083000-7fd55c08e000 r--s 00000000 08:07 2890694                    /var/cache/fontconfig/83bf95040141907cd45bb53cf7c1c148-le64.cache-6
7fd55c08e000-7fd55c0a0000 r--s 00000000 08:07 2886108                    /var/cache/fontconfig/9b89f8e3dae116d678bbf48e5f21f69b-le64.cache-6
7fd55c0a0000-7fd55c0a3000 r--s 00000000 08:07 2890710                    /var/cache/fontconfig/e13b20fdb08344e0e664864cc2ede53d-le64.cache-6
7fd55c0a3000-7fd55c0a7000 r--s 00000000 08:07 2883629                    /var/cache/fontconfig/7ef2298fde41cc6eeb7af42e48b7d293-le64.cache-6
7fd55c0a7000-7fd55c0cc000 r--p 00000000 08:07 397003                     /usr/share/locale-langpack/es/LC_MESSAGES/libc.mo
7fd55c0cc000-7fd55c16e000 r-xp 00000000 08:07 1836064                    /usr/lib/jvm/jdk1.7.0_51/jre/lib/amd64/libawt.so
7fd55c16e000-7fd55c36e000 ---p 000a2000 08:07 1836064                    /usr/lib/jvm/jdk1.7.0_51/jre/lib/amd64/libawt.so
7fd55c36e000-7fd55c37a000 rw-p 000a2000 08:07 1836064                    /usr/lib/jvm/jdk1.7.0_51/jre/lib/amd64/libawt.so
7fd55c37a000-7fd55c39e000 rw-p 00000000 00:00 0 
7fd55c39e000-7fd55c3a9000 r--s 0037c000 08:07 1057110                    /usr/lib/jvm/jdk1.7.0_51/jre/lib/charsets.jar
7fd55c3a9000-7fd55c3aa000 ---p 00000000 00:00 0 
7fd55c3aa000-7fd55c4aa000 rw-p 00000000 00:00 0 
7fd55c4aa000-7fd55c4ad000 ---p 00000000 00:00 0 
7fd55c4ad000-7fd55c5ab000 rw-p 00000000 00:00 0 
7fd55c5ab000-7fd55c5ae000 ---p 00000000 00:00 0 
7fd55c5ae000-7fd55c6ac000 rw-p 00000000 00:00 0 
7fd55c6ac000-7fd55c6af000 ---p 00000000 00:00 0 
7fd55c6af000-7fd55c7ad000 rw-p 00000000 00:00 0 
7fd55c7ad000-7fd55c7b0000 ---p 00000000 00:00 0 
7fd55c7b0000-7fd55c8ae000 rw-p 00000000 00:00 0 
7fd55c8ae000-7fd55c8b1000 ---p 00000000 00:00 0 
7fd55c8b1000-7fd55c9af000 rw-p 00000000 00:00 0 
7fd55c9af000-7fd55c9b2000 ---p 00000000 00:00 0 
7fd55c9b2000-7fd55cab0000 rw-p 00000000 00:00 0 
7fd55cab0000-7fd55cab1000 ---p 00000000 00:00 0 
7fd55cab1000-7fd55db8f000 rw-p 00000000 00:00 0 
7fd55db8f000-7fd55dd4c000 r--s 039bf000 08:07 1057153                    /usr/lib/jvm/jdk1.7.0_51/jre/lib/rt.jar
7fd55dd4c000-7fd55e025000 rw-p 00000000 00:00 0 
7fd55e025000-7fd55e026000 ---p 00000000 00:00 0 
7fd55e026000-7fd55e126000 rw-p 00000000 00:00 0 
7fd55e126000-7fd55e127000 ---p 00000000 00:00 0 
7fd55e127000-7fd55e227000 rw-p 00000000 00:00 0 
7fd55e227000-7fd55e228000 ---p 00000000 00:00 0 
7fd55e228000-7fd55e328000 rw-p 00000000 00:00 0 
7fd55e328000-7fd55e329000 ---p 00000000 00:00 0 
7fd55e329000-7fd55e43d000 rw-p 00000000 00:00 0 
7fd55e43d000-7fd55e569000 rw-p 00000000 00:00 0 
7fd55e569000-7fd55e574000 rw-p 00000000 00:00 0 
7fd55e574000-7fd55e592000 rw-p 00000000 00:00 0 
7fd55e592000-7fd55e5a6000 rw-p 00000000 00:00 0 
7fd55e5a6000-7fd55e6d1000 rw-p 00000000 00:00 0 
7fd55e6d1000-7fd55e6dc000 rw-p 00000000 00:00 0 
7fd55e6dc000-7fd55e771000 rw-p 00000000 00:00 0 
7fd55e771000-7fd55e77c000 rw-p 00000000 00:00 0 
7fd55e77c000-7fd55e832000 rw-p 00000000 00:00 0 
7fd55e832000-7fd55e84c000 r-xp 00000000 08:07 1836101                    /usr/lib/jvm/jdk1.7.0_51/jre/lib/amd64/libzip.so
7fd55e84c000-7fd55ea4c000 ---p 0001a000 08:07 1836101                    /usr/lib/jvm/jdk1.7.0_51/jre/lib/amd64/libzip.so
7fd55ea4c000-7fd55ea4d000 rw-p 0001a000 08:07 1836101                    /usr/lib/jvm/jdk1.7.0_51/jre/lib/amd64/libzip.so
7fd55ea4d000-7fd55ea58000 r-xp 00000000 08:07 2364559                    /lib/x86_64-linux-gnu/libnss_files-2.23.so
7fd55ea58000-7fd55ec57000 ---p 0000b000 08:07 2364559                    /lib/x86_64-linux-gnu/libnss_files-2.23.so
7fd55ec57000-7fd55ec58000 r--p 0000a000 08:07 2364559                    /lib/x86_64-linux-gnu/libnss_files-2.23.so
7fd55ec58000-7fd55ec59000 rw-p 0000b000 08:07 2364559                    /lib/x86_64-linux-gnu/libnss_files-2.23.so
7fd55ec59000-7fd55ec5f000 rw-p 00000000 00:00 0 
7fd55ec5f000-7fd55ec6a000 r-xp 00000000 08:07 2364569                    /lib/x86_64-linux-gnu/libnss_nis-2.23.so
7fd55ec6a000-7fd55ee69000 ---p 0000b000 08:07 2364569                    /lib/x86_64-linux-gnu/libnss_nis-2.23.so
7fd55ee69000-7fd55ee6a000 r--p 0000a000 08:07 2364569                    /lib/x86_64-linux-gnu/libnss_nis-2.23.so
7fd55ee6a000-7fd55ee6b000 rw-p 0000b000 08:07 2364569                    /lib/x86_64-linux-gnu/libnss_nis-2.23.so
7fd55ee6b000-7fd55ee81000 r-xp 00000000 08:07 2364553                    /lib/x86_64-linux-gnu/libnsl-2.23.so
7fd55ee81000-7fd55f080000 ---p 00016000 08:07 2364553                    /lib/x86_64-linux-gnu/libnsl-2.23.so
7fd55f080000-7fd55f081000 r--p 00015000 08:07 2364553                    /lib/x86_64-linux-gnu/libnsl-2.23.so
7fd55f081000-7fd55f082000 rw-p 00016000 08:07 2364553                    /lib/x86_64-linux-gnu/libnsl-2.23.so
7fd55f082000-7fd55f084000 rw-p 00000000 00:00 0 
7fd55f084000-7fd55f08c000 r-xp 00000000 08:07 2364555                    /lib/x86_64-linux-gnu/libnss_compat-2.23.so
7fd55f08c000-7fd55f28b000 ---p 00008000 08:07 2364555                    /lib/x86_64-linux-gnu/libnss_compat-2.23.so
7fd55f28b000-7fd55f28c000 r--p 00007000 08:07 2364555                    /lib/x86_64-linux-gnu/libnss_compat-2.23.so
7fd55f28c000-7fd55f28d000 rw-p 00008000 08:07 2364555                    /lib/x86_64-linux-gnu/libnss_compat-2.23.so
7fd55f28d000-7fd55f2b6000 r-xp 00000000 08:07 1836085                    /usr/lib/jvm/jdk1.7.0_51/jre/lib/amd64/libjava.so
7fd55f2b6000-7fd55f4b6000 ---p 00029000 08:07 1836085                    /usr/lib/jvm/jdk1.7.0_51/jre/lib/amd64/libjava.so
7fd55f4b6000-7fd55f4b8000 rw-p 00029000 08:07 1836085                    /usr/lib/jvm/jdk1.7.0_51/jre/lib/amd64/libjava.so
7fd55f4b8000-7fd55f4c5000 r-xp 00000000 08:07 1836083                    /usr/lib/jvm/jdk1.7.0_51/jre/lib/amd64/libverify.so
7fd55f4c5000-7fd55f6c4000 ---p 0000d000 08:07 1836083                    /usr/lib/jvm/jdk1.7.0_51/jre/lib/amd64/libverify.so
7fd55f6c4000-7fd55f6c6000 rw-p 0000c000 08:07 1836083                    /usr/lib/jvm/jdk1.7.0_51/jre/lib/amd64/libverify.so
7fd55f6c6000-7fd55f6cd000 r-xp 00000000 08:07 2364614                    /lib/x86_64-linux-gnu/librt-2.23.so
7fd55f6cd000-7fd55f8cc000 ---p 00007000 08:07 2364614                    /lib/x86_64-linux-gnu/librt-2.23.so
7fd55f8cc000-7fd55f8cd000 r--p 00006000 08:07 2364614                    /lib/x86_64-linux-gnu/librt-2.23.so
7fd55f8cd000-7fd55f8ce000 rw-p 00007000 08:07 2364614                    /lib/x86_64-linux-gnu/librt-2.23.so
7fd55f8ce000-7fd55f8d1000 ---p 00000000 00:00 0 
7fd55f8d1000-7fd55f9cf000 rw-p 00000000 00:00 0 
7fd55f9cf000-7fd55fad7000 r-xp 00000000 08:07 2364530                    /lib/x86_64-linux-gnu/libm-2.23.so
7fd55fad7000-7fd55fcd6000 ---p 00108000 08:07 2364530                    /lib/x86_64-linux-gnu/libm-2.23.so
7fd55fcd6000-7fd55fcd7000 r--p 00107000 08:07 2364530                    /lib/x86_64-linux-gnu/libm-2.23.so
7fd55fcd7000-7fd55fcd8000 rw-p 00108000 08:07 2364530                    /lib/x86_64-linux-gnu/libm-2.23.so
7fd55fcd8000-7fd56083a000 r-xp 00000000 08:07 1836091                    /usr/lib/jvm/jdk1.7.0_51/jre/lib/amd64/server/libjvm.so
7fd56083a000-7fd560a3a000 ---p 00b62000 08:07 1836091                    /usr/lib/jvm/jdk1.7.0_51/jre/lib/amd64/server/libjvm.so
7fd560a3a000-7fd560afd000 rw-p 00b62000 08:07 1836091                    /usr/lib/jvm/jdk1.7.0_51/jre/lib/amd64/server/libjvm.so
7fd560afd000-7fd560b3e000 rw-p 00000000 00:00 0 
7fd560b3e000-7fd560cfe000 r-xp 00000000 08:07 2364460                    /lib/x86_64-linux-gnu/libc-2.23.so
7fd560cfe000-7fd560efd000 ---p 001c0000 08:07 2364460                    /lib/x86_64-linux-gnu/libc-2.23.so
7fd560efd000-7fd560f01000 r--p 001bf000 08:07 2364460                    /lib/x86_64-linux-gnu/libc-2.23.so
7fd560f01000-7fd560f03000 rw-p 001c3000 08:07 2364460                    /lib/x86_64-linux-gnu/libc-2.23.so
7fd560f03000-7fd560f07000 rw-p 00000000 00:00 0 
7fd560f07000-7fd560f0a000 r-xp 00000000 08:07 2364484                    /lib/x86_64-linux-gnu/libdl-2.23.so
7fd560f0a000-7fd561109000 ---p 00003000 08:07 2364484                    /lib/x86_64-linux-gnu/libdl-2.23.so
7fd561109000-7fd56110a000 r--p 00002000 08:07 2364484                    /lib/x86_64-linux-gnu/libdl-2.23.so
7fd56110a000-7fd56110b000 rw-p 00003000 08:07 2364484                    /lib/x86_64-linux-gnu/libdl-2.23.so
7fd56110b000-7fd561121000 r-xp 00000000 08:07 1056839                    /usr/lib/jvm/jdk1.7.0_51/lib/amd64/jli/libjli.so
7fd561121000-7fd561321000 ---p 00016000 08:07 1056839                    /usr/lib/jvm/jdk1.7.0_51/lib/amd64/jli/libjli.so
7fd561321000-7fd561322000 rw-p 00016000 08:07 1056839                    /usr/lib/jvm/jdk1.7.0_51/lib/amd64/jli/libjli.so
7fd561322000-7fd56133a000 r-xp 00000000 08:07 2364606                    /lib/x86_64-linux-gnu/libpthread-2.23.so
7fd56133a000-7fd561539000 ---p 00018000 08:07 2364606                    /lib/x86_64-linux-gnu/libpthread-2.23.so
7fd561539000-7fd56153a000 r--p 00017000 08:07 2364606                    /lib/x86_64-linux-gnu/libpthread-2.23.so
7fd56153a000-7fd56153b000 rw-p 00018000 08:07 2364606                    /lib/x86_64-linux-gnu/libpthread-2.23.so
7fd56153b000-7fd56153f000 rw-p 00000000 00:00 0 
7fd56153f000-7fd561565000 r-xp 00000000 08:07 2364432                    /lib/x86_64-linux-gnu/ld-2.23.so
7fd561565000-7fd561566000 r--s 00000000 08:07 2890680                    /var/cache/fontconfig/30829fa25452a46451e813d634d7f916-le64.cache-6
7fd561566000-7fd56156d000 r--s 00000000 08:07 3016614                    /usr/lib/x86_64-linux-gnu/gconv/gconv-modules.cache
7fd56156d000-7fd56156f000 r--s 0000d000 08:08 3412122                    /home/kcrez/Documentos/JavaDuino/library/rxtx2.1/RXTXcomm.jar
7fd56156f000-7fd561571000 r--s 0000d000 08:07 1835127                    /usr/lib/jvm/jdk1.7.0_51/jre/lib/ext/RXTXcomm.jar
7fd561571000-7fd5615c5000 rw-p 00000000 00:00 0 
7fd5615c5000-7fd5615e3000 rw-p 00000000 00:00 0 
7fd5615e3000-7fd5615e7000 rw-p 00000000 00:00 0 
7fd5615e7000-7fd56162b000 r-xp 00000000 08:07 1052366                    /opt/eset/esets/lib/libesets_pac.so
7fd56162b000-7fd56172b000 ---p 00044000 08:07 1052366                    /opt/eset/esets/lib/libesets_pac.so
7fd56172b000-7fd56172e000 rw-p 00044000 08:07 1052366                    /opt/eset/esets/lib/libesets_pac.so
7fd56172e000-7fd561741000 rw-p 00000000 00:00 0 
7fd561741000-7fd561742000 r--s 00000000 08:07 2890674                    /var/cache/fontconfig/0c9eb80ebd1c36541ebe2852d3bb0c49-le64.cache-6
7fd561742000-7fd561757000 rw-p 00000000 00:00 0 
7fd561757000-7fd56175f000 rw-s 00000000 08:07 2097226                    /tmp/hsperfdata_kcrez/8604
7fd56175f000-7fd561760000 rw-p 00000000 00:00 0 
7fd561760000-7fd561761000 r--p 00000000 00:00 0 
7fd561761000-7fd561764000 rw-p 00000000 00:00 0 
7fd561764000-7fd561765000 r--p 00025000 08:07 2364432                    /lib/x86_64-linux-gnu/ld-2.23.so
7fd561765000-7fd561766000 rw-p 00026000 08:07 2364432                    /lib/x86_64-linux-gnu/ld-2.23.so
7fd561766000-7fd561767000 rw-p 00000000 00:00 0 
7fffa8b47000-7fffa8b68000 rw-p 00000000 00:00 0                          [stack]
7fffa8bbf000-7fffa8bc1000 r--p 00000000 00:00 0                          [vvar]
7fffa8bc1000-7fffa8bc3000 r-xp 00000000 00:00 0                          [vdso]
ffffffffff600000-ffffffffff601000 r-xp 00000000 00:00 0                  [vsyscall]

VM Arguments:
jvm_args: -Dfile.encoding=UTF-8 -Djava.library.path=/home/kcrez/Documentos/JavaDuino/library/rxtx2.1 
java_command: PPD_Frame
Launcher Type: SUN_STANDARD

Environment Variables:
PATH=/usr/local/sbin:/usr/local/bin:/usr/sbin:/usr/bin:/sbin:/bin:/usr/games:/usr/local/games:/snap/bin
LD_LIBRARY_PATH=/usr/lib/jvm/jdk1.7.0_51/jre/lib/amd64:/usr/lib/jvm/jdk1.7.0_51/jre/lib/i386:
SHELL=/bin/bash
DISPLAY=:0

Signal Handlers:
SIGSEGV: [libjvm.so+0x993870], sa_mask[0]=0x7ffbfeff, sa_flags=0x10000004
SIGBUS: [libjvm.so+0x993870], sa_mask[0]=0x7ffbfeff, sa_flags=0x10000004
SIGFPE: [libjvm.so+0x8105b0], sa_mask[0]=0x7ffbfeff, sa_flags=0x10000004
SIGPIPE: [libjvm.so+0x8105b0], sa_mask[0]=0x7ffbfeff, sa_flags=0x10000004
SIGXFSZ: [libjvm.so+0x8105b0], sa_mask[0]=0x7ffbfeff, sa_flags=0x10000004
SIGILL: [libjvm.so+0x8105b0], sa_mask[0]=0x7ffbfeff, sa_flags=0x10000004
SIGUSR1: SIG_DFL, sa_mask[0]=0x00000000, sa_flags=0x00000000
SIGUSR2: [libjvm.so+0x811aa0], sa_mask[0]=0x00000004, sa_flags=0x10000004
SIGHUP: [libjvm.so+0x812a10], sa_mask[0]=0x7ffbfeff, sa_flags=0x10000004
SIGINT: SIG_IGN, sa_mask[0]=0x00000000, sa_flags=0x00000000
SIGTERM: [libjvm.so+0x812a10], sa_mask[0]=0x7ffbfeff, sa_flags=0x10000004
SIGQUIT: [libjvm.so+0x812a10], sa_mask[0]=0x7ffbfeff, sa_flags=0x10000004


---------------  S Y S T E M  ---------------

OS:stretch/sid

uname:Linux 4.4.0-22-generic #40-Ubuntu SMP Thu May 12 22:03:46 UTC 2016 x86_64
libc:glibc 2.23 NPTL 2.23 
rlimit: STACK 8192k, CORE 0k, NPROC 15146, NOFILE 65536, AS infinity
load average:2.86 1.17 0.73

/proc/meminfo:
MemTotal:        3916240 kB
MemFree:          174148 kB
MemAvailable:    1419744 kB
Buffers:          202004 kB
Cached:          1111320 kB
SwapCached:          216 kB
Active:          2282984 kB
Inactive:        1206328 kB
Active(anon):    1660436 kB
Inactive(anon):   692904 kB
Active(file):     622548 kB
Inactive(file):   513424 kB
Unevictable:          48 kB
Mlocked:              48 kB
SwapTotal:       7812088 kB
SwapFree:        7801000 kB
Dirty:              5272 kB
Writeback:             0 kB
AnonPages:       2176472 kB
Mapped:           319736 kB
Shmem:            176616 kB
Slab:             172860 kB
SReclaimable:     138856 kB
SUnreclaim:        34004 kB
KernelStack:       10224 kB
PageTables:        33276 kB
NFS_Unstable:          0 kB
Bounce:                0 kB
WritebackTmp:          0 kB
CommitLimit:     9770208 kB
Committed_AS:    6422012 kB
VmallocTotal:   34359738367 kB
VmallocUsed:           0 kB
VmallocChunk:          0 kB
HardwareCorrupted:     0 kB
AnonHugePages:    811008 kB
CmaTotal:              0 kB
CmaFree:               0 kB
HugePages_Total:       0
HugePages_Free:        0
HugePages_Rsvd:        0
HugePages_Surp:        0
Hugepagesize:       2048 kB
DirectMap4k:      129820 kB
DirectMap2M:     2885632 kB
DirectMap1G:     1048576 kB


CPU:total 4 (2 cores per cpu, 2 threads per core) family 6 model 60 stepping 3, cmov, cx8, fxsr, mmx, sse, sse2, sse3, ssse3, sse4.1, sse4.2, popcnt, avx, avx2, aes, erms, ht, tsc, tscinvbit

/proc/cpuinfo:
processor	: 0
vendor_id	: GenuineIntel
cpu family	: 6
model		: 60
model name	: Intel(R) Core(TM) i3-4170 CPU @ 3.70GHz
stepping	: 3
microcode	: 0x1e
cpu MHz		: 3699.855
cache size	: 3072 KB
physical id	: 0
siblings	: 4
core id		: 0
cpu cores	: 2
apicid		: 0
initial apicid	: 0
fpu		: yes
fpu_exception	: yes
cpuid level	: 13
wp		: yes
flags		: fpu vme de pse tsc msr pae mce cx8 apic sep mtrr pge mca cmov pat pse36 clflush dts acpi mmx fxsr sse sse2 ss ht tm pbe syscall nx pdpe1gb rdtscp lm constant_tsc arch_perfmon pebs bts rep_good nopl xtopology nonstop_tsc aperfmperf eagerfpu pni pclmulqdq dtes64 monitor ds_cpl vmx est tm2 ssse3 sdbg fma cx16 xtpr pdcm pcid sse4_1 sse4_2 movbe popcnt tsc_deadline_timer aes xsave avx f16c rdrand lahf_lm abm epb tpr_shadow vnmi flexpriority ept vpid fsgsbase tsc_adjust bmi1 avx2 smep bmi2 erms invpcid xsaveopt dtherm arat pln pts
bugs		:
bogomips	: 7383.06
clflush size	: 64
cache_alignment	: 64
address sizes	: 39 bits physical, 48 bits virtual
power management:

processor	: 1
vendor_id	: GenuineIntel
cpu family	: 6
model		: 60
model name	: Intel(R) Core(TM) i3-4170 CPU @ 3.70GHz
stepping	: 3
microcode	: 0x1e
cpu MHz		: 3700.000
cache size	: 3072 KB
physical id	: 0
siblings	: 4
core id		: 1
cpu cores	: 2
apicid		: 2
initial apicid	: 2
fpu		: yes
fpu_exception	: yes
cpuid level	: 13
wp		: yes
flags		: fpu vme de pse tsc msr pae mce cx8 apic sep mtrr pge mca cmov pat pse36 clflush dts acpi mmx fxsr sse sse2 ss ht tm pbe syscall nx pdpe1gb rdtscp lm constant_tsc arch_perfmon pebs bts rep_good nopl xtopology nonstop_tsc aperfmperf eagerfpu pni pclmulqdq dtes64 monitor ds_cpl vmx est tm2 ssse3 sdbg fma cx16 xtpr pdcm pcid sse4_1 sse4_2 movbe popcnt tsc_deadline_timer aes xsave avx f16c rdrand lahf_lm abm epb tpr_shadow vnmi flexpriority ept vpid fsgsbase tsc_adjust bmi1 avx2 smep bmi2 erms invpcid xsaveopt dtherm arat pln pts
bugs		:
bogomips	: 7383.06
clflush size	: 64
cache_alignment	: 64
address sizes	: 39 bits physical, 48 bits virtual
power management:

processor	: 2
vendor_id	: GenuineIntel
cpu family	: 6
model		: 60
model name	: Intel(R) Core(TM) i3-4170 CPU @ 3.70GHz
stepping	: 3
microcode	: 0x1e
cpu MHz		: 3699.855
cache size	: 3072 KB
physical id	: 0
siblings	: 4
core id		: 0
cpu cores	: 2
apicid		: 1
initial apicid	: 1
fpu		: yes
fpu_exception	: yes
cpuid level	: 13
wp		: yes
flags		: fpu vme de pse tsc msr pae mce cx8 apic sep mtrr pge mca cmov pat pse36 clflush dts acpi mmx fxsr sse sse2 ss ht tm pbe syscall nx pdpe1gb rdtscp lm constant_tsc arch_perfmon pebs bts rep_good nopl xtopology nonstop_tsc aperfmperf eagerfpu pni pclmulqdq dtes64 monitor ds_cpl vmx est tm2 ssse3 sdbg fma cx16 xtpr pdcm pcid sse4_1 sse4_2 movbe popcnt tsc_deadline_timer aes xsave avx f16c rdrand lahf_lm abm epb tpr_shadow vnmi flexpriority ept vpid fsgsbase tsc_adjust bmi1 avx2 smep bmi2 erms invpcid xsaveopt dtherm arat pln pts
bugs		:
bogomips	: 7383.06
clflush size	: 64
cache_alignment	: 64
address sizes	: 39 bits physical, 48 bits virtual
power management:

processor	: 3
vendor_id	: GenuineIntel
cpu family	: 6
model		: 60
model name	: Intel(R) Core(TM) i3-4170 CPU @ 3.70GHz
stepping	: 3
microcode	: 0x1e
cpu MHz		: 3700.000
cache size	: 3072 KB
physical id	: 0
siblings	: 4
core id		: 1
cpu cores	: 2
apicid		: 3
initial apicid	: 3
fpu		: yes
fpu_exception	: yes
cpuid level	: 13
wp		: yes
flags		: fpu vme de pse tsc msr pae mce cx8 apic sep mtrr pge mca cmov pat pse36 clflush dts acpi mmx fxsr sse sse2 ss ht tm pbe syscall nx pdpe1gb rdtscp lm constant_tsc arch_perfmon pebs bts rep_good nopl xtopology nonstop_tsc aperfmperf eagerfpu pni pclmulqdq dtes64 monitor ds_cpl vmx est tm2 ssse3 sdbg fma cx16 xtpr pdcm pcid sse4_1 sse4_2 movbe popcnt tsc_deadline_timer aes xsave avx f16c rdrand lahf_lm abm epb tpr_shadow vnmi flexpriority ept vpid fsgsbase tsc_adjust bmi1 avx2 smep bmi2 erms invpcid xsaveopt dtherm arat pln pts
bugs		:
bogomips	: 7383.06
clflush size	: 64
cache_alignment	: 64
address sizes	: 39 bits physical, 48 bits virtual
power management:



Memory: 4k page, physical 3916240k(173636k free), swap 7812088k(7801000k free)

vm_info: Java HotSpot(TM) 64-Bit Server VM (24.51-b03) for linux-amd64 JRE (1.7.0_51-b13), built on Dec 18 2013 18:48:01 by "java_re" with gcc 4.3.0 20080428 (Red Hat 4.3.0-8)

time: Sat Jul 30 21:49:12 2016
elapsed time: 0 seconds

