#
# A fatal error has been detected by the Java Runtime Environment:
#
#  SIGSEGV (0xb) at pc=0x00007ff326139462, pid=8751, tid=140682292569856
#
# JRE version: Java(TM) SE Runtime Environment (7.0_51-b13) (build 1.7.0_51-b13)
# Java VM: Java HotSpot(TM) 64-Bit Server VM (24.51-b03 mixed mode linux-amd64 compressed oops)
# Problematic frame:
# C  [librxtxSerial.so+0x6462]  read_byte_array+0x52
#
# Failed to write core dump. Core dumps have been disabled. To enable core dumping, try "ulimit -c unlimited" before starting Java again
#
# If you would like to submit a bug report, please visit:
#   http://bugreport.sun.com/bugreport/crash.jsp
# The crash happened outside the Java Virtual Machine in native code.
# See problematic frame for where to report the bug.
#

---------------  T H R E A D  ---------------

Current thread (0x00007ff3100cf000):  JavaThread "Thread-0" [_thread_in_native, id=8774, stack(0x00007ff326032000,0x00007ff326133000)]

siginfo:si_signo=SIGSEGV: si_errno=0, si_code=1 (SEGV_MAPERR), si_addr=0x00000000261314f8

Registers:
RAX=0x00000000261314f0, RBX=0xffffffffffffffff, RCX=0x0000000000000001, RDX=0x00007ff367369a50
RSP=0x00007ff3261308c0, RBP=0x00007ff3100cf1e8, RSI=0x00007ff32613ce30, RDI=0x00007ff32613cd3e
R8 =0x00007ff326130830, R9 =0x00000000ec6280e8, R10=0x0000000000000000, R11=0x00007ff36736e008
R12=0x00000000ffffffff, R13=0x0000000000000000, R14=0x000000000000001c, R15=0x0000000000000000
RIP=0x00007ff326139462, EFLAGS=0x0000000000010206, CSGSFS=0x0000000000000033, ERR=0x0000000000000004
  TRAPNO=0x000000000000000e

Top of Stack: (sp=0x00007ff3261308c0)
0x00007ff3261308c0:   ff0000000000ff00 0000000000000000
0x00007ff3261308d0:   0000000000000000 0000000000000000
0x00007ff3261308e0:   0000000000000000 00000000261314f0
0x00007ff3261308f0:   0000000000000000 0000000000000000
0x00007ff326130900:   0000000000000000 0000005c00000000
0x00007ff326130910:   00007ff308001280 0000001c00000000
0x00007ff326130920:   0000000000000000 0000000000000000
0x00007ff326130930:   0000000000000000 0000000000000000
0x00007ff326130940:   00007ff3100cf000 0000000000000700
0x00007ff326130950:   0000000000002000 0000000000000000
0x00007ff326130960:   000000000000001c 0000000000000000
0x00007ff326130970:   00007ff3261309a0 00007ff3667dcdac
0x00007ff326130980:   00007ff308001280 00007ff308001280
0x00007ff326130990:   000000000000001c 00007ff326130a00
0x00007ff3261309a0:   00007ff3100cf1e8 000000000000005c
0x00007ff3261309b0:   00000000ffffffff ffffffffffffffff
0x00007ff3261309c0:   00007ff3100cf1e8 00007ff308001280
0x00007ff3261309d0:   000000000000005c 000000000000001c
0x00007ff3261309e0:   0000000000000000 00007ff3261398a1
0x00007ff3261309f0:   00007ff3100cf000 00007ff326130ad8
0x00007ff326130a00:   00007ff326130ae0 00000000bfafd288
0x00007ff326130a10:   00007ff326130aa8 0000000000000000
0x00007ff326130a20:   00000000bfafd280 00007ff326130ae0
0x00007ff326130a30:   00007ff3100cf000 00007ff35d012cd8
0x00007ff326130a40:   00000000bfb0cc9b 00007ff3000000b6
0x00007ff326130a50:   00007ff33404b5a8 0000005c000000b6
0x00007ff326130a60:   00007ff3100cf000 00007ff326130a68
0x00007ff326130a70:   00000000bfafd280 00007ff326130ae0
0x00007ff326130a80:   00000000bfb0d910 0000000000000000
0x00007ff326130a90:   00000000bfafd288 0000000000000000
0x00007ff326130aa0:   00007ff326130ac8 00007ff326130b38
0x00007ff326130ab0:   00007ff35d0061d4 0000000000000000 

Instructions: (pc=0x00007ff326139462)
0x00007ff326139442:   89 44 24 4c 48 c7 44 24 40 00 00 00 00 48 c7 44
0x00007ff326139452:   24 38 00 00 00 00 e8 53 d7 ff ff 48 89 44 24 28
0x00007ff326139462:   8b 40 08 45 85 e4 48 8b 54 24 28 44 8b 7c 24 4c
0x00007ff326139472:   89 44 24 34 c7 42 08 00 00 00 00 78 0c 31 c0 e8 

Register to memory mapping:

RAX=0x00000000261314f0 is an unknown value
RBX=0xffffffffffffffff is an unknown value
RCX=0x0000000000000001 is an unknown value
RDX=0x00007ff367369a50: <offset 0xe37a50> in /usr/lib/jvm/jdk1.7.0_51/jre/lib/amd64/server/libjvm.so at 0x00007ff366532000
RSP=0x00007ff3261308c0 is pointing into the stack for thread: 0x00007ff3100cf000
RBP=0x00007ff3100cf1e8 is an unknown value
RSI=0x00007ff32613ce30: <offset 0x9e30> in /usr/lib/jvm/jdk1.7.0_51/jre/lib/amd64/librxtxSerial.so at 0x00007ff326133000
RDI=0x00007ff32613cd3e: <offset 0x9d3e> in /usr/lib/jvm/jdk1.7.0_51/jre/lib/amd64/librxtxSerial.so at 0x00007ff326133000
R8 =0x00007ff326130830 is pointing into the stack for thread: 0x00007ff3100cf000
R9 =0x00000000ec6280e8 is an oop
gnu.io.RXTXPort 
 - klass: 'gnu/io/RXTXPort'
R10=0x0000000000000000 is an unknown value
R11=0x00007ff36736e008: <offset 0xe3c008> in /usr/lib/jvm/jdk1.7.0_51/jre/lib/amd64/server/libjvm.so at 0x00007ff366532000
R12=0x00000000ffffffff is an unallocated location in the heap
R13=0x0000000000000000 is an unknown value
R14=0x000000000000001c is an unknown value
R15=0x0000000000000000 is an unknown value


Stack: [0x00007ff326032000,0x00007ff326133000],  sp=0x00007ff3261308c0,  free space=1018k
Native frames: (J=compiled Java code, j=interpreted, Vv=VM code, C=native code)
C  [librxtxSerial.so+0x6462]  read_byte_array+0x52

Java frames: (J=compiled Java code, j=interpreted, Vv=VM code)
j  gnu.io.RXTXPort.readArray([BII)I+0
j  gnu.io.RXTXPort$SerialInputStream.read([BII)I+187
j  sun.nio.cs.StreamDecoder.readBytes()I+135
j  sun.nio.cs.StreamDecoder.implRead([CII)I+112
j  sun.nio.cs.StreamDecoder.read([CII)I+180
j  java.io.InputStreamReader.read([CII)I+7
j  java.io.BufferedReader.fill()V+145
j  java.io.BufferedReader.readLine(Z)Ljava/lang/String;+44
j  java.io.BufferedReader.readLine()Ljava/lang/String;+2
j  PPD_Frame.serialEvent(Lgnu/io/SerialPortEvent;)V+22
j  gnu.io.RXTXPort.sendEvent(IZ)Z+382
v  ~StubRoutines::call_stub
j  gnu.io.RXTXPort.eventLoop()V+0
j  gnu.io.RXTXPort$MonitorThread.run()V+12
v  ~StubRoutines::call_stub

---------------  P R O C E S S  ---------------

Java Threads: ( => current thread )
=>0x00007ff3100cf000 JavaThread "Thread-0" [_thread_in_native, id=8774, stack(0x00007ff326032000,0x00007ff326133000)]
  0x00007ff310037800 JavaThread "Image Fetcher 0" daemon [_thread_blocked, id=8773, stack(0x00007ff326288000,0x00007ff326389000)]
  0x00007ff36000a000 JavaThread "DestroyJavaVM" [_thread_blocked, id=8756, stack(0x00007ff366128000,0x00007ff366229000)]
  0x00007ff36023f800 JavaThread "AWT-EventQueue-0" [_thread_in_Java, id=8772, stack(0x00007ff326608000,0x00007ff326709000)]
  0x00007ff36023c800 JavaThread "AWT-Shutdown" [_thread_blocked, id=8771, stack(0x00007ff326709000,0x00007ff32680a000)]
  0x00007ff3601ba000 JavaThread "AWT-XAWT" daemon [_thread_in_native, id=8770, stack(0x00007ff3273c2000,0x00007ff3274c3000)]
  0x00007ff360197000 JavaThread "Java2D Disposer" daemon [_thread_blocked, id=8769, stack(0x00007ff3278d3000,0x00007ff3279d4000)]
  0x00007ff360097000 JavaThread "Service Thread" daemon [_thread_blocked, id=8767, stack(0x00007ff3551bd000,0x00007ff3552be000)]
  0x00007ff360094800 JavaThread "C2 CompilerThread1" daemon [_thread_blocked, id=8766, stack(0x00007ff3552be000,0x00007ff3553bf000)]
  0x00007ff360091800 JavaThread "C2 CompilerThread0" daemon [_thread_blocked, id=8765, stack(0x00007ff3553bf000,0x00007ff3554c0000)]
  0x00007ff36008f800 JavaThread "Signal Dispatcher" daemon [_thread_blocked, id=8764, stack(0x00007ff3554c0000,0x00007ff3555c1000)]
  0x00007ff360070000 JavaThread "Finalizer" daemon [_thread_blocked, id=8763, stack(0x00007ff35c0f1000,0x00007ff35c1f2000)]
  0x00007ff36006c000 JavaThread "Reference Handler" daemon [_thread_blocked, id=8762, stack(0x00007ff35c1f2000,0x00007ff35c2f3000)]

Other Threads:
  0x00007ff360069800 VMThread [stack: 0x00007ff35c2f3000,0x00007ff35c3f4000] [id=8761]
  0x00007ff3600a1800 WatcherThread [stack: 0x00007ff3550bc000,0x00007ff3551bd000] [id=8768]

VM state:not at safepoint (normal execution)

VM Mutex/Monitor currently owned by a thread: None

Heap
 PSYoungGen      total 17920K, used 6488K [0x00000000ec080000, 0x00000000ed480000, 0x0000000100000000)
  eden space 15360K, 42% used [0x00000000ec080000,0x00000000ec6d6050,0x00000000ecf80000)
  from space 2560K, 0% used [0x00000000ed200000,0x00000000ed200000,0x00000000ed480000)
  to   space 2560K, 0% used [0x00000000ecf80000,0x00000000ecf80000,0x00000000ed200000)
 ParOldGen       total 40448K, used 0K [0x00000000c4200000, 0x00000000c6980000, 0x00000000ec080000)
  object space 40448K, 0% used [0x00000000c4200000,0x00000000c4200000,0x00000000c6980000)
 PSPermGen       total 21504K, used 11802K [0x00000000bf000000, 0x00000000c0500000, 0x00000000c4200000)
  object space 21504K, 54% used [0x00000000bf000000,0x00000000bfb868e8,0x00000000c0500000)

Card table byte_map: [0x00007ff364dc3000,0x00007ff364fcc000] byte_map_base: 0x00007ff3647cb000

Polling page: 0x00007ff367fba000

Code Cache  [0x00007ff35d000000, 0x00007ff35d270000, 0x00007ff360000000)
 total_blobs=514 nmethods=41 adapters=426 free_code_cache=48517Kb largest_free_block=49667392

Compilation events (10 events):
Event: 0.346 Thread 0x00007ff360094800   36             java.util.Arrays::copyOfRange (63 bytes)
Event: 0.347 Thread 0x00007ff360094800 nmethod 36 0x00007ff35d096d10 code [0x00007ff35d096e60, 0x00007ff35d097078]
Event: 0.353 Thread 0x00007ff360091800   37             java.lang.String::<init> (67 bytes)
Event: 0.354 Thread 0x00007ff360094800   38             java.lang.String::toLowerCase (472 bytes)
Event: 0.355 Thread 0x00007ff360091800 nmethod 37 0x00007ff35d098d50 code [0x00007ff35d098ea0, 0x00007ff35d099138]
Event: 0.376 Thread 0x00007ff360094800 nmethod 38 0x00007ff35d0a0210 code [0x00007ff35d0a0440, 0x00007ff35d0a1420]
Event: 0.389 Thread 0x00007ff360091800   39             java.util.Arrays::binarySearch0 (95 bytes)
Event: 0.394 Thread 0x00007ff360091800 nmethod 39 0x00007ff35d097990 code [0x00007ff35d097ae0, 0x00007ff35d097c98]
Event: 0.394 Thread 0x00007ff360091800   40 %           javax.swing.plaf.nimbus.EffectUtils::blur @ 36 (157 bytes)
Event: 0.401 Thread 0x00007ff360091800 nmethod 40% 0x00007ff35d091550 code [0x00007ff35d0916e0, 0x00007ff35d091bb8]

GC Heap History (0 events):
No events

Deoptimization events (0 events):
No events

Internal exceptions (10 events):
Event: 0.184 Thread 0x00007ff36023f800 Threw 0x00000000ec3922b0 at /HUDSON/workspace/7u-2-build-linux-amd64@2/jdk7u51/527/hotspot/src/share/vm/prims/jvm.cpp:1244
Event: 0.184 Thread 0x00007ff36023f800 Threw 0x00000000ec3939c8 at /HUDSON/workspace/7u-2-build-linux-amd64@2/jdk7u51/527/hotspot/src/share/vm/prims/jvm.cpp:1244
Event: 0.184 Thread 0x00007ff36023f800 Threw 0x00000000ec397508 at /HUDSON/workspace/7u-2-build-linux-amd64@2/jdk7u51/527/hotspot/src/share/vm/prims/jvm.cpp:1244
Event: 0.185 Thread 0x00007ff36023f800 Threw 0x00000000ec398c20 at /HUDSON/workspace/7u-2-build-linux-amd64@2/jdk7u51/527/hotspot/src/share/vm/prims/jvm.cpp:1244
Event: 0.244 Thread 0x00007ff36023f800 Threw 0x00000000ec469ff0 at /HUDSON/workspace/7u-2-build-linux-amd64@2/jdk7u51/527/hotspot/src/share/vm/prims/jvm.cpp:1244
Event: 0.246 Thread 0x00007ff36023f800 Threw 0x00000000ec505730 at /HUDSON/workspace/7u-2-build-linux-amd64@2/jdk7u51/527/hotspot/src/share/vm/prims/jvm.cpp:1244
Event: 0.314 Thread 0x00007ff36023f800 Threw 0x00000000ec5d3ae0 at /HUDSON/workspace/7u-2-build-linux-amd64@2/jdk7u51/527/hotspot/src/share/vm/prims/jni.cpp:717
Event: 0.331 Thread 0x00007ff36023f800 Threw 0x00000000ec5e6d68 at /HUDSON/workspace/7u-2-build-linux-amd64@2/jdk7u51/527/hotspot/src/share/vm/prims/jni.cpp:717
Event: 0.333 Thread 0x00007ff36023f800 Threw 0x00000000ec5f8758 at /HUDSON/workspace/7u-2-build-linux-amd64@2/jdk7u51/527/hotspot/src/share/vm/prims/jni.cpp:717
Event: 0.353 Thread 0x00007ff36023f800 Threw 0x00000000ec60b6c8 at /HUDSON/workspace/7u-2-build-linux-amd64@2/jdk7u51/527/hotspot/src/share/vm/prims/jni.cpp:717

Events (10 events):
Event: 0.396 loading class 0x00007ff3601422d0
Event: 0.396 loading class 0x00007ff3601422d0 done
Event: 0.400 loading class 0x00007ff3600d2960
Event: 0.400 loading class 0x00007ff3600d2960 done
Event: 0.402 loading class 0x00007ff3601027b0
Event: 0.402 loading class 0x00007ff3601027b0 done
Event: 0.402 loading class 0x00007ff360102600
Event: 0.402 loading class 0x00007ff360102600 done
Event: 0.402 loading class 0x00007ff360142100
Event: 0.402 loading class 0x00007ff360142100 done


Dynamic libraries:
00400000-00401000 r-xp 00000000 08:07 937188                             /usr/lib/jvm/jdk1.7.0_51/bin/java
00600000-00601000 rw-p 00000000 08:07 937188                             /usr/lib/jvm/jdk1.7.0_51/bin/java
013ee000-0140f000 rw-p 00000000 00:00 0                                  [heap]
bf000000-c0500000 rw-p 00000000 00:00 0 
c0500000-c4200000 rw-p 00000000 00:00 0 
c4200000-c6980000 rw-p 00000000 00:00 0 
c6980000-ec080000 rw-p 00000000 00:00 0 
ec080000-ed480000 rw-p 00000000 00:00 0 
ed480000-100000000 rw-p 00000000 00:00 0 
7ff308000000-7ff308021000 rw-p 00000000 00:00 0 
7ff308021000-7ff30c000000 ---p 00000000 00:00 0 
7ff310000000-7ff3100d6000 rw-p 00000000 00:00 0 
7ff3100d6000-7ff314000000 ---p 00000000 00:00 0 
7ff314000000-7ff314051000 rw-p 00000000 00:00 0 
7ff314051000-7ff318000000 ---p 00000000 00:00 0 
7ff318000000-7ff318021000 rw-p 00000000 00:00 0 
7ff318021000-7ff31c000000 ---p 00000000 00:00 0 
7ff31c000000-7ff31c021000 rw-p 00000000 00:00 0 
7ff31c021000-7ff320000000 ---p 00000000 00:00 0 
7ff320000000-7ff320021000 rw-p 00000000 00:00 0 
7ff320021000-7ff324000000 ---p 00000000 00:00 0 
7ff325c15000-7ff325c3f000 r-xp 00000000 08:07 1836084                    /usr/lib/jvm/jdk1.7.0_51/jre/lib/amd64/libdcpr.so
7ff325c3f000-7ff325e3f000 ---p 0002a000 08:07 1836084                    /usr/lib/jvm/jdk1.7.0_51/jre/lib/amd64/libdcpr.so
7ff325e3f000-7ff325e42000 rw-p 0002a000 08:07 1836084                    /usr/lib/jvm/jdk1.7.0_51/jre/lib/amd64/libdcpr.so
7ff325e42000-7ff326032000 rw-s 00000000 00:05 106037297                  /SYSV00000000 (deleted)
7ff326032000-7ff326035000 ---p 00000000 00:00 0 
7ff326035000-7ff326133000 rw-p 00000000 00:00 0 
7ff326133000-7ff32613f000 r-xp 00000000 08:07 1835128                    /usr/lib/jvm/jdk1.7.0_51/jre/lib/amd64/librxtxSerial.so
7ff32613f000-7ff32623e000 ---p 0000c000 08:07 1835128                    /usr/lib/jvm/jdk1.7.0_51/jre/lib/amd64/librxtxSerial.so
7ff32623e000-7ff326240000 rw-p 0000b000 08:07 1835128                    /usr/lib/jvm/jdk1.7.0_51/jre/lib/amd64/librxtxSerial.so
7ff326240000-7ff326259000 r--s 00000000 08:07 527849                     /usr/share/fonts/type1/gsfonts/n022004l.pfb
7ff326259000-7ff326272000 r--s 00000000 08:07 527834                     /usr/share/fonts/type1/gsfonts/n021003l.pfb
7ff326272000-7ff326288000 r--s 00000000 08:07 527843                     /usr/share/fonts/type1/gsfonts/n021024l.pfb
7ff326288000-7ff32628b000 ---p 00000000 00:00 0 
7ff32628b000-7ff326389000 rw-p 00000000 00:00 0 
7ff326389000-7ff3263f1000 r-xp 00000000 08:07 1836082                    /usr/lib/jvm/jdk1.7.0_51/jre/lib/amd64/libt2k.so
7ff3263f1000-7ff3265f1000 ---p 00068000 08:07 1836082                    /usr/lib/jvm/jdk1.7.0_51/jre/lib/amd64/libt2k.so
7ff3265f1000-7ff3265f8000 rw-p 00068000 08:07 1836082                    /usr/lib/jvm/jdk1.7.0_51/jre/lib/amd64/libt2k.so
7ff3265f8000-7ff326608000 rw-p 00000000 00:00 0 
7ff326608000-7ff32660b000 ---p 00000000 00:00 0 
7ff32660b000-7ff326709000 rw-p 00000000 00:00 0 
7ff326709000-7ff32670c000 ---p 00000000 00:00 0 
7ff32670c000-7ff32680a000 rw-p 00000000 00:00 0 
7ff32680a000-7ff32681a000 r-xp 00000000 08:07 1836051                    /usr/lib/jvm/jdk1.7.0_51/jre/lib/amd64/libnio.so
7ff32681a000-7ff326a1a000 ---p 00010000 08:07 1836051                    /usr/lib/jvm/jdk1.7.0_51/jre/lib/amd64/libnio.so
7ff326a1a000-7ff326a1b000 rw-p 00010000 08:07 1836051                    /usr/lib/jvm/jdk1.7.0_51/jre/lib/amd64/libnio.so
7ff326a1b000-7ff326d1c000 rw-p 00000000 00:00 0 
7ff326d1c000-7ff326d32000 r-xp 00000000 08:07 1836056                    /usr/lib/jvm/jdk1.7.0_51/jre/lib/amd64/libnet.so
7ff326d32000-7ff326f32000 ---p 00016000 08:07 1836056                    /usr/lib/jvm/jdk1.7.0_51/jre/lib/amd64/libnet.so
7ff326f32000-7ff326f33000 rw-p 00016000 08:07 1836056                    /usr/lib/jvm/jdk1.7.0_51/jre/lib/amd64/libnet.so
7ff326f33000-7ff326f49000 r-xp 00000000 08:07 2364498                    /lib/x86_64-linux-gnu/libgcc_s.so.1
7ff326f49000-7ff327148000 ---p 00016000 08:07 2364498                    /lib/x86_64-linux-gnu/libgcc_s.so.1
7ff327148000-7ff327149000 rw-p 00015000 08:07 2364498                    /lib/x86_64-linux-gnu/libgcc_s.so.1
7ff327149000-7ff3271ae000 r-xp 00000000 08:07 1836052                    /usr/lib/jvm/jdk1.7.0_51/jre/lib/amd64/libfontmanager.so
7ff3271ae000-7ff3273ad000 ---p 00065000 08:07 1836052                    /usr/lib/jvm/jdk1.7.0_51/jre/lib/amd64/libfontmanager.so
7ff3273ad000-7ff3273b1000 rw-p 00064000 08:07 1836052                    /usr/lib/jvm/jdk1.7.0_51/jre/lib/amd64/libfontmanager.so
7ff3273b1000-7ff3273c2000 rw-p 00000000 00:00 0 
7ff3273c2000-7ff3273c5000 ---p 00000000 00:00 0 
7ff3273c5000-7ff3274c3000 rw-p 00000000 00:00 0 
7ff3274c3000-7ff3274c8000 r-xp 00000000 08:07 2762080                    /usr/lib/x86_64-linux-gnu/libXfixes.so.3.1.0
7ff3274c8000-7ff3276c7000 ---p 00005000 08:07 2762080                    /usr/lib/x86_64-linux-gnu/libXfixes.so.3.1.0
7ff3276c7000-7ff3276c8000 r--p 00004000 08:07 2762080                    /usr/lib/x86_64-linux-gnu/libXfixes.so.3.1.0
7ff3276c8000-7ff3276c9000 rw-p 00005000 08:07 2762080                    /usr/lib/x86_64-linux-gnu/libXfixes.so.3.1.0
7ff3276c9000-7ff3276d2000 r-xp 00000000 08:07 2762072                    /usr/lib/x86_64-linux-gnu/libXcursor.so.1.0.2
7ff3276d2000-7ff3278d1000 ---p 00009000 08:07 2762072                    /usr/lib/x86_64-linux-gnu/libXcursor.so.1.0.2
7ff3278d1000-7ff3278d2000 r--p 00008000 08:07 2762072                    /usr/lib/x86_64-linux-gnu/libXcursor.so.1.0.2
7ff3278d2000-7ff3278d3000 rw-p 00009000 08:07 2762072                    /usr/lib/x86_64-linux-gnu/libXcursor.so.1.0.2
7ff3278d3000-7ff3278d6000 ---p 00000000 00:00 0 
7ff3278d6000-7ff3279d4000 rw-p 00000000 00:00 0 
7ff3279d4000-7ff3279d9000 r-xp 00000000 08:07 2762076                    /usr/lib/x86_64-linux-gnu/libXdmcp.so.6.0.0
7ff3279d9000-7ff327bd8000 ---p 00005000 08:07 2762076                    /usr/lib/x86_64-linux-gnu/libXdmcp.so.6.0.0
7ff327bd8000-7ff327bd9000 r--p 00004000 08:07 2762076                    /usr/lib/x86_64-linux-gnu/libXdmcp.so.6.0.0
7ff327bd9000-7ff327bda000 rw-p 00005000 08:07 2762076                    /usr/lib/x86_64-linux-gnu/libXdmcp.so.6.0.0
7ff327bda000-7ff327bdc000 r-xp 00000000 08:07 2762065                    /usr/lib/x86_64-linux-gnu/libXau.so.6.0.0
7ff327bdc000-7ff327ddc000 ---p 00002000 08:07 2762065                    /usr/lib/x86_64-linux-gnu/libXau.so.6.0.0
7ff327ddc000-7ff327ddd000 r--p 00002000 08:07 2762065                    /usr/lib/x86_64-linux-gnu/libXau.so.6.0.0
7ff327ddd000-7ff327dde000 rw-p 00003000 08:07 2762065                    /usr/lib/x86_64-linux-gnu/libXau.so.6.0.0
7ff327dde000-7ff327dff000 r-xp 00000000 08:07 2763443                    /usr/lib/x86_64-linux-gnu/libxcb.so.1.1.0
7ff327dff000-7ff327ffe000 ---p 00021000 08:07 2763443                    /usr/lib/x86_64-linux-gnu/libxcb.so.1.1.0
7ff327ffe000-7ff327fff000 r--p 00020000 08:07 2763443                    /usr/lib/x86_64-linux-gnu/libxcb.so.1.1.0
7ff327fff000-7ff328000000 rw-p 00021000 08:07 2763443                    /usr/lib/x86_64-linux-gnu/libxcb.so.1.1.0
7ff328000000-7ff328021000 rw-p 00000000 00:00 0 
7ff328021000-7ff32c000000 ---p 00000000 00:00 0 
7ff32c000000-7ff32c021000 rw-p 00000000 00:00 0 
7ff32c021000-7ff330000000 ---p 00000000 00:00 0 
7ff330000000-7ff33028e000 rw-p 00000000 00:00 0 
7ff33028e000-7ff334000000 ---p 00000000 00:00 0 
7ff334000000-7ff3343c4000 rw-p 00000000 00:00 0 
7ff3343c4000-7ff338000000 ---p 00000000 00:00 0 
7ff338000000-7ff338021000 rw-p 00000000 00:00 0 
7ff338021000-7ff33c000000 ---p 00000000 00:00 0 
7ff33c000000-7ff33c021000 rw-p 00000000 00:00 0 
7ff33c021000-7ff340000000 ---p 00000000 00:00 0 
7ff340000000-7ff340021000 rw-p 00000000 00:00 0 
7ff340021000-7ff344000000 ---p 00000000 00:00 0 
7ff344000000-7ff344021000 rw-p 00000000 00:00 0 
7ff344021000-7ff348000000 ---p 00000000 00:00 0 
7ff348000000-7ff348021000 rw-p 00000000 00:00 0 
7ff348021000-7ff34c000000 ---p 00000000 00:00 0 
7ff34c000000-7ff34c021000 rw-p 00000000 00:00 0 
7ff34c021000-7ff350000000 ---p 00000000 00:00 0 
7ff350000000-7ff350021000 rw-p 00000000 00:00 0 
7ff350021000-7ff354000000 ---p 00000000 00:00 0 
7ff354013000-7ff354029000 r--s 00000000 08:07 527852                     /usr/share/fonts/type1/gsfonts/n022023l.pfb
7ff354029000-7ff354038000 r-xp 00000000 08:07 2762086                    /usr/lib/x86_64-linux-gnu/libXi.so.6.1.0
7ff354038000-7ff354237000 ---p 0000f000 08:07 2762086                    /usr/lib/x86_64-linux-gnu/libXi.so.6.1.0
7ff354237000-7ff354238000 r--p 0000e000 08:07 2762086                    /usr/lib/x86_64-linux-gnu/libXi.so.6.1.0
7ff354238000-7ff354239000 rw-p 0000f000 08:07 2762086                    /usr/lib/x86_64-linux-gnu/libXi.so.6.1.0
7ff354239000-7ff35423e000 r-xp 00000000 08:07 2762104                    /usr/lib/x86_64-linux-gnu/libXtst.so.6.1.0
7ff35423e000-7ff35443d000 ---p 00005000 08:07 2762104                    /usr/lib/x86_64-linux-gnu/libXtst.so.6.1.0
7ff35443d000-7ff35443e000 r--p 00004000 08:07 2762104                    /usr/lib/x86_64-linux-gnu/libXtst.so.6.1.0
7ff35443e000-7ff35443f000 rw-p 00005000 08:07 2762104                    /usr/lib/x86_64-linux-gnu/libXtst.so.6.1.0
7ff35443f000-7ff354448000 r-xp 00000000 08:07 2762098                    /usr/lib/x86_64-linux-gnu/libXrender.so.1.3.0
7ff354448000-7ff354647000 ---p 00009000 08:07 2762098                    /usr/lib/x86_64-linux-gnu/libXrender.so.1.3.0
7ff354647000-7ff354648000 r--p 00008000 08:07 2762098                    /usr/lib/x86_64-linux-gnu/libXrender.so.1.3.0
7ff354648000-7ff354649000 rw-p 00009000 08:07 2762098                    /usr/lib/x86_64-linux-gnu/libXrender.so.1.3.0
7ff354649000-7ff35477e000 r-xp 00000000 08:07 2762061                    /usr/lib/x86_64-linux-gnu/libX11.so.6.3.0
7ff35477e000-7ff35497e000 ---p 00135000 08:07 2762061                    /usr/lib/x86_64-linux-gnu/libX11.so.6.3.0
7ff35497e000-7ff35497f000 r--p 00135000 08:07 2762061                    /usr/lib/x86_64-linux-gnu/libX11.so.6.3.0
7ff35497f000-7ff354983000 rw-p 00136000 08:07 2762061                    /usr/lib/x86_64-linux-gnu/libX11.so.6.3.0
7ff354983000-7ff354994000 r-xp 00000000 08:07 2762078                    /usr/lib/x86_64-linux-gnu/libXext.so.6.4.0
7ff354994000-7ff354b93000 ---p 00011000 08:07 2762078                    /usr/lib/x86_64-linux-gnu/libXext.so.6.4.0
7ff354b93000-7ff354b94000 r--p 00010000 08:07 2762078                    /usr/lib/x86_64-linux-gnu/libXext.so.6.4.0
7ff354b94000-7ff354b95000 rw-p 00011000 08:07 2762078                    /usr/lib/x86_64-linux-gnu/libXext.so.6.4.0
7ff354b95000-7ff354be5000 r-xp 00000000 08:07 1836094                    /usr/lib/jvm/jdk1.7.0_51/jre/lib/amd64/xawt/libmawt.so
7ff354be5000-7ff354de5000 ---p 00050000 08:07 1836094                    /usr/lib/jvm/jdk1.7.0_51/jre/lib/amd64/xawt/libmawt.so
7ff354de5000-7ff354de9000 rw-p 00050000 08:07 1836094                    /usr/lib/jvm/jdk1.7.0_51/jre/lib/amd64/xawt/libmawt.so
7ff354de9000-7ff354dea000 rw-p 00000000 00:00 0 
7ff354dea000-7ff354e8c000 r-xp 00000000 08:07 1836064                    /usr/lib/jvm/jdk1.7.0_51/jre/lib/amd64/libawt.so
7ff354e8c000-7ff35508c000 ---p 000a2000 08:07 1836064                    /usr/lib/jvm/jdk1.7.0_51/jre/lib/amd64/libawt.so
7ff35508c000-7ff355098000 rw-p 000a2000 08:07 1836064                    /usr/lib/jvm/jdk1.7.0_51/jre/lib/amd64/libawt.so
7ff355098000-7ff3550bc000 rw-p 00000000 00:00 0 
7ff3550bc000-7ff3550bd000 ---p 00000000 00:00 0 
7ff3550bd000-7ff3551bd000 rw-p 00000000 00:00 0 
7ff3551bd000-7ff3551c0000 ---p 00000000 00:00 0 
7ff3551c0000-7ff3552be000 rw-p 00000000 00:00 0 
7ff3552be000-7ff3552c1000 ---p 00000000 00:00 0 
7ff3552c1000-7ff3553bf000 rw-p 00000000 00:00 0 
7ff3553bf000-7ff3553c2000 ---p 00000000 00:00 0 
7ff3553c2000-7ff3554c0000 rw-p 00000000 00:00 0 
7ff3554c0000-7ff3554c3000 ---p 00000000 00:00 0 
7ff3554c3000-7ff3555c1000 rw-p 00000000 00:00 0 
7ff3555c1000-7ff355f80000 r--p 00000000 08:07 2760681                    /usr/lib/locale/locale-archive
7ff355f80000-7ff358000000 rw-p 00000000 00:00 0 
7ff358000000-7ff358021000 rw-p 00000000 00:00 0 
7ff358021000-7ff35c000000 ---p 00000000 00:00 0 
7ff35c003000-7ff35c01a000 r--s 00000000 08:07 527840                     /usr/share/fonts/type1/gsfonts/n021023l.pfb
7ff35c01a000-7ff35c02b000 r--s 00000000 08:07 527816                     /usr/share/fonts/type1/gsfonts/n019023l.pfb
7ff35c02b000-7ff35c03f000 r--s 00000000 08:07 527810                     /usr/share/fonts/type1/gsfonts/n019003l.pfb
7ff35c03f000-7ff35c048000 r--s 00000000 08:07 527870                     /usr/share/fonts/type1/gsfonts/s050000l.pfb
7ff35c048000-7ff35c053000 r--s 00000000 08:07 2890696                    /var/cache/fontconfig/945677eb7aeaf62f1d50efc3fb3ec7d8-le64.cache-6
7ff35c053000-7ff35c059000 r--s 00000000 08:07 2890678                    /var/cache/fontconfig/2cd17615ca594fa2959ae173292e504c-le64.cache-6
7ff35c059000-7ff35c05a000 r--s 00000000 08:07 2890675                    /var/cache/fontconfig/0d8c3b2ac0904cb8a57a757ad11a4a08-le64.cache-6
7ff35c05a000-7ff35c05e000 r--s 00000000 08:07 2885053                    /var/cache/fontconfig/de156ccd2eddbdc19d37a45b8b2aac9c-le64.cache-6
7ff35c05e000-7ff35c073000 r--s 00000000 08:07 2890672                    /var/cache/fontconfig/04aabc0a78ac019cf9454389977116d2-le64.cache-6
7ff35c073000-7ff35c074000 r--s 00000000 08:07 2890677                    /var/cache/fontconfig/1ac9eb803944fde146138c791f5cc56a-le64.cache-6
7ff35c074000-7ff35c078000 r--s 00000000 08:07 2890682                    /var/cache/fontconfig/385c0604a188198f04d133e54aba7fe7-le64.cache-6
7ff35c078000-7ff35c079000 r--s 00000000 08:07 2890709                    /var/cache/fontconfig/dc05db6664285cc2f12bf69c139ae4c3-le64.cache-6
7ff35c079000-7ff35c07c000 r--s 00000000 08:07 2890692                    /var/cache/fontconfig/767a8244fc0220cfb567a839d0392e0b-le64.cache-6
7ff35c07c000-7ff35c07d000 r--s 00000000 08:07 2883743                    /var/cache/fontconfig/4794a0821666d79190d59a36cb4f44b5-le64.cache-6
7ff35c07d000-7ff35c082000 r--s 00000000 08:07 2890695                    /var/cache/fontconfig/8801497958630a81b71ace7c5f9b32a8-le64.cache-6
7ff35c082000-7ff35c083000 r--s 00000000 08:07 2890702                    /var/cache/fontconfig/bab58bb527bb656aaa9f116d68a48d89-le64.cache-6
7ff35c083000-7ff35c08a000 r--s 00000000 08:07 2890679                    /var/cache/fontconfig/3047814df9a2f067bd2d96a2b9c36e5a-le64.cache-6
7ff35c08a000-7ff35c08b000 r--s 00000000 08:07 2890686                    /var/cache/fontconfig/56cf4f4769d0f4abc89a4895d7bd3ae1-le64.cache-6
7ff35c08b000-7ff35c091000 r--s 00000000 08:07 2890700                    /var/cache/fontconfig/b47c4e1ecd0709278f4910c18777a504-le64.cache-6
7ff35c091000-7ff35c0a4000 r--s 00000000 08:07 2890706                    /var/cache/fontconfig/d52a8644073d54c13679302ca1180695-le64.cache-6
7ff35c0a4000-7ff35c0af000 r--s 00000000 08:07 2887795                    /var/cache/fontconfig/d589a48862398ed80a3d6066f4f56f4c-le64.cache-6
7ff35c0af000-7ff35c0ba000 r--s 00000000 08:07 2890694                    /var/cache/fontconfig/83bf95040141907cd45bb53cf7c1c148-le64.cache-6
7ff35c0ba000-7ff35c0cc000 r--s 00000000 08:07 2886108                    /var/cache/fontconfig/9b89f8e3dae116d678bbf48e5f21f69b-le64.cache-6
7ff35c0cc000-7ff35c0f1000 r--p 00000000 08:07 397003                     /usr/share/locale-langpack/es/LC_MESSAGES/libc.mo
7ff35c0f1000-7ff35c0f4000 ---p 00000000 00:00 0 
7ff35c0f4000-7ff35c1f2000 rw-p 00000000 00:00 0 
7ff35c1f2000-7ff35c1f5000 ---p 00000000 00:00 0 
7ff35c1f5000-7ff35c2f3000 rw-p 00000000 00:00 0 
7ff35c2f3000-7ff35c2f4000 ---p 00000000 00:00 0 
7ff35c2f4000-7ff35d000000 rw-p 00000000 00:00 0 
7ff35d000000-7ff35d270000 rwxp 00000000 00:00 0 
7ff35d270000-7ff360249000 rw-p 00000000 00:00 0 
7ff360249000-7ff364000000 ---p 00000000 00:00 0 
7ff364000000-7ff364001000 r--s 00000000 08:07 2890701                    /var/cache/fontconfig/b9d506c9ac06c20b433354fa67a72993-le64.cache-6
7ff364001000-7ff364002000 r--s 00000000 08:07 2890685                    /var/cache/fontconfig/551ecf3b0e8b0bca0f25c0944f561853-le64.cache-6
7ff364002000-7ff364005000 r--s 00000000 08:07 2890691                    /var/cache/fontconfig/75114ca45c98e8a441da0ff356701271-le64.cache-6
7ff364005000-7ff364008000 r--s 00000000 08:07 2890710                    /var/cache/fontconfig/e13b20fdb08344e0e664864cc2ede53d-le64.cache-6
7ff364008000-7ff36400c000 r--s 00000000 08:07 2883629                    /var/cache/fontconfig/7ef2298fde41cc6eeb7af42e48b7d293-le64.cache-6
7ff36400c000-7ff364017000 r--s 0037c000 08:07 1057110                    /usr/lib/jvm/jdk1.7.0_51/jre/lib/charsets.jar
7ff364017000-7ff3643e9000 rw-p 00000000 00:00 0 
7ff3643e9000-7ff3645a6000 r--s 039bf000 08:07 1057153                    /usr/lib/jvm/jdk1.7.0_51/jre/lib/rt.jar
7ff3645a6000-7ff36487f000 rw-p 00000000 00:00 0 
7ff36487f000-7ff364880000 ---p 00000000 00:00 0 
7ff364880000-7ff364980000 rw-p 00000000 00:00 0 
7ff364980000-7ff364981000 ---p 00000000 00:00 0 
7ff364981000-7ff364a81000 rw-p 00000000 00:00 0 
7ff364a81000-7ff364a82000 ---p 00000000 00:00 0 
7ff364a82000-7ff364b82000 rw-p 00000000 00:00 0 
7ff364b82000-7ff364b83000 ---p 00000000 00:00 0 
7ff364b83000-7ff364c97000 rw-p 00000000 00:00 0 
7ff364c97000-7ff364dc3000 rw-p 00000000 00:00 0 
7ff364dc3000-7ff364dce000 rw-p 00000000 00:00 0 
7ff364dce000-7ff364dec000 rw-p 00000000 00:00 0 
7ff364dec000-7ff364e00000 rw-p 00000000 00:00 0 
7ff364e00000-7ff364f2b000 rw-p 00000000 00:00 0 
7ff364f2b000-7ff364f36000 rw-p 00000000 00:00 0 
7ff364f36000-7ff364fcb000 rw-p 00000000 00:00 0 
7ff364fcb000-7ff364fd6000 rw-p 00000000 00:00 0 
7ff364fd6000-7ff36508c000 rw-p 00000000 00:00 0 
7ff36508c000-7ff3650a6000 r-xp 00000000 08:07 1836101                    /usr/lib/jvm/jdk1.7.0_51/jre/lib/amd64/libzip.so
7ff3650a6000-7ff3652a6000 ---p 0001a000 08:07 1836101                    /usr/lib/jvm/jdk1.7.0_51/jre/lib/amd64/libzip.so
7ff3652a6000-7ff3652a7000 rw-p 0001a000 08:07 1836101                    /usr/lib/jvm/jdk1.7.0_51/jre/lib/amd64/libzip.so
7ff3652a7000-7ff3652b2000 r-xp 00000000 08:07 2364559                    /lib/x86_64-linux-gnu/libnss_files-2.23.so
7ff3652b2000-7ff3654b1000 ---p 0000b000 08:07 2364559                    /lib/x86_64-linux-gnu/libnss_files-2.23.so
7ff3654b1000-7ff3654b2000 r--p 0000a000 08:07 2364559                    /lib/x86_64-linux-gnu/libnss_files-2.23.so
7ff3654b2000-7ff3654b3000 rw-p 0000b000 08:07 2364559                    /lib/x86_64-linux-gnu/libnss_files-2.23.so
7ff3654b3000-7ff3654b9000 rw-p 00000000 00:00 0 
7ff3654b9000-7ff3654c4000 r-xp 00000000 08:07 2364569                    /lib/x86_64-linux-gnu/libnss_nis-2.23.so
7ff3654c4000-7ff3656c3000 ---p 0000b000 08:07 2364569                    /lib/x86_64-linux-gnu/libnss_nis-2.23.so
7ff3656c3000-7ff3656c4000 r--p 0000a000 08:07 2364569                    /lib/x86_64-linux-gnu/libnss_nis-2.23.so
7ff3656c4000-7ff3656c5000 rw-p 0000b000 08:07 2364569                    /lib/x86_64-linux-gnu/libnss_nis-2.23.so
7ff3656c5000-7ff3656db000 r-xp 00000000 08:07 2364553                    /lib/x86_64-linux-gnu/libnsl-2.23.so
7ff3656db000-7ff3658da000 ---p 00016000 08:07 2364553                    /lib/x86_64-linux-gnu/libnsl-2.23.so
7ff3658da000-7ff3658db000 r--p 00015000 08:07 2364553                    /lib/x86_64-linux-gnu/libnsl-2.23.so
7ff3658db000-7ff3658dc000 rw-p 00016000 08:07 2364553                    /lib/x86_64-linux-gnu/libnsl-2.23.so
7ff3658dc000-7ff3658de000 rw-p 00000000 00:00 0 
7ff3658de000-7ff3658e6000 r-xp 00000000 08:07 2364555                    /lib/x86_64-linux-gnu/libnss_compat-2.23.so
7ff3658e6000-7ff365ae5000 ---p 00008000 08:07 2364555                    /lib/x86_64-linux-gnu/libnss_compat-2.23.so
7ff365ae5000-7ff365ae6000 r--p 00007000 08:07 2364555                    /lib/x86_64-linux-gnu/libnss_compat-2.23.so
7ff365ae6000-7ff365ae7000 rw-p 00008000 08:07 2364555                    /lib/x86_64-linux-gnu/libnss_compat-2.23.so
7ff365ae7000-7ff365b10000 r-xp 00000000 08:07 1836085                    /usr/lib/jvm/jdk1.7.0_51/jre/lib/amd64/libjava.so
7ff365b10000-7ff365d10000 ---p 00029000 08:07 1836085                    /usr/lib/jvm/jdk1.7.0_51/jre/lib/amd64/libjava.so
7ff365d10000-7ff365d12000 rw-p 00029000 08:07 1836085                    /usr/lib/jvm/jdk1.7.0_51/jre/lib/amd64/libjava.so
7ff365d12000-7ff365d1f000 r-xp 00000000 08:07 1836083                    /usr/lib/jvm/jdk1.7.0_51/jre/lib/amd64/libverify.so
7ff365d1f000-7ff365f1e000 ---p 0000d000 08:07 1836083                    /usr/lib/jvm/jdk1.7.0_51/jre/lib/amd64/libverify.so
7ff365f1e000-7ff365f20000 rw-p 0000c000 08:07 1836083                    /usr/lib/jvm/jdk1.7.0_51/jre/lib/amd64/libverify.so
7ff365f20000-7ff365f27000 r-xp 00000000 08:07 2364614                    /lib/x86_64-linux-gnu/librt-2.23.so
7ff365f27000-7ff366126000 ---p 00007000 08:07 2364614                    /lib/x86_64-linux-gnu/librt-2.23.so
7ff366126000-7ff366127000 r--p 00006000 08:07 2364614                    /lib/x86_64-linux-gnu/librt-2.23.so
7ff366127000-7ff366128000 rw-p 00007000 08:07 2364614                    /lib/x86_64-linux-gnu/librt-2.23.so
7ff366128000-7ff36612b000 ---p 00000000 00:00 0 
7ff36612b000-7ff366229000 rw-p 00000000 00:00 0 
7ff366229000-7ff366331000 r-xp 00000000 08:07 2364530                    /lib/x86_64-linux-gnu/libm-2.23.so
7ff366331000-7ff366530000 ---p 00108000 08:07 2364530                    /lib/x86_64-linux-gnu/libm-2.23.so
7ff366530000-7ff366531000 r--p 00107000 08:07 2364530                    /lib/x86_64-linux-gnu/libm-2.23.so
7ff366531000-7ff366532000 rw-p 00108000 08:07 2364530                    /lib/x86_64-linux-gnu/libm-2.23.so
7ff366532000-7ff367094000 r-xp 00000000 08:07 1836091                    /usr/lib/jvm/jdk1.7.0_51/jre/lib/amd64/server/libjvm.so
7ff367094000-7ff367294000 ---p 00b62000 08:07 1836091                    /usr/lib/jvm/jdk1.7.0_51/jre/lib/amd64/server/libjvm.so
7ff367294000-7ff367357000 rw-p 00b62000 08:07 1836091                    /usr/lib/jvm/jdk1.7.0_51/jre/lib/amd64/server/libjvm.so
7ff367357000-7ff367398000 rw-p 00000000 00:00 0 
7ff367398000-7ff367558000 r-xp 00000000 08:07 2364460                    /lib/x86_64-linux-gnu/libc-2.23.so
7ff367558000-7ff367757000 ---p 001c0000 08:07 2364460                    /lib/x86_64-linux-gnu/libc-2.23.so
7ff367757000-7ff36775b000 r--p 001bf000 08:07 2364460                    /lib/x86_64-linux-gnu/libc-2.23.so
7ff36775b000-7ff36775d000 rw-p 001c3000 08:07 2364460                    /lib/x86_64-linux-gnu/libc-2.23.so
7ff36775d000-7ff367761000 rw-p 00000000 00:00 0 
7ff367761000-7ff367764000 r-xp 00000000 08:07 2364484                    /lib/x86_64-linux-gnu/libdl-2.23.so
7ff367764000-7ff367963000 ---p 00003000 08:07 2364484                    /lib/x86_64-linux-gnu/libdl-2.23.so
7ff367963000-7ff367964000 r--p 00002000 08:07 2364484                    /lib/x86_64-linux-gnu/libdl-2.23.so
7ff367964000-7ff367965000 rw-p 00003000 08:07 2364484                    /lib/x86_64-linux-gnu/libdl-2.23.so
7ff367965000-7ff36797b000 r-xp 00000000 08:07 1056839                    /usr/lib/jvm/jdk1.7.0_51/lib/amd64/jli/libjli.so
7ff36797b000-7ff367b7b000 ---p 00016000 08:07 1056839                    /usr/lib/jvm/jdk1.7.0_51/lib/amd64/jli/libjli.so
7ff367b7b000-7ff367b7c000 rw-p 00016000 08:07 1056839                    /usr/lib/jvm/jdk1.7.0_51/lib/amd64/jli/libjli.so
7ff367b7c000-7ff367b94000 r-xp 00000000 08:07 2364606                    /lib/x86_64-linux-gnu/libpthread-2.23.so
7ff367b94000-7ff367d93000 ---p 00018000 08:07 2364606                    /lib/x86_64-linux-gnu/libpthread-2.23.so
7ff367d93000-7ff367d94000 r--p 00017000 08:07 2364606                    /lib/x86_64-linux-gnu/libpthread-2.23.so
7ff367d94000-7ff367d95000 rw-p 00018000 08:07 2364606                    /lib/x86_64-linux-gnu/libpthread-2.23.so
7ff367d95000-7ff367d99000 rw-p 00000000 00:00 0 
7ff367d99000-7ff367dbf000 r-xp 00000000 08:07 2364432                    /lib/x86_64-linux-gnu/ld-2.23.so
7ff367dbf000-7ff367dc0000 r--s 00000000 08:07 2890680                    /var/cache/fontconfig/30829fa25452a46451e813d634d7f916-le64.cache-6
7ff367dc0000-7ff367dc7000 r--s 00000000 08:07 3016614                    /usr/lib/x86_64-linux-gnu/gconv/gconv-modules.cache
7ff367dc7000-7ff367dc9000 r--s 0000d000 08:08 3412122                    /home/kcrez/Documentos/JavaDuino/library/rxtx2.1/RXTXcomm.jar
7ff367dc9000-7ff367dcb000 r--s 0000d000 08:07 1835127                    /usr/lib/jvm/jdk1.7.0_51/jre/lib/ext/RXTXcomm.jar
7ff367dcb000-7ff367e1f000 rw-p 00000000 00:00 0 
7ff367e1f000-7ff367e3d000 rw-p 00000000 00:00 0 
7ff367e3d000-7ff367e41000 rw-p 00000000 00:00 0 
7ff367e41000-7ff367e85000 r-xp 00000000 08:07 1052366                    /opt/eset/esets/lib/libesets_pac.so
7ff367e85000-7ff367f85000 ---p 00044000 08:07 1052366                    /opt/eset/esets/lib/libesets_pac.so
7ff367f85000-7ff367f88000 rw-p 00044000 08:07 1052366                    /opt/eset/esets/lib/libesets_pac.so
7ff367f88000-7ff367f9b000 rw-p 00000000 00:00 0 
7ff367f9b000-7ff367f9c000 r--s 00000000 08:07 2890674                    /var/cache/fontconfig/0c9eb80ebd1c36541ebe2852d3bb0c49-le64.cache-6
7ff367f9c000-7ff367fb1000 rw-p 00000000 00:00 0 
7ff367fb1000-7ff367fb9000 rw-s 00000000 08:07 2097299                    /tmp/hsperfdata_kcrez/8751
7ff367fb9000-7ff367fba000 rw-p 00000000 00:00 0 
7ff367fba000-7ff367fbb000 r--p 00000000 00:00 0 
7ff367fbb000-7ff367fbe000 rw-p 00000000 00:00 0 
7ff367fbe000-7ff367fbf000 r--p 00025000 08:07 2364432                    /lib/x86_64-linux-gnu/ld-2.23.so
7ff367fbf000-7ff367fc0000 rw-p 00026000 08:07 2364432                    /lib/x86_64-linux-gnu/ld-2.23.so
7ff367fc0000-7ff367fc1000 rw-p 00000000 00:00 0 
7ffdaff68000-7ffdaff89000 rw-p 00000000 00:00 0                          [stack]
7ffdafff8000-7ffdafffa000 r--p 00000000 00:00 0                          [vvar]
7ffdafffa000-7ffdafffc000 r-xp 00000000 00:00 0                          [vdso]
ffffffffff600000-ffffffffff601000 r-xp 00000000 00:00 0                  [vsyscall]

VM Arguments:
jvm_args: -Dfile.encoding=UTF-8 -Djava.library.path=/home/kcrez/Documentos/JavaDuino/library/rxtx2.1 
java_command: PPD_Frame
Launcher Type: SUN_STANDARD

Environment Variables:
PATH=/usr/local/sbin:/usr/local/bin:/usr/sbin:/usr/bin:/sbin:/bin:/usr/games:/usr/local/games:/snap/bin
LD_LIBRARY_PATH=/usr/lib/jvm/jdk1.7.0_51/jre/lib/amd64:/usr/lib/jvm/jdk1.7.0_51/jre/lib/i386:
SHELL=/bin/bash
DISPLAY=:0

Signal Handlers:
SIGSEGV: [libjvm.so+0x993870], sa_mask[0]=0x7ffbfeff, sa_flags=0x10000004
SIGBUS: [libjvm.so+0x993870], sa_mask[0]=0x7ffbfeff, sa_flags=0x10000004
SIGFPE: [libjvm.so+0x8105b0], sa_mask[0]=0x7ffbfeff, sa_flags=0x10000004
SIGPIPE: [libjvm.so+0x8105b0], sa_mask[0]=0x7ffbfeff, sa_flags=0x10000004
SIGXFSZ: [libjvm.so+0x8105b0], sa_mask[0]=0x7ffbfeff, sa_flags=0x10000004
SIGILL: [libjvm.so+0x8105b0], sa_mask[0]=0x7ffbfeff, sa_flags=0x10000004
SIGUSR1: SIG_DFL, sa_mask[0]=0x00000000, sa_flags=0x00000000
SIGUSR2: [libjvm.so+0x811aa0], sa_mask[0]=0x00000004, sa_flags=0x10000004
SIGHUP: [libjvm.so+0x812a10], sa_mask[0]=0x7ffbfeff, sa_flags=0x10000004
SIGINT: SIG_IGN, sa_mask[0]=0x00000000, sa_flags=0x00000000
SIGTERM: [libjvm.so+0x812a10], sa_mask[0]=0x7ffbfeff, sa_flags=0x10000004
SIGQUIT: [libjvm.so+0x812a10], sa_mask[0]=0x7ffbfeff, sa_flags=0x10000004


---------------  S Y S T E M  ---------------

OS:stretch/sid

uname:Linux 4.4.0-22-generic #40-Ubuntu SMP Thu May 12 22:03:46 UTC 2016 x86_64
libc:glibc 2.23 NPTL 2.23 
rlimit: STACK 8192k, CORE 0k, NPROC 15146, NOFILE 65536, AS infinity
load average:0.23 0.28 0.31

/proc/meminfo:
MemTotal:        3916240 kB
MemFree:           73692 kB
MemAvailable:    1221780 kB
Buffers:          161532 kB
Cached:          1039276 kB
SwapCached:          860 kB
Active:          2451956 kB
Inactive:        1026800 kB
Active(anon):    1855536 kB
Inactive(anon):   693028 kB
Active(file):     596420 kB
Inactive(file):   333772 kB
Unevictable:          48 kB
Mlocked:              48 kB
SwapTotal:       7812088 kB
SwapFree:        7779184 kB
Dirty:               172 kB
Writeback:             0 kB
AnonPages:       2277640 kB
Mapped:           332372 kB
Shmem:            270384 kB
Slab:             281888 kB
SReclaimable:     247128 kB
SUnreclaim:        34760 kB
KernelStack:       10416 kB
PageTables:        34288 kB
NFS_Unstable:          0 kB
Bounce:                0 kB
WritebackTmp:          0 kB
CommitLimit:     9770208 kB
Committed_AS:    6883028 kB
VmallocTotal:   34359738367 kB
VmallocUsed:           0 kB
VmallocChunk:          0 kB
HardwareCorrupted:     0 kB
AnonHugePages:   1265664 kB
CmaTotal:              0 kB
CmaFree:               0 kB
HugePages_Total:       0
HugePages_Free:        0
HugePages_Rsvd:        0
HugePages_Surp:        0
Hugepagesize:       2048 kB
DirectMap4k:      123676 kB
DirectMap2M:     3940352 kB
DirectMap1G:           0 kB


CPU:total 4 (2 cores per cpu, 2 threads per core) family 6 model 60 stepping 3, cmov, cx8, fxsr, mmx, sse, sse2, sse3, ssse3, sse4.1, sse4.2, popcnt, avx, avx2, aes, erms, ht, tsc, tscinvbit

/proc/cpuinfo:
processor	: 0
vendor_id	: GenuineIntel
cpu family	: 6
model		: 60
model name	: Intel(R) Core(TM) i3-4170 CPU @ 3.70GHz
stepping	: 3
microcode	: 0x1e
cpu MHz		: 3699.855
cache size	: 3072 KB
physical id	: 0
siblings	: 4
core id		: 0
cpu cores	: 2
apicid		: 0
initial apicid	: 0
fpu		: yes
fpu_exception	: yes
cpuid level	: 13
wp		: yes
flags		: fpu vme de pse tsc msr pae mce cx8 apic sep mtrr pge mca cmov pat pse36 clflush dts acpi mmx fxsr sse sse2 ss ht tm pbe syscall nx pdpe1gb rdtscp lm constant_tsc arch_perfmon pebs bts rep_good nopl xtopology nonstop_tsc aperfmperf eagerfpu pni pclmulqdq dtes64 monitor ds_cpl vmx est tm2 ssse3 sdbg fma cx16 xtpr pdcm pcid sse4_1 sse4_2 movbe popcnt tsc_deadline_timer aes xsave avx f16c rdrand lahf_lm abm epb tpr_shadow vnmi flexpriority ept vpid fsgsbase tsc_adjust bmi1 avx2 smep bmi2 erms invpcid xsaveopt dtherm arat pln pts
bugs		:
bogomips	: 7382.73
clflush size	: 64
cache_alignment	: 64
address sizes	: 39 bits physical, 48 bits virtual
power management:

processor	: 1
vendor_id	: GenuineIntel
cpu family	: 6
model		: 60
model name	: Intel(R) Core(TM) i3-4170 CPU @ 3.70GHz
stepping	: 3
microcode	: 0x1e
cpu MHz		: 3700.000
cache size	: 3072 KB
physical id	: 0
siblings	: 4
core id		: 1
cpu cores	: 2
apicid		: 2
initial apicid	: 2
fpu		: yes
fpu_exception	: yes
cpuid level	: 13
wp		: yes
flags		: fpu vme de pse tsc msr pae mce cx8 apic sep mtrr pge mca cmov pat pse36 clflush dts acpi mmx fxsr sse sse2 ss ht tm pbe syscall nx pdpe1gb rdtscp lm constant_tsc arch_perfmon pebs bts rep_good nopl xtopology nonstop_tsc aperfmperf eagerfpu pni pclmulqdq dtes64 monitor ds_cpl vmx est tm2 ssse3 sdbg fma cx16 xtpr pdcm pcid sse4_1 sse4_2 movbe popcnt tsc_deadline_timer aes xsave avx f16c rdrand lahf_lm abm epb tpr_shadow vnmi flexpriority ept vpid fsgsbase tsc_adjust bmi1 avx2 smep bmi2 erms invpcid xsaveopt dtherm arat pln pts
bugs		:
bogomips	: 7382.73
clflush size	: 64
cache_alignment	: 64
address sizes	: 39 bits physical, 48 bits virtual
power management:

processor	: 2
vendor_id	: GenuineIntel
cpu family	: 6
model		: 60
model name	: Intel(R) Core(TM) i3-4170 CPU @ 3.70GHz
stepping	: 3
microcode	: 0x1e
cpu MHz		: 3700.000
cache size	: 3072 KB
physical id	: 0
siblings	: 4
core id		: 0
cpu cores	: 2
apicid		: 1
initial apicid	: 1
fpu		: yes
fpu_exception	: yes
cpuid level	: 13
wp		: yes
flags		: fpu vme de pse tsc msr pae mce cx8 apic sep mtrr pge mca cmov pat pse36 clflush dts acpi mmx fxsr sse sse2 ss ht tm pbe syscall nx pdpe1gb rdtscp lm constant_tsc arch_perfmon pebs bts rep_good nopl xtopology nonstop_tsc aperfmperf eagerfpu pni pclmulqdq dtes64 monitor ds_cpl vmx est tm2 ssse3 sdbg fma cx16 xtpr pdcm pcid sse4_1 sse4_2 movbe popcnt tsc_deadline_timer aes xsave avx f16c rdrand lahf_lm abm epb tpr_shadow vnmi flexpriority ept vpid fsgsbase tsc_adjust bmi1 avx2 smep bmi2 erms invpcid xsaveopt dtherm arat pln pts
bugs		:
bogomips	: 7382.73
clflush size	: 64
cache_alignment	: 64
address sizes	: 39 bits physical, 48 bits virtual
power management:

processor	: 3
vendor_id	: GenuineIntel
cpu family	: 6
model		: 60
model name	: Intel(R) Core(TM) i3-4170 CPU @ 3.70GHz
stepping	: 3
microcode	: 0x1e
cpu MHz		: 3699.855
cache size	: 3072 KB
physical id	: 0
siblings	: 4
core id		: 1
cpu cores	: 2
apicid		: 3
initial apicid	: 3
fpu		: yes
fpu_exception	: yes
cpuid level	: 13
wp		: yes
flags		: fpu vme de pse tsc msr pae mce cx8 apic sep mtrr pge mca cmov pat pse36 clflush dts acpi mmx fxsr sse sse2 ss ht tm pbe syscall nx pdpe1gb rdtscp lm constant_tsc arch_perfmon pebs bts rep_good nopl xtopology nonstop_tsc aperfmperf eagerfpu pni pclmulqdq dtes64 monitor ds_cpl vmx est tm2 ssse3 sdbg fma cx16 xtpr pdcm pcid sse4_1 sse4_2 movbe popcnt tsc_deadline_timer aes xsave avx f16c rdrand lahf_lm abm epb tpr_shadow vnmi flexpriority ept vpid fsgsbase tsc_adjust bmi1 avx2 smep bmi2 erms invpcid xsaveopt dtherm arat pln pts
bugs		:
bogomips	: 7382.73
clflush size	: 64
cache_alignment	: 64
address sizes	: 39 bits physical, 48 bits virtual
power management:



Memory: 4k page, physical 3916240k(73692k free), swap 7812088k(7779184k free)

vm_info: Java HotSpot(TM) 64-Bit Server VM (24.51-b03) for linux-amd64 JRE (1.7.0_51-b13), built on Dec 18 2013 18:48:01 by "java_re" with gcc 4.3.0 20080428 (Red Hat 4.3.0-8)

time: Sun Jul 31 17:42:05 2016
elapsed time: 0 seconds

