#
# A fatal error has been detected by the Java Runtime Environment:
#
#  SIGSEGV (0xb) at pc=0x00007f2d5a996462, pid=9450, tid=139832776156928
#
# JRE version: Java(TM) SE Runtime Environment (7.0_51-b13) (build 1.7.0_51-b13)
# Java VM: Java HotSpot(TM) 64-Bit Server VM (24.51-b03 mixed mode linux-amd64 compressed oops)
# Problematic frame:
# C  [librxtxSerial.so+0x6462]  read_byte_array+0x52
#
# Failed to write core dump. Core dumps have been disabled. To enable core dumping, try "ulimit -c unlimited" before starting Java again
#
# If you would like to submit a bug report, please visit:
#   http://bugreport.sun.com/bugreport/crash.jsp
# The crash happened outside the Java Virtual Machine in native code.
# See problematic frame for where to report the bug.
#

---------------  T H R E A D  ---------------

Current thread (0x00007f2d68230000):  JavaThread "AWT-EventQueue-0" [_thread_in_native, id=9471, stack(0x00007f2d5ae36000,0x00007f2d5af37000)]

siginfo:si_signo=SIGSEGV: si_errno=0, si_code=1 (SEGV_MAPERR), si_addr=0x000000005a98e678

Registers:
RAX=0x000000005a98e670, RBX=0x000000000000001c, RCX=0x0000000000000001, RDX=0x00007f2d6fbc5a50
RSP=0x00007f2d5af34440, RBP=0x00007f2d682301e8, RSI=0x00007f2d5a999e30, RDI=0x00007f2d5a999d3e
R8 =0x00007f2d5af343b0, R9 =0x00000000ec6290b8, R10=0x0000000000000000, R11=0x00007f2d6fbca008
R12=0x00000000ffffffff, R13=0x0000000000000000, R14=0x00007f2d5af34608, R15=0x00007f2d68230000
RIP=0x00007f2d5a996462, EFLAGS=0x0000000000010202, CSGSFS=0x0000000000000033, ERR=0x0000000000000004
  TRAPNO=0x000000000000000e

Top of Stack: (sp=0x00007f2d5af34440)
0x00007f2d5af34440:   ff0000000000ff00 0000000000000000
0x00007f2d5af34450:   0000000000000000 0000000000000000
0x00007f2d5af34460:   000005e908c48348 000000005a98e670
0x00007f2d5af34470:   0000000000000000 0000000000000000
0x00007f2d5af34480:   0000000000000000 0000000100000000
0x00007f2d5af34490:   00007f2d5af34587 0000001c00000000
0x00007f2d5af344a0:   000000ba49000001 97894d0000000000
0x00007f2d5af344b0:   0000000000000000 0000000000000000
0x00007f2d5af344c0:   00007f2d68230000 0000000000000000
0x00007f2d5af344d0:   00007f2d68230000 0000000000000000
0x00007f2d5af344e0:   0000001400000002 00007f2d380017b8
0x00007f2d5af344f0:   00007f2d68230000 000000496501d9c3
0x00007f2d5af34500:   ffffffffffffffff 00007f2d5af34587
0x00007f2d5af34510:   000000000000001c 00007f2d5af34578
0x00007f2d5af34520:   00007f2d682301e8 0000000000000001
0x00007f2d5af34530:   00000000ffffffff 000000000000001c
0x00007f2d5af34540:   00007f2d682301e8 0000000000000000
0x00007f2d5af34550:   00000000bfaf89c8 00007f2d5af34608
0x00007f2d5af34560:   00007f2d68230000 00007f2d5a99699c
0x00007f2d5af34570:   00000000bfaf89c8 00007f2d5af34608
0x00007f2d5af34580:   00007f2d5af345e8 00000000bfaf89d0
0x00007f2d5af34590:   00007f2d5af345e8 00007f2d65012cd8
0x00007f2d5af345a0:   00007f2d68230000 00007f2d5af345a8
0x00007f2d5af345b0:   00000000bfaf89c8 00007f2d5af34608
0x00007f2d5af345c0:   00000000bfb0c3c8 0000000000000000
0x00007f2d5af345d0:   00000000bfaf89d0 0000000000000000
0x00007f2d5af345e0:   00007f2d5af34608 00007f2d5af34660
0x00007f2d5af345f0:   00007f2d650061d4 0000000000000000
0x00007f2d5af34600:   00007f2d6500ecd6 00000000ec6290b8
0x00007f2d5af34610:   0000000000000001 00000000ec629468
0x00007f2d5af34620:   00007f2d5af34610 00000000bfb0b44d
0x00007f2d5af34630:   00007f2d5af34688 00000000bfb0ef68 

Instructions: (pc=0x00007f2d5a996462)
0x00007f2d5a996442:   89 44 24 4c 48 c7 44 24 40 00 00 00 00 48 c7 44
0x00007f2d5a996452:   24 38 00 00 00 00 e8 53 d7 ff ff 48 89 44 24 28
0x00007f2d5a996462:   8b 40 08 45 85 e4 48 8b 54 24 28 44 8b 7c 24 4c
0x00007f2d5a996472:   89 44 24 34 c7 42 08 00 00 00 00 78 0c 31 c0 e8 

Register to memory mapping:

RAX=0x000000005a98e670 is an unknown value
RBX=0x000000000000001c is an unknown value
RCX=0x0000000000000001 is an unknown value
RDX=0x00007f2d6fbc5a50: <offset 0xe37a50> in /usr/lib/jvm/jdk1.7.0_51/jre/lib/amd64/server/libjvm.so at 0x00007f2d6ed8e000
RSP=0x00007f2d5af34440 is pointing into the stack for thread: 0x00007f2d68230000
RBP=0x00007f2d682301e8 is an unknown value
RSI=0x00007f2d5a999e30: <offset 0x9e30> in /usr/lib/jvm/jdk1.7.0_51/jre/lib/amd64/librxtxSerial.so at 0x00007f2d5a990000
RDI=0x00007f2d5a999d3e: <offset 0x9d3e> in /usr/lib/jvm/jdk1.7.0_51/jre/lib/amd64/librxtxSerial.so at 0x00007f2d5a990000
R8 =0x00007f2d5af343b0 is pointing into the stack for thread: 0x00007f2d68230000
R9 =0x00000000ec6290b8 is an oop
gnu.io.RXTXPort 
 - klass: 'gnu/io/RXTXPort'
R10=0x0000000000000000 is an unknown value
R11=0x00007f2d6fbca008: <offset 0xe3c008> in /usr/lib/jvm/jdk1.7.0_51/jre/lib/amd64/server/libjvm.so at 0x00007f2d6ed8e000
R12=0x00000000ffffffff is an unallocated location in the heap
R13=0x0000000000000000 is an unknown value
R14=0x00007f2d5af34608 is pointing into the stack for thread: 0x00007f2d68230000
R15=0x00007f2d68230000 is a thread


Stack: [0x00007f2d5ae36000,0x00007f2d5af37000],  sp=0x00007f2d5af34440,  free space=1017k
Native frames: (J=compiled Java code, j=interpreted, Vv=VM code, C=native code)
C  [librxtxSerial.so+0x6462]  read_byte_array+0x52

Java frames: (J=compiled Java code, j=interpreted, Vv=VM code)
j  gnu.io.RXTXPort.readByte()I+0
j  gnu.io.RXTXPort$SerialInputStream.read()I+61
J  PPD_Frame.recibirDatos()V
j  PPD_Frame.inicializarConexion()V+143
j  PPD_Frame.<init>()V+39
j  PPD_Frame$3.run()V+4
j  java.awt.event.InvocationEvent.dispatch()V+47
j  java.awt.EventQueue.dispatchEventImpl(Ljava/awt/AWTEvent;Ljava/lang/Object;)V+21
j  java.awt.EventQueue.access$200(Ljava/awt/EventQueue;Ljava/awt/AWTEvent;Ljava/lang/Object;)V+3
j  java.awt.EventQueue$3.run()Ljava/lang/Void;+12
j  java.awt.EventQueue$3.run()Ljava/lang/Object;+1
v  ~StubRoutines::call_stub
j  java.security.AccessController.doPrivileged(Ljava/security/PrivilegedAction;Ljava/security/AccessControlContext;)Ljava/lang/Object;+0
j  java.security.ProtectionDomain$1.doIntersectionPrivilege(Ljava/security/PrivilegedAction;Ljava/security/AccessControlContext;Ljava/security/AccessControlContext;)Ljava/lang/Object;+28
j  java.awt.EventQueue.dispatchEvent(Ljava/awt/AWTEvent;)V+46
j  java.awt.EventDispatchThread.pumpOneEventForFilters(I)V+245
j  java.awt.EventDispatchThread.pumpEventsForFilter(ILjava/awt/Conditional;Ljava/awt/EventFilter;)V+35
j  java.awt.EventDispatchThread.pumpEventsForHierarchy(ILjava/awt/Conditional;Ljava/awt/Component;)V+11
j  java.awt.EventDispatchThread.pumpEvents(ILjava/awt/Conditional;)V+4
j  java.awt.EventDispatchThread.pumpEvents(Ljava/awt/Conditional;)V+3
j  java.awt.EventDispatchThread.run()V+9
v  ~StubRoutines::call_stub

---------------  P R O C E S S  ---------------

Java Threads: ( => current thread )
  0x00007f2d200b6000 JavaThread "Thread-0" [_thread_in_native, id=9473, stack(0x00007f2d5a88f000,0x00007f2d5a990000)]
  0x00007f2d20037800 JavaThread "Image Fetcher 0" daemon [_thread_blocked, id=9472, stack(0x00007f2d5aab6000,0x00007f2d5abb7000)]
  0x00007f2d6800a000 JavaThread "DestroyJavaVM" [_thread_blocked, id=9454, stack(0x00007f2d6e984000,0x00007f2d6ea85000)]
=>0x00007f2d68230000 JavaThread "AWT-EventQueue-0" [_thread_in_native, id=9471, stack(0x00007f2d5ae36000,0x00007f2d5af37000)]
  0x00007f2d6822d800 JavaThread "AWT-Shutdown" [_thread_blocked, id=9470, stack(0x00007f2d5af37000,0x00007f2d5b038000)]
  0x00007f2d6819b000 JavaThread "AWT-XAWT" daemon [_thread_in_native, id=9469, stack(0x00007f2d600f4000,0x00007f2d601f5000)]
  0x00007f2d6817a800 JavaThread "Java2D Disposer" daemon [_thread_blocked, id=9468, stack(0x00007f2d601f5000,0x00007f2d602f6000)]
  0x00007f2d68097000 JavaThread "Service Thread" daemon [_thread_blocked, id=9466, stack(0x00007f2d61ab6000,0x00007f2d61bb7000)]
  0x00007f2d68094800 JavaThread "C2 CompilerThread1" daemon [_thread_blocked, id=9465, stack(0x00007f2d61bb7000,0x00007f2d61cb8000)]
  0x00007f2d68091800 JavaThread "C2 CompilerThread0" daemon [_thread_blocked, id=9464, stack(0x00007f2d61cb8000,0x00007f2d61db9000)]
  0x00007f2d6808f800 JavaThread "Signal Dispatcher" daemon [_thread_blocked, id=9463, stack(0x00007f2d61db9000,0x00007f2d61eba000)]
  0x00007f2d68070000 JavaThread "Finalizer" daemon [_thread_blocked, id=9462, stack(0x00007f2d62879000,0x00007f2d6297a000)]
  0x00007f2d6806c000 JavaThread "Reference Handler" daemon [_thread_blocked, id=9461, stack(0x00007f2d6297a000,0x00007f2d62a7b000)]

Other Threads:
  0x00007f2d68069800 VMThread [stack: 0x00007f2d62a7b000,0x00007f2d62b7c000] [id=9460]
  0x00007f2d680a1800 WatcherThread [stack: 0x00007f2d619b5000,0x00007f2d61ab6000] [id=9467]

VM state:not at safepoint (normal execution)

VM Mutex/Monitor currently owned by a thread: None

Heap
 PSYoungGen      total 17920K, used 6197K [0x00000000ec080000, 0x00000000ed480000, 0x0000000100000000)
  eden space 15360K, 40% used [0x00000000ec080000,0x00000000ec68d5f0,0x00000000ecf80000)
  from space 2560K, 0% used [0x00000000ed200000,0x00000000ed200000,0x00000000ed480000)
  to   space 2560K, 0% used [0x00000000ecf80000,0x00000000ecf80000,0x00000000ed200000)
 ParOldGen       total 40448K, used 0K [0x00000000c4200000, 0x00000000c6980000, 0x00000000ec080000)
  object space 40448K, 0% used [0x00000000c4200000,0x00000000c4200000,0x00000000c6980000)
 PSPermGen       total 21504K, used 11332K [0x00000000bf000000, 0x00000000c0500000, 0x00000000c4200000)
  object space 21504K, 52% used [0x00000000bf000000,0x00000000bfb11198,0x00000000c0500000)

Card table byte_map: [0x00007f2d6d61f000,0x00007f2d6d828000] byte_map_base: 0x00007f2d6d027000

Polling page: 0x00007f2d70816000

Code Cache  [0x00007f2d65000000, 0x00007f2d65270000, 0x00007f2d68000000)
 total_blobs=502 nmethods=41 adapters=414 free_code_cache=48526Kb largest_free_block=49667904

Compilation events (10 events):
Event: 0.422 Thread 0x00007f2d68094800   36             java.util.Arrays::copyOfRange (63 bytes)
Event: 0.425 Thread 0x00007f2d68094800 nmethod 36 0x00007f2d65090710 code [0x00007f2d65090860, 0x00007f2d65090a78]
Event: 0.427 Thread 0x00007f2d68091800   37             java.lang.String::<init> (67 bytes)
Event: 0.429 Thread 0x00007f2d68091800 nmethod 37 0x00007f2d65095710 code [0x00007f2d65095860, 0x00007f2d65095af8]
Event: 0.430 Thread 0x00007f2d68094800   38             java.lang.String::toLowerCase (472 bytes)
Event: 0.444 Thread 0x00007f2d68094800 nmethod 38 0x00007f2d650a0010 code [0x00007f2d650a0240, 0x00007f2d650a1220]
Event: 0.445 Thread 0x00007f2d68091800   39  s!         gnu.io.RXTXPort$SerialInputStream::available (67 bytes)
Event: 0.446 Thread 0x00007f2d68091800 nmethod 39 0x00007f2d6509e410 code [0x00007f2d6509e560, 0x00007f2d6509e9a8]
Event: 0.447 Thread 0x00007f2d68094800   41 % !         PPD_Frame::recibirDatos @ 11 (69 bytes)
Event: 0.449 Thread 0x00007f2d68094800 nmethod 41% 0x00007f2d6509de50 code [0x00007f2d6509dfe0, 0x00007f2d6509e1c8]

GC Heap History (0 events):
No events

Deoptimization events (3 events):
Event: 0.165 Thread 0x00007f2d6800a000 Uncommon trap: reason=class_check action=maybe_recompile pc=0x00007f2d6507c30c method=java.util.Properties$LineReader.readLine()I @ 62
Event: 0.167 Thread 0x00007f2d6800a000 Uncommon trap: reason=class_check action=maybe_recompile pc=0x00007f2d6507c30c method=java.util.Properties$LineReader.readLine()I @ 62
Event: 0.169 Thread 0x00007f2d6800a000 Uncommon trap: reason=class_check action=maybe_recompile pc=0x00007f2d6507c30c method=java.util.Properties$LineReader.readLine()I @ 62

Internal exceptions (10 events):
Event: 0.250 Thread 0x00007f2d68230000 Threw 0x00000000ec394120 at /HUDSON/workspace/7u-2-build-linux-amd64@2/jdk7u51/527/hotspot/src/share/vm/prims/jvm.cpp:1244
Event: 0.250 Thread 0x00007f2d68230000 Threw 0x00000000ec395838 at /HUDSON/workspace/7u-2-build-linux-amd64@2/jdk7u51/527/hotspot/src/share/vm/prims/jvm.cpp:1244
Event: 0.251 Thread 0x00007f2d68230000 Threw 0x00000000ec399378 at /HUDSON/workspace/7u-2-build-linux-amd64@2/jdk7u51/527/hotspot/src/share/vm/prims/jvm.cpp:1244
Event: 0.251 Thread 0x00007f2d68230000 Threw 0x00000000ec39aa90 at /HUDSON/workspace/7u-2-build-linux-amd64@2/jdk7u51/527/hotspot/src/share/vm/prims/jvm.cpp:1244
Event: 0.317 Thread 0x00007f2d68230000 Threw 0x00000000ec46b400 at /HUDSON/workspace/7u-2-build-linux-amd64@2/jdk7u51/527/hotspot/src/share/vm/prims/jvm.cpp:1244
Event: 0.319 Thread 0x00007f2d68230000 Threw 0x00000000ec506c20 at /HUDSON/workspace/7u-2-build-linux-amd64@2/jdk7u51/527/hotspot/src/share/vm/prims/jvm.cpp:1244
Event: 0.389 Thread 0x00007f2d68230000 Threw 0x00000000ec5d4a48 at /HUDSON/workspace/7u-2-build-linux-amd64@2/jdk7u51/527/hotspot/src/share/vm/prims/jni.cpp:717
Event: 0.404 Thread 0x00007f2d68230000 Threw 0x00000000ec5e7d48 at /HUDSON/workspace/7u-2-build-linux-amd64@2/jdk7u51/527/hotspot/src/share/vm/prims/jni.cpp:717
Event: 0.406 Thread 0x00007f2d68230000 Threw 0x00000000ec5f9718 at /HUDSON/workspace/7u-2-build-linux-amd64@2/jdk7u51/527/hotspot/src/share/vm/prims/jni.cpp:717
Event: 0.428 Thread 0x00007f2d68230000 Threw 0x00000000ec60c688 at /HUDSON/workspace/7u-2-build-linux-amd64@2/jdk7u51/527/hotspot/src/share/vm/prims/jni.cpp:717

Events (10 events):
Event: 0.430 loading class 0x00007f2d200d5d60 done
Event: 0.431 loading class 0x00007f2d3412fc80
Event: 0.431 loading class 0x00007f2d3412fc80 done
Event: 0.431 loading class 0x00007f2d200d6060
Event: 0.431 loading class 0x00007f2d200d6060 done
Event: 0.431 loading class 0x00007f2d200b5c10
Event: 0.431 loading class 0x00007f2d200b5c10 done
Event: 0.433 loading class 0x00007f2d200d5da0
Event: 0.433 loading class 0x00007f2d200d5da0 done
Event: 0.433 Thread 0x00007f2d200b6000 Thread added: 0x00007f2d200b6000


Dynamic libraries:
00400000-00401000 r-xp 00000000 08:07 937188                             /usr/lib/jvm/jdk1.7.0_51/bin/java
00600000-00601000 rw-p 00000000 08:07 937188                             /usr/lib/jvm/jdk1.7.0_51/bin/java
016e6000-01707000 rw-p 00000000 00:00 0                                  [heap]
bf000000-c0500000 rw-p 00000000 00:00 0 
c0500000-c4200000 rw-p 00000000 00:00 0 
c4200000-c6980000 rw-p 00000000 00:00 0 
c6980000-ec080000 rw-p 00000000 00:00 0 
ec080000-ed480000 rw-p 00000000 00:00 0 
ed480000-100000000 rw-p 00000000 00:00 0 
7f2d14000000-7f2d14051000 rw-p 00000000 00:00 0 
7f2d14051000-7f2d18000000 ---p 00000000 00:00 0 
7f2d18000000-7f2d18021000 rw-p 00000000 00:00 0 
7f2d18021000-7f2d1c000000 ---p 00000000 00:00 0 
7f2d1c000000-7f2d1c021000 rw-p 00000000 00:00 0 
7f2d1c021000-7f2d20000000 ---p 00000000 00:00 0 
7f2d20000000-7f2d200d7000 rw-p 00000000 00:00 0 
7f2d200d7000-7f2d24000000 ---p 00000000 00:00 0 
7f2d24000000-7f2d24021000 rw-p 00000000 00:00 0 
7f2d24021000-7f2d28000000 ---p 00000000 00:00 0 
7f2d28000000-7f2d28021000 rw-p 00000000 00:00 0 
7f2d28021000-7f2d2c000000 ---p 00000000 00:00 0 
7f2d2c000000-7f2d2c021000 rw-p 00000000 00:00 0 
7f2d2c021000-7f2d30000000 ---p 00000000 00:00 0 
7f2d30000000-7f2d30021000 rw-p 00000000 00:00 0 
7f2d30021000-7f2d34000000 ---p 00000000 00:00 0 
7f2d34000000-7f2d343e3000 rw-p 00000000 00:00 0 
7f2d343e3000-7f2d38000000 ---p 00000000 00:00 0 
7f2d38000000-7f2d38248000 rw-p 00000000 00:00 0 
7f2d38248000-7f2d3c000000 ---p 00000000 00:00 0 
7f2d3c000000-7f2d3c021000 rw-p 00000000 00:00 0 
7f2d3c021000-7f2d40000000 ---p 00000000 00:00 0 
7f2d40000000-7f2d40021000 rw-p 00000000 00:00 0 
7f2d40021000-7f2d44000000 ---p 00000000 00:00 0 
7f2d44000000-7f2d44021000 rw-p 00000000 00:00 0 
7f2d44021000-7f2d48000000 ---p 00000000 00:00 0 
7f2d48000000-7f2d48021000 rw-p 00000000 00:00 0 
7f2d48021000-7f2d4c000000 ---p 00000000 00:00 0 
7f2d4c000000-7f2d4c021000 rw-p 00000000 00:00 0 
7f2d4c021000-7f2d50000000 ---p 00000000 00:00 0 
7f2d50000000-7f2d50021000 rw-p 00000000 00:00 0 
7f2d50021000-7f2d54000000 ---p 00000000 00:00 0 
7f2d54000000-7f2d54021000 rw-p 00000000 00:00 0 
7f2d54021000-7f2d58000000 ---p 00000000 00:00 0 
7f2d5a88f000-7f2d5a892000 ---p 00000000 00:00 0 
7f2d5a892000-7f2d5a990000 rw-p 00000000 00:00 0 
7f2d5a990000-7f2d5a99c000 r-xp 00000000 08:07 1835128                    /usr/lib/jvm/jdk1.7.0_51/jre/lib/amd64/librxtxSerial.so
7f2d5a99c000-7f2d5aa9b000 ---p 0000c000 08:07 1835128                    /usr/lib/jvm/jdk1.7.0_51/jre/lib/amd64/librxtxSerial.so
7f2d5aa9b000-7f2d5aa9d000 rw-p 0000b000 08:07 1835128                    /usr/lib/jvm/jdk1.7.0_51/jre/lib/amd64/librxtxSerial.so
7f2d5aa9d000-7f2d5aab6000 r--s 00000000 08:07 527849                     /usr/share/fonts/type1/gsfonts/n022004l.pfb
7f2d5aab6000-7f2d5aab9000 ---p 00000000 00:00 0 
7f2d5aab9000-7f2d5abb7000 rw-p 00000000 00:00 0 
7f2d5abb7000-7f2d5ac1f000 r-xp 00000000 08:07 1836082                    /usr/lib/jvm/jdk1.7.0_51/jre/lib/amd64/libt2k.so
7f2d5ac1f000-7f2d5ae1f000 ---p 00068000 08:07 1836082                    /usr/lib/jvm/jdk1.7.0_51/jre/lib/amd64/libt2k.so
7f2d5ae1f000-7f2d5ae26000 rw-p 00068000 08:07 1836082                    /usr/lib/jvm/jdk1.7.0_51/jre/lib/amd64/libt2k.so
7f2d5ae26000-7f2d5ae36000 rw-p 00000000 00:00 0 
7f2d5ae36000-7f2d5ae39000 ---p 00000000 00:00 0 
7f2d5ae39000-7f2d5af37000 rw-p 00000000 00:00 0 
7f2d5af37000-7f2d5af3a000 ---p 00000000 00:00 0 
7f2d5af3a000-7f2d5b038000 rw-p 00000000 00:00 0 
7f2d5b038000-7f2d5b048000 r-xp 00000000 08:07 1836051                    /usr/lib/jvm/jdk1.7.0_51/jre/lib/amd64/libnio.so
7f2d5b048000-7f2d5b248000 ---p 00010000 08:07 1836051                    /usr/lib/jvm/jdk1.7.0_51/jre/lib/amd64/libnio.so
7f2d5b248000-7f2d5b249000 rw-p 00010000 08:07 1836051                    /usr/lib/jvm/jdk1.7.0_51/jre/lib/amd64/libnio.so
7f2d5b249000-7f2d5b54a000 rw-p 00000000 00:00 0 
7f2d5b54a000-7f2d5b560000 r-xp 00000000 08:07 1836056                    /usr/lib/jvm/jdk1.7.0_51/jre/lib/amd64/libnet.so
7f2d5b560000-7f2d5b760000 ---p 00016000 08:07 1836056                    /usr/lib/jvm/jdk1.7.0_51/jre/lib/amd64/libnet.so
7f2d5b760000-7f2d5b761000 rw-p 00016000 08:07 1836056                    /usr/lib/jvm/jdk1.7.0_51/jre/lib/amd64/libnet.so
7f2d5b761000-7f2d5b777000 r-xp 00000000 08:07 2364498                    /lib/x86_64-linux-gnu/libgcc_s.so.1
7f2d5b777000-7f2d5b976000 ---p 00016000 08:07 2364498                    /lib/x86_64-linux-gnu/libgcc_s.so.1
7f2d5b976000-7f2d5b977000 rw-p 00015000 08:07 2364498                    /lib/x86_64-linux-gnu/libgcc_s.so.1
7f2d5b977000-7f2d5b9dc000 r-xp 00000000 08:07 1836052                    /usr/lib/jvm/jdk1.7.0_51/jre/lib/amd64/libfontmanager.so
7f2d5b9dc000-7f2d5bbdb000 ---p 00065000 08:07 1836052                    /usr/lib/jvm/jdk1.7.0_51/jre/lib/amd64/libfontmanager.so
7f2d5bbdb000-7f2d5bbdf000 rw-p 00064000 08:07 1836052                    /usr/lib/jvm/jdk1.7.0_51/jre/lib/amd64/libfontmanager.so
7f2d5bbdf000-7f2d5bbf0000 rw-p 00000000 00:00 0 
7f2d5bbf0000-7f2d5bbf5000 r-xp 00000000 08:07 2762080                    /usr/lib/x86_64-linux-gnu/libXfixes.so.3.1.0
7f2d5bbf5000-7f2d5bdf4000 ---p 00005000 08:07 2762080                    /usr/lib/x86_64-linux-gnu/libXfixes.so.3.1.0
7f2d5bdf4000-7f2d5bdf5000 r--p 00004000 08:07 2762080                    /usr/lib/x86_64-linux-gnu/libXfixes.so.3.1.0
7f2d5bdf5000-7f2d5bdf6000 rw-p 00005000 08:07 2762080                    /usr/lib/x86_64-linux-gnu/libXfixes.so.3.1.0
7f2d5bdf6000-7f2d5bdff000 r-xp 00000000 08:07 2762072                    /usr/lib/x86_64-linux-gnu/libXcursor.so.1.0.2
7f2d5bdff000-7f2d5bffe000 ---p 00009000 08:07 2762072                    /usr/lib/x86_64-linux-gnu/libXcursor.so.1.0.2
7f2d5bffe000-7f2d5bfff000 r--p 00008000 08:07 2762072                    /usr/lib/x86_64-linux-gnu/libXcursor.so.1.0.2
7f2d5bfff000-7f2d5c000000 rw-p 00009000 08:07 2762072                    /usr/lib/x86_64-linux-gnu/libXcursor.so.1.0.2
7f2d5c000000-7f2d5c021000 rw-p 00000000 00:00 0 
7f2d5c021000-7f2d60000000 ---p 00000000 00:00 0 
7f2d60015000-7f2d6002e000 r--s 00000000 08:07 527834                     /usr/share/fonts/type1/gsfonts/n021003l.pfb
7f2d6002e000-7f2d60044000 r--s 00000000 08:07 527843                     /usr/share/fonts/type1/gsfonts/n021024l.pfb
7f2d60044000-7f2d6005a000 r--s 00000000 08:07 527852                     /usr/share/fonts/type1/gsfonts/n022023l.pfb
7f2d6005a000-7f2d60071000 r--s 00000000 08:07 527840                     /usr/share/fonts/type1/gsfonts/n021023l.pfb
7f2d60071000-7f2d60082000 r--s 00000000 08:07 527816                     /usr/share/fonts/type1/gsfonts/n019023l.pfb
7f2d60082000-7f2d60096000 r--s 00000000 08:07 527810                     /usr/share/fonts/type1/gsfonts/n019003l.pfb
7f2d60096000-7f2d6009f000 r--s 00000000 08:07 527870                     /usr/share/fonts/type1/gsfonts/s050000l.pfb
7f2d6009f000-7f2d600aa000 r--s 00000000 08:07 2890696                    /var/cache/fontconfig/945677eb7aeaf62f1d50efc3fb3ec7d8-le64.cache-6
7f2d600aa000-7f2d600b0000 r--s 00000000 08:07 2890678                    /var/cache/fontconfig/2cd17615ca594fa2959ae173292e504c-le64.cache-6
7f2d600b0000-7f2d600b1000 r--s 00000000 08:07 2890675                    /var/cache/fontconfig/0d8c3b2ac0904cb8a57a757ad11a4a08-le64.cache-6
7f2d600b1000-7f2d600b5000 r--s 00000000 08:07 2885053                    /var/cache/fontconfig/de156ccd2eddbdc19d37a45b8b2aac9c-le64.cache-6
7f2d600b5000-7f2d600ca000 r--s 00000000 08:07 2890672                    /var/cache/fontconfig/04aabc0a78ac019cf9454389977116d2-le64.cache-6
7f2d600ca000-7f2d600cb000 r--s 00000000 08:07 2890677                    /var/cache/fontconfig/1ac9eb803944fde146138c791f5cc56a-le64.cache-6
7f2d600cb000-7f2d600cf000 r--s 00000000 08:07 2890682                    /var/cache/fontconfig/385c0604a188198f04d133e54aba7fe7-le64.cache-6
7f2d600cf000-7f2d600d0000 r--s 00000000 08:07 2890709                    /var/cache/fontconfig/dc05db6664285cc2f12bf69c139ae4c3-le64.cache-6
7f2d600d0000-7f2d600d3000 r--s 00000000 08:07 2890692                    /var/cache/fontconfig/767a8244fc0220cfb567a839d0392e0b-le64.cache-6
7f2d600d3000-7f2d600d4000 r--s 00000000 08:07 2883743                    /var/cache/fontconfig/4794a0821666d79190d59a36cb4f44b5-le64.cache-6
7f2d600d4000-7f2d600d9000 r--s 00000000 08:07 2890695                    /var/cache/fontconfig/8801497958630a81b71ace7c5f9b32a8-le64.cache-6
7f2d600d9000-7f2d600da000 r--s 00000000 08:07 2890702                    /var/cache/fontconfig/bab58bb527bb656aaa9f116d68a48d89-le64.cache-6
7f2d600da000-7f2d600e1000 r--s 00000000 08:07 2890679                    /var/cache/fontconfig/3047814df9a2f067bd2d96a2b9c36e5a-le64.cache-6
7f2d600e1000-7f2d600f4000 r--s 00000000 08:07 2890706                    /var/cache/fontconfig/d52a8644073d54c13679302ca1180695-le64.cache-6
7f2d600f4000-7f2d600f7000 ---p 00000000 00:00 0 
7f2d600f7000-7f2d601f5000 rw-p 00000000 00:00 0 
7f2d601f5000-7f2d601f8000 ---p 00000000 00:00 0 
7f2d601f8000-7f2d602f6000 rw-p 00000000 00:00 0 
7f2d602f6000-7f2d602fb000 r-xp 00000000 08:07 2762076                    /usr/lib/x86_64-linux-gnu/libXdmcp.so.6.0.0
7f2d602fb000-7f2d604fa000 ---p 00005000 08:07 2762076                    /usr/lib/x86_64-linux-gnu/libXdmcp.so.6.0.0
7f2d604fa000-7f2d604fb000 r--p 00004000 08:07 2762076                    /usr/lib/x86_64-linux-gnu/libXdmcp.so.6.0.0
7f2d604fb000-7f2d604fc000 rw-p 00005000 08:07 2762076                    /usr/lib/x86_64-linux-gnu/libXdmcp.so.6.0.0
7f2d604fc000-7f2d604fe000 r-xp 00000000 08:07 2762065                    /usr/lib/x86_64-linux-gnu/libXau.so.6.0.0
7f2d604fe000-7f2d606fe000 ---p 00002000 08:07 2762065                    /usr/lib/x86_64-linux-gnu/libXau.so.6.0.0
7f2d606fe000-7f2d606ff000 r--p 00002000 08:07 2762065                    /usr/lib/x86_64-linux-gnu/libXau.so.6.0.0
7f2d606ff000-7f2d60700000 rw-p 00003000 08:07 2762065                    /usr/lib/x86_64-linux-gnu/libXau.so.6.0.0
7f2d60700000-7f2d60721000 r-xp 00000000 08:07 2763443                    /usr/lib/x86_64-linux-gnu/libxcb.so.1.1.0
7f2d60721000-7f2d60920000 ---p 00021000 08:07 2763443                    /usr/lib/x86_64-linux-gnu/libxcb.so.1.1.0
7f2d60920000-7f2d60921000 r--p 00020000 08:07 2763443                    /usr/lib/x86_64-linux-gnu/libxcb.so.1.1.0
7f2d60921000-7f2d60922000 rw-p 00021000 08:07 2763443                    /usr/lib/x86_64-linux-gnu/libxcb.so.1.1.0
7f2d60922000-7f2d60931000 r-xp 00000000 08:07 2762086                    /usr/lib/x86_64-linux-gnu/libXi.so.6.1.0
7f2d60931000-7f2d60b30000 ---p 0000f000 08:07 2762086                    /usr/lib/x86_64-linux-gnu/libXi.so.6.1.0
7f2d60b30000-7f2d60b31000 r--p 0000e000 08:07 2762086                    /usr/lib/x86_64-linux-gnu/libXi.so.6.1.0
7f2d60b31000-7f2d60b32000 rw-p 0000f000 08:07 2762086                    /usr/lib/x86_64-linux-gnu/libXi.so.6.1.0
7f2d60b32000-7f2d60b37000 r-xp 00000000 08:07 2762104                    /usr/lib/x86_64-linux-gnu/libXtst.so.6.1.0
7f2d60b37000-7f2d60d36000 ---p 00005000 08:07 2762104                    /usr/lib/x86_64-linux-gnu/libXtst.so.6.1.0
7f2d60d36000-7f2d60d37000 r--p 00004000 08:07 2762104                    /usr/lib/x86_64-linux-gnu/libXtst.so.6.1.0
7f2d60d37000-7f2d60d38000 rw-p 00005000 08:07 2762104                    /usr/lib/x86_64-linux-gnu/libXtst.so.6.1.0
7f2d60d38000-7f2d60d41000 r-xp 00000000 08:07 2762098                    /usr/lib/x86_64-linux-gnu/libXrender.so.1.3.0
7f2d60d41000-7f2d60f40000 ---p 00009000 08:07 2762098                    /usr/lib/x86_64-linux-gnu/libXrender.so.1.3.0
7f2d60f40000-7f2d60f41000 r--p 00008000 08:07 2762098                    /usr/lib/x86_64-linux-gnu/libXrender.so.1.3.0
7f2d60f41000-7f2d60f42000 rw-p 00009000 08:07 2762098                    /usr/lib/x86_64-linux-gnu/libXrender.so.1.3.0
7f2d60f42000-7f2d61077000 r-xp 00000000 08:07 2762061                    /usr/lib/x86_64-linux-gnu/libX11.so.6.3.0
7f2d61077000-7f2d61277000 ---p 00135000 08:07 2762061                    /usr/lib/x86_64-linux-gnu/libX11.so.6.3.0
7f2d61277000-7f2d61278000 r--p 00135000 08:07 2762061                    /usr/lib/x86_64-linux-gnu/libX11.so.6.3.0
7f2d61278000-7f2d6127c000 rw-p 00136000 08:07 2762061                    /usr/lib/x86_64-linux-gnu/libX11.so.6.3.0
7f2d6127c000-7f2d6128d000 r-xp 00000000 08:07 2762078                    /usr/lib/x86_64-linux-gnu/libXext.so.6.4.0
7f2d6128d000-7f2d6148c000 ---p 00011000 08:07 2762078                    /usr/lib/x86_64-linux-gnu/libXext.so.6.4.0
7f2d6148c000-7f2d6148d000 r--p 00010000 08:07 2762078                    /usr/lib/x86_64-linux-gnu/libXext.so.6.4.0
7f2d6148d000-7f2d6148e000 rw-p 00011000 08:07 2762078                    /usr/lib/x86_64-linux-gnu/libXext.so.6.4.0
7f2d6148e000-7f2d614de000 r-xp 00000000 08:07 1836094                    /usr/lib/jvm/jdk1.7.0_51/jre/lib/amd64/xawt/libmawt.so
7f2d614de000-7f2d616de000 ---p 00050000 08:07 1836094                    /usr/lib/jvm/jdk1.7.0_51/jre/lib/amd64/xawt/libmawt.so
7f2d616de000-7f2d616e2000 rw-p 00050000 08:07 1836094                    /usr/lib/jvm/jdk1.7.0_51/jre/lib/amd64/xawt/libmawt.so
7f2d616e2000-7f2d616e3000 rw-p 00000000 00:00 0 
7f2d616e3000-7f2d61785000 r-xp 00000000 08:07 1836064                    /usr/lib/jvm/jdk1.7.0_51/jre/lib/amd64/libawt.so
7f2d61785000-7f2d61985000 ---p 000a2000 08:07 1836064                    /usr/lib/jvm/jdk1.7.0_51/jre/lib/amd64/libawt.so
7f2d61985000-7f2d61991000 rw-p 000a2000 08:07 1836064                    /usr/lib/jvm/jdk1.7.0_51/jre/lib/amd64/libawt.so
7f2d61991000-7f2d619b5000 rw-p 00000000 00:00 0 
7f2d619b5000-7f2d619b6000 ---p 00000000 00:00 0 
7f2d619b6000-7f2d61ab6000 rw-p 00000000 00:00 0 
7f2d61ab6000-7f2d61ab9000 ---p 00000000 00:00 0 
7f2d61ab9000-7f2d61bb7000 rw-p 00000000 00:00 0 
7f2d61bb7000-7f2d61bba000 ---p 00000000 00:00 0 
7f2d61bba000-7f2d61cb8000 rw-p 00000000 00:00 0 
7f2d61cb8000-7f2d61cbb000 ---p 00000000 00:00 0 
7f2d61cbb000-7f2d61db9000 rw-p 00000000 00:00 0 
7f2d61db9000-7f2d61dbc000 ---p 00000000 00:00 0 
7f2d61dbc000-7f2d61eba000 rw-p 00000000 00:00 0 
7f2d61eba000-7f2d62879000 r--p 00000000 08:07 2760681                    /usr/lib/locale/locale-archive
7f2d62879000-7f2d6287c000 ---p 00000000 00:00 0 
7f2d6287c000-7f2d6297a000 rw-p 00000000 00:00 0 
7f2d6297a000-7f2d6297d000 ---p 00000000 00:00 0 
7f2d6297d000-7f2d62a7b000 rw-p 00000000 00:00 0 
7f2d62a7b000-7f2d62a7c000 ---p 00000000 00:00 0 
7f2d62a7c000-7f2d65000000 rw-p 00000000 00:00 0 
7f2d65000000-7f2d65270000 rwxp 00000000 00:00 0 
7f2d65270000-7f2d68239000 rw-p 00000000 00:00 0 
7f2d68239000-7f2d6c000000 ---p 00000000 00:00 0 
7f2d6c000000-7f2d6c001000 r--s 00000000 08:07 2890686                    /var/cache/fontconfig/56cf4f4769d0f4abc89a4895d7bd3ae1-le64.cache-6
7f2d6c001000-7f2d6c002000 r--s 00000000 08:07 2890701                    /var/cache/fontconfig/b9d506c9ac06c20b433354fa67a72993-le64.cache-6
7f2d6c002000-7f2d6c008000 r--s 00000000 08:07 2890700                    /var/cache/fontconfig/b47c4e1ecd0709278f4910c18777a504-le64.cache-6
7f2d6c008000-7f2d6c009000 r--s 00000000 08:07 2890685                    /var/cache/fontconfig/551ecf3b0e8b0bca0f25c0944f561853-le64.cache-6
7f2d6c009000-7f2d6c014000 r--s 00000000 08:07 2887795                    /var/cache/fontconfig/d589a48862398ed80a3d6066f4f56f4c-le64.cache-6
7f2d6c014000-7f2d6c017000 r--s 00000000 08:07 2890691                    /var/cache/fontconfig/75114ca45c98e8a441da0ff356701271-le64.cache-6
7f2d6c017000-7f2d6c022000 r--s 00000000 08:07 2890694                    /var/cache/fontconfig/83bf95040141907cd45bb53cf7c1c148-le64.cache-6
7f2d6c022000-7f2d6c034000 r--s 00000000 08:07 2886108                    /var/cache/fontconfig/9b89f8e3dae116d678bbf48e5f21f69b-le64.cache-6
7f2d6c034000-7f2d6c037000 r--s 00000000 08:07 2890710                    /var/cache/fontconfig/e13b20fdb08344e0e664864cc2ede53d-le64.cache-6
7f2d6c037000-7f2d6c03b000 r--s 00000000 08:07 2883629                    /var/cache/fontconfig/7ef2298fde41cc6eeb7af42e48b7d293-le64.cache-6
7f2d6c03b000-7f2d6c060000 r--p 00000000 08:07 397003                     /usr/share/locale-langpack/es/LC_MESSAGES/libc.mo
7f2d6c060000-7f2d6c06b000 r--s 0037c000 08:07 1057110                    /usr/lib/jvm/jdk1.7.0_51/jre/lib/charsets.jar
7f2d6c06b000-7f2d6cc45000 rw-p 00000000 00:00 0 
7f2d6cc45000-7f2d6ce02000 r--s 039bf000 08:07 1057153                    /usr/lib/jvm/jdk1.7.0_51/jre/lib/rt.jar
7f2d6ce02000-7f2d6d0db000 rw-p 00000000 00:00 0 
7f2d6d0db000-7f2d6d0dc000 ---p 00000000 00:00 0 
7f2d6d0dc000-7f2d6d1dc000 rw-p 00000000 00:00 0 
7f2d6d1dc000-7f2d6d1dd000 ---p 00000000 00:00 0 
7f2d6d1dd000-7f2d6d2dd000 rw-p 00000000 00:00 0 
7f2d6d2dd000-7f2d6d2de000 ---p 00000000 00:00 0 
7f2d6d2de000-7f2d6d3de000 rw-p 00000000 00:00 0 
7f2d6d3de000-7f2d6d3df000 ---p 00000000 00:00 0 
7f2d6d3df000-7f2d6d4f3000 rw-p 00000000 00:00 0 
7f2d6d4f3000-7f2d6d61f000 rw-p 00000000 00:00 0 
7f2d6d61f000-7f2d6d62a000 rw-p 00000000 00:00 0 
7f2d6d62a000-7f2d6d648000 rw-p 00000000 00:00 0 
7f2d6d648000-7f2d6d65c000 rw-p 00000000 00:00 0 
7f2d6d65c000-7f2d6d787000 rw-p 00000000 00:00 0 
7f2d6d787000-7f2d6d792000 rw-p 00000000 00:00 0 
7f2d6d792000-7f2d6d827000 rw-p 00000000 00:00 0 
7f2d6d827000-7f2d6d832000 rw-p 00000000 00:00 0 
7f2d6d832000-7f2d6d8e8000 rw-p 00000000 00:00 0 
7f2d6d8e8000-7f2d6d902000 r-xp 00000000 08:07 1836101                    /usr/lib/jvm/jdk1.7.0_51/jre/lib/amd64/libzip.so
7f2d6d902000-7f2d6db02000 ---p 0001a000 08:07 1836101                    /usr/lib/jvm/jdk1.7.0_51/jre/lib/amd64/libzip.so
7f2d6db02000-7f2d6db03000 rw-p 0001a000 08:07 1836101                    /usr/lib/jvm/jdk1.7.0_51/jre/lib/amd64/libzip.so
7f2d6db03000-7f2d6db0e000 r-xp 00000000 08:07 2364559                    /lib/x86_64-linux-gnu/libnss_files-2.23.so
7f2d6db0e000-7f2d6dd0d000 ---p 0000b000 08:07 2364559                    /lib/x86_64-linux-gnu/libnss_files-2.23.so
7f2d6dd0d000-7f2d6dd0e000 r--p 0000a000 08:07 2364559                    /lib/x86_64-linux-gnu/libnss_files-2.23.so
7f2d6dd0e000-7f2d6dd0f000 rw-p 0000b000 08:07 2364559                    /lib/x86_64-linux-gnu/libnss_files-2.23.so
7f2d6dd0f000-7f2d6dd15000 rw-p 00000000 00:00 0 
7f2d6dd15000-7f2d6dd20000 r-xp 00000000 08:07 2364569                    /lib/x86_64-linux-gnu/libnss_nis-2.23.so
7f2d6dd20000-7f2d6df1f000 ---p 0000b000 08:07 2364569                    /lib/x86_64-linux-gnu/libnss_nis-2.23.so
7f2d6df1f000-7f2d6df20000 r--p 0000a000 08:07 2364569                    /lib/x86_64-linux-gnu/libnss_nis-2.23.so
7f2d6df20000-7f2d6df21000 rw-p 0000b000 08:07 2364569                    /lib/x86_64-linux-gnu/libnss_nis-2.23.so
7f2d6df21000-7f2d6df37000 r-xp 00000000 08:07 2364553                    /lib/x86_64-linux-gnu/libnsl-2.23.so
7f2d6df37000-7f2d6e136000 ---p 00016000 08:07 2364553                    /lib/x86_64-linux-gnu/libnsl-2.23.so
7f2d6e136000-7f2d6e137000 r--p 00015000 08:07 2364553                    /lib/x86_64-linux-gnu/libnsl-2.23.so
7f2d6e137000-7f2d6e138000 rw-p 00016000 08:07 2364553                    /lib/x86_64-linux-gnu/libnsl-2.23.so
7f2d6e138000-7f2d6e13a000 rw-p 00000000 00:00 0 
7f2d6e13a000-7f2d6e142000 r-xp 00000000 08:07 2364555                    /lib/x86_64-linux-gnu/libnss_compat-2.23.so
7f2d6e142000-7f2d6e341000 ---p 00008000 08:07 2364555                    /lib/x86_64-linux-gnu/libnss_compat-2.23.so
7f2d6e341000-7f2d6e342000 r--p 00007000 08:07 2364555                    /lib/x86_64-linux-gnu/libnss_compat-2.23.so
7f2d6e342000-7f2d6e343000 rw-p 00008000 08:07 2364555                    /lib/x86_64-linux-gnu/libnss_compat-2.23.so
7f2d6e343000-7f2d6e36c000 r-xp 00000000 08:07 1836085                    /usr/lib/jvm/jdk1.7.0_51/jre/lib/amd64/libjava.so
7f2d6e36c000-7f2d6e56c000 ---p 00029000 08:07 1836085                    /usr/lib/jvm/jdk1.7.0_51/jre/lib/amd64/libjava.so
7f2d6e56c000-7f2d6e56e000 rw-p 00029000 08:07 1836085                    /usr/lib/jvm/jdk1.7.0_51/jre/lib/amd64/libjava.so
7f2d6e56e000-7f2d6e57b000 r-xp 00000000 08:07 1836083                    /usr/lib/jvm/jdk1.7.0_51/jre/lib/amd64/libverify.so
7f2d6e57b000-7f2d6e77a000 ---p 0000d000 08:07 1836083                    /usr/lib/jvm/jdk1.7.0_51/jre/lib/amd64/libverify.so
7f2d6e77a000-7f2d6e77c000 rw-p 0000c000 08:07 1836083                    /usr/lib/jvm/jdk1.7.0_51/jre/lib/amd64/libverify.so
7f2d6e77c000-7f2d6e783000 r-xp 00000000 08:07 2364614                    /lib/x86_64-linux-gnu/librt-2.23.so
7f2d6e783000-7f2d6e982000 ---p 00007000 08:07 2364614                    /lib/x86_64-linux-gnu/librt-2.23.so
7f2d6e982000-7f2d6e983000 r--p 00006000 08:07 2364614                    /lib/x86_64-linux-gnu/librt-2.23.so
7f2d6e983000-7f2d6e984000 rw-p 00007000 08:07 2364614                    /lib/x86_64-linux-gnu/librt-2.23.so
7f2d6e984000-7f2d6e987000 ---p 00000000 00:00 0 
7f2d6e987000-7f2d6ea85000 rw-p 00000000 00:00 0 
7f2d6ea85000-7f2d6eb8d000 r-xp 00000000 08:07 2364530                    /lib/x86_64-linux-gnu/libm-2.23.so
7f2d6eb8d000-7f2d6ed8c000 ---p 00108000 08:07 2364530                    /lib/x86_64-linux-gnu/libm-2.23.so
7f2d6ed8c000-7f2d6ed8d000 r--p 00107000 08:07 2364530                    /lib/x86_64-linux-gnu/libm-2.23.so
7f2d6ed8d000-7f2d6ed8e000 rw-p 00108000 08:07 2364530                    /lib/x86_64-linux-gnu/libm-2.23.so
7f2d6ed8e000-7f2d6f8f0000 r-xp 00000000 08:07 1836091                    /usr/lib/jvm/jdk1.7.0_51/jre/lib/amd64/server/libjvm.so
7f2d6f8f0000-7f2d6faf0000 ---p 00b62000 08:07 1836091                    /usr/lib/jvm/jdk1.7.0_51/jre/lib/amd64/server/libjvm.so
7f2d6faf0000-7f2d6fbb3000 rw-p 00b62000 08:07 1836091                    /usr/lib/jvm/jdk1.7.0_51/jre/lib/amd64/server/libjvm.so
7f2d6fbb3000-7f2d6fbf4000 rw-p 00000000 00:00 0 
7f2d6fbf4000-7f2d6fdb4000 r-xp 00000000 08:07 2364460                    /lib/x86_64-linux-gnu/libc-2.23.so
7f2d6fdb4000-7f2d6ffb3000 ---p 001c0000 08:07 2364460                    /lib/x86_64-linux-gnu/libc-2.23.so
7f2d6ffb3000-7f2d6ffb7000 r--p 001bf000 08:07 2364460                    /lib/x86_64-linux-gnu/libc-2.23.so
7f2d6ffb7000-7f2d6ffb9000 rw-p 001c3000 08:07 2364460                    /lib/x86_64-linux-gnu/libc-2.23.so
7f2d6ffb9000-7f2d6ffbd000 rw-p 00000000 00:00 0 
7f2d6ffbd000-7f2d6ffc0000 r-xp 00000000 08:07 2364484                    /lib/x86_64-linux-gnu/libdl-2.23.so
7f2d6ffc0000-7f2d701bf000 ---p 00003000 08:07 2364484                    /lib/x86_64-linux-gnu/libdl-2.23.so
7f2d701bf000-7f2d701c0000 r--p 00002000 08:07 2364484                    /lib/x86_64-linux-gnu/libdl-2.23.so
7f2d701c0000-7f2d701c1000 rw-p 00003000 08:07 2364484                    /lib/x86_64-linux-gnu/libdl-2.23.so
7f2d701c1000-7f2d701d7000 r-xp 00000000 08:07 1056839                    /usr/lib/jvm/jdk1.7.0_51/lib/amd64/jli/libjli.so
7f2d701d7000-7f2d703d7000 ---p 00016000 08:07 1056839                    /usr/lib/jvm/jdk1.7.0_51/lib/amd64/jli/libjli.so
7f2d703d7000-7f2d703d8000 rw-p 00016000 08:07 1056839                    /usr/lib/jvm/jdk1.7.0_51/lib/amd64/jli/libjli.so
7f2d703d8000-7f2d703f0000 r-xp 00000000 08:07 2364606                    /lib/x86_64-linux-gnu/libpthread-2.23.so
7f2d703f0000-7f2d705ef000 ---p 00018000 08:07 2364606                    /lib/x86_64-linux-gnu/libpthread-2.23.so
7f2d705ef000-7f2d705f0000 r--p 00017000 08:07 2364606                    /lib/x86_64-linux-gnu/libpthread-2.23.so
7f2d705f0000-7f2d705f1000 rw-p 00018000 08:07 2364606                    /lib/x86_64-linux-gnu/libpthread-2.23.so
7f2d705f1000-7f2d705f5000 rw-p 00000000 00:00 0 
7f2d705f5000-7f2d7061b000 r-xp 00000000 08:07 2364432                    /lib/x86_64-linux-gnu/ld-2.23.so
7f2d7061b000-7f2d7061c000 r--s 00000000 08:07 2890680                    /var/cache/fontconfig/30829fa25452a46451e813d634d7f916-le64.cache-6
7f2d7061c000-7f2d70623000 r--s 00000000 08:07 3016614                    /usr/lib/x86_64-linux-gnu/gconv/gconv-modules.cache
7f2d70623000-7f2d70625000 r--s 0000d000 08:08 3412122                    /home/kcrez/Documentos/JavaDuino/library/rxtx2.1/RXTXcomm.jar
7f2d70625000-7f2d70627000 r--s 0000d000 08:07 1835127                    /usr/lib/jvm/jdk1.7.0_51/jre/lib/ext/RXTXcomm.jar
7f2d70627000-7f2d7067b000 rw-p 00000000 00:00 0 
7f2d7067b000-7f2d70699000 rw-p 00000000 00:00 0 
7f2d70699000-7f2d7069d000 rw-p 00000000 00:00 0 
7f2d7069d000-7f2d706e1000 r-xp 00000000 08:07 1052366                    /opt/eset/esets/lib/libesets_pac.so
7f2d706e1000-7f2d707e1000 ---p 00044000 08:07 1052366                    /opt/eset/esets/lib/libesets_pac.so
7f2d707e1000-7f2d707e4000 rw-p 00044000 08:07 1052366                    /opt/eset/esets/lib/libesets_pac.so
7f2d707e4000-7f2d707f7000 rw-p 00000000 00:00 0 
7f2d707f7000-7f2d707f8000 r--s 00000000 08:07 2890674                    /var/cache/fontconfig/0c9eb80ebd1c36541ebe2852d3bb0c49-le64.cache-6
7f2d707f8000-7f2d7080d000 rw-p 00000000 00:00 0 
7f2d7080d000-7f2d70815000 rw-s 00000000 08:07 2097228                    /tmp/hsperfdata_kcrez/9450
7f2d70815000-7f2d70816000 rw-p 00000000 00:00 0 
7f2d70816000-7f2d70817000 r--p 00000000 00:00 0 
7f2d70817000-7f2d7081a000 rw-p 00000000 00:00 0 
7f2d7081a000-7f2d7081b000 r--p 00025000 08:07 2364432                    /lib/x86_64-linux-gnu/ld-2.23.so
7f2d7081b000-7f2d7081c000 rw-p 00026000 08:07 2364432                    /lib/x86_64-linux-gnu/ld-2.23.so
7f2d7081c000-7f2d7081d000 rw-p 00000000 00:00 0 
7ffe26baf000-7ffe26bd0000 rw-p 00000000 00:00 0                          [stack]
7ffe26bed000-7ffe26bef000 r--p 00000000 00:00 0                          [vvar]
7ffe26bef000-7ffe26bf1000 r-xp 00000000 00:00 0                          [vdso]
ffffffffff600000-ffffffffff601000 r-xp 00000000 00:00 0                  [vsyscall]

VM Arguments:
jvm_args: -Dfile.encoding=UTF-8 -Djava.library.path=/home/kcrez/Documentos/JavaDuino/library/rxtx2.1 
java_command: PPD_Frame
Launcher Type: SUN_STANDARD

Environment Variables:
PATH=/usr/local/sbin:/usr/local/bin:/usr/sbin:/usr/bin:/sbin:/bin:/usr/games:/usr/local/games:/snap/bin
LD_LIBRARY_PATH=/usr/lib/jvm/jdk1.7.0_51/jre/lib/amd64:/usr/lib/jvm/jdk1.7.0_51/jre/lib/i386:
SHELL=/bin/bash
DISPLAY=:0

Signal Handlers:
SIGSEGV: [libjvm.so+0x993870], sa_mask[0]=0x7ffbfeff, sa_flags=0x10000004
SIGBUS: [libjvm.so+0x993870], sa_mask[0]=0x7ffbfeff, sa_flags=0x10000004
SIGFPE: [libjvm.so+0x8105b0], sa_mask[0]=0x7ffbfeff, sa_flags=0x10000004
SIGPIPE: [libjvm.so+0x8105b0], sa_mask[0]=0x7ffbfeff, sa_flags=0x10000004
SIGXFSZ: [libjvm.so+0x8105b0], sa_mask[0]=0x7ffbfeff, sa_flags=0x10000004
SIGILL: [libjvm.so+0x8105b0], sa_mask[0]=0x7ffbfeff, sa_flags=0x10000004
SIGUSR1: SIG_DFL, sa_mask[0]=0x00000000, sa_flags=0x00000000
SIGUSR2: [libjvm.so+0x811aa0], sa_mask[0]=0x00000004, sa_flags=0x10000004
SIGHUP: [libjvm.so+0x812a10], sa_mask[0]=0x7ffbfeff, sa_flags=0x10000004
SIGINT: SIG_IGN, sa_mask[0]=0x00000000, sa_flags=0x00000000
SIGTERM: [libjvm.so+0x812a10], sa_mask[0]=0x7ffbfeff, sa_flags=0x10000004
SIGQUIT: [libjvm.so+0x812a10], sa_mask[0]=0x7ffbfeff, sa_flags=0x10000004


---------------  S Y S T E M  ---------------

OS:stretch/sid

uname:Linux 4.4.0-22-generic #40-Ubuntu SMP Thu May 12 22:03:46 UTC 2016 x86_64
libc:glibc 2.23 NPTL 2.23 
rlimit: STACK 8192k, CORE 0k, NPROC 15146, NOFILE 65536, AS infinity
load average:0.16 0.42 0.51

/proc/meminfo:
MemTotal:        3916240 kB
MemFree:           55380 kB
MemAvailable:    1459892 kB
Buffers:           92524 kB
Cached:          1457764 kB
SwapCached:           60 kB
Active:          2646328 kB
Inactive:        1019936 kB
Active(anon):    1807252 kB
Inactive(anon):   509628 kB
Active(file):     839076 kB
Inactive(file):   510308 kB
Unevictable:          48 kB
Mlocked:              48 kB
SwapTotal:       7812088 kB
SwapFree:        7809404 kB
Dirty:               384 kB
Writeback:             0 kB
AnonPages:       2116048 kB
Mapped:           339644 kB
Shmem:            200908 kB
Slab:             118404 kB
SReclaimable:      84360 kB
SUnreclaim:        34044 kB
KernelStack:       10112 kB
PageTables:        33612 kB
NFS_Unstable:          0 kB
Bounce:                0 kB
WritebackTmp:          0 kB
CommitLimit:     9770208 kB
Committed_AS:    6381800 kB
VmallocTotal:   34359738367 kB
VmallocUsed:           0 kB
VmallocChunk:          0 kB
HardwareCorrupted:     0 kB
AnonHugePages:    989184 kB
CmaTotal:              0 kB
CmaFree:               0 kB
HugePages_Total:       0
HugePages_Free:        0
HugePages_Rsvd:        0
HugePages_Surp:        0
Hugepagesize:       2048 kB
DirectMap4k:      138012 kB
DirectMap2M:     3926016 kB
DirectMap1G:           0 kB


CPU:total 4 (2 cores per cpu, 2 threads per core) family 6 model 60 stepping 3, cmov, cx8, fxsr, mmx, sse, sse2, sse3, ssse3, sse4.1, sse4.2, popcnt, avx, avx2, aes, erms, ht, tsc, tscinvbit

/proc/cpuinfo:
processor	: 0
vendor_id	: GenuineIntel
cpu family	: 6
model		: 60
model name	: Intel(R) Core(TM) i3-4170 CPU @ 3.70GHz
stepping	: 3
microcode	: 0x1e
cpu MHz		: 3700.000
cache size	: 3072 KB
physical id	: 0
siblings	: 4
core id		: 0
cpu cores	: 2
apicid		: 0
initial apicid	: 0
fpu		: yes
fpu_exception	: yes
cpuid level	: 13
wp		: yes
flags		: fpu vme de pse tsc msr pae mce cx8 apic sep mtrr pge mca cmov pat pse36 clflush dts acpi mmx fxsr sse sse2 ss ht tm pbe syscall nx pdpe1gb rdtscp lm constant_tsc arch_perfmon pebs bts rep_good nopl xtopology nonstop_tsc aperfmperf eagerfpu pni pclmulqdq dtes64 monitor ds_cpl vmx est tm2 ssse3 sdbg fma cx16 xtpr pdcm pcid sse4_1 sse4_2 movbe popcnt tsc_deadline_timer aes xsave avx f16c rdrand lahf_lm abm epb tpr_shadow vnmi flexpriority ept vpid fsgsbase tsc_adjust bmi1 avx2 smep bmi2 erms invpcid xsaveopt dtherm arat pln pts
bugs		:
bogomips	: 7383.02
clflush size	: 64
cache_alignment	: 64
address sizes	: 39 bits physical, 48 bits virtual
power management:

processor	: 1
vendor_id	: GenuineIntel
cpu family	: 6
model		: 60
model name	: Intel(R) Core(TM) i3-4170 CPU @ 3.70GHz
stepping	: 3
microcode	: 0x1e
cpu MHz		: 3700.000
cache size	: 3072 KB
physical id	: 0
siblings	: 4
core id		: 1
cpu cores	: 2
apicid		: 2
initial apicid	: 2
fpu		: yes
fpu_exception	: yes
cpuid level	: 13
wp		: yes
flags		: fpu vme de pse tsc msr pae mce cx8 apic sep mtrr pge mca cmov pat pse36 clflush dts acpi mmx fxsr sse sse2 ss ht tm pbe syscall nx pdpe1gb rdtscp lm constant_tsc arch_perfmon pebs bts rep_good nopl xtopology nonstop_tsc aperfmperf eagerfpu pni pclmulqdq dtes64 monitor ds_cpl vmx est tm2 ssse3 sdbg fma cx16 xtpr pdcm pcid sse4_1 sse4_2 movbe popcnt tsc_deadline_timer aes xsave avx f16c rdrand lahf_lm abm epb tpr_shadow vnmi flexpriority ept vpid fsgsbase tsc_adjust bmi1 avx2 smep bmi2 erms invpcid xsaveopt dtherm arat pln pts
bugs		:
bogomips	: 7383.02
clflush size	: 64
cache_alignment	: 64
address sizes	: 39 bits physical, 48 bits virtual
power management:

processor	: 2
vendor_id	: GenuineIntel
cpu family	: 6
model		: 60
model name	: Intel(R) Core(TM) i3-4170 CPU @ 3.70GHz
stepping	: 3
microcode	: 0x1e
cpu MHz		: 3699.855
cache size	: 3072 KB
physical id	: 0
siblings	: 4
core id		: 0
cpu cores	: 2
apicid		: 1
initial apicid	: 1
fpu		: yes
fpu_exception	: yes
cpuid level	: 13
wp		: yes
flags		: fpu vme de pse tsc msr pae mce cx8 apic sep mtrr pge mca cmov pat pse36 clflush dts acpi mmx fxsr sse sse2 ss ht tm pbe syscall nx pdpe1gb rdtscp lm constant_tsc arch_perfmon pebs bts rep_good nopl xtopology nonstop_tsc aperfmperf eagerfpu pni pclmulqdq dtes64 monitor ds_cpl vmx est tm2 ssse3 sdbg fma cx16 xtpr pdcm pcid sse4_1 sse4_2 movbe popcnt tsc_deadline_timer aes xsave avx f16c rdrand lahf_lm abm epb tpr_shadow vnmi flexpriority ept vpid fsgsbase tsc_adjust bmi1 avx2 smep bmi2 erms invpcid xsaveopt dtherm arat pln pts
bugs		:
bogomips	: 7383.02
clflush size	: 64
cache_alignment	: 64
address sizes	: 39 bits physical, 48 bits virtual
power management:

processor	: 3
vendor_id	: GenuineIntel
cpu family	: 6
model		: 60
model name	: Intel(R) Core(TM) i3-4170 CPU @ 3.70GHz
stepping	: 3
microcode	: 0x1e
cpu MHz		: 3700.000
cache size	: 3072 KB
physical id	: 0
siblings	: 4
core id		: 1
cpu cores	: 2
apicid		: 3
initial apicid	: 3
fpu		: yes
fpu_exception	: yes
cpuid level	: 13
wp		: yes
flags		: fpu vme de pse tsc msr pae mce cx8 apic sep mtrr pge mca cmov pat pse36 clflush dts acpi mmx fxsr sse sse2 ss ht tm pbe syscall nx pdpe1gb rdtscp lm constant_tsc arch_perfmon pebs bts rep_good nopl xtopology nonstop_tsc aperfmperf eagerfpu pni pclmulqdq dtes64 monitor ds_cpl vmx est tm2 ssse3 sdbg fma cx16 xtpr pdcm pcid sse4_1 sse4_2 movbe popcnt tsc_deadline_timer aes xsave avx f16c rdrand lahf_lm abm epb tpr_shadow vnmi flexpriority ept vpid fsgsbase tsc_adjust bmi1 avx2 smep bmi2 erms invpcid xsaveopt dtherm arat pln pts
bugs		:
bogomips	: 7383.02
clflush size	: 64
cache_alignment	: 64
address sizes	: 39 bits physical, 48 bits virtual
power management:



Memory: 4k page, physical 3916240k(55380k free), swap 7812088k(7809404k free)

vm_info: Java HotSpot(TM) 64-Bit Server VM (24.51-b03) for linux-amd64 JRE (1.7.0_51-b13), built on Dec 18 2013 18:48:01 by "java_re" with gcc 4.3.0 20080428 (Red Hat 4.3.0-8)

time: Fri Jul 29 22:48:16 2016
elapsed time: 0 seconds

