#
# A fatal error has been detected by the Java Runtime Environment:
#
#  SIGSEGV (0xb) at pc=0x00007f38fd0ee462, pid=7019, tid=139882740479744
#
# JRE version: Java(TM) SE Runtime Environment (7.0_51-b13) (build 1.7.0_51-b13)
# Java VM: Java HotSpot(TM) 64-Bit Server VM (24.51-b03 mixed mode linux-amd64 compressed oops)
# Problematic frame:
# C  [librxtxSerial.so+0x6462]  read_byte_array+0x52
#
# Failed to write core dump. Core dumps have been disabled. To enable core dumping, try "ulimit -c unlimited" before starting Java again
#
# If you would like to submit a bug report, please visit:
#   http://bugreport.sun.com/bugreport/crash.jsp
# The crash happened outside the Java Virtual Machine in native code.
# See problematic frame for where to report the bug.
#

---------------  T H R E A D  ---------------

Current thread (0x00007f38e40e9800):  JavaThread "Thread-0" [_thread_in_native, id=7053, stack(0x00007f38fcfe7000,0x00007f38fd0e8000)]

siginfo:si_signo=SIGSEGV: si_errno=0, si_code=1 (SEGV_MAPERR), si_addr=0xfffffffffd0e6578

Registers:
RAX=0xfffffffffd0e6570, RBX=0x000000000000001d, RCX=0x0000000000000001, RDX=0x00007f3946fa5a50
RSP=0x00007f38fd0e5d70, RBP=0x00007f38e40e99e8, RSI=0x00007f38fd0f1e30, RDI=0x00007f38fd0f1d3e
R8 =0x00007f38fd0e5ce0, R9 =0x00000000ffffffff, R10=0x0000000000000049, R11=0x00007f38fd0ee410
R12=0x00000000ffffffff, R13=0x0000000000000000, R14=0x00007f38fd0e5f40, R15=0x00007f38e40e9800
RIP=0x00007f38fd0ee462, EFLAGS=0x0000000000010202, CSGSFS=0x0000000000000033, ERR=0x0000000000000005
  TRAPNO=0x000000000000000e

Top of Stack: (sp=0x00007f38fd0e5d70)
0x00007f38fd0e5d70:   0000000000000000 0000000000000000
0x00007f38fd0e5d80:   ff0000000000ff00 0000000000000000
0x00007f38fd0e5d90:   0000000000000000 fffffffffd0e6570
0x00007f38fd0e5da0:   0000000000000014 0000000000000000
0x00007f38fd0e5db0:   0000000000000000 0000000100000000
0x00007f38fd0e5dc0:   00007f38fd0e5eb7 0000001d00000000
0x00007f38fd0e5dd0:   0000000000000000 0000000000000000
0x00007f38fd0e5de0:   0000000000000000 0000000000000000
0x00007f38fd0e5df0:   0000000000000000 0000000000000000
0x00007f38fd0e5e00:   00007f38e40e9800 0000000000000000
0x00007f38fd0e5e10:   0000001400000002 00007f390009fc18
0x00007f38fd0e5e20:   00007f38fd0e5e60 00007f39467a5017
0x00007f38fd0e5e30:   00007f38fd0e5e60 00007f39467b2dd0
0x00007f38fd0e5e40:   ffffffffffffffff 00007f38fd0e5eb7
0x00007f38fd0e5e50:   000000000000001d 00007f38fd0e5ea8
0x00007f38fd0e5e60:   00007f38e40e99e8 000000000000001d
0x00007f38fd0e5e70:   00007f38e40e99e8 0000000000000000
0x00007f38fd0e5e80:   00000000bfb31f28 00007f38fd0e5f40
0x00007f38fd0e5e90:   00007f38e40e9800 00007f38fd0ee99c
0x00007f38fd0e5ea0:   00000000bfb31f28 00007f38fd0e5f40
0x00007f38fd0e5eb0:   00007f38fd0e5f20 00000000bfb31f30
0x00007f38fd0e5ec0:   00007f38fd0e5f20 00007f393cdfdaf9
0x00007f38fd0e5ed0:   00007f38e40e9800 00007f393ce0d783
0x00007f38fd0e5ee0:   00007f38fd0e5ee0 00000000bfb31f28
0x00007f38fd0e5ef0:   00007f38fd0e5f40 00000000bfb42b58
0x00007f38fd0e5f00:   0000000000000000 00000000bfb31f30
0x00007f38fd0e5f10:   0000000000000000 00007f38fd0e5f40
0x00007f38fd0e5f20:   00007f38fd0e5f98 00007f393cdeb254
0x00007f38fd0e5f30:   0000000000000000 00007f393cdf7f36
0x00007f38fd0e5f40:   00000000ec91b8d0 0000000000000001
0x00007f38fd0e5f50:   00000000ec91bc50 00007f38fd0e5f48
0x00007f38fd0e5f60:   00000000bfb4215d 00007f38fd0e5fc0 

Instructions: (pc=0x00007f38fd0ee462)
0x00007f38fd0ee442:   89 44 24 4c 48 c7 44 24 40 00 00 00 00 48 c7 44
0x00007f38fd0ee452:   24 38 00 00 00 00 e8 53 d7 ff ff 48 89 44 24 28
0x00007f38fd0ee462:   8b 40 08 45 85 e4 48 8b 54 24 28 44 8b 7c 24 4c
0x00007f38fd0ee472:   89 44 24 34 c7 42 08 00 00 00 00 78 0c 31 c0 e8 

Register to memory mapping:

RAX=0xfffffffffd0e6570 is an unknown value
RBX=0x000000000000001d is an unknown value
RCX=0x0000000000000001 is an unknown value
RDX=0x00007f3946fa5a50: <offset 0xe37a50> in /usr/lib/jvm/jdk1.7.0_51/jre/lib/amd64/server/libjvm.so at 0x00007f394616e000
RSP=0x00007f38fd0e5d70 is pointing into the stack for thread: 0x00007f38e40e9800
RBP=0x00007f38e40e99e8 is an unknown value
RSI=0x00007f38fd0f1e30: <offset 0x9e30> in /usr/lib/jvm/jdk1.7.0_51/jre/lib/amd64/librxtxSerial.so at 0x00007f38fd0e8000
RDI=0x00007f38fd0f1d3e: <offset 0x9d3e> in /usr/lib/jvm/jdk1.7.0_51/jre/lib/amd64/librxtxSerial.so at 0x00007f38fd0e8000
R8 =0x00007f38fd0e5ce0 is pointing into the stack for thread: 0x00007f38e40e9800
R9 =0x00000000ffffffff is an unallocated location in the heap
R10=0x0000000000000049 is an unknown value
R11=0x00007f38fd0ee410: read_byte_array+0 in /usr/lib/jvm/jdk1.7.0_51/jre/lib/amd64/librxtxSerial.so at 0x00007f38fd0e8000
R12=0x00000000ffffffff is an unallocated location in the heap
R13=0x0000000000000000 is an unknown value
R14=0x00007f38fd0e5f40 is pointing into the stack for thread: 0x00007f38e40e9800
R15=0x00007f38e40e9800 is a thread


Stack: [0x00007f38fcfe7000,0x00007f38fd0e8000],  sp=0x00007f38fd0e5d70,  free space=1019k
Native frames: (J=compiled Java code, j=interpreted, Vv=VM code, C=native code)
C  [librxtxSerial.so+0x6462]  read_byte_array+0x52

Java frames: (J=compiled Java code, j=interpreted, Vv=VM code)
j  gnu.io.RXTXPort.readByte()I+0
j  gnu.io.RXTXPort$SerialInputStream.read()I+61
j  PPD_Frame.serialEvent(Lgnu/io/SerialPortEvent;)V+24
j  gnu.io.RXTXPort.sendEvent(IZ)Z+382
v  ~StubRoutines::call_stub
j  gnu.io.RXTXPort.eventLoop()V+0
j  gnu.io.RXTXPort$MonitorThread.run()V+12
v  ~StubRoutines::call_stub

---------------  P R O C E S S  ---------------

Java Threads: ( => current thread )
=>0x00007f38e40e9800 JavaThread "Thread-0" [_thread_in_native, id=7053, stack(0x00007f38fcfe7000,0x00007f38fd0e8000)]
  0x00007f38e4003000 JavaThread "org.netbeans.modules.debugger.jpda.visual AWT Access Loop" daemon [_thread_blocked, id=7050, stack(0x00007f38fd847000,0x00007f38fd948000)]
  0x00007f394000d800 JavaThread "DestroyJavaVM" [_thread_blocked, id=7026, stack(0x00007f3945d64000,0x00007f3945e65000)]
  0x00007f39401cc000 JavaThread "AWT-EventQueue-0" [_thread_blocked, id=7049, stack(0x00007f38fd948000,0x00007f38fda49000)]
  0x00007f39401ff800 JavaThread "AWT-Shutdown" [_thread_blocked, id=7048, stack(0x00007f38fda49000,0x00007f38fdb4a000)]
  0x00007f3940195800 JavaThread "AWT-XAWT" daemon [_thread_in_native, id=7047, stack(0x00007f38fe702000,0x00007f38fe803000)]
  0x00007f3940172000 JavaThread "Java2D Disposer" daemon [_thread_blocked, id=7046, stack(0x00007f392c090000,0x00007f392c191000)]
  0x00007f39400a9000 JavaThread "Service Thread" daemon [_thread_blocked, id=7043, stack(0x00007f392c564000,0x00007f392c665000)]
  0x00007f39400a6800 JavaThread "C2 CompilerThread1" daemon [_thread_blocked, id=7042, stack(0x00007f392c665000,0x00007f392c766000)]
  0x00007f39400a3800 JavaThread "C2 CompilerThread0" daemon [_thread_blocked, id=7041, stack(0x00007f392c766000,0x00007f392c867000)]
  0x00007f3910001000 JavaThread "JDWP Command Reader" daemon [_thread_in_native, id=7039, stack(0x00007f392c867000,0x00007f392c968000)]
  0x00007f39400a1800 JavaThread "JDWP Event Helper Thread" daemon [_thread_blocked, id=7037, stack(0x00007f392c968000,0x00007f392ca69000)]
  0x00007f394009e000 JavaThread "JDWP Transport Listener: dt_socket" daemon [_thread_blocked, id=7035, stack(0x00007f392ca69000,0x00007f392cb6a000)]
  0x00007f3940090800 JavaThread "Signal Dispatcher" daemon [_thread_blocked, id=7034, stack(0x00007f392cd6e000,0x00007f392ce6f000)]
  0x00007f3940073000 JavaThread "Finalizer" daemon [_thread_blocked, id=7033, stack(0x00007f392ce6f000,0x00007f392cf70000)]
  0x00007f394006f000 JavaThread "Reference Handler" daemon [_thread_blocked, id=7032, stack(0x00007f392cf70000,0x00007f392d071000)]

Other Threads:
  0x00007f394006c800 VMThread [stack: 0x00007f392d071000,0x00007f392d172000] [id=7031]
  0x00007f39400b3800 WatcherThread [stack: 0x00007f392c463000,0x00007f392c564000] [id=7044]

VM state:not at safepoint (normal execution)

VM Mutex/Monitor currently owned by a thread: None

Heap
 PSYoungGen      total 17920K, used 9857K [0x00000000ec080000, 0x00000000ed480000, 0x0000000100000000)
  eden space 15360K, 64% used [0x00000000ec080000,0x00000000eca20528,0x00000000ecf80000)
  from space 2560K, 0% used [0x00000000ed200000,0x00000000ed200000,0x00000000ed480000)
  to   space 2560K, 0% used [0x00000000ecf80000,0x00000000ecf80000,0x00000000ed200000)
 ParOldGen       total 40448K, used 0K [0x00000000c4200000, 0x00000000c6980000, 0x00000000ec080000)
  object space 40448K, 0% used [0x00000000c4200000,0x00000000c4200000,0x00000000c6980000)
 PSPermGen       total 21504K, used 12265K [0x00000000bf000000, 0x00000000c0500000, 0x00000000c4200000)
  object space 21504K, 57% used [0x00000000bf000000,0x00000000bfbfa478,0x00000000c0500000)

Card table byte_map: [0x00007f393cbdc000,0x00007f393cde5000] byte_map_base: 0x00007f393c5e4000

Polling page: 0x00007f3947bf6000

Code Cache  [0x00007f393cde5000, 0x00007f393d055000, 0x00007f393fde5000)
 total_blobs=525 nmethods=53 adapters=433 free_code_cache=48450Kb largest_free_block=49586304

Compilation events (10 events):
Event: 0.823 Thread 0x00007f39400a6800 nmethod 48 0x00007f393ce7bb10 code [0x00007f393ce7bc60, 0x00007f393ce7bf88]
Event: 0.824 Thread 0x00007f39400a3800 nmethod 47 0x00007f393ce93590 code [0x00007f393ce93740, 0x00007f393ce93d38]
Event: 0.881 Thread 0x00007f39400a6800   49             sun.java2d.loops.SurfaceType::getUniqueID (5 bytes)
Event: 0.881 Thread 0x00007f39400a6800 nmethod 49 0x00007f393ce8fdd0 code [0x00007f393ce8ff00, 0x00007f393ce8ff58]
Event: 1.330 Thread 0x00007f39400a3800   51             java.lang.Enum::ordinal (5 bytes)
Event: 1.330 Thread 0x00007f39400a3800 nmethod 51 0x00007f393ce93e50 code [0x00007f393ce93f80, 0x00007f393ce93fd8]
Event: 1.354 Thread 0x00007f39400a6800   52             sun.util.logging.PlatformLogger$Level::intValue (9 bytes)
Event: 1.354 Thread 0x00007f39400a6800 nmethod 52 0x00007f393ce91bd0 code [0x00007f393ce91d00, 0x00007f393ce91d78]
Event: 2.276 Thread 0x00007f39400a3800   53             javax.swing.plaf.nimbus.InnerShadowEffect::applyEffect (604 bytes)
Event: 2.312 Thread 0x00007f39400a3800 nmethod 53 0x00007f393ce97650 code [0x00007f393ce97980, 0x00007f393ce992a0]

GC Heap History (0 events):
No events

Deoptimization events (0 events):
No events

Internal exceptions (10 events):
Event: 0.420 Thread 0x00007f39401cc000 Threw 0x00000000ec430a08 at /HUDSON/workspace/7u-2-build-linux-amd64@2/jdk7u51/527/hotspot/src/share/vm/prims/jvm.cpp:1244
Event: 0.420 Thread 0x00007f39401cc000 Threw 0x00000000ec434548 at /HUDSON/workspace/7u-2-build-linux-amd64@2/jdk7u51/527/hotspot/src/share/vm/prims/jvm.cpp:1244
Event: 0.420 Thread 0x00007f39401cc000 Threw 0x00000000ec435c60 at /HUDSON/workspace/7u-2-build-linux-amd64@2/jdk7u51/527/hotspot/src/share/vm/prims/jvm.cpp:1244
Event: 0.559 Thread 0x00007f39401cc000 Threw 0x00000000ec56bb58 at /HUDSON/workspace/7u-2-build-linux-amd64@2/jdk7u51/527/hotspot/src/share/vm/prims/jvm.cpp:1244
Event: 0.560 Thread 0x00007f39401cc000 Threw 0x00000000ec56d728 at /HUDSON/workspace/7u-2-build-linux-amd64@2/jdk7u51/527/hotspot/src/share/vm/prims/jvm.cpp:1244
Event: 0.669 Thread 0x00007f39401cc000 Threw 0x00000000ec8c7158 at /HUDSON/workspace/7u-2-build-linux-amd64@2/jdk7u51/527/hotspot/src/share/vm/prims/jni.cpp:717
Event: 0.687 Thread 0x00007f39401cc000 Threw 0x00000000ec8da458 at /HUDSON/workspace/7u-2-build-linux-amd64@2/jdk7u51/527/hotspot/src/share/vm/prims/jni.cpp:717
Event: 0.689 Thread 0x00007f39401cc000 Threw 0x00000000ec8ebe10 at /HUDSON/workspace/7u-2-build-linux-amd64@2/jdk7u51/527/hotspot/src/share/vm/prims/jni.cpp:717
Event: 0.716 Thread 0x00007f39401cc000 Threw 0x00000000ec8fed40 at /HUDSON/workspace/7u-2-build-linux-amd64@2/jdk7u51/527/hotspot/src/share/vm/prims/jni.cpp:717
Event: 0.874 Thread 0x00007f39401cc000 Threw 0x00000000ec9bb2a0 at /HUDSON/workspace/7u-2-build-linux-amd64@2/jdk7u51/527/hotspot/src/share/vm/prims/jni.cpp:743

Events (10 events):
Event: 7.302 Executing VM operation: GetOrSetLocal
Event: 7.302 Executing VM operation: GetOrSetLocal done
Event: 7.302 Executing VM operation: GetOrSetLocal
Event: 7.302 Executing VM operation: GetOrSetLocal done
Event: 7.782 Executing VM operation: GetOrSetLocal
Event: 7.782 Executing VM operation: GetOrSetLocal done
Event: 7.782 Executing VM operation: GetOrSetLocal
Event: 7.782 Executing VM operation: GetOrSetLocal done
Event: 7.783 Executing VM operation: GetOrSetLocal
Event: 7.783 Executing VM operation: GetOrSetLocal done


Dynamic libraries:
00400000-00401000 r-xp 00000000 08:07 937188                             /usr/lib/jvm/jdk1.7.0_51/bin/java
00600000-00601000 rw-p 00000000 08:07 937188                             /usr/lib/jvm/jdk1.7.0_51/bin/java
01633000-01654000 rw-p 00000000 00:00 0                                  [heap]
bf000000-c0500000 rw-p 00000000 00:00 0 
c0500000-c4200000 rw-p 00000000 00:00 0 
c4200000-c6980000 rw-p 00000000 00:00 0 
c6980000-ec080000 rw-p 00000000 00:00 0 
ec080000-ed480000 rw-p 00000000 00:00 0 
ed480000-100000000 rw-p 00000000 00:00 0 
7f38d4000000-7f38d4021000 rw-p 00000000 00:00 0 
7f38d4021000-7f38d8000000 ---p 00000000 00:00 0 
7f38dc000000-7f38dc05e000 rw-p 00000000 00:00 0 
7f38dc05e000-7f38e0000000 ---p 00000000 00:00 0 
7f38e0000000-7f38e0021000 rw-p 00000000 00:00 0 
7f38e0021000-7f38e4000000 ---p 00000000 00:00 0 
7f38e4000000-7f38e4112000 rw-p 00000000 00:00 0 
7f38e4112000-7f38e8000000 ---p 00000000 00:00 0 
7f38e8000000-7f38e8021000 rw-p 00000000 00:00 0 
7f38e8021000-7f38ec000000 ---p 00000000 00:00 0 
7f38ec000000-7f38ec021000 rw-p 00000000 00:00 0 
7f38ec021000-7f38f0000000 ---p 00000000 00:00 0 
7f38f0000000-7f38f0021000 rw-p 00000000 00:00 0 
7f38f0021000-7f38f4000000 ---p 00000000 00:00 0 
7f38f4000000-7f38f4021000 rw-p 00000000 00:00 0 
7f38f4021000-7f38f8000000 ---p 00000000 00:00 0 
7f38f8000000-7f38f8021000 rw-p 00000000 00:00 0 
7f38f8021000-7f38fc000000 ---p 00000000 00:00 0 
7f38fcbca000-7f38fcbf4000 r-xp 00000000 08:07 1836084                    /usr/lib/jvm/jdk1.7.0_51/jre/lib/amd64/libdcpr.so
7f38fcbf4000-7f38fcdf4000 ---p 0002a000 08:07 1836084                    /usr/lib/jvm/jdk1.7.0_51/jre/lib/amd64/libdcpr.so
7f38fcdf4000-7f38fcdf7000 rw-p 0002a000 08:07 1836084                    /usr/lib/jvm/jdk1.7.0_51/jre/lib/amd64/libdcpr.so
7f38fcdf7000-7f38fcfe7000 rw-s 00000000 00:05 59670593                   /SYSV00000000 (deleted)
7f38fcfe7000-7f38fcfea000 ---p 00000000 00:00 0 
7f38fcfea000-7f38fd0e8000 rw-p 00000000 00:00 0 
7f38fd0e8000-7f38fd0f4000 r-xp 00000000 08:07 1835128                    /usr/lib/jvm/jdk1.7.0_51/jre/lib/amd64/librxtxSerial.so
7f38fd0f4000-7f38fd1f3000 ---p 0000c000 08:07 1835128                    /usr/lib/jvm/jdk1.7.0_51/jre/lib/amd64/librxtxSerial.so
7f38fd1f3000-7f38fd1f5000 rw-p 0000b000 08:07 1835128                    /usr/lib/jvm/jdk1.7.0_51/jre/lib/amd64/librxtxSerial.so
7f38fd1f5000-7f38fd200000 r--s 00000000 08:07 2890696                    /var/cache/fontconfig/945677eb7aeaf62f1d50efc3fb3ec7d8-le64.cache-6
7f38fd200000-7f38fd206000 r--s 00000000 08:07 2890678                    /var/cache/fontconfig/2cd17615ca594fa2959ae173292e504c-le64.cache-6
7f38fd2c2000-7f38fd2d8000 r--s 00000000 08:07 527852                     /usr/share/fonts/type1/gsfonts/n022023l.pfb
7f38fd2d8000-7f38fd2ef000 r--s 00000000 08:07 527840                     /usr/share/fonts/type1/gsfonts/n021023l.pfb
7f38fd37e000-7f38fd397000 r--s 00000000 08:07 527849                     /usr/share/fonts/type1/gsfonts/n022004l.pfb
7f38fd397000-7f38fd3b0000 r--s 00000000 08:07 527834                     /usr/share/fonts/type1/gsfonts/n021003l.pfb
7f38fd3b0000-7f38fd3c6000 r--s 00000000 08:07 527843                     /usr/share/fonts/type1/gsfonts/n021024l.pfb
7f38fd3c6000-7f38fd3c9000 ---p 00000000 00:00 0 
7f38fd3c9000-7f38fd4c7000 rw-p 00000000 00:00 0 
7f38fd4c7000-7f38fd4ca000 ---p 00000000 00:00 0 
7f38fd4ca000-7f38fd5c8000 rw-p 00000000 00:00 0 
7f38fd5c8000-7f38fd630000 r-xp 00000000 08:07 1836082                    /usr/lib/jvm/jdk1.7.0_51/jre/lib/amd64/libt2k.so
7f38fd630000-7f38fd830000 ---p 00068000 08:07 1836082                    /usr/lib/jvm/jdk1.7.0_51/jre/lib/amd64/libt2k.so
7f38fd830000-7f38fd837000 rw-p 00068000 08:07 1836082                    /usr/lib/jvm/jdk1.7.0_51/jre/lib/amd64/libt2k.so
7f38fd837000-7f38fd847000 rw-p 00000000 00:00 0 
7f38fd847000-7f38fd84a000 ---p 00000000 00:00 0 
7f38fd84a000-7f38fd948000 rw-p 00000000 00:00 0 
7f38fd948000-7f38fd94b000 ---p 00000000 00:00 0 
7f38fd94b000-7f38fda49000 rw-p 00000000 00:00 0 
7f38fda49000-7f38fda4c000 ---p 00000000 00:00 0 
7f38fda4c000-7f38fdb4a000 rw-p 00000000 00:00 0 
7f38fdb4a000-7f38fdb5a000 r-xp 00000000 08:07 1836051                    /usr/lib/jvm/jdk1.7.0_51/jre/lib/amd64/libnio.so
7f38fdb5a000-7f38fdd5a000 ---p 00010000 08:07 1836051                    /usr/lib/jvm/jdk1.7.0_51/jre/lib/amd64/libnio.so
7f38fdd5a000-7f38fdd5b000 rw-p 00010000 08:07 1836051                    /usr/lib/jvm/jdk1.7.0_51/jre/lib/amd64/libnio.so
7f38fdd5b000-7f38fe05c000 rw-p 00000000 00:00 0 
7f38fe05c000-7f38fe072000 r-xp 00000000 08:07 1836056                    /usr/lib/jvm/jdk1.7.0_51/jre/lib/amd64/libnet.so
7f38fe072000-7f38fe272000 ---p 00016000 08:07 1836056                    /usr/lib/jvm/jdk1.7.0_51/jre/lib/amd64/libnet.so
7f38fe272000-7f38fe273000 rw-p 00016000 08:07 1836056                    /usr/lib/jvm/jdk1.7.0_51/jre/lib/amd64/libnet.so
7f38fe273000-7f38fe289000 r-xp 00000000 08:07 2364498                    /lib/x86_64-linux-gnu/libgcc_s.so.1
7f38fe289000-7f38fe488000 ---p 00016000 08:07 2364498                    /lib/x86_64-linux-gnu/libgcc_s.so.1
7f38fe488000-7f38fe489000 rw-p 00015000 08:07 2364498                    /lib/x86_64-linux-gnu/libgcc_s.so.1
7f38fe489000-7f38fe4ee000 r-xp 00000000 08:07 1836052                    /usr/lib/jvm/jdk1.7.0_51/jre/lib/amd64/libfontmanager.so
7f38fe4ee000-7f38fe6ed000 ---p 00065000 08:07 1836052                    /usr/lib/jvm/jdk1.7.0_51/jre/lib/amd64/libfontmanager.so
7f38fe6ed000-7f38fe6f1000 rw-p 00064000 08:07 1836052                    /usr/lib/jvm/jdk1.7.0_51/jre/lib/amd64/libfontmanager.so
7f38fe6f1000-7f38fe702000 rw-p 00000000 00:00 0 
7f38fe702000-7f38fe705000 ---p 00000000 00:00 0 
7f38fe705000-7f38fe803000 rw-p 00000000 00:00 0 
7f38fe803000-7f38fe808000 r-xp 00000000 08:07 2762080                    /usr/lib/x86_64-linux-gnu/libXfixes.so.3.1.0
7f38fe808000-7f38fea07000 ---p 00005000 08:07 2762080                    /usr/lib/x86_64-linux-gnu/libXfixes.so.3.1.0
7f38fea07000-7f38fea08000 r--p 00004000 08:07 2762080                    /usr/lib/x86_64-linux-gnu/libXfixes.so.3.1.0
7f38fea08000-7f38fea09000 rw-p 00005000 08:07 2762080                    /usr/lib/x86_64-linux-gnu/libXfixes.so.3.1.0
7f38fea09000-7f38fea12000 r-xp 00000000 08:07 2762072                    /usr/lib/x86_64-linux-gnu/libXcursor.so.1.0.2
7f38fea12000-7f38fec11000 ---p 00009000 08:07 2762072                    /usr/lib/x86_64-linux-gnu/libXcursor.so.1.0.2
7f38fec11000-7f38fec12000 r--p 00008000 08:07 2762072                    /usr/lib/x86_64-linux-gnu/libXcursor.so.1.0.2
7f38fec12000-7f38fec13000 rw-p 00009000 08:07 2762072                    /usr/lib/x86_64-linux-gnu/libXcursor.so.1.0.2
7f38fec13000-7f38fec18000 r-xp 00000000 08:07 2762076                    /usr/lib/x86_64-linux-gnu/libXdmcp.so.6.0.0
7f38fec18000-7f38fee17000 ---p 00005000 08:07 2762076                    /usr/lib/x86_64-linux-gnu/libXdmcp.so.6.0.0
7f38fee17000-7f38fee18000 r--p 00004000 08:07 2762076                    /usr/lib/x86_64-linux-gnu/libXdmcp.so.6.0.0
7f38fee18000-7f38fee19000 rw-p 00005000 08:07 2762076                    /usr/lib/x86_64-linux-gnu/libXdmcp.so.6.0.0
7f38fee19000-7f38fee1b000 r-xp 00000000 08:07 2762065                    /usr/lib/x86_64-linux-gnu/libXau.so.6.0.0
7f38fee1b000-7f38ff01b000 ---p 00002000 08:07 2762065                    /usr/lib/x86_64-linux-gnu/libXau.so.6.0.0
7f38ff01b000-7f38ff01c000 r--p 00002000 08:07 2762065                    /usr/lib/x86_64-linux-gnu/libXau.so.6.0.0
7f38ff01c000-7f38ff01d000 rw-p 00003000 08:07 2762065                    /usr/lib/x86_64-linux-gnu/libXau.so.6.0.0
7f38ff01d000-7f38ff03e000 r-xp 00000000 08:07 2763443                    /usr/lib/x86_64-linux-gnu/libxcb.so.1.1.0
7f38ff03e000-7f38ff23d000 ---p 00021000 08:07 2763443                    /usr/lib/x86_64-linux-gnu/libxcb.so.1.1.0
7f38ff23d000-7f38ff23e000 r--p 00020000 08:07 2763443                    /usr/lib/x86_64-linux-gnu/libxcb.so.1.1.0
7f38ff23e000-7f38ff23f000 rw-p 00021000 08:07 2763443                    /usr/lib/x86_64-linux-gnu/libxcb.so.1.1.0
7f38ff23f000-7f38ff24e000 r-xp 00000000 08:07 2762086                    /usr/lib/x86_64-linux-gnu/libXi.so.6.1.0
7f38ff24e000-7f38ff44d000 ---p 0000f000 08:07 2762086                    /usr/lib/x86_64-linux-gnu/libXi.so.6.1.0
7f38ff44d000-7f38ff44e000 r--p 0000e000 08:07 2762086                    /usr/lib/x86_64-linux-gnu/libXi.so.6.1.0
7f38ff44e000-7f38ff44f000 rw-p 0000f000 08:07 2762086                    /usr/lib/x86_64-linux-gnu/libXi.so.6.1.0
7f38ff44f000-7f38ff454000 r-xp 00000000 08:07 2762104                    /usr/lib/x86_64-linux-gnu/libXtst.so.6.1.0
7f38ff454000-7f38ff653000 ---p 00005000 08:07 2762104                    /usr/lib/x86_64-linux-gnu/libXtst.so.6.1.0
7f38ff653000-7f38ff654000 r--p 00004000 08:07 2762104                    /usr/lib/x86_64-linux-gnu/libXtst.so.6.1.0
7f38ff654000-7f38ff655000 rw-p 00005000 08:07 2762104                    /usr/lib/x86_64-linux-gnu/libXtst.so.6.1.0
7f38ff655000-7f38ff65e000 r-xp 00000000 08:07 2762098                    /usr/lib/x86_64-linux-gnu/libXrender.so.1.3.0
7f38ff65e000-7f38ff85d000 ---p 00009000 08:07 2762098                    /usr/lib/x86_64-linux-gnu/libXrender.so.1.3.0
7f38ff85d000-7f38ff85e000 r--p 00008000 08:07 2762098                    /usr/lib/x86_64-linux-gnu/libXrender.so.1.3.0
7f38ff85e000-7f38ff85f000 rw-p 00009000 08:07 2762098                    /usr/lib/x86_64-linux-gnu/libXrender.so.1.3.0
7f38ff85f000-7f38ff994000 r-xp 00000000 08:07 2762061                    /usr/lib/x86_64-linux-gnu/libX11.so.6.3.0
7f38ff994000-7f38ffb94000 ---p 00135000 08:07 2762061                    /usr/lib/x86_64-linux-gnu/libX11.so.6.3.0
7f38ffb94000-7f38ffb95000 r--p 00135000 08:07 2762061                    /usr/lib/x86_64-linux-gnu/libX11.so.6.3.0
7f38ffb95000-7f38ffb99000 rw-p 00136000 08:07 2762061                    /usr/lib/x86_64-linux-gnu/libX11.so.6.3.0
7f38ffb99000-7f38ffbaa000 r-xp 00000000 08:07 2762078                    /usr/lib/x86_64-linux-gnu/libXext.so.6.4.0
7f38ffbaa000-7f38ffda9000 ---p 00011000 08:07 2762078                    /usr/lib/x86_64-linux-gnu/libXext.so.6.4.0
7f38ffda9000-7f38ffdaa000 r--p 00010000 08:07 2762078                    /usr/lib/x86_64-linux-gnu/libXext.so.6.4.0
7f38ffdaa000-7f38ffdab000 rw-p 00011000 08:07 2762078                    /usr/lib/x86_64-linux-gnu/libXext.so.6.4.0
7f38ffdab000-7f38ffdfb000 r-xp 00000000 08:07 1836094                    /usr/lib/jvm/jdk1.7.0_51/jre/lib/amd64/xawt/libmawt.so
7f38ffdfb000-7f38ffffb000 ---p 00050000 08:07 1836094                    /usr/lib/jvm/jdk1.7.0_51/jre/lib/amd64/xawt/libmawt.so
7f38ffffb000-7f38fffff000 rw-p 00050000 08:07 1836094                    /usr/lib/jvm/jdk1.7.0_51/jre/lib/amd64/xawt/libmawt.so
7f38fffff000-7f3900000000 rw-p 00000000 00:00 0 
7f3900000000-7f3900382000 rw-p 00000000 00:00 0 
7f3900382000-7f3904000000 ---p 00000000 00:00 0 
7f3904000000-7f3904021000 rw-p 00000000 00:00 0 
7f3904021000-7f3908000000 ---p 00000000 00:00 0 
7f3908000000-7f3908021000 rw-p 00000000 00:00 0 
7f3908021000-7f390c000000 ---p 00000000 00:00 0 
7f390c000000-7f390c5ab000 rw-p 00000000 00:00 0 
7f390c5ab000-7f3910000000 ---p 00000000 00:00 0 
7f3910000000-7f391003c000 rw-p 00000000 00:00 0 
7f391003c000-7f3914000000 ---p 00000000 00:00 0 
7f3914000000-7f391402b000 rw-p 00000000 00:00 0 
7f391402b000-7f3918000000 ---p 00000000 00:00 0 
7f3918000000-7f3918021000 rw-p 00000000 00:00 0 
7f3918021000-7f391c000000 ---p 00000000 00:00 0 
7f391c000000-7f391c021000 rw-p 00000000 00:00 0 
7f391c021000-7f3920000000 ---p 00000000 00:00 0 
7f3920000000-7f3920021000 rw-p 00000000 00:00 0 
7f3920021000-7f3924000000 ---p 00000000 00:00 0 
7f3924000000-7f3924021000 rw-p 00000000 00:00 0 
7f3924021000-7f3928000000 ---p 00000000 00:00 0 
7f3928000000-7f3928021000 rw-p 00000000 00:00 0 
7f3928021000-7f392c000000 ---p 00000000 00:00 0 
7f392c002000-7f392c003000 r--s 00000000 08:07 2890675                    /var/cache/fontconfig/0d8c3b2ac0904cb8a57a757ad11a4a08-le64.cache-6
7f392c003000-7f392c007000 r--s 00000000 08:07 2885053                    /var/cache/fontconfig/de156ccd2eddbdc19d37a45b8b2aac9c-le64.cache-6
7f392c007000-7f392c01c000 r--s 00000000 08:07 2890672                    /var/cache/fontconfig/04aabc0a78ac019cf9454389977116d2-le64.cache-6
7f392c01c000-7f392c01d000 r--s 00000000 08:07 2890677                    /var/cache/fontconfig/1ac9eb803944fde146138c791f5cc56a-le64.cache-6
7f392c01d000-7f392c021000 r--s 00000000 08:07 2890682                    /var/cache/fontconfig/385c0604a188198f04d133e54aba7fe7-le64.cache-6
7f392c021000-7f392c022000 r--s 00000000 08:07 2890709                    /var/cache/fontconfig/dc05db6664285cc2f12bf69c139ae4c3-le64.cache-6
7f392c022000-7f392c025000 r--s 00000000 08:07 2890692                    /var/cache/fontconfig/767a8244fc0220cfb567a839d0392e0b-le64.cache-6
7f392c025000-7f392c026000 r--s 00000000 08:07 2883743                    /var/cache/fontconfig/4794a0821666d79190d59a36cb4f44b5-le64.cache-6
7f392c026000-7f392c02b000 r--s 00000000 08:07 2890695                    /var/cache/fontconfig/8801497958630a81b71ace7c5f9b32a8-le64.cache-6
7f392c02b000-7f392c02c000 r--s 00000000 08:07 2890702                    /var/cache/fontconfig/bab58bb527bb656aaa9f116d68a48d89-le64.cache-6
7f392c02c000-7f392c033000 r--s 00000000 08:07 2890679                    /var/cache/fontconfig/3047814df9a2f067bd2d96a2b9c36e5a-le64.cache-6
7f392c033000-7f392c034000 r--s 00000000 08:07 2890686                    /var/cache/fontconfig/56cf4f4769d0f4abc89a4895d7bd3ae1-le64.cache-6
7f392c034000-7f392c035000 r--s 00000000 08:07 2890701                    /var/cache/fontconfig/b9d506c9ac06c20b433354fa67a72993-le64.cache-6
7f392c035000-7f392c03b000 r--s 00000000 08:07 2890700                    /var/cache/fontconfig/b47c4e1ecd0709278f4910c18777a504-le64.cache-6
7f392c03b000-7f392c04e000 r--s 00000000 08:07 2890706                    /var/cache/fontconfig/d52a8644073d54c13679302ca1180695-le64.cache-6
7f392c057000-7f392c068000 r--s 00000000 08:07 527816                     /usr/share/fonts/type1/gsfonts/n019023l.pfb
7f392c068000-7f392c07c000 r--s 00000000 08:07 527810                     /usr/share/fonts/type1/gsfonts/n019003l.pfb
7f392c07c000-7f392c085000 r--s 00000000 08:07 527870                     /usr/share/fonts/type1/gsfonts/s050000l.pfb
7f392c085000-7f392c090000 r--s 00000000 08:07 2887795                    /var/cache/fontconfig/d589a48862398ed80a3d6066f4f56f4c-le64.cache-6
7f392c090000-7f392c093000 ---p 00000000 00:00 0 
7f392c093000-7f392c191000 rw-p 00000000 00:00 0 
7f392c191000-7f392c233000 r-xp 00000000 08:07 1836064                    /usr/lib/jvm/jdk1.7.0_51/jre/lib/amd64/libawt.so
7f392c233000-7f392c433000 ---p 000a2000 08:07 1836064                    /usr/lib/jvm/jdk1.7.0_51/jre/lib/amd64/libawt.so
7f392c433000-7f392c43f000 rw-p 000a2000 08:07 1836064                    /usr/lib/jvm/jdk1.7.0_51/jre/lib/amd64/libawt.so
7f392c43f000-7f392c463000 rw-p 00000000 00:00 0 
7f392c463000-7f392c464000 ---p 00000000 00:00 0 
7f392c464000-7f392c564000 rw-p 00000000 00:00 0 
7f392c564000-7f392c567000 ---p 00000000 00:00 0 
7f392c567000-7f392c665000 rw-p 00000000 00:00 0 
7f392c665000-7f392c668000 ---p 00000000 00:00 0 
7f392c668000-7f392c766000 rw-p 00000000 00:00 0 
7f392c766000-7f392c769000 ---p 00000000 00:00 0 
7f392c769000-7f392c867000 rw-p 00000000 00:00 0 
7f392c867000-7f392c86a000 ---p 00000000 00:00 0 
7f392c86a000-7f392c968000 rw-p 00000000 00:00 0 
7f392c968000-7f392c96b000 ---p 00000000 00:00 0 
7f392c96b000-7f392ca69000 rw-p 00000000 00:00 0 
7f392ca69000-7f392ca6c000 ---p 00000000 00:00 0 
7f392ca6c000-7f392cb6a000 rw-p 00000000 00:00 0 
7f392cb6a000-7f392cb6e000 r-xp 00000000 08:07 1836071                    /usr/lib/jvm/jdk1.7.0_51/jre/lib/amd64/libdt_socket.so
7f392cb6e000-7f392cd6d000 ---p 00004000 08:07 1836071                    /usr/lib/jvm/jdk1.7.0_51/jre/lib/amd64/libdt_socket.so
7f392cd6d000-7f392cd6e000 rw-p 00003000 08:07 1836071                    /usr/lib/jvm/jdk1.7.0_51/jre/lib/amd64/libdt_socket.so
7f392cd6e000-7f392cd71000 ---p 00000000 00:00 0 
7f392cd71000-7f392ce6f000 rw-p 00000000 00:00 0 
7f392ce6f000-7f392ce72000 ---p 00000000 00:00 0 
7f392ce72000-7f392cf70000 rw-p 00000000 00:00 0 
7f392cf70000-7f392cf73000 ---p 00000000 00:00 0 
7f392cf73000-7f392d071000 rw-p 00000000 00:00 0 
7f392d071000-7f392d072000 ---p 00000000 00:00 0 
7f392d072000-7f3930000000 rw-p 00000000 00:00 0 
7f3930000000-7f3930021000 rw-p 00000000 00:00 0 
7f3930021000-7f3934000000 ---p 00000000 00:00 0 
7f3934000000-7f3934021000 rw-p 00000000 00:00 0 
7f3934021000-7f3938000000 ---p 00000000 00:00 0 
7f3938000000-7f3938021000 rw-p 00000000 00:00 0 
7f3938021000-7f393c000000 ---p 00000000 00:00 0 
7f393c000000-7f393c003000 r--s 00000000 08:07 2890691                    /var/cache/fontconfig/75114ca45c98e8a441da0ff356701271-le64.cache-6
7f393c003000-7f393c00e000 r--s 00000000 08:07 2890694                    /var/cache/fontconfig/83bf95040141907cd45bb53cf7c1c148-le64.cache-6
7f393c00e000-7f393c020000 r--s 00000000 08:07 2886108                    /var/cache/fontconfig/9b89f8e3dae116d678bbf48e5f21f69b-le64.cache-6
7f393c020000-7f393c023000 r--s 00000000 08:07 2890710                    /var/cache/fontconfig/e13b20fdb08344e0e664864cc2ede53d-le64.cache-6
7f393c023000-7f393c048000 r--p 00000000 08:07 397003                     /usr/share/locale-langpack/es/LC_MESSAGES/libc.mo
7f393c048000-7f393c053000 r--s 0037c000 08:07 1057110                    /usr/lib/jvm/jdk1.7.0_51/jre/lib/charsets.jar
7f393c053000-7f393c202000 rw-p 00000000 00:00 0 
7f393c202000-7f393c3bf000 r--s 039bf000 08:07 1057153                    /usr/lib/jvm/jdk1.7.0_51/jre/lib/rt.jar
7f393c3bf000-7f393c698000 rw-p 00000000 00:00 0 
7f393c698000-7f393c699000 ---p 00000000 00:00 0 
7f393c699000-7f393c799000 rw-p 00000000 00:00 0 
7f393c799000-7f393c79a000 ---p 00000000 00:00 0 
7f393c79a000-7f393c89a000 rw-p 00000000 00:00 0 
7f393c89a000-7f393c89b000 ---p 00000000 00:00 0 
7f393c89b000-7f393c99b000 rw-p 00000000 00:00 0 
7f393c99b000-7f393c99c000 ---p 00000000 00:00 0 
7f393c99c000-7f393cab0000 rw-p 00000000 00:00 0 
7f393cab0000-7f393cbdc000 rw-p 00000000 00:00 0 
7f393cbdc000-7f393cbe7000 rw-p 00000000 00:00 0 
7f393cbe7000-7f393cc05000 rw-p 00000000 00:00 0 
7f393cc05000-7f393cc19000 rw-p 00000000 00:00 0 
7f393cc19000-7f393cd44000 rw-p 00000000 00:00 0 
7f393cd44000-7f393cd4f000 rw-p 00000000 00:00 0 
7f393cd4f000-7f393cde4000 rw-p 00000000 00:00 0 
7f393cde4000-7f393cde5000 rw-p 00000000 00:00 0 
7f393cde5000-7f393d055000 rwxp 00000000 00:00 0 
7f393d055000-7f393fde5000 rw-p 00000000 00:00 0 
7f393fde5000-7f393fdff000 r-xp 00000000 08:07 1836101                    /usr/lib/jvm/jdk1.7.0_51/jre/lib/amd64/libzip.so
7f393fdff000-7f393ffff000 ---p 0001a000 08:07 1836101                    /usr/lib/jvm/jdk1.7.0_51/jre/lib/amd64/libzip.so
7f393ffff000-7f3940000000 rw-p 0001a000 08:07 1836101                    /usr/lib/jvm/jdk1.7.0_51/jre/lib/amd64/libzip.so
7f3940000000-7f3940230000 rw-p 00000000 00:00 0 
7f3940230000-7f3944000000 ---p 00000000 00:00 0 
7f3944000000-7f3944001000 r--s 00000000 08:07 2890685                    /var/cache/fontconfig/551ecf3b0e8b0bca0f25c0944f561853-le64.cache-6
7f3944001000-7f3944005000 r--s 00000000 08:07 2883629                    /var/cache/fontconfig/7ef2298fde41cc6eeb7af42e48b7d293-le64.cache-6
7f3944005000-7f3944030000 rw-p 00000000 00:00 0 
7f3944030000-7f39440e6000 rw-p 00000000 00:00 0 
7f39440e6000-7f39440f1000 r-xp 00000000 08:07 2364559                    /lib/x86_64-linux-gnu/libnss_files-2.23.so
7f39440f1000-7f39442f0000 ---p 0000b000 08:07 2364559                    /lib/x86_64-linux-gnu/libnss_files-2.23.so
7f39442f0000-7f39442f1000 r--p 0000a000 08:07 2364559                    /lib/x86_64-linux-gnu/libnss_files-2.23.so
7f39442f1000-7f39442f2000 rw-p 0000b000 08:07 2364559                    /lib/x86_64-linux-gnu/libnss_files-2.23.so
7f39442f2000-7f39442f8000 rw-p 00000000 00:00 0 
7f39442f8000-7f3944303000 r-xp 00000000 08:07 2364569                    /lib/x86_64-linux-gnu/libnss_nis-2.23.so
7f3944303000-7f3944502000 ---p 0000b000 08:07 2364569                    /lib/x86_64-linux-gnu/libnss_nis-2.23.so
7f3944502000-7f3944503000 r--p 0000a000 08:07 2364569                    /lib/x86_64-linux-gnu/libnss_nis-2.23.so
7f3944503000-7f3944504000 rw-p 0000b000 08:07 2364569                    /lib/x86_64-linux-gnu/libnss_nis-2.23.so
7f3944504000-7f394451a000 r-xp 00000000 08:07 2364553                    /lib/x86_64-linux-gnu/libnsl-2.23.so
7f394451a000-7f3944719000 ---p 00016000 08:07 2364553                    /lib/x86_64-linux-gnu/libnsl-2.23.so
7f3944719000-7f394471a000 r--p 00015000 08:07 2364553                    /lib/x86_64-linux-gnu/libnsl-2.23.so
7f394471a000-7f394471b000 rw-p 00016000 08:07 2364553                    /lib/x86_64-linux-gnu/libnsl-2.23.so
7f394471b000-7f394471d000 rw-p 00000000 00:00 0 
7f394471d000-7f3944725000 r-xp 00000000 08:07 2364555                    /lib/x86_64-linux-gnu/libnss_compat-2.23.so
7f3944725000-7f3944924000 ---p 00008000 08:07 2364555                    /lib/x86_64-linux-gnu/libnss_compat-2.23.so
7f3944924000-7f3944925000 r--p 00007000 08:07 2364555                    /lib/x86_64-linux-gnu/libnss_compat-2.23.so
7f3944925000-7f3944926000 rw-p 00008000 08:07 2364555                    /lib/x86_64-linux-gnu/libnss_compat-2.23.so
7f3944926000-7f39452e5000 r--p 00000000 08:07 2760681                    /usr/lib/locale/locale-archive
7f39452e5000-7f39452e8000 r-xp 00000000 08:07 1836062                    /usr/lib/jvm/jdk1.7.0_51/jre/lib/amd64/libnpt.so
7f39452e8000-7f39454e7000 ---p 00003000 08:07 1836062                    /usr/lib/jvm/jdk1.7.0_51/jre/lib/amd64/libnpt.so
7f39454e7000-7f39454e8000 rw-p 00002000 08:07 1836062                    /usr/lib/jvm/jdk1.7.0_51/jre/lib/amd64/libnpt.so
7f39454e8000-7f3945521000 r-xp 00000000 08:07 1836106                    /usr/lib/jvm/jdk1.7.0_51/jre/lib/amd64/libjdwp.so
7f3945521000-7f3945721000 ---p 00039000 08:07 1836106                    /usr/lib/jvm/jdk1.7.0_51/jre/lib/amd64/libjdwp.so
7f3945721000-7f3945722000 rw-p 00039000 08:07 1836106                    /usr/lib/jvm/jdk1.7.0_51/jre/lib/amd64/libjdwp.so
7f3945722000-7f3945723000 rw-p 00000000 00:00 0 
7f3945723000-7f394574c000 r-xp 00000000 08:07 1836085                    /usr/lib/jvm/jdk1.7.0_51/jre/lib/amd64/libjava.so
7f394574c000-7f394594c000 ---p 00029000 08:07 1836085                    /usr/lib/jvm/jdk1.7.0_51/jre/lib/amd64/libjava.so
7f394594c000-7f394594e000 rw-p 00029000 08:07 1836085                    /usr/lib/jvm/jdk1.7.0_51/jre/lib/amd64/libjava.so
7f394594e000-7f394595b000 r-xp 00000000 08:07 1836083                    /usr/lib/jvm/jdk1.7.0_51/jre/lib/amd64/libverify.so
7f394595b000-7f3945b5a000 ---p 0000d000 08:07 1836083                    /usr/lib/jvm/jdk1.7.0_51/jre/lib/amd64/libverify.so
7f3945b5a000-7f3945b5c000 rw-p 0000c000 08:07 1836083                    /usr/lib/jvm/jdk1.7.0_51/jre/lib/amd64/libverify.so
7f3945b5c000-7f3945b63000 r-xp 00000000 08:07 2364614                    /lib/x86_64-linux-gnu/librt-2.23.so
7f3945b63000-7f3945d62000 ---p 00007000 08:07 2364614                    /lib/x86_64-linux-gnu/librt-2.23.so
7f3945d62000-7f3945d63000 r--p 00006000 08:07 2364614                    /lib/x86_64-linux-gnu/librt-2.23.so
7f3945d63000-7f3945d64000 rw-p 00007000 08:07 2364614                    /lib/x86_64-linux-gnu/librt-2.23.so
7f3945d64000-7f3945d67000 ---p 00000000 00:00 0 
7f3945d67000-7f3945e65000 rw-p 00000000 00:00 0 
7f3945e65000-7f3945f6d000 r-xp 00000000 08:07 2364530                    /lib/x86_64-linux-gnu/libm-2.23.so
7f3945f6d000-7f394616c000 ---p 00108000 08:07 2364530                    /lib/x86_64-linux-gnu/libm-2.23.so
7f394616c000-7f394616d000 r--p 00107000 08:07 2364530                    /lib/x86_64-linux-gnu/libm-2.23.so
7f394616d000-7f394616e000 rw-p 00108000 08:07 2364530                    /lib/x86_64-linux-gnu/libm-2.23.so
7f394616e000-7f3946cd0000 r-xp 00000000 08:07 1836091                    /usr/lib/jvm/jdk1.7.0_51/jre/lib/amd64/server/libjvm.so
7f3946cd0000-7f3946ed0000 ---p 00b62000 08:07 1836091                    /usr/lib/jvm/jdk1.7.0_51/jre/lib/amd64/server/libjvm.so
7f3946ed0000-7f3946f93000 rw-p 00b62000 08:07 1836091                    /usr/lib/jvm/jdk1.7.0_51/jre/lib/amd64/server/libjvm.so
7f3946f93000-7f3946fd4000 rw-p 00000000 00:00 0 
7f3946fd4000-7f3947194000 r-xp 00000000 08:07 2364460                    /lib/x86_64-linux-gnu/libc-2.23.so
7f3947194000-7f3947393000 ---p 001c0000 08:07 2364460                    /lib/x86_64-linux-gnu/libc-2.23.so
7f3947393000-7f3947397000 r--p 001bf000 08:07 2364460                    /lib/x86_64-linux-gnu/libc-2.23.so
7f3947397000-7f3947399000 rw-p 001c3000 08:07 2364460                    /lib/x86_64-linux-gnu/libc-2.23.so
7f3947399000-7f394739d000 rw-p 00000000 00:00 0 
7f394739d000-7f39473a0000 r-xp 00000000 08:07 2364484                    /lib/x86_64-linux-gnu/libdl-2.23.so
7f39473a0000-7f394759f000 ---p 00003000 08:07 2364484                    /lib/x86_64-linux-gnu/libdl-2.23.so
7f394759f000-7f39475a0000 r--p 00002000 08:07 2364484                    /lib/x86_64-linux-gnu/libdl-2.23.so
7f39475a0000-7f39475a1000 rw-p 00003000 08:07 2364484                    /lib/x86_64-linux-gnu/libdl-2.23.so
7f39475a1000-7f39475b7000 r-xp 00000000 08:07 1056839                    /usr/lib/jvm/jdk1.7.0_51/lib/amd64/jli/libjli.so
7f39475b7000-7f39477b7000 ---p 00016000 08:07 1056839                    /usr/lib/jvm/jdk1.7.0_51/lib/amd64/jli/libjli.so
7f39477b7000-7f39477b8000 rw-p 00016000 08:07 1056839                    /usr/lib/jvm/jdk1.7.0_51/lib/amd64/jli/libjli.so
7f39477b8000-7f39477d0000 r-xp 00000000 08:07 2364606                    /lib/x86_64-linux-gnu/libpthread-2.23.so
7f39477d0000-7f39479cf000 ---p 00018000 08:07 2364606                    /lib/x86_64-linux-gnu/libpthread-2.23.so
7f39479cf000-7f39479d0000 r--p 00017000 08:07 2364606                    /lib/x86_64-linux-gnu/libpthread-2.23.so
7f39479d0000-7f39479d1000 rw-p 00018000 08:07 2364606                    /lib/x86_64-linux-gnu/libpthread-2.23.so
7f39479d1000-7f39479d5000 rw-p 00000000 00:00 0 
7f39479d5000-7f39479fb000 r-xp 00000000 08:07 2364432                    /lib/x86_64-linux-gnu/ld-2.23.so
7f39479fb000-7f39479fc000 r--s 00000000 08:07 2890680                    /var/cache/fontconfig/30829fa25452a46451e813d634d7f916-le64.cache-6
7f39479fc000-7f3947a03000 r--s 00000000 08:07 3016614                    /usr/lib/x86_64-linux-gnu/gconv/gconv-modules.cache
7f3947a03000-7f3947a05000 r--s 0000d000 08:08 3412122                    /home/kcrez/Documentos/JavaDuino/library/rxtx2.1/RXTXcomm.jar
7f3947a05000-7f3947a07000 r--s 0000d000 08:07 1835127                    /usr/lib/jvm/jdk1.7.0_51/jre/lib/ext/RXTXcomm.jar
7f3947a07000-7f3947a5b000 rw-p 00000000 00:00 0 
7f3947a5b000-7f3947a79000 rw-p 00000000 00:00 0 
7f3947a79000-7f3947a7d000 rw-p 00000000 00:00 0 
7f3947a7d000-7f3947ac1000 r-xp 00000000 08:07 1052366                    /opt/eset/esets/lib/libesets_pac.so
7f3947ac1000-7f3947bc1000 ---p 00044000 08:07 1052366                    /opt/eset/esets/lib/libesets_pac.so
7f3947bc1000-7f3947bc4000 rw-p 00044000 08:07 1052366                    /opt/eset/esets/lib/libesets_pac.so
7f3947bc4000-7f3947bd7000 rw-p 00000000 00:00 0 
7f3947bd7000-7f3947bd8000 r--s 00000000 08:07 2890674                    /var/cache/fontconfig/0c9eb80ebd1c36541ebe2852d3bb0c49-le64.cache-6
7f3947bd8000-7f3947bed000 rw-p 00000000 00:00 0 
7f3947bed000-7f3947bf5000 rw-s 00000000 08:07 2097294                    /tmp/hsperfdata_kcrez/7019
7f3947bf5000-7f3947bf6000 rw-p 00000000 00:00 0 
7f3947bf6000-7f3947bf7000 r--p 00000000 00:00 0 
7f3947bf7000-7f3947bfa000 rw-p 00000000 00:00 0 
7f3947bfa000-7f3947bfb000 r--p 00025000 08:07 2364432                    /lib/x86_64-linux-gnu/ld-2.23.so
7f3947bfb000-7f3947bfc000 rw-p 00026000 08:07 2364432                    /lib/x86_64-linux-gnu/ld-2.23.so
7f3947bfc000-7f3947bfd000 rw-p 00000000 00:00 0 
7fff0013f000-7fff00160000 rw-p 00000000 00:00 0                          [stack]
7fff001bc000-7fff001be000 r--p 00000000 00:00 0                          [vvar]
7fff001be000-7fff001c0000 r-xp 00000000 00:00 0                          [vdso]
ffffffffff600000-ffffffffff601000 r-xp 00000000 00:00 0                  [vsyscall]

VM Arguments:
jvm_args: -Xdebug -Xrunjdwp:transport=dt_socket,address=localhost:45881 -Dfile.encoding=UTF-8 -Djava.library.path=/home/kcrez/Documentos/JavaDuino/library/rxtx2.1 
java_command: PPD_Frame
Launcher Type: SUN_STANDARD

Environment Variables:
PATH=/usr/local/sbin:/usr/local/bin:/usr/sbin:/usr/bin:/sbin:/bin:/usr/games:/usr/local/games:/snap/bin
LD_LIBRARY_PATH=/usr/lib/jvm/jdk1.7.0_51/jre/lib/amd64:/usr/lib/jvm/jdk1.7.0_51/jre/lib/i386:
SHELL=/bin/bash
DISPLAY=:0

Signal Handlers:
SIGSEGV: [libjvm.so+0x993870], sa_mask[0]=0x7ffbfeff, sa_flags=0x10000004
SIGBUS: [libjvm.so+0x993870], sa_mask[0]=0x7ffbfeff, sa_flags=0x10000004
SIGFPE: [libjvm.so+0x8105b0], sa_mask[0]=0x7ffbfeff, sa_flags=0x10000004
SIGPIPE: [libjvm.so+0x8105b0], sa_mask[0]=0x7ffbfeff, sa_flags=0x10000004
SIGXFSZ: [libjvm.so+0x8105b0], sa_mask[0]=0x7ffbfeff, sa_flags=0x10000004
SIGILL: [libjvm.so+0x8105b0], sa_mask[0]=0x7ffbfeff, sa_flags=0x10000004
SIGUSR1: SIG_DFL, sa_mask[0]=0x00000000, sa_flags=0x00000000
SIGUSR2: [libjvm.so+0x811aa0], sa_mask[0]=0x00000004, sa_flags=0x10000004
SIGHUP: [libjvm.so+0x812a10], sa_mask[0]=0x7ffbfeff, sa_flags=0x10000004
SIGINT: SIG_IGN, sa_mask[0]=0x00000000, sa_flags=0x00000000
SIGTERM: [libjvm.so+0x812a10], sa_mask[0]=0x7ffbfeff, sa_flags=0x10000004
SIGQUIT: [libjvm.so+0x812a10], sa_mask[0]=0x7ffbfeff, sa_flags=0x10000004


---------------  S Y S T E M  ---------------

OS:stretch/sid

uname:Linux 4.4.0-22-generic #40-Ubuntu SMP Thu May 12 22:03:46 UTC 2016 x86_64
libc:glibc 2.23 NPTL 2.23 
rlimit: STACK 8192k, CORE 0k, NPROC 15146, NOFILE 65536, AS infinity
load average:0.43 0.33 0.32

/proc/meminfo:
MemTotal:        3916240 kB
MemFree:           29976 kB
MemAvailable:    1353832 kB
Buffers:          217616 kB
Cached:          1233584 kB
SwapCached:         3028 kB
Active:          2464356 kB
Inactive:        1149484 kB
Active(anon):    1746856 kB
Inactive(anon):   673144 kB
Active(file):     717500 kB
Inactive(file):   476340 kB
Unevictable:          48 kB
Mlocked:              48 kB
SwapTotal:       7812088 kB
SwapFree:        7798924 kB
Dirty:               596 kB
Writeback:             0 kB
AnonPages:       2159760 kB
Mapped:           349752 kB
Shmem:            257356 kB
Slab:             193132 kB
SReclaimable:     159248 kB
SUnreclaim:        33884 kB
KernelStack:       10656 kB
PageTables:        33620 kB
NFS_Unstable:          0 kB
Bounce:                0 kB
WritebackTmp:          0 kB
CommitLimit:     9770208 kB
Committed_AS:    6405700 kB
VmallocTotal:   34359738367 kB
VmallocUsed:           0 kB
VmallocChunk:          0 kB
HardwareCorrupted:     0 kB
AnonHugePages:   1044480 kB
CmaTotal:              0 kB
CmaFree:               0 kB
HugePages_Total:       0
HugePages_Free:        0
HugePages_Rsvd:        0
HugePages_Surp:        0
Hugepagesize:       2048 kB
DirectMap4k:      121628 kB
DirectMap2M:     2893824 kB
DirectMap1G:     1048576 kB


CPU:total 4 (2 cores per cpu, 2 threads per core) family 6 model 60 stepping 3, cmov, cx8, fxsr, mmx, sse, sse2, sse3, ssse3, sse4.1, sse4.2, popcnt, avx, avx2, aes, erms, ht, tsc, tscinvbit

/proc/cpuinfo:
processor	: 0
vendor_id	: GenuineIntel
cpu family	: 6
model		: 60
model name	: Intel(R) Core(TM) i3-4170 CPU @ 3.70GHz
stepping	: 3
microcode	: 0x1e
cpu MHz		: 3700.000
cache size	: 3072 KB
physical id	: 0
siblings	: 4
core id		: 0
cpu cores	: 2
apicid		: 0
initial apicid	: 0
fpu		: yes
fpu_exception	: yes
cpuid level	: 13
wp		: yes
flags		: fpu vme de pse tsc msr pae mce cx8 apic sep mtrr pge mca cmov pat pse36 clflush dts acpi mmx fxsr sse sse2 ss ht tm pbe syscall nx pdpe1gb rdtscp lm constant_tsc arch_perfmon pebs bts rep_good nopl xtopology nonstop_tsc aperfmperf eagerfpu pni pclmulqdq dtes64 monitor ds_cpl vmx est tm2 ssse3 sdbg fma cx16 xtpr pdcm pcid sse4_1 sse4_2 movbe popcnt tsc_deadline_timer aes xsave avx f16c rdrand lahf_lm abm epb tpr_shadow vnmi flexpriority ept vpid fsgsbase tsc_adjust bmi1 avx2 smep bmi2 erms invpcid xsaveopt dtherm arat pln pts
bugs		:
bogomips	: 7382.73
clflush size	: 64
cache_alignment	: 64
address sizes	: 39 bits physical, 48 bits virtual
power management:

processor	: 1
vendor_id	: GenuineIntel
cpu family	: 6
model		: 60
model name	: Intel(R) Core(TM) i3-4170 CPU @ 3.70GHz
stepping	: 3
microcode	: 0x1e
cpu MHz		: 3700.000
cache size	: 3072 KB
physical id	: 0
siblings	: 4
core id		: 1
cpu cores	: 2
apicid		: 2
initial apicid	: 2
fpu		: yes
fpu_exception	: yes
cpuid level	: 13
wp		: yes
flags		: fpu vme de pse tsc msr pae mce cx8 apic sep mtrr pge mca cmov pat pse36 clflush dts acpi mmx fxsr sse sse2 ss ht tm pbe syscall nx pdpe1gb rdtscp lm constant_tsc arch_perfmon pebs bts rep_good nopl xtopology nonstop_tsc aperfmperf eagerfpu pni pclmulqdq dtes64 monitor ds_cpl vmx est tm2 ssse3 sdbg fma cx16 xtpr pdcm pcid sse4_1 sse4_2 movbe popcnt tsc_deadline_timer aes xsave avx f16c rdrand lahf_lm abm epb tpr_shadow vnmi flexpriority ept vpid fsgsbase tsc_adjust bmi1 avx2 smep bmi2 erms invpcid xsaveopt dtherm arat pln pts
bugs		:
bogomips	: 7382.73
clflush size	: 64
cache_alignment	: 64
address sizes	: 39 bits physical, 48 bits virtual
power management:

processor	: 2
vendor_id	: GenuineIntel
cpu family	: 6
model		: 60
model name	: Intel(R) Core(TM) i3-4170 CPU @ 3.70GHz
stepping	: 3
microcode	: 0x1e
cpu MHz		: 3700.000
cache size	: 3072 KB
physical id	: 0
siblings	: 4
core id		: 0
cpu cores	: 2
apicid		: 1
initial apicid	: 1
fpu		: yes
fpu_exception	: yes
cpuid level	: 13
wp		: yes
flags		: fpu vme de pse tsc msr pae mce cx8 apic sep mtrr pge mca cmov pat pse36 clflush dts acpi mmx fxsr sse sse2 ss ht tm pbe syscall nx pdpe1gb rdtscp lm constant_tsc arch_perfmon pebs bts rep_good nopl xtopology nonstop_tsc aperfmperf eagerfpu pni pclmulqdq dtes64 monitor ds_cpl vmx est tm2 ssse3 sdbg fma cx16 xtpr pdcm pcid sse4_1 sse4_2 movbe popcnt tsc_deadline_timer aes xsave avx f16c rdrand lahf_lm abm epb tpr_shadow vnmi flexpriority ept vpid fsgsbase tsc_adjust bmi1 avx2 smep bmi2 erms invpcid xsaveopt dtherm arat pln pts
bugs		:
bogomips	: 7382.73
clflush size	: 64
cache_alignment	: 64
address sizes	: 39 bits physical, 48 bits virtual
power management:

processor	: 3
vendor_id	: GenuineIntel
cpu family	: 6
model		: 60
model name	: Intel(R) Core(TM) i3-4170 CPU @ 3.70GHz
stepping	: 3
microcode	: 0x1e
cpu MHz		: 3700.000
cache size	: 3072 KB
physical id	: 0
siblings	: 4
core id		: 1
cpu cores	: 2
apicid		: 3
initial apicid	: 3
fpu		: yes
fpu_exception	: yes
cpuid level	: 13
wp		: yes
flags		: fpu vme de pse tsc msr pae mce cx8 apic sep mtrr pge mca cmov pat pse36 clflush dts acpi mmx fxsr sse sse2 ss ht tm pbe syscall nx pdpe1gb rdtscp lm constant_tsc arch_perfmon pebs bts rep_good nopl xtopology nonstop_tsc aperfmperf eagerfpu pni pclmulqdq dtes64 monitor ds_cpl vmx est tm2 ssse3 sdbg fma cx16 xtpr pdcm pcid sse4_1 sse4_2 movbe popcnt tsc_deadline_timer aes xsave avx f16c rdrand lahf_lm abm epb tpr_shadow vnmi flexpriority ept vpid fsgsbase tsc_adjust bmi1 avx2 smep bmi2 erms invpcid xsaveopt dtherm arat pln pts
bugs		:
bogomips	: 7382.73
clflush size	: 64
cache_alignment	: 64
address sizes	: 39 bits physical, 48 bits virtual
power management:



Memory: 4k page, physical 3916240k(29976k free), swap 7812088k(7798924k free)

vm_info: Java HotSpot(TM) 64-Bit Server VM (24.51-b03) for linux-amd64 JRE (1.7.0_51-b13), built on Dec 18 2013 18:48:01 by "java_re" with gcc 4.3.0 20080428 (Red Hat 4.3.0-8)

time: Sun Jul 31 17:00:21 2016
elapsed time: 8 seconds

