#
# A fatal error has been detected by the Java Runtime Environment:
#
#  SIGSEGV (0xb) at pc=0x00007fdf95df7462, pid=6794, tid=140598268856064
#
# JRE version: Java(TM) SE Runtime Environment (7.0_51-b13) (build 1.7.0_51-b13)
# Java VM: Java HotSpot(TM) 64-Bit Server VM (24.51-b03 mixed mode linux-amd64 compressed oops)
# Problematic frame:
# C  [librxtxSerial.so+0x6462]  read_byte_array+0x52
#
# Failed to write core dump. Core dumps have been disabled. To enable core dumping, try "ulimit -c unlimited" before starting Java again
#
# If you would like to submit a bug report, please visit:
#   http://bugreport.sun.com/bugreport/crash.jsp
# The crash happened outside the Java Virtual Machine in native code.
# See problematic frame for where to report the bug.
#

---------------  T H R E A D  ---------------

Current thread (0x00007fdf7c0cf000):  JavaThread "Thread-0" [_thread_in_native, id=6816, stack(0x00007fdf95cf0000,0x00007fdf95df1000)]

siginfo:si_signo=SIGSEGV: si_errno=0, si_code=1 (SEGV_MAPERR), si_addr=0xffffffff95def678

Registers:
RAX=0xffffffff95def670, RBX=0xffffffffffffffff, RCX=0x0000000000000001, RDX=0x00007fdfd3024a50
RSP=0x00007fdf95deedf0, RBP=0x00007fdf7c0cf1e8, RSI=0x00007fdf95dfae30, RDI=0x00007fdf95dfad3e
R8 =0x00007fdf95deed60, R9 =0x00000000ec626280, R10=0x0000000000000000, R11=0x00007fdfd3029008
R12=0x00000000ffffffff, R13=0x0000000000000000, R14=0x000000000000001c, R15=0x0000000000000000
RIP=0x00007fdf95df7462, EFLAGS=0x0000000000010206, CSGSFS=0x0000000000000033, ERR=0x0000000000000005
  TRAPNO=0x000000000000000e

Top of Stack: (sp=0x00007fdf95deedf0)
0x00007fdf95deedf0:   0000000000000000 0000000000000000
0x00007fdf95deee00:   0000000000000000 0000000000000000
0x00007fdf95deee10:   0000000000000000 ffffffff95def670
0x00007fdf95deee20:   0000000000000000 0000000000000000
0x00007fdf95deee30:   0000000000000000 0000006800000000
0x00007fdf95deee40:   00007fdf74001280 0000001c00000000
0x00007fdf95deee50:   0000000000000000 0000000000000000
0x00007fdf95deee60:   0000000000000000 0000000000000000
0x00007fdf95deee70:   0000000000000000 0000000000000000
0x00007fdf95deee80:   0000000000000068 0000000000000000
0x00007fdf95deee90:   000000000000001c 0000000000000000
0x00007fdf95deeea0:   00007fdf95deeed0 00007fdfd2497dac
0x00007fdf95deeeb0:   00007fdf95deeee0 0000000000000068
0x00007fdf95deeec0:   00007fdf74001280 00007fdf74001280
0x00007fdf95deeed0:   000000000000001c 00007fdf95deef30
0x00007fdf95deeee0:   00007fdf7c0cf1e8 ffffffffffffffff
0x00007fdf95deeef0:   00007fdf7c0cf1e8 00007fdf74001280
0x00007fdf95deef00:   0000000000000068 000000000000001c
0x00007fdf95deef10:   0000000000000000 00007fdf95df78a1
0x00007fdf95deef20:   00007fdf7c0cf000 00007fdf95def000
0x00007fdf95deef30:   00007fdf95def008 00000000bfaf9c30
0x00007fdf95deef40:   00007fdf95deefd0 0000000000000000
0x00007fdf95deef50:   00000000bfaf9c28 00007fdf95def008
0x00007fdf95deef60:   00007fdf7c0cf000 00007fdfc9012cd8
0x00007fdf95deef70:   00007fdfa40e9988 00007fdf95def008
0x00007fdf95deef80:   00007fdf7c0cf000 00000068000000b6
0x00007fdf95deef90:   00007fdf95deef90 00000000bfaf9c28
0x00007fdf95deefa0:   00007fdf95def008 00000000bfb0d550
0x00007fdf95deefb0:   0000000000000000 00000000bfaf9c30
0x00007fdf95deefc0:   0000000000000000 00007fdf95deeff0
0x00007fdf95deefd0:   00007fdf95def060 00007fdfc90061d4
0x00007fdf95deefe0:   0000000000000000 00007fdfc900ecd6 

Instructions: (pc=0x00007fdf95df7462)
0x00007fdf95df7442:   89 44 24 4c 48 c7 44 24 40 00 00 00 00 48 c7 44
0x00007fdf95df7452:   24 38 00 00 00 00 e8 53 d7 ff ff 48 89 44 24 28
0x00007fdf95df7462:   8b 40 08 45 85 e4 48 8b 54 24 28 44 8b 7c 24 4c
0x00007fdf95df7472:   89 44 24 34 c7 42 08 00 00 00 00 78 0c 31 c0 e8 

Register to memory mapping:

RAX=0xffffffff95def670 is an unknown value
RBX=0xffffffffffffffff is an unknown value
RCX=0x0000000000000001 is an unknown value
RDX=0x00007fdfd3024a50: <offset 0xe37a50> in /usr/lib/jvm/jdk1.7.0_51/jre/lib/amd64/server/libjvm.so at 0x00007fdfd21ed000
RSP=0x00007fdf95deedf0 is pointing into the stack for thread: 0x00007fdf7c0cf000
RBP=0x00007fdf7c0cf1e8 is an unknown value
RSI=0x00007fdf95dfae30: <offset 0x9e30> in /usr/lib/jvm/jdk1.7.0_51/jre/lib/amd64/librxtxSerial.so at 0x00007fdf95df1000
RDI=0x00007fdf95dfad3e: <offset 0x9d3e> in /usr/lib/jvm/jdk1.7.0_51/jre/lib/amd64/librxtxSerial.so at 0x00007fdf95df1000
R8 =0x00007fdf95deed60 is pointing into the stack for thread: 0x00007fdf7c0cf000
R9 =0x00000000ec626280 is an oop
gnu.io.RXTXPort 
 - klass: 'gnu/io/RXTXPort'
R10=0x0000000000000000 is an unknown value
R11=0x00007fdfd3029008: <offset 0xe3c008> in /usr/lib/jvm/jdk1.7.0_51/jre/lib/amd64/server/libjvm.so at 0x00007fdfd21ed000
R12=0x00000000ffffffff is an unallocated location in the heap
R13=0x0000000000000000 is an unknown value
R14=0x000000000000001c is an unknown value
R15=0x0000000000000000 is an unknown value


Stack: [0x00007fdf95cf0000,0x00007fdf95df1000],  sp=0x00007fdf95deedf0,  free space=1019k
Native frames: (J=compiled Java code, j=interpreted, Vv=VM code, C=native code)
C  [librxtxSerial.so+0x6462]  read_byte_array+0x52

Java frames: (J=compiled Java code, j=interpreted, Vv=VM code)
j  gnu.io.RXTXPort.readArray([BII)I+0
j  gnu.io.RXTXPort$SerialInputStream.read([BII)I+187
j  PPD_Frame.serialEvent(Lgnu/io/SerialPortEvent;)V+27
j  gnu.io.RXTXPort.sendEvent(IZ)Z+382
v  ~StubRoutines::call_stub
j  gnu.io.RXTXPort.eventLoop()V+0
j  gnu.io.RXTXPort$MonitorThread.run()V+12
v  ~StubRoutines::call_stub

---------------  P R O C E S S  ---------------

Java Threads: ( => current thread )
=>0x00007fdf7c0cf000 JavaThread "Thread-0" [_thread_in_native, id=6816, stack(0x00007fdf95cf0000,0x00007fdf95df1000)]
  0x00007fdf7c037800 JavaThread "Image Fetcher 0" daemon [_thread_blocked, id=6815, stack(0x00007fdf95f73000,0x00007fdf96074000)]
  0x00007fdfcc00a000 JavaThread "DestroyJavaVM" [_thread_blocked, id=6798, stack(0x00007fdfd1de3000,0x00007fdfd1ee4000)]
  0x00007fdfcc238800 JavaThread "AWT-EventQueue-0" [_thread_in_vm_trans, id=6814, stack(0x00007fdf962f3000,0x00007fdf963f4000)]
  0x00007fdfcc235800 JavaThread "AWT-Shutdown" [_thread_blocked, id=6813, stack(0x00007fdf963f4000,0x00007fdf964f5000)]
  0x00007fdfcc1b9800 JavaThread "AWT-XAWT" daemon [_thread_in_native, id=6812, stack(0x00007fdf970ad000,0x00007fdf971ae000)]
  0x00007fdfcc197000 JavaThread "Java2D Disposer" daemon [_thread_blocked, id=6811, stack(0x00007fdfc40a5000,0x00007fdfc41a6000)]
  0x00007fdfcc097000 JavaThread "Service Thread" daemon [_thread_blocked, id=6809, stack(0x00007fdfc4f69000,0x00007fdfc506a000)]
  0x00007fdfcc094800 JavaThread "C2 CompilerThread1" daemon [_thread_in_native, id=6808, stack(0x00007fdfc506a000,0x00007fdfc516b000)]
  0x00007fdfcc091800 JavaThread "C2 CompilerThread0" daemon [_thread_blocked, id=6807, stack(0x00007fdfc516b000,0x00007fdfc526c000)]
  0x00007fdfcc08f800 JavaThread "Signal Dispatcher" daemon [_thread_blocked, id=6806, stack(0x00007fdfc526c000,0x00007fdfc536d000)]
  0x00007fdfcc070000 JavaThread "Finalizer" daemon [_thread_blocked, id=6805, stack(0x00007fdfc5d2c000,0x00007fdfc5e2d000)]
  0x00007fdfcc06c000 JavaThread "Reference Handler" daemon [_thread_blocked, id=6804, stack(0x00007fdfc5e2d000,0x00007fdfc5f2e000)]

Other Threads:
  0x00007fdfcc069800 VMThread [stack: 0x00007fdfc5f2e000,0x00007fdfc602f000] [id=6803]
  0x00007fdfcc0a1800 WatcherThread [stack: 0x00007fdfc4e68000,0x00007fdfc4f69000] [id=6810]

VM state:not at safepoint (normal execution)

VM Mutex/Monitor currently owned by a thread: None

Heap
 PSYoungGen      total 17920K, used 6184K [0x00000000ec080000, 0x00000000ed480000, 0x0000000100000000)
  eden space 15360K, 40% used [0x00000000ec080000,0x00000000ec68a0f8,0x00000000ecf80000)
  from space 2560K, 0% used [0x00000000ed200000,0x00000000ed200000,0x00000000ed480000)
  to   space 2560K, 0% used [0x00000000ecf80000,0x00000000ecf80000,0x00000000ed200000)
 ParOldGen       total 40448K, used 0K [0x00000000c4200000, 0x00000000c6980000, 0x00000000ec080000)
  object space 40448K, 0% used [0x00000000c4200000,0x00000000c4200000,0x00000000c6980000)
 PSPermGen       total 21504K, used 11726K [0x00000000bf000000, 0x00000000c0500000, 0x00000000c4200000)
  object space 21504K, 54% used [0x00000000bf000000,0x00000000bfb73b38,0x00000000c0500000)

Card table byte_map: [0x00007fdfd0a7e000,0x00007fdfd0c87000] byte_map_base: 0x00007fdfd0486000

Polling page: 0x00007fdfd3c75000

Code Cache  [0x00007fdfc9000000, 0x00007fdfc9270000, 0x00007fdfcc000000)
 total_blobs=508 nmethods=38 adapters=423 free_code_cache=48525Kb largest_free_block=49668992

Compilation events (10 events):
Event: 0.371 Thread 0x00007fdfcc091800   35             java.lang.CharacterDataLatin1::getProperties (11 bytes)
Event: 0.371 Thread 0x00007fdfcc091800 nmethod 35 0x00007fdfc9090010 code [0x00007fdfc9090140, 0x00007fdfc90901b8]
Event: 0.378 Thread 0x00007fdfcc091800   36             java.util.Arrays::copyOfRange (63 bytes)
Event: 0.380 Thread 0x00007fdfcc094800 nmethod 33 0x00007fdfc909da50 code [0x00007fdfc909dd40, 0x00007fdfc909eaf0]
Event: 0.381 Thread 0x00007fdfcc091800 nmethod 36 0x00007fdfc908fb50 code [0x00007fdfc908fca0, 0x00007fdfc908feb8]
Event: 0.387 Thread 0x00007fdfcc094800   37             java.lang.String::<init> (67 bytes)
Event: 0.390 Thread 0x00007fdfcc091800   38             java.lang.String::toLowerCase (472 bytes)
Event: 0.390 Thread 0x00007fdfcc094800 nmethod 37 0x00007fdfc908f5d0 code [0x00007fdfc908f720, 0x00007fdfc908f9b8]
Event: 0.409 Thread 0x00007fdfcc091800 nmethod 38 0x00007fdfc909fbd0 code [0x00007fdfc909fe00, 0x00007fdfc90a0de0]
Event: 0.432 Thread 0x00007fdfcc094800   39             java.util.Arrays::binarySearch0 (95 bytes)

GC Heap History (0 events):
No events

Deoptimization events (3 events):
Event: 0.137 Thread 0x00007fdfcc00a000 Uncommon trap: reason=class_check action=maybe_recompile pc=0x00007fdfc9079954 method=java.util.Properties$LineReader.readLine()I @ 62
Event: 0.138 Thread 0x00007fdfcc00a000 Uncommon trap: reason=class_check action=maybe_recompile pc=0x00007fdfc9079954 method=java.util.Properties$LineReader.readLine()I @ 62
Event: 0.139 Thread 0x00007fdfcc00a000 Uncommon trap: reason=class_check action=maybe_recompile pc=0x00007fdfc9079954 method=java.util.Properties$LineReader.readLine()I @ 62

Internal exceptions (10 events):
Event: 0.208 Thread 0x00007fdfcc238800 Threw 0x00000000ec391bf0 at /HUDSON/workspace/7u-2-build-linux-amd64@2/jdk7u51/527/hotspot/src/share/vm/prims/jvm.cpp:1244
Event: 0.208 Thread 0x00007fdfcc238800 Threw 0x00000000ec393308 at /HUDSON/workspace/7u-2-build-linux-amd64@2/jdk7u51/527/hotspot/src/share/vm/prims/jvm.cpp:1244
Event: 0.208 Thread 0x00007fdfcc238800 Threw 0x00000000ec396e48 at /HUDSON/workspace/7u-2-build-linux-amd64@2/jdk7u51/527/hotspot/src/share/vm/prims/jvm.cpp:1244
Event: 0.208 Thread 0x00007fdfcc238800 Threw 0x00000000ec398560 at /HUDSON/workspace/7u-2-build-linux-amd64@2/jdk7u51/527/hotspot/src/share/vm/prims/jvm.cpp:1244
Event: 0.270 Thread 0x00007fdfcc238800 Threw 0x00000000ec4691e0 at /HUDSON/workspace/7u-2-build-linux-amd64@2/jdk7u51/527/hotspot/src/share/vm/prims/jvm.cpp:1244
Event: 0.271 Thread 0x00007fdfcc238800 Threw 0x00000000ec5049f0 at /HUDSON/workspace/7u-2-build-linux-amd64@2/jdk7u51/527/hotspot/src/share/vm/prims/jvm.cpp:1244
Event: 0.347 Thread 0x00007fdfcc238800 Threw 0x00000000ec5d1bd8 at /HUDSON/workspace/7u-2-build-linux-amd64@2/jdk7u51/527/hotspot/src/share/vm/prims/jni.cpp:717
Event: 0.365 Thread 0x00007fdfcc238800 Threw 0x00000000ec5e4ed8 at /HUDSON/workspace/7u-2-build-linux-amd64@2/jdk7u51/527/hotspot/src/share/vm/prims/jni.cpp:717
Event: 0.367 Thread 0x00007fdfcc238800 Threw 0x00000000ec5f68b0 at /HUDSON/workspace/7u-2-build-linux-amd64@2/jdk7u51/527/hotspot/src/share/vm/prims/jni.cpp:717
Event: 0.388 Thread 0x00007fdfcc238800 Threw 0x00000000ec609820 at /HUDSON/workspace/7u-2-build-linux-amd64@2/jdk7u51/527/hotspot/src/share/vm/prims/jni.cpp:717

Events (10 events):
Event: 0.432 loading class 0x00007fdfcc16ac30
Event: 0.432 loading class 0x00007fdfcc16ac30 done
Event: 0.433 loading class 0x00007fdfcc16c680
Event: 0.433 loading class 0x00007fdfa4014790
Event: 0.433 loading class 0x00007fdfa4014790 done
Event: 0.433 loading class 0x00007fdfcc16c680 done
Event: 0.433 loading class 0x00007fdf98121cd0
Event: 0.433 loading class 0x00007fdfcc16c5c0
Event: 0.433 loading class 0x00007fdfcc16c5c0 done
Event: 0.433 loading class 0x00007fdf98121cd0 done


Dynamic libraries:
00400000-00401000 r-xp 00000000 08:07 937188                             /usr/lib/jvm/jdk1.7.0_51/bin/java
00600000-00601000 rw-p 00000000 08:07 937188                             /usr/lib/jvm/jdk1.7.0_51/bin/java
02528000-02549000 rw-p 00000000 00:00 0                                  [heap]
bf000000-c0500000 rw-p 00000000 00:00 0 
c0500000-c4200000 rw-p 00000000 00:00 0 
c4200000-c6980000 rw-p 00000000 00:00 0 
c6980000-ec080000 rw-p 00000000 00:00 0 
ec080000-ed480000 rw-p 00000000 00:00 0 
ed480000-100000000 rw-p 00000000 00:00 0 
7fdf74000000-7fdf74021000 rw-p 00000000 00:00 0 
7fdf74021000-7fdf78000000 ---p 00000000 00:00 0 
7fdf7c000000-7fdf7c0d6000 rw-p 00000000 00:00 0 
7fdf7c0d6000-7fdf80000000 ---p 00000000 00:00 0 
7fdf80000000-7fdf80051000 rw-p 00000000 00:00 0 
7fdf80051000-7fdf84000000 ---p 00000000 00:00 0 
7fdf84000000-7fdf84021000 rw-p 00000000 00:00 0 
7fdf84021000-7fdf88000000 ---p 00000000 00:00 0 
7fdf88000000-7fdf88021000 rw-p 00000000 00:00 0 
7fdf88021000-7fdf8c000000 ---p 00000000 00:00 0 
7fdf8c000000-7fdf8c021000 rw-p 00000000 00:00 0 
7fdf8c021000-7fdf90000000 ---p 00000000 00:00 0 
7fdf90000000-7fdf90021000 rw-p 00000000 00:00 0 
7fdf90021000-7fdf94000000 ---p 00000000 00:00 0 
7fdf958d5000-7fdf958ff000 r-xp 00000000 08:07 1836084                    /usr/lib/jvm/jdk1.7.0_51/jre/lib/amd64/libdcpr.so
7fdf958ff000-7fdf95aff000 ---p 0002a000 08:07 1836084                    /usr/lib/jvm/jdk1.7.0_51/jre/lib/amd64/libdcpr.so
7fdf95aff000-7fdf95b02000 rw-p 0002a000 08:07 1836084                    /usr/lib/jvm/jdk1.7.0_51/jre/lib/amd64/libdcpr.so
7fdf95b02000-7fdf95cf0000 rw-s 00000000 00:05 15401025                   /SYSV00000000 (deleted)
7fdf95cf0000-7fdf95cf3000 ---p 00000000 00:00 0 
7fdf95cf3000-7fdf95df1000 rw-p 00000000 00:00 0 
7fdf95df1000-7fdf95dfd000 r-xp 00000000 08:07 1835128                    /usr/lib/jvm/jdk1.7.0_51/jre/lib/amd64/librxtxSerial.so
7fdf95dfd000-7fdf95efc000 ---p 0000c000 08:07 1835128                    /usr/lib/jvm/jdk1.7.0_51/jre/lib/amd64/librxtxSerial.so
7fdf95efc000-7fdf95efe000 rw-p 0000b000 08:07 1835128                    /usr/lib/jvm/jdk1.7.0_51/jre/lib/amd64/librxtxSerial.so
7fdf95efe000-7fdf95f17000 r--s 00000000 08:07 527849                     /usr/share/fonts/type1/gsfonts/n022004l.pfb
7fdf95f17000-7fdf95f30000 r--s 00000000 08:07 527834                     /usr/share/fonts/type1/gsfonts/n021003l.pfb
7fdf95f30000-7fdf95f46000 r--s 00000000 08:07 527843                     /usr/share/fonts/type1/gsfonts/n021024l.pfb
7fdf95f46000-7fdf95f5c000 r--s 00000000 08:07 527852                     /usr/share/fonts/type1/gsfonts/n022023l.pfb
7fdf95f5c000-7fdf95f73000 r--s 00000000 08:07 527840                     /usr/share/fonts/type1/gsfonts/n021023l.pfb
7fdf95f73000-7fdf95f76000 ---p 00000000 00:00 0 
7fdf95f76000-7fdf96074000 rw-p 00000000 00:00 0 
7fdf96074000-7fdf960dc000 r-xp 00000000 08:07 1836082                    /usr/lib/jvm/jdk1.7.0_51/jre/lib/amd64/libt2k.so
7fdf960dc000-7fdf962dc000 ---p 00068000 08:07 1836082                    /usr/lib/jvm/jdk1.7.0_51/jre/lib/amd64/libt2k.so
7fdf962dc000-7fdf962e3000 rw-p 00068000 08:07 1836082                    /usr/lib/jvm/jdk1.7.0_51/jre/lib/amd64/libt2k.so
7fdf962e3000-7fdf962f3000 rw-p 00000000 00:00 0 
7fdf962f3000-7fdf962f6000 ---p 00000000 00:00 0 
7fdf962f6000-7fdf963f4000 rw-p 00000000 00:00 0 
7fdf963f4000-7fdf963f7000 ---p 00000000 00:00 0 
7fdf963f7000-7fdf964f5000 rw-p 00000000 00:00 0 
7fdf964f5000-7fdf96505000 r-xp 00000000 08:07 1836051                    /usr/lib/jvm/jdk1.7.0_51/jre/lib/amd64/libnio.so
7fdf96505000-7fdf96705000 ---p 00010000 08:07 1836051                    /usr/lib/jvm/jdk1.7.0_51/jre/lib/amd64/libnio.so
7fdf96705000-7fdf96706000 rw-p 00010000 08:07 1836051                    /usr/lib/jvm/jdk1.7.0_51/jre/lib/amd64/libnio.so
7fdf96706000-7fdf96a07000 rw-p 00000000 00:00 0 
7fdf96a07000-7fdf96a1d000 r-xp 00000000 08:07 1836056                    /usr/lib/jvm/jdk1.7.0_51/jre/lib/amd64/libnet.so
7fdf96a1d000-7fdf96c1d000 ---p 00016000 08:07 1836056                    /usr/lib/jvm/jdk1.7.0_51/jre/lib/amd64/libnet.so
7fdf96c1d000-7fdf96c1e000 rw-p 00016000 08:07 1836056                    /usr/lib/jvm/jdk1.7.0_51/jre/lib/amd64/libnet.so
7fdf96c1e000-7fdf96c34000 r-xp 00000000 08:07 2364498                    /lib/x86_64-linux-gnu/libgcc_s.so.1
7fdf96c34000-7fdf96e33000 ---p 00016000 08:07 2364498                    /lib/x86_64-linux-gnu/libgcc_s.so.1
7fdf96e33000-7fdf96e34000 rw-p 00015000 08:07 2364498                    /lib/x86_64-linux-gnu/libgcc_s.so.1
7fdf96e34000-7fdf96e99000 r-xp 00000000 08:07 1836052                    /usr/lib/jvm/jdk1.7.0_51/jre/lib/amd64/libfontmanager.so
7fdf96e99000-7fdf97098000 ---p 00065000 08:07 1836052                    /usr/lib/jvm/jdk1.7.0_51/jre/lib/amd64/libfontmanager.so
7fdf97098000-7fdf9709c000 rw-p 00064000 08:07 1836052                    /usr/lib/jvm/jdk1.7.0_51/jre/lib/amd64/libfontmanager.so
7fdf9709c000-7fdf970ad000 rw-p 00000000 00:00 0 
7fdf970ad000-7fdf970b0000 ---p 00000000 00:00 0 
7fdf970b0000-7fdf971ae000 rw-p 00000000 00:00 0 
7fdf971ae000-7fdf971b3000 r-xp 00000000 08:07 2762080                    /usr/lib/x86_64-linux-gnu/libXfixes.so.3.1.0
7fdf971b3000-7fdf973b2000 ---p 00005000 08:07 2762080                    /usr/lib/x86_64-linux-gnu/libXfixes.so.3.1.0
7fdf973b2000-7fdf973b3000 r--p 00004000 08:07 2762080                    /usr/lib/x86_64-linux-gnu/libXfixes.so.3.1.0
7fdf973b3000-7fdf973b4000 rw-p 00005000 08:07 2762080                    /usr/lib/x86_64-linux-gnu/libXfixes.so.3.1.0
7fdf973b4000-7fdf973bd000 r-xp 00000000 08:07 2762072                    /usr/lib/x86_64-linux-gnu/libXcursor.so.1.0.2
7fdf973bd000-7fdf975bc000 ---p 00009000 08:07 2762072                    /usr/lib/x86_64-linux-gnu/libXcursor.so.1.0.2
7fdf975bc000-7fdf975bd000 r--p 00008000 08:07 2762072                    /usr/lib/x86_64-linux-gnu/libXcursor.so.1.0.2
7fdf975bd000-7fdf975be000 rw-p 00009000 08:07 2762072                    /usr/lib/x86_64-linux-gnu/libXcursor.so.1.0.2
7fdf975be000-7fdf975c3000 r-xp 00000000 08:07 2762076                    /usr/lib/x86_64-linux-gnu/libXdmcp.so.6.0.0
7fdf975c3000-7fdf977c2000 ---p 00005000 08:07 2762076                    /usr/lib/x86_64-linux-gnu/libXdmcp.so.6.0.0
7fdf977c2000-7fdf977c3000 r--p 00004000 08:07 2762076                    /usr/lib/x86_64-linux-gnu/libXdmcp.so.6.0.0
7fdf977c3000-7fdf977c4000 rw-p 00005000 08:07 2762076                    /usr/lib/x86_64-linux-gnu/libXdmcp.so.6.0.0
7fdf977c4000-7fdf977c6000 r-xp 00000000 08:07 2762065                    /usr/lib/x86_64-linux-gnu/libXau.so.6.0.0
7fdf977c6000-7fdf979c6000 ---p 00002000 08:07 2762065                    /usr/lib/x86_64-linux-gnu/libXau.so.6.0.0
7fdf979c6000-7fdf979c7000 r--p 00002000 08:07 2762065                    /usr/lib/x86_64-linux-gnu/libXau.so.6.0.0
7fdf979c7000-7fdf979c8000 rw-p 00003000 08:07 2762065                    /usr/lib/x86_64-linux-gnu/libXau.so.6.0.0
7fdf979c8000-7fdf979e9000 r-xp 00000000 08:07 2763443                    /usr/lib/x86_64-linux-gnu/libxcb.so.1.1.0
7fdf979e9000-7fdf97be8000 ---p 00021000 08:07 2763443                    /usr/lib/x86_64-linux-gnu/libxcb.so.1.1.0
7fdf97be8000-7fdf97be9000 r--p 00020000 08:07 2763443                    /usr/lib/x86_64-linux-gnu/libxcb.so.1.1.0
7fdf97be9000-7fdf97bea000 rw-p 00021000 08:07 2763443                    /usr/lib/x86_64-linux-gnu/libxcb.so.1.1.0
7fdf97bea000-7fdf97bf9000 r-xp 00000000 08:07 2762086                    /usr/lib/x86_64-linux-gnu/libXi.so.6.1.0
7fdf97bf9000-7fdf97df8000 ---p 0000f000 08:07 2762086                    /usr/lib/x86_64-linux-gnu/libXi.so.6.1.0
7fdf97df8000-7fdf97df9000 r--p 0000e000 08:07 2762086                    /usr/lib/x86_64-linux-gnu/libXi.so.6.1.0
7fdf97df9000-7fdf97dfa000 rw-p 0000f000 08:07 2762086                    /usr/lib/x86_64-linux-gnu/libXi.so.6.1.0
7fdf97dfa000-7fdf97dff000 r-xp 00000000 08:07 2762104                    /usr/lib/x86_64-linux-gnu/libXtst.so.6.1.0
7fdf97dff000-7fdf97ffe000 ---p 00005000 08:07 2762104                    /usr/lib/x86_64-linux-gnu/libXtst.so.6.1.0
7fdf97ffe000-7fdf97fff000 r--p 00004000 08:07 2762104                    /usr/lib/x86_64-linux-gnu/libXtst.so.6.1.0
7fdf97fff000-7fdf98000000 rw-p 00005000 08:07 2762104                    /usr/lib/x86_64-linux-gnu/libXtst.so.6.1.0
7fdf98000000-7fdf98339000 rw-p 00000000 00:00 0 
7fdf98339000-7fdf9c000000 ---p 00000000 00:00 0 
7fdf9c000000-7fdf9c021000 rw-p 00000000 00:00 0 
7fdf9c021000-7fdfa0000000 ---p 00000000 00:00 0 
7fdfa0000000-7fdfa0021000 rw-p 00000000 00:00 0 
7fdfa0021000-7fdfa4000000 ---p 00000000 00:00 0 
7fdfa4000000-7fdfa4369000 rw-p 00000000 00:00 0 
7fdfa4369000-7fdfa8000000 ---p 00000000 00:00 0 
7fdfa8000000-7fdfa8021000 rw-p 00000000 00:00 0 
7fdfa8021000-7fdfac000000 ---p 00000000 00:00 0 
7fdfac000000-7fdfac021000 rw-p 00000000 00:00 0 
7fdfac021000-7fdfb0000000 ---p 00000000 00:00 0 
7fdfb0000000-7fdfb0021000 rw-p 00000000 00:00 0 
7fdfb0021000-7fdfb4000000 ---p 00000000 00:00 0 
7fdfb4000000-7fdfb4021000 rw-p 00000000 00:00 0 
7fdfb4021000-7fdfb8000000 ---p 00000000 00:00 0 
7fdfb8000000-7fdfb8021000 rw-p 00000000 00:00 0 
7fdfb8021000-7fdfbc000000 ---p 00000000 00:00 0 
7fdfbc000000-7fdfbc021000 rw-p 00000000 00:00 0 
7fdfbc021000-7fdfc0000000 ---p 00000000 00:00 0 
7fdfc0000000-7fdfc0021000 rw-p 00000000 00:00 0 
7fdfc0021000-7fdfc4000000 ---p 00000000 00:00 0 
7fdfc4013000-7fdfc4024000 r--s 00000000 08:07 527816                     /usr/share/fonts/type1/gsfonts/n019023l.pfb
7fdfc4024000-7fdfc4038000 r--s 00000000 08:07 527810                     /usr/share/fonts/type1/gsfonts/n019003l.pfb
7fdfc4038000-7fdfc4041000 r--s 00000000 08:07 527870                     /usr/share/fonts/type1/gsfonts/s050000l.pfb
7fdfc4041000-7fdfc404c000 r--s 00000000 08:07 2890696                    /var/cache/fontconfig/945677eb7aeaf62f1d50efc3fb3ec7d8-le64.cache-6
7fdfc404c000-7fdfc4052000 r--s 00000000 08:07 2890678                    /var/cache/fontconfig/2cd17615ca594fa2959ae173292e504c-le64.cache-6
7fdfc4052000-7fdfc4053000 r--s 00000000 08:07 2890675                    /var/cache/fontconfig/0d8c3b2ac0904cb8a57a757ad11a4a08-le64.cache-6
7fdfc4053000-7fdfc4057000 r--s 00000000 08:07 2885053                    /var/cache/fontconfig/de156ccd2eddbdc19d37a45b8b2aac9c-le64.cache-6
7fdfc4057000-7fdfc406c000 r--s 00000000 08:07 2890672                    /var/cache/fontconfig/04aabc0a78ac019cf9454389977116d2-le64.cache-6
7fdfc406c000-7fdfc406d000 r--s 00000000 08:07 2890677                    /var/cache/fontconfig/1ac9eb803944fde146138c791f5cc56a-le64.cache-6
7fdfc406d000-7fdfc4071000 r--s 00000000 08:07 2890682                    /var/cache/fontconfig/385c0604a188198f04d133e54aba7fe7-le64.cache-6
7fdfc4071000-7fdfc4072000 r--s 00000000 08:07 2890709                    /var/cache/fontconfig/dc05db6664285cc2f12bf69c139ae4c3-le64.cache-6
7fdfc4072000-7fdfc4075000 r--s 00000000 08:07 2890692                    /var/cache/fontconfig/767a8244fc0220cfb567a839d0392e0b-le64.cache-6
7fdfc4075000-7fdfc407a000 r--s 00000000 08:07 2890695                    /var/cache/fontconfig/8801497958630a81b71ace7c5f9b32a8-le64.cache-6
7fdfc407a000-7fdfc4081000 r--s 00000000 08:07 2890679                    /var/cache/fontconfig/3047814df9a2f067bd2d96a2b9c36e5a-le64.cache-6
7fdfc4081000-7fdfc4087000 r--s 00000000 08:07 2890700                    /var/cache/fontconfig/b47c4e1ecd0709278f4910c18777a504-le64.cache-6
7fdfc4087000-7fdfc409a000 r--s 00000000 08:07 2890706                    /var/cache/fontconfig/d52a8644073d54c13679302ca1180695-le64.cache-6
7fdfc409a000-7fdfc40a5000 r--s 00000000 08:07 2887795                    /var/cache/fontconfig/d589a48862398ed80a3d6066f4f56f4c-le64.cache-6
7fdfc40a5000-7fdfc40a8000 ---p 00000000 00:00 0 
7fdfc40a8000-7fdfc41a6000 rw-p 00000000 00:00 0 
7fdfc41a6000-7fdfc41cb000 r--p 00000000 08:07 397003                     /usr/share/locale-langpack/es/LC_MESSAGES/libc.mo
7fdfc41cb000-7fdfc41d4000 r-xp 00000000 08:07 2762098                    /usr/lib/x86_64-linux-gnu/libXrender.so.1.3.0
7fdfc41d4000-7fdfc43d3000 ---p 00009000 08:07 2762098                    /usr/lib/x86_64-linux-gnu/libXrender.so.1.3.0
7fdfc43d3000-7fdfc43d4000 r--p 00008000 08:07 2762098                    /usr/lib/x86_64-linux-gnu/libXrender.so.1.3.0
7fdfc43d4000-7fdfc43d5000 rw-p 00009000 08:07 2762098                    /usr/lib/x86_64-linux-gnu/libXrender.so.1.3.0
7fdfc43d5000-7fdfc450a000 r-xp 00000000 08:07 2762061                    /usr/lib/x86_64-linux-gnu/libX11.so.6.3.0
7fdfc450a000-7fdfc470a000 ---p 00135000 08:07 2762061                    /usr/lib/x86_64-linux-gnu/libX11.so.6.3.0
7fdfc470a000-7fdfc470b000 r--p 00135000 08:07 2762061                    /usr/lib/x86_64-linux-gnu/libX11.so.6.3.0
7fdfc470b000-7fdfc470f000 rw-p 00136000 08:07 2762061                    /usr/lib/x86_64-linux-gnu/libX11.so.6.3.0
7fdfc470f000-7fdfc4720000 r-xp 00000000 08:07 2762078                    /usr/lib/x86_64-linux-gnu/libXext.so.6.4.0
7fdfc4720000-7fdfc491f000 ---p 00011000 08:07 2762078                    /usr/lib/x86_64-linux-gnu/libXext.so.6.4.0
7fdfc491f000-7fdfc4920000 r--p 00010000 08:07 2762078                    /usr/lib/x86_64-linux-gnu/libXext.so.6.4.0
7fdfc4920000-7fdfc4921000 rw-p 00011000 08:07 2762078                    /usr/lib/x86_64-linux-gnu/libXext.so.6.4.0
7fdfc4921000-7fdfc4922000 r--s 00000000 08:07 2883743                    /var/cache/fontconfig/4794a0821666d79190d59a36cb4f44b5-le64.cache-6
7fdfc4922000-7fdfc4923000 r--s 00000000 08:07 2890702                    /var/cache/fontconfig/bab58bb527bb656aaa9f116d68a48d89-le64.cache-6
7fdfc4923000-7fdfc4924000 r--s 00000000 08:07 2890686                    /var/cache/fontconfig/56cf4f4769d0f4abc89a4895d7bd3ae1-le64.cache-6
7fdfc4924000-7fdfc492f000 r--s 00000000 08:07 2890694                    /var/cache/fontconfig/83bf95040141907cd45bb53cf7c1c148-le64.cache-6
7fdfc492f000-7fdfc4941000 r--s 00000000 08:07 2886108                    /var/cache/fontconfig/9b89f8e3dae116d678bbf48e5f21f69b-le64.cache-6
7fdfc4941000-7fdfc4991000 r-xp 00000000 08:07 1836094                    /usr/lib/jvm/jdk1.7.0_51/jre/lib/amd64/xawt/libmawt.so
7fdfc4991000-7fdfc4b91000 ---p 00050000 08:07 1836094                    /usr/lib/jvm/jdk1.7.0_51/jre/lib/amd64/xawt/libmawt.so
7fdfc4b91000-7fdfc4b95000 rw-p 00050000 08:07 1836094                    /usr/lib/jvm/jdk1.7.0_51/jre/lib/amd64/xawt/libmawt.so
7fdfc4b95000-7fdfc4b96000 rw-p 00000000 00:00 0 
7fdfc4b96000-7fdfc4c38000 r-xp 00000000 08:07 1836064                    /usr/lib/jvm/jdk1.7.0_51/jre/lib/amd64/libawt.so
7fdfc4c38000-7fdfc4e38000 ---p 000a2000 08:07 1836064                    /usr/lib/jvm/jdk1.7.0_51/jre/lib/amd64/libawt.so
7fdfc4e38000-7fdfc4e44000 rw-p 000a2000 08:07 1836064                    /usr/lib/jvm/jdk1.7.0_51/jre/lib/amd64/libawt.so
7fdfc4e44000-7fdfc4e68000 rw-p 00000000 00:00 0 
7fdfc4e68000-7fdfc4e69000 ---p 00000000 00:00 0 
7fdfc4e69000-7fdfc4f69000 rw-p 00000000 00:00 0 
7fdfc4f69000-7fdfc4f6c000 ---p 00000000 00:00 0 
7fdfc4f6c000-7fdfc506a000 rw-p 00000000 00:00 0 
7fdfc506a000-7fdfc506d000 ---p 00000000 00:00 0 
7fdfc506d000-7fdfc516b000 rw-p 00000000 00:00 0 
7fdfc516b000-7fdfc516e000 ---p 00000000 00:00 0 
7fdfc516e000-7fdfc526c000 rw-p 00000000 00:00 0 
7fdfc526c000-7fdfc526f000 ---p 00000000 00:00 0 
7fdfc526f000-7fdfc536d000 rw-p 00000000 00:00 0 
7fdfc536d000-7fdfc5d2c000 r--p 00000000 08:07 2760681                    /usr/lib/locale/locale-archive
7fdfc5d2c000-7fdfc5d2f000 ---p 00000000 00:00 0 
7fdfc5d2f000-7fdfc5e2d000 rw-p 00000000 00:00 0 
7fdfc5e2d000-7fdfc5e30000 ---p 00000000 00:00 0 
7fdfc5e30000-7fdfc5f2e000 rw-p 00000000 00:00 0 
7fdfc5f2e000-7fdfc5f2f000 ---p 00000000 00:00 0 
7fdfc5f2f000-7fdfc9000000 rw-p 00000000 00:00 0 
7fdfc9000000-7fdfc9270000 rwxp 00000000 00:00 0 
7fdfc9270000-7fdfcc242000 rw-p 00000000 00:00 0 
7fdfcc242000-7fdfd0000000 ---p 00000000 00:00 0 
7fdfd0000000-7fdfd0001000 r--s 00000000 08:07 2890701                    /var/cache/fontconfig/b9d506c9ac06c20b433354fa67a72993-le64.cache-6
7fdfd0001000-7fdfd0002000 r--s 00000000 08:07 2890685                    /var/cache/fontconfig/551ecf3b0e8b0bca0f25c0944f561853-le64.cache-6
7fdfd0002000-7fdfd0005000 r--s 00000000 08:07 2890691                    /var/cache/fontconfig/75114ca45c98e8a441da0ff356701271-le64.cache-6
7fdfd0005000-7fdfd0008000 r--s 00000000 08:07 2890710                    /var/cache/fontconfig/e13b20fdb08344e0e664864cc2ede53d-le64.cache-6
7fdfd0008000-7fdfd000c000 r--s 00000000 08:07 2883629                    /var/cache/fontconfig/7ef2298fde41cc6eeb7af42e48b7d293-le64.cache-6
7fdfd000c000-7fdfd0017000 r--s 0037c000 08:07 1057110                    /usr/lib/jvm/jdk1.7.0_51/jre/lib/charsets.jar
7fdfd0017000-7fdfd00a4000 rw-p 00000000 00:00 0 
7fdfd00a4000-7fdfd0261000 r--s 039bf000 08:07 1057153                    /usr/lib/jvm/jdk1.7.0_51/jre/lib/rt.jar
7fdfd0261000-7fdfd053a000 rw-p 00000000 00:00 0 
7fdfd053a000-7fdfd053b000 ---p 00000000 00:00 0 
7fdfd053b000-7fdfd063b000 rw-p 00000000 00:00 0 
7fdfd063b000-7fdfd063c000 ---p 00000000 00:00 0 
7fdfd063c000-7fdfd073c000 rw-p 00000000 00:00 0 
7fdfd073c000-7fdfd073d000 ---p 00000000 00:00 0 
7fdfd073d000-7fdfd083d000 rw-p 00000000 00:00 0 
7fdfd083d000-7fdfd083e000 ---p 00000000 00:00 0 
7fdfd083e000-7fdfd0952000 rw-p 00000000 00:00 0 
7fdfd0952000-7fdfd0a7e000 rw-p 00000000 00:00 0 
7fdfd0a7e000-7fdfd0a89000 rw-p 00000000 00:00 0 
7fdfd0a89000-7fdfd0aa7000 rw-p 00000000 00:00 0 
7fdfd0aa7000-7fdfd0abb000 rw-p 00000000 00:00 0 
7fdfd0abb000-7fdfd0be6000 rw-p 00000000 00:00 0 
7fdfd0be6000-7fdfd0bf1000 rw-p 00000000 00:00 0 
7fdfd0bf1000-7fdfd0c86000 rw-p 00000000 00:00 0 
7fdfd0c86000-7fdfd0c91000 rw-p 00000000 00:00 0 
7fdfd0c91000-7fdfd0d47000 rw-p 00000000 00:00 0 
7fdfd0d47000-7fdfd0d61000 r-xp 00000000 08:07 1836101                    /usr/lib/jvm/jdk1.7.0_51/jre/lib/amd64/libzip.so
7fdfd0d61000-7fdfd0f61000 ---p 0001a000 08:07 1836101                    /usr/lib/jvm/jdk1.7.0_51/jre/lib/amd64/libzip.so
7fdfd0f61000-7fdfd0f62000 rw-p 0001a000 08:07 1836101                    /usr/lib/jvm/jdk1.7.0_51/jre/lib/amd64/libzip.so
7fdfd0f62000-7fdfd0f6d000 r-xp 00000000 08:07 2364559                    /lib/x86_64-linux-gnu/libnss_files-2.23.so
7fdfd0f6d000-7fdfd116c000 ---p 0000b000 08:07 2364559                    /lib/x86_64-linux-gnu/libnss_files-2.23.so
7fdfd116c000-7fdfd116d000 r--p 0000a000 08:07 2364559                    /lib/x86_64-linux-gnu/libnss_files-2.23.so
7fdfd116d000-7fdfd116e000 rw-p 0000b000 08:07 2364559                    /lib/x86_64-linux-gnu/libnss_files-2.23.so
7fdfd116e000-7fdfd1174000 rw-p 00000000 00:00 0 
7fdfd1174000-7fdfd117f000 r-xp 00000000 08:07 2364569                    /lib/x86_64-linux-gnu/libnss_nis-2.23.so
7fdfd117f000-7fdfd137e000 ---p 0000b000 08:07 2364569                    /lib/x86_64-linux-gnu/libnss_nis-2.23.so
7fdfd137e000-7fdfd137f000 r--p 0000a000 08:07 2364569                    /lib/x86_64-linux-gnu/libnss_nis-2.23.so
7fdfd137f000-7fdfd1380000 rw-p 0000b000 08:07 2364569                    /lib/x86_64-linux-gnu/libnss_nis-2.23.so
7fdfd1380000-7fdfd1396000 r-xp 00000000 08:07 2364553                    /lib/x86_64-linux-gnu/libnsl-2.23.so
7fdfd1396000-7fdfd1595000 ---p 00016000 08:07 2364553                    /lib/x86_64-linux-gnu/libnsl-2.23.so
7fdfd1595000-7fdfd1596000 r--p 00015000 08:07 2364553                    /lib/x86_64-linux-gnu/libnsl-2.23.so
7fdfd1596000-7fdfd1597000 rw-p 00016000 08:07 2364553                    /lib/x86_64-linux-gnu/libnsl-2.23.so
7fdfd1597000-7fdfd1599000 rw-p 00000000 00:00 0 
7fdfd1599000-7fdfd15a1000 r-xp 00000000 08:07 2364555                    /lib/x86_64-linux-gnu/libnss_compat-2.23.so
7fdfd15a1000-7fdfd17a0000 ---p 00008000 08:07 2364555                    /lib/x86_64-linux-gnu/libnss_compat-2.23.so
7fdfd17a0000-7fdfd17a1000 r--p 00007000 08:07 2364555                    /lib/x86_64-linux-gnu/libnss_compat-2.23.so
7fdfd17a1000-7fdfd17a2000 rw-p 00008000 08:07 2364555                    /lib/x86_64-linux-gnu/libnss_compat-2.23.so
7fdfd17a2000-7fdfd17cb000 r-xp 00000000 08:07 1836085                    /usr/lib/jvm/jdk1.7.0_51/jre/lib/amd64/libjava.so
7fdfd17cb000-7fdfd19cb000 ---p 00029000 08:07 1836085                    /usr/lib/jvm/jdk1.7.0_51/jre/lib/amd64/libjava.so
7fdfd19cb000-7fdfd19cd000 rw-p 00029000 08:07 1836085                    /usr/lib/jvm/jdk1.7.0_51/jre/lib/amd64/libjava.so
7fdfd19cd000-7fdfd19da000 r-xp 00000000 08:07 1836083                    /usr/lib/jvm/jdk1.7.0_51/jre/lib/amd64/libverify.so
7fdfd19da000-7fdfd1bd9000 ---p 0000d000 08:07 1836083                    /usr/lib/jvm/jdk1.7.0_51/jre/lib/amd64/libverify.so
7fdfd1bd9000-7fdfd1bdb000 rw-p 0000c000 08:07 1836083                    /usr/lib/jvm/jdk1.7.0_51/jre/lib/amd64/libverify.so
7fdfd1bdb000-7fdfd1be2000 r-xp 00000000 08:07 2364614                    /lib/x86_64-linux-gnu/librt-2.23.so
7fdfd1be2000-7fdfd1de1000 ---p 00007000 08:07 2364614                    /lib/x86_64-linux-gnu/librt-2.23.so
7fdfd1de1000-7fdfd1de2000 r--p 00006000 08:07 2364614                    /lib/x86_64-linux-gnu/librt-2.23.so
7fdfd1de2000-7fdfd1de3000 rw-p 00007000 08:07 2364614                    /lib/x86_64-linux-gnu/librt-2.23.so
7fdfd1de3000-7fdfd1de6000 ---p 00000000 00:00 0 
7fdfd1de6000-7fdfd1ee4000 rw-p 00000000 00:00 0 
7fdfd1ee4000-7fdfd1fec000 r-xp 00000000 08:07 2364530                    /lib/x86_64-linux-gnu/libm-2.23.so
7fdfd1fec000-7fdfd21eb000 ---p 00108000 08:07 2364530                    /lib/x86_64-linux-gnu/libm-2.23.so
7fdfd21eb000-7fdfd21ec000 r--p 00107000 08:07 2364530                    /lib/x86_64-linux-gnu/libm-2.23.so
7fdfd21ec000-7fdfd21ed000 rw-p 00108000 08:07 2364530                    /lib/x86_64-linux-gnu/libm-2.23.so
7fdfd21ed000-7fdfd2d4f000 r-xp 00000000 08:07 1836091                    /usr/lib/jvm/jdk1.7.0_51/jre/lib/amd64/server/libjvm.so
7fdfd2d4f000-7fdfd2f4f000 ---p 00b62000 08:07 1836091                    /usr/lib/jvm/jdk1.7.0_51/jre/lib/amd64/server/libjvm.so
7fdfd2f4f000-7fdfd3012000 rw-p 00b62000 08:07 1836091                    /usr/lib/jvm/jdk1.7.0_51/jre/lib/amd64/server/libjvm.so
7fdfd3012000-7fdfd3053000 rw-p 00000000 00:00 0 
7fdfd3053000-7fdfd3213000 r-xp 00000000 08:07 2364460                    /lib/x86_64-linux-gnu/libc-2.23.so
7fdfd3213000-7fdfd3412000 ---p 001c0000 08:07 2364460                    /lib/x86_64-linux-gnu/libc-2.23.so
7fdfd3412000-7fdfd3416000 r--p 001bf000 08:07 2364460                    /lib/x86_64-linux-gnu/libc-2.23.so
7fdfd3416000-7fdfd3418000 rw-p 001c3000 08:07 2364460                    /lib/x86_64-linux-gnu/libc-2.23.so
7fdfd3418000-7fdfd341c000 rw-p 00000000 00:00 0 
7fdfd341c000-7fdfd341f000 r-xp 00000000 08:07 2364484                    /lib/x86_64-linux-gnu/libdl-2.23.so
7fdfd341f000-7fdfd361e000 ---p 00003000 08:07 2364484                    /lib/x86_64-linux-gnu/libdl-2.23.so
7fdfd361e000-7fdfd361f000 r--p 00002000 08:07 2364484                    /lib/x86_64-linux-gnu/libdl-2.23.so
7fdfd361f000-7fdfd3620000 rw-p 00003000 08:07 2364484                    /lib/x86_64-linux-gnu/libdl-2.23.so
7fdfd3620000-7fdfd3636000 r-xp 00000000 08:07 1056839                    /usr/lib/jvm/jdk1.7.0_51/lib/amd64/jli/libjli.so
7fdfd3636000-7fdfd3836000 ---p 00016000 08:07 1056839                    /usr/lib/jvm/jdk1.7.0_51/lib/amd64/jli/libjli.so
7fdfd3836000-7fdfd3837000 rw-p 00016000 08:07 1056839                    /usr/lib/jvm/jdk1.7.0_51/lib/amd64/jli/libjli.so
7fdfd3837000-7fdfd384f000 r-xp 00000000 08:07 2364606                    /lib/x86_64-linux-gnu/libpthread-2.23.so
7fdfd384f000-7fdfd3a4e000 ---p 00018000 08:07 2364606                    /lib/x86_64-linux-gnu/libpthread-2.23.so
7fdfd3a4e000-7fdfd3a4f000 r--p 00017000 08:07 2364606                    /lib/x86_64-linux-gnu/libpthread-2.23.so
7fdfd3a4f000-7fdfd3a50000 rw-p 00018000 08:07 2364606                    /lib/x86_64-linux-gnu/libpthread-2.23.so
7fdfd3a50000-7fdfd3a54000 rw-p 00000000 00:00 0 
7fdfd3a54000-7fdfd3a7a000 r-xp 00000000 08:07 2364432                    /lib/x86_64-linux-gnu/ld-2.23.so
7fdfd3a7a000-7fdfd3a7b000 r--s 00000000 08:07 2890680                    /var/cache/fontconfig/30829fa25452a46451e813d634d7f916-le64.cache-6
7fdfd3a7b000-7fdfd3a82000 r--s 00000000 08:07 3016614                    /usr/lib/x86_64-linux-gnu/gconv/gconv-modules.cache
7fdfd3a82000-7fdfd3a84000 r--s 0000d000 08:08 3412122                    /home/kcrez/Documentos/JavaDuino/library/rxtx2.1/RXTXcomm.jar
7fdfd3a84000-7fdfd3a86000 r--s 0000d000 08:07 1835127                    /usr/lib/jvm/jdk1.7.0_51/jre/lib/ext/RXTXcomm.jar
7fdfd3a86000-7fdfd3ada000 rw-p 00000000 00:00 0 
7fdfd3ada000-7fdfd3af8000 rw-p 00000000 00:00 0 
7fdfd3af8000-7fdfd3afc000 rw-p 00000000 00:00 0 
7fdfd3afc000-7fdfd3b40000 r-xp 00000000 08:07 1052366                    /opt/eset/esets/lib/libesets_pac.so
7fdfd3b40000-7fdfd3c40000 ---p 00044000 08:07 1052366                    /opt/eset/esets/lib/libesets_pac.so
7fdfd3c40000-7fdfd3c43000 rw-p 00044000 08:07 1052366                    /opt/eset/esets/lib/libesets_pac.so
7fdfd3c43000-7fdfd3c56000 rw-p 00000000 00:00 0 
7fdfd3c56000-7fdfd3c57000 r--s 00000000 08:07 2890674                    /var/cache/fontconfig/0c9eb80ebd1c36541ebe2852d3bb0c49-le64.cache-6
7fdfd3c57000-7fdfd3c6c000 rw-p 00000000 00:00 0 
7fdfd3c6c000-7fdfd3c74000 rw-s 00000000 08:07 2097225                    /tmp/hsperfdata_kcrez/6794
7fdfd3c74000-7fdfd3c75000 rw-p 00000000 00:00 0 
7fdfd3c75000-7fdfd3c76000 r--p 00000000 00:00 0 
7fdfd3c76000-7fdfd3c79000 rw-p 00000000 00:00 0 
7fdfd3c79000-7fdfd3c7a000 r--p 00025000 08:07 2364432                    /lib/x86_64-linux-gnu/ld-2.23.so
7fdfd3c7a000-7fdfd3c7b000 rw-p 00026000 08:07 2364432                    /lib/x86_64-linux-gnu/ld-2.23.so
7fdfd3c7b000-7fdfd3c7c000 rw-p 00000000 00:00 0 
7ffdf728b000-7ffdf72ac000 rw-p 00000000 00:00 0                          [stack]
7ffdf7376000-7ffdf7378000 r--p 00000000 00:00 0                          [vvar]
7ffdf7378000-7ffdf737a000 r-xp 00000000 00:00 0                          [vdso]
ffffffffff600000-ffffffffff601000 r-xp 00000000 00:00 0                  [vsyscall]

VM Arguments:
jvm_args: -Dfile.encoding=UTF-8 -Djava.library.path=/home/kcrez/Documentos/JavaDuino/library/rxtx2.1 
java_command: PPD_Frame
Launcher Type: SUN_STANDARD

Environment Variables:
PATH=/usr/local/sbin:/usr/local/bin:/usr/sbin:/usr/bin:/sbin:/bin:/usr/games:/usr/local/games:/snap/bin
LD_LIBRARY_PATH=/usr/lib/jvm/jdk1.7.0_51/jre/lib/amd64:/usr/lib/jvm/jdk1.7.0_51/jre/lib/i386:
SHELL=/bin/bash
DISPLAY=:0

Signal Handlers:
SIGSEGV: [libjvm.so+0x993870], sa_mask[0]=0x7ffbfeff, sa_flags=0x10000004
SIGBUS: [libjvm.so+0x993870], sa_mask[0]=0x7ffbfeff, sa_flags=0x10000004
SIGFPE: [libjvm.so+0x8105b0], sa_mask[0]=0x7ffbfeff, sa_flags=0x10000004
SIGPIPE: [libjvm.so+0x8105b0], sa_mask[0]=0x7ffbfeff, sa_flags=0x10000004
SIGXFSZ: [libjvm.so+0x8105b0], sa_mask[0]=0x7ffbfeff, sa_flags=0x10000004
SIGILL: [libjvm.so+0x8105b0], sa_mask[0]=0x7ffbfeff, sa_flags=0x10000004
SIGUSR1: SIG_DFL, sa_mask[0]=0x00000000, sa_flags=0x00000000
SIGUSR2: [libjvm.so+0x811aa0], sa_mask[0]=0x00000004, sa_flags=0x10000004
SIGHUP: [libjvm.so+0x812a10], sa_mask[0]=0x7ffbfeff, sa_flags=0x10000004
SIGINT: SIG_IGN, sa_mask[0]=0x00000000, sa_flags=0x00000000
SIGTERM: [libjvm.so+0x812a10], sa_mask[0]=0x7ffbfeff, sa_flags=0x10000004
SIGQUIT: [libjvm.so+0x812a10], sa_mask[0]=0x7ffbfeff, sa_flags=0x10000004


---------------  S Y S T E M  ---------------

OS:stretch/sid

uname:Linux 4.4.0-22-generic #40-Ubuntu SMP Thu May 12 22:03:46 UTC 2016 x86_64
libc:glibc 2.23 NPTL 2.23 
rlimit: STACK 8192k, CORE 0k, NPROC 15146, NOFILE 65536, AS infinity
load average:0.37 0.61 0.58

/proc/meminfo:
MemTotal:        3916240 kB
MemFree:          133464 kB
MemAvailable:    1582080 kB
Buffers:          222304 kB
Cached:          1267744 kB
SwapCached:         3424 kB
Active:          2268144 kB
Inactive:        1237232 kB
Active(anon):    1517972 kB
Inactive(anon):   674156 kB
Active(file):     750172 kB
Inactive(file):   563076 kB
Unevictable:          48 kB
Mlocked:              48 kB
SwapTotal:       7812088 kB
SwapFree:        7803016 kB
Dirty:               316 kB
Writeback:             0 kB
AnonPages:       2012316 kB
Mapped:           331744 kB
Shmem:            176800 kB
Slab:             198432 kB
SReclaimable:     164600 kB
SUnreclaim:        33832 kB
KernelStack:       10320 kB
PageTables:        33144 kB
NFS_Unstable:          0 kB
Bounce:                0 kB
WritebackTmp:          0 kB
CommitLimit:     9770208 kB
Committed_AS:    6322440 kB
VmallocTotal:   34359738367 kB
VmallocUsed:           0 kB
VmallocChunk:          0 kB
HardwareCorrupted:     0 kB
AnonHugePages:    774144 kB
CmaTotal:              0 kB
CmaFree:               0 kB
HugePages_Total:       0
HugePages_Free:        0
HugePages_Rsvd:        0
HugePages_Surp:        0
Hugepagesize:       2048 kB
DirectMap4k:      129820 kB
DirectMap2M:     2885632 kB
DirectMap1G:     1048576 kB


CPU:total 4 (2 cores per cpu, 2 threads per core) family 6 model 60 stepping 3, cmov, cx8, fxsr, mmx, sse, sse2, sse3, ssse3, sse4.1, sse4.2, popcnt, avx, avx2, aes, erms, ht, tsc, tscinvbit

/proc/cpuinfo:
processor	: 0
vendor_id	: GenuineIntel
cpu family	: 6
model		: 60
model name	: Intel(R) Core(TM) i3-4170 CPU @ 3.70GHz
stepping	: 3
microcode	: 0x1e
cpu MHz		: 3700.000
cache size	: 3072 KB
physical id	: 0
siblings	: 4
core id		: 0
cpu cores	: 2
apicid		: 0
initial apicid	: 0
fpu		: yes
fpu_exception	: yes
cpuid level	: 13
wp		: yes
flags		: fpu vme de pse tsc msr pae mce cx8 apic sep mtrr pge mca cmov pat pse36 clflush dts acpi mmx fxsr sse sse2 ss ht tm pbe syscall nx pdpe1gb rdtscp lm constant_tsc arch_perfmon pebs bts rep_good nopl xtopology nonstop_tsc aperfmperf eagerfpu pni pclmulqdq dtes64 monitor ds_cpl vmx est tm2 ssse3 sdbg fma cx16 xtpr pdcm pcid sse4_1 sse4_2 movbe popcnt tsc_deadline_timer aes xsave avx f16c rdrand lahf_lm abm epb tpr_shadow vnmi flexpriority ept vpid fsgsbase tsc_adjust bmi1 avx2 smep bmi2 erms invpcid xsaveopt dtherm arat pln pts
bugs		:
bogomips	: 7383.06
clflush size	: 64
cache_alignment	: 64
address sizes	: 39 bits physical, 48 bits virtual
power management:

processor	: 1
vendor_id	: GenuineIntel
cpu family	: 6
model		: 60
model name	: Intel(R) Core(TM) i3-4170 CPU @ 3.70GHz
stepping	: 3
microcode	: 0x1e
cpu MHz		: 3699.855
cache size	: 3072 KB
physical id	: 0
siblings	: 4
core id		: 1
cpu cores	: 2
apicid		: 2
initial apicid	: 2
fpu		: yes
fpu_exception	: yes
cpuid level	: 13
wp		: yes
flags		: fpu vme de pse tsc msr pae mce cx8 apic sep mtrr pge mca cmov pat pse36 clflush dts acpi mmx fxsr sse sse2 ss ht tm pbe syscall nx pdpe1gb rdtscp lm constant_tsc arch_perfmon pebs bts rep_good nopl xtopology nonstop_tsc aperfmperf eagerfpu pni pclmulqdq dtes64 monitor ds_cpl vmx est tm2 ssse3 sdbg fma cx16 xtpr pdcm pcid sse4_1 sse4_2 movbe popcnt tsc_deadline_timer aes xsave avx f16c rdrand lahf_lm abm epb tpr_shadow vnmi flexpriority ept vpid fsgsbase tsc_adjust bmi1 avx2 smep bmi2 erms invpcid xsaveopt dtherm arat pln pts
bugs		:
bogomips	: 7383.06
clflush size	: 64
cache_alignment	: 64
address sizes	: 39 bits physical, 48 bits virtual
power management:

processor	: 2
vendor_id	: GenuineIntel
cpu family	: 6
model		: 60
model name	: Intel(R) Core(TM) i3-4170 CPU @ 3.70GHz
stepping	: 3
microcode	: 0x1e
cpu MHz		: 3699.855
cache size	: 3072 KB
physical id	: 0
siblings	: 4
core id		: 0
cpu cores	: 2
apicid		: 1
initial apicid	: 1
fpu		: yes
fpu_exception	: yes
cpuid level	: 13
wp		: yes
flags		: fpu vme de pse tsc msr pae mce cx8 apic sep mtrr pge mca cmov pat pse36 clflush dts acpi mmx fxsr sse sse2 ss ht tm pbe syscall nx pdpe1gb rdtscp lm constant_tsc arch_perfmon pebs bts rep_good nopl xtopology nonstop_tsc aperfmperf eagerfpu pni pclmulqdq dtes64 monitor ds_cpl vmx est tm2 ssse3 sdbg fma cx16 xtpr pdcm pcid sse4_1 sse4_2 movbe popcnt tsc_deadline_timer aes xsave avx f16c rdrand lahf_lm abm epb tpr_shadow vnmi flexpriority ept vpid fsgsbase tsc_adjust bmi1 avx2 smep bmi2 erms invpcid xsaveopt dtherm arat pln pts
bugs		:
bogomips	: 7383.06
clflush size	: 64
cache_alignment	: 64
address sizes	: 39 bits physical, 48 bits virtual
power management:

processor	: 3
vendor_id	: GenuineIntel
cpu family	: 6
model		: 60
model name	: Intel(R) Core(TM) i3-4170 CPU @ 3.70GHz
stepping	: 3
microcode	: 0x1e
cpu MHz		: 3700.000
cache size	: 3072 KB
physical id	: 0
siblings	: 4
core id		: 1
cpu cores	: 2
apicid		: 3
initial apicid	: 3
fpu		: yes
fpu_exception	: yes
cpuid level	: 13
wp		: yes
flags		: fpu vme de pse tsc msr pae mce cx8 apic sep mtrr pge mca cmov pat pse36 clflush dts acpi mmx fxsr sse sse2 ss ht tm pbe syscall nx pdpe1gb rdtscp lm constant_tsc arch_perfmon pebs bts rep_good nopl xtopology nonstop_tsc aperfmperf eagerfpu pni pclmulqdq dtes64 monitor ds_cpl vmx est tm2 ssse3 sdbg fma cx16 xtpr pdcm pcid sse4_1 sse4_2 movbe popcnt tsc_deadline_timer aes xsave avx f16c rdrand lahf_lm abm epb tpr_shadow vnmi flexpriority ept vpid fsgsbase tsc_adjust bmi1 avx2 smep bmi2 erms invpcid xsaveopt dtherm arat pln pts
bugs		:
bogomips	: 7383.06
clflush size	: 64
cache_alignment	: 64
address sizes	: 39 bits physical, 48 bits virtual
power management:



Memory: 4k page, physical 3916240k(133464k free), swap 7812088k(7803016k free)

vm_info: Java HotSpot(TM) 64-Bit Server VM (24.51-b03) for linux-amd64 JRE (1.7.0_51-b13), built on Dec 18 2013 18:48:01 by "java_re" with gcc 4.3.0 20080428 (Red Hat 4.3.0-8)

time: Sat Jul 30 21:18:26 2016
elapsed time: 0 seconds

