#
# A fatal error has been detected by the Java Runtime Environment:
#
#  SIGSEGV (0xb) at pc=0x00007fba4d885462, pid=8813, tid=140438141396736
#
# JRE version: Java(TM) SE Runtime Environment (7.0_51-b13) (build 1.7.0_51-b13)
# Java VM: Java HotSpot(TM) 64-Bit Server VM (24.51-b03 mixed mode linux-amd64 compressed oops)
# Problematic frame:
# C  [librxtxSerial.so+0x6462]  read_byte_array+0x52
#
# Failed to write core dump. Core dumps have been disabled. To enable core dumping, try "ulimit -c unlimited" before starting Java again
#
# If you would like to submit a bug report, please visit:
#   http://bugreport.sun.com/bugreport/crash.jsp
# The crash happened outside the Java Virtual Machine in native code.
# See problematic frame for where to report the bug.
#

---------------  T H R E A D  ---------------

Current thread (0x00007fba100c0000):  JavaThread "Thread-0" [_thread_in_native, id=8836, stack(0x00007fba4d77e000,0x00007fba4d87f000)]

siginfo:si_signo=SIGSEGV: si_errno=0, si_code=1 (SEGV_MAPERR), si_addr=0x000000004d87d5f8

Registers:
RAX=0x000000004d87d5f0, RBX=0xffffffffffffffff, RCX=0x0000000000000001, RDX=0x00007fba66a51a50
RSP=0x00007fba4d87ca50, RBP=0x00007fba100c01e8, RSI=0x00007fba4d888e30, RDI=0x00007fba4d888d3e
R8 =0x00007fba4d87c9c0, R9 =0x00000000ec6283a8, R10=0x0000000000000002, R11=0x00007fba66a56008
R12=0x00000000ffffffff, R13=0x0000000000000000, R14=0x000000000000001c, R15=0x0000000000000000
RIP=0x00007fba4d885462, EFLAGS=0x0000000000010206, CSGSFS=0x0000000000000033, ERR=0x0000000000000004
  TRAPNO=0x000000000000000e

Top of Stack: (sp=0x00007fba4d87ca50)
0x00007fba4d87ca50:   0000000000000000 0000000000000000
0x00007fba4d87ca60:   ff0000000000ff00 0000000000000000
0x00007fba4d87ca70:   0000000000000000 000000004d87d5f0
0x00007fba4d87ca80:   00000000ffffffff 0000000000000000
0x00007fba4d87ca90:   0000000000000000 0000000100000000
0x00007fba4d87caa0:   00007fba08001280 0000001cffffffff
0x00007fba4d87cab0:   0000000000000000 0000000000000000
0x00007fba4d87cac0:   0000000000000000 0000000000000000
0x00007fba4d87cad0:   0000000000000000 0000000000000000
0x00007fba4d87cae0:   0000000000002000 0000000000000000
0x00007fba4d87caf0:   000000000000001c 0000000000000000
0x00007fba4d87cb00:   00007fba4d87cb30 00007fba65ec4dac
0x00007fba4d87cb10:   00007fba4d87cb40 0000000000002000
0x00007fba4d87cb20:   00007fba08001280 00007fba08001280
0x00007fba4d87cb30:   000000000000001c 00007fba4d87cb90
0x00007fba4d87cb40:   00007fba100c01e8 ffffffffffffffff
0x00007fba4d87cb50:   00007fba100c01e8 00007fba08001280
0x00007fba4d87cb60:   0000000000000001 000000000000001c
0x00007fba4d87cb70:   0000000000000000 00007fba4d8858a1
0x00007fba4d87cb80:   00007fba100c0000 00007fba4d87cc60
0x00007fba4d87cb90:   00007fba4d87cc68 00000000bfafd4e0
0x00007fba4d87cba0:   00007fba4d87cc30 0000000000000000
0x00007fba4d87cbb0:   00000000bfafd4d8 00007fba4d87cc68
0x00007fba4d87cbc0:   00007fba100c0000 00007fba5d012cd8
0x00007fba4d87cbd0:   00007fba2807bff8 00007fba4d87cc68
0x00007fba4d87cbe0:   00007fba100c0000 0000000a000000b6
0x00007fba4d87cbf0:   00007fba4d87cbf0 00000000bfafd4d8
0x00007fba4d87cc00:   00007fba4d87cc68 00000000bfb0db68
0x00007fba4d87cc10:   0000000000000000 00000000bfafd4e0
0x00007fba4d87cc20:   0000000000000000 00007fba4d87cc50
0x00007fba4d87cc30:   00007fba4d87ccc0 00007fba5d0061d4
0x00007fba4d87cc40:   0000000000000000 00007fba5d00ecd6 

Instructions: (pc=0x00007fba4d885462)
0x00007fba4d885442:   89 44 24 4c 48 c7 44 24 40 00 00 00 00 48 c7 44
0x00007fba4d885452:   24 38 00 00 00 00 e8 53 d7 ff ff 48 89 44 24 28
0x00007fba4d885462:   8b 40 08 45 85 e4 48 8b 54 24 28 44 8b 7c 24 4c
0x00007fba4d885472:   89 44 24 34 c7 42 08 00 00 00 00 78 0c 31 c0 e8 

Register to memory mapping:

RAX=0x000000004d87d5f0 is an unknown value
RBX=0xffffffffffffffff is an unknown value
RCX=0x0000000000000001 is an unknown value
RDX=0x00007fba66a51a50: <offset 0xe37a50> in /usr/lib/jvm/jdk1.7.0_51/jre/lib/amd64/server/libjvm.so at 0x00007fba65c1a000
RSP=0x00007fba4d87ca50 is pointing into the stack for thread: 0x00007fba100c0000
RBP=0x00007fba100c01e8 is an unknown value
RSI=0x00007fba4d888e30: <offset 0x9e30> in /usr/lib/jvm/jdk1.7.0_51/jre/lib/amd64/librxtxSerial.so at 0x00007fba4d87f000
RDI=0x00007fba4d888d3e: <offset 0x9d3e> in /usr/lib/jvm/jdk1.7.0_51/jre/lib/amd64/librxtxSerial.so at 0x00007fba4d87f000
R8 =0x00007fba4d87c9c0 is pointing into the stack for thread: 0x00007fba100c0000
R9 =0x00000000ec6283a8 is an oop
gnu.io.RXTXPort 
 - klass: 'gnu/io/RXTXPort'
R10=0x0000000000000002 is an unknown value
R11=0x00007fba66a56008: <offset 0xe3c008> in /usr/lib/jvm/jdk1.7.0_51/jre/lib/amd64/server/libjvm.so at 0x00007fba65c1a000
R12=0x00000000ffffffff is an unallocated location in the heap
R13=0x0000000000000000 is an unknown value
R14=0x000000000000001c is an unknown value
R15=0x0000000000000000 is an unknown value


Stack: [0x00007fba4d77e000,0x00007fba4d87f000],  sp=0x00007fba4d87ca50,  free space=1018k
Native frames: (J=compiled Java code, j=interpreted, Vv=VM code, C=native code)
C  [librxtxSerial.so+0x6462]  read_byte_array+0x52

Java frames: (J=compiled Java code, j=interpreted, Vv=VM code)
j  gnu.io.RXTXPort.readArray([BII)I+0
j  gnu.io.RXTXPort$SerialInputStream.read([BII)I+187
j  sun.nio.cs.StreamDecoder.readBytes()I+135
j  sun.nio.cs.StreamDecoder.implRead([CII)I+112
j  sun.nio.cs.StreamDecoder.read([CII)I+180
j  java.io.InputStreamReader.read([CII)I+7
j  java.io.BufferedReader.fill()V+145
j  java.io.BufferedReader.read()I+23
j  PPD_Frame.serialEvent(Lgnu/io/SerialPortEvent;)V+12
j  gnu.io.RXTXPort.sendEvent(IZ)Z+382
v  ~StubRoutines::call_stub
j  gnu.io.RXTXPort.eventLoop()V+0
j  gnu.io.RXTXPort$MonitorThread.run()V+12
v  ~StubRoutines::call_stub

---------------  P R O C E S S  ---------------

Java Threads: ( => current thread )
=>0x00007fba100c0000 JavaThread "Thread-0" [_thread_in_native, id=8836, stack(0x00007fba4d77e000,0x00007fba4d87f000)]
  0x00007fba10037800 JavaThread "Image Fetcher 0" daemon [_thread_blocked, id=8835, stack(0x00007fba4da2f000,0x00007fba4db30000)]
  0x00007fba6000a000 JavaThread "DestroyJavaVM" [_thread_blocked, id=8818, stack(0x00007fba65810000,0x00007fba65911000)]
  0x00007fba60257800 JavaThread "AWT-EventQueue-0" [_thread_blocked, id=8834, stack(0x00007fba4ddaf000,0x00007fba4deb0000)]
  0x00007fba60254800 JavaThread "AWT-Shutdown" [_thread_blocked, id=8833, stack(0x00007fba4deb0000,0x00007fba4dfb1000)]
  0x00007fba601d2000 JavaThread "AWT-XAWT" daemon [_thread_in_native, id=8832, stack(0x00007fba4eb69000,0x00007fba4ec6a000)]
  0x00007fba601af000 JavaThread "Java2D Disposer" daemon [_thread_blocked, id=8831, stack(0x00007fba54014000,0x00007fba54115000)]
  0x00007fba60097000 JavaThread "Service Thread" daemon [_thread_blocked, id=8829, stack(0x00007fba54994000,0x00007fba54a95000)]
  0x00007fba60094800 JavaThread "C2 CompilerThread1" daemon [_thread_blocked, id=8828, stack(0x00007fba54a95000,0x00007fba54b96000)]
  0x00007fba60091800 JavaThread "C2 CompilerThread0" daemon [_thread_blocked, id=8827, stack(0x00007fba54b96000,0x00007fba54c97000)]
  0x00007fba6008f800 JavaThread "Signal Dispatcher" daemon [_thread_blocked, id=8826, stack(0x00007fba54c97000,0x00007fba54d98000)]
  0x00007fba60070000 JavaThread "Finalizer" daemon [_thread_blocked, id=8825, stack(0x00007fba55757000,0x00007fba55858000)]
  0x00007fba6006c000 JavaThread "Reference Handler" daemon [_thread_blocked, id=8824, stack(0x00007fba55858000,0x00007fba55959000)]

Other Threads:
  0x00007fba60069800 VMThread [stack: 0x00007fba55959000,0x00007fba55a5a000] [id=8823]
  0x00007fba600a1800 WatcherThread [stack: 0x00007fba54893000,0x00007fba54994000] [id=8830]

VM state:not at safepoint (normal execution)

VM Mutex/Monitor currently owned by a thread: None

Heap
 PSYoungGen      total 17920K, used 6796K [0x00000000ec080000, 0x00000000ed480000, 0x0000000100000000)
  eden space 15360K, 44% used [0x00000000ec080000,0x00000000ec723188,0x00000000ecf80000)
  from space 2560K, 0% used [0x00000000ed200000,0x00000000ed200000,0x00000000ed480000)
  to   space 2560K, 0% used [0x00000000ecf80000,0x00000000ecf80000,0x00000000ed200000)
 ParOldGen       total 40448K, used 0K [0x00000000c4200000, 0x00000000c6980000, 0x00000000ec080000)
  object space 40448K, 0% used [0x00000000c4200000,0x00000000c4200000,0x00000000c6980000)
 PSPermGen       total 21504K, used 12057K [0x00000000bf000000, 0x00000000c0500000, 0x00000000c4200000)
  object space 21504K, 56% used [0x00000000bf000000,0x00000000bfbc6538,0x00000000c0500000)

Card table byte_map: [0x00007fba644ab000,0x00007fba646b4000] byte_map_base: 0x00007fba63eb3000

Polling page: 0x00007fba676a2000

Code Cache  [0x00007fba5d000000, 0x00007fba5d270000, 0x00007fba60000000)
 total_blobs=527 nmethods=48 adapters=432 free_code_cache=48504Kb largest_free_block=49645440

Compilation events (10 events):
Event: 0.427 Thread 0x00007fba60094800   43             java.awt.MultipleGradientPaintContext::interpolate (202 bytes)
Event: 0.427 Thread 0x00007fba60091800   44             java.awt.LinearGradientPaintContext::fillRaster (97 bytes)
Event: 0.431 Thread 0x00007fba60094800 nmethod 43 0x00007fba5d096d50 code [0x00007fba5d096f00, 0x00007fba5d0974b8]
Event: 0.435 Thread 0x00007fba60091800 nmethod 44 0x00007fba5d09f010 code [0x00007fba5d09f1c0, 0x00007fba5d09f838]
Event: 0.490 Thread 0x00007fba60094800   45             sun.java2d.loops.SurfaceType::getUniqueID (5 bytes)
Event: 0.491 Thread 0x00007fba60094800 nmethod 45 0x00007fba5d09ce90 code [0x00007fba5d09cfc0, 0x00007fba5d09d018]
Event: 0.696 Thread 0x00007fba60091800   47             java.lang.Enum::ordinal (5 bytes)
Event: 0.696 Thread 0x00007fba60091800 nmethod 47 0x00007fba5d0a05d0 code [0x00007fba5d0a0700, 0x00007fba5d0a0758]
Event: 0.728 Thread 0x00007fba60094800   48             sun.util.logging.PlatformLogger$Level::intValue (9 bytes)
Event: 0.728 Thread 0x00007fba60094800 nmethod 48 0x00007fba5d0a0390 code [0x00007fba5d0a04c0, 0x00007fba5d0a0538]

GC Heap History (0 events):
No events

Deoptimization events (0 events):
No events

Internal exceptions (10 events):
Event: 0.191 Thread 0x00007fba60257800 Threw 0x00000000ec393ce8 at /HUDSON/workspace/7u-2-build-linux-amd64@2/jdk7u51/527/hotspot/src/share/vm/prims/jvm.cpp:1244
Event: 0.192 Thread 0x00007fba60257800 Threw 0x00000000ec397828 at /HUDSON/workspace/7u-2-build-linux-amd64@2/jdk7u51/527/hotspot/src/share/vm/prims/jvm.cpp:1244
Event: 0.192 Thread 0x00007fba60257800 Threw 0x00000000ec398f40 at /HUDSON/workspace/7u-2-build-linux-amd64@2/jdk7u51/527/hotspot/src/share/vm/prims/jvm.cpp:1244
Event: 0.253 Thread 0x00007fba60257800 Threw 0x00000000ec469fc0 at /HUDSON/workspace/7u-2-build-linux-amd64@2/jdk7u51/527/hotspot/src/share/vm/prims/jvm.cpp:1244
Event: 0.255 Thread 0x00007fba60257800 Threw 0x00000000ec5056d8 at /HUDSON/workspace/7u-2-build-linux-amd64@2/jdk7u51/527/hotspot/src/share/vm/prims/jvm.cpp:1244
Event: 0.321 Thread 0x00007fba60257800 Threw 0x00000000ec5d3da0 at /HUDSON/workspace/7u-2-build-linux-amd64@2/jdk7u51/527/hotspot/src/share/vm/prims/jni.cpp:717
Event: 0.338 Thread 0x00007fba60257800 Threw 0x00000000ec5e7028 at /HUDSON/workspace/7u-2-build-linux-amd64@2/jdk7u51/527/hotspot/src/share/vm/prims/jni.cpp:717
Event: 0.340 Thread 0x00007fba60257800 Threw 0x00000000ec5f8a18 at /HUDSON/workspace/7u-2-build-linux-amd64@2/jdk7u51/527/hotspot/src/share/vm/prims/jni.cpp:717
Event: 0.358 Thread 0x00007fba60257800 Threw 0x00000000ec60b988 at /HUDSON/workspace/7u-2-build-linux-amd64@2/jdk7u51/527/hotspot/src/share/vm/prims/jni.cpp:717
Event: 0.485 Thread 0x00007fba60257800 Threw 0x00000000ec6cd9e8 at /HUDSON/workspace/7u-2-build-linux-amd64@2/jdk7u51/527/hotspot/src/share/vm/prims/jni.cpp:743

Events (10 events):
Event: 0.491 loading class 0x00007fba600f0c30
Event: 0.491 loading class 0x00007fba600f0c30 done
Event: 0.491 loading class 0x00007fba600f0c70
Event: 0.491 loading class 0x00007fba600f0c70 done
Event: 0.491 loading class 0x00007fba60115650
Event: 0.491 loading class 0x00007fba60115650 done
Event: 0.491 loading class 0x00007fba600b6f60
Event: 0.491 loading class 0x00007fba600b6f60 done
Event: 0.491 loading class 0x00007fba600ed190
Event: 0.491 loading class 0x00007fba600ed190 done


Dynamic libraries:
00400000-00401000 r-xp 00000000 08:07 937188                             /usr/lib/jvm/jdk1.7.0_51/bin/java
00600000-00601000 rw-p 00000000 08:07 937188                             /usr/lib/jvm/jdk1.7.0_51/bin/java
00830000-00851000 rw-p 00000000 00:00 0                                  [heap]
bf000000-c0500000 rw-p 00000000 00:00 0 
c0500000-c4200000 rw-p 00000000 00:00 0 
c4200000-c6980000 rw-p 00000000 00:00 0 
c6980000-ec080000 rw-p 00000000 00:00 0 
ec080000-ed480000 rw-p 00000000 00:00 0 
ed480000-100000000 rw-p 00000000 00:00 0 
7fba08000000-7fba08021000 rw-p 00000000 00:00 0 
7fba08021000-7fba0c000000 ---p 00000000 00:00 0 
7fba10000000-7fba100e7000 rw-p 00000000 00:00 0 
7fba100e7000-7fba14000000 ---p 00000000 00:00 0 
7fba14000000-7fba14069000 rw-p 00000000 00:00 0 
7fba14069000-7fba18000000 ---p 00000000 00:00 0 
7fba18000000-7fba18021000 rw-p 00000000 00:00 0 
7fba18021000-7fba1c000000 ---p 00000000 00:00 0 
7fba1c000000-7fba1c021000 rw-p 00000000 00:00 0 
7fba1c021000-7fba20000000 ---p 00000000 00:00 0 
7fba20000000-7fba20021000 rw-p 00000000 00:00 0 
7fba20021000-7fba24000000 ---p 00000000 00:00 0 
7fba24000000-7fba24021000 rw-p 00000000 00:00 0 
7fba24021000-7fba28000000 ---p 00000000 00:00 0 
7fba28000000-7fba283a0000 rw-p 00000000 00:00 0 
7fba283a0000-7fba2c000000 ---p 00000000 00:00 0 
7fba2c000000-7fba2c021000 rw-p 00000000 00:00 0 
7fba2c021000-7fba30000000 ---p 00000000 00:00 0 
7fba30000000-7fba30021000 rw-p 00000000 00:00 0 
7fba30021000-7fba34000000 ---p 00000000 00:00 0 
7fba34000000-7fba34297000 rw-p 00000000 00:00 0 
7fba34297000-7fba38000000 ---p 00000000 00:00 0 
7fba38000000-7fba38021000 rw-p 00000000 00:00 0 
7fba38021000-7fba3c000000 ---p 00000000 00:00 0 
7fba3c000000-7fba3c021000 rw-p 00000000 00:00 0 
7fba3c021000-7fba40000000 ---p 00000000 00:00 0 
7fba40000000-7fba40021000 rw-p 00000000 00:00 0 
7fba40021000-7fba44000000 ---p 00000000 00:00 0 
7fba44000000-7fba44021000 rw-p 00000000 00:00 0 
7fba44021000-7fba48000000 ---p 00000000 00:00 0 
7fba48000000-7fba48021000 rw-p 00000000 00:00 0 
7fba48021000-7fba4c000000 ---p 00000000 00:00 0 
7fba4d202000-7fba4d22c000 r-xp 00000000 08:07 1836084                    /usr/lib/jvm/jdk1.7.0_51/jre/lib/amd64/libdcpr.so
7fba4d22c000-7fba4d42c000 ---p 0002a000 08:07 1836084                    /usr/lib/jvm/jdk1.7.0_51/jre/lib/amd64/libdcpr.so
7fba4d42c000-7fba4d42f000 rw-p 0002a000 08:07 1836084                    /usr/lib/jvm/jdk1.7.0_51/jre/lib/amd64/libdcpr.so
7fba4d42f000-7fba4d61f000 rw-s 00000000 00:05 106922033                  /SYSV00000000 (deleted)
7fba4d61f000-7fba4d62a000 r--s 00000000 08:07 2890696                    /var/cache/fontconfig/945677eb7aeaf62f1d50efc3fb3ec7d8-le64.cache-6
7fba4d62a000-7fba4d630000 r--s 00000000 08:07 2890678                    /var/cache/fontconfig/2cd17615ca594fa2959ae173292e504c-le64.cache-6
7fba4d630000-7fba4d631000 r--s 00000000 08:07 2890675                    /var/cache/fontconfig/0d8c3b2ac0904cb8a57a757ad11a4a08-le64.cache-6
7fba4d631000-7fba4d635000 r--s 00000000 08:07 2885053                    /var/cache/fontconfig/de156ccd2eddbdc19d37a45b8b2aac9c-le64.cache-6
7fba4d635000-7fba4d64a000 r--s 00000000 08:07 2890672                    /var/cache/fontconfig/04aabc0a78ac019cf9454389977116d2-le64.cache-6
7fba4d64a000-7fba4d64e000 r--s 00000000 08:07 2890682                    /var/cache/fontconfig/385c0604a188198f04d133e54aba7fe7-le64.cache-6
7fba4d64e000-7fba4d653000 r--s 00000000 08:07 2890695                    /var/cache/fontconfig/8801497958630a81b71ace7c5f9b32a8-le64.cache-6
7fba4d653000-7fba4d65a000 r--s 00000000 08:07 2890679                    /var/cache/fontconfig/3047814df9a2f067bd2d96a2b9c36e5a-le64.cache-6
7fba4d65a000-7fba4d66d000 r--s 00000000 08:07 2890706                    /var/cache/fontconfig/d52a8644073d54c13679302ca1180695-le64.cache-6
7fba4d77e000-7fba4d781000 ---p 00000000 00:00 0 
7fba4d781000-7fba4d87f000 rw-p 00000000 00:00 0 
7fba4d87f000-7fba4d88b000 r-xp 00000000 08:07 1835128                    /usr/lib/jvm/jdk1.7.0_51/jre/lib/amd64/librxtxSerial.so
7fba4d88b000-7fba4d98a000 ---p 0000c000 08:07 1835128                    /usr/lib/jvm/jdk1.7.0_51/jre/lib/amd64/librxtxSerial.so
7fba4d98a000-7fba4d98c000 rw-p 0000b000 08:07 1835128                    /usr/lib/jvm/jdk1.7.0_51/jre/lib/amd64/librxtxSerial.so
7fba4d98c000-7fba4d9a5000 r--s 00000000 08:07 527849                     /usr/share/fonts/type1/gsfonts/n022004l.pfb
7fba4d9a5000-7fba4d9be000 r--s 00000000 08:07 527834                     /usr/share/fonts/type1/gsfonts/n021003l.pfb
7fba4d9be000-7fba4d9d4000 r--s 00000000 08:07 527843                     /usr/share/fonts/type1/gsfonts/n021024l.pfb
7fba4d9d4000-7fba4d9ea000 r--s 00000000 08:07 527852                     /usr/share/fonts/type1/gsfonts/n022023l.pfb
7fba4d9ea000-7fba4da01000 r--s 00000000 08:07 527840                     /usr/share/fonts/type1/gsfonts/n021023l.pfb
7fba4da01000-7fba4da12000 r--s 00000000 08:07 527816                     /usr/share/fonts/type1/gsfonts/n019023l.pfb
7fba4da12000-7fba4da26000 r--s 00000000 08:07 527810                     /usr/share/fonts/type1/gsfonts/n019003l.pfb
7fba4da26000-7fba4da2f000 r--s 00000000 08:07 527870                     /usr/share/fonts/type1/gsfonts/s050000l.pfb
7fba4da2f000-7fba4da32000 ---p 00000000 00:00 0 
7fba4da32000-7fba4db30000 rw-p 00000000 00:00 0 
7fba4db30000-7fba4db98000 r-xp 00000000 08:07 1836082                    /usr/lib/jvm/jdk1.7.0_51/jre/lib/amd64/libt2k.so
7fba4db98000-7fba4dd98000 ---p 00068000 08:07 1836082                    /usr/lib/jvm/jdk1.7.0_51/jre/lib/amd64/libt2k.so
7fba4dd98000-7fba4dd9f000 rw-p 00068000 08:07 1836082                    /usr/lib/jvm/jdk1.7.0_51/jre/lib/amd64/libt2k.so
7fba4dd9f000-7fba4ddaf000 rw-p 00000000 00:00 0 
7fba4ddaf000-7fba4ddb2000 ---p 00000000 00:00 0 
7fba4ddb2000-7fba4deb0000 rw-p 00000000 00:00 0 
7fba4deb0000-7fba4deb3000 ---p 00000000 00:00 0 
7fba4deb3000-7fba4dfb1000 rw-p 00000000 00:00 0 
7fba4dfb1000-7fba4dfc1000 r-xp 00000000 08:07 1836051                    /usr/lib/jvm/jdk1.7.0_51/jre/lib/amd64/libnio.so
7fba4dfc1000-7fba4e1c1000 ---p 00010000 08:07 1836051                    /usr/lib/jvm/jdk1.7.0_51/jre/lib/amd64/libnio.so
7fba4e1c1000-7fba4e1c2000 rw-p 00010000 08:07 1836051                    /usr/lib/jvm/jdk1.7.0_51/jre/lib/amd64/libnio.so
7fba4e1c2000-7fba4e4c3000 rw-p 00000000 00:00 0 
7fba4e4c3000-7fba4e4d9000 r-xp 00000000 08:07 1836056                    /usr/lib/jvm/jdk1.7.0_51/jre/lib/amd64/libnet.so
7fba4e4d9000-7fba4e6d9000 ---p 00016000 08:07 1836056                    /usr/lib/jvm/jdk1.7.0_51/jre/lib/amd64/libnet.so
7fba4e6d9000-7fba4e6da000 rw-p 00016000 08:07 1836056                    /usr/lib/jvm/jdk1.7.0_51/jre/lib/amd64/libnet.so
7fba4e6da000-7fba4e6f0000 r-xp 00000000 08:07 2364498                    /lib/x86_64-linux-gnu/libgcc_s.so.1
7fba4e6f0000-7fba4e8ef000 ---p 00016000 08:07 2364498                    /lib/x86_64-linux-gnu/libgcc_s.so.1
7fba4e8ef000-7fba4e8f0000 rw-p 00015000 08:07 2364498                    /lib/x86_64-linux-gnu/libgcc_s.so.1
7fba4e8f0000-7fba4e955000 r-xp 00000000 08:07 1836052                    /usr/lib/jvm/jdk1.7.0_51/jre/lib/amd64/libfontmanager.so
7fba4e955000-7fba4eb54000 ---p 00065000 08:07 1836052                    /usr/lib/jvm/jdk1.7.0_51/jre/lib/amd64/libfontmanager.so
7fba4eb54000-7fba4eb58000 rw-p 00064000 08:07 1836052                    /usr/lib/jvm/jdk1.7.0_51/jre/lib/amd64/libfontmanager.so
7fba4eb58000-7fba4eb69000 rw-p 00000000 00:00 0 
7fba4eb69000-7fba4eb6c000 ---p 00000000 00:00 0 
7fba4eb6c000-7fba4ec6a000 rw-p 00000000 00:00 0 
7fba4ec6a000-7fba4ec6f000 r-xp 00000000 08:07 2762080                    /usr/lib/x86_64-linux-gnu/libXfixes.so.3.1.0
7fba4ec6f000-7fba4ee6e000 ---p 00005000 08:07 2762080                    /usr/lib/x86_64-linux-gnu/libXfixes.so.3.1.0
7fba4ee6e000-7fba4ee6f000 r--p 00004000 08:07 2762080                    /usr/lib/x86_64-linux-gnu/libXfixes.so.3.1.0
7fba4ee6f000-7fba4ee70000 rw-p 00005000 08:07 2762080                    /usr/lib/x86_64-linux-gnu/libXfixes.so.3.1.0
7fba4ee70000-7fba4ee79000 r-xp 00000000 08:07 2762072                    /usr/lib/x86_64-linux-gnu/libXcursor.so.1.0.2
7fba4ee79000-7fba4f078000 ---p 00009000 08:07 2762072                    /usr/lib/x86_64-linux-gnu/libXcursor.so.1.0.2
7fba4f078000-7fba4f079000 r--p 00008000 08:07 2762072                    /usr/lib/x86_64-linux-gnu/libXcursor.so.1.0.2
7fba4f079000-7fba4f07a000 rw-p 00009000 08:07 2762072                    /usr/lib/x86_64-linux-gnu/libXcursor.so.1.0.2
7fba4f07a000-7fba4f07f000 r-xp 00000000 08:07 2762076                    /usr/lib/x86_64-linux-gnu/libXdmcp.so.6.0.0
7fba4f07f000-7fba4f27e000 ---p 00005000 08:07 2762076                    /usr/lib/x86_64-linux-gnu/libXdmcp.so.6.0.0
7fba4f27e000-7fba4f27f000 r--p 00004000 08:07 2762076                    /usr/lib/x86_64-linux-gnu/libXdmcp.so.6.0.0
7fba4f27f000-7fba4f280000 rw-p 00005000 08:07 2762076                    /usr/lib/x86_64-linux-gnu/libXdmcp.so.6.0.0
7fba4f280000-7fba4f282000 r-xp 00000000 08:07 2762065                    /usr/lib/x86_64-linux-gnu/libXau.so.6.0.0
7fba4f282000-7fba4f482000 ---p 00002000 08:07 2762065                    /usr/lib/x86_64-linux-gnu/libXau.so.6.0.0
7fba4f482000-7fba4f483000 r--p 00002000 08:07 2762065                    /usr/lib/x86_64-linux-gnu/libXau.so.6.0.0
7fba4f483000-7fba4f484000 rw-p 00003000 08:07 2762065                    /usr/lib/x86_64-linux-gnu/libXau.so.6.0.0
7fba4f484000-7fba4f4a5000 r-xp 00000000 08:07 2763443                    /usr/lib/x86_64-linux-gnu/libxcb.so.1.1.0
7fba4f4a5000-7fba4f6a4000 ---p 00021000 08:07 2763443                    /usr/lib/x86_64-linux-gnu/libxcb.so.1.1.0
7fba4f6a4000-7fba4f6a5000 r--p 00020000 08:07 2763443                    /usr/lib/x86_64-linux-gnu/libxcb.so.1.1.0
7fba4f6a5000-7fba4f6a6000 rw-p 00021000 08:07 2763443                    /usr/lib/x86_64-linux-gnu/libxcb.so.1.1.0
7fba4f6a6000-7fba4f6b5000 r-xp 00000000 08:07 2762086                    /usr/lib/x86_64-linux-gnu/libXi.so.6.1.0
7fba4f6b5000-7fba4f8b4000 ---p 0000f000 08:07 2762086                    /usr/lib/x86_64-linux-gnu/libXi.so.6.1.0
7fba4f8b4000-7fba4f8b5000 r--p 0000e000 08:07 2762086                    /usr/lib/x86_64-linux-gnu/libXi.so.6.1.0
7fba4f8b5000-7fba4f8b6000 rw-p 0000f000 08:07 2762086                    /usr/lib/x86_64-linux-gnu/libXi.so.6.1.0
7fba4f8b6000-7fba4f8bb000 r-xp 00000000 08:07 2762104                    /usr/lib/x86_64-linux-gnu/libXtst.so.6.1.0
7fba4f8bb000-7fba4faba000 ---p 00005000 08:07 2762104                    /usr/lib/x86_64-linux-gnu/libXtst.so.6.1.0
7fba4faba000-7fba4fabb000 r--p 00004000 08:07 2762104                    /usr/lib/x86_64-linux-gnu/libXtst.so.6.1.0
7fba4fabb000-7fba4fabc000 rw-p 00005000 08:07 2762104                    /usr/lib/x86_64-linux-gnu/libXtst.so.6.1.0
7fba4fabc000-7fba4fac5000 r-xp 00000000 08:07 2762098                    /usr/lib/x86_64-linux-gnu/libXrender.so.1.3.0
7fba4fac5000-7fba4fcc4000 ---p 00009000 08:07 2762098                    /usr/lib/x86_64-linux-gnu/libXrender.so.1.3.0
7fba4fcc4000-7fba4fcc5000 r--p 00008000 08:07 2762098                    /usr/lib/x86_64-linux-gnu/libXrender.so.1.3.0
7fba4fcc5000-7fba4fcc6000 rw-p 00009000 08:07 2762098                    /usr/lib/x86_64-linux-gnu/libXrender.so.1.3.0
7fba4fcc6000-7fba4fdfb000 r-xp 00000000 08:07 2762061                    /usr/lib/x86_64-linux-gnu/libX11.so.6.3.0
7fba4fdfb000-7fba4fffb000 ---p 00135000 08:07 2762061                    /usr/lib/x86_64-linux-gnu/libX11.so.6.3.0
7fba4fffb000-7fba4fffc000 r--p 00135000 08:07 2762061                    /usr/lib/x86_64-linux-gnu/libX11.so.6.3.0
7fba4fffc000-7fba50000000 rw-p 00136000 08:07 2762061                    /usr/lib/x86_64-linux-gnu/libX11.so.6.3.0
7fba50000000-7fba50021000 rw-p 00000000 00:00 0 
7fba50021000-7fba54000000 ---p 00000000 00:00 0 
7fba54000000-7fba54003000 r--s 00000000 08:07 2890692                    /var/cache/fontconfig/767a8244fc0220cfb567a839d0392e0b-le64.cache-6
7fba54003000-7fba54009000 r--s 00000000 08:07 2890700                    /var/cache/fontconfig/b47c4e1ecd0709278f4910c18777a504-le64.cache-6
7fba54009000-7fba54014000 r--s 00000000 08:07 2887795                    /var/cache/fontconfig/d589a48862398ed80a3d6066f4f56f4c-le64.cache-6
7fba54014000-7fba54017000 ---p 00000000 00:00 0 
7fba54017000-7fba54115000 rw-p 00000000 00:00 0 
7fba54115000-7fba5413a000 r--p 00000000 08:07 397003                     /usr/share/locale-langpack/es/LC_MESSAGES/libc.mo
7fba5413a000-7fba5414b000 r-xp 00000000 08:07 2762078                    /usr/lib/x86_64-linux-gnu/libXext.so.6.4.0
7fba5414b000-7fba5434a000 ---p 00011000 08:07 2762078                    /usr/lib/x86_64-linux-gnu/libXext.so.6.4.0
7fba5434a000-7fba5434b000 r--p 00010000 08:07 2762078                    /usr/lib/x86_64-linux-gnu/libXext.so.6.4.0
7fba5434b000-7fba5434c000 rw-p 00011000 08:07 2762078                    /usr/lib/x86_64-linux-gnu/libXext.so.6.4.0
7fba5434c000-7fba5434d000 r--s 00000000 08:07 2890677                    /var/cache/fontconfig/1ac9eb803944fde146138c791f5cc56a-le64.cache-6
7fba5434d000-7fba5434e000 r--s 00000000 08:07 2890709                    /var/cache/fontconfig/dc05db6664285cc2f12bf69c139ae4c3-le64.cache-6
7fba5434e000-7fba5434f000 r--s 00000000 08:07 2883743                    /var/cache/fontconfig/4794a0821666d79190d59a36cb4f44b5-le64.cache-6
7fba5434f000-7fba5435a000 r--s 00000000 08:07 2890694                    /var/cache/fontconfig/83bf95040141907cd45bb53cf7c1c148-le64.cache-6
7fba5435a000-7fba5436c000 r--s 00000000 08:07 2886108                    /var/cache/fontconfig/9b89f8e3dae116d678bbf48e5f21f69b-le64.cache-6
7fba5436c000-7fba543bc000 r-xp 00000000 08:07 1836094                    /usr/lib/jvm/jdk1.7.0_51/jre/lib/amd64/xawt/libmawt.so
7fba543bc000-7fba545bc000 ---p 00050000 08:07 1836094                    /usr/lib/jvm/jdk1.7.0_51/jre/lib/amd64/xawt/libmawt.so
7fba545bc000-7fba545c0000 rw-p 00050000 08:07 1836094                    /usr/lib/jvm/jdk1.7.0_51/jre/lib/amd64/xawt/libmawt.so
7fba545c0000-7fba545c1000 rw-p 00000000 00:00 0 
7fba545c1000-7fba54663000 r-xp 00000000 08:07 1836064                    /usr/lib/jvm/jdk1.7.0_51/jre/lib/amd64/libawt.so
7fba54663000-7fba54863000 ---p 000a2000 08:07 1836064                    /usr/lib/jvm/jdk1.7.0_51/jre/lib/amd64/libawt.so
7fba54863000-7fba5486f000 rw-p 000a2000 08:07 1836064                    /usr/lib/jvm/jdk1.7.0_51/jre/lib/amd64/libawt.so
7fba5486f000-7fba54893000 rw-p 00000000 00:00 0 
7fba54893000-7fba54894000 ---p 00000000 00:00 0 
7fba54894000-7fba54994000 rw-p 00000000 00:00 0 
7fba54994000-7fba54997000 ---p 00000000 00:00 0 
7fba54997000-7fba54a95000 rw-p 00000000 00:00 0 
7fba54a95000-7fba54a98000 ---p 00000000 00:00 0 
7fba54a98000-7fba54b96000 rw-p 00000000 00:00 0 
7fba54b96000-7fba54b99000 ---p 00000000 00:00 0 
7fba54b99000-7fba54c97000 rw-p 00000000 00:00 0 
7fba54c97000-7fba54c9a000 ---p 00000000 00:00 0 
7fba54c9a000-7fba54d98000 rw-p 00000000 00:00 0 
7fba54d98000-7fba55757000 r--p 00000000 08:07 2760681                    /usr/lib/locale/locale-archive
7fba55757000-7fba5575a000 ---p 00000000 00:00 0 
7fba5575a000-7fba55858000 rw-p 00000000 00:00 0 
7fba55858000-7fba5585b000 ---p 00000000 00:00 0 
7fba5585b000-7fba55959000 rw-p 00000000 00:00 0 
7fba55959000-7fba5595a000 ---p 00000000 00:00 0 
7fba5595a000-7fba58000000 rw-p 00000000 00:00 0 
7fba58000000-7fba58021000 rw-p 00000000 00:00 0 
7fba58021000-7fba5c000000 ---p 00000000 00:00 0 
7fba5c000000-7fba5c001000 r--s 00000000 08:07 2890702                    /var/cache/fontconfig/bab58bb527bb656aaa9f116d68a48d89-le64.cache-6
7fba5c001000-7fba5c002000 r--s 00000000 08:07 2890686                    /var/cache/fontconfig/56cf4f4769d0f4abc89a4895d7bd3ae1-le64.cache-6
7fba5c002000-7fba5c005000 r--s 00000000 08:07 2890691                    /var/cache/fontconfig/75114ca45c98e8a441da0ff356701271-le64.cache-6
7fba5c005000-7fba5c008000 r--s 00000000 08:07 2890710                    /var/cache/fontconfig/e13b20fdb08344e0e664864cc2ede53d-le64.cache-6
7fba5c008000-7fba5c00c000 r--s 00000000 08:07 2883629                    /var/cache/fontconfig/7ef2298fde41cc6eeb7af42e48b7d293-le64.cache-6
7fba5c00c000-7fba5cac4000 rw-p 00000000 00:00 0 
7fba5cac4000-7fba5cc81000 r--s 039bf000 08:07 1057153                    /usr/lib/jvm/jdk1.7.0_51/jre/lib/rt.jar
7fba5cc81000-7fba5ceff000 rw-p 00000000 00:00 0 
7fba5ceff000-7fba5cf00000 ---p 00000000 00:00 0 
7fba5cf00000-7fba5d000000 rw-p 00000000 00:00 0 
7fba5d000000-7fba5d270000 rwxp 00000000 00:00 0 
7fba5d270000-7fba60261000 rw-p 00000000 00:00 0 
7fba60261000-7fba64000000 ---p 00000000 00:00 0 
7fba64000000-7fba64001000 r--s 00000000 08:07 2890701                    /var/cache/fontconfig/b9d506c9ac06c20b433354fa67a72993-le64.cache-6
7fba64001000-7fba64002000 r--s 00000000 08:07 2890685                    /var/cache/fontconfig/551ecf3b0e8b0bca0f25c0944f561853-le64.cache-6
7fba64002000-7fba6400d000 r--s 0037c000 08:07 1057110                    /usr/lib/jvm/jdk1.7.0_51/jre/lib/charsets.jar
7fba6400d000-7fba64068000 rw-p 00000000 00:00 0 
7fba64068000-7fba64069000 ---p 00000000 00:00 0 
7fba64069000-7fba64169000 rw-p 00000000 00:00 0 
7fba64169000-7fba6416a000 ---p 00000000 00:00 0 
7fba6416a000-7fba6426a000 rw-p 00000000 00:00 0 
7fba6426a000-7fba6426b000 ---p 00000000 00:00 0 
7fba6426b000-7fba6437f000 rw-p 00000000 00:00 0 
7fba6437f000-7fba644ab000 rw-p 00000000 00:00 0 
7fba644ab000-7fba644b6000 rw-p 00000000 00:00 0 
7fba644b6000-7fba644d4000 rw-p 00000000 00:00 0 
7fba644d4000-7fba644e8000 rw-p 00000000 00:00 0 
7fba644e8000-7fba64613000 rw-p 00000000 00:00 0 
7fba64613000-7fba6461e000 rw-p 00000000 00:00 0 
7fba6461e000-7fba646b3000 rw-p 00000000 00:00 0 
7fba646b3000-7fba646be000 rw-p 00000000 00:00 0 
7fba646be000-7fba64774000 rw-p 00000000 00:00 0 
7fba64774000-7fba6478e000 r-xp 00000000 08:07 1836101                    /usr/lib/jvm/jdk1.7.0_51/jre/lib/amd64/libzip.so
7fba6478e000-7fba6498e000 ---p 0001a000 08:07 1836101                    /usr/lib/jvm/jdk1.7.0_51/jre/lib/amd64/libzip.so
7fba6498e000-7fba6498f000 rw-p 0001a000 08:07 1836101                    /usr/lib/jvm/jdk1.7.0_51/jre/lib/amd64/libzip.so
7fba6498f000-7fba6499a000 r-xp 00000000 08:07 2364559                    /lib/x86_64-linux-gnu/libnss_files-2.23.so
7fba6499a000-7fba64b99000 ---p 0000b000 08:07 2364559                    /lib/x86_64-linux-gnu/libnss_files-2.23.so
7fba64b99000-7fba64b9a000 r--p 0000a000 08:07 2364559                    /lib/x86_64-linux-gnu/libnss_files-2.23.so
7fba64b9a000-7fba64b9b000 rw-p 0000b000 08:07 2364559                    /lib/x86_64-linux-gnu/libnss_files-2.23.so
7fba64b9b000-7fba64ba1000 rw-p 00000000 00:00 0 
7fba64ba1000-7fba64bac000 r-xp 00000000 08:07 2364569                    /lib/x86_64-linux-gnu/libnss_nis-2.23.so
7fba64bac000-7fba64dab000 ---p 0000b000 08:07 2364569                    /lib/x86_64-linux-gnu/libnss_nis-2.23.so
7fba64dab000-7fba64dac000 r--p 0000a000 08:07 2364569                    /lib/x86_64-linux-gnu/libnss_nis-2.23.so
7fba64dac000-7fba64dad000 rw-p 0000b000 08:07 2364569                    /lib/x86_64-linux-gnu/libnss_nis-2.23.so
7fba64dad000-7fba64dc3000 r-xp 00000000 08:07 2364553                    /lib/x86_64-linux-gnu/libnsl-2.23.so
7fba64dc3000-7fba64fc2000 ---p 00016000 08:07 2364553                    /lib/x86_64-linux-gnu/libnsl-2.23.so
7fba64fc2000-7fba64fc3000 r--p 00015000 08:07 2364553                    /lib/x86_64-linux-gnu/libnsl-2.23.so
7fba64fc3000-7fba64fc4000 rw-p 00016000 08:07 2364553                    /lib/x86_64-linux-gnu/libnsl-2.23.so
7fba64fc4000-7fba64fc6000 rw-p 00000000 00:00 0 
7fba64fc6000-7fba64fce000 r-xp 00000000 08:07 2364555                    /lib/x86_64-linux-gnu/libnss_compat-2.23.so
7fba64fce000-7fba651cd000 ---p 00008000 08:07 2364555                    /lib/x86_64-linux-gnu/libnss_compat-2.23.so
7fba651cd000-7fba651ce000 r--p 00007000 08:07 2364555                    /lib/x86_64-linux-gnu/libnss_compat-2.23.so
7fba651ce000-7fba651cf000 rw-p 00008000 08:07 2364555                    /lib/x86_64-linux-gnu/libnss_compat-2.23.so
7fba651cf000-7fba651f8000 r-xp 00000000 08:07 1836085                    /usr/lib/jvm/jdk1.7.0_51/jre/lib/amd64/libjava.so
7fba651f8000-7fba653f8000 ---p 00029000 08:07 1836085                    /usr/lib/jvm/jdk1.7.0_51/jre/lib/amd64/libjava.so
7fba653f8000-7fba653fa000 rw-p 00029000 08:07 1836085                    /usr/lib/jvm/jdk1.7.0_51/jre/lib/amd64/libjava.so
7fba653fa000-7fba65407000 r-xp 00000000 08:07 1836083                    /usr/lib/jvm/jdk1.7.0_51/jre/lib/amd64/libverify.so
7fba65407000-7fba65606000 ---p 0000d000 08:07 1836083                    /usr/lib/jvm/jdk1.7.0_51/jre/lib/amd64/libverify.so
7fba65606000-7fba65608000 rw-p 0000c000 08:07 1836083                    /usr/lib/jvm/jdk1.7.0_51/jre/lib/amd64/libverify.so
7fba65608000-7fba6560f000 r-xp 00000000 08:07 2364614                    /lib/x86_64-linux-gnu/librt-2.23.so
7fba6560f000-7fba6580e000 ---p 00007000 08:07 2364614                    /lib/x86_64-linux-gnu/librt-2.23.so
7fba6580e000-7fba6580f000 r--p 00006000 08:07 2364614                    /lib/x86_64-linux-gnu/librt-2.23.so
7fba6580f000-7fba65810000 rw-p 00007000 08:07 2364614                    /lib/x86_64-linux-gnu/librt-2.23.so
7fba65810000-7fba65813000 ---p 00000000 00:00 0 
7fba65813000-7fba65911000 rw-p 00000000 00:00 0 
7fba65911000-7fba65a19000 r-xp 00000000 08:07 2364530                    /lib/x86_64-linux-gnu/libm-2.23.so
7fba65a19000-7fba65c18000 ---p 00108000 08:07 2364530                    /lib/x86_64-linux-gnu/libm-2.23.so
7fba65c18000-7fba65c19000 r--p 00107000 08:07 2364530                    /lib/x86_64-linux-gnu/libm-2.23.so
7fba65c19000-7fba65c1a000 rw-p 00108000 08:07 2364530                    /lib/x86_64-linux-gnu/libm-2.23.so
7fba65c1a000-7fba6677c000 r-xp 00000000 08:07 1836091                    /usr/lib/jvm/jdk1.7.0_51/jre/lib/amd64/server/libjvm.so
7fba6677c000-7fba6697c000 ---p 00b62000 08:07 1836091                    /usr/lib/jvm/jdk1.7.0_51/jre/lib/amd64/server/libjvm.so
7fba6697c000-7fba66a3f000 rw-p 00b62000 08:07 1836091                    /usr/lib/jvm/jdk1.7.0_51/jre/lib/amd64/server/libjvm.so
7fba66a3f000-7fba66a80000 rw-p 00000000 00:00 0 
7fba66a80000-7fba66c40000 r-xp 00000000 08:07 2364460                    /lib/x86_64-linux-gnu/libc-2.23.so
7fba66c40000-7fba66e3f000 ---p 001c0000 08:07 2364460                    /lib/x86_64-linux-gnu/libc-2.23.so
7fba66e3f000-7fba66e43000 r--p 001bf000 08:07 2364460                    /lib/x86_64-linux-gnu/libc-2.23.so
7fba66e43000-7fba66e45000 rw-p 001c3000 08:07 2364460                    /lib/x86_64-linux-gnu/libc-2.23.so
7fba66e45000-7fba66e49000 rw-p 00000000 00:00 0 
7fba66e49000-7fba66e4c000 r-xp 00000000 08:07 2364484                    /lib/x86_64-linux-gnu/libdl-2.23.so
7fba66e4c000-7fba6704b000 ---p 00003000 08:07 2364484                    /lib/x86_64-linux-gnu/libdl-2.23.so
7fba6704b000-7fba6704c000 r--p 00002000 08:07 2364484                    /lib/x86_64-linux-gnu/libdl-2.23.so
7fba6704c000-7fba6704d000 rw-p 00003000 08:07 2364484                    /lib/x86_64-linux-gnu/libdl-2.23.so
7fba6704d000-7fba67063000 r-xp 00000000 08:07 1056839                    /usr/lib/jvm/jdk1.7.0_51/lib/amd64/jli/libjli.so
7fba67063000-7fba67263000 ---p 00016000 08:07 1056839                    /usr/lib/jvm/jdk1.7.0_51/lib/amd64/jli/libjli.so
7fba67263000-7fba67264000 rw-p 00016000 08:07 1056839                    /usr/lib/jvm/jdk1.7.0_51/lib/amd64/jli/libjli.so
7fba67264000-7fba6727c000 r-xp 00000000 08:07 2364606                    /lib/x86_64-linux-gnu/libpthread-2.23.so
7fba6727c000-7fba6747b000 ---p 00018000 08:07 2364606                    /lib/x86_64-linux-gnu/libpthread-2.23.so
7fba6747b000-7fba6747c000 r--p 00017000 08:07 2364606                    /lib/x86_64-linux-gnu/libpthread-2.23.so
7fba6747c000-7fba6747d000 rw-p 00018000 08:07 2364606                    /lib/x86_64-linux-gnu/libpthread-2.23.so
7fba6747d000-7fba67481000 rw-p 00000000 00:00 0 
7fba67481000-7fba674a7000 r-xp 00000000 08:07 2364432                    /lib/x86_64-linux-gnu/ld-2.23.so
7fba674a7000-7fba674a8000 r--s 00000000 08:07 2890680                    /var/cache/fontconfig/30829fa25452a46451e813d634d7f916-le64.cache-6
7fba674a8000-7fba674af000 r--s 00000000 08:07 3016614                    /usr/lib/x86_64-linux-gnu/gconv/gconv-modules.cache
7fba674af000-7fba674b1000 r--s 0000d000 08:08 3412122                    /home/kcrez/Documentos/JavaDuino/library/rxtx2.1/RXTXcomm.jar
7fba674b1000-7fba674b3000 r--s 0000d000 08:07 1835127                    /usr/lib/jvm/jdk1.7.0_51/jre/lib/ext/RXTXcomm.jar
7fba674b3000-7fba67507000 rw-p 00000000 00:00 0 
7fba67507000-7fba67525000 rw-p 00000000 00:00 0 
7fba67525000-7fba67529000 rw-p 00000000 00:00 0 
7fba67529000-7fba6756d000 r-xp 00000000 08:07 1052366                    /opt/eset/esets/lib/libesets_pac.so
7fba6756d000-7fba6766d000 ---p 00044000 08:07 1052366                    /opt/eset/esets/lib/libesets_pac.so
7fba6766d000-7fba67670000 rw-p 00044000 08:07 1052366                    /opt/eset/esets/lib/libesets_pac.so
7fba67670000-7fba67683000 rw-p 00000000 00:00 0 
7fba67683000-7fba67684000 r--s 00000000 08:07 2890674                    /var/cache/fontconfig/0c9eb80ebd1c36541ebe2852d3bb0c49-le64.cache-6
7fba67684000-7fba67699000 rw-p 00000000 00:00 0 
7fba67699000-7fba676a1000 rw-s 00000000 08:07 2097299                    /tmp/hsperfdata_kcrez/8813
7fba676a1000-7fba676a2000 rw-p 00000000 00:00 0 
7fba676a2000-7fba676a3000 r--p 00000000 00:00 0 
7fba676a3000-7fba676a6000 rw-p 00000000 00:00 0 
7fba676a6000-7fba676a7000 r--p 00025000 08:07 2364432                    /lib/x86_64-linux-gnu/ld-2.23.so
7fba676a7000-7fba676a8000 rw-p 00026000 08:07 2364432                    /lib/x86_64-linux-gnu/ld-2.23.so
7fba676a8000-7fba676a9000 rw-p 00000000 00:00 0 
7ffc5381b000-7ffc5383c000 rw-p 00000000 00:00 0                          [stack]
7ffc539cb000-7ffc539cd000 r--p 00000000 00:00 0                          [vvar]
7ffc539cd000-7ffc539cf000 r-xp 00000000 00:00 0                          [vdso]
ffffffffff600000-ffffffffff601000 r-xp 00000000 00:00 0                  [vsyscall]

VM Arguments:
jvm_args: -Dfile.encoding=UTF-8 -Djava.library.path=/home/kcrez/Documentos/JavaDuino/library/rxtx2.1 
java_command: PPD_Frame
Launcher Type: SUN_STANDARD

Environment Variables:
PATH=/usr/local/sbin:/usr/local/bin:/usr/sbin:/usr/bin:/sbin:/bin:/usr/games:/usr/local/games:/snap/bin
LD_LIBRARY_PATH=/usr/lib/jvm/jdk1.7.0_51/jre/lib/amd64:/usr/lib/jvm/jdk1.7.0_51/jre/lib/i386:
SHELL=/bin/bash
DISPLAY=:0

Signal Handlers:
SIGSEGV: [libjvm.so+0x993870], sa_mask[0]=0x7ffbfeff, sa_flags=0x10000004
SIGBUS: [libjvm.so+0x993870], sa_mask[0]=0x7ffbfeff, sa_flags=0x10000004
SIGFPE: [libjvm.so+0x8105b0], sa_mask[0]=0x7ffbfeff, sa_flags=0x10000004
SIGPIPE: [libjvm.so+0x8105b0], sa_mask[0]=0x7ffbfeff, sa_flags=0x10000004
SIGXFSZ: [libjvm.so+0x8105b0], sa_mask[0]=0x7ffbfeff, sa_flags=0x10000004
SIGILL: [libjvm.so+0x8105b0], sa_mask[0]=0x7ffbfeff, sa_flags=0x10000004
SIGUSR1: SIG_DFL, sa_mask[0]=0x00000000, sa_flags=0x00000000
SIGUSR2: [libjvm.so+0x811aa0], sa_mask[0]=0x00000004, sa_flags=0x10000004
SIGHUP: [libjvm.so+0x812a10], sa_mask[0]=0x7ffbfeff, sa_flags=0x10000004
SIGINT: SIG_IGN, sa_mask[0]=0x00000000, sa_flags=0x00000000
SIGTERM: [libjvm.so+0x812a10], sa_mask[0]=0x7ffbfeff, sa_flags=0x10000004
SIGQUIT: [libjvm.so+0x812a10], sa_mask[0]=0x7ffbfeff, sa_flags=0x10000004


---------------  S Y S T E M  ---------------

OS:stretch/sid

uname:Linux 4.4.0-22-generic #40-Ubuntu SMP Thu May 12 22:03:46 UTC 2016 x86_64
libc:glibc 2.23 NPTL 2.23 
rlimit: STACK 8192k, CORE 0k, NPROC 15146, NOFILE 65536, AS infinity
load average:0.22 0.23 0.29

/proc/meminfo:
MemTotal:        3916240 kB
MemFree:           86200 kB
MemAvailable:    1233876 kB
Buffers:          158804 kB
Cached:          1040624 kB
SwapCached:         1832 kB
Active:          2437000 kB
Inactive:        1030060 kB
Active(anon):    1845748 kB
Inactive(anon):   691388 kB
Active(file):     591252 kB
Inactive(file):   338672 kB
Unevictable:          48 kB
Mlocked:              48 kB
SwapTotal:       7812088 kB
SwapFree:        7778216 kB
Dirty:               508 kB
Writeback:             0 kB
AnonPages:       2266024 kB
Mapped:           334852 kB
Shmem:            269504 kB
Slab:             281748 kB
SReclaimable:     246984 kB
SUnreclaim:        34764 kB
KernelStack:       10720 kB
PageTables:        34696 kB
NFS_Unstable:          0 kB
Bounce:                0 kB
WritebackTmp:          0 kB
CommitLimit:     9770208 kB
Committed_AS:    6847792 kB
VmallocTotal:   34359738367 kB
VmallocUsed:           0 kB
VmallocChunk:          0 kB
HardwareCorrupted:     0 kB
AnonHugePages:   1294336 kB
CmaTotal:              0 kB
CmaFree:               0 kB
HugePages_Total:       0
HugePages_Free:        0
HugePages_Rsvd:        0
HugePages_Surp:        0
Hugepagesize:       2048 kB
DirectMap4k:      123676 kB
DirectMap2M:     3940352 kB
DirectMap1G:           0 kB


CPU:total 4 (2 cores per cpu, 2 threads per core) family 6 model 60 stepping 3, cmov, cx8, fxsr, mmx, sse, sse2, sse3, ssse3, sse4.1, sse4.2, popcnt, avx, avx2, aes, erms, ht, tsc, tscinvbit

/proc/cpuinfo:
processor	: 0
vendor_id	: GenuineIntel
cpu family	: 6
model		: 60
model name	: Intel(R) Core(TM) i3-4170 CPU @ 3.70GHz
stepping	: 3
microcode	: 0x1e
cpu MHz		: 3700.000
cache size	: 3072 KB
physical id	: 0
siblings	: 4
core id		: 0
cpu cores	: 2
apicid		: 0
initial apicid	: 0
fpu		: yes
fpu_exception	: yes
cpuid level	: 13
wp		: yes
flags		: fpu vme de pse tsc msr pae mce cx8 apic sep mtrr pge mca cmov pat pse36 clflush dts acpi mmx fxsr sse sse2 ss ht tm pbe syscall nx pdpe1gb rdtscp lm constant_tsc arch_perfmon pebs bts rep_good nopl xtopology nonstop_tsc aperfmperf eagerfpu pni pclmulqdq dtes64 monitor ds_cpl vmx est tm2 ssse3 sdbg fma cx16 xtpr pdcm pcid sse4_1 sse4_2 movbe popcnt tsc_deadline_timer aes xsave avx f16c rdrand lahf_lm abm epb tpr_shadow vnmi flexpriority ept vpid fsgsbase tsc_adjust bmi1 avx2 smep bmi2 erms invpcid xsaveopt dtherm arat pln pts
bugs		:
bogomips	: 7382.73
clflush size	: 64
cache_alignment	: 64
address sizes	: 39 bits physical, 48 bits virtual
power management:

processor	: 1
vendor_id	: GenuineIntel
cpu family	: 6
model		: 60
model name	: Intel(R) Core(TM) i3-4170 CPU @ 3.70GHz
stepping	: 3
microcode	: 0x1e
cpu MHz		: 3700.144
cache size	: 3072 KB
physical id	: 0
siblings	: 4
core id		: 1
cpu cores	: 2
apicid		: 2
initial apicid	: 2
fpu		: yes
fpu_exception	: yes
cpuid level	: 13
wp		: yes
flags		: fpu vme de pse tsc msr pae mce cx8 apic sep mtrr pge mca cmov pat pse36 clflush dts acpi mmx fxsr sse sse2 ss ht tm pbe syscall nx pdpe1gb rdtscp lm constant_tsc arch_perfmon pebs bts rep_good nopl xtopology nonstop_tsc aperfmperf eagerfpu pni pclmulqdq dtes64 monitor ds_cpl vmx est tm2 ssse3 sdbg fma cx16 xtpr pdcm pcid sse4_1 sse4_2 movbe popcnt tsc_deadline_timer aes xsave avx f16c rdrand lahf_lm abm epb tpr_shadow vnmi flexpriority ept vpid fsgsbase tsc_adjust bmi1 avx2 smep bmi2 erms invpcid xsaveopt dtherm arat pln pts
bugs		:
bogomips	: 7382.73
clflush size	: 64
cache_alignment	: 64
address sizes	: 39 bits physical, 48 bits virtual
power management:

processor	: 2
vendor_id	: GenuineIntel
cpu family	: 6
model		: 60
model name	: Intel(R) Core(TM) i3-4170 CPU @ 3.70GHz
stepping	: 3
microcode	: 0x1e
cpu MHz		: 3700.289
cache size	: 3072 KB
physical id	: 0
siblings	: 4
core id		: 0
cpu cores	: 2
apicid		: 1
initial apicid	: 1
fpu		: yes
fpu_exception	: yes
cpuid level	: 13
wp		: yes
flags		: fpu vme de pse tsc msr pae mce cx8 apic sep mtrr pge mca cmov pat pse36 clflush dts acpi mmx fxsr sse sse2 ss ht tm pbe syscall nx pdpe1gb rdtscp lm constant_tsc arch_perfmon pebs bts rep_good nopl xtopology nonstop_tsc aperfmperf eagerfpu pni pclmulqdq dtes64 monitor ds_cpl vmx est tm2 ssse3 sdbg fma cx16 xtpr pdcm pcid sse4_1 sse4_2 movbe popcnt tsc_deadline_timer aes xsave avx f16c rdrand lahf_lm abm epb tpr_shadow vnmi flexpriority ept vpid fsgsbase tsc_adjust bmi1 avx2 smep bmi2 erms invpcid xsaveopt dtherm arat pln pts
bugs		:
bogomips	: 7382.73
clflush size	: 64
cache_alignment	: 64
address sizes	: 39 bits physical, 48 bits virtual
power management:

processor	: 3
vendor_id	: GenuineIntel
cpu family	: 6
model		: 60
model name	: Intel(R) Core(TM) i3-4170 CPU @ 3.70GHz
stepping	: 3
microcode	: 0x1e
cpu MHz		: 3700.000
cache size	: 3072 KB
physical id	: 0
siblings	: 4
core id		: 1
cpu cores	: 2
apicid		: 3
initial apicid	: 3
fpu		: yes
fpu_exception	: yes
cpuid level	: 13
wp		: yes
flags		: fpu vme de pse tsc msr pae mce cx8 apic sep mtrr pge mca cmov pat pse36 clflush dts acpi mmx fxsr sse sse2 ss ht tm pbe syscall nx pdpe1gb rdtscp lm constant_tsc arch_perfmon pebs bts rep_good nopl xtopology nonstop_tsc aperfmperf eagerfpu pni pclmulqdq dtes64 monitor ds_cpl vmx est tm2 ssse3 sdbg fma cx16 xtpr pdcm pcid sse4_1 sse4_2 movbe popcnt tsc_deadline_timer aes xsave avx f16c rdrand lahf_lm abm epb tpr_shadow vnmi flexpriority ept vpid fsgsbase tsc_adjust bmi1 avx2 smep bmi2 erms invpcid xsaveopt dtherm arat pln pts
bugs		:
bogomips	: 7382.73
clflush size	: 64
cache_alignment	: 64
address sizes	: 39 bits physical, 48 bits virtual
power management:



Memory: 4k page, physical 3916240k(86200k free), swap 7812088k(7778216k free)

vm_info: Java HotSpot(TM) 64-Bit Server VM (24.51-b03) for linux-amd64 JRE (1.7.0_51-b13), built on Dec 18 2013 18:48:01 by "java_re" with gcc 4.3.0 20080428 (Red Hat 4.3.0-8)

time: Sun Jul 31 17:45:10 2016
elapsed time: 1 seconds

