#
# A fatal error has been detected by the Java Runtime Environment:
#
#  SIGSEGV (0xb) at pc=0x00007fcac91b7462, pid=8898, tid=140508944385792
#
# JRE version: Java(TM) SE Runtime Environment (7.0_51-b13) (build 1.7.0_51-b13)
# Java VM: Java HotSpot(TM) 64-Bit Server VM (24.51-b03 mixed mode linux-amd64 compressed oops)
# Problematic frame:
# C  [librxtxSerial.so+0x6462]  read_byte_array+0x52
#
# Failed to write core dump. Core dumps have been disabled. To enable core dumping, try "ulimit -c unlimited" before starting Java again
#
# If you would like to submit a bug report, please visit:
#   http://bugreport.sun.com/bugreport/crash.jsp
# The crash happened outside the Java Virtual Machine in native code.
# See problematic frame for where to report the bug.
#

---------------  T H R E A D  ---------------

Current thread (0x00007fcb10212000):  JavaThread "AWT-EventQueue-0" [_thread_in_native, id=8925, stack(0x00007fcac9a7c000,0x00007fcac9b7d000)]

siginfo:si_signo=SIGSEGV: si_errno=0, si_code=1 (SEGV_MAPERR), si_addr=0xffffffffc91af5f8

Registers:
RAX=0xffffffffc91af5f0, RBX=0x000000000000001d, RCX=0x0000000000000001, RDX=0x00007fcb1706da50
RSP=0x00007fcac9b79380, RBP=0x00007fcb102121e8, RSI=0x00007fcac91bae30, RDI=0x00007fcac91bad3e
R8 =0x00007fcac9b792f0, R9 =0x00000000ffffffff, R10=0x0000000000000049, R11=0x00007fcac91b7410
R12=0x00000000ffffffff, R13=0x0000000000000000, R14=0x00007fcac9b79548, R15=0x00007fcb10212000
RIP=0x00007fcac91b7462, EFLAGS=0x0000000000010206, CSGSFS=0x0000000000000033, ERR=0x0000000000000005
  TRAPNO=0x000000000000000e

Top of Stack: (sp=0x00007fcac9b79380)
0x00007fcac9b79380:   ff0000000000ff00 0000000000000000
0x00007fcac9b79390:   0000000000000000 0000000000000000
0x00007fcac9b793a0:   0000000000000027 ffffffffc91af5f0
0x00007fcac9b793b0:   0000000000000000 0000000000000000
0x00007fcac9b793c0:   0000000000000000 0000000100000000
0x00007fcac9b793d0:   00007fcac9b794c7 0000001d00000000
0x00007fcac9b793e0:   0000000000000000 0000000000000000
0x00007fcac9b793f0:   0000000000000000 0000000000000000
0x00007fcac9b79400:   00007fcb10212000 0000000000000000
0x00007fcac9b79410:   00007fcb10212000 0000000000000000
0x00007fcac9b79420:   0000001400000002 00007fcad4066488
0x00007fcac9b79430:   00007fcac9b79470 00007fcb1686d017
0x00007fcac9b79440:   ffffffffffffffff 00007fcac9b794c7
0x00007fcac9b79450:   000000000000001d 00007fcac9b794b8
0x00007fcac9b79460:   00007fcb102121e8 0000000000000001
0x00007fcac9b79470:   00000000ffffffff 000000000000001d
0x00007fcac9b79480:   00007fcb102121e8 0000000000000000
0x00007fcac9b79490:   00000000bfb2d988 00007fcac9b79548
0x00007fcac9b794a0:   00007fcb10212000 00007fcac91b799c
0x00007fcac9b794b0:   00000000bfb2d988 00007fcac9b79548
0x00007fcac9b794c0:   00007fcac9b79528 00000000bfb2d990
0x00007fcac9b794d0:   00007fcac9b79528 00007fcb0cdfdaf9
0x00007fcac9b794e0:   00007fcb10212000 00007fcac9b794e8
0x00007fcac9b794f0:   00000000bfb2d988 00007fcac9b79548
0x00007fcac9b79500:   00000000bfb418f8 0000000000000000
0x00007fcac9b79510:   00000000bfb2d990 0000000000000000
0x00007fcac9b79520:   00007fcac9b79548 00007fcac9b795a0
0x00007fcac9b79530:   00007fcb0cdeb254 0000000000000000
0x00007fcac9b79540:   00007fcb0cdf7f36 00000000ec922398
0x00007fcac9b79550:   0000000000000001 00000000ec922768
0x00007fcac9b79560:   00007fcac9b79550 00000000bfb4093d
0x00007fcac9b79570:   00007fcac9b795c8 00000000bfb444e8 

Instructions: (pc=0x00007fcac91b7462)
0x00007fcac91b7442:   89 44 24 4c 48 c7 44 24 40 00 00 00 00 48 c7 44
0x00007fcac91b7452:   24 38 00 00 00 00 e8 53 d7 ff ff 48 89 44 24 28
0x00007fcac91b7462:   8b 40 08 45 85 e4 48 8b 54 24 28 44 8b 7c 24 4c
0x00007fcac91b7472:   89 44 24 34 c7 42 08 00 00 00 00 78 0c 31 c0 e8 

Register to memory mapping:

RAX=0xffffffffc91af5f0 is an unknown value
RBX=0x000000000000001d is an unknown value
RCX=0x0000000000000001 is an unknown value
RDX=0x00007fcb1706da50: <offset 0xe37a50> in /usr/lib/jvm/jdk1.7.0_51/jre/lib/amd64/server/libjvm.so at 0x00007fcb16236000
RSP=0x00007fcac9b79380 is pointing into the stack for thread: 0x00007fcb10212000
RBP=0x00007fcb102121e8 is an unknown value
RSI=0x00007fcac91bae30: <offset 0x9e30> in /usr/lib/jvm/jdk1.7.0_51/jre/lib/amd64/librxtxSerial.so at 0x00007fcac91b1000
RDI=0x00007fcac91bad3e: <offset 0x9d3e> in /usr/lib/jvm/jdk1.7.0_51/jre/lib/amd64/librxtxSerial.so at 0x00007fcac91b1000
R8 =0x00007fcac9b792f0 is pointing into the stack for thread: 0x00007fcb10212000
R9 =0x00000000ffffffff is an unallocated location in the heap
R10=0x0000000000000049 is an unknown value
R11=0x00007fcac91b7410: read_byte_array+0 in /usr/lib/jvm/jdk1.7.0_51/jre/lib/amd64/librxtxSerial.so at 0x00007fcac91b1000
R12=0x00000000ffffffff is an unallocated location in the heap
R13=0x0000000000000000 is an unknown value
R14=0x00007fcac9b79548 is pointing into the stack for thread: 0x00007fcb10212000
R15=0x00007fcb10212000 is a thread


Stack: [0x00007fcac9a7c000,0x00007fcac9b7d000],  sp=0x00007fcac9b79380,  free space=1012k
Native frames: (J=compiled Java code, j=interpreted, Vv=VM code, C=native code)
C  [librxtxSerial.so+0x6462]  read_byte_array+0x52

Java frames: (J=compiled Java code, j=interpreted, Vv=VM code)
j  gnu.io.RXTXPort.readByte()I+0
j  gnu.io.RXTXPort$SerialInputStream.read()I+61
j  PPD_Frame.RecibirDatos()V+6
j  PPD_Frame.jButton2ActionPerformed(Ljava/awt/event/ActionEvent;)V+40
j  PPD_Frame.access$100(LPPD_Frame;Ljava/awt/event/ActionEvent;)V+2
j  PPD_Frame$2.actionPerformed(Ljava/awt/event/ActionEvent;)V+5
j  javax.swing.AbstractButton.fireActionPerformed(Ljava/awt/event/ActionEvent;)V+84
j  javax.swing.AbstractButton$Handler.actionPerformed(Ljava/awt/event/ActionEvent;)V+5
j  javax.swing.DefaultButtonModel.fireActionPerformed(Ljava/awt/event/ActionEvent;)V+35
j  javax.swing.DefaultButtonModel.setPressed(Z)V+117
j  javax.swing.plaf.basic.BasicButtonListener.mouseReleased(Ljava/awt/event/MouseEvent;)V+35
j  java.awt.Component.processMouseEvent(Ljava/awt/event/MouseEvent;)V+64
j  javax.swing.JComponent.processMouseEvent(Ljava/awt/event/MouseEvent;)V+23
j  java.awt.Component.processEvent(Ljava/awt/AWTEvent;)V+81
j  java.awt.Container.processEvent(Ljava/awt/AWTEvent;)V+18
j  java.awt.Component.dispatchEventImpl(Ljava/awt/AWTEvent;)V+581
j  java.awt.Container.dispatchEventImpl(Ljava/awt/AWTEvent;)V+42
j  java.awt.Component.dispatchEvent(Ljava/awt/AWTEvent;)V+2
j  java.awt.LightweightDispatcher.retargetMouseEvent(Ljava/awt/Component;ILjava/awt/event/MouseEvent;)V+327
j  java.awt.LightweightDispatcher.processMouseEvent(Ljava/awt/event/MouseEvent;)Z+139
j  java.awt.LightweightDispatcher.dispatchEvent(Ljava/awt/AWTEvent;)Z+50
j  java.awt.Container.dispatchEventImpl(Ljava/awt/AWTEvent;)V+12
j  java.awt.Window.dispatchEventImpl(Ljava/awt/AWTEvent;)V+19
j  java.awt.Component.dispatchEvent(Ljava/awt/AWTEvent;)V+2
j  java.awt.EventQueue.dispatchEventImpl(Ljava/awt/AWTEvent;Ljava/lang/Object;)V+41
j  java.awt.EventQueue.access$200(Ljava/awt/EventQueue;Ljava/awt/AWTEvent;Ljava/lang/Object;)V+3
j  java.awt.EventQueue$3.run()Ljava/lang/Void;+12
j  java.awt.EventQueue$3.run()Ljava/lang/Object;+1
v  ~StubRoutines::call_stub
j  java.security.AccessController.doPrivileged(Ljava/security/PrivilegedAction;Ljava/security/AccessControlContext;)Ljava/lang/Object;+0
j  java.security.ProtectionDomain$1.doIntersectionPrivilege(Ljava/security/PrivilegedAction;Ljava/security/AccessControlContext;Ljava/security/AccessControlContext;)Ljava/lang/Object;+28
j  java.security.ProtectionDomain$1.doIntersectionPrivilege(Ljava/security/PrivilegedAction;Ljava/security/AccessControlContext;)Ljava/lang/Object;+6
j  java.awt.EventQueue$4.run()Ljava/lang/Void;+11
j  java.awt.EventQueue$4.run()Ljava/lang/Object;+1
v  ~StubRoutines::call_stub
j  java.security.AccessController.doPrivileged(Ljava/security/PrivilegedAction;Ljava/security/AccessControlContext;)Ljava/lang/Object;+0
j  java.security.ProtectionDomain$1.doIntersectionPrivilege(Ljava/security/PrivilegedAction;Ljava/security/AccessControlContext;Ljava/security/AccessControlContext;)Ljava/lang/Object;+28
j  java.awt.EventQueue.dispatchEvent(Ljava/awt/AWTEvent;)V+73
j  java.awt.EventDispatchThread.pumpOneEventForFilters(I)V+245
j  java.awt.EventDispatchThread.pumpEventsForFilter(ILjava/awt/Conditional;Ljava/awt/EventFilter;)V+35
j  java.awt.EventDispatchThread.pumpEventsForHierarchy(ILjava/awt/Conditional;Ljava/awt/Component;)V+11
j  java.awt.EventDispatchThread.pumpEvents(ILjava/awt/Conditional;)V+4
j  java.awt.EventDispatchThread.pumpEvents(Ljava/awt/Conditional;)V+3
j  java.awt.EventDispatchThread.run()V+9
v  ~StubRoutines::call_stub

---------------  P R O C E S S  ---------------

Java Threads: ( => current thread )
  0x00007fcab40db000 JavaThread "Thread-0" [_thread_in_native, id=8929, stack(0x00007fcac90b0000,0x00007fcac91b1000)]
  0x00007fcab4003800 JavaThread "org.netbeans.modules.debugger.jpda.visual AWT Access Loop" daemon [_thread_blocked, id=8926, stack(0x00007fcac997b000,0x00007fcac9a7c000)]
  0x00007fcb1000d800 JavaThread "DestroyJavaVM" [_thread_blocked, id=8902, stack(0x00007fcb15e2c000,0x00007fcb15f2d000)]
=>0x00007fcb10212000 JavaThread "AWT-EventQueue-0" [_thread_in_native, id=8925, stack(0x00007fcac9a7c000,0x00007fcac9b7d000)]
  0x00007fcb10246800 JavaThread "AWT-Shutdown" [_thread_blocked, id=8924, stack(0x00007fcac9b7d000,0x00007fcac9c7e000)]
  0x00007fcb101bf000 JavaThread "AWT-XAWT" daemon [_thread_in_native, id=8923, stack(0x00007fcaca836000,0x00007fcaca937000)]
  0x00007fcb1019d800 JavaThread "Java2D Disposer" daemon [_thread_blocked, id=8922, stack(0x00007fcacad67000,0x00007fcacae68000)]
  0x00007fcb100a9000 JavaThread "Service Thread" daemon [_thread_blocked, id=8920, stack(0x00007fcafc665000,0x00007fcafc766000)]
  0x00007fcb100a6800 JavaThread "C2 CompilerThread1" daemon [_thread_blocked, id=8919, stack(0x00007fcafc766000,0x00007fcafc867000)]
  0x00007fcb100a3800 JavaThread "C2 CompilerThread0" daemon [_thread_blocked, id=8918, stack(0x00007fcafc867000,0x00007fcafc968000)]
  0x00007fcae8001000 JavaThread "JDWP Command Reader" daemon [_thread_in_native, id=8914, stack(0x00007fcafc968000,0x00007fcafca69000)]
  0x00007fcb100a1800 JavaThread "JDWP Event Helper Thread" daemon [_thread_blocked, id=8913, stack(0x00007fcafca69000,0x00007fcafcb6a000)]
  0x00007fcb1009e000 JavaThread "JDWP Transport Listener: dt_socket" daemon [_thread_blocked, id=8912, stack(0x00007fcafcb6a000,0x00007fcafcc6b000)]
  0x00007fcb10090800 JavaThread "Signal Dispatcher" daemon [_thread_blocked, id=8910, stack(0x00007fcafce6f000,0x00007fcafcf70000)]
  0x00007fcb10073000 JavaThread "Finalizer" daemon [_thread_blocked, id=8909, stack(0x00007fcafcf70000,0x00007fcafd071000)]
  0x00007fcb1006f000 JavaThread "Reference Handler" daemon [_thread_blocked, id=8908, stack(0x00007fcafd071000,0x00007fcafd172000)]

Other Threads:
  0x00007fcb1006c800 VMThread [stack: 0x00007fcafd172000,0x00007fcafd273000] [id=8907]
  0x00007fcb100b3800 WatcherThread [stack: 0x00007fcafc564000,0x00007fcafc665000] [id=8921]

VM state:not at safepoint (normal execution)

VM Mutex/Monitor currently owned by a thread: None

Heap
 PSYoungGen      total 17920K, used 10786K [0x00000000ec080000, 0x00000000ed480000, 0x0000000100000000)
  eden space 15360K, 70% used [0x00000000ec080000,0x00000000ecb089b0,0x00000000ecf80000)
  from space 2560K, 0% used [0x00000000ed200000,0x00000000ed200000,0x00000000ed480000)
  to   space 2560K, 0% used [0x00000000ecf80000,0x00000000ecf80000,0x00000000ed200000)
 ParOldGen       total 40448K, used 0K [0x00000000c4200000, 0x00000000c6980000, 0x00000000ec080000)
  object space 40448K, 0% used [0x00000000c4200000,0x00000000c4200000,0x00000000c6980000)
 PSPermGen       total 21504K, used 12339K [0x00000000bf000000, 0x00000000c0500000, 0x00000000c4200000)
  object space 21504K, 57% used [0x00000000bf000000,0x00000000bfc0cc90,0x00000000c0500000)

Card table byte_map: [0x00007fcb0cbdc000,0x00007fcb0cde5000] byte_map_base: 0x00007fcb0c5e4000

Polling page: 0x00007fcb17cbe000

Code Cache  [0x00007fcb0cde5000, 0x00007fcb0d055000, 0x00007fcb0fde5000)
 total_blobs=549 nmethods=74 adapters=436 free_code_cache=48419Kb largest_free_block=49559232

Compilation events (10 events):
Event: 8.397 Thread 0x00007fcb100a3800 nmethod 69 0x00007fcb0ce9be10 code [0x00007fcb0ce9bf60, 0x00007fcb0ce9c068]
Event: 8.401 Thread 0x00007fcb100a6800 nmethod 68 0x00007fcb0ce9d690 code [0x00007fcb0ce9d840, 0x00007fcb0ce9e238]
Event: 8.994 Thread 0x00007fcb100a3800   71             java.util.concurrent.locks.AbstractQueuedSynchronizer::compareAndSetState (13 bytes)
Event: 8.995 Thread 0x00007fcb100a3800 nmethod 71 0x00007fcb0ce9d0d0 code [0x00007fcb0ce9d200, 0x00007fcb0ce9d258]
Event: 9.196 Thread 0x00007fcb100a6800   72             java.util.concurrent.locks.AbstractQueuedSynchronizer::release (33 bytes)
Event: 9.198 Thread 0x00007fcb100a6800 nmethod 72 0x00007fcb0ce9cb90 code [0x00007fcb0ce9cce0, 0x00007fcb0ce9cf08]
Event: 9.433 Thread 0x00007fcb100a3800   73  s          sun.java2d.loops.GraphicsPrimitiveMgr::locatePrim (96 bytes)
Event: 9.452 Thread 0x00007fcb100a3800 nmethod 73 0x00007fcb0cea0190 code [0x00007fcb0cea0380, 0x00007fcb0cea1178]
Event: 9.530 Thread 0x00007fcb100a6800   74             java.util.concurrent.locks.ReentrantLock::unlock (10 bytes)
Event: 9.533 Thread 0x00007fcb100a6800 nmethod 74 0x00007fcb0ce9c190 code [0x00007fcb0ce9c2e0, 0x00007fcb0ce9c4c8]

GC Heap History (0 events):
No events

Deoptimization events (2 events):
Event: 0.742 Thread 0x00007fcb1000d800 Uncommon trap: reason=class_check action=maybe_recompile pc=0x00007fcb0ce610c0 method=java.util.Properties$LineReader.readLine()I @ 62
Event: 0.743 Thread 0x00007fcb1000d800 Uncommon trap: reason=class_check action=maybe_recompile pc=0x00007fcb0ce610c0 method=java.util.Properties$LineReader.readLine()I @ 62

Internal exceptions (10 events):
Event: 1.163 Thread 0x00007fcb10212000 Threw 0x00000000ec432788 at /HUDSON/workspace/7u-2-build-linux-amd64@2/jdk7u51/527/hotspot/src/share/vm/prims/jvm.cpp:1244
Event: 1.166 Thread 0x00007fcb10212000 Threw 0x00000000ec4362c8 at /HUDSON/workspace/7u-2-build-linux-amd64@2/jdk7u51/527/hotspot/src/share/vm/prims/jvm.cpp:1244
Event: 1.166 Thread 0x00007fcb10212000 Threw 0x00000000ec4379e0 at /HUDSON/workspace/7u-2-build-linux-amd64@2/jdk7u51/527/hotspot/src/share/vm/prims/jvm.cpp:1244
Event: 1.355 Thread 0x00007fcb10212000 Threw 0x00000000ec56d7b8 at /HUDSON/workspace/7u-2-build-linux-amd64@2/jdk7u51/527/hotspot/src/share/vm/prims/jvm.cpp:1244
Event: 1.356 Thread 0x00007fcb10212000 Threw 0x00000000ec56f388 at /HUDSON/workspace/7u-2-build-linux-amd64@2/jdk7u51/527/hotspot/src/share/vm/prims/jvm.cpp:1244
Event: 1.479 Thread 0x00007fcb10212000 Threw 0x00000000ec8cdd28 at /HUDSON/workspace/7u-2-build-linux-amd64@2/jdk7u51/527/hotspot/src/share/vm/prims/jni.cpp:717
Event: 1.497 Thread 0x00007fcb10212000 Threw 0x00000000ec8e1028 at /HUDSON/workspace/7u-2-build-linux-amd64@2/jdk7u51/527/hotspot/src/share/vm/prims/jni.cpp:717
Event: 1.500 Thread 0x00007fcb10212000 Threw 0x00000000ec8f29f0 at /HUDSON/workspace/7u-2-build-linux-amd64@2/jdk7u51/527/hotspot/src/share/vm/prims/jni.cpp:717
Event: 1.522 Thread 0x00007fcb10212000 Threw 0x00000000ec905878 at /HUDSON/workspace/7u-2-build-linux-amd64@2/jdk7u51/527/hotspot/src/share/vm/prims/jni.cpp:717
Event: 1.665 Thread 0x00007fcb10212000 Threw 0x00000000ec9c3cf8 at /HUDSON/workspace/7u-2-build-linux-amd64@2/jdk7u51/527/hotspot/src/share/vm/prims/jni.cpp:743

Events (10 events):
Event: 9.435 loading class 0x00007fcb100f0510
Event: 9.435 loading class 0x00007fcb100f0510 done
Event: 9.911 Executing VM operation: GetOrSetLocal
Event: 9.911 Executing VM operation: GetOrSetLocal done
Event: 9.913 Executing VM operation: GetOrSetLocal
Event: 9.913 Executing VM operation: GetOrSetLocal done
Event: 16.453 Executing VM operation: GetOrSetLocal
Event: 16.453 Executing VM operation: GetOrSetLocal done
Event: 16.453 Executing VM operation: GetOrSetLocal
Event: 16.453 Executing VM operation: GetOrSetLocal done


Dynamic libraries:
00400000-00401000 r-xp 00000000 08:07 937188                             /usr/lib/jvm/jdk1.7.0_51/bin/java
00600000-00601000 rw-p 00000000 08:07 937188                             /usr/lib/jvm/jdk1.7.0_51/bin/java
01d90000-01db1000 rw-p 00000000 00:00 0                                  [heap]
bf000000-c0500000 rw-p 00000000 00:00 0 
c0500000-c4200000 rw-p 00000000 00:00 0 
c4200000-c6980000 rw-p 00000000 00:00 0 
c6980000-ec080000 rw-p 00000000 00:00 0 
ec080000-ed480000 rw-p 00000000 00:00 0 
ed480000-100000000 rw-p 00000000 00:00 0 
7fcaa4000000-7fcaa4021000 rw-p 00000000 00:00 0 
7fcaa4021000-7fcaa8000000 ---p 00000000 00:00 0 
7fcaac000000-7fcaac04c000 rw-p 00000000 00:00 0 
7fcaac04c000-7fcab0000000 ---p 00000000 00:00 0 
7fcab0000000-7fcab0021000 rw-p 00000000 00:00 0 
7fcab0021000-7fcab4000000 ---p 00000000 00:00 0 
7fcab4000000-7fcab4101000 rw-p 00000000 00:00 0 
7fcab4101000-7fcab8000000 ---p 00000000 00:00 0 
7fcab8000000-7fcab8021000 rw-p 00000000 00:00 0 
7fcab8021000-7fcabc000000 ---p 00000000 00:00 0 
7fcabc000000-7fcabc021000 rw-p 00000000 00:00 0 
7fcabc021000-7fcac0000000 ---p 00000000 00:00 0 
7fcac0000000-7fcac0021000 rw-p 00000000 00:00 0 
7fcac0021000-7fcac4000000 ---p 00000000 00:00 0 
7fcac4000000-7fcac4021000 rw-p 00000000 00:00 0 
7fcac4021000-7fcac8000000 ---p 00000000 00:00 0 
7fcac8c93000-7fcac8cbd000 r-xp 00000000 08:07 1836084                    /usr/lib/jvm/jdk1.7.0_51/jre/lib/amd64/libdcpr.so
7fcac8cbd000-7fcac8ebd000 ---p 0002a000 08:07 1836084                    /usr/lib/jvm/jdk1.7.0_51/jre/lib/amd64/libdcpr.so
7fcac8ebd000-7fcac8ec0000 rw-p 0002a000 08:07 1836084                    /usr/lib/jvm/jdk1.7.0_51/jre/lib/amd64/libdcpr.so
7fcac8ec0000-7fcac90b0000 rw-s 00000000 00:05 57573429                   /SYSV00000000 (deleted)
7fcac90b0000-7fcac90b3000 ---p 00000000 00:00 0 
7fcac90b3000-7fcac91b1000 rw-p 00000000 00:00 0 
7fcac91b1000-7fcac91bd000 r-xp 00000000 08:07 1835128                    /usr/lib/jvm/jdk1.7.0_51/jre/lib/amd64/librxtxSerial.so
7fcac91bd000-7fcac92bc000 ---p 0000c000 08:07 1835128                    /usr/lib/jvm/jdk1.7.0_51/jre/lib/amd64/librxtxSerial.so
7fcac92bc000-7fcac92be000 rw-p 0000b000 08:07 1835128                    /usr/lib/jvm/jdk1.7.0_51/jre/lib/amd64/librxtxSerial.so
7fcac92be000-7fcac92c9000 r--s 00000000 08:07 2890696                    /var/cache/fontconfig/945677eb7aeaf62f1d50efc3fb3ec7d8-le64.cache-6
7fcac92c9000-7fcac92cf000 r--s 00000000 08:07 2890678                    /var/cache/fontconfig/2cd17615ca594fa2959ae173292e504c-le64.cache-6
7fcac92cf000-7fcac92d0000 r--s 00000000 08:07 2890675                    /var/cache/fontconfig/0d8c3b2ac0904cb8a57a757ad11a4a08-le64.cache-6
7fcac92d0000-7fcac92d4000 r--s 00000000 08:07 2885053                    /var/cache/fontconfig/de156ccd2eddbdc19d37a45b8b2aac9c-le64.cache-6
7fcac930c000-7fcac9321000 r--s 00000000 08:07 2890672                    /var/cache/fontconfig/04aabc0a78ac019cf9454389977116d2-le64.cache-6
7fcac9321000-7fcac9325000 r--s 00000000 08:07 2890682                    /var/cache/fontconfig/385c0604a188198f04d133e54aba7fe7-le64.cache-6
7fcac9325000-7fcac9328000 r--s 00000000 08:07 2890692                    /var/cache/fontconfig/767a8244fc0220cfb567a839d0392e0b-le64.cache-6
7fcac9328000-7fcac932d000 r--s 00000000 08:07 2890695                    /var/cache/fontconfig/8801497958630a81b71ace7c5f9b32a8-le64.cache-6
7fcac932d000-7fcac9334000 r--s 00000000 08:07 2890679                    /var/cache/fontconfig/3047814df9a2f067bd2d96a2b9c36e5a-le64.cache-6
7fcac9334000-7fcac933a000 r--s 00000000 08:07 2890700                    /var/cache/fontconfig/b47c4e1ecd0709278f4910c18777a504-le64.cache-6
7fcac9380000-7fcac9399000 r--s 00000000 08:07 527849                     /usr/share/fonts/type1/gsfonts/n022004l.pfb
7fcac9399000-7fcac93b2000 r--s 00000000 08:07 527834                     /usr/share/fonts/type1/gsfonts/n021003l.pfb
7fcac93b2000-7fcac93c8000 r--s 00000000 08:07 527843                     /usr/share/fonts/type1/gsfonts/n021024l.pfb
7fcac93c8000-7fcac93de000 r--s 00000000 08:07 527852                     /usr/share/fonts/type1/gsfonts/n022023l.pfb
7fcac93de000-7fcac93f5000 r--s 00000000 08:07 527840                     /usr/share/fonts/type1/gsfonts/n021023l.pfb
7fcac93f5000-7fcac9406000 r--s 00000000 08:07 527816                     /usr/share/fonts/type1/gsfonts/n019023l.pfb
7fcac9406000-7fcac941a000 r--s 00000000 08:07 527810                     /usr/share/fonts/type1/gsfonts/n019003l.pfb
7fcac941a000-7fcac9423000 r--s 00000000 08:07 527870                     /usr/share/fonts/type1/gsfonts/s050000l.pfb
7fcac94fa000-7fcac94fd000 ---p 00000000 00:00 0 
7fcac94fd000-7fcac95fb000 rw-p 00000000 00:00 0 
7fcac95fb000-7fcac95fe000 ---p 00000000 00:00 0 
7fcac95fe000-7fcac96fc000 rw-p 00000000 00:00 0 
7fcac96fc000-7fcac9764000 r-xp 00000000 08:07 1836082                    /usr/lib/jvm/jdk1.7.0_51/jre/lib/amd64/libt2k.so
7fcac9764000-7fcac9964000 ---p 00068000 08:07 1836082                    /usr/lib/jvm/jdk1.7.0_51/jre/lib/amd64/libt2k.so
7fcac9964000-7fcac996b000 rw-p 00068000 08:07 1836082                    /usr/lib/jvm/jdk1.7.0_51/jre/lib/amd64/libt2k.so
7fcac996b000-7fcac997b000 rw-p 00000000 00:00 0 
7fcac997b000-7fcac997e000 ---p 00000000 00:00 0 
7fcac997e000-7fcac9a7c000 rw-p 00000000 00:00 0 
7fcac9a7c000-7fcac9a7f000 ---p 00000000 00:00 0 
7fcac9a7f000-7fcac9b7d000 rw-p 00000000 00:00 0 
7fcac9b7d000-7fcac9b80000 ---p 00000000 00:00 0 
7fcac9b80000-7fcac9c7e000 rw-p 00000000 00:00 0 
7fcac9c7e000-7fcac9c8e000 r-xp 00000000 08:07 1836051                    /usr/lib/jvm/jdk1.7.0_51/jre/lib/amd64/libnio.so
7fcac9c8e000-7fcac9e8e000 ---p 00010000 08:07 1836051                    /usr/lib/jvm/jdk1.7.0_51/jre/lib/amd64/libnio.so
7fcac9e8e000-7fcac9e8f000 rw-p 00010000 08:07 1836051                    /usr/lib/jvm/jdk1.7.0_51/jre/lib/amd64/libnio.so
7fcac9e8f000-7fcaca190000 rw-p 00000000 00:00 0 
7fcaca190000-7fcaca1a6000 r-xp 00000000 08:07 1836056                    /usr/lib/jvm/jdk1.7.0_51/jre/lib/amd64/libnet.so
7fcaca1a6000-7fcaca3a6000 ---p 00016000 08:07 1836056                    /usr/lib/jvm/jdk1.7.0_51/jre/lib/amd64/libnet.so
7fcaca3a6000-7fcaca3a7000 rw-p 00016000 08:07 1836056                    /usr/lib/jvm/jdk1.7.0_51/jre/lib/amd64/libnet.so
7fcaca3a7000-7fcaca3bd000 r-xp 00000000 08:07 2364498                    /lib/x86_64-linux-gnu/libgcc_s.so.1
7fcaca3bd000-7fcaca5bc000 ---p 00016000 08:07 2364498                    /lib/x86_64-linux-gnu/libgcc_s.so.1
7fcaca5bc000-7fcaca5bd000 rw-p 00015000 08:07 2364498                    /lib/x86_64-linux-gnu/libgcc_s.so.1
7fcaca5bd000-7fcaca622000 r-xp 00000000 08:07 1836052                    /usr/lib/jvm/jdk1.7.0_51/jre/lib/amd64/libfontmanager.so
7fcaca622000-7fcaca821000 ---p 00065000 08:07 1836052                    /usr/lib/jvm/jdk1.7.0_51/jre/lib/amd64/libfontmanager.so
7fcaca821000-7fcaca825000 rw-p 00064000 08:07 1836052                    /usr/lib/jvm/jdk1.7.0_51/jre/lib/amd64/libfontmanager.so
7fcaca825000-7fcaca836000 rw-p 00000000 00:00 0 
7fcaca836000-7fcaca839000 ---p 00000000 00:00 0 
7fcaca839000-7fcaca937000 rw-p 00000000 00:00 0 
7fcaca937000-7fcaca93c000 r-xp 00000000 08:07 2762080                    /usr/lib/x86_64-linux-gnu/libXfixes.so.3.1.0
7fcaca93c000-7fcacab3b000 ---p 00005000 08:07 2762080                    /usr/lib/x86_64-linux-gnu/libXfixes.so.3.1.0
7fcacab3b000-7fcacab3c000 r--p 00004000 08:07 2762080                    /usr/lib/x86_64-linux-gnu/libXfixes.so.3.1.0
7fcacab3c000-7fcacab3d000 rw-p 00005000 08:07 2762080                    /usr/lib/x86_64-linux-gnu/libXfixes.so.3.1.0
7fcacab3d000-7fcacab46000 r-xp 00000000 08:07 2762072                    /usr/lib/x86_64-linux-gnu/libXcursor.so.1.0.2
7fcacab46000-7fcacad45000 ---p 00009000 08:07 2762072                    /usr/lib/x86_64-linux-gnu/libXcursor.so.1.0.2
7fcacad45000-7fcacad46000 r--p 00008000 08:07 2762072                    /usr/lib/x86_64-linux-gnu/libXcursor.so.1.0.2
7fcacad46000-7fcacad47000 rw-p 00009000 08:07 2762072                    /usr/lib/x86_64-linux-gnu/libXcursor.so.1.0.2
7fcacad47000-7fcacad48000 r--s 00000000 08:07 2890677                    /var/cache/fontconfig/1ac9eb803944fde146138c791f5cc56a-le64.cache-6
7fcacad48000-7fcacad49000 r--s 00000000 08:07 2890709                    /var/cache/fontconfig/dc05db6664285cc2f12bf69c139ae4c3-le64.cache-6
7fcacad49000-7fcacad5c000 r--s 00000000 08:07 2890706                    /var/cache/fontconfig/d52a8644073d54c13679302ca1180695-le64.cache-6
7fcacad5c000-7fcacad67000 r--s 00000000 08:07 2887795                    /var/cache/fontconfig/d589a48862398ed80a3d6066f4f56f4c-le64.cache-6
7fcacad67000-7fcacad6a000 ---p 00000000 00:00 0 
7fcacad6a000-7fcacae68000 rw-p 00000000 00:00 0 
7fcacae68000-7fcacae6d000 r-xp 00000000 08:07 2762076                    /usr/lib/x86_64-linux-gnu/libXdmcp.so.6.0.0
7fcacae6d000-7fcacb06c000 ---p 00005000 08:07 2762076                    /usr/lib/x86_64-linux-gnu/libXdmcp.so.6.0.0
7fcacb06c000-7fcacb06d000 r--p 00004000 08:07 2762076                    /usr/lib/x86_64-linux-gnu/libXdmcp.so.6.0.0
7fcacb06d000-7fcacb06e000 rw-p 00005000 08:07 2762076                    /usr/lib/x86_64-linux-gnu/libXdmcp.so.6.0.0
7fcacb06e000-7fcacb070000 r-xp 00000000 08:07 2762065                    /usr/lib/x86_64-linux-gnu/libXau.so.6.0.0
7fcacb070000-7fcacb270000 ---p 00002000 08:07 2762065                    /usr/lib/x86_64-linux-gnu/libXau.so.6.0.0
7fcacb270000-7fcacb271000 r--p 00002000 08:07 2762065                    /usr/lib/x86_64-linux-gnu/libXau.so.6.0.0
7fcacb271000-7fcacb272000 rw-p 00003000 08:07 2762065                    /usr/lib/x86_64-linux-gnu/libXau.so.6.0.0
7fcacb272000-7fcacb293000 r-xp 00000000 08:07 2763443                    /usr/lib/x86_64-linux-gnu/libxcb.so.1.1.0
7fcacb293000-7fcacb492000 ---p 00021000 08:07 2763443                    /usr/lib/x86_64-linux-gnu/libxcb.so.1.1.0
7fcacb492000-7fcacb493000 r--p 00020000 08:07 2763443                    /usr/lib/x86_64-linux-gnu/libxcb.so.1.1.0
7fcacb493000-7fcacb494000 rw-p 00021000 08:07 2763443                    /usr/lib/x86_64-linux-gnu/libxcb.so.1.1.0
7fcacb494000-7fcacb4a3000 r-xp 00000000 08:07 2762086                    /usr/lib/x86_64-linux-gnu/libXi.so.6.1.0
7fcacb4a3000-7fcacb6a2000 ---p 0000f000 08:07 2762086                    /usr/lib/x86_64-linux-gnu/libXi.so.6.1.0
7fcacb6a2000-7fcacb6a3000 r--p 0000e000 08:07 2762086                    /usr/lib/x86_64-linux-gnu/libXi.so.6.1.0
7fcacb6a3000-7fcacb6a4000 rw-p 0000f000 08:07 2762086                    /usr/lib/x86_64-linux-gnu/libXi.so.6.1.0
7fcacb6a4000-7fcacb6a9000 r-xp 00000000 08:07 2762104                    /usr/lib/x86_64-linux-gnu/libXtst.so.6.1.0
7fcacb6a9000-7fcacb8a8000 ---p 00005000 08:07 2762104                    /usr/lib/x86_64-linux-gnu/libXtst.so.6.1.0
7fcacb8a8000-7fcacb8a9000 r--p 00004000 08:07 2762104                    /usr/lib/x86_64-linux-gnu/libXtst.so.6.1.0
7fcacb8a9000-7fcacb8aa000 rw-p 00005000 08:07 2762104                    /usr/lib/x86_64-linux-gnu/libXtst.so.6.1.0
7fcacb8aa000-7fcacb8b3000 r-xp 00000000 08:07 2762098                    /usr/lib/x86_64-linux-gnu/libXrender.so.1.3.0
7fcacb8b3000-7fcacbab2000 ---p 00009000 08:07 2762098                    /usr/lib/x86_64-linux-gnu/libXrender.so.1.3.0
7fcacbab2000-7fcacbab3000 r--p 00008000 08:07 2762098                    /usr/lib/x86_64-linux-gnu/libXrender.so.1.3.0
7fcacbab3000-7fcacbab4000 rw-p 00009000 08:07 2762098                    /usr/lib/x86_64-linux-gnu/libXrender.so.1.3.0
7fcacbab4000-7fcacbbe9000 r-xp 00000000 08:07 2762061                    /usr/lib/x86_64-linux-gnu/libX11.so.6.3.0
7fcacbbe9000-7fcacbde9000 ---p 00135000 08:07 2762061                    /usr/lib/x86_64-linux-gnu/libX11.so.6.3.0
7fcacbde9000-7fcacbdea000 r--p 00135000 08:07 2762061                    /usr/lib/x86_64-linux-gnu/libX11.so.6.3.0
7fcacbdea000-7fcacbdee000 rw-p 00136000 08:07 2762061                    /usr/lib/x86_64-linux-gnu/libX11.so.6.3.0
7fcacbdee000-7fcacbdff000 r-xp 00000000 08:07 2762078                    /usr/lib/x86_64-linux-gnu/libXext.so.6.4.0
7fcacbdff000-7fcacbffe000 ---p 00011000 08:07 2762078                    /usr/lib/x86_64-linux-gnu/libXext.so.6.4.0
7fcacbffe000-7fcacbfff000 r--p 00010000 08:07 2762078                    /usr/lib/x86_64-linux-gnu/libXext.so.6.4.0
7fcacbfff000-7fcacc000000 rw-p 00011000 08:07 2762078                    /usr/lib/x86_64-linux-gnu/libXext.so.6.4.0
7fcacc000000-7fcacc021000 rw-p 00000000 00:00 0 
7fcacc021000-7fcad0000000 ---p 00000000 00:00 0 
7fcad0000000-7fcad0021000 rw-p 00000000 00:00 0 
7fcad0021000-7fcad4000000 ---p 00000000 00:00 0 
7fcad4000000-7fcad4434000 rw-p 00000000 00:00 0 
7fcad4434000-7fcad8000000 ---p 00000000 00:00 0 
7fcad8000000-7fcad8442000 rw-p 00000000 00:00 0 
7fcad8442000-7fcadc000000 ---p 00000000 00:00 0 
7fcadc000000-7fcadc02b000 rw-p 00000000 00:00 0 
7fcadc02b000-7fcae0000000 ---p 00000000 00:00 0 
7fcae0000000-7fcae0021000 rw-p 00000000 00:00 0 
7fcae0021000-7fcae4000000 ---p 00000000 00:00 0 
7fcae4000000-7fcae4021000 rw-p 00000000 00:00 0 
7fcae4021000-7fcae8000000 ---p 00000000 00:00 0 
7fcae8000000-7fcae803c000 rw-p 00000000 00:00 0 
7fcae803c000-7fcaec000000 ---p 00000000 00:00 0 
7fcaec000000-7fcaec021000 rw-p 00000000 00:00 0 
7fcaec021000-7fcaf0000000 ---p 00000000 00:00 0 
7fcaf0000000-7fcaf0021000 rw-p 00000000 00:00 0 
7fcaf0021000-7fcaf4000000 ---p 00000000 00:00 0 
7fcaf4000000-7fcaf4021000 rw-p 00000000 00:00 0 
7fcaf4021000-7fcaf8000000 ---p 00000000 00:00 0 
7fcaf8000000-7fcaf8021000 rw-p 00000000 00:00 0 
7fcaf8021000-7fcafc000000 ---p 00000000 00:00 0 
7fcafc000000-7fcafc001000 r--s 00000000 08:07 2883743                    /var/cache/fontconfig/4794a0821666d79190d59a36cb4f44b5-le64.cache-6
7fcafc001000-7fcafc002000 r--s 00000000 08:07 2890702                    /var/cache/fontconfig/bab58bb527bb656aaa9f116d68a48d89-le64.cache-6
7fcafc002000-7fcafc003000 r--s 00000000 08:07 2890686                    /var/cache/fontconfig/56cf4f4769d0f4abc89a4895d7bd3ae1-le64.cache-6
7fcafc003000-7fcafc006000 r--s 00000000 08:07 2890691                    /var/cache/fontconfig/75114ca45c98e8a441da0ff356701271-le64.cache-6
7fcafc006000-7fcafc018000 r--s 00000000 08:07 2886108                    /var/cache/fontconfig/9b89f8e3dae116d678bbf48e5f21f69b-le64.cache-6
7fcafc018000-7fcafc03d000 r--p 00000000 08:07 397003                     /usr/share/locale-langpack/es/LC_MESSAGES/libc.mo
7fcafc03d000-7fcafc08d000 r-xp 00000000 08:07 1836094                    /usr/lib/jvm/jdk1.7.0_51/jre/lib/amd64/xawt/libmawt.so
7fcafc08d000-7fcafc28d000 ---p 00050000 08:07 1836094                    /usr/lib/jvm/jdk1.7.0_51/jre/lib/amd64/xawt/libmawt.so
7fcafc28d000-7fcafc291000 rw-p 00050000 08:07 1836094                    /usr/lib/jvm/jdk1.7.0_51/jre/lib/amd64/xawt/libmawt.so
7fcafc291000-7fcafc292000 rw-p 00000000 00:00 0 
7fcafc292000-7fcafc334000 r-xp 00000000 08:07 1836064                    /usr/lib/jvm/jdk1.7.0_51/jre/lib/amd64/libawt.so
7fcafc334000-7fcafc534000 ---p 000a2000 08:07 1836064                    /usr/lib/jvm/jdk1.7.0_51/jre/lib/amd64/libawt.so
7fcafc534000-7fcafc540000 rw-p 000a2000 08:07 1836064                    /usr/lib/jvm/jdk1.7.0_51/jre/lib/amd64/libawt.so
7fcafc540000-7fcafc564000 rw-p 00000000 00:00 0 
7fcafc564000-7fcafc565000 ---p 00000000 00:00 0 
7fcafc565000-7fcafc665000 rw-p 00000000 00:00 0 
7fcafc665000-7fcafc668000 ---p 00000000 00:00 0 
7fcafc668000-7fcafc766000 rw-p 00000000 00:00 0 
7fcafc766000-7fcafc769000 ---p 00000000 00:00 0 
7fcafc769000-7fcafc867000 rw-p 00000000 00:00 0 
7fcafc867000-7fcafc86a000 ---p 00000000 00:00 0 
7fcafc86a000-7fcafc968000 rw-p 00000000 00:00 0 
7fcafc968000-7fcafc96b000 ---p 00000000 00:00 0 
7fcafc96b000-7fcafca69000 rw-p 00000000 00:00 0 
7fcafca69000-7fcafca6c000 ---p 00000000 00:00 0 
7fcafca6c000-7fcafcb6a000 rw-p 00000000 00:00 0 
7fcafcb6a000-7fcafcb6d000 ---p 00000000 00:00 0 
7fcafcb6d000-7fcafcc6b000 rw-p 00000000 00:00 0 
7fcafcc6b000-7fcafcc6f000 r-xp 00000000 08:07 1836071                    /usr/lib/jvm/jdk1.7.0_51/jre/lib/amd64/libdt_socket.so
7fcafcc6f000-7fcafce6e000 ---p 00004000 08:07 1836071                    /usr/lib/jvm/jdk1.7.0_51/jre/lib/amd64/libdt_socket.so
7fcafce6e000-7fcafce6f000 rw-p 00003000 08:07 1836071                    /usr/lib/jvm/jdk1.7.0_51/jre/lib/amd64/libdt_socket.so
7fcafce6f000-7fcafce72000 ---p 00000000 00:00 0 
7fcafce72000-7fcafcf70000 rw-p 00000000 00:00 0 
7fcafcf70000-7fcafcf73000 ---p 00000000 00:00 0 
7fcafcf73000-7fcafd071000 rw-p 00000000 00:00 0 
7fcafd071000-7fcafd074000 ---p 00000000 00:00 0 
7fcafd074000-7fcafd172000 rw-p 00000000 00:00 0 
7fcafd172000-7fcafd173000 ---p 00000000 00:00 0 
7fcafd173000-7fcb00000000 rw-p 00000000 00:00 0 
7fcb00000000-7fcb00021000 rw-p 00000000 00:00 0 
7fcb00021000-7fcb04000000 ---p 00000000 00:00 0 
7fcb04000000-7fcb04021000 rw-p 00000000 00:00 0 
7fcb04021000-7fcb08000000 ---p 00000000 00:00 0 
7fcb08000000-7fcb08021000 rw-p 00000000 00:00 0 
7fcb08021000-7fcb0c000000 ---p 00000000 00:00 0 
7fcb0c000000-7fcb0c001000 r--s 00000000 08:07 2890701                    /var/cache/fontconfig/b9d506c9ac06c20b433354fa67a72993-le64.cache-6
7fcb0c001000-7fcb0c002000 r--s 00000000 08:07 2890685                    /var/cache/fontconfig/551ecf3b0e8b0bca0f25c0944f561853-le64.cache-6
7fcb0c002000-7fcb0c2d3000 rw-p 00000000 00:00 0 
7fcb0c2d3000-7fcb0c490000 r--s 039bf000 08:07 1057153                    /usr/lib/jvm/jdk1.7.0_51/jre/lib/rt.jar
7fcb0c490000-7fcb0c698000 rw-p 00000000 00:00 0 
7fcb0c698000-7fcb0c699000 ---p 00000000 00:00 0 
7fcb0c699000-7fcb0c799000 rw-p 00000000 00:00 0 
7fcb0c799000-7fcb0c79a000 ---p 00000000 00:00 0 
7fcb0c79a000-7fcb0c89a000 rw-p 00000000 00:00 0 
7fcb0c89a000-7fcb0c89b000 ---p 00000000 00:00 0 
7fcb0c89b000-7fcb0c99b000 rw-p 00000000 00:00 0 
7fcb0c99b000-7fcb0c99c000 ---p 00000000 00:00 0 
7fcb0c99c000-7fcb0cab0000 rw-p 00000000 00:00 0 
7fcb0cab0000-7fcb0cbdc000 rw-p 00000000 00:00 0 
7fcb0cbdc000-7fcb0cbe7000 rw-p 00000000 00:00 0 
7fcb0cbe7000-7fcb0cc05000 rw-p 00000000 00:00 0 
7fcb0cc05000-7fcb0cc19000 rw-p 00000000 00:00 0 
7fcb0cc19000-7fcb0cd44000 rw-p 00000000 00:00 0 
7fcb0cd44000-7fcb0cd4f000 rw-p 00000000 00:00 0 
7fcb0cd4f000-7fcb0cde4000 rw-p 00000000 00:00 0 
7fcb0cde4000-7fcb0cde5000 rw-p 00000000 00:00 0 
7fcb0cde5000-7fcb0d055000 rwxp 00000000 00:00 0 
7fcb0d055000-7fcb0fde5000 rw-p 00000000 00:00 0 
7fcb0fde5000-7fcb0fdff000 r-xp 00000000 08:07 1836101                    /usr/lib/jvm/jdk1.7.0_51/jre/lib/amd64/libzip.so
7fcb0fdff000-7fcb0ffff000 ---p 0001a000 08:07 1836101                    /usr/lib/jvm/jdk1.7.0_51/jre/lib/amd64/libzip.so
7fcb0ffff000-7fcb10000000 rw-p 0001a000 08:07 1836101                    /usr/lib/jvm/jdk1.7.0_51/jre/lib/amd64/libzip.so
7fcb10000000-7fcb10275000 rw-p 00000000 00:00 0 
7fcb10275000-7fcb14000000 ---p 00000000 00:00 0 
7fcb14000000-7fcb1400b000 r--s 00000000 08:07 2890694                    /var/cache/fontconfig/83bf95040141907cd45bb53cf7c1c148-le64.cache-6
7fcb1400b000-7fcb1400e000 r--s 00000000 08:07 2890710                    /var/cache/fontconfig/e13b20fdb08344e0e664864cc2ede53d-le64.cache-6
7fcb1400e000-7fcb14012000 r--s 00000000 08:07 2883629                    /var/cache/fontconfig/7ef2298fde41cc6eeb7af42e48b7d293-le64.cache-6
7fcb14012000-7fcb1401d000 r--s 0037c000 08:07 1057110                    /usr/lib/jvm/jdk1.7.0_51/jre/lib/charsets.jar
7fcb1401d000-7fcb140f8000 rw-p 00000000 00:00 0 
7fcb140f8000-7fcb141ae000 rw-p 00000000 00:00 0 
7fcb141ae000-7fcb141b9000 r-xp 00000000 08:07 2364559                    /lib/x86_64-linux-gnu/libnss_files-2.23.so
7fcb141b9000-7fcb143b8000 ---p 0000b000 08:07 2364559                    /lib/x86_64-linux-gnu/libnss_files-2.23.so
7fcb143b8000-7fcb143b9000 r--p 0000a000 08:07 2364559                    /lib/x86_64-linux-gnu/libnss_files-2.23.so
7fcb143b9000-7fcb143ba000 rw-p 0000b000 08:07 2364559                    /lib/x86_64-linux-gnu/libnss_files-2.23.so
7fcb143ba000-7fcb143c0000 rw-p 00000000 00:00 0 
7fcb143c0000-7fcb143cb000 r-xp 00000000 08:07 2364569                    /lib/x86_64-linux-gnu/libnss_nis-2.23.so
7fcb143cb000-7fcb145ca000 ---p 0000b000 08:07 2364569                    /lib/x86_64-linux-gnu/libnss_nis-2.23.so
7fcb145ca000-7fcb145cb000 r--p 0000a000 08:07 2364569                    /lib/x86_64-linux-gnu/libnss_nis-2.23.so
7fcb145cb000-7fcb145cc000 rw-p 0000b000 08:07 2364569                    /lib/x86_64-linux-gnu/libnss_nis-2.23.so
7fcb145cc000-7fcb145e2000 r-xp 00000000 08:07 2364553                    /lib/x86_64-linux-gnu/libnsl-2.23.so
7fcb145e2000-7fcb147e1000 ---p 00016000 08:07 2364553                    /lib/x86_64-linux-gnu/libnsl-2.23.so
7fcb147e1000-7fcb147e2000 r--p 00015000 08:07 2364553                    /lib/x86_64-linux-gnu/libnsl-2.23.so
7fcb147e2000-7fcb147e3000 rw-p 00016000 08:07 2364553                    /lib/x86_64-linux-gnu/libnsl-2.23.so
7fcb147e3000-7fcb147e5000 rw-p 00000000 00:00 0 
7fcb147e5000-7fcb147ed000 r-xp 00000000 08:07 2364555                    /lib/x86_64-linux-gnu/libnss_compat-2.23.so
7fcb147ed000-7fcb149ec000 ---p 00008000 08:07 2364555                    /lib/x86_64-linux-gnu/libnss_compat-2.23.so
7fcb149ec000-7fcb149ed000 r--p 00007000 08:07 2364555                    /lib/x86_64-linux-gnu/libnss_compat-2.23.so
7fcb149ed000-7fcb149ee000 rw-p 00008000 08:07 2364555                    /lib/x86_64-linux-gnu/libnss_compat-2.23.so
7fcb149ee000-7fcb153ad000 r--p 00000000 08:07 2760681                    /usr/lib/locale/locale-archive
7fcb153ad000-7fcb153b0000 r-xp 00000000 08:07 1836062                    /usr/lib/jvm/jdk1.7.0_51/jre/lib/amd64/libnpt.so
7fcb153b0000-7fcb155af000 ---p 00003000 08:07 1836062                    /usr/lib/jvm/jdk1.7.0_51/jre/lib/amd64/libnpt.so
7fcb155af000-7fcb155b0000 rw-p 00002000 08:07 1836062                    /usr/lib/jvm/jdk1.7.0_51/jre/lib/amd64/libnpt.so
7fcb155b0000-7fcb155e9000 r-xp 00000000 08:07 1836106                    /usr/lib/jvm/jdk1.7.0_51/jre/lib/amd64/libjdwp.so
7fcb155e9000-7fcb157e9000 ---p 00039000 08:07 1836106                    /usr/lib/jvm/jdk1.7.0_51/jre/lib/amd64/libjdwp.so
7fcb157e9000-7fcb157ea000 rw-p 00039000 08:07 1836106                    /usr/lib/jvm/jdk1.7.0_51/jre/lib/amd64/libjdwp.so
7fcb157ea000-7fcb157eb000 rw-p 00000000 00:00 0 
7fcb157eb000-7fcb15814000 r-xp 00000000 08:07 1836085                    /usr/lib/jvm/jdk1.7.0_51/jre/lib/amd64/libjava.so
7fcb15814000-7fcb15a14000 ---p 00029000 08:07 1836085                    /usr/lib/jvm/jdk1.7.0_51/jre/lib/amd64/libjava.so
7fcb15a14000-7fcb15a16000 rw-p 00029000 08:07 1836085                    /usr/lib/jvm/jdk1.7.0_51/jre/lib/amd64/libjava.so
7fcb15a16000-7fcb15a23000 r-xp 00000000 08:07 1836083                    /usr/lib/jvm/jdk1.7.0_51/jre/lib/amd64/libverify.so
7fcb15a23000-7fcb15c22000 ---p 0000d000 08:07 1836083                    /usr/lib/jvm/jdk1.7.0_51/jre/lib/amd64/libverify.so
7fcb15c22000-7fcb15c24000 rw-p 0000c000 08:07 1836083                    /usr/lib/jvm/jdk1.7.0_51/jre/lib/amd64/libverify.so
7fcb15c24000-7fcb15c2b000 r-xp 00000000 08:07 2364614                    /lib/x86_64-linux-gnu/librt-2.23.so
7fcb15c2b000-7fcb15e2a000 ---p 00007000 08:07 2364614                    /lib/x86_64-linux-gnu/librt-2.23.so
7fcb15e2a000-7fcb15e2b000 r--p 00006000 08:07 2364614                    /lib/x86_64-linux-gnu/librt-2.23.so
7fcb15e2b000-7fcb15e2c000 rw-p 00007000 08:07 2364614                    /lib/x86_64-linux-gnu/librt-2.23.so
7fcb15e2c000-7fcb15e2f000 ---p 00000000 00:00 0 
7fcb15e2f000-7fcb15f2d000 rw-p 00000000 00:00 0 
7fcb15f2d000-7fcb16035000 r-xp 00000000 08:07 2364530                    /lib/x86_64-linux-gnu/libm-2.23.so
7fcb16035000-7fcb16234000 ---p 00108000 08:07 2364530                    /lib/x86_64-linux-gnu/libm-2.23.so
7fcb16234000-7fcb16235000 r--p 00107000 08:07 2364530                    /lib/x86_64-linux-gnu/libm-2.23.so
7fcb16235000-7fcb16236000 rw-p 00108000 08:07 2364530                    /lib/x86_64-linux-gnu/libm-2.23.so
7fcb16236000-7fcb16d98000 r-xp 00000000 08:07 1836091                    /usr/lib/jvm/jdk1.7.0_51/jre/lib/amd64/server/libjvm.so
7fcb16d98000-7fcb16f98000 ---p 00b62000 08:07 1836091                    /usr/lib/jvm/jdk1.7.0_51/jre/lib/amd64/server/libjvm.so
7fcb16f98000-7fcb1705b000 rw-p 00b62000 08:07 1836091                    /usr/lib/jvm/jdk1.7.0_51/jre/lib/amd64/server/libjvm.so
7fcb1705b000-7fcb1709c000 rw-p 00000000 00:00 0 
7fcb1709c000-7fcb1725c000 r-xp 00000000 08:07 2364460                    /lib/x86_64-linux-gnu/libc-2.23.so
7fcb1725c000-7fcb1745b000 ---p 001c0000 08:07 2364460                    /lib/x86_64-linux-gnu/libc-2.23.so
7fcb1745b000-7fcb1745f000 r--p 001bf000 08:07 2364460                    /lib/x86_64-linux-gnu/libc-2.23.so
7fcb1745f000-7fcb17461000 rw-p 001c3000 08:07 2364460                    /lib/x86_64-linux-gnu/libc-2.23.so
7fcb17461000-7fcb17465000 rw-p 00000000 00:00 0 
7fcb17465000-7fcb17468000 r-xp 00000000 08:07 2364484                    /lib/x86_64-linux-gnu/libdl-2.23.so
7fcb17468000-7fcb17667000 ---p 00003000 08:07 2364484                    /lib/x86_64-linux-gnu/libdl-2.23.so
7fcb17667000-7fcb17668000 r--p 00002000 08:07 2364484                    /lib/x86_64-linux-gnu/libdl-2.23.so
7fcb17668000-7fcb17669000 rw-p 00003000 08:07 2364484                    /lib/x86_64-linux-gnu/libdl-2.23.so
7fcb17669000-7fcb1767f000 r-xp 00000000 08:07 1056839                    /usr/lib/jvm/jdk1.7.0_51/lib/amd64/jli/libjli.so
7fcb1767f000-7fcb1787f000 ---p 00016000 08:07 1056839                    /usr/lib/jvm/jdk1.7.0_51/lib/amd64/jli/libjli.so
7fcb1787f000-7fcb17880000 rw-p 00016000 08:07 1056839                    /usr/lib/jvm/jdk1.7.0_51/lib/amd64/jli/libjli.so
7fcb17880000-7fcb17898000 r-xp 00000000 08:07 2364606                    /lib/x86_64-linux-gnu/libpthread-2.23.so
7fcb17898000-7fcb17a97000 ---p 00018000 08:07 2364606                    /lib/x86_64-linux-gnu/libpthread-2.23.so
7fcb17a97000-7fcb17a98000 r--p 00017000 08:07 2364606                    /lib/x86_64-linux-gnu/libpthread-2.23.so
7fcb17a98000-7fcb17a99000 rw-p 00018000 08:07 2364606                    /lib/x86_64-linux-gnu/libpthread-2.23.so
7fcb17a99000-7fcb17a9d000 rw-p 00000000 00:00 0 
7fcb17a9d000-7fcb17ac3000 r-xp 00000000 08:07 2364432                    /lib/x86_64-linux-gnu/ld-2.23.so
7fcb17ac3000-7fcb17ac4000 r--s 00000000 08:07 2890680                    /var/cache/fontconfig/30829fa25452a46451e813d634d7f916-le64.cache-6
7fcb17ac4000-7fcb17acb000 r--s 00000000 08:07 3016614                    /usr/lib/x86_64-linux-gnu/gconv/gconv-modules.cache
7fcb17acb000-7fcb17acd000 r--s 0000d000 08:08 3412122                    /home/kcrez/Documentos/JavaDuino/library/rxtx2.1/RXTXcomm.jar
7fcb17acd000-7fcb17acf000 r--s 0000d000 08:07 1835127                    /usr/lib/jvm/jdk1.7.0_51/jre/lib/ext/RXTXcomm.jar
7fcb17acf000-7fcb17b23000 rw-p 00000000 00:00 0 
7fcb17b23000-7fcb17b41000 rw-p 00000000 00:00 0 
7fcb17b41000-7fcb17b45000 rw-p 00000000 00:00 0 
7fcb17b45000-7fcb17b89000 r-xp 00000000 08:07 1052366                    /opt/eset/esets/lib/libesets_pac.so
7fcb17b89000-7fcb17c89000 ---p 00044000 08:07 1052366                    /opt/eset/esets/lib/libesets_pac.so
7fcb17c89000-7fcb17c8c000 rw-p 00044000 08:07 1052366                    /opt/eset/esets/lib/libesets_pac.so
7fcb17c8c000-7fcb17c9f000 rw-p 00000000 00:00 0 
7fcb17c9f000-7fcb17ca0000 r--s 00000000 08:07 2890674                    /var/cache/fontconfig/0c9eb80ebd1c36541ebe2852d3bb0c49-le64.cache-6
7fcb17ca0000-7fcb17cb5000 rw-p 00000000 00:00 0 
7fcb17cb5000-7fcb17cbd000 rw-s 00000000 08:07 2097231                    /tmp/hsperfdata_kcrez/8898
7fcb17cbd000-7fcb17cbe000 rw-p 00000000 00:00 0 
7fcb17cbe000-7fcb17cbf000 r--p 00000000 00:00 0 
7fcb17cbf000-7fcb17cc2000 rw-p 00000000 00:00 0 
7fcb17cc2000-7fcb17cc3000 r--p 00025000 08:07 2364432                    /lib/x86_64-linux-gnu/ld-2.23.so
7fcb17cc3000-7fcb17cc4000 rw-p 00026000 08:07 2364432                    /lib/x86_64-linux-gnu/ld-2.23.so
7fcb17cc4000-7fcb17cc5000 rw-p 00000000 00:00 0 
7ffcbeae2000-7ffcbeb03000 rw-p 00000000 00:00 0                          [stack]
7ffcbeb7a000-7ffcbeb7c000 r--p 00000000 00:00 0                          [vvar]
7ffcbeb7c000-7ffcbeb7e000 r-xp 00000000 00:00 0                          [vdso]
ffffffffff600000-ffffffffff601000 r-xp 00000000 00:00 0                  [vsyscall]

VM Arguments:
jvm_args: -Xdebug -Xrunjdwp:transport=dt_socket,address=localhost:32850 -Dfile.encoding=UTF-8 -Djava.library.path=/home/kcrez/Documentos/JavaDuino/library/rxtx2.1 
java_command: PPD_Frame
Launcher Type: SUN_STANDARD

Environment Variables:
PATH=/usr/local/sbin:/usr/local/bin:/usr/sbin:/usr/bin:/sbin:/bin:/usr/games:/usr/local/games:/snap/bin
LD_LIBRARY_PATH=/usr/lib/jvm/jdk1.7.0_51/jre/lib/amd64:/usr/lib/jvm/jdk1.7.0_51/jre/lib/i386:
SHELL=/bin/bash
DISPLAY=:0

Signal Handlers:
SIGSEGV: [libjvm.so+0x993870], sa_mask[0]=0x7ffbfeff, sa_flags=0x10000004
SIGBUS: [libjvm.so+0x993870], sa_mask[0]=0x7ffbfeff, sa_flags=0x10000004
SIGFPE: [libjvm.so+0x8105b0], sa_mask[0]=0x7ffbfeff, sa_flags=0x10000004
SIGPIPE: [libjvm.so+0x8105b0], sa_mask[0]=0x7ffbfeff, sa_flags=0x10000004
SIGXFSZ: [libjvm.so+0x8105b0], sa_mask[0]=0x7ffbfeff, sa_flags=0x10000004
SIGILL: [libjvm.so+0x8105b0], sa_mask[0]=0x7ffbfeff, sa_flags=0x10000004
SIGUSR1: SIG_DFL, sa_mask[0]=0x00000000, sa_flags=0x00000000
SIGUSR2: [libjvm.so+0x811aa0], sa_mask[0]=0x00000004, sa_flags=0x10000004
SIGHUP: [libjvm.so+0x812a10], sa_mask[0]=0x7ffbfeff, sa_flags=0x10000004
SIGINT: SIG_IGN, sa_mask[0]=0x00000000, sa_flags=0x00000000
SIGTERM: [libjvm.so+0x812a10], sa_mask[0]=0x7ffbfeff, sa_flags=0x10000004
SIGQUIT: [libjvm.so+0x812a10], sa_mask[0]=0x7ffbfeff, sa_flags=0x10000004


---------------  S Y S T E M  ---------------

OS:stretch/sid

uname:Linux 4.4.0-22-generic #40-Ubuntu SMP Thu May 12 22:03:46 UTC 2016 x86_64
libc:glibc 2.23 NPTL 2.23 
rlimit: STACK 8192k, CORE 0k, NPROC 15146, NOFILE 65536, AS infinity
load average:0.47 0.64 0.63

/proc/meminfo:
MemTotal:        3916240 kB
MemFree:           86848 kB
MemAvailable:    1364396 kB
Buffers:          203488 kB
Cached:          1144312 kB
SwapCached:          216 kB
Active:          2345060 kB
Inactive:        1230128 kB
Active(anon):    1710728 kB
Inactive(anon):   697340 kB
Active(file):     634332 kB
Inactive(file):   532788 kB
Unevictable:          48 kB
Mlocked:              48 kB
SwapTotal:       7812088 kB
SwapFree:        7801008 kB
Dirty:              8820 kB
Writeback:             0 kB
AnonPages:       2227268 kB
Mapped:           324336 kB
Shmem:            180680 kB
Slab:             173824 kB
SReclaimable:     139660 kB
SUnreclaim:        34164 kB
KernelStack:       10704 kB
PageTables:        33636 kB
NFS_Unstable:          0 kB
Bounce:                0 kB
WritebackTmp:          0 kB
CommitLimit:     9770208 kB
Committed_AS:    6423680 kB
VmallocTotal:   34359738367 kB
VmallocUsed:           0 kB
VmallocChunk:          0 kB
HardwareCorrupted:     0 kB
AnonHugePages:    905216 kB
CmaTotal:              0 kB
CmaFree:               0 kB
HugePages_Total:       0
HugePages_Free:        0
HugePages_Rsvd:        0
HugePages_Surp:        0
Hugepagesize:       2048 kB
DirectMap4k:      129820 kB
DirectMap2M:     2885632 kB
DirectMap1G:     1048576 kB


CPU:total 4 (2 cores per cpu, 2 threads per core) family 6 model 60 stepping 3, cmov, cx8, fxsr, mmx, sse, sse2, sse3, ssse3, sse4.1, sse4.2, popcnt, avx, avx2, aes, erms, ht, tsc, tscinvbit

/proc/cpuinfo:
processor	: 0
vendor_id	: GenuineIntel
cpu family	: 6
model		: 60
model name	: Intel(R) Core(TM) i3-4170 CPU @ 3.70GHz
stepping	: 3
microcode	: 0x1e
cpu MHz		: 3700.000
cache size	: 3072 KB
physical id	: 0
siblings	: 4
core id		: 0
cpu cores	: 2
apicid		: 0
initial apicid	: 0
fpu		: yes
fpu_exception	: yes
cpuid level	: 13
wp		: yes
flags		: fpu vme de pse tsc msr pae mce cx8 apic sep mtrr pge mca cmov pat pse36 clflush dts acpi mmx fxsr sse sse2 ss ht tm pbe syscall nx pdpe1gb rdtscp lm constant_tsc arch_perfmon pebs bts rep_good nopl xtopology nonstop_tsc aperfmperf eagerfpu pni pclmulqdq dtes64 monitor ds_cpl vmx est tm2 ssse3 sdbg fma cx16 xtpr pdcm pcid sse4_1 sse4_2 movbe popcnt tsc_deadline_timer aes xsave avx f16c rdrand lahf_lm abm epb tpr_shadow vnmi flexpriority ept vpid fsgsbase tsc_adjust bmi1 avx2 smep bmi2 erms invpcid xsaveopt dtherm arat pln pts
bugs		:
bogomips	: 7383.06
clflush size	: 64
cache_alignment	: 64
address sizes	: 39 bits physical, 48 bits virtual
power management:

processor	: 1
vendor_id	: GenuineIntel
cpu family	: 6
model		: 60
model name	: Intel(R) Core(TM) i3-4170 CPU @ 3.70GHz
stepping	: 3
microcode	: 0x1e
cpu MHz		: 3700.000
cache size	: 3072 KB
physical id	: 0
siblings	: 4
core id		: 1
cpu cores	: 2
apicid		: 2
initial apicid	: 2
fpu		: yes
fpu_exception	: yes
cpuid level	: 13
wp		: yes
flags		: fpu vme de pse tsc msr pae mce cx8 apic sep mtrr pge mca cmov pat pse36 clflush dts acpi mmx fxsr sse sse2 ss ht tm pbe syscall nx pdpe1gb rdtscp lm constant_tsc arch_perfmon pebs bts rep_good nopl xtopology nonstop_tsc aperfmperf eagerfpu pni pclmulqdq dtes64 monitor ds_cpl vmx est tm2 ssse3 sdbg fma cx16 xtpr pdcm pcid sse4_1 sse4_2 movbe popcnt tsc_deadline_timer aes xsave avx f16c rdrand lahf_lm abm epb tpr_shadow vnmi flexpriority ept vpid fsgsbase tsc_adjust bmi1 avx2 smep bmi2 erms invpcid xsaveopt dtherm arat pln pts
bugs		:
bogomips	: 7383.06
clflush size	: 64
cache_alignment	: 64
address sizes	: 39 bits physical, 48 bits virtual
power management:

processor	: 2
vendor_id	: GenuineIntel
cpu family	: 6
model		: 60
model name	: Intel(R) Core(TM) i3-4170 CPU @ 3.70GHz
stepping	: 3
microcode	: 0x1e
cpu MHz		: 3700.000
cache size	: 3072 KB
physical id	: 0
siblings	: 4
core id		: 0
cpu cores	: 2
apicid		: 1
initial apicid	: 1
fpu		: yes
fpu_exception	: yes
cpuid level	: 13
wp		: yes
flags		: fpu vme de pse tsc msr pae mce cx8 apic sep mtrr pge mca cmov pat pse36 clflush dts acpi mmx fxsr sse sse2 ss ht tm pbe syscall nx pdpe1gb rdtscp lm constant_tsc arch_perfmon pebs bts rep_good nopl xtopology nonstop_tsc aperfmperf eagerfpu pni pclmulqdq dtes64 monitor ds_cpl vmx est tm2 ssse3 sdbg fma cx16 xtpr pdcm pcid sse4_1 sse4_2 movbe popcnt tsc_deadline_timer aes xsave avx f16c rdrand lahf_lm abm epb tpr_shadow vnmi flexpriority ept vpid fsgsbase tsc_adjust bmi1 avx2 smep bmi2 erms invpcid xsaveopt dtherm arat pln pts
bugs		:
bogomips	: 7383.06
clflush size	: 64
cache_alignment	: 64
address sizes	: 39 bits physical, 48 bits virtual
power management:

processor	: 3
vendor_id	: GenuineIntel
cpu family	: 6
model		: 60
model name	: Intel(R) Core(TM) i3-4170 CPU @ 3.70GHz
stepping	: 3
microcode	: 0x1e
cpu MHz		: 3700.000
cache size	: 3072 KB
physical id	: 0
siblings	: 4
core id		: 1
cpu cores	: 2
apicid		: 3
initial apicid	: 3
fpu		: yes
fpu_exception	: yes
cpuid level	: 13
wp		: yes
flags		: fpu vme de pse tsc msr pae mce cx8 apic sep mtrr pge mca cmov pat pse36 clflush dts acpi mmx fxsr sse sse2 ss ht tm pbe syscall nx pdpe1gb rdtscp lm constant_tsc arch_perfmon pebs bts rep_good nopl xtopology nonstop_tsc aperfmperf eagerfpu pni pclmulqdq dtes64 monitor ds_cpl vmx est tm2 ssse3 sdbg fma cx16 xtpr pdcm pcid sse4_1 sse4_2 movbe popcnt tsc_deadline_timer aes xsave avx f16c rdrand lahf_lm abm epb tpr_shadow vnmi flexpriority ept vpid fsgsbase tsc_adjust bmi1 avx2 smep bmi2 erms invpcid xsaveopt dtherm arat pln pts
bugs		:
bogomips	: 7383.06
clflush size	: 64
cache_alignment	: 64
address sizes	: 39 bits physical, 48 bits virtual
power management:



Memory: 4k page, physical 3916240k(86848k free), swap 7812088k(7801008k free)

vm_info: Java HotSpot(TM) 64-Bit Server VM (24.51-b03) for linux-amd64 JRE (1.7.0_51-b13), built on Dec 18 2013 18:48:01 by "java_re" with gcc 4.3.0 20080428 (Red Hat 4.3.0-8)

time: Sat Jul 30 21:56:49 2016
elapsed time: 18 seconds

