#
# A fatal error has been detected by the Java Runtime Environment:
#
#  SIGSEGV (0xb) at pc=0x00007f6a8da31462, pid=7639, tid=140095619507968
#
# JRE version: Java(TM) SE Runtime Environment (7.0_51-b13) (build 1.7.0_51-b13)
# Java VM: Java HotSpot(TM) 64-Bit Server VM (24.51-b03 mixed mode linux-amd64 compressed oops)
# Problematic frame:
# C  [librxtxSerial.so+0x6462]  read_byte_array+0x52
#
# Failed to write core dump. Core dumps have been disabled. To enable core dumping, try "ulimit -c unlimited" before starting Java again
#
# If you would like to submit a bug report, please visit:
#   http://bugreport.sun.com/bugreport/crash.jsp
# The crash happened outside the Java Virtual Machine in native code.
# See problematic frame for where to report the bug.
#

---------------  T H R E A D  ---------------

Current thread (0x00007f6a500f5000):  JavaThread "Thread-0" [_thread_in_native, id=7661, stack(0x00007f6a8d92a000,0x00007f6a8da2b000)]

siginfo:si_signo=SIGSEGV: si_errno=0, si_code=1 (SEGV_MAPERR), si_addr=0xffffffff8da294f8

Registers:
RAX=0xffffffff8da294f0, RBX=0xffffffffffffffff, RCX=0x0000000000000001, RDX=0x00007f6aa6c66a50
RSP=0x00007f6a8da288c0, RBP=0x00007f6a500f51e8, RSI=0x00007f6a8da34e30, RDI=0x00007f6a8da34d3e
R8 =0x00007f6a8da28830, R9 =0x00000000ec628208, R10=0x0000000000000000, R11=0x00007f6aa6c6b008
R12=0x00000000ffffffff, R13=0x0000000000000000, R14=0x000000000000001c, R15=0x0000000000000000
RIP=0x00007f6a8da31462, EFLAGS=0x0000000000010206, CSGSFS=0x0000000000000033, ERR=0x0000000000000005
  TRAPNO=0x000000000000000e

Top of Stack: (sp=0x00007f6a8da288c0)
0x00007f6a8da288c0:   ff0000000000ff00 0000000000000000
0x00007f6a8da288d0:   0000000000000000 0000000000000000
0x00007f6a8da288e0:   0000000000000000 ffffffff8da294f0
0x00007f6a8da288f0:   0000000000000000 0000000000000000
0x00007f6a8da28900:   0000000000000000 0000005100000000
0x00007f6a8da28910:   00007f6a48001280 0000001c00000000
0x00007f6a8da28920:   0000000000000000 0000000000000000
0x00007f6a8da28930:   0000000000000000 0000000000000000
0x00007f6a8da28940:   00007f6a500f5000 0000000000000700
0x00007f6a8da28950:   0000000000002000 0000000000000000
0x00007f6a8da28960:   000000000000001c 0000000000000000
0x00007f6a8da28970:   00007f6a8da289a0 00007f6aa60d9dac
0x00007f6a8da28980:   00007f6a48001280 00007f6a48001280
0x00007f6a8da28990:   000000000000001c 00007f6a8da28a00
0x00007f6a8da289a0:   00007f6a500f51e8 0000000000000051
0x00007f6a8da289b0:   00000000ffffffff ffffffffffffffff
0x00007f6a8da289c0:   00007f6a500f51e8 00007f6a48001280
0x00007f6a8da289d0:   0000000000000051 000000000000001c
0x00007f6a8da289e0:   0000000000000000 00007f6a8da318a1
0x00007f6a8da289f0:   00007f6a500f5000 00007f6a8da28ad0
0x00007f6a8da28a00:   00007f6a8da28ad8 00000000bfafd2b0
0x00007f6a8da28a10:   00007f6a8da28aa0 0000000000000000
0x00007f6a8da28a20:   00000000bfafd2a8 00007f6a8da28ad8
0x00007f6a8da28a30:   00007f6a500f5000 00007f6a9d012cd8
0x00007f6a8da28a40:   00007f6a7400a708 00007f6a8da28ad8
0x00007f6a8da28a50:   00007f6a500f5000 0000000a000000b6
0x00007f6a8da28a60:   00007f6a8da28a60 00000000bfafd2a8
0x00007f6a8da28a70:   00007f6a8da28ad8 00000000bfb0d938
0x00007f6a8da28a80:   0000000000000000 00000000bfafd2b0
0x00007f6a8da28a90:   0000000000000000 00007f6a8da28ac0
0x00007f6a8da28aa0:   00007f6a8da28b30 00007f6a9d0061d4
0x00007f6a8da28ab0:   0000000000000000 00007f6a9d00ecd6 

Instructions: (pc=0x00007f6a8da31462)
0x00007f6a8da31442:   89 44 24 4c 48 c7 44 24 40 00 00 00 00 48 c7 44
0x00007f6a8da31452:   24 38 00 00 00 00 e8 53 d7 ff ff 48 89 44 24 28
0x00007f6a8da31462:   8b 40 08 45 85 e4 48 8b 54 24 28 44 8b 7c 24 4c
0x00007f6a8da31472:   89 44 24 34 c7 42 08 00 00 00 00 78 0c 31 c0 e8 

Register to memory mapping:

RAX=0xffffffff8da294f0 is an unknown value
RBX=0xffffffffffffffff is an unknown value
RCX=0x0000000000000001 is an unknown value
RDX=0x00007f6aa6c66a50: <offset 0xe37a50> in /usr/lib/jvm/jdk1.7.0_51/jre/lib/amd64/server/libjvm.so at 0x00007f6aa5e2f000
RSP=0x00007f6a8da288c0 is pointing into the stack for thread: 0x00007f6a500f5000
RBP=0x00007f6a500f51e8 is an unknown value
RSI=0x00007f6a8da34e30: <offset 0x9e30> in /usr/lib/jvm/jdk1.7.0_51/jre/lib/amd64/librxtxSerial.so at 0x00007f6a8da2b000
RDI=0x00007f6a8da34d3e: <offset 0x9d3e> in /usr/lib/jvm/jdk1.7.0_51/jre/lib/amd64/librxtxSerial.so at 0x00007f6a8da2b000
R8 =0x00007f6a8da28830 is pointing into the stack for thread: 0x00007f6a500f5000
R9 =0x00000000ec628208 is an oop
gnu.io.RXTXPort 
 - klass: 'gnu/io/RXTXPort'
R10=0x0000000000000000 is an unknown value
R11=0x00007f6aa6c6b008: <offset 0xe3c008> in /usr/lib/jvm/jdk1.7.0_51/jre/lib/amd64/server/libjvm.so at 0x00007f6aa5e2f000
R12=0x00000000ffffffff is an unallocated location in the heap
R13=0x0000000000000000 is an unknown value
R14=0x000000000000001c is an unknown value
R15=0x0000000000000000 is an unknown value


Stack: [0x00007f6a8d92a000,0x00007f6a8da2b000],  sp=0x00007f6a8da288c0,  free space=1018k
Native frames: (J=compiled Java code, j=interpreted, Vv=VM code, C=native code)
C  [librxtxSerial.so+0x6462]  read_byte_array+0x52

Java frames: (J=compiled Java code, j=interpreted, Vv=VM code)
j  gnu.io.RXTXPort.readArray([BII)I+0
j  gnu.io.RXTXPort$SerialInputStream.read([BII)I+187
j  sun.nio.cs.StreamDecoder.readBytes()I+135
j  sun.nio.cs.StreamDecoder.implRead([CII)I+112
j  sun.nio.cs.StreamDecoder.read([CII)I+180
j  java.io.InputStreamReader.read([CII)I+7
j  java.io.BufferedReader.fill()V+145
j  java.io.BufferedReader.readLine(Z)Ljava/lang/String;+44
j  java.io.BufferedReader.readLine()Ljava/lang/String;+2
j  PPD_Frame.serialEvent(Lgnu/io/SerialPortEvent;)V+14
j  gnu.io.RXTXPort.sendEvent(IZ)Z+382
v  ~StubRoutines::call_stub
j  gnu.io.RXTXPort.eventLoop()V+0
j  gnu.io.RXTXPort$MonitorThread.run()V+12
v  ~StubRoutines::call_stub

---------------  P R O C E S S  ---------------

Java Threads: ( => current thread )
=>0x00007f6a500f5000 JavaThread "Thread-0" [_thread_in_native, id=7661, stack(0x00007f6a8d92a000,0x00007f6a8da2b000)]
  0x00007f6a50037800 JavaThread "Image Fetcher 0" daemon [_thread_blocked, id=7660, stack(0x00007f6a8db38000,0x00007f6a8dc39000)]
  0x00007f6aa000a000 JavaThread "DestroyJavaVM" [_thread_blocked, id=7643, stack(0x00007f6aa5a25000,0x00007f6aa5b26000)]
  0x00007f6aa023f800 JavaThread "AWT-EventQueue-0" [_thread_in_Java, id=7659, stack(0x00007f6a8deb8000,0x00007f6a8dfb9000)]
  0x00007f6aa023c800 JavaThread "AWT-Shutdown" [_thread_blocked, id=7658, stack(0x00007f6a8dfb9000,0x00007f6a8e0ba000)]
  0x00007f6aa01ba000 JavaThread "AWT-XAWT" daemon [_thread_in_native, id=7657, stack(0x00007f6a8ec72000,0x00007f6a8ed73000)]
  0x00007f6aa0197000 JavaThread "Java2D Disposer" daemon [_thread_blocked, id=7656, stack(0x00007f6a8f183000,0x00007f6a8f284000)]
  0x00007f6aa0097000 JavaThread "Service Thread" daemon [_thread_blocked, id=7654, stack(0x00007f6a94ab6000,0x00007f6a94bb7000)]
  0x00007f6aa0094800 JavaThread "C2 CompilerThread1" daemon [_thread_blocked, id=7653, stack(0x00007f6a94bb7000,0x00007f6a94cb8000)]
  0x00007f6aa0091800 JavaThread "C2 CompilerThread0" daemon [_thread_in_native, id=7652, stack(0x00007f6a94cb8000,0x00007f6a94db9000)]
  0x00007f6aa008f800 JavaThread "Signal Dispatcher" daemon [_thread_blocked, id=7651, stack(0x00007f6a94db9000,0x00007f6a94eba000)]
  0x00007f6aa0070000 JavaThread "Finalizer" daemon [_thread_blocked, id=7650, stack(0x00007f6a95879000,0x00007f6a9597a000)]
  0x00007f6aa006c000 JavaThread "Reference Handler" daemon [_thread_blocked, id=7649, stack(0x00007f6a9597a000,0x00007f6a95a7b000)]

Other Threads:
  0x00007f6aa0069800 VMThread [stack: 0x00007f6a95a7b000,0x00007f6a95b7c000] [id=7648]
  0x00007f6aa00a9800 WatcherThread [stack: 0x00007f6a949b5000,0x00007f6a94ab6000] [id=7655]

VM state:not at safepoint (normal execution)

VM Mutex/Monitor currently owned by a thread: None

Heap
 PSYoungGen      total 17920K, used 6488K [0x00000000ec080000, 0x00000000ed480000, 0x0000000100000000)
  eden space 15360K, 42% used [0x00000000ec080000,0x00000000ec6d61c8,0x00000000ecf80000)
  from space 2560K, 0% used [0x00000000ed200000,0x00000000ed200000,0x00000000ed480000)
  to   space 2560K, 0% used [0x00000000ecf80000,0x00000000ecf80000,0x00000000ed200000)
 ParOldGen       total 40448K, used 0K [0x00000000c4200000, 0x00000000c6980000, 0x00000000ec080000)
  object space 40448K, 0% used [0x00000000c4200000,0x00000000c4200000,0x00000000c6980000)
 PSPermGen       total 21504K, used 11803K [0x00000000bf000000, 0x00000000c0500000, 0x00000000c4200000)
  object space 21504K, 54% used [0x00000000bf000000,0x00000000bfb86cf8,0x00000000c0500000)

Card table byte_map: [0x00007f6aa46c0000,0x00007f6aa48c9000] byte_map_base: 0x00007f6aa40c8000

Polling page: 0x00007f6aa78b7000

Code Cache  [0x00007f6a9d000000, 0x00007f6a9d270000, 0x00007f6aa0000000)
 total_blobs=514 nmethods=41 adapters=426 free_code_cache=48517Kb largest_free_block=49652608

Compilation events (10 events):
Event: 0.370 Thread 0x00007f6aa0094800 nmethod 33 0x00007f6a9d094c90 code [0x00007f6a9d094f80, 0x00007f6a9d095d30]
Event: 0.371 Thread 0x00007f6aa0091800   36             java.util.Arrays::copyOfRange (63 bytes)
Event: 0.372 Thread 0x00007f6aa0091800 nmethod 36 0x00007f6a9d097550 code [0x00007f6a9d0976a0, 0x00007f6a9d0978b8]
Event: 0.377 Thread 0x00007f6aa0094800   37             java.lang.String::<init> (67 bytes)
Event: 0.379 Thread 0x00007f6aa0091800   38             java.lang.String::toLowerCase (472 bytes)
Event: 0.379 Thread 0x00007f6aa0094800 nmethod 37 0x00007f6a9d096fd0 code [0x00007f6a9d097120, 0x00007f6a9d0973b8]
Event: 0.399 Thread 0x00007f6aa0091800 nmethod 38 0x00007f6a9d0a3bd0 code [0x00007f6a9d0a3e00, 0x00007f6a9d0a4de0]
Event: 0.419 Thread 0x00007f6aa0094800   39             java.util.Arrays::binarySearch0 (95 bytes)
Event: 0.421 Thread 0x00007f6aa0094800 nmethod 39 0x00007f6a9d09a7d0 code [0x00007f6a9d09a920, 0x00007f6a9d09aad8]
Event: 0.423 Thread 0x00007f6aa0091800   40 %           javax.swing.plaf.nimbus.EffectUtils::blur @ 36 (157 bytes)

GC Heap History (0 events):
No events

Deoptimization events (0 events):
No events

Internal exceptions (10 events):
Event: 0.204 Thread 0x00007f6aa023f800 Threw 0x00000000ec392350 at /HUDSON/workspace/7u-2-build-linux-amd64@2/jdk7u51/527/hotspot/src/share/vm/prims/jvm.cpp:1244
Event: 0.204 Thread 0x00007f6aa023f800 Threw 0x00000000ec393a68 at /HUDSON/workspace/7u-2-build-linux-amd64@2/jdk7u51/527/hotspot/src/share/vm/prims/jvm.cpp:1244
Event: 0.205 Thread 0x00007f6aa023f800 Threw 0x00000000ec3975a8 at /HUDSON/workspace/7u-2-build-linux-amd64@2/jdk7u51/527/hotspot/src/share/vm/prims/jvm.cpp:1244
Event: 0.205 Thread 0x00007f6aa023f800 Threw 0x00000000ec398cc0 at /HUDSON/workspace/7u-2-build-linux-amd64@2/jdk7u51/527/hotspot/src/share/vm/prims/jvm.cpp:1244
Event: 0.268 Thread 0x00007f6aa023f800 Threw 0x00000000ec46a000 at /HUDSON/workspace/7u-2-build-linux-amd64@2/jdk7u51/527/hotspot/src/share/vm/prims/jvm.cpp:1244
Event: 0.269 Thread 0x00007f6aa023f800 Threw 0x00000000ec505770 at /HUDSON/workspace/7u-2-build-linux-amd64@2/jdk7u51/527/hotspot/src/share/vm/prims/jvm.cpp:1244
Event: 0.337 Thread 0x00007f6aa023f800 Threw 0x00000000ec5d3c00 at /HUDSON/workspace/7u-2-build-linux-amd64@2/jdk7u51/527/hotspot/src/share/vm/prims/jni.cpp:717
Event: 0.354 Thread 0x00007f6aa023f800 Threw 0x00000000ec5e6e88 at /HUDSON/workspace/7u-2-build-linux-amd64@2/jdk7u51/527/hotspot/src/share/vm/prims/jni.cpp:717
Event: 0.356 Thread 0x00007f6aa023f800 Threw 0x00000000ec5f8878 at /HUDSON/workspace/7u-2-build-linux-amd64@2/jdk7u51/527/hotspot/src/share/vm/prims/jni.cpp:717
Event: 0.378 Thread 0x00007f6aa023f800 Threw 0x00000000ec60b7e8 at /HUDSON/workspace/7u-2-build-linux-amd64@2/jdk7u51/527/hotspot/src/share/vm/prims/jni.cpp:717

Events (10 events):
Event: 0.422 loading class 0x00007f6a68043e70 done
Event: 0.422 loading class 0x00007f6a680b3520 done
Event: 0.422 loading class 0x00007f6a68043df0
Event: 0.422 loading class 0x00007f6a68043df0 done
Event: 0.422 loading class 0x00007f6a7405d720
Event: 0.422 loading class 0x00007f6a7405d720 done
Event: 0.425 loading class 0x00007f6a680b34e0
Event: 0.426 loading class 0x00007f6a680b34e0 done
Event: 0.426 loading class 0x00007f6a680b34a0
Event: 0.426 loading class 0x00007f6a680b34a0 done


Dynamic libraries:
00400000-00401000 r-xp 00000000 08:07 937188                             /usr/lib/jvm/jdk1.7.0_51/bin/java
00600000-00601000 rw-p 00000000 08:07 937188                             /usr/lib/jvm/jdk1.7.0_51/bin/java
013ed000-0140e000 rw-p 00000000 00:00 0                                  [heap]
bf000000-c0500000 rw-p 00000000 00:00 0 
c0500000-c4200000 rw-p 00000000 00:00 0 
c4200000-c6980000 rw-p 00000000 00:00 0 
c6980000-ec080000 rw-p 00000000 00:00 0 
ec080000-ed480000 rw-p 00000000 00:00 0 
ed480000-100000000 rw-p 00000000 00:00 0 
7f6a48000000-7f6a48021000 rw-p 00000000 00:00 0 
7f6a48021000-7f6a4c000000 ---p 00000000 00:00 0 
7f6a50000000-7f6a5011e000 rw-p 00000000 00:00 0 
7f6a5011e000-7f6a54000000 ---p 00000000 00:00 0 
7f6a54000000-7f6a54051000 rw-p 00000000 00:00 0 
7f6a54051000-7f6a58000000 ---p 00000000 00:00 0 
7f6a58000000-7f6a58021000 rw-p 00000000 00:00 0 
7f6a58021000-7f6a5c000000 ---p 00000000 00:00 0 
7f6a5c000000-7f6a5c021000 rw-p 00000000 00:00 0 
7f6a5c021000-7f6a60000000 ---p 00000000 00:00 0 
7f6a60000000-7f6a60021000 rw-p 00000000 00:00 0 
7f6a60021000-7f6a64000000 ---p 00000000 00:00 0 
7f6a64000000-7f6a64021000 rw-p 00000000 00:00 0 
7f6a64021000-7f6a68000000 ---p 00000000 00:00 0 
7f6a68000000-7f6a6824d000 rw-p 00000000 00:00 0 
7f6a6824d000-7f6a6c000000 ---p 00000000 00:00 0 
7f6a6c000000-7f6a6c021000 rw-p 00000000 00:00 0 
7f6a6c021000-7f6a70000000 ---p 00000000 00:00 0 
7f6a70000000-7f6a70021000 rw-p 00000000 00:00 0 
7f6a70021000-7f6a74000000 ---p 00000000 00:00 0 
7f6a74000000-7f6a743e7000 rw-p 00000000 00:00 0 
7f6a743e7000-7f6a78000000 ---p 00000000 00:00 0 
7f6a78000000-7f6a78021000 rw-p 00000000 00:00 0 
7f6a78021000-7f6a7c000000 ---p 00000000 00:00 0 
7f6a7c000000-7f6a7c021000 rw-p 00000000 00:00 0 
7f6a7c021000-7f6a80000000 ---p 00000000 00:00 0 
7f6a80000000-7f6a80021000 rw-p 00000000 00:00 0 
7f6a80021000-7f6a84000000 ---p 00000000 00:00 0 
7f6a84000000-7f6a84021000 rw-p 00000000 00:00 0 
7f6a84021000-7f6a88000000 ---p 00000000 00:00 0 
7f6a88000000-7f6a88021000 rw-p 00000000 00:00 0 
7f6a88021000-7f6a8c000000 ---p 00000000 00:00 0 
7f6a8d50d000-7f6a8d537000 r-xp 00000000 08:07 1836084                    /usr/lib/jvm/jdk1.7.0_51/jre/lib/amd64/libdcpr.so
7f6a8d537000-7f6a8d737000 ---p 0002a000 08:07 1836084                    /usr/lib/jvm/jdk1.7.0_51/jre/lib/amd64/libdcpr.so
7f6a8d737000-7f6a8d73a000 rw-p 0002a000 08:07 1836084                    /usr/lib/jvm/jdk1.7.0_51/jre/lib/amd64/libdcpr.so
7f6a8d73a000-7f6a8d92a000 rw-s 00000000 00:05 73433162                   /SYSV00000000 (deleted)
7f6a8d92a000-7f6a8d92d000 ---p 00000000 00:00 0 
7f6a8d92d000-7f6a8da2b000 rw-p 00000000 00:00 0 
7f6a8da2b000-7f6a8da37000 r-xp 00000000 08:07 1835128                    /usr/lib/jvm/jdk1.7.0_51/jre/lib/amd64/librxtxSerial.so
7f6a8da37000-7f6a8db36000 ---p 0000c000 08:07 1835128                    /usr/lib/jvm/jdk1.7.0_51/jre/lib/amd64/librxtxSerial.so
7f6a8db36000-7f6a8db38000 rw-p 0000b000 08:07 1835128                    /usr/lib/jvm/jdk1.7.0_51/jre/lib/amd64/librxtxSerial.so
7f6a8db38000-7f6a8db3b000 ---p 00000000 00:00 0 
7f6a8db3b000-7f6a8dc39000 rw-p 00000000 00:00 0 
7f6a8dc39000-7f6a8dca1000 r-xp 00000000 08:07 1836082                    /usr/lib/jvm/jdk1.7.0_51/jre/lib/amd64/libt2k.so
7f6a8dca1000-7f6a8dea1000 ---p 00068000 08:07 1836082                    /usr/lib/jvm/jdk1.7.0_51/jre/lib/amd64/libt2k.so
7f6a8dea1000-7f6a8dea8000 rw-p 00068000 08:07 1836082                    /usr/lib/jvm/jdk1.7.0_51/jre/lib/amd64/libt2k.so
7f6a8dea8000-7f6a8deb8000 rw-p 00000000 00:00 0 
7f6a8deb8000-7f6a8debb000 ---p 00000000 00:00 0 
7f6a8debb000-7f6a8dfb9000 rw-p 00000000 00:00 0 
7f6a8dfb9000-7f6a8dfbc000 ---p 00000000 00:00 0 
7f6a8dfbc000-7f6a8e0ba000 rw-p 00000000 00:00 0 
7f6a8e0ba000-7f6a8e0ca000 r-xp 00000000 08:07 1836051                    /usr/lib/jvm/jdk1.7.0_51/jre/lib/amd64/libnio.so
7f6a8e0ca000-7f6a8e2ca000 ---p 00010000 08:07 1836051                    /usr/lib/jvm/jdk1.7.0_51/jre/lib/amd64/libnio.so
7f6a8e2ca000-7f6a8e2cb000 rw-p 00010000 08:07 1836051                    /usr/lib/jvm/jdk1.7.0_51/jre/lib/amd64/libnio.so
7f6a8e2cb000-7f6a8e5cc000 rw-p 00000000 00:00 0 
7f6a8e5cc000-7f6a8e5e2000 r-xp 00000000 08:07 1836056                    /usr/lib/jvm/jdk1.7.0_51/jre/lib/amd64/libnet.so
7f6a8e5e2000-7f6a8e7e2000 ---p 00016000 08:07 1836056                    /usr/lib/jvm/jdk1.7.0_51/jre/lib/amd64/libnet.so
7f6a8e7e2000-7f6a8e7e3000 rw-p 00016000 08:07 1836056                    /usr/lib/jvm/jdk1.7.0_51/jre/lib/amd64/libnet.so
7f6a8e7e3000-7f6a8e7f9000 r-xp 00000000 08:07 2364498                    /lib/x86_64-linux-gnu/libgcc_s.so.1
7f6a8e7f9000-7f6a8e9f8000 ---p 00016000 08:07 2364498                    /lib/x86_64-linux-gnu/libgcc_s.so.1
7f6a8e9f8000-7f6a8e9f9000 rw-p 00015000 08:07 2364498                    /lib/x86_64-linux-gnu/libgcc_s.so.1
7f6a8e9f9000-7f6a8ea5e000 r-xp 00000000 08:07 1836052                    /usr/lib/jvm/jdk1.7.0_51/jre/lib/amd64/libfontmanager.so
7f6a8ea5e000-7f6a8ec5d000 ---p 00065000 08:07 1836052                    /usr/lib/jvm/jdk1.7.0_51/jre/lib/amd64/libfontmanager.so
7f6a8ec5d000-7f6a8ec61000 rw-p 00064000 08:07 1836052                    /usr/lib/jvm/jdk1.7.0_51/jre/lib/amd64/libfontmanager.so
7f6a8ec61000-7f6a8ec72000 rw-p 00000000 00:00 0 
7f6a8ec72000-7f6a8ec75000 ---p 00000000 00:00 0 
7f6a8ec75000-7f6a8ed73000 rw-p 00000000 00:00 0 
7f6a8ed73000-7f6a8ed78000 r-xp 00000000 08:07 2762080                    /usr/lib/x86_64-linux-gnu/libXfixes.so.3.1.0
7f6a8ed78000-7f6a8ef77000 ---p 00005000 08:07 2762080                    /usr/lib/x86_64-linux-gnu/libXfixes.so.3.1.0
7f6a8ef77000-7f6a8ef78000 r--p 00004000 08:07 2762080                    /usr/lib/x86_64-linux-gnu/libXfixes.so.3.1.0
7f6a8ef78000-7f6a8ef79000 rw-p 00005000 08:07 2762080                    /usr/lib/x86_64-linux-gnu/libXfixes.so.3.1.0
7f6a8ef79000-7f6a8ef82000 r-xp 00000000 08:07 2762072                    /usr/lib/x86_64-linux-gnu/libXcursor.so.1.0.2
7f6a8ef82000-7f6a8f181000 ---p 00009000 08:07 2762072                    /usr/lib/x86_64-linux-gnu/libXcursor.so.1.0.2
7f6a8f181000-7f6a8f182000 r--p 00008000 08:07 2762072                    /usr/lib/x86_64-linux-gnu/libXcursor.so.1.0.2
7f6a8f182000-7f6a8f183000 rw-p 00009000 08:07 2762072                    /usr/lib/x86_64-linux-gnu/libXcursor.so.1.0.2
7f6a8f183000-7f6a8f186000 ---p 00000000 00:00 0 
7f6a8f186000-7f6a8f284000 rw-p 00000000 00:00 0 
7f6a8f284000-7f6a8f289000 r-xp 00000000 08:07 2762076                    /usr/lib/x86_64-linux-gnu/libXdmcp.so.6.0.0
7f6a8f289000-7f6a8f488000 ---p 00005000 08:07 2762076                    /usr/lib/x86_64-linux-gnu/libXdmcp.so.6.0.0
7f6a8f488000-7f6a8f489000 r--p 00004000 08:07 2762076                    /usr/lib/x86_64-linux-gnu/libXdmcp.so.6.0.0
7f6a8f489000-7f6a8f48a000 rw-p 00005000 08:07 2762076                    /usr/lib/x86_64-linux-gnu/libXdmcp.so.6.0.0
7f6a8f48a000-7f6a8f48c000 r-xp 00000000 08:07 2762065                    /usr/lib/x86_64-linux-gnu/libXau.so.6.0.0
7f6a8f48c000-7f6a8f68c000 ---p 00002000 08:07 2762065                    /usr/lib/x86_64-linux-gnu/libXau.so.6.0.0
7f6a8f68c000-7f6a8f68d000 r--p 00002000 08:07 2762065                    /usr/lib/x86_64-linux-gnu/libXau.so.6.0.0
7f6a8f68d000-7f6a8f68e000 rw-p 00003000 08:07 2762065                    /usr/lib/x86_64-linux-gnu/libXau.so.6.0.0
7f6a8f68e000-7f6a8f6af000 r-xp 00000000 08:07 2763443                    /usr/lib/x86_64-linux-gnu/libxcb.so.1.1.0
7f6a8f6af000-7f6a8f8ae000 ---p 00021000 08:07 2763443                    /usr/lib/x86_64-linux-gnu/libxcb.so.1.1.0
7f6a8f8ae000-7f6a8f8af000 r--p 00020000 08:07 2763443                    /usr/lib/x86_64-linux-gnu/libxcb.so.1.1.0
7f6a8f8af000-7f6a8f8b0000 rw-p 00021000 08:07 2763443                    /usr/lib/x86_64-linux-gnu/libxcb.so.1.1.0
7f6a8f8b0000-7f6a8f8bf000 r-xp 00000000 08:07 2762086                    /usr/lib/x86_64-linux-gnu/libXi.so.6.1.0
7f6a8f8bf000-7f6a8fabe000 ---p 0000f000 08:07 2762086                    /usr/lib/x86_64-linux-gnu/libXi.so.6.1.0
7f6a8fabe000-7f6a8fabf000 r--p 0000e000 08:07 2762086                    /usr/lib/x86_64-linux-gnu/libXi.so.6.1.0
7f6a8fabf000-7f6a8fac0000 rw-p 0000f000 08:07 2762086                    /usr/lib/x86_64-linux-gnu/libXi.so.6.1.0
7f6a8fac0000-7f6a8fac5000 r-xp 00000000 08:07 2762104                    /usr/lib/x86_64-linux-gnu/libXtst.so.6.1.0
7f6a8fac5000-7f6a8fcc4000 ---p 00005000 08:07 2762104                    /usr/lib/x86_64-linux-gnu/libXtst.so.6.1.0
7f6a8fcc4000-7f6a8fcc5000 r--p 00004000 08:07 2762104                    /usr/lib/x86_64-linux-gnu/libXtst.so.6.1.0
7f6a8fcc5000-7f6a8fcc6000 rw-p 00005000 08:07 2762104                    /usr/lib/x86_64-linux-gnu/libXtst.so.6.1.0
7f6a8fcc6000-7f6a8fdfb000 r-xp 00000000 08:07 2762061                    /usr/lib/x86_64-linux-gnu/libX11.so.6.3.0
7f6a8fdfb000-7f6a8fffb000 ---p 00135000 08:07 2762061                    /usr/lib/x86_64-linux-gnu/libX11.so.6.3.0
7f6a8fffb000-7f6a8fffc000 r--p 00135000 08:07 2762061                    /usr/lib/x86_64-linux-gnu/libX11.so.6.3.0
7f6a8fffc000-7f6a90000000 rw-p 00136000 08:07 2762061                    /usr/lib/x86_64-linux-gnu/libX11.so.6.3.0
7f6a90000000-7f6a90021000 rw-p 00000000 00:00 0 
7f6a90021000-7f6a94000000 ---p 00000000 00:00 0 
7f6a94014000-7f6a9402d000 r--s 00000000 08:07 527849                     /usr/share/fonts/type1/gsfonts/n022004l.pfb
7f6a9402d000-7f6a94046000 r--s 00000000 08:07 527834                     /usr/share/fonts/type1/gsfonts/n021003l.pfb
7f6a94046000-7f6a9405c000 r--s 00000000 08:07 527843                     /usr/share/fonts/type1/gsfonts/n021024l.pfb
7f6a9405c000-7f6a94072000 r--s 00000000 08:07 527852                     /usr/share/fonts/type1/gsfonts/n022023l.pfb
7f6a94072000-7f6a9407b000 r-xp 00000000 08:07 2762098                    /usr/lib/x86_64-linux-gnu/libXrender.so.1.3.0
7f6a9407b000-7f6a9427a000 ---p 00009000 08:07 2762098                    /usr/lib/x86_64-linux-gnu/libXrender.so.1.3.0
7f6a9427a000-7f6a9427b000 r--p 00008000 08:07 2762098                    /usr/lib/x86_64-linux-gnu/libXrender.so.1.3.0
7f6a9427b000-7f6a9427c000 rw-p 00009000 08:07 2762098                    /usr/lib/x86_64-linux-gnu/libXrender.so.1.3.0
7f6a9427c000-7f6a9428d000 r-xp 00000000 08:07 2762078                    /usr/lib/x86_64-linux-gnu/libXext.so.6.4.0
7f6a9428d000-7f6a9448c000 ---p 00011000 08:07 2762078                    /usr/lib/x86_64-linux-gnu/libXext.so.6.4.0
7f6a9448c000-7f6a9448d000 r--p 00010000 08:07 2762078                    /usr/lib/x86_64-linux-gnu/libXext.so.6.4.0
7f6a9448d000-7f6a9448e000 rw-p 00011000 08:07 2762078                    /usr/lib/x86_64-linux-gnu/libXext.so.6.4.0
7f6a9448e000-7f6a944de000 r-xp 00000000 08:07 1836094                    /usr/lib/jvm/jdk1.7.0_51/jre/lib/amd64/xawt/libmawt.so
7f6a944de000-7f6a946de000 ---p 00050000 08:07 1836094                    /usr/lib/jvm/jdk1.7.0_51/jre/lib/amd64/xawt/libmawt.so
7f6a946de000-7f6a946e2000 rw-p 00050000 08:07 1836094                    /usr/lib/jvm/jdk1.7.0_51/jre/lib/amd64/xawt/libmawt.so
7f6a946e2000-7f6a946e3000 rw-p 00000000 00:00 0 
7f6a946e3000-7f6a94785000 r-xp 00000000 08:07 1836064                    /usr/lib/jvm/jdk1.7.0_51/jre/lib/amd64/libawt.so
7f6a94785000-7f6a94985000 ---p 000a2000 08:07 1836064                    /usr/lib/jvm/jdk1.7.0_51/jre/lib/amd64/libawt.so
7f6a94985000-7f6a94991000 rw-p 000a2000 08:07 1836064                    /usr/lib/jvm/jdk1.7.0_51/jre/lib/amd64/libawt.so
7f6a94991000-7f6a949b5000 rw-p 00000000 00:00 0 
7f6a949b5000-7f6a949b6000 ---p 00000000 00:00 0 
7f6a949b6000-7f6a94ab6000 rw-p 00000000 00:00 0 
7f6a94ab6000-7f6a94ab9000 ---p 00000000 00:00 0 
7f6a94ab9000-7f6a94bb7000 rw-p 00000000 00:00 0 
7f6a94bb7000-7f6a94bba000 ---p 00000000 00:00 0 
7f6a94bba000-7f6a94cb8000 rw-p 00000000 00:00 0 
7f6a94cb8000-7f6a94cbb000 ---p 00000000 00:00 0 
7f6a94cbb000-7f6a94db9000 rw-p 00000000 00:00 0 
7f6a94db9000-7f6a94dbc000 ---p 00000000 00:00 0 
7f6a94dbc000-7f6a94eba000 rw-p 00000000 00:00 0 
7f6a94eba000-7f6a95879000 r--p 00000000 08:07 2760681                    /usr/lib/locale/locale-archive
7f6a95879000-7f6a9587c000 ---p 00000000 00:00 0 
7f6a9587c000-7f6a9597a000 rw-p 00000000 00:00 0 
7f6a9597a000-7f6a9597d000 ---p 00000000 00:00 0 
7f6a9597d000-7f6a95a7b000 rw-p 00000000 00:00 0 
7f6a95a7b000-7f6a95a7c000 ---p 00000000 00:00 0 
7f6a95a7c000-7f6a98000000 rw-p 00000000 00:00 0 
7f6a98000000-7f6a98021000 rw-p 00000000 00:00 0 
7f6a98021000-7f6a9c000000 ---p 00000000 00:00 0 
7f6a9c007000-7f6a9c01e000 r--s 00000000 08:07 527840                     /usr/share/fonts/type1/gsfonts/n021023l.pfb
7f6a9c01e000-7f6a9c02f000 r--s 00000000 08:07 527816                     /usr/share/fonts/type1/gsfonts/n019023l.pfb
7f6a9c02f000-7f6a9c043000 r--s 00000000 08:07 527810                     /usr/share/fonts/type1/gsfonts/n019003l.pfb
7f6a9c043000-7f6a9c04c000 r--s 00000000 08:07 527870                     /usr/share/fonts/type1/gsfonts/s050000l.pfb
7f6a9c04c000-7f6a9c057000 r--s 00000000 08:07 2890696                    /var/cache/fontconfig/945677eb7aeaf62f1d50efc3fb3ec7d8-le64.cache-6
7f6a9c057000-7f6a9c05d000 r--s 00000000 08:07 2890678                    /var/cache/fontconfig/2cd17615ca594fa2959ae173292e504c-le64.cache-6
7f6a9c05d000-7f6a9c05e000 r--s 00000000 08:07 2890675                    /var/cache/fontconfig/0d8c3b2ac0904cb8a57a757ad11a4a08-le64.cache-6
7f6a9c05e000-7f6a9c062000 r--s 00000000 08:07 2885053                    /var/cache/fontconfig/de156ccd2eddbdc19d37a45b8b2aac9c-le64.cache-6
7f6a9c062000-7f6a9c077000 r--s 00000000 08:07 2890672                    /var/cache/fontconfig/04aabc0a78ac019cf9454389977116d2-le64.cache-6
7f6a9c077000-7f6a9c078000 r--s 00000000 08:07 2890677                    /var/cache/fontconfig/1ac9eb803944fde146138c791f5cc56a-le64.cache-6
7f6a9c078000-7f6a9c07c000 r--s 00000000 08:07 2890682                    /var/cache/fontconfig/385c0604a188198f04d133e54aba7fe7-le64.cache-6
7f6a9c07c000-7f6a9c07d000 r--s 00000000 08:07 2890709                    /var/cache/fontconfig/dc05db6664285cc2f12bf69c139ae4c3-le64.cache-6
7f6a9c07d000-7f6a9c080000 r--s 00000000 08:07 2890692                    /var/cache/fontconfig/767a8244fc0220cfb567a839d0392e0b-le64.cache-6
7f6a9c080000-7f6a9c081000 r--s 00000000 08:07 2883743                    /var/cache/fontconfig/4794a0821666d79190d59a36cb4f44b5-le64.cache-6
7f6a9c081000-7f6a9c086000 r--s 00000000 08:07 2890695                    /var/cache/fontconfig/8801497958630a81b71ace7c5f9b32a8-le64.cache-6
7f6a9c086000-7f6a9c087000 r--s 00000000 08:07 2890702                    /var/cache/fontconfig/bab58bb527bb656aaa9f116d68a48d89-le64.cache-6
7f6a9c087000-7f6a9c08e000 r--s 00000000 08:07 2890679                    /var/cache/fontconfig/3047814df9a2f067bd2d96a2b9c36e5a-le64.cache-6
7f6a9c08e000-7f6a9c08f000 r--s 00000000 08:07 2890686                    /var/cache/fontconfig/56cf4f4769d0f4abc89a4895d7bd3ae1-le64.cache-6
7f6a9c08f000-7f6a9c090000 r--s 00000000 08:07 2890701                    /var/cache/fontconfig/b9d506c9ac06c20b433354fa67a72993-le64.cache-6
7f6a9c090000-7f6a9c096000 r--s 00000000 08:07 2890700                    /var/cache/fontconfig/b47c4e1ecd0709278f4910c18777a504-le64.cache-6
7f6a9c096000-7f6a9c0a9000 r--s 00000000 08:07 2890706                    /var/cache/fontconfig/d52a8644073d54c13679302ca1180695-le64.cache-6
7f6a9c0a9000-7f6a9c0b4000 r--s 00000000 08:07 2887795                    /var/cache/fontconfig/d589a48862398ed80a3d6066f4f56f4c-le64.cache-6
7f6a9c0b4000-7f6a9c0b7000 r--s 00000000 08:07 2890691                    /var/cache/fontconfig/75114ca45c98e8a441da0ff356701271-le64.cache-6
7f6a9c0b7000-7f6a9c0c9000 r--s 00000000 08:07 2886108                    /var/cache/fontconfig/9b89f8e3dae116d678bbf48e5f21f69b-le64.cache-6
7f6a9c0c9000-7f6a9c0ee000 r--p 00000000 08:07 397003                     /usr/share/locale-langpack/es/LC_MESSAGES/libc.mo
7f6a9c0ee000-7f6a9cc3b000 rw-p 00000000 00:00 0 
7f6a9cc3b000-7f6a9cdf8000 r--s 039bf000 08:07 1057153                    /usr/lib/jvm/jdk1.7.0_51/jre/lib/rt.jar
7f6a9cdf8000-7f6a9d000000 rw-p 00000000 00:00 0 
7f6a9d000000-7f6a9d270000 rwxp 00000000 00:00 0 
7f6a9d270000-7f6aa0249000 rw-p 00000000 00:00 0 
7f6aa0249000-7f6aa4000000 ---p 00000000 00:00 0 
7f6aa4000000-7f6aa4001000 r--s 00000000 08:07 2890685                    /var/cache/fontconfig/551ecf3b0e8b0bca0f25c0944f561853-le64.cache-6
7f6aa4001000-7f6aa400c000 r--s 00000000 08:07 2890694                    /var/cache/fontconfig/83bf95040141907cd45bb53cf7c1c148-le64.cache-6
7f6aa400c000-7f6aa400f000 r--s 00000000 08:07 2890710                    /var/cache/fontconfig/e13b20fdb08344e0e664864cc2ede53d-le64.cache-6
7f6aa400f000-7f6aa4013000 r--s 00000000 08:07 2883629                    /var/cache/fontconfig/7ef2298fde41cc6eeb7af42e48b7d293-le64.cache-6
7f6aa4013000-7f6aa401e000 r--s 0037c000 08:07 1057110                    /usr/lib/jvm/jdk1.7.0_51/jre/lib/charsets.jar
7f6aa401e000-7f6aa417c000 rw-p 00000000 00:00 0 
7f6aa417c000-7f6aa417d000 ---p 00000000 00:00 0 
7f6aa417d000-7f6aa427d000 rw-p 00000000 00:00 0 
7f6aa427d000-7f6aa427e000 ---p 00000000 00:00 0 
7f6aa427e000-7f6aa437e000 rw-p 00000000 00:00 0 
7f6aa437e000-7f6aa437f000 ---p 00000000 00:00 0 
7f6aa437f000-7f6aa447f000 rw-p 00000000 00:00 0 
7f6aa447f000-7f6aa4480000 ---p 00000000 00:00 0 
7f6aa4480000-7f6aa4594000 rw-p 00000000 00:00 0 
7f6aa4594000-7f6aa46c0000 rw-p 00000000 00:00 0 
7f6aa46c0000-7f6aa46cb000 rw-p 00000000 00:00 0 
7f6aa46cb000-7f6aa46e9000 rw-p 00000000 00:00 0 
7f6aa46e9000-7f6aa46fd000 rw-p 00000000 00:00 0 
7f6aa46fd000-7f6aa4828000 rw-p 00000000 00:00 0 
7f6aa4828000-7f6aa4833000 rw-p 00000000 00:00 0 
7f6aa4833000-7f6aa48c8000 rw-p 00000000 00:00 0 
7f6aa48c8000-7f6aa48d3000 rw-p 00000000 00:00 0 
7f6aa48d3000-7f6aa4989000 rw-p 00000000 00:00 0 
7f6aa4989000-7f6aa49a3000 r-xp 00000000 08:07 1836101                    /usr/lib/jvm/jdk1.7.0_51/jre/lib/amd64/libzip.so
7f6aa49a3000-7f6aa4ba3000 ---p 0001a000 08:07 1836101                    /usr/lib/jvm/jdk1.7.0_51/jre/lib/amd64/libzip.so
7f6aa4ba3000-7f6aa4ba4000 rw-p 0001a000 08:07 1836101                    /usr/lib/jvm/jdk1.7.0_51/jre/lib/amd64/libzip.so
7f6aa4ba4000-7f6aa4baf000 r-xp 00000000 08:07 2364559                    /lib/x86_64-linux-gnu/libnss_files-2.23.so
7f6aa4baf000-7f6aa4dae000 ---p 0000b000 08:07 2364559                    /lib/x86_64-linux-gnu/libnss_files-2.23.so
7f6aa4dae000-7f6aa4daf000 r--p 0000a000 08:07 2364559                    /lib/x86_64-linux-gnu/libnss_files-2.23.so
7f6aa4daf000-7f6aa4db0000 rw-p 0000b000 08:07 2364559                    /lib/x86_64-linux-gnu/libnss_files-2.23.so
7f6aa4db0000-7f6aa4db6000 rw-p 00000000 00:00 0 
7f6aa4db6000-7f6aa4dc1000 r-xp 00000000 08:07 2364569                    /lib/x86_64-linux-gnu/libnss_nis-2.23.so
7f6aa4dc1000-7f6aa4fc0000 ---p 0000b000 08:07 2364569                    /lib/x86_64-linux-gnu/libnss_nis-2.23.so
7f6aa4fc0000-7f6aa4fc1000 r--p 0000a000 08:07 2364569                    /lib/x86_64-linux-gnu/libnss_nis-2.23.so
7f6aa4fc1000-7f6aa4fc2000 rw-p 0000b000 08:07 2364569                    /lib/x86_64-linux-gnu/libnss_nis-2.23.so
7f6aa4fc2000-7f6aa4fd8000 r-xp 00000000 08:07 2364553                    /lib/x86_64-linux-gnu/libnsl-2.23.so
7f6aa4fd8000-7f6aa51d7000 ---p 00016000 08:07 2364553                    /lib/x86_64-linux-gnu/libnsl-2.23.so
7f6aa51d7000-7f6aa51d8000 r--p 00015000 08:07 2364553                    /lib/x86_64-linux-gnu/libnsl-2.23.so
7f6aa51d8000-7f6aa51d9000 rw-p 00016000 08:07 2364553                    /lib/x86_64-linux-gnu/libnsl-2.23.so
7f6aa51d9000-7f6aa51db000 rw-p 00000000 00:00 0 
7f6aa51db000-7f6aa51e3000 r-xp 00000000 08:07 2364555                    /lib/x86_64-linux-gnu/libnss_compat-2.23.so
7f6aa51e3000-7f6aa53e2000 ---p 00008000 08:07 2364555                    /lib/x86_64-linux-gnu/libnss_compat-2.23.so
7f6aa53e2000-7f6aa53e3000 r--p 00007000 08:07 2364555                    /lib/x86_64-linux-gnu/libnss_compat-2.23.so
7f6aa53e3000-7f6aa53e4000 rw-p 00008000 08:07 2364555                    /lib/x86_64-linux-gnu/libnss_compat-2.23.so
7f6aa53e4000-7f6aa540d000 r-xp 00000000 08:07 1836085                    /usr/lib/jvm/jdk1.7.0_51/jre/lib/amd64/libjava.so
7f6aa540d000-7f6aa560d000 ---p 00029000 08:07 1836085                    /usr/lib/jvm/jdk1.7.0_51/jre/lib/amd64/libjava.so
7f6aa560d000-7f6aa560f000 rw-p 00029000 08:07 1836085                    /usr/lib/jvm/jdk1.7.0_51/jre/lib/amd64/libjava.so
7f6aa560f000-7f6aa561c000 r-xp 00000000 08:07 1836083                    /usr/lib/jvm/jdk1.7.0_51/jre/lib/amd64/libverify.so
7f6aa561c000-7f6aa581b000 ---p 0000d000 08:07 1836083                    /usr/lib/jvm/jdk1.7.0_51/jre/lib/amd64/libverify.so
7f6aa581b000-7f6aa581d000 rw-p 0000c000 08:07 1836083                    /usr/lib/jvm/jdk1.7.0_51/jre/lib/amd64/libverify.so
7f6aa581d000-7f6aa5824000 r-xp 00000000 08:07 2364614                    /lib/x86_64-linux-gnu/librt-2.23.so
7f6aa5824000-7f6aa5a23000 ---p 00007000 08:07 2364614                    /lib/x86_64-linux-gnu/librt-2.23.so
7f6aa5a23000-7f6aa5a24000 r--p 00006000 08:07 2364614                    /lib/x86_64-linux-gnu/librt-2.23.so
7f6aa5a24000-7f6aa5a25000 rw-p 00007000 08:07 2364614                    /lib/x86_64-linux-gnu/librt-2.23.so
7f6aa5a25000-7f6aa5a28000 ---p 00000000 00:00 0 
7f6aa5a28000-7f6aa5b26000 rw-p 00000000 00:00 0 
7f6aa5b26000-7f6aa5c2e000 r-xp 00000000 08:07 2364530                    /lib/x86_64-linux-gnu/libm-2.23.so
7f6aa5c2e000-7f6aa5e2d000 ---p 00108000 08:07 2364530                    /lib/x86_64-linux-gnu/libm-2.23.so
7f6aa5e2d000-7f6aa5e2e000 r--p 00107000 08:07 2364530                    /lib/x86_64-linux-gnu/libm-2.23.so
7f6aa5e2e000-7f6aa5e2f000 rw-p 00108000 08:07 2364530                    /lib/x86_64-linux-gnu/libm-2.23.so
7f6aa5e2f000-7f6aa6991000 r-xp 00000000 08:07 1836091                    /usr/lib/jvm/jdk1.7.0_51/jre/lib/amd64/server/libjvm.so
7f6aa6991000-7f6aa6b91000 ---p 00b62000 08:07 1836091                    /usr/lib/jvm/jdk1.7.0_51/jre/lib/amd64/server/libjvm.so
7f6aa6b91000-7f6aa6c54000 rw-p 00b62000 08:07 1836091                    /usr/lib/jvm/jdk1.7.0_51/jre/lib/amd64/server/libjvm.so
7f6aa6c54000-7f6aa6c95000 rw-p 00000000 00:00 0 
7f6aa6c95000-7f6aa6e55000 r-xp 00000000 08:07 2364460                    /lib/x86_64-linux-gnu/libc-2.23.so
7f6aa6e55000-7f6aa7054000 ---p 001c0000 08:07 2364460                    /lib/x86_64-linux-gnu/libc-2.23.so
7f6aa7054000-7f6aa7058000 r--p 001bf000 08:07 2364460                    /lib/x86_64-linux-gnu/libc-2.23.so
7f6aa7058000-7f6aa705a000 rw-p 001c3000 08:07 2364460                    /lib/x86_64-linux-gnu/libc-2.23.so
7f6aa705a000-7f6aa705e000 rw-p 00000000 00:00 0 
7f6aa705e000-7f6aa7061000 r-xp 00000000 08:07 2364484                    /lib/x86_64-linux-gnu/libdl-2.23.so
7f6aa7061000-7f6aa7260000 ---p 00003000 08:07 2364484                    /lib/x86_64-linux-gnu/libdl-2.23.so
7f6aa7260000-7f6aa7261000 r--p 00002000 08:07 2364484                    /lib/x86_64-linux-gnu/libdl-2.23.so
7f6aa7261000-7f6aa7262000 rw-p 00003000 08:07 2364484                    /lib/x86_64-linux-gnu/libdl-2.23.so
7f6aa7262000-7f6aa7278000 r-xp 00000000 08:07 1056839                    /usr/lib/jvm/jdk1.7.0_51/lib/amd64/jli/libjli.so
7f6aa7278000-7f6aa7478000 ---p 00016000 08:07 1056839                    /usr/lib/jvm/jdk1.7.0_51/lib/amd64/jli/libjli.so
7f6aa7478000-7f6aa7479000 rw-p 00016000 08:07 1056839                    /usr/lib/jvm/jdk1.7.0_51/lib/amd64/jli/libjli.so
7f6aa7479000-7f6aa7491000 r-xp 00000000 08:07 2364606                    /lib/x86_64-linux-gnu/libpthread-2.23.so
7f6aa7491000-7f6aa7690000 ---p 00018000 08:07 2364606                    /lib/x86_64-linux-gnu/libpthread-2.23.so
7f6aa7690000-7f6aa7691000 r--p 00017000 08:07 2364606                    /lib/x86_64-linux-gnu/libpthread-2.23.so
7f6aa7691000-7f6aa7692000 rw-p 00018000 08:07 2364606                    /lib/x86_64-linux-gnu/libpthread-2.23.so
7f6aa7692000-7f6aa7696000 rw-p 00000000 00:00 0 
7f6aa7696000-7f6aa76bc000 r-xp 00000000 08:07 2364432                    /lib/x86_64-linux-gnu/ld-2.23.so
7f6aa76bc000-7f6aa76bd000 r--s 00000000 08:07 2890680                    /var/cache/fontconfig/30829fa25452a46451e813d634d7f916-le64.cache-6
7f6aa76bd000-7f6aa76c4000 r--s 00000000 08:07 3016614                    /usr/lib/x86_64-linux-gnu/gconv/gconv-modules.cache
7f6aa76c4000-7f6aa76c6000 r--s 0000d000 08:08 3412122                    /home/kcrez/Documentos/JavaDuino/library/rxtx2.1/RXTXcomm.jar
7f6aa76c6000-7f6aa76c8000 r--s 0000d000 08:07 1835127                    /usr/lib/jvm/jdk1.7.0_51/jre/lib/ext/RXTXcomm.jar
7f6aa76c8000-7f6aa771c000 rw-p 00000000 00:00 0 
7f6aa771c000-7f6aa773a000 rw-p 00000000 00:00 0 
7f6aa773a000-7f6aa773e000 rw-p 00000000 00:00 0 
7f6aa773e000-7f6aa7782000 r-xp 00000000 08:07 1052366                    /opt/eset/esets/lib/libesets_pac.so
7f6aa7782000-7f6aa7882000 ---p 00044000 08:07 1052366                    /opt/eset/esets/lib/libesets_pac.so
7f6aa7882000-7f6aa7885000 rw-p 00044000 08:07 1052366                    /opt/eset/esets/lib/libesets_pac.so
7f6aa7885000-7f6aa7898000 rw-p 00000000 00:00 0 
7f6aa7898000-7f6aa7899000 r--s 00000000 08:07 2890674                    /var/cache/fontconfig/0c9eb80ebd1c36541ebe2852d3bb0c49-le64.cache-6
7f6aa7899000-7f6aa78ae000 rw-p 00000000 00:00 0 
7f6aa78ae000-7f6aa78b6000 rw-s 00000000 08:07 2097294                    /tmp/hsperfdata_kcrez/7639
7f6aa78b6000-7f6aa78b7000 rw-p 00000000 00:00 0 
7f6aa78b7000-7f6aa78b8000 r--p 00000000 00:00 0 
7f6aa78b8000-7f6aa78bb000 rw-p 00000000 00:00 0 
7f6aa78bb000-7f6aa78bc000 r--p 00025000 08:07 2364432                    /lib/x86_64-linux-gnu/ld-2.23.so
7f6aa78bc000-7f6aa78bd000 rw-p 00026000 08:07 2364432                    /lib/x86_64-linux-gnu/ld-2.23.so
7f6aa78bd000-7f6aa78be000 rw-p 00000000 00:00 0 
7ffe536fe000-7ffe5371f000 rw-p 00000000 00:00 0                          [stack]
7ffe537f9000-7ffe537fb000 r--p 00000000 00:00 0                          [vvar]
7ffe537fb000-7ffe537fd000 r-xp 00000000 00:00 0                          [vdso]
ffffffffff600000-ffffffffff601000 r-xp 00000000 00:00 0                  [vsyscall]

VM Arguments:
jvm_args: -Dfile.encoding=UTF-8 -Djava.library.path=/home/kcrez/Documentos/JavaDuino/library/rxtx2.1 
java_command: PPD_Frame
Launcher Type: SUN_STANDARD

Environment Variables:
PATH=/usr/local/sbin:/usr/local/bin:/usr/sbin:/usr/bin:/sbin:/bin:/usr/games:/usr/local/games:/snap/bin
LD_LIBRARY_PATH=/usr/lib/jvm/jdk1.7.0_51/jre/lib/amd64:/usr/lib/jvm/jdk1.7.0_51/jre/lib/i386:
SHELL=/bin/bash
DISPLAY=:0

Signal Handlers:
SIGSEGV: [libjvm.so+0x993870], sa_mask[0]=0x7ffbfeff, sa_flags=0x10000004
SIGBUS: [libjvm.so+0x993870], sa_mask[0]=0x7ffbfeff, sa_flags=0x10000004
SIGFPE: [libjvm.so+0x8105b0], sa_mask[0]=0x7ffbfeff, sa_flags=0x10000004
SIGPIPE: [libjvm.so+0x8105b0], sa_mask[0]=0x7ffbfeff, sa_flags=0x10000004
SIGXFSZ: [libjvm.so+0x8105b0], sa_mask[0]=0x7ffbfeff, sa_flags=0x10000004
SIGILL: [libjvm.so+0x8105b0], sa_mask[0]=0x7ffbfeff, sa_flags=0x10000004
SIGUSR1: SIG_DFL, sa_mask[0]=0x00000000, sa_flags=0x00000000
SIGUSR2: [libjvm.so+0x811aa0], sa_mask[0]=0x00000004, sa_flags=0x10000004
SIGHUP: [libjvm.so+0x812a10], sa_mask[0]=0x7ffbfeff, sa_flags=0x10000004
SIGINT: SIG_IGN, sa_mask[0]=0x00000000, sa_flags=0x00000000
SIGTERM: [libjvm.so+0x812a10], sa_mask[0]=0x7ffbfeff, sa_flags=0x10000004
SIGQUIT: [libjvm.so+0x812a10], sa_mask[0]=0x7ffbfeff, sa_flags=0x10000004


---------------  S Y S T E M  ---------------

OS:stretch/sid

uname:Linux 4.4.0-22-generic #40-Ubuntu SMP Thu May 12 22:03:46 UTC 2016 x86_64
libc:glibc 2.23 NPTL 2.23 
rlimit: STACK 8192k, CORE 0k, NPROC 15146, NOFILE 65536, AS infinity
load average:0.16 0.26 0.33

/proc/meminfo:
MemTotal:        3916240 kB
MemFree:          320048 kB
MemAvailable:    1231396 kB
Buffers:           95004 kB
Cached:           966884 kB
SwapCached:          700 kB
Active:          2284252 kB
Inactive:        1054316 kB
Active(anon):    1855128 kB
Inactive(anon):   685492 kB
Active(file):     429124 kB
Inactive(file):   368824 kB
Unevictable:          48 kB
Mlocked:              48 kB
SwapTotal:       7812088 kB
SwapFree:        7779148 kB
Dirty:               356 kB
Writeback:             0 kB
AnonPages:       2276248 kB
Mapped:           327244 kB
Shmem:            263940 kB
Slab:             176884 kB
SReclaimable:     142632 kB
SUnreclaim:        34252 kB
KernelStack:       10144 kB
PageTables:        33772 kB
NFS_Unstable:          0 kB
Bounce:                0 kB
WritebackTmp:          0 kB
CommitLimit:     9770208 kB
Committed_AS:    6775764 kB
VmallocTotal:   34359738367 kB
VmallocUsed:           0 kB
VmallocChunk:          0 kB
HardwareCorrupted:     0 kB
AnonHugePages:   1306624 kB
CmaTotal:              0 kB
CmaFree:               0 kB
HugePages_Total:       0
HugePages_Free:        0
HugePages_Rsvd:        0
HugePages_Surp:        0
Hugepagesize:       2048 kB
DirectMap4k:      123676 kB
DirectMap2M:     3940352 kB
DirectMap1G:           0 kB


CPU:total 4 (2 cores per cpu, 2 threads per core) family 6 model 60 stepping 3, cmov, cx8, fxsr, mmx, sse, sse2, sse3, ssse3, sse4.1, sse4.2, popcnt, avx, avx2, aes, erms, ht, tsc, tscinvbit

/proc/cpuinfo:
processor	: 0
vendor_id	: GenuineIntel
cpu family	: 6
model		: 60
model name	: Intel(R) Core(TM) i3-4170 CPU @ 3.70GHz
stepping	: 3
microcode	: 0x1e
cpu MHz		: 3700.000
cache size	: 3072 KB
physical id	: 0
siblings	: 4
core id		: 0
cpu cores	: 2
apicid		: 0
initial apicid	: 0
fpu		: yes
fpu_exception	: yes
cpuid level	: 13
wp		: yes
flags		: fpu vme de pse tsc msr pae mce cx8 apic sep mtrr pge mca cmov pat pse36 clflush dts acpi mmx fxsr sse sse2 ss ht tm pbe syscall nx pdpe1gb rdtscp lm constant_tsc arch_perfmon pebs bts rep_good nopl xtopology nonstop_tsc aperfmperf eagerfpu pni pclmulqdq dtes64 monitor ds_cpl vmx est tm2 ssse3 sdbg fma cx16 xtpr pdcm pcid sse4_1 sse4_2 movbe popcnt tsc_deadline_timer aes xsave avx f16c rdrand lahf_lm abm epb tpr_shadow vnmi flexpriority ept vpid fsgsbase tsc_adjust bmi1 avx2 smep bmi2 erms invpcid xsaveopt dtherm arat pln pts
bugs		:
bogomips	: 7382.73
clflush size	: 64
cache_alignment	: 64
address sizes	: 39 bits physical, 48 bits virtual
power management:

processor	: 1
vendor_id	: GenuineIntel
cpu family	: 6
model		: 60
model name	: Intel(R) Core(TM) i3-4170 CPU @ 3.70GHz
stepping	: 3
microcode	: 0x1e
cpu MHz		: 3699.855
cache size	: 3072 KB
physical id	: 0
siblings	: 4
core id		: 1
cpu cores	: 2
apicid		: 2
initial apicid	: 2
fpu		: yes
fpu_exception	: yes
cpuid level	: 13
wp		: yes
flags		: fpu vme de pse tsc msr pae mce cx8 apic sep mtrr pge mca cmov pat pse36 clflush dts acpi mmx fxsr sse sse2 ss ht tm pbe syscall nx pdpe1gb rdtscp lm constant_tsc arch_perfmon pebs bts rep_good nopl xtopology nonstop_tsc aperfmperf eagerfpu pni pclmulqdq dtes64 monitor ds_cpl vmx est tm2 ssse3 sdbg fma cx16 xtpr pdcm pcid sse4_1 sse4_2 movbe popcnt tsc_deadline_timer aes xsave avx f16c rdrand lahf_lm abm epb tpr_shadow vnmi flexpriority ept vpid fsgsbase tsc_adjust bmi1 avx2 smep bmi2 erms invpcid xsaveopt dtherm arat pln pts
bugs		:
bogomips	: 7382.73
clflush size	: 64
cache_alignment	: 64
address sizes	: 39 bits physical, 48 bits virtual
power management:

processor	: 2
vendor_id	: GenuineIntel
cpu family	: 6
model		: 60
model name	: Intel(R) Core(TM) i3-4170 CPU @ 3.70GHz
stepping	: 3
microcode	: 0x1e
cpu MHz		: 3700.000
cache size	: 3072 KB
physical id	: 0
siblings	: 4
core id		: 0
cpu cores	: 2
apicid		: 1
initial apicid	: 1
fpu		: yes
fpu_exception	: yes
cpuid level	: 13
wp		: yes
flags		: fpu vme de pse tsc msr pae mce cx8 apic sep mtrr pge mca cmov pat pse36 clflush dts acpi mmx fxsr sse sse2 ss ht tm pbe syscall nx pdpe1gb rdtscp lm constant_tsc arch_perfmon pebs bts rep_good nopl xtopology nonstop_tsc aperfmperf eagerfpu pni pclmulqdq dtes64 monitor ds_cpl vmx est tm2 ssse3 sdbg fma cx16 xtpr pdcm pcid sse4_1 sse4_2 movbe popcnt tsc_deadline_timer aes xsave avx f16c rdrand lahf_lm abm epb tpr_shadow vnmi flexpriority ept vpid fsgsbase tsc_adjust bmi1 avx2 smep bmi2 erms invpcid xsaveopt dtherm arat pln pts
bugs		:
bogomips	: 7382.73
clflush size	: 64
cache_alignment	: 64
address sizes	: 39 bits physical, 48 bits virtual
power management:

processor	: 3
vendor_id	: GenuineIntel
cpu family	: 6
model		: 60
model name	: Intel(R) Core(TM) i3-4170 CPU @ 3.70GHz
stepping	: 3
microcode	: 0x1e
cpu MHz		: 3700.000
cache size	: 3072 KB
physical id	: 0
siblings	: 4
core id		: 1
cpu cores	: 2
apicid		: 3
initial apicid	: 3
fpu		: yes
fpu_exception	: yes
cpuid level	: 13
wp		: yes
flags		: fpu vme de pse tsc msr pae mce cx8 apic sep mtrr pge mca cmov pat pse36 clflush dts acpi mmx fxsr sse sse2 ss ht tm pbe syscall nx pdpe1gb rdtscp lm constant_tsc arch_perfmon pebs bts rep_good nopl xtopology nonstop_tsc aperfmperf eagerfpu pni pclmulqdq dtes64 monitor ds_cpl vmx est tm2 ssse3 sdbg fma cx16 xtpr pdcm pcid sse4_1 sse4_2 movbe popcnt tsc_deadline_timer aes xsave avx f16c rdrand lahf_lm abm epb tpr_shadow vnmi flexpriority ept vpid fsgsbase tsc_adjust bmi1 avx2 smep bmi2 erms invpcid xsaveopt dtherm arat pln pts
bugs		:
bogomips	: 7382.73
clflush size	: 64
cache_alignment	: 64
address sizes	: 39 bits physical, 48 bits virtual
power management:



Memory: 4k page, physical 3916240k(320048k free), swap 7812088k(7779148k free)

vm_info: Java HotSpot(TM) 64-Bit Server VM (24.51-b03) for linux-amd64 JRE (1.7.0_51-b13), built on Dec 18 2013 18:48:01 by "java_re" with gcc 4.3.0 20080428 (Red Hat 4.3.0-8)

time: Sun Jul 31 17:16:52 2016
elapsed time: 0 seconds

