#
# A fatal error has been detected by the Java Runtime Environment:
#
#  SIGSEGV (0xb) at pc=0x00007f1ba05ee462, pid=7503, tid=139756630529792
#
# JRE version: Java(TM) SE Runtime Environment (7.0_51-b13) (build 1.7.0_51-b13)
# Java VM: Java HotSpot(TM) 64-Bit Server VM (24.51-b03 mixed mode linux-amd64 compressed oops)
# Problematic frame:
# C  [librxtxSerial.so+0x6462]  read_byte_array+0x52
#
# Failed to write core dump. Core dumps have been disabled. To enable core dumping, try "ulimit -c unlimited" before starting Java again
#
# If you would like to submit a bug report, please visit:
#   http://bugreport.sun.com/bugreport/crash.jsp
# The crash happened outside the Java Virtual Machine in native code.
# See problematic frame for where to report the bug.
#

---------------  T H R E A D  ---------------

Current thread (0x00007f1b580d1000):  JavaThread "Thread-0" [_thread_in_native, id=7534, stack(0x00007f1ba0415000,0x00007f1ba0516000)]

siginfo:si_signo=SIGSEGV: si_errno=0, si_code=1 (SEGV_MAPERR), si_addr=0xffffffffa05146f8

Registers:
RAX=0xffffffffa05146f0, RBX=0xffffffffffffffff, RCX=0x0000000000000001, RDX=0x00007f1bb628da50
RSP=0x00007f1ba0513ac0, RBP=0x00007f1b580d11e8, RSI=0x00007f1ba05f1e30, RDI=0x00007f1ba05f1d3e
R8 =0x00007f1ba0513a30, R9 =0x00000000ffffffff, R10=0x0000000000000049, R11=0x00007f1ba05ee410
R12=0x00000000ffffffff, R13=0x0000000000000000, R14=0x000000000000001d, R15=0x0000000000000000
RIP=0x00007f1ba05ee462, EFLAGS=0x0000000000010206, CSGSFS=0x0000000000000033, ERR=0x0000000000000005
  TRAPNO=0x000000000000000e

Top of Stack: (sp=0x00007f1ba0513ac0)
0x00007f1ba0513ac0:   ff0000000000ff00 0000000000000000
0x00007f1ba0513ad0:   0000000000000000 0000000000000000
0x00007f1ba0513ae0:   000000000000000a ffffffffa05146f0
0x00007f1ba0513af0:   0000000000000000 0000000000000000
0x00007f1ba0513b00:   0000000000000000 000000fd00000000
0x00007f1ba0513b10:   00007f1b440016b0 0000001d00000000
0x00007f1ba0513b20:   0000000000000000 0000000000000000
0x00007f1ba0513b30:   0000000000000000 0000000000000000
0x00007f1ba0513b40:   00007f1b580d1000 0000000000000700
0x00007f1ba0513b50:   0000000000002000 0000000000000000
0x00007f1ba0513b60:   000000000000001d 0000000000000000
0x00007f1ba0513b70:   00007f1ba0513ba0 00007f1bb5700dac
0x00007f1ba0513b80:   00007f1b440016b0 00007f1b440016b0
0x00007f1ba0513b90:   000000000000001d 00007f1ba0513c00
0x00007f1ba0513ba0:   00007f1b580d11e8 00000000000000fd
0x00007f1ba0513bb0:   00000000ffffffff ffffffffffffffff
0x00007f1ba0513bc0:   00007f1b580d11e8 00007f1b440016b0
0x00007f1ba0513bd0:   00000000000000fd 000000000000001d
0x00007f1ba0513be0:   0000000000000000 00007f1ba05ee8a1
0x00007f1ba0513bf0:   00007f1b580d1000 00007f1ba0513cd0
0x00007f1ba0513c00:   00007f1ba0513cd8 00000000bfb2ed10
0x00007f1ba0513c10:   00007f1ba0513ca0 0000000000000000
0x00007f1ba0513c20:   00000000bfb2ed08 00007f1ba0513cd8
0x00007f1ba0513c30:   00007f1b580d1000 00007f1bac020af9
0x00007f1ba0513c40:   00007f1b6c0d77e8 00007f1ba0513cd8
0x00007f1ba0513c50:   00007f1b580d1000 0000000a000000b6
0x00007f1ba0513c60:   00007f1ba0513c60 00000000bfb2ed08
0x00007f1ba0513c70:   00007f1ba0513cd8 00000000bfb42c48
0x00007f1ba0513c80:   0000000000000000 00000000bfb2ed10
0x00007f1ba0513c90:   0000000000000000 00007f1ba0513cc0
0x00007f1ba0513ca0:   00007f1ba0513d30 00007f1bac00e254
0x00007f1ba0513cb0:   0000000000000000 00007f1bac01af36 

Instructions: (pc=0x00007f1ba05ee462)
0x00007f1ba05ee442:   89 44 24 4c 48 c7 44 24 40 00 00 00 00 48 c7 44
0x00007f1ba05ee452:   24 38 00 00 00 00 e8 53 d7 ff ff 48 89 44 24 28
0x00007f1ba05ee462:   8b 40 08 45 85 e4 48 8b 54 24 28 44 8b 7c 24 4c
0x00007f1ba05ee472:   89 44 24 34 c7 42 08 00 00 00 00 78 0c 31 c0 e8 

Register to memory mapping:

RAX=0xffffffffa05146f0 is an unknown value
RBX=0xffffffffffffffff is an unknown value
RCX=0x0000000000000001 is an unknown value
RDX=0x00007f1bb628da50: <offset 0xe37a50> in /usr/lib/jvm/jdk1.7.0_51/jre/lib/amd64/server/libjvm.so at 0x00007f1bb5456000
RSP=0x00007f1ba0513ac0 is pointing into the stack for thread: 0x00007f1b580d1000
RBP=0x00007f1b580d11e8 is an unknown value
RSI=0x00007f1ba05f1e30: <offset 0x9e30> in /usr/lib/jvm/jdk1.7.0_51/jre/lib/amd64/librxtxSerial.so at 0x00007f1ba05e8000
RDI=0x00007f1ba05f1d3e: <offset 0x9d3e> in /usr/lib/jvm/jdk1.7.0_51/jre/lib/amd64/librxtxSerial.so at 0x00007f1ba05e8000
R8 =0x00007f1ba0513a30 is pointing into the stack for thread: 0x00007f1b580d1000
R9 =0x00000000ffffffff is an unallocated location in the heap
R10=0x0000000000000049 is an unknown value
R11=0x00007f1ba05ee410: read_byte_array+0 in /usr/lib/jvm/jdk1.7.0_51/jre/lib/amd64/librxtxSerial.so at 0x00007f1ba05e8000
R12=0x00000000ffffffff is an unallocated location in the heap
R13=0x0000000000000000 is an unknown value
R14=0x000000000000001d is an unknown value
R15=0x0000000000000000 is an unknown value


Stack: [0x00007f1ba0415000,0x00007f1ba0516000],  sp=0x00007f1ba0513ac0,  free space=1018k
Native frames: (J=compiled Java code, j=interpreted, Vv=VM code, C=native code)
C  [librxtxSerial.so+0x6462]  read_byte_array+0x52

Java frames: (J=compiled Java code, j=interpreted, Vv=VM code)
j  gnu.io.RXTXPort.readArray([BII)I+0
j  gnu.io.RXTXPort$SerialInputStream.read([BII)I+187
j  sun.nio.cs.StreamDecoder.readBytes()I+135
j  sun.nio.cs.StreamDecoder.implRead([CII)I+112
j  sun.nio.cs.StreamDecoder.read([CII)I+180
j  java.io.InputStreamReader.read([CII)I+7
j  java.io.BufferedReader.fill()V+145
j  java.io.BufferedReader.readLine(Z)Ljava/lang/String;+44
j  java.io.BufferedReader.readLine()Ljava/lang/String;+2
j  PPD_Frame.serialEvent(Lgnu/io/SerialPortEvent;)V+14
j  gnu.io.RXTXPort.sendEvent(IZ)Z+382
v  ~StubRoutines::call_stub
j  gnu.io.RXTXPort.eventLoop()V+0
j  gnu.io.RXTXPort$MonitorThread.run()V+12
v  ~StubRoutines::call_stub

---------------  P R O C E S S  ---------------

Java Threads: ( => current thread )
=>0x00007f1b580d1000 JavaThread "Thread-0" [_thread_in_native, id=7534, stack(0x00007f1ba0415000,0x00007f1ba0516000)]
  0x00007f1b58003000 JavaThread "org.netbeans.modules.debugger.jpda.visual AWT Access Loop" daemon [_thread_blocked, id=7532, stack(0x00007f1ba0b69000,0x00007f1ba0c6a000)]
  0x00007f1bb000d800 JavaThread "DestroyJavaVM" [_thread_blocked, id=7508, stack(0x00007f1bb504c000,0x00007f1bb514d000)]
  0x00007f1bb021a800 JavaThread "AWT-EventQueue-0" [_thread_blocked, id=7531, stack(0x00007f1ba0c6a000,0x00007f1ba0d6b000)]
  0x00007f1bb01ea800 JavaThread "AWT-Shutdown" [_thread_blocked, id=7530, stack(0x00007f1ba0d6b000,0x00007f1ba0e6c000)]
  0x00007f1bb01a6800 JavaThread "AWT-XAWT" daemon [_thread_in_native, id=7529, stack(0x00007f1ba1a24000,0x00007f1ba1b25000)]
  0x00007f1bb0183800 JavaThread "Java2D Disposer" daemon [_thread_blocked, id=7528, stack(0x00007f1ba1f35000,0x00007f1ba2036000)]
  0x00007f1bb00a9000 JavaThread "Service Thread" daemon [_thread_blocked, id=7526, stack(0x00007f1ba37f6000,0x00007f1ba38f7000)]
  0x00007f1bb00a6800 JavaThread "C2 CompilerThread1" daemon [_thread_blocked, id=7525, stack(0x00007f1ba38f7000,0x00007f1ba39f8000)]
  0x00007f1bb00a3800 JavaThread "C2 CompilerThread0" daemon [_thread_blocked, id=7524, stack(0x00007f1ba39f8000,0x00007f1ba3af9000)]
  0x00007f1b80001000 JavaThread "JDWP Command Reader" daemon [_thread_in_native, id=7521, stack(0x00007f1ba3af9000,0x00007f1ba3bfa000)]
  0x00007f1bb00a1800 JavaThread "JDWP Event Helper Thread" daemon [_thread_blocked, id=7520, stack(0x00007f1ba3bfa000,0x00007f1ba3cfb000)]
  0x00007f1bb009e000 JavaThread "JDWP Transport Listener: dt_socket" daemon [_thread_blocked, id=7517, stack(0x00007f1ba3cfb000,0x00007f1ba3dfc000)]
  0x00007f1bb0090800 JavaThread "Signal Dispatcher" daemon [_thread_blocked, id=7516, stack(0x00007f1ba8094000,0x00007f1ba8195000)]
  0x00007f1bb0073000 JavaThread "Finalizer" daemon [_thread_blocked, id=7515, stack(0x00007f1ba8195000,0x00007f1ba8296000)]
  0x00007f1bb006f000 JavaThread "Reference Handler" daemon [_thread_blocked, id=7514, stack(0x00007f1ba8296000,0x00007f1ba8397000)]

Other Threads:
  0x00007f1bb006c800 VMThread [stack: 0x00007f1ba8397000,0x00007f1ba8498000] [id=7513]
  0x00007f1bb00bb800 WatcherThread [stack: 0x00007f1ba36f5000,0x00007f1ba37f6000] [id=7527]

VM state:not at safepoint (normal execution)

VM Mutex/Monitor currently owned by a thread: None

Heap
 PSYoungGen      total 17920K, used 9225K [0x00000000ec080000, 0x00000000ed480000, 0x0000000100000000)
  eden space 15360K, 60% used [0x00000000ec080000,0x00000000ec982700,0x00000000ecf80000)
  from space 2560K, 0% used [0x00000000ed200000,0x00000000ed200000,0x00000000ed480000)
  to   space 2560K, 0% used [0x00000000ecf80000,0x00000000ecf80000,0x00000000ed200000)
 ParOldGen       total 40448K, used 0K [0x00000000c4200000, 0x00000000c6980000, 0x00000000ec080000)
  object space 40448K, 0% used [0x00000000c4200000,0x00000000c4200000,0x00000000c6980000)
 PSPermGen       total 21504K, used 12211K [0x00000000bf000000, 0x00000000c0500000, 0x00000000c4200000)
  object space 21504K, 56% used [0x00000000bf000000,0x00000000bfbece00,0x00000000c0500000)

Card table byte_map: [0x00007f1babdff000,0x00007f1bac008000] byte_map_base: 0x00007f1bab807000

Polling page: 0x00007f1bb6ede000

Code Cache  [0x00007f1bac008000, 0x00007f1bac278000, 0x00007f1baf008000)
 total_blobs=519 nmethods=48 adapters=432 free_code_cache=48468Kb largest_free_block=49621248

Compilation events (10 events):
Event: 0.869 Thread 0x00007f1bb00a3800 nmethod 43 0x00007f1bac0a3110 code [0x00007f1bac0a3280, 0x00007f1bac0a36d8]
Event: 0.872 Thread 0x00007f1bb00a6800 nmethod 44% 0x00007f1bac0a46d0 code [0x00007f1bac0a4880, 0x00007f1bac0a5158]
Event: 0.880 Thread 0x00007f1bb00a3800   45             javax.swing.plaf.nimbus.EffectUtils::blur (157 bytes)
Event: 0.894 Thread 0x00007f1bb00a3800 nmethod 45 0x00007f1bac0a2310 code [0x00007f1bac0a24a0, 0x00007f1bac0a2cb8]
Event: 0.906 Thread 0x00007f1bb00a6800   46             java.awt.MultipleGradientPaintContext::indexIntoGradientsArrays (190 bytes)
Event: 0.912 Thread 0x00007f1bb00a6800 nmethod 46 0x00007f1bac0b2b10 code [0x00007f1bac0b2ce0, 0x00007f1bac0b32d8]
Event: 0.912 Thread 0x00007f1bb00a3800   47             java.awt.MultipleGradientPaintContext::interpolate (202 bytes)
Event: 0.913 Thread 0x00007f1bb00a6800   48             java.awt.LinearGradientPaintContext::fillRaster (97 bytes)
Event: 0.916 Thread 0x00007f1bb00a6800 nmethod 48 0x00007f1bac0b5110 code [0x00007f1bac0b5260, 0x00007f1bac0b5588]
Event: 0.921 Thread 0x00007f1bb00a3800 nmethod 47 0x00007f1bac0b4850 code [0x00007f1bac0b4a00, 0x00007f1bac0b4ff8]

GC Heap History (0 events):
No events

Deoptimization events (1 events):
Event: 0.372 Thread 0x00007f1bb000d800 Uncommon trap: reason=class_check action=maybe_recompile pc=0x00007f1bac080d80 method=java.util.Properties$LineReader.readLine()I @ 62

Internal exceptions (10 events):
Event: 0.568 Thread 0x00007f1bb021a800 Threw 0x00000000ec42bcc0 at /HUDSON/workspace/7u-2-build-linux-amd64@2/jdk7u51/527/hotspot/src/share/vm/prims/jvm.cpp:1244
Event: 0.568 Thread 0x00007f1bb021a800 Threw 0x00000000ec42d3d8 at /HUDSON/workspace/7u-2-build-linux-amd64@2/jdk7u51/527/hotspot/src/share/vm/prims/jvm.cpp:1244
Event: 0.568 Thread 0x00007f1bb021a800 Threw 0x00000000ec430f18 at /HUDSON/workspace/7u-2-build-linux-amd64@2/jdk7u51/527/hotspot/src/share/vm/prims/jvm.cpp:1244
Event: 0.568 Thread 0x00007f1bb021a800 Threw 0x00000000ec432630 at /HUDSON/workspace/7u-2-build-linux-amd64@2/jdk7u51/527/hotspot/src/share/vm/prims/jvm.cpp:1244
Event: 0.673 Thread 0x00007f1bb021a800 Threw 0x00000000ec568448 at /HUDSON/workspace/7u-2-build-linux-amd64@2/jdk7u51/527/hotspot/src/share/vm/prims/jvm.cpp:1244
Event: 0.674 Thread 0x00007f1bb021a800 Threw 0x00000000ec56a018 at /HUDSON/workspace/7u-2-build-linux-amd64@2/jdk7u51/527/hotspot/src/share/vm/prims/jvm.cpp:1244
Event: 0.774 Thread 0x00007f1bb021a800 Threw 0x00000000ec876d58 at /HUDSON/workspace/7u-2-build-linux-amd64@2/jdk7u51/527/hotspot/src/share/vm/prims/jni.cpp:717
Event: 0.790 Thread 0x00007f1bb021a800 Threw 0x00000000ec889fe0 at /HUDSON/workspace/7u-2-build-linux-amd64@2/jdk7u51/527/hotspot/src/share/vm/prims/jni.cpp:717
Event: 0.792 Thread 0x00007f1bb021a800 Threw 0x00000000ec89b998 at /HUDSON/workspace/7u-2-build-linux-amd64@2/jdk7u51/527/hotspot/src/share/vm/prims/jni.cpp:717
Event: 0.809 Thread 0x00007f1bb021a800 Threw 0x00000000ec8ae910 at /HUDSON/workspace/7u-2-build-linux-amd64@2/jdk7u51/527/hotspot/src/share/vm/prims/jni.cpp:717

Events (10 events):
Event: 7.706 Executing VM operation: GetOrSetLocal
Event: 7.706 Executing VM operation: GetOrSetLocal done
Event: 7.706 Executing VM operation: GetOrSetLocal
Event: 7.706 Executing VM operation: GetOrSetLocal done
Event: 8.993 Executing VM operation: GetOrSetLocal
Event: 8.993 Executing VM operation: GetOrSetLocal done
Event: 8.993 Executing VM operation: GetOrSetLocal
Event: 8.993 Executing VM operation: GetOrSetLocal done
Event: 8.993 Executing VM operation: GetOrSetLocal
Event: 8.993 Executing VM operation: GetOrSetLocal done


Dynamic libraries:
00400000-00401000 r-xp 00000000 08:07 937188                             /usr/lib/jvm/jdk1.7.0_51/bin/java
00600000-00601000 rw-p 00000000 08:07 937188                             /usr/lib/jvm/jdk1.7.0_51/bin/java
01b63000-01b84000 rw-p 00000000 00:00 0                                  [heap]
bf000000-c0500000 rw-p 00000000 00:00 0 
c0500000-c4200000 rw-p 00000000 00:00 0 
c4200000-c6980000 rw-p 00000000 00:00 0 
c6980000-ec080000 rw-p 00000000 00:00 0 
ec080000-ed480000 rw-p 00000000 00:00 0 
ed480000-100000000 rw-p 00000000 00:00 0 
7f1b44000000-7f1b44021000 rw-p 00000000 00:00 0 
7f1b44021000-7f1b48000000 ---p 00000000 00:00 0 
7f1b4c000000-7f1b4c021000 rw-p 00000000 00:00 0 
7f1b4c021000-7f1b50000000 ---p 00000000 00:00 0 
7f1b50000000-7f1b50056000 rw-p 00000000 00:00 0 
7f1b50056000-7f1b54000000 ---p 00000000 00:00 0 
7f1b54000000-7f1b54021000 rw-p 00000000 00:00 0 
7f1b54021000-7f1b58000000 ---p 00000000 00:00 0 
7f1b58000000-7f1b580f6000 rw-p 00000000 00:00 0 
7f1b580f6000-7f1b5c000000 ---p 00000000 00:00 0 
7f1b5c000000-7f1b5c021000 rw-p 00000000 00:00 0 
7f1b5c021000-7f1b60000000 ---p 00000000 00:00 0 
7f1b60000000-7f1b60021000 rw-p 00000000 00:00 0 
7f1b60021000-7f1b64000000 ---p 00000000 00:00 0 
7f1b64000000-7f1b64021000 rw-p 00000000 00:00 0 
7f1b64021000-7f1b68000000 ---p 00000000 00:00 0 
7f1b68000000-7f1b68021000 rw-p 00000000 00:00 0 
7f1b68021000-7f1b6c000000 ---p 00000000 00:00 0 
7f1b6c000000-7f1b6c49d000 rw-p 00000000 00:00 0 
7f1b6c49d000-7f1b70000000 ---p 00000000 00:00 0 
7f1b70000000-7f1b70487000 rw-p 00000000 00:00 0 
7f1b70487000-7f1b74000000 ---p 00000000 00:00 0 
7f1b74000000-7f1b7402a000 rw-p 00000000 00:00 0 
7f1b7402a000-7f1b78000000 ---p 00000000 00:00 0 
7f1b78000000-7f1b78021000 rw-p 00000000 00:00 0 
7f1b78021000-7f1b7c000000 ---p 00000000 00:00 0 
7f1b7c000000-7f1b7c021000 rw-p 00000000 00:00 0 
7f1b7c021000-7f1b80000000 ---p 00000000 00:00 0 
7f1b80000000-7f1b8003d000 rw-p 00000000 00:00 0 
7f1b8003d000-7f1b84000000 ---p 00000000 00:00 0 
7f1b84000000-7f1b84021000 rw-p 00000000 00:00 0 
7f1b84021000-7f1b88000000 ---p 00000000 00:00 0 
7f1b88000000-7f1b88021000 rw-p 00000000 00:00 0 
7f1b88021000-7f1b8c000000 ---p 00000000 00:00 0 
7f1b8c000000-7f1b8c021000 rw-p 00000000 00:00 0 
7f1b8c021000-7f1b90000000 ---p 00000000 00:00 0 
7f1b90000000-7f1b90021000 rw-p 00000000 00:00 0 
7f1b90021000-7f1b94000000 ---p 00000000 00:00 0 
7f1b94000000-7f1b94021000 rw-p 00000000 00:00 0 
7f1b94021000-7f1b98000000 ---p 00000000 00:00 0 
7f1b9bdd3000-7f1b9bdfd000 r-xp 00000000 08:07 1836084                    /usr/lib/jvm/jdk1.7.0_51/jre/lib/amd64/libdcpr.so
7f1b9bdfd000-7f1b9bffd000 ---p 0002a000 08:07 1836084                    /usr/lib/jvm/jdk1.7.0_51/jre/lib/amd64/libdcpr.so
7f1b9bffd000-7f1b9c000000 rw-p 0002a000 08:07 1836084                    /usr/lib/jvm/jdk1.7.0_51/jre/lib/amd64/libdcpr.so
7f1b9c000000-7f1b9c021000 rw-p 00000000 00:00 0 
7f1b9c021000-7f1ba0000000 ---p 00000000 00:00 0 
7f1ba0225000-7f1ba0415000 rw-s 00000000 00:05 65503277                   /SYSV00000000 (deleted)
7f1ba0415000-7f1ba0418000 ---p 00000000 00:00 0 
7f1ba0418000-7f1ba0516000 rw-p 00000000 00:00 0 
7f1ba0516000-7f1ba0521000 r--s 00000000 08:07 2890696                    /var/cache/fontconfig/945677eb7aeaf62f1d50efc3fb3ec7d8-le64.cache-6
7f1ba0521000-7f1ba0527000 r--s 00000000 08:07 2890678                    /var/cache/fontconfig/2cd17615ca594fa2959ae173292e504c-le64.cache-6
7f1ba0527000-7f1ba0528000 r--s 00000000 08:07 2890675                    /var/cache/fontconfig/0d8c3b2ac0904cb8a57a757ad11a4a08-le64.cache-6
7f1ba05e8000-7f1ba05f4000 r-xp 00000000 08:07 1835128                    /usr/lib/jvm/jdk1.7.0_51/jre/lib/amd64/librxtxSerial.so
7f1ba05f4000-7f1ba06f3000 ---p 0000c000 08:07 1835128                    /usr/lib/jvm/jdk1.7.0_51/jre/lib/amd64/librxtxSerial.so
7f1ba06f3000-7f1ba06f5000 rw-p 0000b000 08:07 1835128                    /usr/lib/jvm/jdk1.7.0_51/jre/lib/amd64/librxtxSerial.so
7f1ba06f5000-7f1ba0709000 r--s 00000000 08:07 527810                     /usr/share/fonts/type1/gsfonts/n019003l.pfb
7f1ba0709000-7f1ba0712000 r--s 00000000 08:07 527870                     /usr/share/fonts/type1/gsfonts/s050000l.pfb
7f1ba0763000-7f1ba077c000 r--s 00000000 08:07 527849                     /usr/share/fonts/type1/gsfonts/n022004l.pfb
7f1ba077c000-7f1ba0795000 r--s 00000000 08:07 527834                     /usr/share/fonts/type1/gsfonts/n021003l.pfb
7f1ba0795000-7f1ba07ab000 r--s 00000000 08:07 527843                     /usr/share/fonts/type1/gsfonts/n021024l.pfb
7f1ba07ab000-7f1ba07c1000 r--s 00000000 08:07 527852                     /usr/share/fonts/type1/gsfonts/n022023l.pfb
7f1ba07c1000-7f1ba07d8000 r--s 00000000 08:07 527840                     /usr/share/fonts/type1/gsfonts/n021023l.pfb
7f1ba07d8000-7f1ba07e9000 r--s 00000000 08:07 527816                     /usr/share/fonts/type1/gsfonts/n019023l.pfb
7f1ba07e9000-7f1ba07ec000 ---p 00000000 00:00 0 
7f1ba07ec000-7f1ba08ea000 rw-p 00000000 00:00 0 
7f1ba08ea000-7f1ba0952000 r-xp 00000000 08:07 1836082                    /usr/lib/jvm/jdk1.7.0_51/jre/lib/amd64/libt2k.so
7f1ba0952000-7f1ba0b52000 ---p 00068000 08:07 1836082                    /usr/lib/jvm/jdk1.7.0_51/jre/lib/amd64/libt2k.so
7f1ba0b52000-7f1ba0b59000 rw-p 00068000 08:07 1836082                    /usr/lib/jvm/jdk1.7.0_51/jre/lib/amd64/libt2k.so
7f1ba0b59000-7f1ba0b69000 rw-p 00000000 00:00 0 
7f1ba0b69000-7f1ba0b6c000 ---p 00000000 00:00 0 
7f1ba0b6c000-7f1ba0c6a000 rw-p 00000000 00:00 0 
7f1ba0c6a000-7f1ba0c6d000 ---p 00000000 00:00 0 
7f1ba0c6d000-7f1ba0d6b000 rw-p 00000000 00:00 0 
7f1ba0d6b000-7f1ba0d6e000 ---p 00000000 00:00 0 
7f1ba0d6e000-7f1ba0e6c000 rw-p 00000000 00:00 0 
7f1ba0e6c000-7f1ba0e7c000 r-xp 00000000 08:07 1836051                    /usr/lib/jvm/jdk1.7.0_51/jre/lib/amd64/libnio.so
7f1ba0e7c000-7f1ba107c000 ---p 00010000 08:07 1836051                    /usr/lib/jvm/jdk1.7.0_51/jre/lib/amd64/libnio.so
7f1ba107c000-7f1ba107d000 rw-p 00010000 08:07 1836051                    /usr/lib/jvm/jdk1.7.0_51/jre/lib/amd64/libnio.so
7f1ba107d000-7f1ba137e000 rw-p 00000000 00:00 0 
7f1ba137e000-7f1ba1394000 r-xp 00000000 08:07 1836056                    /usr/lib/jvm/jdk1.7.0_51/jre/lib/amd64/libnet.so
7f1ba1394000-7f1ba1594000 ---p 00016000 08:07 1836056                    /usr/lib/jvm/jdk1.7.0_51/jre/lib/amd64/libnet.so
7f1ba1594000-7f1ba1595000 rw-p 00016000 08:07 1836056                    /usr/lib/jvm/jdk1.7.0_51/jre/lib/amd64/libnet.so
7f1ba1595000-7f1ba15ab000 r-xp 00000000 08:07 2364498                    /lib/x86_64-linux-gnu/libgcc_s.so.1
7f1ba15ab000-7f1ba17aa000 ---p 00016000 08:07 2364498                    /lib/x86_64-linux-gnu/libgcc_s.so.1
7f1ba17aa000-7f1ba17ab000 rw-p 00015000 08:07 2364498                    /lib/x86_64-linux-gnu/libgcc_s.so.1
7f1ba17ab000-7f1ba1810000 r-xp 00000000 08:07 1836052                    /usr/lib/jvm/jdk1.7.0_51/jre/lib/amd64/libfontmanager.so
7f1ba1810000-7f1ba1a0f000 ---p 00065000 08:07 1836052                    /usr/lib/jvm/jdk1.7.0_51/jre/lib/amd64/libfontmanager.so
7f1ba1a0f000-7f1ba1a13000 rw-p 00064000 08:07 1836052                    /usr/lib/jvm/jdk1.7.0_51/jre/lib/amd64/libfontmanager.so
7f1ba1a13000-7f1ba1a24000 rw-p 00000000 00:00 0 
7f1ba1a24000-7f1ba1a27000 ---p 00000000 00:00 0 
7f1ba1a27000-7f1ba1b25000 rw-p 00000000 00:00 0 
7f1ba1b25000-7f1ba1b2a000 r-xp 00000000 08:07 2762080                    /usr/lib/x86_64-linux-gnu/libXfixes.so.3.1.0
7f1ba1b2a000-7f1ba1d29000 ---p 00005000 08:07 2762080                    /usr/lib/x86_64-linux-gnu/libXfixes.so.3.1.0
7f1ba1d29000-7f1ba1d2a000 r--p 00004000 08:07 2762080                    /usr/lib/x86_64-linux-gnu/libXfixes.so.3.1.0
7f1ba1d2a000-7f1ba1d2b000 rw-p 00005000 08:07 2762080                    /usr/lib/x86_64-linux-gnu/libXfixes.so.3.1.0
7f1ba1d2b000-7f1ba1d34000 r-xp 00000000 08:07 2762072                    /usr/lib/x86_64-linux-gnu/libXcursor.so.1.0.2
7f1ba1d34000-7f1ba1f33000 ---p 00009000 08:07 2762072                    /usr/lib/x86_64-linux-gnu/libXcursor.so.1.0.2
7f1ba1f33000-7f1ba1f34000 r--p 00008000 08:07 2762072                    /usr/lib/x86_64-linux-gnu/libXcursor.so.1.0.2
7f1ba1f34000-7f1ba1f35000 rw-p 00009000 08:07 2762072                    /usr/lib/x86_64-linux-gnu/libXcursor.so.1.0.2
7f1ba1f35000-7f1ba1f38000 ---p 00000000 00:00 0 
7f1ba1f38000-7f1ba2036000 rw-p 00000000 00:00 0 
7f1ba2036000-7f1ba203b000 r-xp 00000000 08:07 2762076                    /usr/lib/x86_64-linux-gnu/libXdmcp.so.6.0.0
7f1ba203b000-7f1ba223a000 ---p 00005000 08:07 2762076                    /usr/lib/x86_64-linux-gnu/libXdmcp.so.6.0.0
7f1ba223a000-7f1ba223b000 r--p 00004000 08:07 2762076                    /usr/lib/x86_64-linux-gnu/libXdmcp.so.6.0.0
7f1ba223b000-7f1ba223c000 rw-p 00005000 08:07 2762076                    /usr/lib/x86_64-linux-gnu/libXdmcp.so.6.0.0
7f1ba223c000-7f1ba223e000 r-xp 00000000 08:07 2762065                    /usr/lib/x86_64-linux-gnu/libXau.so.6.0.0
7f1ba223e000-7f1ba243e000 ---p 00002000 08:07 2762065                    /usr/lib/x86_64-linux-gnu/libXau.so.6.0.0
7f1ba243e000-7f1ba243f000 r--p 00002000 08:07 2762065                    /usr/lib/x86_64-linux-gnu/libXau.so.6.0.0
7f1ba243f000-7f1ba2440000 rw-p 00003000 08:07 2762065                    /usr/lib/x86_64-linux-gnu/libXau.so.6.0.0
7f1ba2440000-7f1ba2461000 r-xp 00000000 08:07 2763443                    /usr/lib/x86_64-linux-gnu/libxcb.so.1.1.0
7f1ba2461000-7f1ba2660000 ---p 00021000 08:07 2763443                    /usr/lib/x86_64-linux-gnu/libxcb.so.1.1.0
7f1ba2660000-7f1ba2661000 r--p 00020000 08:07 2763443                    /usr/lib/x86_64-linux-gnu/libxcb.so.1.1.0
7f1ba2661000-7f1ba2662000 rw-p 00021000 08:07 2763443                    /usr/lib/x86_64-linux-gnu/libxcb.so.1.1.0
7f1ba2662000-7f1ba2671000 r-xp 00000000 08:07 2762086                    /usr/lib/x86_64-linux-gnu/libXi.so.6.1.0
7f1ba2671000-7f1ba2870000 ---p 0000f000 08:07 2762086                    /usr/lib/x86_64-linux-gnu/libXi.so.6.1.0
7f1ba2870000-7f1ba2871000 r--p 0000e000 08:07 2762086                    /usr/lib/x86_64-linux-gnu/libXi.so.6.1.0
7f1ba2871000-7f1ba2872000 rw-p 0000f000 08:07 2762086                    /usr/lib/x86_64-linux-gnu/libXi.so.6.1.0
7f1ba2872000-7f1ba2877000 r-xp 00000000 08:07 2762104                    /usr/lib/x86_64-linux-gnu/libXtst.so.6.1.0
7f1ba2877000-7f1ba2a76000 ---p 00005000 08:07 2762104                    /usr/lib/x86_64-linux-gnu/libXtst.so.6.1.0
7f1ba2a76000-7f1ba2a77000 r--p 00004000 08:07 2762104                    /usr/lib/x86_64-linux-gnu/libXtst.so.6.1.0
7f1ba2a77000-7f1ba2a78000 rw-p 00005000 08:07 2762104                    /usr/lib/x86_64-linux-gnu/libXtst.so.6.1.0
7f1ba2a78000-7f1ba2a81000 r-xp 00000000 08:07 2762098                    /usr/lib/x86_64-linux-gnu/libXrender.so.1.3.0
7f1ba2a81000-7f1ba2c80000 ---p 00009000 08:07 2762098                    /usr/lib/x86_64-linux-gnu/libXrender.so.1.3.0
7f1ba2c80000-7f1ba2c81000 r--p 00008000 08:07 2762098                    /usr/lib/x86_64-linux-gnu/libXrender.so.1.3.0
7f1ba2c81000-7f1ba2c82000 rw-p 00009000 08:07 2762098                    /usr/lib/x86_64-linux-gnu/libXrender.so.1.3.0
7f1ba2c82000-7f1ba2db7000 r-xp 00000000 08:07 2762061                    /usr/lib/x86_64-linux-gnu/libX11.so.6.3.0
7f1ba2db7000-7f1ba2fb7000 ---p 00135000 08:07 2762061                    /usr/lib/x86_64-linux-gnu/libX11.so.6.3.0
7f1ba2fb7000-7f1ba2fb8000 r--p 00135000 08:07 2762061                    /usr/lib/x86_64-linux-gnu/libX11.so.6.3.0
7f1ba2fb8000-7f1ba2fbc000 rw-p 00136000 08:07 2762061                    /usr/lib/x86_64-linux-gnu/libX11.so.6.3.0
7f1ba2fbc000-7f1ba2fcd000 r-xp 00000000 08:07 2762078                    /usr/lib/x86_64-linux-gnu/libXext.so.6.4.0
7f1ba2fcd000-7f1ba31cc000 ---p 00011000 08:07 2762078                    /usr/lib/x86_64-linux-gnu/libXext.so.6.4.0
7f1ba31cc000-7f1ba31cd000 r--p 00010000 08:07 2762078                    /usr/lib/x86_64-linux-gnu/libXext.so.6.4.0
7f1ba31cd000-7f1ba31ce000 rw-p 00011000 08:07 2762078                    /usr/lib/x86_64-linux-gnu/libXext.so.6.4.0
7f1ba31ce000-7f1ba321e000 r-xp 00000000 08:07 1836094                    /usr/lib/jvm/jdk1.7.0_51/jre/lib/amd64/xawt/libmawt.so
7f1ba321e000-7f1ba341e000 ---p 00050000 08:07 1836094                    /usr/lib/jvm/jdk1.7.0_51/jre/lib/amd64/xawt/libmawt.so
7f1ba341e000-7f1ba3422000 rw-p 00050000 08:07 1836094                    /usr/lib/jvm/jdk1.7.0_51/jre/lib/amd64/xawt/libmawt.so
7f1ba3422000-7f1ba3423000 rw-p 00000000 00:00 0 
7f1ba3423000-7f1ba34c5000 r-xp 00000000 08:07 1836064                    /usr/lib/jvm/jdk1.7.0_51/jre/lib/amd64/libawt.so
7f1ba34c5000-7f1ba36c5000 ---p 000a2000 08:07 1836064                    /usr/lib/jvm/jdk1.7.0_51/jre/lib/amd64/libawt.so
7f1ba36c5000-7f1ba36d1000 rw-p 000a2000 08:07 1836064                    /usr/lib/jvm/jdk1.7.0_51/jre/lib/amd64/libawt.so
7f1ba36d1000-7f1ba36f5000 rw-p 00000000 00:00 0 
7f1ba36f5000-7f1ba36f6000 ---p 00000000 00:00 0 
7f1ba36f6000-7f1ba37f6000 rw-p 00000000 00:00 0 
7f1ba37f6000-7f1ba37f9000 ---p 00000000 00:00 0 
7f1ba37f9000-7f1ba38f7000 rw-p 00000000 00:00 0 
7f1ba38f7000-7f1ba38fa000 ---p 00000000 00:00 0 
7f1ba38fa000-7f1ba39f8000 rw-p 00000000 00:00 0 
7f1ba39f8000-7f1ba39fb000 ---p 00000000 00:00 0 
7f1ba39fb000-7f1ba3af9000 rw-p 00000000 00:00 0 
7f1ba3af9000-7f1ba3afc000 ---p 00000000 00:00 0 
7f1ba3afc000-7f1ba3bfa000 rw-p 00000000 00:00 0 
7f1ba3bfa000-7f1ba3bfd000 ---p 00000000 00:00 0 
7f1ba3bfd000-7f1ba3cfb000 rw-p 00000000 00:00 0 
7f1ba3cfb000-7f1ba3cfe000 ---p 00000000 00:00 0 
7f1ba3cfe000-7f1ba3dfc000 rw-p 00000000 00:00 0 
7f1ba3dfc000-7f1ba3e00000 r-xp 00000000 08:07 1836071                    /usr/lib/jvm/jdk1.7.0_51/jre/lib/amd64/libdt_socket.so
7f1ba3e00000-7f1ba3fff000 ---p 00004000 08:07 1836071                    /usr/lib/jvm/jdk1.7.0_51/jre/lib/amd64/libdt_socket.so
7f1ba3fff000-7f1ba4000000 rw-p 00003000 08:07 1836071                    /usr/lib/jvm/jdk1.7.0_51/jre/lib/amd64/libdt_socket.so
7f1ba4000000-7f1ba4021000 rw-p 00000000 00:00 0 
7f1ba4021000-7f1ba8000000 ---p 00000000 00:00 0 
7f1ba8000000-7f1ba8004000 r--s 00000000 08:07 2885053                    /var/cache/fontconfig/de156ccd2eddbdc19d37a45b8b2aac9c-le64.cache-6
7f1ba8004000-7f1ba8019000 r--s 00000000 08:07 2890672                    /var/cache/fontconfig/04aabc0a78ac019cf9454389977116d2-le64.cache-6
7f1ba8019000-7f1ba801a000 r--s 00000000 08:07 2890677                    /var/cache/fontconfig/1ac9eb803944fde146138c791f5cc56a-le64.cache-6
7f1ba801a000-7f1ba801e000 r--s 00000000 08:07 2890682                    /var/cache/fontconfig/385c0604a188198f04d133e54aba7fe7-le64.cache-6
7f1ba801e000-7f1ba801f000 r--s 00000000 08:07 2890709                    /var/cache/fontconfig/dc05db6664285cc2f12bf69c139ae4c3-le64.cache-6
7f1ba801f000-7f1ba8022000 r--s 00000000 08:07 2890692                    /var/cache/fontconfig/767a8244fc0220cfb567a839d0392e0b-le64.cache-6
7f1ba8022000-7f1ba8027000 r--s 00000000 08:07 2890695                    /var/cache/fontconfig/8801497958630a81b71ace7c5f9b32a8-le64.cache-6
7f1ba8027000-7f1ba802e000 r--s 00000000 08:07 2890679                    /var/cache/fontconfig/3047814df9a2f067bd2d96a2b9c36e5a-le64.cache-6
7f1ba802e000-7f1ba8034000 r--s 00000000 08:07 2890700                    /var/cache/fontconfig/b47c4e1ecd0709278f4910c18777a504-le64.cache-6
7f1ba8034000-7f1ba8047000 r--s 00000000 08:07 2890706                    /var/cache/fontconfig/d52a8644073d54c13679302ca1180695-le64.cache-6
7f1ba8047000-7f1ba8052000 r--s 00000000 08:07 2887795                    /var/cache/fontconfig/d589a48862398ed80a3d6066f4f56f4c-le64.cache-6
7f1ba8052000-7f1ba805d000 r--s 00000000 08:07 2890694                    /var/cache/fontconfig/83bf95040141907cd45bb53cf7c1c148-le64.cache-6
7f1ba805d000-7f1ba806f000 r--s 00000000 08:07 2886108                    /var/cache/fontconfig/9b89f8e3dae116d678bbf48e5f21f69b-le64.cache-6
7f1ba806f000-7f1ba8094000 r--p 00000000 08:07 397003                     /usr/share/locale-langpack/es/LC_MESSAGES/libc.mo
7f1ba8094000-7f1ba8097000 ---p 00000000 00:00 0 
7f1ba8097000-7f1ba8195000 rw-p 00000000 00:00 0 
7f1ba8195000-7f1ba8198000 ---p 00000000 00:00 0 
7f1ba8198000-7f1ba8296000 rw-p 00000000 00:00 0 
7f1ba8296000-7f1ba8299000 ---p 00000000 00:00 0 
7f1ba8299000-7f1ba8397000 rw-p 00000000 00:00 0 
7f1ba8397000-7f1ba8398000 ---p 00000000 00:00 0 
7f1ba8398000-7f1ba9476000 rw-p 00000000 00:00 0 
7f1ba9476000-7f1ba9633000 r--s 039bf000 08:07 1057153                    /usr/lib/jvm/jdk1.7.0_51/jre/lib/rt.jar
7f1ba9633000-7f1bab8bb000 rw-p 00000000 00:00 0 
7f1bab8bb000-7f1bab8bc000 ---p 00000000 00:00 0 
7f1bab8bc000-7f1bab9bc000 rw-p 00000000 00:00 0 
7f1bab9bc000-7f1bab9bd000 ---p 00000000 00:00 0 
7f1bab9bd000-7f1bababd000 rw-p 00000000 00:00 0 
7f1bababd000-7f1bababe000 ---p 00000000 00:00 0 
7f1bababe000-7f1babbbe000 rw-p 00000000 00:00 0 
7f1babbbe000-7f1babbbf000 ---p 00000000 00:00 0 
7f1babbbf000-7f1babcd3000 rw-p 00000000 00:00 0 
7f1babcd3000-7f1babdff000 rw-p 00000000 00:00 0 
7f1babdff000-7f1babe0a000 rw-p 00000000 00:00 0 
7f1babe0a000-7f1babe28000 rw-p 00000000 00:00 0 
7f1babe28000-7f1babe3c000 rw-p 00000000 00:00 0 
7f1babe3c000-7f1babf67000 rw-p 00000000 00:00 0 
7f1babf67000-7f1babf72000 rw-p 00000000 00:00 0 
7f1babf72000-7f1bac007000 rw-p 00000000 00:00 0 
7f1bac007000-7f1bac008000 rw-p 00000000 00:00 0 
7f1bac008000-7f1bac278000 rwxp 00000000 00:00 0 
7f1bac278000-7f1baf008000 rw-p 00000000 00:00 0 
7f1baf008000-7f1baf022000 r-xp 00000000 08:07 1836101                    /usr/lib/jvm/jdk1.7.0_51/jre/lib/amd64/libzip.so
7f1baf022000-7f1baf222000 ---p 0001a000 08:07 1836101                    /usr/lib/jvm/jdk1.7.0_51/jre/lib/amd64/libzip.so
7f1baf222000-7f1baf223000 rw-p 0001a000 08:07 1836101                    /usr/lib/jvm/jdk1.7.0_51/jre/lib/amd64/libzip.so
7f1baf223000-7f1baf22e000 r-xp 00000000 08:07 2364559                    /lib/x86_64-linux-gnu/libnss_files-2.23.so
7f1baf22e000-7f1baf42d000 ---p 0000b000 08:07 2364559                    /lib/x86_64-linux-gnu/libnss_files-2.23.so
7f1baf42d000-7f1baf42e000 r--p 0000a000 08:07 2364559                    /lib/x86_64-linux-gnu/libnss_files-2.23.so
7f1baf42e000-7f1baf42f000 rw-p 0000b000 08:07 2364559                    /lib/x86_64-linux-gnu/libnss_files-2.23.so
7f1baf42f000-7f1baf435000 rw-p 00000000 00:00 0 
7f1baf435000-7f1baf440000 r-xp 00000000 08:07 2364569                    /lib/x86_64-linux-gnu/libnss_nis-2.23.so
7f1baf440000-7f1baf63f000 ---p 0000b000 08:07 2364569                    /lib/x86_64-linux-gnu/libnss_nis-2.23.so
7f1baf63f000-7f1baf640000 r--p 0000a000 08:07 2364569                    /lib/x86_64-linux-gnu/libnss_nis-2.23.so
7f1baf640000-7f1baf641000 rw-p 0000b000 08:07 2364569                    /lib/x86_64-linux-gnu/libnss_nis-2.23.so
7f1baf641000-7f1bb0000000 r--p 00000000 08:07 2760681                    /usr/lib/locale/locale-archive
7f1bb0000000-7f1bb0248000 rw-p 00000000 00:00 0 
7f1bb0248000-7f1bb4000000 ---p 00000000 00:00 0 
7f1bb4000000-7f1bb4001000 r--s 00000000 08:07 2883743                    /var/cache/fontconfig/4794a0821666d79190d59a36cb4f44b5-le64.cache-6
7f1bb4001000-7f1bb4002000 r--s 00000000 08:07 2890702                    /var/cache/fontconfig/bab58bb527bb656aaa9f116d68a48d89-le64.cache-6
7f1bb4002000-7f1bb4003000 r--s 00000000 08:07 2890686                    /var/cache/fontconfig/56cf4f4769d0f4abc89a4895d7bd3ae1-le64.cache-6
7f1bb4003000-7f1bb4004000 r--s 00000000 08:07 2890701                    /var/cache/fontconfig/b9d506c9ac06c20b433354fa67a72993-le64.cache-6
7f1bb4004000-7f1bb4005000 r--s 00000000 08:07 2890685                    /var/cache/fontconfig/551ecf3b0e8b0bca0f25c0944f561853-le64.cache-6
7f1bb4005000-7f1bb4008000 r--s 00000000 08:07 2890691                    /var/cache/fontconfig/75114ca45c98e8a441da0ff356701271-le64.cache-6
7f1bb4008000-7f1bb400b000 r--s 00000000 08:07 2890710                    /var/cache/fontconfig/e13b20fdb08344e0e664864cc2ede53d-le64.cache-6
7f1bb400b000-7f1bb400f000 r--s 00000000 08:07 2883629                    /var/cache/fontconfig/7ef2298fde41cc6eeb7af42e48b7d293-le64.cache-6
7f1bb400f000-7f1bb401a000 r--s 0037c000 08:07 1057110                    /usr/lib/jvm/jdk1.7.0_51/jre/lib/charsets.jar
7f1bb401a000-7f1bb40f5000 rw-p 00000000 00:00 0 
7f1bb40f5000-7f1bb41ab000 rw-p 00000000 00:00 0 
7f1bb41ab000-7f1bb41c1000 r-xp 00000000 08:07 2364553                    /lib/x86_64-linux-gnu/libnsl-2.23.so
7f1bb41c1000-7f1bb43c0000 ---p 00016000 08:07 2364553                    /lib/x86_64-linux-gnu/libnsl-2.23.so
7f1bb43c0000-7f1bb43c1000 r--p 00015000 08:07 2364553                    /lib/x86_64-linux-gnu/libnsl-2.23.so
7f1bb43c1000-7f1bb43c2000 rw-p 00016000 08:07 2364553                    /lib/x86_64-linux-gnu/libnsl-2.23.so
7f1bb43c2000-7f1bb43c4000 rw-p 00000000 00:00 0 
7f1bb43c4000-7f1bb43cc000 r-xp 00000000 08:07 2364555                    /lib/x86_64-linux-gnu/libnss_compat-2.23.so
7f1bb43cc000-7f1bb45cb000 ---p 00008000 08:07 2364555                    /lib/x86_64-linux-gnu/libnss_compat-2.23.so
7f1bb45cb000-7f1bb45cc000 r--p 00007000 08:07 2364555                    /lib/x86_64-linux-gnu/libnss_compat-2.23.so
7f1bb45cc000-7f1bb45cd000 rw-p 00008000 08:07 2364555                    /lib/x86_64-linux-gnu/libnss_compat-2.23.so
7f1bb45cd000-7f1bb45d0000 r-xp 00000000 08:07 1836062                    /usr/lib/jvm/jdk1.7.0_51/jre/lib/amd64/libnpt.so
7f1bb45d0000-7f1bb47cf000 ---p 00003000 08:07 1836062                    /usr/lib/jvm/jdk1.7.0_51/jre/lib/amd64/libnpt.so
7f1bb47cf000-7f1bb47d0000 rw-p 00002000 08:07 1836062                    /usr/lib/jvm/jdk1.7.0_51/jre/lib/amd64/libnpt.so
7f1bb47d0000-7f1bb4809000 r-xp 00000000 08:07 1836106                    /usr/lib/jvm/jdk1.7.0_51/jre/lib/amd64/libjdwp.so
7f1bb4809000-7f1bb4a09000 ---p 00039000 08:07 1836106                    /usr/lib/jvm/jdk1.7.0_51/jre/lib/amd64/libjdwp.so
7f1bb4a09000-7f1bb4a0a000 rw-p 00039000 08:07 1836106                    /usr/lib/jvm/jdk1.7.0_51/jre/lib/amd64/libjdwp.so
7f1bb4a0a000-7f1bb4a0b000 rw-p 00000000 00:00 0 
7f1bb4a0b000-7f1bb4a34000 r-xp 00000000 08:07 1836085                    /usr/lib/jvm/jdk1.7.0_51/jre/lib/amd64/libjava.so
7f1bb4a34000-7f1bb4c34000 ---p 00029000 08:07 1836085                    /usr/lib/jvm/jdk1.7.0_51/jre/lib/amd64/libjava.so
7f1bb4c34000-7f1bb4c36000 rw-p 00029000 08:07 1836085                    /usr/lib/jvm/jdk1.7.0_51/jre/lib/amd64/libjava.so
7f1bb4c36000-7f1bb4c43000 r-xp 00000000 08:07 1836083                    /usr/lib/jvm/jdk1.7.0_51/jre/lib/amd64/libverify.so
7f1bb4c43000-7f1bb4e42000 ---p 0000d000 08:07 1836083                    /usr/lib/jvm/jdk1.7.0_51/jre/lib/amd64/libverify.so
7f1bb4e42000-7f1bb4e44000 rw-p 0000c000 08:07 1836083                    /usr/lib/jvm/jdk1.7.0_51/jre/lib/amd64/libverify.so
7f1bb4e44000-7f1bb4e4b000 r-xp 00000000 08:07 2364614                    /lib/x86_64-linux-gnu/librt-2.23.so
7f1bb4e4b000-7f1bb504a000 ---p 00007000 08:07 2364614                    /lib/x86_64-linux-gnu/librt-2.23.so
7f1bb504a000-7f1bb504b000 r--p 00006000 08:07 2364614                    /lib/x86_64-linux-gnu/librt-2.23.so
7f1bb504b000-7f1bb504c000 rw-p 00007000 08:07 2364614                    /lib/x86_64-linux-gnu/librt-2.23.so
7f1bb504c000-7f1bb504f000 ---p 00000000 00:00 0 
7f1bb504f000-7f1bb514d000 rw-p 00000000 00:00 0 
7f1bb514d000-7f1bb5255000 r-xp 00000000 08:07 2364530                    /lib/x86_64-linux-gnu/libm-2.23.so
7f1bb5255000-7f1bb5454000 ---p 00108000 08:07 2364530                    /lib/x86_64-linux-gnu/libm-2.23.so
7f1bb5454000-7f1bb5455000 r--p 00107000 08:07 2364530                    /lib/x86_64-linux-gnu/libm-2.23.so
7f1bb5455000-7f1bb5456000 rw-p 00108000 08:07 2364530                    /lib/x86_64-linux-gnu/libm-2.23.so
7f1bb5456000-7f1bb5fb8000 r-xp 00000000 08:07 1836091                    /usr/lib/jvm/jdk1.7.0_51/jre/lib/amd64/server/libjvm.so
7f1bb5fb8000-7f1bb61b8000 ---p 00b62000 08:07 1836091                    /usr/lib/jvm/jdk1.7.0_51/jre/lib/amd64/server/libjvm.so
7f1bb61b8000-7f1bb627b000 rw-p 00b62000 08:07 1836091                    /usr/lib/jvm/jdk1.7.0_51/jre/lib/amd64/server/libjvm.so
7f1bb627b000-7f1bb62bc000 rw-p 00000000 00:00 0 
7f1bb62bc000-7f1bb647c000 r-xp 00000000 08:07 2364460                    /lib/x86_64-linux-gnu/libc-2.23.so
7f1bb647c000-7f1bb667b000 ---p 001c0000 08:07 2364460                    /lib/x86_64-linux-gnu/libc-2.23.so
7f1bb667b000-7f1bb667f000 r--p 001bf000 08:07 2364460                    /lib/x86_64-linux-gnu/libc-2.23.so
7f1bb667f000-7f1bb6681000 rw-p 001c3000 08:07 2364460                    /lib/x86_64-linux-gnu/libc-2.23.so
7f1bb6681000-7f1bb6685000 rw-p 00000000 00:00 0 
7f1bb6685000-7f1bb6688000 r-xp 00000000 08:07 2364484                    /lib/x86_64-linux-gnu/libdl-2.23.so
7f1bb6688000-7f1bb6887000 ---p 00003000 08:07 2364484                    /lib/x86_64-linux-gnu/libdl-2.23.so
7f1bb6887000-7f1bb6888000 r--p 00002000 08:07 2364484                    /lib/x86_64-linux-gnu/libdl-2.23.so
7f1bb6888000-7f1bb6889000 rw-p 00003000 08:07 2364484                    /lib/x86_64-linux-gnu/libdl-2.23.so
7f1bb6889000-7f1bb689f000 r-xp 00000000 08:07 1056839                    /usr/lib/jvm/jdk1.7.0_51/lib/amd64/jli/libjli.so
7f1bb689f000-7f1bb6a9f000 ---p 00016000 08:07 1056839                    /usr/lib/jvm/jdk1.7.0_51/lib/amd64/jli/libjli.so
7f1bb6a9f000-7f1bb6aa0000 rw-p 00016000 08:07 1056839                    /usr/lib/jvm/jdk1.7.0_51/lib/amd64/jli/libjli.so
7f1bb6aa0000-7f1bb6ab8000 r-xp 00000000 08:07 2364606                    /lib/x86_64-linux-gnu/libpthread-2.23.so
7f1bb6ab8000-7f1bb6cb7000 ---p 00018000 08:07 2364606                    /lib/x86_64-linux-gnu/libpthread-2.23.so
7f1bb6cb7000-7f1bb6cb8000 r--p 00017000 08:07 2364606                    /lib/x86_64-linux-gnu/libpthread-2.23.so
7f1bb6cb8000-7f1bb6cb9000 rw-p 00018000 08:07 2364606                    /lib/x86_64-linux-gnu/libpthread-2.23.so
7f1bb6cb9000-7f1bb6cbd000 rw-p 00000000 00:00 0 
7f1bb6cbd000-7f1bb6ce3000 r-xp 00000000 08:07 2364432                    /lib/x86_64-linux-gnu/ld-2.23.so
7f1bb6ce3000-7f1bb6ce4000 r--s 00000000 08:07 2890680                    /var/cache/fontconfig/30829fa25452a46451e813d634d7f916-le64.cache-6
7f1bb6ce4000-7f1bb6ceb000 r--s 00000000 08:07 3016614                    /usr/lib/x86_64-linux-gnu/gconv/gconv-modules.cache
7f1bb6ceb000-7f1bb6ced000 r--s 0000d000 08:08 3412122                    /home/kcrez/Documentos/JavaDuino/library/rxtx2.1/RXTXcomm.jar
7f1bb6ced000-7f1bb6cef000 r--s 0000d000 08:07 1835127                    /usr/lib/jvm/jdk1.7.0_51/jre/lib/ext/RXTXcomm.jar
7f1bb6cef000-7f1bb6d43000 rw-p 00000000 00:00 0 
7f1bb6d43000-7f1bb6d61000 rw-p 00000000 00:00 0 
7f1bb6d61000-7f1bb6d65000 rw-p 00000000 00:00 0 
7f1bb6d65000-7f1bb6da9000 r-xp 00000000 08:07 1052366                    /opt/eset/esets/lib/libesets_pac.so
7f1bb6da9000-7f1bb6ea9000 ---p 00044000 08:07 1052366                    /opt/eset/esets/lib/libesets_pac.so
7f1bb6ea9000-7f1bb6eac000 rw-p 00044000 08:07 1052366                    /opt/eset/esets/lib/libesets_pac.so
7f1bb6eac000-7f1bb6ebf000 rw-p 00000000 00:00 0 
7f1bb6ebf000-7f1bb6ec0000 r--s 00000000 08:07 2890674                    /var/cache/fontconfig/0c9eb80ebd1c36541ebe2852d3bb0c49-le64.cache-6
7f1bb6ec0000-7f1bb6ed5000 rw-p 00000000 00:00 0 
7f1bb6ed5000-7f1bb6edd000 rw-s 00000000 08:07 2097294                    /tmp/hsperfdata_kcrez/7503
7f1bb6edd000-7f1bb6ede000 rw-p 00000000 00:00 0 
7f1bb6ede000-7f1bb6edf000 r--p 00000000 00:00 0 
7f1bb6edf000-7f1bb6ee2000 rw-p 00000000 00:00 0 
7f1bb6ee2000-7f1bb6ee3000 r--p 00025000 08:07 2364432                    /lib/x86_64-linux-gnu/ld-2.23.so
7f1bb6ee3000-7f1bb6ee4000 rw-p 00026000 08:07 2364432                    /lib/x86_64-linux-gnu/ld-2.23.so
7f1bb6ee4000-7f1bb6ee5000 rw-p 00000000 00:00 0 
7ffd56cea000-7ffd56d0b000 rw-p 00000000 00:00 0                          [stack]
7ffd56d57000-7ffd56d59000 r--p 00000000 00:00 0                          [vvar]
7ffd56d59000-7ffd56d5b000 r-xp 00000000 00:00 0                          [vdso]
ffffffffff600000-ffffffffff601000 r-xp 00000000 00:00 0                  [vsyscall]

VM Arguments:
jvm_args: -Xdebug -Xrunjdwp:transport=dt_socket,address=localhost:39376 -Dfile.encoding=UTF-8 -Djava.library.path=/home/kcrez/Documentos/JavaDuino/library/rxtx2.1 
java_command: PPD_Frame
Launcher Type: SUN_STANDARD

Environment Variables:
PATH=/usr/local/sbin:/usr/local/bin:/usr/sbin:/usr/bin:/sbin:/bin:/usr/games:/usr/local/games:/snap/bin
LD_LIBRARY_PATH=/usr/lib/jvm/jdk1.7.0_51/jre/lib/amd64:/usr/lib/jvm/jdk1.7.0_51/jre/lib/i386:
SHELL=/bin/bash
DISPLAY=:0

Signal Handlers:
SIGSEGV: [libjvm.so+0x993870], sa_mask[0]=0x7ffbfeff, sa_flags=0x10000004
SIGBUS: [libjvm.so+0x993870], sa_mask[0]=0x7ffbfeff, sa_flags=0x10000004
SIGFPE: [libjvm.so+0x8105b0], sa_mask[0]=0x7ffbfeff, sa_flags=0x10000004
SIGPIPE: [libjvm.so+0x8105b0], sa_mask[0]=0x7ffbfeff, sa_flags=0x10000004
SIGXFSZ: [libjvm.so+0x8105b0], sa_mask[0]=0x7ffbfeff, sa_flags=0x10000004
SIGILL: [libjvm.so+0x8105b0], sa_mask[0]=0x7ffbfeff, sa_flags=0x10000004
SIGUSR1: SIG_DFL, sa_mask[0]=0x00000000, sa_flags=0x00000000
SIGUSR2: [libjvm.so+0x811aa0], sa_mask[0]=0x00000004, sa_flags=0x10000004
SIGHUP: [libjvm.so+0x812a10], sa_mask[0]=0x7ffbfeff, sa_flags=0x10000004
SIGINT: SIG_IGN, sa_mask[0]=0x00000000, sa_flags=0x00000000
SIGTERM: [libjvm.so+0x812a10], sa_mask[0]=0x7ffbfeff, sa_flags=0x10000004
SIGQUIT: [libjvm.so+0x812a10], sa_mask[0]=0x7ffbfeff, sa_flags=0x10000004


---------------  S Y S T E M  ---------------

OS:stretch/sid

uname:Linux 4.4.0-22-generic #40-Ubuntu SMP Thu May 12 22:03:46 UTC 2016 x86_64
libc:glibc 2.23 NPTL 2.23 
rlimit: STACK 8192k, CORE 0k, NPROC 15146, NOFILE 65536, AS infinity
load average:0.37 0.36 0.37

/proc/meminfo:
MemTotal:        3916240 kB
MemFree:          360984 kB
MemAvailable:    1264656 kB
Buffers:           94408 kB
Cached:           959356 kB
SwapCached:          700 kB
Active:          2234880 kB
Inactive:        1061620 kB
Active(anon):    1821068 kB
Inactive(anon):   685292 kB
Active(file):     413812 kB
Inactive(file):   376328 kB
Unevictable:          48 kB
Mlocked:              48 kB
SwapTotal:       7812088 kB
SwapFree:        7779148 kB
Dirty:               704 kB
Writeback:             0 kB
AnonPages:       2242140 kB
Mapped:           328552 kB
Shmem:            263624 kB
Slab:             176972 kB
SReclaimable:     142764 kB
SUnreclaim:        34208 kB
KernelStack:       10592 kB
PageTables:        34232 kB
NFS_Unstable:          0 kB
Bounce:                0 kB
WritebackTmp:          0 kB
CommitLimit:     9770208 kB
Committed_AS:    6751076 kB
VmallocTotal:   34359738367 kB
VmallocUsed:           0 kB
VmallocChunk:          0 kB
HardwareCorrupted:     0 kB
AnonHugePages:   1239040 kB
CmaTotal:              0 kB
CmaFree:               0 kB
HugePages_Total:       0
HugePages_Free:        0
HugePages_Rsvd:        0
HugePages_Surp:        0
Hugepagesize:       2048 kB
DirectMap4k:      123676 kB
DirectMap2M:     3940352 kB
DirectMap1G:           0 kB


CPU:total 4 (2 cores per cpu, 2 threads per core) family 6 model 60 stepping 3, cmov, cx8, fxsr, mmx, sse, sse2, sse3, ssse3, sse4.1, sse4.2, popcnt, avx, avx2, aes, erms, ht, tsc, tscinvbit

/proc/cpuinfo:
processor	: 0
vendor_id	: GenuineIntel
cpu family	: 6
model		: 60
model name	: Intel(R) Core(TM) i3-4170 CPU @ 3.70GHz
stepping	: 3
microcode	: 0x1e
cpu MHz		: 2129.378
cache size	: 3072 KB
physical id	: 0
siblings	: 4
core id		: 0
cpu cores	: 2
apicid		: 0
initial apicid	: 0
fpu		: yes
fpu_exception	: yes
cpuid level	: 13
wp		: yes
flags		: fpu vme de pse tsc msr pae mce cx8 apic sep mtrr pge mca cmov pat pse36 clflush dts acpi mmx fxsr sse sse2 ss ht tm pbe syscall nx pdpe1gb rdtscp lm constant_tsc arch_perfmon pebs bts rep_good nopl xtopology nonstop_tsc aperfmperf eagerfpu pni pclmulqdq dtes64 monitor ds_cpl vmx est tm2 ssse3 sdbg fma cx16 xtpr pdcm pcid sse4_1 sse4_2 movbe popcnt tsc_deadline_timer aes xsave avx f16c rdrand lahf_lm abm epb tpr_shadow vnmi flexpriority ept vpid fsgsbase tsc_adjust bmi1 avx2 smep bmi2 erms invpcid xsaveopt dtherm arat pln pts
bugs		:
bogomips	: 7382.73
clflush size	: 64
cache_alignment	: 64
address sizes	: 39 bits physical, 48 bits virtual
power management:

processor	: 1
vendor_id	: GenuineIntel
cpu family	: 6
model		: 60
model name	: Intel(R) Core(TM) i3-4170 CPU @ 3.70GHz
stepping	: 3
microcode	: 0x1e
cpu MHz		: 2099.460
cache size	: 3072 KB
physical id	: 0
siblings	: 4
core id		: 1
cpu cores	: 2
apicid		: 2
initial apicid	: 2
fpu		: yes
fpu_exception	: yes
cpuid level	: 13
wp		: yes
flags		: fpu vme de pse tsc msr pae mce cx8 apic sep mtrr pge mca cmov pat pse36 clflush dts acpi mmx fxsr sse sse2 ss ht tm pbe syscall nx pdpe1gb rdtscp lm constant_tsc arch_perfmon pebs bts rep_good nopl xtopology nonstop_tsc aperfmperf eagerfpu pni pclmulqdq dtes64 monitor ds_cpl vmx est tm2 ssse3 sdbg fma cx16 xtpr pdcm pcid sse4_1 sse4_2 movbe popcnt tsc_deadline_timer aes xsave avx f16c rdrand lahf_lm abm epb tpr_shadow vnmi flexpriority ept vpid fsgsbase tsc_adjust bmi1 avx2 smep bmi2 erms invpcid xsaveopt dtherm arat pln pts
bugs		:
bogomips	: 7382.73
clflush size	: 64
cache_alignment	: 64
address sizes	: 39 bits physical, 48 bits virtual
power management:

processor	: 2
vendor_id	: GenuineIntel
cpu family	: 6
model		: 60
model name	: Intel(R) Core(TM) i3-4170 CPU @ 3.70GHz
stepping	: 3
microcode	: 0x1e
cpu MHz		: 1948.570
cache size	: 3072 KB
physical id	: 0
siblings	: 4
core id		: 0
cpu cores	: 2
apicid		: 1
initial apicid	: 1
fpu		: yes
fpu_exception	: yes
cpuid level	: 13
wp		: yes
flags		: fpu vme de pse tsc msr pae mce cx8 apic sep mtrr pge mca cmov pat pse36 clflush dts acpi mmx fxsr sse sse2 ss ht tm pbe syscall nx pdpe1gb rdtscp lm constant_tsc arch_perfmon pebs bts rep_good nopl xtopology nonstop_tsc aperfmperf eagerfpu pni pclmulqdq dtes64 monitor ds_cpl vmx est tm2 ssse3 sdbg fma cx16 xtpr pdcm pcid sse4_1 sse4_2 movbe popcnt tsc_deadline_timer aes xsave avx f16c rdrand lahf_lm abm epb tpr_shadow vnmi flexpriority ept vpid fsgsbase tsc_adjust bmi1 avx2 smep bmi2 erms invpcid xsaveopt dtherm arat pln pts
bugs		:
bogomips	: 7382.73
clflush size	: 64
cache_alignment	: 64
address sizes	: 39 bits physical, 48 bits virtual
power management:

processor	: 3
vendor_id	: GenuineIntel
cpu family	: 6
model		: 60
model name	: Intel(R) Core(TM) i3-4170 CPU @ 3.70GHz
stepping	: 3
microcode	: 0x1e
cpu MHz		: 2397.773
cache size	: 3072 KB
physical id	: 0
siblings	: 4
core id		: 1
cpu cores	: 2
apicid		: 3
initial apicid	: 3
fpu		: yes
fpu_exception	: yes
cpuid level	: 13
wp		: yes
flags		: fpu vme de pse tsc msr pae mce cx8 apic sep mtrr pge mca cmov pat pse36 clflush dts acpi mmx fxsr sse sse2 ss ht tm pbe syscall nx pdpe1gb rdtscp lm constant_tsc arch_perfmon pebs bts rep_good nopl xtopology nonstop_tsc aperfmperf eagerfpu pni pclmulqdq dtes64 monitor ds_cpl vmx est tm2 ssse3 sdbg fma cx16 xtpr pdcm pcid sse4_1 sse4_2 movbe popcnt tsc_deadline_timer aes xsave avx f16c rdrand lahf_lm abm epb tpr_shadow vnmi flexpriority ept vpid fsgsbase tsc_adjust bmi1 avx2 smep bmi2 erms invpcid xsaveopt dtherm arat pln pts
bugs		:
bogomips	: 7382.73
clflush size	: 64
cache_alignment	: 64
address sizes	: 39 bits physical, 48 bits virtual
power management:



Memory: 4k page, physical 3916240k(360984k free), swap 7812088k(7779148k free)

vm_info: Java HotSpot(TM) 64-Bit Server VM (24.51-b03) for linux-amd64 JRE (1.7.0_51-b13), built on Dec 18 2013 18:48:01 by "java_re" with gcc 4.3.0 20080428 (Red Hat 4.3.0-8)

time: Sun Jul 31 17:13:29 2016
elapsed time: 10 seconds

