#
# A fatal error has been detected by the Java Runtime Environment:
#
#  SIGSEGV (0xb) at pc=0x00007ff6a10a2462, pid=6235, tid=140697243768576
#
# JRE version: Java(TM) SE Runtime Environment (7.0_51-b13) (build 1.7.0_51-b13)
# Java VM: Java HotSpot(TM) 64-Bit Server VM (24.51-b03 mixed mode linux-amd64 compressed oops)
# Problematic frame:
# C  [librxtxSerial.so+0x6462]  read_byte_array+0x52
#
# Failed to write core dump. Core dumps have been disabled. To enable core dumping, try "ulimit -c unlimited" before starting Java again
#
# If you would like to submit a bug report, please visit:
#   http://bugreport.sun.com/bugreport/crash.jsp
# The crash happened outside the Java Virtual Machine in native code.
# See problematic frame for where to report the bug.
#

---------------  T H R E A D  ---------------

Current thread (0x00007ff67c0c3000):  JavaThread "Thread-0" [_thread_in_native, id=6269, stack(0x00007ff6a12c5000,0x00007ff6a13c6000)]

siginfo:si_signo=SIGSEGV: si_errno=0, si_code=1 (SEGV_MAPERR), si_addr=0xffffffffa13c4578

Registers:
RAX=0xffffffffa13c4570, RBX=0xffffffffffffffff, RCX=0x0000000000000001, RDX=0x00007ff6deed5a50
RSP=0x00007ff6a13c3940, RBP=0x00007ff67c0c31e8, RSI=0x00007ff6a10a5e30, RDI=0x00007ff6a10a5d3e
R8 =0x00007ff6a13c38b0, R9 =0x00000000ffffffff, R10=0x0000000000000049, R11=0x00007ff6a10a2410
R12=0x00000000ffffffff, R13=0x0000000000000000, R14=0x000000000000001d, R15=0x0000000000000000
RIP=0x00007ff6a10a2462, EFLAGS=0x0000000000010202, CSGSFS=0x0000000000000033, ERR=0x0000000000000005
  TRAPNO=0x000000000000000e

Top of Stack: (sp=0x00007ff6a13c3940)
0x00007ff6a13c3940:   ff0000000000ff00 0000000000000000
0x00007ff6a13c3950:   0000000000000000 0000000000000000
0x00007ff6a13c3960:   0000000000000008 ffffffffa13c4570
0x00007ff6a13c3970:   0000000000000000 0000000000000000
0x00007ff6a13c3980:   0000000000000000 000001a600000000
0x00007ff6a13c3990:   00007ff67801bba0 0000001d00000000
0x00007ff6a13c39a0:   0000000000000000 0000000000000000
0x00007ff6a13c39b0:   0000000000000000 0000000000000000
0x00007ff6a13c39c0:   00007ff67c0c3000 0000000000000700
0x00007ff6a13c39d0:   0000000000002000 0000000000000000
0x00007ff6a13c39e0:   000000000000001d 0000000000000000
0x00007ff6a13c39f0:   00007ff6a13c3a20 00007ff6de348dac
0x00007ff6a13c3a00:   00007ff67801bba0 00007ff67801bba0
0x00007ff6a13c3a10:   000000000000001d 00007ff6a13c3a80
0x00007ff6a13c3a20:   00007ff67c0c31e8 00000000000001a6
0x00007ff6a13c3a30:   00000000ffffffff ffffffffffffffff
0x00007ff6a13c3a40:   00007ff67c0c31e8 00007ff67801bba0
0x00007ff6a13c3a50:   00000000000001a6 000000000000001d
0x00007ff6a13c3a60:   0000000000000000 00007ff6a10a28a1
0x00007ff6a13c3a70:   00007ff67c0c3000 00007ff6a13c3b58
0x00007ff6a13c3a80:   00007ff6a13c3b60 00000000bfb32040
0x00007ff6a13c3a90:   00007ff6a13c3b28 0000000000000000
0x00007ff6a13c3aa0:   00000000bfb32038 00007ff6a13c3b60
0x00007ff6a13c3ab0:   00007ff67c0c3000 00007ff6d4dfdaf9
0x00007ff6a13c3ac0:   00000000bfb423eb 00007ff6000000b6
0x00007ff6a13c3ad0:   00007ff698076838 000001a6000000b6
0x00007ff6a13c3ae0:   00007ff67c0c3000 00007ff6a13c3ae8
0x00007ff6a13c3af0:   00000000bfb32038 00007ff6a13c3b60
0x00007ff6a13c3b00:   00000000bfb42ae0 0000000000000000
0x00007ff6a13c3b10:   00000000bfb32040 0000000000000000
0x00007ff6a13c3b20:   00007ff6a13c3b48 00007ff6a13c3bb8
0x00007ff6a13c3b30:   00007ff6d4deb254 0000000000000000 

Instructions: (pc=0x00007ff6a10a2462)
0x00007ff6a10a2442:   89 44 24 4c 48 c7 44 24 40 00 00 00 00 48 c7 44
0x00007ff6a10a2452:   24 38 00 00 00 00 e8 53 d7 ff ff 48 89 44 24 28
0x00007ff6a10a2462:   8b 40 08 45 85 e4 48 8b 54 24 28 44 8b 7c 24 4c
0x00007ff6a10a2472:   89 44 24 34 c7 42 08 00 00 00 00 78 0c 31 c0 e8 

Register to memory mapping:

RAX=0xffffffffa13c4570 is an unknown value
RBX=0xffffffffffffffff is an unknown value
RCX=0x0000000000000001 is an unknown value
RDX=0x00007ff6deed5a50: <offset 0xe37a50> in /usr/lib/jvm/jdk1.7.0_51/jre/lib/amd64/server/libjvm.so at 0x00007ff6de09e000
RSP=0x00007ff6a13c3940 is pointing into the stack for thread: 0x00007ff67c0c3000
RBP=0x00007ff67c0c31e8 is an unknown value
RSI=0x00007ff6a10a5e30: <offset 0x9e30> in /usr/lib/jvm/jdk1.7.0_51/jre/lib/amd64/librxtxSerial.so at 0x00007ff6a109c000
RDI=0x00007ff6a10a5d3e: <offset 0x9d3e> in /usr/lib/jvm/jdk1.7.0_51/jre/lib/amd64/librxtxSerial.so at 0x00007ff6a109c000
R8 =0x00007ff6a13c38b0 is pointing into the stack for thread: 0x00007ff67c0c3000
R9 =0x00000000ffffffff is an unallocated location in the heap
R10=0x0000000000000049 is an unknown value
R11=0x00007ff6a10a2410: read_byte_array+0 in /usr/lib/jvm/jdk1.7.0_51/jre/lib/amd64/librxtxSerial.so at 0x00007ff6a109c000
R12=0x00000000ffffffff is an unallocated location in the heap
R13=0x0000000000000000 is an unknown value
R14=0x000000000000001d is an unknown value
R15=0x0000000000000000 is an unknown value


Stack: [0x00007ff6a12c5000,0x00007ff6a13c6000],  sp=0x00007ff6a13c3940,  free space=1018k
Native frames: (J=compiled Java code, j=interpreted, Vv=VM code, C=native code)
C  [librxtxSerial.so+0x6462]  read_byte_array+0x52

Java frames: (J=compiled Java code, j=interpreted, Vv=VM code)
j  gnu.io.RXTXPort.readArray([BII)I+0
j  gnu.io.RXTXPort$SerialInputStream.read([BII)I+187
j  sun.nio.cs.StreamDecoder.readBytes()I+135
j  sun.nio.cs.StreamDecoder.implRead([CII)I+112
j  sun.nio.cs.StreamDecoder.read([CII)I+180
j  java.io.InputStreamReader.read([CII)I+7
j  java.io.BufferedReader.fill()V+145
j  java.io.BufferedReader.readLine(Z)Ljava/lang/String;+44
j  java.io.BufferedReader.readLine()Ljava/lang/String;+2
j  PPD_Frame.serialEvent(Lgnu/io/SerialPortEvent;)V+24
j  gnu.io.RXTXPort.sendEvent(IZ)Z+382
v  ~StubRoutines::call_stub
j  gnu.io.RXTXPort.eventLoop()V+0
j  gnu.io.RXTXPort$MonitorThread.run()V+12
v  ~StubRoutines::call_stub

---------------  P R O C E S S  ---------------

Java Threads: ( => current thread )
=>0x00007ff67c0c3000 JavaThread "Thread-0" [_thread_in_native, id=6269, stack(0x00007ff6a12c5000,0x00007ff6a13c6000)]
  0x00007ff67c003800 JavaThread "org.netbeans.modules.debugger.jpda.visual AWT Access Loop" daemon [_thread_blocked, id=6263, stack(0x00007ff6a1746000,0x00007ff6a1847000)]
  0x00007ff6d800d800 JavaThread "DestroyJavaVM" [_thread_blocked, id=6239, stack(0x00007ff6ddc94000,0x00007ff6ddd95000)]
  0x00007ff6d824a800 JavaThread "AWT-EventQueue-0" [_thread_blocked, id=6262, stack(0x00007ff6a1847000,0x00007ff6a1948000)]
  0x00007ff6d820d800 JavaThread "AWT-Shutdown" [_thread_blocked, id=6261, stack(0x00007ff6a1948000,0x00007ff6a1a49000)]
  0x00007ff6d81af000 JavaThread "AWT-XAWT" daemon [_thread_in_native, id=6260, stack(0x00007ff6a2601000,0x00007ff6a2702000)]
  0x00007ff6d818b800 JavaThread "Java2D Disposer" daemon [_thread_blocked, id=6259, stack(0x00007ff6a2b12000,0x00007ff6a2c13000)]
  0x00007ff6d80a9000 JavaThread "Service Thread" daemon [_thread_blocked, id=6257, stack(0x00007ff6d04d6000,0x00007ff6d05d7000)]
  0x00007ff6d80a6800 JavaThread "C2 CompilerThread1" daemon [_thread_blocked, id=6256, stack(0x00007ff6d05d7000,0x00007ff6d06d8000)]
  0x00007ff6d80a3800 JavaThread "C2 CompilerThread0" daemon [_thread_blocked, id=6255, stack(0x00007ff6d06d8000,0x00007ff6d07d9000)]
  0x00007ff6b0001000 JavaThread "JDWP Command Reader" daemon [_thread_in_native, id=6252, stack(0x00007ff6d07d9000,0x00007ff6d08da000)]
  0x00007ff6d80a1800 JavaThread "JDWP Event Helper Thread" daemon [_thread_blocked, id=6251, stack(0x00007ff6d08da000,0x00007ff6d09db000)]
  0x00007ff6d809e000 JavaThread "JDWP Transport Listener: dt_socket" daemon [_thread_blocked, id=6249, stack(0x00007ff6d09db000,0x00007ff6d0adc000)]
  0x00007ff6d8090800 JavaThread "Signal Dispatcher" daemon [_thread_blocked, id=6247, stack(0x00007ff6d0ce0000,0x00007ff6d0de1000)]
  0x00007ff6d8073000 JavaThread "Finalizer" daemon [_thread_blocked, id=6246, stack(0x00007ff6d0de1000,0x00007ff6d0ee2000)]
  0x00007ff6d806f000 JavaThread "Reference Handler" daemon [_thread_blocked, id=6245, stack(0x00007ff6d0ee2000,0x00007ff6d0fe3000)]

Other Threads:
  0x00007ff6d806c800 VMThread [stack: 0x00007ff6d0fe3000,0x00007ff6d10e4000] [id=6244]
  0x00007ff6d80ab800 WatcherThread [stack: 0x00007ff6d03d5000,0x00007ff6d04d6000] [id=6258]

VM state:not at safepoint (normal execution)

VM Mutex/Monitor currently owned by a thread: None

Heap
 PSYoungGen      total 17920K, used 9533K [0x00000000ec080000, 0x00000000ed480000, 0x0000000100000000)
  eden space 15360K, 62% used [0x00000000ec080000,0x00000000ec9cf490,0x00000000ecf80000)
  from space 2560K, 0% used [0x00000000ed200000,0x00000000ed200000,0x00000000ed480000)
  to   space 2560K, 0% used [0x00000000ecf80000,0x00000000ecf80000,0x00000000ed200000)
 ParOldGen       total 40448K, used 0K [0x00000000c4200000, 0x00000000c6980000, 0x00000000ec080000)
  object space 40448K, 0% used [0x00000000c4200000,0x00000000c4200000,0x00000000c6980000)
 PSPermGen       total 21504K, used 12032K [0x00000000bf000000, 0x00000000c0500000, 0x00000000c4200000)
  object space 21504K, 55% used [0x00000000bf000000,0x00000000bfbc02e8,0x00000000c0500000)

Card table byte_map: [0x00007ff6d4b1c000,0x00007ff6d4d25000] byte_map_base: 0x00007ff6d4524000

Polling page: 0x00007ff6dfb26000

Code Cache  [0x00007ff6d4de5000, 0x00007ff6d5055000, 0x00007ff6d7de5000)
 total_blobs=515 nmethods=49 adapters=427 free_code_cache=48470Kb largest_free_block=49612352

Compilation events (10 events):
Event: 18.418 Thread 0x00007ff6d80a6800 nmethod 45 0x00007ff6d4e801d0 code [0x00007ff6d4e80320, 0x00007ff6d4e80458]
Event: 18.420 Thread 0x00007ff6d80a3800 nmethod 44% 0x00007ff6d4e7b590 code [0x00007ff6d4e7b740, 0x00007ff6d4e7bed8]
Event: 18.423 Thread 0x00007ff6d80a6800   46             javax.swing.plaf.nimbus.EffectUtils::blur (157 bytes)
Event: 18.442 Thread 0x00007ff6d80a6800 nmethod 46 0x00007ff6d4e90cd0 code [0x00007ff6d4e90e60, 0x00007ff6d4e916d8]
Event: 18.449 Thread 0x00007ff6d80a3800   47             java.awt.MultipleGradientPaintContext::indexIntoGradientsArrays (190 bytes)
Event: 18.455 Thread 0x00007ff6d80a3800 nmethod 47 0x00007ff6d4e7a9d0 code [0x00007ff6d4e7aba0, 0x00007ff6d4e7b198]
Event: 18.455 Thread 0x00007ff6d80a6800   48             java.awt.MultipleGradientPaintContext::interpolate (202 bytes)
Event: 18.468 Thread 0x00007ff6d80a6800 nmethod 48 0x00007ff6d4e811d0 code [0x00007ff6d4e81380, 0x00007ff6d4e81978]
Event: 18.468 Thread 0x00007ff6d80a6800   49             java.awt.LinearGradientPaintContext::fillRaster (97 bytes)
Event: 18.469 Thread 0x00007ff6d80a6800 nmethod 49 0x00007ff6d4e80bd0 code [0x00007ff6d4e80d20, 0x00007ff6d4e81048]

GC Heap History (0 events):
No events

Deoptimization events (2 events):
Event: 0.406 Thread 0x00007ff6d800d800 Uncommon trap: reason=class_check action=maybe_recompile pc=0x00007ff6d4e61180 method=java.util.Properties$LineReader.readLine()I @ 62
Event: 0.407 Thread 0x00007ff6d800d800 Uncommon trap: reason=class_check action=maybe_recompile pc=0x00007ff6d4e61180 method=java.util.Properties$LineReader.readLine()I @ 62

Internal exceptions (10 events):
Event: 0.639 Thread 0x00007ff6d824a800 Threw 0x00000000ec42bce8 at /HUDSON/workspace/7u-2-build-linux-amd64@2/jdk7u51/527/hotspot/src/share/vm/prims/jvm.cpp:1244
Event: 0.639 Thread 0x00007ff6d824a800 Threw 0x00000000ec42d400 at /HUDSON/workspace/7u-2-build-linux-amd64@2/jdk7u51/527/hotspot/src/share/vm/prims/jvm.cpp:1244
Event: 0.639 Thread 0x00007ff6d824a800 Threw 0x00000000ec430f40 at /HUDSON/workspace/7u-2-build-linux-amd64@2/jdk7u51/527/hotspot/src/share/vm/prims/jvm.cpp:1244
Event: 0.640 Thread 0x00007ff6d824a800 Threw 0x00000000ec432658 at /HUDSON/workspace/7u-2-build-linux-amd64@2/jdk7u51/527/hotspot/src/share/vm/prims/jvm.cpp:1244
Event: 0.811 Thread 0x00007ff6d824a800 Threw 0x00000000ec568518 at /HUDSON/workspace/7u-2-build-linux-amd64@2/jdk7u51/527/hotspot/src/share/vm/prims/jvm.cpp:1244
Event: 0.812 Thread 0x00007ff6d824a800 Threw 0x00000000ec56a0e8 at /HUDSON/workspace/7u-2-build-linux-amd64@2/jdk7u51/527/hotspot/src/share/vm/prims/jvm.cpp:1244
Event: 9.719 Thread 0x00007ff6d824a800 Threw 0x00000000ec8c3e60 at /HUDSON/workspace/7u-2-build-linux-amd64@2/jdk7u51/527/hotspot/src/share/vm/prims/jni.cpp:717
Event: 9.737 Thread 0x00007ff6d824a800 Threw 0x00000000ec8d70e8 at /HUDSON/workspace/7u-2-build-linux-amd64@2/jdk7u51/527/hotspot/src/share/vm/prims/jni.cpp:717
Event: 9.739 Thread 0x00007ff6d824a800 Threw 0x00000000ec8e8b88 at /HUDSON/workspace/7u-2-build-linux-amd64@2/jdk7u51/527/hotspot/src/share/vm/prims/jni.cpp:717
Event: 9.758 Thread 0x00007ff6d824a800 Threw 0x00000000ec8fba10 at /HUDSON/workspace/7u-2-build-linux-amd64@2/jdk7u51/527/hotspot/src/share/vm/prims/jni.cpp:717

Events (10 events):
Event: 18.463 loading class 0x00007ff6d811ad90
Event: 18.463 loading class 0x00007ff6d811ad90 done
Event: 18.572 Executing VM operation: GetOrSetLocal
Event: 18.572 Executing VM operation: GetOrSetLocal done
Event: 18.572 Executing VM operation: GetOrSetLocal
Event: 18.572 Executing VM operation: GetOrSetLocal done
Event: 20.066 Executing VM operation: GetOrSetLocal
Event: 20.066 Executing VM operation: GetOrSetLocal done
Event: 20.066 Executing VM operation: GetOrSetLocal
Event: 20.066 Executing VM operation: GetOrSetLocal done


Dynamic libraries:
00400000-00401000 r-xp 00000000 08:07 937188                             /usr/lib/jvm/jdk1.7.0_51/bin/java
00600000-00601000 rw-p 00000000 08:07 937188                             /usr/lib/jvm/jdk1.7.0_51/bin/java
025a8000-025c9000 rw-p 00000000 00:00 0                                  [heap]
bf000000-c0500000 rw-p 00000000 00:00 0 
c0500000-c4200000 rw-p 00000000 00:00 0 
c4200000-c6980000 rw-p 00000000 00:00 0 
c6980000-ec080000 rw-p 00000000 00:00 0 
ec080000-ed480000 rw-p 00000000 00:00 0 
ed480000-100000000 rw-p 00000000 00:00 0 
7ff674000000-7ff67403b000 rw-p 00000000 00:00 0 
7ff67403b000-7ff678000000 ---p 00000000 00:00 0 
7ff678000000-7ff678021000 rw-p 00000000 00:00 0 
7ff678021000-7ff67c000000 ---p 00000000 00:00 0 
7ff67c000000-7ff67c0ff000 rw-p 00000000 00:00 0 
7ff67c0ff000-7ff680000000 ---p 00000000 00:00 0 
7ff680000000-7ff680021000 rw-p 00000000 00:00 0 
7ff680021000-7ff684000000 ---p 00000000 00:00 0 
7ff684000000-7ff684021000 rw-p 00000000 00:00 0 
7ff684021000-7ff688000000 ---p 00000000 00:00 0 
7ff688000000-7ff688021000 rw-p 00000000 00:00 0 
7ff688021000-7ff68c000000 ---p 00000000 00:00 0 
7ff68c000000-7ff68c021000 rw-p 00000000 00:00 0 
7ff68c021000-7ff690000000 ---p 00000000 00:00 0 
7ff690000000-7ff690021000 rw-p 00000000 00:00 0 
7ff690021000-7ff694000000 ---p 00000000 00:00 0 
7ff694000000-7ff694021000 rw-p 00000000 00:00 0 
7ff694021000-7ff698000000 ---p 00000000 00:00 0 
7ff698000000-7ff6984d1000 rw-p 00000000 00:00 0 
7ff6984d1000-7ff69c000000 ---p 00000000 00:00 0 
7ff69c000000-7ff69c380000 rw-p 00000000 00:00 0 
7ff69c380000-7ff6a0000000 ---p 00000000 00:00 0 
7ff6a0c7f000-7ff6a0ca9000 r-xp 00000000 08:07 1836084                    /usr/lib/jvm/jdk1.7.0_51/jre/lib/amd64/libdcpr.so
7ff6a0ca9000-7ff6a0ea9000 ---p 0002a000 08:07 1836084                    /usr/lib/jvm/jdk1.7.0_51/jre/lib/amd64/libdcpr.so
7ff6a0ea9000-7ff6a0eac000 rw-p 0002a000 08:07 1836084                    /usr/lib/jvm/jdk1.7.0_51/jre/lib/amd64/libdcpr.so
7ff6a0eac000-7ff6a109c000 rw-s 00000000 00:05 30212134                   /SYSV00000000 (deleted)
7ff6a109c000-7ff6a10a8000 r-xp 00000000 08:07 1835128                    /usr/lib/jvm/jdk1.7.0_51/jre/lib/amd64/librxtxSerial.so
7ff6a10a8000-7ff6a11a7000 ---p 0000c000 08:07 1835128                    /usr/lib/jvm/jdk1.7.0_51/jre/lib/amd64/librxtxSerial.so
7ff6a11a7000-7ff6a11a9000 rw-p 0000b000 08:07 1835128                    /usr/lib/jvm/jdk1.7.0_51/jre/lib/amd64/librxtxSerial.so
7ff6a11a9000-7ff6a11c2000 r--s 00000000 08:07 527834                     /usr/share/fonts/type1/gsfonts/n021003l.pfb
7ff6a11c2000-7ff6a11d8000 r--s 00000000 08:07 527843                     /usr/share/fonts/type1/gsfonts/n021024l.pfb
7ff6a11d8000-7ff6a11ee000 r--s 00000000 08:07 527852                     /usr/share/fonts/type1/gsfonts/n022023l.pfb
7ff6a12ac000-7ff6a12c5000 r--s 00000000 08:07 527849                     /usr/share/fonts/type1/gsfonts/n022004l.pfb
7ff6a12c5000-7ff6a12c8000 ---p 00000000 00:00 0 
7ff6a12c8000-7ff6a13c6000 rw-p 00000000 00:00 0 
7ff6a13c6000-7ff6a13c9000 ---p 00000000 00:00 0 
7ff6a13c9000-7ff6a14c7000 rw-p 00000000 00:00 0 
7ff6a14c7000-7ff6a152f000 r-xp 00000000 08:07 1836082                    /usr/lib/jvm/jdk1.7.0_51/jre/lib/amd64/libt2k.so
7ff6a152f000-7ff6a172f000 ---p 00068000 08:07 1836082                    /usr/lib/jvm/jdk1.7.0_51/jre/lib/amd64/libt2k.so
7ff6a172f000-7ff6a1736000 rw-p 00068000 08:07 1836082                    /usr/lib/jvm/jdk1.7.0_51/jre/lib/amd64/libt2k.so
7ff6a1736000-7ff6a1746000 rw-p 00000000 00:00 0 
7ff6a1746000-7ff6a1749000 ---p 00000000 00:00 0 
7ff6a1749000-7ff6a1847000 rw-p 00000000 00:00 0 
7ff6a1847000-7ff6a184a000 ---p 00000000 00:00 0 
7ff6a184a000-7ff6a1948000 rw-p 00000000 00:00 0 
7ff6a1948000-7ff6a194b000 ---p 00000000 00:00 0 
7ff6a194b000-7ff6a1a49000 rw-p 00000000 00:00 0 
7ff6a1a49000-7ff6a1a59000 r-xp 00000000 08:07 1836051                    /usr/lib/jvm/jdk1.7.0_51/jre/lib/amd64/libnio.so
7ff6a1a59000-7ff6a1c59000 ---p 00010000 08:07 1836051                    /usr/lib/jvm/jdk1.7.0_51/jre/lib/amd64/libnio.so
7ff6a1c59000-7ff6a1c5a000 rw-p 00010000 08:07 1836051                    /usr/lib/jvm/jdk1.7.0_51/jre/lib/amd64/libnio.so
7ff6a1c5a000-7ff6a1f5b000 rw-p 00000000 00:00 0 
7ff6a1f5b000-7ff6a1f71000 r-xp 00000000 08:07 1836056                    /usr/lib/jvm/jdk1.7.0_51/jre/lib/amd64/libnet.so
7ff6a1f71000-7ff6a2171000 ---p 00016000 08:07 1836056                    /usr/lib/jvm/jdk1.7.0_51/jre/lib/amd64/libnet.so
7ff6a2171000-7ff6a2172000 rw-p 00016000 08:07 1836056                    /usr/lib/jvm/jdk1.7.0_51/jre/lib/amd64/libnet.so
7ff6a2172000-7ff6a2188000 r-xp 00000000 08:07 2364498                    /lib/x86_64-linux-gnu/libgcc_s.so.1
7ff6a2188000-7ff6a2387000 ---p 00016000 08:07 2364498                    /lib/x86_64-linux-gnu/libgcc_s.so.1
7ff6a2387000-7ff6a2388000 rw-p 00015000 08:07 2364498                    /lib/x86_64-linux-gnu/libgcc_s.so.1
7ff6a2388000-7ff6a23ed000 r-xp 00000000 08:07 1836052                    /usr/lib/jvm/jdk1.7.0_51/jre/lib/amd64/libfontmanager.so
7ff6a23ed000-7ff6a25ec000 ---p 00065000 08:07 1836052                    /usr/lib/jvm/jdk1.7.0_51/jre/lib/amd64/libfontmanager.so
7ff6a25ec000-7ff6a25f0000 rw-p 00064000 08:07 1836052                    /usr/lib/jvm/jdk1.7.0_51/jre/lib/amd64/libfontmanager.so
7ff6a25f0000-7ff6a2601000 rw-p 00000000 00:00 0 
7ff6a2601000-7ff6a2604000 ---p 00000000 00:00 0 
7ff6a2604000-7ff6a2702000 rw-p 00000000 00:00 0 
7ff6a2702000-7ff6a2707000 r-xp 00000000 08:07 2762080                    /usr/lib/x86_64-linux-gnu/libXfixes.so.3.1.0
7ff6a2707000-7ff6a2906000 ---p 00005000 08:07 2762080                    /usr/lib/x86_64-linux-gnu/libXfixes.so.3.1.0
7ff6a2906000-7ff6a2907000 r--p 00004000 08:07 2762080                    /usr/lib/x86_64-linux-gnu/libXfixes.so.3.1.0
7ff6a2907000-7ff6a2908000 rw-p 00005000 08:07 2762080                    /usr/lib/x86_64-linux-gnu/libXfixes.so.3.1.0
7ff6a2908000-7ff6a2911000 r-xp 00000000 08:07 2762072                    /usr/lib/x86_64-linux-gnu/libXcursor.so.1.0.2
7ff6a2911000-7ff6a2b10000 ---p 00009000 08:07 2762072                    /usr/lib/x86_64-linux-gnu/libXcursor.so.1.0.2
7ff6a2b10000-7ff6a2b11000 r--p 00008000 08:07 2762072                    /usr/lib/x86_64-linux-gnu/libXcursor.so.1.0.2
7ff6a2b11000-7ff6a2b12000 rw-p 00009000 08:07 2762072                    /usr/lib/x86_64-linux-gnu/libXcursor.so.1.0.2
7ff6a2b12000-7ff6a2b15000 ---p 00000000 00:00 0 
7ff6a2b15000-7ff6a2c13000 rw-p 00000000 00:00 0 
7ff6a2c13000-7ff6a2c18000 r-xp 00000000 08:07 2762076                    /usr/lib/x86_64-linux-gnu/libXdmcp.so.6.0.0
7ff6a2c18000-7ff6a2e17000 ---p 00005000 08:07 2762076                    /usr/lib/x86_64-linux-gnu/libXdmcp.so.6.0.0
7ff6a2e17000-7ff6a2e18000 r--p 00004000 08:07 2762076                    /usr/lib/x86_64-linux-gnu/libXdmcp.so.6.0.0
7ff6a2e18000-7ff6a2e19000 rw-p 00005000 08:07 2762076                    /usr/lib/x86_64-linux-gnu/libXdmcp.so.6.0.0
7ff6a2e19000-7ff6a2e1b000 r-xp 00000000 08:07 2762065                    /usr/lib/x86_64-linux-gnu/libXau.so.6.0.0
7ff6a2e1b000-7ff6a301b000 ---p 00002000 08:07 2762065                    /usr/lib/x86_64-linux-gnu/libXau.so.6.0.0
7ff6a301b000-7ff6a301c000 r--p 00002000 08:07 2762065                    /usr/lib/x86_64-linux-gnu/libXau.so.6.0.0
7ff6a301c000-7ff6a301d000 rw-p 00003000 08:07 2762065                    /usr/lib/x86_64-linux-gnu/libXau.so.6.0.0
7ff6a301d000-7ff6a303e000 r-xp 00000000 08:07 2763443                    /usr/lib/x86_64-linux-gnu/libxcb.so.1.1.0
7ff6a303e000-7ff6a323d000 ---p 00021000 08:07 2763443                    /usr/lib/x86_64-linux-gnu/libxcb.so.1.1.0
7ff6a323d000-7ff6a323e000 r--p 00020000 08:07 2763443                    /usr/lib/x86_64-linux-gnu/libxcb.so.1.1.0
7ff6a323e000-7ff6a323f000 rw-p 00021000 08:07 2763443                    /usr/lib/x86_64-linux-gnu/libxcb.so.1.1.0
7ff6a323f000-7ff6a324e000 r-xp 00000000 08:07 2762086                    /usr/lib/x86_64-linux-gnu/libXi.so.6.1.0
7ff6a324e000-7ff6a344d000 ---p 0000f000 08:07 2762086                    /usr/lib/x86_64-linux-gnu/libXi.so.6.1.0
7ff6a344d000-7ff6a344e000 r--p 0000e000 08:07 2762086                    /usr/lib/x86_64-linux-gnu/libXi.so.6.1.0
7ff6a344e000-7ff6a344f000 rw-p 0000f000 08:07 2762086                    /usr/lib/x86_64-linux-gnu/libXi.so.6.1.0
7ff6a344f000-7ff6a3454000 r-xp 00000000 08:07 2762104                    /usr/lib/x86_64-linux-gnu/libXtst.so.6.1.0
7ff6a3454000-7ff6a3653000 ---p 00005000 08:07 2762104                    /usr/lib/x86_64-linux-gnu/libXtst.so.6.1.0
7ff6a3653000-7ff6a3654000 r--p 00004000 08:07 2762104                    /usr/lib/x86_64-linux-gnu/libXtst.so.6.1.0
7ff6a3654000-7ff6a3655000 rw-p 00005000 08:07 2762104                    /usr/lib/x86_64-linux-gnu/libXtst.so.6.1.0
7ff6a3655000-7ff6a365e000 r-xp 00000000 08:07 2762098                    /usr/lib/x86_64-linux-gnu/libXrender.so.1.3.0
7ff6a365e000-7ff6a385d000 ---p 00009000 08:07 2762098                    /usr/lib/x86_64-linux-gnu/libXrender.so.1.3.0
7ff6a385d000-7ff6a385e000 r--p 00008000 08:07 2762098                    /usr/lib/x86_64-linux-gnu/libXrender.so.1.3.0
7ff6a385e000-7ff6a385f000 rw-p 00009000 08:07 2762098                    /usr/lib/x86_64-linux-gnu/libXrender.so.1.3.0
7ff6a385f000-7ff6a3994000 r-xp 00000000 08:07 2762061                    /usr/lib/x86_64-linux-gnu/libX11.so.6.3.0
7ff6a3994000-7ff6a3b94000 ---p 00135000 08:07 2762061                    /usr/lib/x86_64-linux-gnu/libX11.so.6.3.0
7ff6a3b94000-7ff6a3b95000 r--p 00135000 08:07 2762061                    /usr/lib/x86_64-linux-gnu/libX11.so.6.3.0
7ff6a3b95000-7ff6a3b99000 rw-p 00136000 08:07 2762061                    /usr/lib/x86_64-linux-gnu/libX11.so.6.3.0
7ff6a3b99000-7ff6a3baa000 r-xp 00000000 08:07 2762078                    /usr/lib/x86_64-linux-gnu/libXext.so.6.4.0
7ff6a3baa000-7ff6a3da9000 ---p 00011000 08:07 2762078                    /usr/lib/x86_64-linux-gnu/libXext.so.6.4.0
7ff6a3da9000-7ff6a3daa000 r--p 00010000 08:07 2762078                    /usr/lib/x86_64-linux-gnu/libXext.so.6.4.0
7ff6a3daa000-7ff6a3dab000 rw-p 00011000 08:07 2762078                    /usr/lib/x86_64-linux-gnu/libXext.so.6.4.0
7ff6a3dab000-7ff6a3dfb000 r-xp 00000000 08:07 1836094                    /usr/lib/jvm/jdk1.7.0_51/jre/lib/amd64/xawt/libmawt.so
7ff6a3dfb000-7ff6a3ffb000 ---p 00050000 08:07 1836094                    /usr/lib/jvm/jdk1.7.0_51/jre/lib/amd64/xawt/libmawt.so
7ff6a3ffb000-7ff6a3fff000 rw-p 00050000 08:07 1836094                    /usr/lib/jvm/jdk1.7.0_51/jre/lib/amd64/xawt/libmawt.so
7ff6a3fff000-7ff6a4000000 rw-p 00000000 00:00 0 
7ff6a4000000-7ff6a4029000 rw-p 00000000 00:00 0 
7ff6a4029000-7ff6a8000000 ---p 00000000 00:00 0 
7ff6a8000000-7ff6a8021000 rw-p 00000000 00:00 0 
7ff6a8021000-7ff6ac000000 ---p 00000000 00:00 0 
7ff6ac000000-7ff6ac021000 rw-p 00000000 00:00 0 
7ff6ac021000-7ff6b0000000 ---p 00000000 00:00 0 
7ff6b0000000-7ff6b003d000 rw-p 00000000 00:00 0 
7ff6b003d000-7ff6b4000000 ---p 00000000 00:00 0 
7ff6b4000000-7ff6b4021000 rw-p 00000000 00:00 0 
7ff6b4021000-7ff6b8000000 ---p 00000000 00:00 0 
7ff6b8000000-7ff6b8021000 rw-p 00000000 00:00 0 
7ff6b8021000-7ff6bc000000 ---p 00000000 00:00 0 
7ff6bc000000-7ff6bc021000 rw-p 00000000 00:00 0 
7ff6bc021000-7ff6c0000000 ---p 00000000 00:00 0 
7ff6c0000000-7ff6c0021000 rw-p 00000000 00:00 0 
7ff6c0021000-7ff6c4000000 ---p 00000000 00:00 0 
7ff6c4000000-7ff6c4021000 rw-p 00000000 00:00 0 
7ff6c4021000-7ff6c8000000 ---p 00000000 00:00 0 
7ff6c8000000-7ff6c8021000 rw-p 00000000 00:00 0 
7ff6c8021000-7ff6cc000000 ---p 00000000 00:00 0 
7ff6cc000000-7ff6cc021000 rw-p 00000000 00:00 0 
7ff6cc021000-7ff6d0000000 ---p 00000000 00:00 0 
7ff6d000a000-7ff6d0021000 r--s 00000000 08:07 527840                     /usr/share/fonts/type1/gsfonts/n021023l.pfb
7ff6d0021000-7ff6d002c000 r--s 00000000 08:07 2890696                    /var/cache/fontconfig/945677eb7aeaf62f1d50efc3fb3ec7d8-le64.cache-6
7ff6d002c000-7ff6d0032000 r--s 00000000 08:07 2890678                    /var/cache/fontconfig/2cd17615ca594fa2959ae173292e504c-le64.cache-6
7ff6d0032000-7ff6d0033000 r--s 00000000 08:07 2890675                    /var/cache/fontconfig/0d8c3b2ac0904cb8a57a757ad11a4a08-le64.cache-6
7ff6d0033000-7ff6d0037000 r--s 00000000 08:07 2885053                    /var/cache/fontconfig/de156ccd2eddbdc19d37a45b8b2aac9c-le64.cache-6
7ff6d0037000-7ff6d004c000 r--s 00000000 08:07 2890672                    /var/cache/fontconfig/04aabc0a78ac019cf9454389977116d2-le64.cache-6
7ff6d004c000-7ff6d004d000 r--s 00000000 08:07 2890677                    /var/cache/fontconfig/1ac9eb803944fde146138c791f5cc56a-le64.cache-6
7ff6d004d000-7ff6d0051000 r--s 00000000 08:07 2890682                    /var/cache/fontconfig/385c0604a188198f04d133e54aba7fe7-le64.cache-6
7ff6d0051000-7ff6d0052000 r--s 00000000 08:07 2890709                    /var/cache/fontconfig/dc05db6664285cc2f12bf69c139ae4c3-le64.cache-6
7ff6d0052000-7ff6d0055000 r--s 00000000 08:07 2890692                    /var/cache/fontconfig/767a8244fc0220cfb567a839d0392e0b-le64.cache-6
7ff6d0055000-7ff6d0056000 r--s 00000000 08:07 2883743                    /var/cache/fontconfig/4794a0821666d79190d59a36cb4f44b5-le64.cache-6
7ff6d0056000-7ff6d005b000 r--s 00000000 08:07 2890695                    /var/cache/fontconfig/8801497958630a81b71ace7c5f9b32a8-le64.cache-6
7ff6d005b000-7ff6d005c000 r--s 00000000 08:07 2890702                    /var/cache/fontconfig/bab58bb527bb656aaa9f116d68a48d89-le64.cache-6
7ff6d005c000-7ff6d0063000 r--s 00000000 08:07 2890679                    /var/cache/fontconfig/3047814df9a2f067bd2d96a2b9c36e5a-le64.cache-6
7ff6d0063000-7ff6d0064000 r--s 00000000 08:07 2890686                    /var/cache/fontconfig/56cf4f4769d0f4abc89a4895d7bd3ae1-le64.cache-6
7ff6d0064000-7ff6d0065000 r--s 00000000 08:07 2890701                    /var/cache/fontconfig/b9d506c9ac06c20b433354fa67a72993-le64.cache-6
7ff6d0065000-7ff6d006b000 r--s 00000000 08:07 2890700                    /var/cache/fontconfig/b47c4e1ecd0709278f4910c18777a504-le64.cache-6
7ff6d006b000-7ff6d007e000 r--s 00000000 08:07 2890706                    /var/cache/fontconfig/d52a8644073d54c13679302ca1180695-le64.cache-6
7ff6d0088000-7ff6d0099000 r--s 00000000 08:07 527816                     /usr/share/fonts/type1/gsfonts/n019023l.pfb
7ff6d0099000-7ff6d00ad000 r--s 00000000 08:07 527810                     /usr/share/fonts/type1/gsfonts/n019003l.pfb
7ff6d00ad000-7ff6d00b6000 r--s 00000000 08:07 527870                     /usr/share/fonts/type1/gsfonts/s050000l.pfb
7ff6d00b6000-7ff6d00c1000 r--s 00000000 08:07 2887795                    /var/cache/fontconfig/d589a48862398ed80a3d6066f4f56f4c-le64.cache-6
7ff6d00c1000-7ff6d00cc000 r--s 00000000 08:07 2890694                    /var/cache/fontconfig/83bf95040141907cd45bb53cf7c1c148-le64.cache-6
7ff6d00cc000-7ff6d00de000 r--s 00000000 08:07 2886108                    /var/cache/fontconfig/9b89f8e3dae116d678bbf48e5f21f69b-le64.cache-6
7ff6d00de000-7ff6d0103000 r--p 00000000 08:07 397003                     /usr/share/locale-langpack/es/LC_MESSAGES/libc.mo
7ff6d0103000-7ff6d01a5000 r-xp 00000000 08:07 1836064                    /usr/lib/jvm/jdk1.7.0_51/jre/lib/amd64/libawt.so
7ff6d01a5000-7ff6d03a5000 ---p 000a2000 08:07 1836064                    /usr/lib/jvm/jdk1.7.0_51/jre/lib/amd64/libawt.so
7ff6d03a5000-7ff6d03b1000 rw-p 000a2000 08:07 1836064                    /usr/lib/jvm/jdk1.7.0_51/jre/lib/amd64/libawt.so
7ff6d03b1000-7ff6d03d5000 rw-p 00000000 00:00 0 
7ff6d03d5000-7ff6d03d6000 ---p 00000000 00:00 0 
7ff6d03d6000-7ff6d04d6000 rw-p 00000000 00:00 0 
7ff6d04d6000-7ff6d04d9000 ---p 00000000 00:00 0 
7ff6d04d9000-7ff6d05d7000 rw-p 00000000 00:00 0 
7ff6d05d7000-7ff6d05da000 ---p 00000000 00:00 0 
7ff6d05da000-7ff6d06d8000 rw-p 00000000 00:00 0 
7ff6d06d8000-7ff6d06db000 ---p 00000000 00:00 0 
7ff6d06db000-7ff6d07d9000 rw-p 00000000 00:00 0 
7ff6d07d9000-7ff6d07dc000 ---p 00000000 00:00 0 
7ff6d07dc000-7ff6d08da000 rw-p 00000000 00:00 0 
7ff6d08da000-7ff6d08dd000 ---p 00000000 00:00 0 
7ff6d08dd000-7ff6d09db000 rw-p 00000000 00:00 0 
7ff6d09db000-7ff6d09de000 ---p 00000000 00:00 0 
7ff6d09de000-7ff6d0adc000 rw-p 00000000 00:00 0 
7ff6d0adc000-7ff6d0ae0000 r-xp 00000000 08:07 1836071                    /usr/lib/jvm/jdk1.7.0_51/jre/lib/amd64/libdt_socket.so
7ff6d0ae0000-7ff6d0cdf000 ---p 00004000 08:07 1836071                    /usr/lib/jvm/jdk1.7.0_51/jre/lib/amd64/libdt_socket.so
7ff6d0cdf000-7ff6d0ce0000 rw-p 00003000 08:07 1836071                    /usr/lib/jvm/jdk1.7.0_51/jre/lib/amd64/libdt_socket.so
7ff6d0ce0000-7ff6d0ce3000 ---p 00000000 00:00 0 
7ff6d0ce3000-7ff6d0de1000 rw-p 00000000 00:00 0 
7ff6d0de1000-7ff6d0de4000 ---p 00000000 00:00 0 
7ff6d0de4000-7ff6d0ee2000 rw-p 00000000 00:00 0 
7ff6d0ee2000-7ff6d0ee5000 ---p 00000000 00:00 0 
7ff6d0ee5000-7ff6d0fe3000 rw-p 00000000 00:00 0 
7ff6d0fe3000-7ff6d0fe4000 ---p 00000000 00:00 0 
7ff6d0fe4000-7ff6d20c2000 rw-p 00000000 00:00 0 
7ff6d20c2000-7ff6d227f000 r--s 039bf000 08:07 1057153                    /usr/lib/jvm/jdk1.7.0_51/jre/lib/rt.jar
7ff6d227f000-7ff6d45d8000 rw-p 00000000 00:00 0 
7ff6d45d8000-7ff6d45d9000 ---p 00000000 00:00 0 
7ff6d45d9000-7ff6d46d9000 rw-p 00000000 00:00 0 
7ff6d46d9000-7ff6d46da000 ---p 00000000 00:00 0 
7ff6d46da000-7ff6d47da000 rw-p 00000000 00:00 0 
7ff6d47da000-7ff6d47db000 ---p 00000000 00:00 0 
7ff6d47db000-7ff6d48db000 rw-p 00000000 00:00 0 
7ff6d48db000-7ff6d48dc000 ---p 00000000 00:00 0 
7ff6d48dc000-7ff6d49f0000 rw-p 00000000 00:00 0 
7ff6d49f0000-7ff6d4b1c000 rw-p 00000000 00:00 0 
7ff6d4b1c000-7ff6d4b27000 rw-p 00000000 00:00 0 
7ff6d4b27000-7ff6d4b45000 rw-p 00000000 00:00 0 
7ff6d4b45000-7ff6d4b59000 rw-p 00000000 00:00 0 
7ff6d4b59000-7ff6d4c84000 rw-p 00000000 00:00 0 
7ff6d4c84000-7ff6d4c8f000 rw-p 00000000 00:00 0 
7ff6d4c8f000-7ff6d4d24000 rw-p 00000000 00:00 0 
7ff6d4d24000-7ff6d4d2f000 rw-p 00000000 00:00 0 
7ff6d4d2f000-7ff6d4de5000 rw-p 00000000 00:00 0 
7ff6d4de5000-7ff6d5055000 rwxp 00000000 00:00 0 
7ff6d5055000-7ff6d7de5000 rw-p 00000000 00:00 0 
7ff6d7de5000-7ff6d7dff000 r-xp 00000000 08:07 1836101                    /usr/lib/jvm/jdk1.7.0_51/jre/lib/amd64/libzip.so
7ff6d7dff000-7ff6d7fff000 ---p 0001a000 08:07 1836101                    /usr/lib/jvm/jdk1.7.0_51/jre/lib/amd64/libzip.so
7ff6d7fff000-7ff6d8000000 rw-p 0001a000 08:07 1836101                    /usr/lib/jvm/jdk1.7.0_51/jre/lib/amd64/libzip.so
7ff6d8000000-7ff6d827a000 rw-p 00000000 00:00 0 
7ff6d827a000-7ff6dc000000 ---p 00000000 00:00 0 
7ff6dc000000-7ff6dc001000 r--s 00000000 08:07 2890685                    /var/cache/fontconfig/551ecf3b0e8b0bca0f25c0944f561853-le64.cache-6
7ff6dc001000-7ff6dc004000 r--s 00000000 08:07 2890691                    /var/cache/fontconfig/75114ca45c98e8a441da0ff356701271-le64.cache-6
7ff6dc004000-7ff6dc007000 r--s 00000000 08:07 2890710                    /var/cache/fontconfig/e13b20fdb08344e0e664864cc2ede53d-le64.cache-6
7ff6dc007000-7ff6dc00b000 r--s 00000000 08:07 2883629                    /var/cache/fontconfig/7ef2298fde41cc6eeb7af42e48b7d293-le64.cache-6
7ff6dc00b000-7ff6dc016000 r--s 0037c000 08:07 1057110                    /usr/lib/jvm/jdk1.7.0_51/jre/lib/charsets.jar
7ff6dc016000-7ff6dc021000 r-xp 00000000 08:07 2364559                    /lib/x86_64-linux-gnu/libnss_files-2.23.so
7ff6dc021000-7ff6dc220000 ---p 0000b000 08:07 2364559                    /lib/x86_64-linux-gnu/libnss_files-2.23.so
7ff6dc220000-7ff6dc221000 r--p 0000a000 08:07 2364559                    /lib/x86_64-linux-gnu/libnss_files-2.23.so
7ff6dc221000-7ff6dc222000 rw-p 0000b000 08:07 2364559                    /lib/x86_64-linux-gnu/libnss_files-2.23.so
7ff6dc222000-7ff6dc228000 rw-p 00000000 00:00 0 
7ff6dc228000-7ff6dc233000 r-xp 00000000 08:07 2364569                    /lib/x86_64-linux-gnu/libnss_nis-2.23.so
7ff6dc233000-7ff6dc432000 ---p 0000b000 08:07 2364569                    /lib/x86_64-linux-gnu/libnss_nis-2.23.so
7ff6dc432000-7ff6dc433000 r--p 0000a000 08:07 2364569                    /lib/x86_64-linux-gnu/libnss_nis-2.23.so
7ff6dc433000-7ff6dc434000 rw-p 0000b000 08:07 2364569                    /lib/x86_64-linux-gnu/libnss_nis-2.23.so
7ff6dc434000-7ff6dc44a000 r-xp 00000000 08:07 2364553                    /lib/x86_64-linux-gnu/libnsl-2.23.so
7ff6dc44a000-7ff6dc649000 ---p 00016000 08:07 2364553                    /lib/x86_64-linux-gnu/libnsl-2.23.so
7ff6dc649000-7ff6dc64a000 r--p 00015000 08:07 2364553                    /lib/x86_64-linux-gnu/libnsl-2.23.so
7ff6dc64a000-7ff6dc64b000 rw-p 00016000 08:07 2364553                    /lib/x86_64-linux-gnu/libnsl-2.23.so
7ff6dc64b000-7ff6dc64d000 rw-p 00000000 00:00 0 
7ff6dc64d000-7ff6dc655000 r-xp 00000000 08:07 2364555                    /lib/x86_64-linux-gnu/libnss_compat-2.23.so
7ff6dc655000-7ff6dc854000 ---p 00008000 08:07 2364555                    /lib/x86_64-linux-gnu/libnss_compat-2.23.so
7ff6dc854000-7ff6dc855000 r--p 00007000 08:07 2364555                    /lib/x86_64-linux-gnu/libnss_compat-2.23.so
7ff6dc855000-7ff6dc856000 rw-p 00008000 08:07 2364555                    /lib/x86_64-linux-gnu/libnss_compat-2.23.so
7ff6dc856000-7ff6dd215000 r--p 00000000 08:07 2760681                    /usr/lib/locale/locale-archive
7ff6dd215000-7ff6dd218000 r-xp 00000000 08:07 1836062                    /usr/lib/jvm/jdk1.7.0_51/jre/lib/amd64/libnpt.so
7ff6dd218000-7ff6dd417000 ---p 00003000 08:07 1836062                    /usr/lib/jvm/jdk1.7.0_51/jre/lib/amd64/libnpt.so
7ff6dd417000-7ff6dd418000 rw-p 00002000 08:07 1836062                    /usr/lib/jvm/jdk1.7.0_51/jre/lib/amd64/libnpt.so
7ff6dd418000-7ff6dd451000 r-xp 00000000 08:07 1836106                    /usr/lib/jvm/jdk1.7.0_51/jre/lib/amd64/libjdwp.so
7ff6dd451000-7ff6dd651000 ---p 00039000 08:07 1836106                    /usr/lib/jvm/jdk1.7.0_51/jre/lib/amd64/libjdwp.so
7ff6dd651000-7ff6dd652000 rw-p 00039000 08:07 1836106                    /usr/lib/jvm/jdk1.7.0_51/jre/lib/amd64/libjdwp.so
7ff6dd652000-7ff6dd653000 rw-p 00000000 00:00 0 
7ff6dd653000-7ff6dd67c000 r-xp 00000000 08:07 1836085                    /usr/lib/jvm/jdk1.7.0_51/jre/lib/amd64/libjava.so
7ff6dd67c000-7ff6dd87c000 ---p 00029000 08:07 1836085                    /usr/lib/jvm/jdk1.7.0_51/jre/lib/amd64/libjava.so
7ff6dd87c000-7ff6dd87e000 rw-p 00029000 08:07 1836085                    /usr/lib/jvm/jdk1.7.0_51/jre/lib/amd64/libjava.so
7ff6dd87e000-7ff6dd88b000 r-xp 00000000 08:07 1836083                    /usr/lib/jvm/jdk1.7.0_51/jre/lib/amd64/libverify.so
7ff6dd88b000-7ff6dda8a000 ---p 0000d000 08:07 1836083                    /usr/lib/jvm/jdk1.7.0_51/jre/lib/amd64/libverify.so
7ff6dda8a000-7ff6dda8c000 rw-p 0000c000 08:07 1836083                    /usr/lib/jvm/jdk1.7.0_51/jre/lib/amd64/libverify.so
7ff6dda8c000-7ff6dda93000 r-xp 00000000 08:07 2364614                    /lib/x86_64-linux-gnu/librt-2.23.so
7ff6dda93000-7ff6ddc92000 ---p 00007000 08:07 2364614                    /lib/x86_64-linux-gnu/librt-2.23.so
7ff6ddc92000-7ff6ddc93000 r--p 00006000 08:07 2364614                    /lib/x86_64-linux-gnu/librt-2.23.so
7ff6ddc93000-7ff6ddc94000 rw-p 00007000 08:07 2364614                    /lib/x86_64-linux-gnu/librt-2.23.so
7ff6ddc94000-7ff6ddc97000 ---p 00000000 00:00 0 
7ff6ddc97000-7ff6ddd95000 rw-p 00000000 00:00 0 
7ff6ddd95000-7ff6dde9d000 r-xp 00000000 08:07 2364530                    /lib/x86_64-linux-gnu/libm-2.23.so
7ff6dde9d000-7ff6de09c000 ---p 00108000 08:07 2364530                    /lib/x86_64-linux-gnu/libm-2.23.so
7ff6de09c000-7ff6de09d000 r--p 00107000 08:07 2364530                    /lib/x86_64-linux-gnu/libm-2.23.so
7ff6de09d000-7ff6de09e000 rw-p 00108000 08:07 2364530                    /lib/x86_64-linux-gnu/libm-2.23.so
7ff6de09e000-7ff6dec00000 r-xp 00000000 08:07 1836091                    /usr/lib/jvm/jdk1.7.0_51/jre/lib/amd64/server/libjvm.so
7ff6dec00000-7ff6dee00000 ---p 00b62000 08:07 1836091                    /usr/lib/jvm/jdk1.7.0_51/jre/lib/amd64/server/libjvm.so
7ff6dee00000-7ff6deec3000 rw-p 00b62000 08:07 1836091                    /usr/lib/jvm/jdk1.7.0_51/jre/lib/amd64/server/libjvm.so
7ff6deec3000-7ff6def04000 rw-p 00000000 00:00 0 
7ff6def04000-7ff6df0c4000 r-xp 00000000 08:07 2364460                    /lib/x86_64-linux-gnu/libc-2.23.so
7ff6df0c4000-7ff6df2c3000 ---p 001c0000 08:07 2364460                    /lib/x86_64-linux-gnu/libc-2.23.so
7ff6df2c3000-7ff6df2c7000 r--p 001bf000 08:07 2364460                    /lib/x86_64-linux-gnu/libc-2.23.so
7ff6df2c7000-7ff6df2c9000 rw-p 001c3000 08:07 2364460                    /lib/x86_64-linux-gnu/libc-2.23.so
7ff6df2c9000-7ff6df2cd000 rw-p 00000000 00:00 0 
7ff6df2cd000-7ff6df2d0000 r-xp 00000000 08:07 2364484                    /lib/x86_64-linux-gnu/libdl-2.23.so
7ff6df2d0000-7ff6df4cf000 ---p 00003000 08:07 2364484                    /lib/x86_64-linux-gnu/libdl-2.23.so
7ff6df4cf000-7ff6df4d0000 r--p 00002000 08:07 2364484                    /lib/x86_64-linux-gnu/libdl-2.23.so
7ff6df4d0000-7ff6df4d1000 rw-p 00003000 08:07 2364484                    /lib/x86_64-linux-gnu/libdl-2.23.so
7ff6df4d1000-7ff6df4e7000 r-xp 00000000 08:07 1056839                    /usr/lib/jvm/jdk1.7.0_51/lib/amd64/jli/libjli.so
7ff6df4e7000-7ff6df6e7000 ---p 00016000 08:07 1056839                    /usr/lib/jvm/jdk1.7.0_51/lib/amd64/jli/libjli.so
7ff6df6e7000-7ff6df6e8000 rw-p 00016000 08:07 1056839                    /usr/lib/jvm/jdk1.7.0_51/lib/amd64/jli/libjli.so
7ff6df6e8000-7ff6df700000 r-xp 00000000 08:07 2364606                    /lib/x86_64-linux-gnu/libpthread-2.23.so
7ff6df700000-7ff6df8ff000 ---p 00018000 08:07 2364606                    /lib/x86_64-linux-gnu/libpthread-2.23.so
7ff6df8ff000-7ff6df900000 r--p 00017000 08:07 2364606                    /lib/x86_64-linux-gnu/libpthread-2.23.so
7ff6df900000-7ff6df901000 rw-p 00018000 08:07 2364606                    /lib/x86_64-linux-gnu/libpthread-2.23.so
7ff6df901000-7ff6df905000 rw-p 00000000 00:00 0 
7ff6df905000-7ff6df92b000 r-xp 00000000 08:07 2364432                    /lib/x86_64-linux-gnu/ld-2.23.so
7ff6df92b000-7ff6df92c000 r--s 00000000 08:07 2890680                    /var/cache/fontconfig/30829fa25452a46451e813d634d7f916-le64.cache-6
7ff6df92c000-7ff6df933000 r--s 00000000 08:07 3016614                    /usr/lib/x86_64-linux-gnu/gconv/gconv-modules.cache
7ff6df933000-7ff6df935000 r--s 0000d000 08:08 3412122                    /home/kcrez/Documentos/JavaDuino/library/rxtx2.1/RXTXcomm.jar
7ff6df935000-7ff6df937000 r--s 0000d000 08:07 1835127                    /usr/lib/jvm/jdk1.7.0_51/jre/lib/ext/RXTXcomm.jar
7ff6df937000-7ff6df98b000 rw-p 00000000 00:00 0 
7ff6df98b000-7ff6df9a9000 rw-p 00000000 00:00 0 
7ff6df9a9000-7ff6df9ad000 rw-p 00000000 00:00 0 
7ff6df9ad000-7ff6df9f1000 r-xp 00000000 08:07 1052366                    /opt/eset/esets/lib/libesets_pac.so
7ff6df9f1000-7ff6dfaf1000 ---p 00044000 08:07 1052366                    /opt/eset/esets/lib/libesets_pac.so
7ff6dfaf1000-7ff6dfaf4000 rw-p 00044000 08:07 1052366                    /opt/eset/esets/lib/libesets_pac.so
7ff6dfaf4000-7ff6dfb07000 rw-p 00000000 00:00 0 
7ff6dfb07000-7ff6dfb08000 r--s 00000000 08:07 2890674                    /var/cache/fontconfig/0c9eb80ebd1c36541ebe2852d3bb0c49-le64.cache-6
7ff6dfb08000-7ff6dfb1d000 rw-p 00000000 00:00 0 
7ff6dfb1d000-7ff6dfb25000 rw-s 00000000 08:07 2097294                    /tmp/hsperfdata_kcrez/6235
7ff6dfb25000-7ff6dfb26000 rw-p 00000000 00:00 0 
7ff6dfb26000-7ff6dfb27000 r--p 00000000 00:00 0 
7ff6dfb27000-7ff6dfb2a000 rw-p 00000000 00:00 0 
7ff6dfb2a000-7ff6dfb2b000 r--p 00025000 08:07 2364432                    /lib/x86_64-linux-gnu/ld-2.23.so
7ff6dfb2b000-7ff6dfb2c000 rw-p 00026000 08:07 2364432                    /lib/x86_64-linux-gnu/ld-2.23.so
7ff6dfb2c000-7ff6dfb2d000 rw-p 00000000 00:00 0 
7ffd20881000-7ffd208a2000 rw-p 00000000 00:00 0                          [stack]
7ffd209d3000-7ffd209d5000 r--p 00000000 00:00 0                          [vvar]
7ffd209d5000-7ffd209d7000 r-xp 00000000 00:00 0                          [vdso]
ffffffffff600000-ffffffffff601000 r-xp 00000000 00:00 0                  [vsyscall]

VM Arguments:
jvm_args: -Xdebug -Xrunjdwp:transport=dt_socket,address=localhost:44497 -Dfile.encoding=UTF-8 -Djava.library.path=/home/kcrez/Documentos/JavaDuino/library/rxtx2.1 
java_command: PPD_Frame
Launcher Type: SUN_STANDARD

Environment Variables:
PATH=/usr/local/sbin:/usr/local/bin:/usr/sbin:/usr/bin:/sbin:/bin:/usr/games:/usr/local/games:/snap/bin
LD_LIBRARY_PATH=/usr/lib/jvm/jdk1.7.0_51/jre/lib/amd64:/usr/lib/jvm/jdk1.7.0_51/jre/lib/i386:
SHELL=/bin/bash
DISPLAY=:0

Signal Handlers:
SIGSEGV: [libjvm.so+0x993870], sa_mask[0]=0x7ffbfeff, sa_flags=0x10000004
SIGBUS: [libjvm.so+0x993870], sa_mask[0]=0x7ffbfeff, sa_flags=0x10000004
SIGFPE: [libjvm.so+0x8105b0], sa_mask[0]=0x7ffbfeff, sa_flags=0x10000004
SIGPIPE: [libjvm.so+0x8105b0], sa_mask[0]=0x7ffbfeff, sa_flags=0x10000004
SIGXFSZ: [libjvm.so+0x8105b0], sa_mask[0]=0x7ffbfeff, sa_flags=0x10000004
SIGILL: [libjvm.so+0x8105b0], sa_mask[0]=0x7ffbfeff, sa_flags=0x10000004
SIGUSR1: SIG_DFL, sa_mask[0]=0x00000000, sa_flags=0x00000000
SIGUSR2: [libjvm.so+0x811aa0], sa_mask[0]=0x00000004, sa_flags=0x10000004
SIGHUP: [libjvm.so+0x812a10], sa_mask[0]=0x7ffbfeff, sa_flags=0x10000004
SIGINT: SIG_IGN, sa_mask[0]=0x00000000, sa_flags=0x00000000
SIGTERM: [libjvm.so+0x812a10], sa_mask[0]=0x7ffbfeff, sa_flags=0x10000004
SIGQUIT: [libjvm.so+0x812a10], sa_mask[0]=0x7ffbfeff, sa_flags=0x10000004


---------------  S Y S T E M  ---------------

OS:stretch/sid

uname:Linux 4.4.0-22-generic #40-Ubuntu SMP Thu May 12 22:03:46 UTC 2016 x86_64
libc:glibc 2.23 NPTL 2.23 
rlimit: STACK 8192k, CORE 0k, NPROC 15146, NOFILE 65536, AS infinity
load average:0.64 0.30 0.31

/proc/meminfo:
MemTotal:        3916240 kB
MemFree:           93080 kB
MemAvailable:    1379436 kB
Buffers:          216328 kB
Cached:          1193052 kB
SwapCached:         1248 kB
Active:          2469184 kB
Inactive:        1079688 kB
Active(anon):    1732148 kB
Inactive(anon):   663052 kB
Active(file):     737036 kB
Inactive(file):   416636 kB
Unevictable:          48 kB
Mlocked:              48 kB
SwapTotal:       7812088 kB
SwapFree:        7804392 kB
Dirty:               552 kB
Writeback:             0 kB
AnonPages:       2138608 kB
Mapped:           348580 kB
Shmem:            255488 kB
Slab:             195612 kB
SReclaimable:     161916 kB
SUnreclaim:        33696 kB
KernelStack:       10624 kB
PageTables:        33380 kB
NFS_Unstable:          0 kB
Bounce:                0 kB
WritebackTmp:          0 kB
CommitLimit:     9770208 kB
Committed_AS:    6358772 kB
VmallocTotal:   34359738367 kB
VmallocUsed:           0 kB
VmallocChunk:          0 kB
HardwareCorrupted:     0 kB
AnonHugePages:   1032192 kB
CmaTotal:              0 kB
CmaFree:               0 kB
HugePages_Total:       0
HugePages_Free:        0
HugePages_Rsvd:        0
HugePages_Surp:        0
Hugepagesize:       2048 kB
DirectMap4k:      121628 kB
DirectMap2M:     2893824 kB
DirectMap1G:     1048576 kB


CPU:total 4 (2 cores per cpu, 2 threads per core) family 6 model 60 stepping 3, cmov, cx8, fxsr, mmx, sse, sse2, sse3, ssse3, sse4.1, sse4.2, popcnt, avx, avx2, aes, erms, ht, tsc, tscinvbit

/proc/cpuinfo:
processor	: 0
vendor_id	: GenuineIntel
cpu family	: 6
model		: 60
model name	: Intel(R) Core(TM) i3-4170 CPU @ 3.70GHz
stepping	: 3
microcode	: 0x1e
cpu MHz		: 899.996
cache size	: 3072 KB
physical id	: 0
siblings	: 4
core id		: 0
cpu cores	: 2
apicid		: 0
initial apicid	: 0
fpu		: yes
fpu_exception	: yes
cpuid level	: 13
wp		: yes
flags		: fpu vme de pse tsc msr pae mce cx8 apic sep mtrr pge mca cmov pat pse36 clflush dts acpi mmx fxsr sse sse2 ss ht tm pbe syscall nx pdpe1gb rdtscp lm constant_tsc arch_perfmon pebs bts rep_good nopl xtopology nonstop_tsc aperfmperf eagerfpu pni pclmulqdq dtes64 monitor ds_cpl vmx est tm2 ssse3 sdbg fma cx16 xtpr pdcm pcid sse4_1 sse4_2 movbe popcnt tsc_deadline_timer aes xsave avx f16c rdrand lahf_lm abm epb tpr_shadow vnmi flexpriority ept vpid fsgsbase tsc_adjust bmi1 avx2 smep bmi2 erms invpcid xsaveopt dtherm arat pln pts
bugs		:
bogomips	: 7382.73
clflush size	: 64
cache_alignment	: 64
address sizes	: 39 bits physical, 48 bits virtual
power management:

processor	: 1
vendor_id	: GenuineIntel
cpu family	: 6
model		: 60
model name	: Intel(R) Core(TM) i3-4170 CPU @ 3.70GHz
stepping	: 3
microcode	: 0x1e
cpu MHz		: 971.250
cache size	: 3072 KB
physical id	: 0
siblings	: 4
core id		: 1
cpu cores	: 2
apicid		: 2
initial apicid	: 2
fpu		: yes
fpu_exception	: yes
cpuid level	: 13
wp		: yes
flags		: fpu vme de pse tsc msr pae mce cx8 apic sep mtrr pge mca cmov pat pse36 clflush dts acpi mmx fxsr sse sse2 ss ht tm pbe syscall nx pdpe1gb rdtscp lm constant_tsc arch_perfmon pebs bts rep_good nopl xtopology nonstop_tsc aperfmperf eagerfpu pni pclmulqdq dtes64 monitor ds_cpl vmx est tm2 ssse3 sdbg fma cx16 xtpr pdcm pcid sse4_1 sse4_2 movbe popcnt tsc_deadline_timer aes xsave avx f16c rdrand lahf_lm abm epb tpr_shadow vnmi flexpriority ept vpid fsgsbase tsc_adjust bmi1 avx2 smep bmi2 erms invpcid xsaveopt dtherm arat pln pts
bugs		:
bogomips	: 7382.73
clflush size	: 64
cache_alignment	: 64
address sizes	: 39 bits physical, 48 bits virtual
power management:

processor	: 2
vendor_id	: GenuineIntel
cpu family	: 6
model		: 60
model name	: Intel(R) Core(TM) i3-4170 CPU @ 3.70GHz
stepping	: 3
microcode	: 0x1e
cpu MHz		: 899.996
cache size	: 3072 KB
physical id	: 0
siblings	: 4
core id		: 0
cpu cores	: 2
apicid		: 1
initial apicid	: 1
fpu		: yes
fpu_exception	: yes
cpuid level	: 13
wp		: yes
flags		: fpu vme de pse tsc msr pae mce cx8 apic sep mtrr pge mca cmov pat pse36 clflush dts acpi mmx fxsr sse sse2 ss ht tm pbe syscall nx pdpe1gb rdtscp lm constant_tsc arch_perfmon pebs bts rep_good nopl xtopology nonstop_tsc aperfmperf eagerfpu pni pclmulqdq dtes64 monitor ds_cpl vmx est tm2 ssse3 sdbg fma cx16 xtpr pdcm pcid sse4_1 sse4_2 movbe popcnt tsc_deadline_timer aes xsave avx f16c rdrand lahf_lm abm epb tpr_shadow vnmi flexpriority ept vpid fsgsbase tsc_adjust bmi1 avx2 smep bmi2 erms invpcid xsaveopt dtherm arat pln pts
bugs		:
bogomips	: 7382.73
clflush size	: 64
cache_alignment	: 64
address sizes	: 39 bits physical, 48 bits virtual
power management:

processor	: 3
vendor_id	: GenuineIntel
cpu family	: 6
model		: 60
model name	: Intel(R) Core(TM) i3-4170 CPU @ 3.70GHz
stepping	: 3
microcode	: 0x1e
cpu MHz		: 899.851
cache size	: 3072 KB
physical id	: 0
siblings	: 4
core id		: 1
cpu cores	: 2
apicid		: 3
initial apicid	: 3
fpu		: yes
fpu_exception	: yes
cpuid level	: 13
wp		: yes
flags		: fpu vme de pse tsc msr pae mce cx8 apic sep mtrr pge mca cmov pat pse36 clflush dts acpi mmx fxsr sse sse2 ss ht tm pbe syscall nx pdpe1gb rdtscp lm constant_tsc arch_perfmon pebs bts rep_good nopl xtopology nonstop_tsc aperfmperf eagerfpu pni pclmulqdq dtes64 monitor ds_cpl vmx est tm2 ssse3 sdbg fma cx16 xtpr pdcm pcid sse4_1 sse4_2 movbe popcnt tsc_deadline_timer aes xsave avx f16c rdrand lahf_lm abm epb tpr_shadow vnmi flexpriority ept vpid fsgsbase tsc_adjust bmi1 avx2 smep bmi2 erms invpcid xsaveopt dtherm arat pln pts
bugs		:
bogomips	: 7382.73
clflush size	: 64
cache_alignment	: 64
address sizes	: 39 bits physical, 48 bits virtual
power management:



Memory: 4k page, physical 3916240k(93080k free), swap 7812088k(7804392k free)

vm_info: Java HotSpot(TM) 64-Bit Server VM (24.51-b03) for linux-amd64 JRE (1.7.0_51-b13), built on Dec 18 2013 18:48:01 by "java_re" with gcc 4.3.0 20080428 (Red Hat 4.3.0-8)

time: Sun Jul 31 16:46:05 2016
elapsed time: 28 seconds

