#
# A fatal error has been detected by the Java Runtime Environment:
#
#  SIGSEGV (0xb) at pc=0x00007fedf995a462, pid=9029, tid=140660079232768
#
# JRE version: Java(TM) SE Runtime Environment (7.0_51-b13) (build 1.7.0_51-b13)
# Java VM: Java HotSpot(TM) 64-Bit Server VM (24.51-b03 mixed mode linux-amd64 compressed oops)
# Problematic frame:
# C  [librxtxSerial.so+0x6462]  read_byte_array+0x52
#
# Failed to write core dump. Core dumps have been disabled. To enable core dumping, try "ulimit -c unlimited" before starting Java again
#
# If you would like to submit a bug report, please visit:
#   http://bugreport.sun.com/bugreport/crash.jsp
# The crash happened outside the Java Virtual Machine in native code.
# See problematic frame for where to report the bug.
#

---------------  T H R E A D  ---------------

Current thread (0x00007fee0c1da000):  JavaThread "AWT-EventQueue-0" [_thread_in_native, id=9056, stack(0x00007fedf9fe8000,0x00007fedfa0e9000)]

siginfo:si_signo=SIGSEGV: si_errno=0, si_code=1 (SEGV_MAPERR), si_addr=0xfffffffff99527f8

Registers:
RAX=0xfffffffff99527f0, RBX=0x000000000000001d, RCX=0x0000000000000001, RDX=0x00007fee13688a50
RSP=0x00007fedfa0e5000, RBP=0x00007fee0c1da1e8, RSI=0x00007fedf995de30, RDI=0x00007fedf995dd3e
R8 =0x00007fedfa0e4f70, R9 =0x00000000ffffffff, R10=0x0000000000000049, R11=0x00007fedf995a410
R12=0x00000000ffffffff, R13=0x0000000000000000, R14=0x00007fedfa0e51d0, R15=0x00007fee0c1da000
RIP=0x00007fedf995a462, EFLAGS=0x0000000000010202, CSGSFS=0x0000000000000033, ERR=0x0000000000000005
  TRAPNO=0x000000000000000e

Top of Stack: (sp=0x00007fedfa0e5000)
0x00007fedfa0e5000:   ff0000000000ff00 0000000000000000
0x00007fedfa0e5010:   0000000000000000 0000000000000000
0x00007fedfa0e5020:   0000000000000000 fffffffff99527f0
0x00007fedfa0e5030:   0000000000000000 0000000000000000
0x00007fedfa0e5040:   0000000000000000 0000000100000000
0x00007fedfa0e5050:   00007fedfa0e5147 0000001d00000000
0x00007fedfa0e5060:   0000000000000000 0000000000000000
0x00007fedfa0e5070:   0000000000000000 0000000000000000
0x00007fedfa0e5080:   00007fee0c1da000 0000000000000000
0x00007fedfa0e5090:   00007fee0c1da000 0000000000000000
0x00007fedfa0e50a0:   0000001400000002 00007fedc407e068
0x00007fedfa0e50b0:   00007fedfa0e50f0 00007fee12e88017
0x00007fedfa0e50c0:   ffffffffffffffff 00007fedfa0e5147
0x00007fedfa0e50d0:   000000000000001d 00007fedfa0e5138
0x00007fedfa0e50e0:   00007fee0c1da1e8 0000000000000001
0x00007fedfa0e50f0:   00000000ffffffff 000000000000001d
0x00007fedfa0e5100:   00007fee0c1da1e8 0000000000000000
0x00007fedfa0e5110:   00000000bfb2d918 00007fedfa0e51d0
0x00007fedfa0e5120:   00007fee0c1da000 00007fedf995a99c
0x00007fedfa0e5130:   00000000bfb2d918 00007fedfa0e51d0
0x00007fedfa0e5140:   00007fedfa0e51b0 00000000bfb2d920
0x00007fedfa0e5150:   00007fedfa0e51b0 00007fee09018af9
0x00007fedfa0e5160:   00007fee0c1da000 00007fee09028783
0x00007fedfa0e5170:   00007fedfa0e5170 00000000bfb2d918
0x00007fedfa0e5180:   00007fedfa0e51d0 00000000bfb41930
0x00007fedfa0e5190:   0000000000000000 00000000bfb2d920
0x00007fedfa0e51a0:   0000000000000000 00007fedfa0e51d0
0x00007fedfa0e51b0:   00007fedfa0e5228 00007fee09006254
0x00007fedfa0e51c0:   0000000000000000 00007fee09012f36
0x00007fedfa0e51d0:   00000000ec8d54f8 0000000000000001
0x00007fedfa0e51e0:   00000000ec8d58c8 00007fedfa0e51d8
0x00007fedfa0e51f0:   00000000bfb40975 00007fedfa0e5250 

Instructions: (pc=0x00007fedf995a462)
0x00007fedf995a442:   89 44 24 4c 48 c7 44 24 40 00 00 00 00 48 c7 44
0x00007fedf995a452:   24 38 00 00 00 00 e8 53 d7 ff ff 48 89 44 24 28
0x00007fedf995a462:   8b 40 08 45 85 e4 48 8b 54 24 28 44 8b 7c 24 4c
0x00007fedf995a472:   89 44 24 34 c7 42 08 00 00 00 00 78 0c 31 c0 e8 

Register to memory mapping:

RAX=0xfffffffff99527f0 is an unknown value
RBX=0x000000000000001d is an unknown value
RCX=0x0000000000000001 is an unknown value
RDX=0x00007fee13688a50: <offset 0xe37a50> in /usr/lib/jvm/jdk1.7.0_51/jre/lib/amd64/server/libjvm.so at 0x00007fee12851000
RSP=0x00007fedfa0e5000 is pointing into the stack for thread: 0x00007fee0c1da000
RBP=0x00007fee0c1da1e8 is an unknown value
RSI=0x00007fedf995de30: <offset 0x9e30> in /usr/lib/jvm/jdk1.7.0_51/jre/lib/amd64/librxtxSerial.so at 0x00007fedf9954000
RDI=0x00007fedf995dd3e: <offset 0x9d3e> in /usr/lib/jvm/jdk1.7.0_51/jre/lib/amd64/librxtxSerial.so at 0x00007fedf9954000
R8 =0x00007fedfa0e4f70 is pointing into the stack for thread: 0x00007fee0c1da000
R9 =0x00000000ffffffff is an unallocated location in the heap
R10=0x0000000000000049 is an unknown value
R11=0x00007fedf995a410: read_byte_array+0 in /usr/lib/jvm/jdk1.7.0_51/jre/lib/amd64/librxtxSerial.so at 0x00007fedf9954000
R12=0x00000000ffffffff is an unallocated location in the heap
R13=0x0000000000000000 is an unknown value
R14=0x00007fedfa0e51d0 is pointing into the stack for thread: 0x00007fee0c1da000
R15=0x00007fee0c1da000 is a thread


Stack: [0x00007fedf9fe8000,0x00007fedfa0e9000],  sp=0x00007fedfa0e5000,  free space=1012k
Native frames: (J=compiled Java code, j=interpreted, Vv=VM code, C=native code)
C  [librxtxSerial.so+0x6462]  read_byte_array+0x52

Java frames: (J=compiled Java code, j=interpreted, Vv=VM code)
j  gnu.io.RXTXPort.readByte()I+0
j  gnu.io.RXTXPort$SerialInputStream.read()I+61
j  PPD_Frame.RecibirDatos()V+4
j  PPD_Frame.jButton2ActionPerformed(Ljava/awt/event/ActionEvent;)V+40
j  PPD_Frame.access$100(LPPD_Frame;Ljava/awt/event/ActionEvent;)V+2
j  PPD_Frame$2.actionPerformed(Ljava/awt/event/ActionEvent;)V+5
j  javax.swing.AbstractButton.fireActionPerformed(Ljava/awt/event/ActionEvent;)V+84
j  javax.swing.AbstractButton$Handler.actionPerformed(Ljava/awt/event/ActionEvent;)V+5
j  javax.swing.DefaultButtonModel.fireActionPerformed(Ljava/awt/event/ActionEvent;)V+35
j  javax.swing.DefaultButtonModel.setPressed(Z)V+117
j  javax.swing.plaf.basic.BasicButtonListener.mouseReleased(Ljava/awt/event/MouseEvent;)V+35
j  java.awt.Component.processMouseEvent(Ljava/awt/event/MouseEvent;)V+64
j  javax.swing.JComponent.processMouseEvent(Ljava/awt/event/MouseEvent;)V+23
j  java.awt.Component.processEvent(Ljava/awt/AWTEvent;)V+81
j  java.awt.Container.processEvent(Ljava/awt/AWTEvent;)V+18
j  java.awt.Component.dispatchEventImpl(Ljava/awt/AWTEvent;)V+581
j  java.awt.Container.dispatchEventImpl(Ljava/awt/AWTEvent;)V+42
j  java.awt.Component.dispatchEvent(Ljava/awt/AWTEvent;)V+2
j  java.awt.LightweightDispatcher.retargetMouseEvent(Ljava/awt/Component;ILjava/awt/event/MouseEvent;)V+327
j  java.awt.LightweightDispatcher.processMouseEvent(Ljava/awt/event/MouseEvent;)Z+139
j  java.awt.LightweightDispatcher.dispatchEvent(Ljava/awt/AWTEvent;)Z+50
j  java.awt.Container.dispatchEventImpl(Ljava/awt/AWTEvent;)V+12
j  java.awt.Window.dispatchEventImpl(Ljava/awt/AWTEvent;)V+19
j  java.awt.Component.dispatchEvent(Ljava/awt/AWTEvent;)V+2
j  java.awt.EventQueue.dispatchEventImpl(Ljava/awt/AWTEvent;Ljava/lang/Object;)V+41
j  java.awt.EventQueue.access$200(Ljava/awt/EventQueue;Ljava/awt/AWTEvent;Ljava/lang/Object;)V+3
j  java.awt.EventQueue$3.run()Ljava/lang/Void;+12
j  java.awt.EventQueue$3.run()Ljava/lang/Object;+1
v  ~StubRoutines::call_stub
j  java.security.AccessController.doPrivileged(Ljava/security/PrivilegedAction;Ljava/security/AccessControlContext;)Ljava/lang/Object;+0
j  java.security.ProtectionDomain$1.doIntersectionPrivilege(Ljava/security/PrivilegedAction;Ljava/security/AccessControlContext;Ljava/security/AccessControlContext;)Ljava/lang/Object;+28
j  java.security.ProtectionDomain$1.doIntersectionPrivilege(Ljava/security/PrivilegedAction;Ljava/security/AccessControlContext;)Ljava/lang/Object;+6
j  java.awt.EventQueue$4.run()Ljava/lang/Void;+11
j  java.awt.EventQueue$4.run()Ljava/lang/Object;+1
v  ~StubRoutines::call_stub
j  java.security.AccessController.doPrivileged(Ljava/security/PrivilegedAction;Ljava/security/AccessControlContext;)Ljava/lang/Object;+0
j  java.security.ProtectionDomain$1.doIntersectionPrivilege(Ljava/security/PrivilegedAction;Ljava/security/AccessControlContext;Ljava/security/AccessControlContext;)Ljava/lang/Object;+28
j  java.awt.EventQueue.dispatchEvent(Ljava/awt/AWTEvent;)V+73
j  java.awt.EventDispatchThread.pumpOneEventForFilters(I)V+245
j  java.awt.EventDispatchThread.pumpEventsForFilter(ILjava/awt/Conditional;Ljava/awt/EventFilter;)V+35
j  java.awt.EventDispatchThread.pumpEventsForHierarchy(ILjava/awt/Conditional;Ljava/awt/Component;)V+11
j  java.awt.EventDispatchThread.pumpEvents(ILjava/awt/Conditional;)V+4
j  java.awt.EventDispatchThread.pumpEvents(Ljava/awt/Conditional;)V+3
j  java.awt.EventDispatchThread.run()V+9
v  ~StubRoutines::call_stub

---------------  P R O C E S S  ---------------

Java Threads: ( => current thread )
  0x00007fedac0e2000 JavaThread "Thread-0" [_thread_in_native, id=9060, stack(0x00007fedf9853000,0x00007fedf9954000)]
  0x00007fedac003800 JavaThread "org.netbeans.modules.debugger.jpda.visual AWT Access Loop" daemon [_thread_blocked, id=9057, stack(0x00007fedf9ee7000,0x00007fedf9fe8000)]
  0x00007fee0c00d800 JavaThread "DestroyJavaVM" [_thread_blocked, id=9033, stack(0x00007fee12447000,0x00007fee12548000)]
=>0x00007fee0c1da000 JavaThread "AWT-EventQueue-0" [_thread_in_native, id=9056, stack(0x00007fedf9fe8000,0x00007fedfa0e9000)]
  0x00007fee0c20d800 JavaThread "AWT-Shutdown" [_thread_blocked, id=9055, stack(0x00007fedfa0e9000,0x00007fedfa1ea000)]
  0x00007fee0c19f000 JavaThread "AWT-XAWT" daemon [_thread_in_native, id=9054, stack(0x00007fedfada2000,0x00007fedfaea3000)]
  0x00007fee0c17d800 JavaThread "Java2D Disposer" daemon [_thread_blocked, id=9053, stack(0x00007fedfb2b3000,0x00007fedfb3b4000)]
  0x00007fee0c0a9000 JavaThread "Service Thread" daemon [_thread_blocked, id=9051, stack(0x00007fee00c6b000,0x00007fee00d6c000)]
  0x00007fee0c0a6800 JavaThread "C2 CompilerThread1" daemon [_thread_blocked, id=9050, stack(0x00007fee00d6c000,0x00007fee00e6d000)]
  0x00007fee0c0a3800 JavaThread "C2 CompilerThread0" daemon [_thread_blocked, id=9049, stack(0x00007fee00e6d000,0x00007fee00f6e000)]
  0x00007fede0001000 JavaThread "JDWP Command Reader" daemon [_thread_in_native, id=9045, stack(0x00007fee00f6e000,0x00007fee0106f000)]
  0x00007fee0c0a1800 JavaThread "JDWP Event Helper Thread" daemon [_thread_blocked, id=9044, stack(0x00007fee0106f000,0x00007fee01170000)]
  0x00007fee0c09e000 JavaThread "JDWP Transport Listener: dt_socket" daemon [_thread_blocked, id=9042, stack(0x00007fee01170000,0x00007fee01271000)]
  0x00007fee0c090800 JavaThread "Signal Dispatcher" daemon [_thread_blocked, id=9041, stack(0x00007fee01475000,0x00007fee01576000)]
  0x00007fee0c073000 JavaThread "Finalizer" daemon [_thread_blocked, id=9040, stack(0x00007fee01576000,0x00007fee01677000)]
  0x00007fee0c06f000 JavaThread "Reference Handler" daemon [_thread_blocked, id=9039, stack(0x00007fee01677000,0x00007fee01778000)]

Other Threads:
  0x00007fee0c06c800 VMThread [stack: 0x00007fee01778000,0x00007fee01879000] [id=9038]
  0x00007fee0c0b4000 WatcherThread [stack: 0x00007fee00b6a000,0x00007fee00c6b000] [id=9052]

VM state:not at safepoint (normal execution)

VM Mutex/Monitor currently owned by a thread: None

Heap
 PSYoungGen      total 17920K, used 10482K [0x00000000ec080000, 0x00000000ed480000, 0x0000000100000000)
  eden space 15360K, 68% used [0x00000000ec080000,0x00000000ecabca58,0x00000000ecf80000)
  from space 2560K, 0% used [0x00000000ed200000,0x00000000ed200000,0x00000000ed480000)
  to   space 2560K, 0% used [0x00000000ecf80000,0x00000000ecf80000,0x00000000ed200000)
 ParOldGen       total 40448K, used 0K [0x00000000c4200000, 0x00000000c6980000, 0x00000000ec080000)
  object space 40448K, 0% used [0x00000000c4200000,0x00000000c4200000,0x00000000c6980000)
 PSPermGen       total 21504K, used 12304K [0x00000000bf000000, 0x00000000c0500000, 0x00000000c4200000)
  object space 21504K, 57% used [0x00000000bf000000,0x00000000bfc042e0,0x00000000c0500000)

Card table byte_map: [0x00007fee102e5000,0x00007fee104ee000] byte_map_base: 0x00007fee0fced000

Polling page: 0x00007fee142d9000

Code Cache  [0x00007fee09000000, 0x00007fee09270000, 0x00007fee0c000000)
 total_blobs=535 nmethods=60 adapters=436 free_code_cache=48443Kb largest_free_block=49577984

Compilation events (10 events):
Event: 2.250 Thread 0x00007fee0c0a6800 nmethod 55 0x00007fee090ae5d0 code [0x00007fee090ae700, 0x00007fee090ae778]
Event: 2.250 Thread 0x00007fee0c0a3800 nmethod 56 0x00007fee090ae310 code [0x00007fee090ae460, 0x00007fee090ae518]
Event: 2.322 Thread 0x00007fee0c0a6800   57             java.util.ArrayList::get (11 bytes)
Event: 2.322 Thread 0x00007fee0c0a6800 nmethod 57 0x00007fee090adf90 code [0x00007fee090ae0e0, 0x00007fee090ae1d8]
Event: 2.394 Thread 0x00007fee0c0a3800   58             sun.util.logging.PlatformLogger$DefaultLoggerProxy::isLoggable (29 bytes)
Event: 2.394 Thread 0x00007fee0c0a3800 nmethod 58 0x00007fee090adb50 code [0x00007fee090adca0, 0x00007fee090ade18]
Event: 2.450 Thread 0x00007fee0c0a6800   59             java.util.ArrayList::size (5 bytes)
Event: 2.450 Thread 0x00007fee0c0a6800 nmethod 59 0x00007fee090ad950 code [0x00007fee090ada80, 0x00007fee090adad8]
Event: 2.583 Thread 0x00007fee0c0a3800   60             java.util.HashMap::get (29 bytes)
Event: 2.585 Thread 0x00007fee0c0a3800 nmethod 60 0x00007fee090b6050 code [0x00007fee090b61c0, 0x00007fee090b6418]

GC Heap History (0 events):
No events

Deoptimization events (0 events):
No events

Internal exceptions (10 events):
Event: 0.587 Thread 0x00007fee0c1da000 Threw 0x00000000ec3e5ac8 at /HUDSON/workspace/7u-2-build-linux-amd64@2/jdk7u51/527/hotspot/src/share/vm/prims/jvm.cpp:1244
Event: 0.588 Thread 0x00007fee0c1da000 Threw 0x00000000ec3e9608 at /HUDSON/workspace/7u-2-build-linux-amd64@2/jdk7u51/527/hotspot/src/share/vm/prims/jvm.cpp:1244
Event: 0.588 Thread 0x00007fee0c1da000 Threw 0x00000000ec3ead20 at /HUDSON/workspace/7u-2-build-linux-amd64@2/jdk7u51/527/hotspot/src/share/vm/prims/jvm.cpp:1244
Event: 0.745 Thread 0x00007fee0c1da000 Threw 0x00000000ec56d638 at /HUDSON/workspace/7u-2-build-linux-amd64@2/jdk7u51/527/hotspot/src/share/vm/prims/jvm.cpp:1244
Event: 0.747 Thread 0x00007fee0c1da000 Threw 0x00000000ec56f208 at /HUDSON/workspace/7u-2-build-linux-amd64@2/jdk7u51/527/hotspot/src/share/vm/prims/jvm.cpp:1244
Event: 0.879 Thread 0x00007fee0c1da000 Threw 0x00000000ec880e88 at /HUDSON/workspace/7u-2-build-linux-amd64@2/jdk7u51/527/hotspot/src/share/vm/prims/jni.cpp:717
Event: 0.897 Thread 0x00007fee0c1da000 Threw 0x00000000ec894188 at /HUDSON/workspace/7u-2-build-linux-amd64@2/jdk7u51/527/hotspot/src/share/vm/prims/jni.cpp:717
Event: 0.899 Thread 0x00007fee0c1da000 Threw 0x00000000ec8a5b50 at /HUDSON/workspace/7u-2-build-linux-amd64@2/jdk7u51/527/hotspot/src/share/vm/prims/jni.cpp:717
Event: 0.918 Thread 0x00007fee0c1da000 Threw 0x00000000ec8b89d8 at /HUDSON/workspace/7u-2-build-linux-amd64@2/jdk7u51/527/hotspot/src/share/vm/prims/jni.cpp:717
Event: 1.068 Thread 0x00007fee0c1da000 Threw 0x00000000ec976490 at /HUDSON/workspace/7u-2-build-linux-amd64@2/jdk7u51/527/hotspot/src/share/vm/prims/jni.cpp:743

Events (10 events):
Event: 2.897 Executing VM operation: GetOrSetLocal done
Event: 4.195 Executing VM operation: EnableBiasedLocking
Event: 4.195 Executing VM operation: EnableBiasedLocking done
Event: 5.409 Executing VM operation: GetOrSetLocal
Event: 5.409 Executing VM operation: GetOrSetLocal done
Event: 5.409 Executing VM operation: GetOrSetLocal
Event: 5.409 Executing VM operation: GetOrSetLocal done
Event: 5.753 Thread 0x00007fedac043000 Thread exited: 0x00007fedac043000
Event: 7.093 Executing VM operation: GetOrSetLocal
Event: 7.093 Executing VM operation: GetOrSetLocal done


Dynamic libraries:
00400000-00401000 r-xp 00000000 08:07 937188                             /usr/lib/jvm/jdk1.7.0_51/bin/java
00600000-00601000 rw-p 00000000 08:07 937188                             /usr/lib/jvm/jdk1.7.0_51/bin/java
016f8000-01719000 rw-p 00000000 00:00 0                                  [heap]
bf000000-c0500000 rw-p 00000000 00:00 0 
c0500000-c4200000 rw-p 00000000 00:00 0 
c4200000-c6980000 rw-p 00000000 00:00 0 
c6980000-ec080000 rw-p 00000000 00:00 0 
ec080000-ed480000 rw-p 00000000 00:00 0 
ed480000-100000000 rw-p 00000000 00:00 0 
7feda4000000-7feda406e000 rw-p 00000000 00:00 0 
7feda406e000-7feda8000000 ---p 00000000 00:00 0 
7feda8000000-7feda8021000 rw-p 00000000 00:00 0 
7feda8021000-7fedac000000 ---p 00000000 00:00 0 
7fedac000000-7fedac108000 rw-p 00000000 00:00 0 
7fedac108000-7fedb0000000 ---p 00000000 00:00 0 
7fedb0000000-7fedb0021000 rw-p 00000000 00:00 0 
7fedb0021000-7fedb4000000 ---p 00000000 00:00 0 
7fedb4000000-7fedb4021000 rw-p 00000000 00:00 0 
7fedb4021000-7fedb8000000 ---p 00000000 00:00 0 
7fedb8000000-7fedb8021000 rw-p 00000000 00:00 0 
7fedb8021000-7fedbc000000 ---p 00000000 00:00 0 
7fedbc000000-7fedbc021000 rw-p 00000000 00:00 0 
7fedbc021000-7fedc0000000 ---p 00000000 00:00 0 
7fedc0000000-7fedc0021000 rw-p 00000000 00:00 0 
7fedc0021000-7fedc4000000 ---p 00000000 00:00 0 
7fedc4000000-7fedc4636000 rw-p 00000000 00:00 0 
7fedc4636000-7fedc8000000 ---p 00000000 00:00 0 
7fedc8000000-7fedc8021000 rw-p 00000000 00:00 0 
7fedc8021000-7fedcc000000 ---p 00000000 00:00 0 
7fedcc000000-7fedcc307000 rw-p 00000000 00:00 0 
7fedcc307000-7fedd0000000 ---p 00000000 00:00 0 
7fedd4000000-7fedd402b000 rw-p 00000000 00:00 0 
7fedd402b000-7fedd8000000 ---p 00000000 00:00 0 
7fedd8000000-7fedd8021000 rw-p 00000000 00:00 0 
7fedd8021000-7feddc000000 ---p 00000000 00:00 0 
7feddc000000-7feddc021000 rw-p 00000000 00:00 0 
7feddc021000-7fede0000000 ---p 00000000 00:00 0 
7fede0000000-7fede003c000 rw-p 00000000 00:00 0 
7fede003c000-7fede4000000 ---p 00000000 00:00 0 
7fede4000000-7fede4021000 rw-p 00000000 00:00 0 
7fede4021000-7fede8000000 ---p 00000000 00:00 0 
7fede8000000-7fede8021000 rw-p 00000000 00:00 0 
7fede8021000-7fedec000000 ---p 00000000 00:00 0 
7fedec000000-7fedec021000 rw-p 00000000 00:00 0 
7fedec021000-7fedf0000000 ---p 00000000 00:00 0 
7fedf0000000-7fedf0021000 rw-p 00000000 00:00 0 
7fedf0021000-7fedf4000000 ---p 00000000 00:00 0 
7fedf4000000-7fedf4021000 rw-p 00000000 00:00 0 
7fedf4021000-7fedf8000000 ---p 00000000 00:00 0 
7fedf9436000-7fedf9460000 r-xp 00000000 08:07 1836084                    /usr/lib/jvm/jdk1.7.0_51/jre/lib/amd64/libdcpr.so
7fedf9460000-7fedf9660000 ---p 0002a000 08:07 1836084                    /usr/lib/jvm/jdk1.7.0_51/jre/lib/amd64/libdcpr.so
7fedf9660000-7fedf9663000 rw-p 0002a000 08:07 1836084                    /usr/lib/jvm/jdk1.7.0_51/jre/lib/amd64/libdcpr.so
7fedf9663000-7fedf9853000 rw-s 00000000 00:05 66125846                   /SYSV00000000 (deleted)
7fedf9853000-7fedf9856000 ---p 00000000 00:00 0 
7fedf9856000-7fedf9954000 rw-p 00000000 00:00 0 
7fedf9954000-7fedf9960000 r-xp 00000000 08:07 1835128                    /usr/lib/jvm/jdk1.7.0_51/jre/lib/amd64/librxtxSerial.so
7fedf9960000-7fedf9a5f000 ---p 0000c000 08:07 1835128                    /usr/lib/jvm/jdk1.7.0_51/jre/lib/amd64/librxtxSerial.so
7fedf9a5f000-7fedf9a61000 rw-p 0000b000 08:07 1835128                    /usr/lib/jvm/jdk1.7.0_51/jre/lib/amd64/librxtxSerial.so
7fedf9a61000-7fedf9a7a000 r--s 00000000 08:07 527834                     /usr/share/fonts/type1/gsfonts/n021003l.pfb
7fedf9a7a000-7fedf9a90000 r--s 00000000 08:07 527843                     /usr/share/fonts/type1/gsfonts/n021024l.pfb
7fedf9b4e000-7fedf9b67000 r--s 00000000 08:07 527849                     /usr/share/fonts/type1/gsfonts/n022004l.pfb
7fedf9b67000-7fedf9b6a000 ---p 00000000 00:00 0 
7fedf9b6a000-7fedf9c68000 rw-p 00000000 00:00 0 
7fedf9c68000-7fedf9cd0000 r-xp 00000000 08:07 1836082                    /usr/lib/jvm/jdk1.7.0_51/jre/lib/amd64/libt2k.so
7fedf9cd0000-7fedf9ed0000 ---p 00068000 08:07 1836082                    /usr/lib/jvm/jdk1.7.0_51/jre/lib/amd64/libt2k.so
7fedf9ed0000-7fedf9ed7000 rw-p 00068000 08:07 1836082                    /usr/lib/jvm/jdk1.7.0_51/jre/lib/amd64/libt2k.so
7fedf9ed7000-7fedf9ee7000 rw-p 00000000 00:00 0 
7fedf9ee7000-7fedf9eea000 ---p 00000000 00:00 0 
7fedf9eea000-7fedf9fe8000 rw-p 00000000 00:00 0 
7fedf9fe8000-7fedf9feb000 ---p 00000000 00:00 0 
7fedf9feb000-7fedfa0e9000 rw-p 00000000 00:00 0 
7fedfa0e9000-7fedfa0ec000 ---p 00000000 00:00 0 
7fedfa0ec000-7fedfa1ea000 rw-p 00000000 00:00 0 
7fedfa1ea000-7fedfa1fa000 r-xp 00000000 08:07 1836051                    /usr/lib/jvm/jdk1.7.0_51/jre/lib/amd64/libnio.so
7fedfa1fa000-7fedfa3fa000 ---p 00010000 08:07 1836051                    /usr/lib/jvm/jdk1.7.0_51/jre/lib/amd64/libnio.so
7fedfa3fa000-7fedfa3fb000 rw-p 00010000 08:07 1836051                    /usr/lib/jvm/jdk1.7.0_51/jre/lib/amd64/libnio.so
7fedfa3fb000-7fedfa6fc000 rw-p 00000000 00:00 0 
7fedfa6fc000-7fedfa712000 r-xp 00000000 08:07 1836056                    /usr/lib/jvm/jdk1.7.0_51/jre/lib/amd64/libnet.so
7fedfa712000-7fedfa912000 ---p 00016000 08:07 1836056                    /usr/lib/jvm/jdk1.7.0_51/jre/lib/amd64/libnet.so
7fedfa912000-7fedfa913000 rw-p 00016000 08:07 1836056                    /usr/lib/jvm/jdk1.7.0_51/jre/lib/amd64/libnet.so
7fedfa913000-7fedfa929000 r-xp 00000000 08:07 2364498                    /lib/x86_64-linux-gnu/libgcc_s.so.1
7fedfa929000-7fedfab28000 ---p 00016000 08:07 2364498                    /lib/x86_64-linux-gnu/libgcc_s.so.1
7fedfab28000-7fedfab29000 rw-p 00015000 08:07 2364498                    /lib/x86_64-linux-gnu/libgcc_s.so.1
7fedfab29000-7fedfab8e000 r-xp 00000000 08:07 1836052                    /usr/lib/jvm/jdk1.7.0_51/jre/lib/amd64/libfontmanager.so
7fedfab8e000-7fedfad8d000 ---p 00065000 08:07 1836052                    /usr/lib/jvm/jdk1.7.0_51/jre/lib/amd64/libfontmanager.so
7fedfad8d000-7fedfad91000 rw-p 00064000 08:07 1836052                    /usr/lib/jvm/jdk1.7.0_51/jre/lib/amd64/libfontmanager.so
7fedfad91000-7fedfada2000 rw-p 00000000 00:00 0 
7fedfada2000-7fedfada5000 ---p 00000000 00:00 0 
7fedfada5000-7fedfaea3000 rw-p 00000000 00:00 0 
7fedfaea3000-7fedfaea8000 r-xp 00000000 08:07 2762080                    /usr/lib/x86_64-linux-gnu/libXfixes.so.3.1.0
7fedfaea8000-7fedfb0a7000 ---p 00005000 08:07 2762080                    /usr/lib/x86_64-linux-gnu/libXfixes.so.3.1.0
7fedfb0a7000-7fedfb0a8000 r--p 00004000 08:07 2762080                    /usr/lib/x86_64-linux-gnu/libXfixes.so.3.1.0
7fedfb0a8000-7fedfb0a9000 rw-p 00005000 08:07 2762080                    /usr/lib/x86_64-linux-gnu/libXfixes.so.3.1.0
7fedfb0a9000-7fedfb0b2000 r-xp 00000000 08:07 2762072                    /usr/lib/x86_64-linux-gnu/libXcursor.so.1.0.2
7fedfb0b2000-7fedfb2b1000 ---p 00009000 08:07 2762072                    /usr/lib/x86_64-linux-gnu/libXcursor.so.1.0.2
7fedfb2b1000-7fedfb2b2000 r--p 00008000 08:07 2762072                    /usr/lib/x86_64-linux-gnu/libXcursor.so.1.0.2
7fedfb2b2000-7fedfb2b3000 rw-p 00009000 08:07 2762072                    /usr/lib/x86_64-linux-gnu/libXcursor.so.1.0.2
7fedfb2b3000-7fedfb2b6000 ---p 00000000 00:00 0 
7fedfb2b6000-7fedfb3b4000 rw-p 00000000 00:00 0 
7fedfb3b4000-7fedfb3b9000 r-xp 00000000 08:07 2762076                    /usr/lib/x86_64-linux-gnu/libXdmcp.so.6.0.0
7fedfb3b9000-7fedfb5b8000 ---p 00005000 08:07 2762076                    /usr/lib/x86_64-linux-gnu/libXdmcp.so.6.0.0
7fedfb5b8000-7fedfb5b9000 r--p 00004000 08:07 2762076                    /usr/lib/x86_64-linux-gnu/libXdmcp.so.6.0.0
7fedfb5b9000-7fedfb5ba000 rw-p 00005000 08:07 2762076                    /usr/lib/x86_64-linux-gnu/libXdmcp.so.6.0.0
7fedfb5ba000-7fedfb5bc000 r-xp 00000000 08:07 2762065                    /usr/lib/x86_64-linux-gnu/libXau.so.6.0.0
7fedfb5bc000-7fedfb7bc000 ---p 00002000 08:07 2762065                    /usr/lib/x86_64-linux-gnu/libXau.so.6.0.0
7fedfb7bc000-7fedfb7bd000 r--p 00002000 08:07 2762065                    /usr/lib/x86_64-linux-gnu/libXau.so.6.0.0
7fedfb7bd000-7fedfb7be000 rw-p 00003000 08:07 2762065                    /usr/lib/x86_64-linux-gnu/libXau.so.6.0.0
7fedfb7be000-7fedfb7df000 r-xp 00000000 08:07 2763443                    /usr/lib/x86_64-linux-gnu/libxcb.so.1.1.0
7fedfb7df000-7fedfb9de000 ---p 00021000 08:07 2763443                    /usr/lib/x86_64-linux-gnu/libxcb.so.1.1.0
7fedfb9de000-7fedfb9df000 r--p 00020000 08:07 2763443                    /usr/lib/x86_64-linux-gnu/libxcb.so.1.1.0
7fedfb9df000-7fedfb9e0000 rw-p 00021000 08:07 2763443                    /usr/lib/x86_64-linux-gnu/libxcb.so.1.1.0
7fedfb9e0000-7fedfb9ef000 r-xp 00000000 08:07 2762086                    /usr/lib/x86_64-linux-gnu/libXi.so.6.1.0
7fedfb9ef000-7fedfbbee000 ---p 0000f000 08:07 2762086                    /usr/lib/x86_64-linux-gnu/libXi.so.6.1.0
7fedfbbee000-7fedfbbef000 r--p 0000e000 08:07 2762086                    /usr/lib/x86_64-linux-gnu/libXi.so.6.1.0
7fedfbbef000-7fedfbbf0000 rw-p 0000f000 08:07 2762086                    /usr/lib/x86_64-linux-gnu/libXi.so.6.1.0
7fedfbbf0000-7fedfbbf5000 r-xp 00000000 08:07 2762104                    /usr/lib/x86_64-linux-gnu/libXtst.so.6.1.0
7fedfbbf5000-7fedfbdf4000 ---p 00005000 08:07 2762104                    /usr/lib/x86_64-linux-gnu/libXtst.so.6.1.0
7fedfbdf4000-7fedfbdf5000 r--p 00004000 08:07 2762104                    /usr/lib/x86_64-linux-gnu/libXtst.so.6.1.0
7fedfbdf5000-7fedfbdf6000 rw-p 00005000 08:07 2762104                    /usr/lib/x86_64-linux-gnu/libXtst.so.6.1.0
7fedfbdf6000-7fedfbdff000 r-xp 00000000 08:07 2762098                    /usr/lib/x86_64-linux-gnu/libXrender.so.1.3.0
7fedfbdff000-7fedfbffe000 ---p 00009000 08:07 2762098                    /usr/lib/x86_64-linux-gnu/libXrender.so.1.3.0
7fedfbffe000-7fedfbfff000 r--p 00008000 08:07 2762098                    /usr/lib/x86_64-linux-gnu/libXrender.so.1.3.0
7fedfbfff000-7fedfc000000 rw-p 00009000 08:07 2762098                    /usr/lib/x86_64-linux-gnu/libXrender.so.1.3.0
7fedfc000000-7fedfc021000 rw-p 00000000 00:00 0 
7fedfc021000-7fee00000000 ---p 00000000 00:00 0 
7fee0000e000-7fee00024000 r--s 00000000 08:07 527852                     /usr/share/fonts/type1/gsfonts/n022023l.pfb
7fee00024000-7fee0003b000 r--s 00000000 08:07 527840                     /usr/share/fonts/type1/gsfonts/n021023l.pfb
7fee0003b000-7fee0004c000 r--s 00000000 08:07 527816                     /usr/share/fonts/type1/gsfonts/n019023l.pfb
7fee0004c000-7fee00060000 r--s 00000000 08:07 527810                     /usr/share/fonts/type1/gsfonts/n019003l.pfb
7fee00060000-7fee00069000 r--s 00000000 08:07 527870                     /usr/share/fonts/type1/gsfonts/s050000l.pfb
7fee00069000-7fee00074000 r--s 00000000 08:07 2890696                    /var/cache/fontconfig/945677eb7aeaf62f1d50efc3fb3ec7d8-le64.cache-6
7fee00074000-7fee00089000 r--s 00000000 08:07 2890672                    /var/cache/fontconfig/04aabc0a78ac019cf9454389977116d2-le64.cache-6
7fee00089000-7fee0008a000 r--s 00000000 08:07 2890686                    /var/cache/fontconfig/56cf4f4769d0f4abc89a4895d7bd3ae1-le64.cache-6
7fee0008a000-7fee00090000 r--s 00000000 08:07 2890700                    /var/cache/fontconfig/b47c4e1ecd0709278f4910c18777a504-le64.cache-6
7fee00090000-7fee000a3000 r--s 00000000 08:07 2890706                    /var/cache/fontconfig/d52a8644073d54c13679302ca1180695-le64.cache-6
7fee000a3000-7fee000ae000 r--s 00000000 08:07 2887795                    /var/cache/fontconfig/d589a48862398ed80a3d6066f4f56f4c-le64.cache-6
7fee000b0000-7fee000b6000 r--s 00000000 08:07 2890678                    /var/cache/fontconfig/2cd17615ca594fa2959ae173292e504c-le64.cache-6
7fee000b6000-7fee000b7000 r--s 00000000 08:07 2890675                    /var/cache/fontconfig/0d8c3b2ac0904cb8a57a757ad11a4a08-le64.cache-6
7fee000b7000-7fee000bb000 r--s 00000000 08:07 2885053                    /var/cache/fontconfig/de156ccd2eddbdc19d37a45b8b2aac9c-le64.cache-6
7fee000bb000-7fee000bc000 r--s 00000000 08:07 2890677                    /var/cache/fontconfig/1ac9eb803944fde146138c791f5cc56a-le64.cache-6
7fee000bc000-7fee000c0000 r--s 00000000 08:07 2890682                    /var/cache/fontconfig/385c0604a188198f04d133e54aba7fe7-le64.cache-6
7fee000c0000-7fee000c1000 r--s 00000000 08:07 2890709                    /var/cache/fontconfig/dc05db6664285cc2f12bf69c139ae4c3-le64.cache-6
7fee000c1000-7fee000c4000 r--s 00000000 08:07 2890692                    /var/cache/fontconfig/767a8244fc0220cfb567a839d0392e0b-le64.cache-6
7fee000c4000-7fee000c5000 r--s 00000000 08:07 2883743                    /var/cache/fontconfig/4794a0821666d79190d59a36cb4f44b5-le64.cache-6
7fee000c5000-7fee000ca000 r--s 00000000 08:07 2890695                    /var/cache/fontconfig/8801497958630a81b71ace7c5f9b32a8-le64.cache-6
7fee000ca000-7fee000cb000 r--s 00000000 08:07 2890702                    /var/cache/fontconfig/bab58bb527bb656aaa9f116d68a48d89-le64.cache-6
7fee000cb000-7fee000d2000 r--s 00000000 08:07 2890679                    /var/cache/fontconfig/3047814df9a2f067bd2d96a2b9c36e5a-le64.cache-6
7fee000d2000-7fee000f7000 r--p 00000000 08:07 397003                     /usr/share/locale-langpack/es/LC_MESSAGES/libc.mo
7fee000f7000-7fee0022c000 r-xp 00000000 08:07 2762061                    /usr/lib/x86_64-linux-gnu/libX11.so.6.3.0
7fee0022c000-7fee0042c000 ---p 00135000 08:07 2762061                    /usr/lib/x86_64-linux-gnu/libX11.so.6.3.0
7fee0042c000-7fee0042d000 r--p 00135000 08:07 2762061                    /usr/lib/x86_64-linux-gnu/libX11.so.6.3.0
7fee0042d000-7fee00431000 rw-p 00136000 08:07 2762061                    /usr/lib/x86_64-linux-gnu/libX11.so.6.3.0
7fee00431000-7fee00442000 r-xp 00000000 08:07 2762078                    /usr/lib/x86_64-linux-gnu/libXext.so.6.4.0
7fee00442000-7fee00641000 ---p 00011000 08:07 2762078                    /usr/lib/x86_64-linux-gnu/libXext.so.6.4.0
7fee00641000-7fee00642000 r--p 00010000 08:07 2762078                    /usr/lib/x86_64-linux-gnu/libXext.so.6.4.0
7fee00642000-7fee00643000 rw-p 00011000 08:07 2762078                    /usr/lib/x86_64-linux-gnu/libXext.so.6.4.0
7fee00643000-7fee00693000 r-xp 00000000 08:07 1836094                    /usr/lib/jvm/jdk1.7.0_51/jre/lib/amd64/xawt/libmawt.so
7fee00693000-7fee00893000 ---p 00050000 08:07 1836094                    /usr/lib/jvm/jdk1.7.0_51/jre/lib/amd64/xawt/libmawt.so
7fee00893000-7fee00897000 rw-p 00050000 08:07 1836094                    /usr/lib/jvm/jdk1.7.0_51/jre/lib/amd64/xawt/libmawt.so
7fee00897000-7fee00898000 rw-p 00000000 00:00 0 
7fee00898000-7fee0093a000 r-xp 00000000 08:07 1836064                    /usr/lib/jvm/jdk1.7.0_51/jre/lib/amd64/libawt.so
7fee0093a000-7fee00b3a000 ---p 000a2000 08:07 1836064                    /usr/lib/jvm/jdk1.7.0_51/jre/lib/amd64/libawt.so
7fee00b3a000-7fee00b46000 rw-p 000a2000 08:07 1836064                    /usr/lib/jvm/jdk1.7.0_51/jre/lib/amd64/libawt.so
7fee00b46000-7fee00b6a000 rw-p 00000000 00:00 0 
7fee00b6a000-7fee00b6b000 ---p 00000000 00:00 0 
7fee00b6b000-7fee00c6b000 rw-p 00000000 00:00 0 
7fee00c6b000-7fee00c6e000 ---p 00000000 00:00 0 
7fee00c6e000-7fee00d6c000 rw-p 00000000 00:00 0 
7fee00d6c000-7fee00d6f000 ---p 00000000 00:00 0 
7fee00d6f000-7fee00e6d000 rw-p 00000000 00:00 0 
7fee00e6d000-7fee00e70000 ---p 00000000 00:00 0 
7fee00e70000-7fee00f6e000 rw-p 00000000 00:00 0 
7fee00f6e000-7fee00f71000 ---p 00000000 00:00 0 
7fee00f71000-7fee0106f000 rw-p 00000000 00:00 0 
7fee0106f000-7fee01072000 ---p 00000000 00:00 0 
7fee01072000-7fee01170000 rw-p 00000000 00:00 0 
7fee01170000-7fee01173000 ---p 00000000 00:00 0 
7fee01173000-7fee01271000 rw-p 00000000 00:00 0 
7fee01271000-7fee01275000 r-xp 00000000 08:07 1836071                    /usr/lib/jvm/jdk1.7.0_51/jre/lib/amd64/libdt_socket.so
7fee01275000-7fee01474000 ---p 00004000 08:07 1836071                    /usr/lib/jvm/jdk1.7.0_51/jre/lib/amd64/libdt_socket.so
7fee01474000-7fee01475000 rw-p 00003000 08:07 1836071                    /usr/lib/jvm/jdk1.7.0_51/jre/lib/amd64/libdt_socket.so
7fee01475000-7fee01478000 ---p 00000000 00:00 0 
7fee01478000-7fee01576000 rw-p 00000000 00:00 0 
7fee01576000-7fee01579000 ---p 00000000 00:00 0 
7fee01579000-7fee01677000 rw-p 00000000 00:00 0 
7fee01677000-7fee0167a000 ---p 00000000 00:00 0 
7fee0167a000-7fee01778000 rw-p 00000000 00:00 0 
7fee01778000-7fee01779000 ---p 00000000 00:00 0 
7fee01779000-7fee04000000 rw-p 00000000 00:00 0 
7fee04000000-7fee04021000 rw-p 00000000 00:00 0 
7fee04021000-7fee08000000 ---p 00000000 00:00 0 
7fee08000000-7fee08001000 r--s 00000000 08:07 2890701                    /var/cache/fontconfig/b9d506c9ac06c20b433354fa67a72993-le64.cache-6
7fee08001000-7fee08002000 r--s 00000000 08:07 2890685                    /var/cache/fontconfig/551ecf3b0e8b0bca0f25c0944f561853-le64.cache-6
7fee08002000-7fee08005000 r--s 00000000 08:07 2890691                    /var/cache/fontconfig/75114ca45c98e8a441da0ff356701271-le64.cache-6
7fee08005000-7fee08010000 r--s 00000000 08:07 2890694                    /var/cache/fontconfig/83bf95040141907cd45bb53cf7c1c148-le64.cache-6
7fee08010000-7fee08022000 r--s 00000000 08:07 2886108                    /var/cache/fontconfig/9b89f8e3dae116d678bbf48e5f21f69b-le64.cache-6
7fee08022000-7fee0802d000 r--s 0037c000 08:07 1057110                    /usr/lib/jvm/jdk1.7.0_51/jre/lib/charsets.jar
7fee0802d000-7fee088c2000 rw-p 00000000 00:00 0 
7fee088c2000-7fee08a7f000 r--s 039bf000 08:07 1057153                    /usr/lib/jvm/jdk1.7.0_51/jre/lib/rt.jar
7fee08a7f000-7fee08cfd000 rw-p 00000000 00:00 0 
7fee08cfd000-7fee08cfe000 ---p 00000000 00:00 0 
7fee08cfe000-7fee08dfe000 rw-p 00000000 00:00 0 
7fee08dfe000-7fee08dff000 ---p 00000000 00:00 0 
7fee08dff000-7fee08eff000 rw-p 00000000 00:00 0 
7fee08eff000-7fee08f00000 ---p 00000000 00:00 0 
7fee08f00000-7fee09000000 rw-p 00000000 00:00 0 
7fee09000000-7fee09270000 rwxp 00000000 00:00 0 
7fee09270000-7fee0c23c000 rw-p 00000000 00:00 0 
7fee0c23c000-7fee10000000 ---p 00000000 00:00 0 
7fee10000000-7fee10003000 r--s 00000000 08:07 2890710                    /var/cache/fontconfig/e13b20fdb08344e0e664864cc2ede53d-le64.cache-6
7fee10003000-7fee10007000 r--s 00000000 08:07 2883629                    /var/cache/fontconfig/7ef2298fde41cc6eeb7af42e48b7d293-le64.cache-6
7fee10007000-7fee100a4000 rw-p 00000000 00:00 0 
7fee100a4000-7fee100a5000 ---p 00000000 00:00 0 
7fee100a5000-7fee101b9000 rw-p 00000000 00:00 0 
7fee101b9000-7fee102e5000 rw-p 00000000 00:00 0 
7fee102e5000-7fee102f0000 rw-p 00000000 00:00 0 
7fee102f0000-7fee1030e000 rw-p 00000000 00:00 0 
7fee1030e000-7fee10322000 rw-p 00000000 00:00 0 
7fee10322000-7fee1044d000 rw-p 00000000 00:00 0 
7fee1044d000-7fee10458000 rw-p 00000000 00:00 0 
7fee10458000-7fee104ed000 rw-p 00000000 00:00 0 
7fee104ed000-7fee104f8000 rw-p 00000000 00:00 0 
7fee104f8000-7fee105ae000 rw-p 00000000 00:00 0 
7fee105ae000-7fee105c8000 r-xp 00000000 08:07 1836101                    /usr/lib/jvm/jdk1.7.0_51/jre/lib/amd64/libzip.so
7fee105c8000-7fee107c8000 ---p 0001a000 08:07 1836101                    /usr/lib/jvm/jdk1.7.0_51/jre/lib/amd64/libzip.so
7fee107c8000-7fee107c9000 rw-p 0001a000 08:07 1836101                    /usr/lib/jvm/jdk1.7.0_51/jre/lib/amd64/libzip.so
7fee107c9000-7fee107d4000 r-xp 00000000 08:07 2364559                    /lib/x86_64-linux-gnu/libnss_files-2.23.so
7fee107d4000-7fee109d3000 ---p 0000b000 08:07 2364559                    /lib/x86_64-linux-gnu/libnss_files-2.23.so
7fee109d3000-7fee109d4000 r--p 0000a000 08:07 2364559                    /lib/x86_64-linux-gnu/libnss_files-2.23.so
7fee109d4000-7fee109d5000 rw-p 0000b000 08:07 2364559                    /lib/x86_64-linux-gnu/libnss_files-2.23.so
7fee109d5000-7fee109db000 rw-p 00000000 00:00 0 
7fee109db000-7fee109e6000 r-xp 00000000 08:07 2364569                    /lib/x86_64-linux-gnu/libnss_nis-2.23.so
7fee109e6000-7fee10be5000 ---p 0000b000 08:07 2364569                    /lib/x86_64-linux-gnu/libnss_nis-2.23.so
7fee10be5000-7fee10be6000 r--p 0000a000 08:07 2364569                    /lib/x86_64-linux-gnu/libnss_nis-2.23.so
7fee10be6000-7fee10be7000 rw-p 0000b000 08:07 2364569                    /lib/x86_64-linux-gnu/libnss_nis-2.23.so
7fee10be7000-7fee10bfd000 r-xp 00000000 08:07 2364553                    /lib/x86_64-linux-gnu/libnsl-2.23.so
7fee10bfd000-7fee10dfc000 ---p 00016000 08:07 2364553                    /lib/x86_64-linux-gnu/libnsl-2.23.so
7fee10dfc000-7fee10dfd000 r--p 00015000 08:07 2364553                    /lib/x86_64-linux-gnu/libnsl-2.23.so
7fee10dfd000-7fee10dfe000 rw-p 00016000 08:07 2364553                    /lib/x86_64-linux-gnu/libnsl-2.23.so
7fee10dfe000-7fee10e00000 rw-p 00000000 00:00 0 
7fee10e00000-7fee10e08000 r-xp 00000000 08:07 2364555                    /lib/x86_64-linux-gnu/libnss_compat-2.23.so
7fee10e08000-7fee11007000 ---p 00008000 08:07 2364555                    /lib/x86_64-linux-gnu/libnss_compat-2.23.so
7fee11007000-7fee11008000 r--p 00007000 08:07 2364555                    /lib/x86_64-linux-gnu/libnss_compat-2.23.so
7fee11008000-7fee11009000 rw-p 00008000 08:07 2364555                    /lib/x86_64-linux-gnu/libnss_compat-2.23.so
7fee11009000-7fee119c8000 r--p 00000000 08:07 2760681                    /usr/lib/locale/locale-archive
7fee119c8000-7fee119cb000 r-xp 00000000 08:07 1836062                    /usr/lib/jvm/jdk1.7.0_51/jre/lib/amd64/libnpt.so
7fee119cb000-7fee11bca000 ---p 00003000 08:07 1836062                    /usr/lib/jvm/jdk1.7.0_51/jre/lib/amd64/libnpt.so
7fee11bca000-7fee11bcb000 rw-p 00002000 08:07 1836062                    /usr/lib/jvm/jdk1.7.0_51/jre/lib/amd64/libnpt.so
7fee11bcb000-7fee11c04000 r-xp 00000000 08:07 1836106                    /usr/lib/jvm/jdk1.7.0_51/jre/lib/amd64/libjdwp.so
7fee11c04000-7fee11e04000 ---p 00039000 08:07 1836106                    /usr/lib/jvm/jdk1.7.0_51/jre/lib/amd64/libjdwp.so
7fee11e04000-7fee11e05000 rw-p 00039000 08:07 1836106                    /usr/lib/jvm/jdk1.7.0_51/jre/lib/amd64/libjdwp.so
7fee11e05000-7fee11e06000 rw-p 00000000 00:00 0 
7fee11e06000-7fee11e2f000 r-xp 00000000 08:07 1836085                    /usr/lib/jvm/jdk1.7.0_51/jre/lib/amd64/libjava.so
7fee11e2f000-7fee1202f000 ---p 00029000 08:07 1836085                    /usr/lib/jvm/jdk1.7.0_51/jre/lib/amd64/libjava.so
7fee1202f000-7fee12031000 rw-p 00029000 08:07 1836085                    /usr/lib/jvm/jdk1.7.0_51/jre/lib/amd64/libjava.so
7fee12031000-7fee1203e000 r-xp 00000000 08:07 1836083                    /usr/lib/jvm/jdk1.7.0_51/jre/lib/amd64/libverify.so
7fee1203e000-7fee1223d000 ---p 0000d000 08:07 1836083                    /usr/lib/jvm/jdk1.7.0_51/jre/lib/amd64/libverify.so
7fee1223d000-7fee1223f000 rw-p 0000c000 08:07 1836083                    /usr/lib/jvm/jdk1.7.0_51/jre/lib/amd64/libverify.so
7fee1223f000-7fee12246000 r-xp 00000000 08:07 2364614                    /lib/x86_64-linux-gnu/librt-2.23.so
7fee12246000-7fee12445000 ---p 00007000 08:07 2364614                    /lib/x86_64-linux-gnu/librt-2.23.so
7fee12445000-7fee12446000 r--p 00006000 08:07 2364614                    /lib/x86_64-linux-gnu/librt-2.23.so
7fee12446000-7fee12447000 rw-p 00007000 08:07 2364614                    /lib/x86_64-linux-gnu/librt-2.23.so
7fee12447000-7fee1244a000 ---p 00000000 00:00 0 
7fee1244a000-7fee12548000 rw-p 00000000 00:00 0 
7fee12548000-7fee12650000 r-xp 00000000 08:07 2364530                    /lib/x86_64-linux-gnu/libm-2.23.so
7fee12650000-7fee1284f000 ---p 00108000 08:07 2364530                    /lib/x86_64-linux-gnu/libm-2.23.so
7fee1284f000-7fee12850000 r--p 00107000 08:07 2364530                    /lib/x86_64-linux-gnu/libm-2.23.so
7fee12850000-7fee12851000 rw-p 00108000 08:07 2364530                    /lib/x86_64-linux-gnu/libm-2.23.so
7fee12851000-7fee133b3000 r-xp 00000000 08:07 1836091                    /usr/lib/jvm/jdk1.7.0_51/jre/lib/amd64/server/libjvm.so
7fee133b3000-7fee135b3000 ---p 00b62000 08:07 1836091                    /usr/lib/jvm/jdk1.7.0_51/jre/lib/amd64/server/libjvm.so
7fee135b3000-7fee13676000 rw-p 00b62000 08:07 1836091                    /usr/lib/jvm/jdk1.7.0_51/jre/lib/amd64/server/libjvm.so
7fee13676000-7fee136b7000 rw-p 00000000 00:00 0 
7fee136b7000-7fee13877000 r-xp 00000000 08:07 2364460                    /lib/x86_64-linux-gnu/libc-2.23.so
7fee13877000-7fee13a76000 ---p 001c0000 08:07 2364460                    /lib/x86_64-linux-gnu/libc-2.23.so
7fee13a76000-7fee13a7a000 r--p 001bf000 08:07 2364460                    /lib/x86_64-linux-gnu/libc-2.23.so
7fee13a7a000-7fee13a7c000 rw-p 001c3000 08:07 2364460                    /lib/x86_64-linux-gnu/libc-2.23.so
7fee13a7c000-7fee13a80000 rw-p 00000000 00:00 0 
7fee13a80000-7fee13a83000 r-xp 00000000 08:07 2364484                    /lib/x86_64-linux-gnu/libdl-2.23.so
7fee13a83000-7fee13c82000 ---p 00003000 08:07 2364484                    /lib/x86_64-linux-gnu/libdl-2.23.so
7fee13c82000-7fee13c83000 r--p 00002000 08:07 2364484                    /lib/x86_64-linux-gnu/libdl-2.23.so
7fee13c83000-7fee13c84000 rw-p 00003000 08:07 2364484                    /lib/x86_64-linux-gnu/libdl-2.23.so
7fee13c84000-7fee13c9a000 r-xp 00000000 08:07 1056839                    /usr/lib/jvm/jdk1.7.0_51/lib/amd64/jli/libjli.so
7fee13c9a000-7fee13e9a000 ---p 00016000 08:07 1056839                    /usr/lib/jvm/jdk1.7.0_51/lib/amd64/jli/libjli.so
7fee13e9a000-7fee13e9b000 rw-p 00016000 08:07 1056839                    /usr/lib/jvm/jdk1.7.0_51/lib/amd64/jli/libjli.so
7fee13e9b000-7fee13eb3000 r-xp 00000000 08:07 2364606                    /lib/x86_64-linux-gnu/libpthread-2.23.so
7fee13eb3000-7fee140b2000 ---p 00018000 08:07 2364606                    /lib/x86_64-linux-gnu/libpthread-2.23.so
7fee140b2000-7fee140b3000 r--p 00017000 08:07 2364606                    /lib/x86_64-linux-gnu/libpthread-2.23.so
7fee140b3000-7fee140b4000 rw-p 00018000 08:07 2364606                    /lib/x86_64-linux-gnu/libpthread-2.23.so
7fee140b4000-7fee140b8000 rw-p 00000000 00:00 0 
7fee140b8000-7fee140de000 r-xp 00000000 08:07 2364432                    /lib/x86_64-linux-gnu/ld-2.23.so
7fee140de000-7fee140df000 r--s 00000000 08:07 2890680                    /var/cache/fontconfig/30829fa25452a46451e813d634d7f916-le64.cache-6
7fee140df000-7fee140e6000 r--s 00000000 08:07 3016614                    /usr/lib/x86_64-linux-gnu/gconv/gconv-modules.cache
7fee140e6000-7fee140e8000 r--s 0000d000 08:08 3412122                    /home/kcrez/Documentos/JavaDuino/library/rxtx2.1/RXTXcomm.jar
7fee140e8000-7fee140ea000 r--s 0000d000 08:07 1835127                    /usr/lib/jvm/jdk1.7.0_51/jre/lib/ext/RXTXcomm.jar
7fee140ea000-7fee1413e000 rw-p 00000000 00:00 0 
7fee1413e000-7fee1415c000 rw-p 00000000 00:00 0 
7fee1415c000-7fee14160000 rw-p 00000000 00:00 0 
7fee14160000-7fee141a4000 r-xp 00000000 08:07 1052366                    /opt/eset/esets/lib/libesets_pac.so
7fee141a4000-7fee142a4000 ---p 00044000 08:07 1052366                    /opt/eset/esets/lib/libesets_pac.so
7fee142a4000-7fee142a7000 rw-p 00044000 08:07 1052366                    /opt/eset/esets/lib/libesets_pac.so
7fee142a7000-7fee142ba000 rw-p 00000000 00:00 0 
7fee142ba000-7fee142bb000 r--s 00000000 08:07 2890674                    /var/cache/fontconfig/0c9eb80ebd1c36541ebe2852d3bb0c49-le64.cache-6
7fee142bb000-7fee142d0000 rw-p 00000000 00:00 0 
7fee142d0000-7fee142d8000 rw-s 00000000 08:07 2097231                    /tmp/hsperfdata_kcrez/9029
7fee142d8000-7fee142d9000 rw-p 00000000 00:00 0 
7fee142d9000-7fee142da000 r--p 00000000 00:00 0 
7fee142da000-7fee142dd000 rw-p 00000000 00:00 0 
7fee142dd000-7fee142de000 r--p 00025000 08:07 2364432                    /lib/x86_64-linux-gnu/ld-2.23.so
7fee142de000-7fee142df000 rw-p 00026000 08:07 2364432                    /lib/x86_64-linux-gnu/ld-2.23.so
7fee142df000-7fee142e0000 rw-p 00000000 00:00 0 
7fff02f94000-7fff02fb5000 rw-p 00000000 00:00 0                          [stack]
7fff02fc6000-7fff02fc8000 r--p 00000000 00:00 0                          [vvar]
7fff02fc8000-7fff02fca000 r-xp 00000000 00:00 0                          [vdso]
ffffffffff600000-ffffffffff601000 r-xp 00000000 00:00 0                  [vsyscall]

VM Arguments:
jvm_args: -Xdebug -Xrunjdwp:transport=dt_socket,address=localhost:38772 -Dfile.encoding=UTF-8 -Djava.library.path=/home/kcrez/Documentos/JavaDuino/library/rxtx2.1 
java_command: PPD_Frame
Launcher Type: SUN_STANDARD

Environment Variables:
PATH=/usr/local/sbin:/usr/local/bin:/usr/sbin:/usr/bin:/sbin:/bin:/usr/games:/usr/local/games:/snap/bin
LD_LIBRARY_PATH=/usr/lib/jvm/jdk1.7.0_51/jre/lib/amd64:/usr/lib/jvm/jdk1.7.0_51/jre/lib/i386:
SHELL=/bin/bash
DISPLAY=:0

Signal Handlers:
SIGSEGV: [libjvm.so+0x993870], sa_mask[0]=0x7ffbfeff, sa_flags=0x10000004
SIGBUS: [libjvm.so+0x993870], sa_mask[0]=0x7ffbfeff, sa_flags=0x10000004
SIGFPE: [libjvm.so+0x8105b0], sa_mask[0]=0x7ffbfeff, sa_flags=0x10000004
SIGPIPE: [libjvm.so+0x8105b0], sa_mask[0]=0x7ffbfeff, sa_flags=0x10000004
SIGXFSZ: [libjvm.so+0x8105b0], sa_mask[0]=0x7ffbfeff, sa_flags=0x10000004
SIGILL: [libjvm.so+0x8105b0], sa_mask[0]=0x7ffbfeff, sa_flags=0x10000004
SIGUSR1: SIG_DFL, sa_mask[0]=0x00000000, sa_flags=0x00000000
SIGUSR2: [libjvm.so+0x811aa0], sa_mask[0]=0x00000004, sa_flags=0x10000004
SIGHUP: [libjvm.so+0x812a10], sa_mask[0]=0x7ffbfeff, sa_flags=0x10000004
SIGINT: SIG_IGN, sa_mask[0]=0x00000000, sa_flags=0x00000000
SIGTERM: [libjvm.so+0x812a10], sa_mask[0]=0x7ffbfeff, sa_flags=0x10000004
SIGQUIT: [libjvm.so+0x812a10], sa_mask[0]=0x7ffbfeff, sa_flags=0x10000004


---------------  S Y S T E M  ---------------

OS:stretch/sid

uname:Linux 4.4.0-22-generic #40-Ubuntu SMP Thu May 12 22:03:46 UTC 2016 x86_64
libc:glibc 2.23 NPTL 2.23 
rlimit: STACK 8192k, CORE 0k, NPROC 15146, NOFILE 65536, AS infinity
load average:0.69 0.63 0.63

/proc/meminfo:
MemTotal:        3916240 kB
MemFree:           51324 kB
MemAvailable:    1261936 kB
Buffers:          181896 kB
Cached:          1106448 kB
SwapCached:        10676 kB
Active:          2415656 kB
Inactive:        1203332 kB
Active(anon):    1826668 kB
Inactive(anon):   684008 kB
Active(file):     588988 kB
Inactive(file):   519324 kB
Unevictable:          48 kB
Mlocked:              48 kB
SwapTotal:       7812088 kB
SwapFree:        7782456 kB
Dirty:               976 kB
Writeback:             0 kB
AnonPages:       2320172 kB
Mapped:           323796 kB
Shmem:            180032 kB
Slab:             166416 kB
SReclaimable:     131532 kB
SUnreclaim:        34884 kB
KernelStack:       10672 kB
PageTables:        33708 kB
NFS_Unstable:          0 kB
Bounce:                0 kB
WritebackTmp:          0 kB
CommitLimit:     9770208 kB
Committed_AS:    6471016 kB
VmallocTotal:   34359738367 kB
VmallocUsed:           0 kB
VmallocChunk:          0 kB
HardwareCorrupted:     0 kB
AnonHugePages:    890880 kB
CmaTotal:              0 kB
CmaFree:               0 kB
HugePages_Total:       0
HugePages_Free:        0
HugePages_Rsvd:        0
HugePages_Surp:        0
Hugepagesize:       2048 kB
DirectMap4k:      129820 kB
DirectMap2M:     2885632 kB
DirectMap1G:     1048576 kB


CPU:total 4 (2 cores per cpu, 2 threads per core) family 6 model 60 stepping 3, cmov, cx8, fxsr, mmx, sse, sse2, sse3, ssse3, sse4.1, sse4.2, popcnt, avx, avx2, aes, erms, ht, tsc, tscinvbit

/proc/cpuinfo:
processor	: 0
vendor_id	: GenuineIntel
cpu family	: 6
model		: 60
model name	: Intel(R) Core(TM) i3-4170 CPU @ 3.70GHz
stepping	: 3
microcode	: 0x1e
cpu MHz		: 3700.000
cache size	: 3072 KB
physical id	: 0
siblings	: 4
core id		: 0
cpu cores	: 2
apicid		: 0
initial apicid	: 0
fpu		: yes
fpu_exception	: yes
cpuid level	: 13
wp		: yes
flags		: fpu vme de pse tsc msr pae mce cx8 apic sep mtrr pge mca cmov pat pse36 clflush dts acpi mmx fxsr sse sse2 ss ht tm pbe syscall nx pdpe1gb rdtscp lm constant_tsc arch_perfmon pebs bts rep_good nopl xtopology nonstop_tsc aperfmperf eagerfpu pni pclmulqdq dtes64 monitor ds_cpl vmx est tm2 ssse3 sdbg fma cx16 xtpr pdcm pcid sse4_1 sse4_2 movbe popcnt tsc_deadline_timer aes xsave avx f16c rdrand lahf_lm abm epb tpr_shadow vnmi flexpriority ept vpid fsgsbase tsc_adjust bmi1 avx2 smep bmi2 erms invpcid xsaveopt dtherm arat pln pts
bugs		:
bogomips	: 7383.06
clflush size	: 64
cache_alignment	: 64
address sizes	: 39 bits physical, 48 bits virtual
power management:

processor	: 1
vendor_id	: GenuineIntel
cpu family	: 6
model		: 60
model name	: Intel(R) Core(TM) i3-4170 CPU @ 3.70GHz
stepping	: 3
microcode	: 0x1e
cpu MHz		: 3700.000
cache size	: 3072 KB
physical id	: 0
siblings	: 4
core id		: 1
cpu cores	: 2
apicid		: 2
initial apicid	: 2
fpu		: yes
fpu_exception	: yes
cpuid level	: 13
wp		: yes
flags		: fpu vme de pse tsc msr pae mce cx8 apic sep mtrr pge mca cmov pat pse36 clflush dts acpi mmx fxsr sse sse2 ss ht tm pbe syscall nx pdpe1gb rdtscp lm constant_tsc arch_perfmon pebs bts rep_good nopl xtopology nonstop_tsc aperfmperf eagerfpu pni pclmulqdq dtes64 monitor ds_cpl vmx est tm2 ssse3 sdbg fma cx16 xtpr pdcm pcid sse4_1 sse4_2 movbe popcnt tsc_deadline_timer aes xsave avx f16c rdrand lahf_lm abm epb tpr_shadow vnmi flexpriority ept vpid fsgsbase tsc_adjust bmi1 avx2 smep bmi2 erms invpcid xsaveopt dtherm arat pln pts
bugs		:
bogomips	: 7383.06
clflush size	: 64
cache_alignment	: 64
address sizes	: 39 bits physical, 48 bits virtual
power management:

processor	: 2
vendor_id	: GenuineIntel
cpu family	: 6
model		: 60
model name	: Intel(R) Core(TM) i3-4170 CPU @ 3.70GHz
stepping	: 3
microcode	: 0x1e
cpu MHz		: 3005.527
cache size	: 3072 KB
physical id	: 0
siblings	: 4
core id		: 0
cpu cores	: 2
apicid		: 1
initial apicid	: 1
fpu		: yes
fpu_exception	: yes
cpuid level	: 13
wp		: yes
flags		: fpu vme de pse tsc msr pae mce cx8 apic sep mtrr pge mca cmov pat pse36 clflush dts acpi mmx fxsr sse sse2 ss ht tm pbe syscall nx pdpe1gb rdtscp lm constant_tsc arch_perfmon pebs bts rep_good nopl xtopology nonstop_tsc aperfmperf eagerfpu pni pclmulqdq dtes64 monitor ds_cpl vmx est tm2 ssse3 sdbg fma cx16 xtpr pdcm pcid sse4_1 sse4_2 movbe popcnt tsc_deadline_timer aes xsave avx f16c rdrand lahf_lm abm epb tpr_shadow vnmi flexpriority ept vpid fsgsbase tsc_adjust bmi1 avx2 smep bmi2 erms invpcid xsaveopt dtherm arat pln pts
bugs		:
bogomips	: 7383.06
clflush size	: 64
cache_alignment	: 64
address sizes	: 39 bits physical, 48 bits virtual
power management:

processor	: 3
vendor_id	: GenuineIntel
cpu family	: 6
model		: 60
model name	: Intel(R) Core(TM) i3-4170 CPU @ 3.70GHz
stepping	: 3
microcode	: 0x1e
cpu MHz		: 3696.964
cache size	: 3072 KB
physical id	: 0
siblings	: 4
core id		: 1
cpu cores	: 2
apicid		: 3
initial apicid	: 3
fpu		: yes
fpu_exception	: yes
cpuid level	: 13
wp		: yes
flags		: fpu vme de pse tsc msr pae mce cx8 apic sep mtrr pge mca cmov pat pse36 clflush dts acpi mmx fxsr sse sse2 ss ht tm pbe syscall nx pdpe1gb rdtscp lm constant_tsc arch_perfmon pebs bts rep_good nopl xtopology nonstop_tsc aperfmperf eagerfpu pni pclmulqdq dtes64 monitor ds_cpl vmx est tm2 ssse3 sdbg fma cx16 xtpr pdcm pcid sse4_1 sse4_2 movbe popcnt tsc_deadline_timer aes xsave avx f16c rdrand lahf_lm abm epb tpr_shadow vnmi flexpriority ept vpid fsgsbase tsc_adjust bmi1 avx2 smep bmi2 erms invpcid xsaveopt dtherm arat pln pts
bugs		:
bogomips	: 7383.06
clflush size	: 64
cache_alignment	: 64
address sizes	: 39 bits physical, 48 bits virtual
power management:



Memory: 4k page, physical 3916240k(51324k free), swap 7812088k(7782456k free)

vm_info: Java HotSpot(TM) 64-Bit Server VM (24.51-b03) for linux-amd64 JRE (1.7.0_51-b13), built on Dec 18 2013 18:48:01 by "java_re" with gcc 4.3.0 20080428 (Red Hat 4.3.0-8)

time: Sat Jul 30 21:58:44 2016
elapsed time: 11 seconds

