#
# A fatal error has been detected by the Java Runtime Environment:
#
#  SIGSEGV (0xb) at pc=0x00007fce2a446462, pid=8573, tid=140523449087744
#
# JRE version: Java(TM) SE Runtime Environment (7.0_51-b13) (build 1.7.0_51-b13)
# Java VM: Java HotSpot(TM) 64-Bit Server VM (24.51-b03 mixed mode linux-amd64 compressed oops)
# Problematic frame:
# C  [librxtxSerial.so+0x6462]  read_byte_array+0x52
#
# Failed to write core dump. Core dumps have been disabled. To enable core dumping, try "ulimit -c unlimited" before starting Java again
#
# If you would like to submit a bug report, please visit:
#   http://bugreport.sun.com/bugreport/crash.jsp
# The crash happened outside the Java Virtual Machine in native code.
# See problematic frame for where to report the bug.
#

---------------  T H R E A D  ---------------

Current thread (0x00007fcdec0ac000):  JavaThread "Thread-0" [_thread_in_native, id=8595, stack(0x00007fce2a33f000,0x00007fce2a440000)]

siginfo:si_signo=SIGSEGV: si_errno=0, si_code=1 (SEGV_MAPERR), si_addr=0x000000002a43e5f8

Registers:
RAX=0x000000002a43e5f0, RBX=0xffffffffffffffff, RCX=0x0000000000000001, RDX=0x00007fce43679a50
RSP=0x00007fce2a43d9c0, RBP=0x00007fcdec0ac1e8, RSI=0x00007fce2a449e30, RDI=0x00007fce2a449d3e
R8 =0x00007fce2a43d930, R9 =0x00000000ec627f78, R10=0x0000000000000002, R11=0x00007fce4367e008
R12=0x00000000ffffffff, R13=0x0000000000000000, R14=0x000000000000001c, R15=0x0000000000000000
RIP=0x00007fce2a446462, EFLAGS=0x0000000000010206, CSGSFS=0x0000000000000033, ERR=0x0000000000000004
  TRAPNO=0x000000000000000e

Top of Stack: (sp=0x00007fce2a43d9c0)
0x00007fce2a43d9c0:   ff0000000000ff00 0000000000000000
0x00007fce2a43d9d0:   0000000000000000 0000000000000000
0x00007fce2a43d9e0:   0000000200020022 000000002a43e5f0
0x00007fce2a43d9f0:   0000000000000000 0000000000000000
0x00007fce2a43da00:   0000000000000000 0000000300010055
0x00007fce2a43da10:   00007fcde4001280 0000001c00000000
0x00007fce2a43da20:   0000000000000000 0000000000000000
0x00007fce2a43da30:   0000000000000000 0000000000000000
0x00007fce2a43da40:   00007fcdec0ac000 0000000000000700
0x00007fce2a43da50:   0000000000002000 0000000000000000
0x00007fce2a43da60:   000000000000001c 0000000000000000
0x00007fce2a43da70:   00007fce2a43daa0 00007fce42aecdac
0x00007fce2a43da80:   00007fcde4001280 00007fcde4001280
0x00007fce2a43da90:   000000000000001c 00007fce2a43db00
0x00007fce2a43daa0:   00007fcdec0ac1e8 0000000000000003
0x00007fce2a43dab0:   00000000ffffffff ffffffffffffffff
0x00007fce2a43dac0:   00007fcdec0ac1e8 00007fcde4001280
0x00007fce2a43dad0:   0000000000000003 000000000000001c
0x00007fce2a43dae0:   0000000000000000 00007fce2a4468a1
0x00007fce2a43daf0:   00007fcdec0ac000 00007fce2a43dbd8
0x00007fce2a43db00:   00007fce2a43dbe0 00000000bfafd250
0x00007fce2a43db10:   00007fce2a43dba8 0000000000000000
0x00007fce2a43db20:   00000000bfafd248 00007fce2a43dbe0
0x00007fce2a43db30:   00007fcdec0ac000 00007fce39012cd8
0x00007fce2a43db40:   00000000bfb0cc63 00007fce000000b6
0x00007fce2a43db50:   00007fce10060fe8 00000003000000b6
0x00007fce2a43db60:   00007fcdec0ac000 00007fce2a43db68
0x00007fce2a43db70:   00000000bfafd248 00007fce2a43dbe0
0x00007fce2a43db80:   00000000bfb0d8d8 0000000000000000
0x00007fce2a43db90:   00000000bfafd250 0000000000000000
0x00007fce2a43dba0:   00007fce2a43dbc8 00007fce2a43dc38
0x00007fce2a43dbb0:   00007fce390061d4 0000000000000000 

Instructions: (pc=0x00007fce2a446462)
0x00007fce2a446442:   89 44 24 4c 48 c7 44 24 40 00 00 00 00 48 c7 44
0x00007fce2a446452:   24 38 00 00 00 00 e8 53 d7 ff ff 48 89 44 24 28
0x00007fce2a446462:   8b 40 08 45 85 e4 48 8b 54 24 28 44 8b 7c 24 4c
0x00007fce2a446472:   89 44 24 34 c7 42 08 00 00 00 00 78 0c 31 c0 e8 

Register to memory mapping:

RAX=0x000000002a43e5f0 is an unknown value
RBX=0xffffffffffffffff is an unknown value
RCX=0x0000000000000001 is an unknown value
RDX=0x00007fce43679a50: <offset 0xe37a50> in /usr/lib/jvm/jdk1.7.0_51/jre/lib/amd64/server/libjvm.so at 0x00007fce42842000
RSP=0x00007fce2a43d9c0 is pointing into the stack for thread: 0x00007fcdec0ac000
RBP=0x00007fcdec0ac1e8 is an unknown value
RSI=0x00007fce2a449e30: <offset 0x9e30> in /usr/lib/jvm/jdk1.7.0_51/jre/lib/amd64/librxtxSerial.so at 0x00007fce2a440000
RDI=0x00007fce2a449d3e: <offset 0x9d3e> in /usr/lib/jvm/jdk1.7.0_51/jre/lib/amd64/librxtxSerial.so at 0x00007fce2a440000
R8 =0x00007fce2a43d930 is pointing into the stack for thread: 0x00007fcdec0ac000
R9 =0x00000000ec627f78 is an oop
gnu.io.RXTXPort 
 - klass: 'gnu/io/RXTXPort'
R10=0x0000000000000002 is an unknown value
R11=0x00007fce4367e008: <offset 0xe3c008> in /usr/lib/jvm/jdk1.7.0_51/jre/lib/amd64/server/libjvm.so at 0x00007fce42842000
R12=0x00000000ffffffff is an unallocated location in the heap
R13=0x0000000000000000 is an unknown value
R14=0x000000000000001c is an unknown value
R15=0x0000000000000000 is an unknown value


Stack: [0x00007fce2a33f000,0x00007fce2a440000],  sp=0x00007fce2a43d9c0,  free space=1018k
Native frames: (J=compiled Java code, j=interpreted, Vv=VM code, C=native code)
C  [librxtxSerial.so+0x6462]  read_byte_array+0x52

Java frames: (J=compiled Java code, j=interpreted, Vv=VM code)
j  gnu.io.RXTXPort.readArray([BII)I+0
j  gnu.io.RXTXPort$SerialInputStream.read([BII)I+187
j  sun.nio.cs.StreamDecoder.readBytes()I+135
j  sun.nio.cs.StreamDecoder.implRead([CII)I+112
j  sun.nio.cs.StreamDecoder.read([CII)I+180
j  java.io.InputStreamReader.read([CII)I+7
j  java.io.BufferedReader.fill()V+145
j  java.io.BufferedReader.readLine(Z)Ljava/lang/String;+44
j  java.io.BufferedReader.readLine()Ljava/lang/String;+2
j  PPD_Frame.serialEvent(Lgnu/io/SerialPortEvent;)V+22
j  gnu.io.RXTXPort.sendEvent(IZ)Z+382
v  ~StubRoutines::call_stub
j  gnu.io.RXTXPort.eventLoop()V+0
j  gnu.io.RXTXPort$MonitorThread.run()V+12
v  ~StubRoutines::call_stub

---------------  P R O C E S S  ---------------

Java Threads: ( => current thread )
=>0x00007fcdec0ac000 JavaThread "Thread-0" [_thread_in_native, id=8595, stack(0x00007fce2a33f000,0x00007fce2a440000)]
  0x00007fcdec037800 JavaThread "Image Fetcher 0" daemon [_thread_blocked, id=8594, stack(0x00007fce2a5ab000,0x00007fce2a6ac000)]
  0x00007fce3c00a000 JavaThread "DestroyJavaVM" [_thread_blocked, id=8577, stack(0x00007fce42438000,0x00007fce42539000)]
  0x00007fce3c266800 JavaThread "AWT-EventQueue-0" [_thread_blocked, id=8593, stack(0x00007fce2a92b000,0x00007fce2aa2c000)]
  0x00007fce3c264000 JavaThread "AWT-Shutdown" [_thread_blocked, id=8592, stack(0x00007fce2aa2c000,0x00007fce2ab2d000)]
  0x00007fce3c1da000 JavaThread "AWT-XAWT" daemon [_thread_in_native, id=8591, stack(0x00007fce2b6e5000,0x00007fce2b7e6000)]
  0x00007fce3c1b7000 JavaThread "Java2D Disposer" daemon [_thread_blocked, id=8590, stack(0x00007fce30009000,0x00007fce3010a000)]
  0x00007fce3c097000 JavaThread "Service Thread" daemon [_thread_blocked, id=8588, stack(0x00007fce314c0000,0x00007fce315c1000)]
  0x00007fce3c094800 JavaThread "C2 CompilerThread1" daemon [_thread_blocked, id=8587, stack(0x00007fce380f1000,0x00007fce381f2000)]
  0x00007fce3c091800 JavaThread "C2 CompilerThread0" daemon [_thread_blocked, id=8586, stack(0x00007fce381f2000,0x00007fce382f3000)]
  0x00007fce3c08f800 JavaThread "Signal Dispatcher" daemon [_thread_blocked, id=8585, stack(0x00007fce382f3000,0x00007fce383f4000)]
  0x00007fce3c070000 JavaThread "Finalizer" daemon [_thread_blocked, id=8584, stack(0x00007fce383f4000,0x00007fce384f5000)]
  0x00007fce3c06c000 JavaThread "Reference Handler" daemon [_thread_blocked, id=8583, stack(0x00007fce384f5000,0x00007fce385f6000)]

Other Threads:
  0x00007fce3c069800 VMThread [stack: 0x00007fce385f6000,0x00007fce386f7000] [id=8582]
  0x00007fce3c0a1800 WatcherThread [stack: 0x00007fce313bf000,0x00007fce314c0000] [id=8589]

VM state:not at safepoint (normal execution)

VM Mutex/Monitor currently owned by a thread: None

Heap
 PSYoungGen      total 17920K, used 6796K [0x00000000ec080000, 0x00000000ed480000, 0x0000000100000000)
  eden space 15360K, 44% used [0x00000000ec080000,0x00000000ec723058,0x00000000ecf80000)
  from space 2560K, 0% used [0x00000000ed200000,0x00000000ed200000,0x00000000ed480000)
  to   space 2560K, 0% used [0x00000000ecf80000,0x00000000ecf80000,0x00000000ed200000)
 ParOldGen       total 40448K, used 0K [0x00000000c4200000, 0x00000000c6980000, 0x00000000ec080000)
  object space 40448K, 0% used [0x00000000c4200000,0x00000000c4200000,0x00000000c6980000)
 PSPermGen       total 21504K, used 12055K [0x00000000bf000000, 0x00000000c0500000, 0x00000000c4200000)
  object space 21504K, 56% used [0x00000000bf000000,0x00000000bfbc5dc0,0x00000000c0500000)

Card table byte_map: [0x00007fce410d3000,0x00007fce412dc000] byte_map_base: 0x00007fce40adb000

Polling page: 0x00007fce442ca000

Code Cache  [0x00007fce39000000, 0x00007fce39270000, 0x00007fce3c000000)
 total_blobs=525 nmethods=46 adapters=432 free_code_cache=48502Kb largest_free_block=49648704

Compilation events (10 events):
Event: 0.424 Thread 0x00007fce3c091800   42             javax.swing.plaf.nimbus.EffectUtils::blur (157 bytes)
Event: 0.434 Thread 0x00007fce3c091800 nmethod 42 0x00007fce390a1650 code [0x00007fce390a17c0, 0x00007fce390a1cb8]
Event: 0.437 Thread 0x00007fce3c094800   43             java.awt.MultipleGradientPaintContext::indexIntoGradientsArrays (190 bytes)
Event: 0.441 Thread 0x00007fce3c094800 nmethod 43 0x00007fce39096dd0 code [0x00007fce39096f80, 0x00007fce390972b8]
Event: 0.442 Thread 0x00007fce3c094800   44             java.awt.MultipleGradientPaintContext::interpolate (202 bytes)
Event: 0.444 Thread 0x00007fce3c091800   45             java.awt.LinearGradientPaintContext::fillRaster (97 bytes)
Event: 0.447 Thread 0x00007fce3c094800 nmethod 44 0x00007fce39097810 code [0x00007fce390979c0, 0x00007fce39097f78]
Event: 0.451 Thread 0x00007fce3c091800 nmethod 45 0x00007fce3909fad0 code [0x00007fce3909fc80, 0x00007fce390a02f8]
Event: 0.512 Thread 0x00007fce3c094800   46             sun.java2d.loops.SurfaceType::getUniqueID (5 bytes)
Event: 0.513 Thread 0x00007fce3c094800 nmethod 46 0x00007fce3909de10 code [0x00007fce3909df40, 0x00007fce3909df98]

GC Heap History (0 events):
No events

Deoptimization events (4 events):
Event: 0.120 Thread 0x00007fce3c00a000 Uncommon trap: reason=class_check action=maybe_recompile pc=0x00007fce3907980c method=java.util.Properties$LineReader.readLine()I @ 62
Event: 0.122 Thread 0x00007fce3c00a000 Uncommon trap: reason=class_check action=maybe_recompile pc=0x00007fce3907980c method=java.util.Properties$LineReader.readLine()I @ 62
Event: 0.124 Thread 0x00007fce3c00a000 Uncommon trap: reason=class_check action=maybe_recompile pc=0x00007fce3907980c method=java.util.Properties$LineReader.readLine()I @ 62
Event: 0.125 Thread 0x00007fce3c00a000 Uncommon trap: reason=class_check action=maybe_recompile pc=0x00007fce3907980c method=java.util.Properties$LineReader.readLine()I @ 62

Internal exceptions (10 events):
Event: 0.192 Thread 0x00007fce3c266800 Threw 0x00000000ec393950 at /HUDSON/workspace/7u-2-build-linux-amd64@2/jdk7u51/527/hotspot/src/share/vm/prims/jvm.cpp:1244
Event: 0.193 Thread 0x00007fce3c266800 Threw 0x00000000ec397490 at /HUDSON/workspace/7u-2-build-linux-amd64@2/jdk7u51/527/hotspot/src/share/vm/prims/jvm.cpp:1244
Event: 0.193 Thread 0x00007fce3c266800 Threw 0x00000000ec398ba8 at /HUDSON/workspace/7u-2-build-linux-amd64@2/jdk7u51/527/hotspot/src/share/vm/prims/jvm.cpp:1244
Event: 0.258 Thread 0x00007fce3c266800 Threw 0x00000000ec469fa8 at /HUDSON/workspace/7u-2-build-linux-amd64@2/jdk7u51/527/hotspot/src/share/vm/prims/jvm.cpp:1244
Event: 0.260 Thread 0x00007fce3c266800 Threw 0x00000000ec5056f0 at /HUDSON/workspace/7u-2-build-linux-amd64@2/jdk7u51/527/hotspot/src/share/vm/prims/jvm.cpp:1244
Event: 0.336 Thread 0x00007fce3c266800 Threw 0x00000000ec5d3998 at /HUDSON/workspace/7u-2-build-linux-amd64@2/jdk7u51/527/hotspot/src/share/vm/prims/jni.cpp:717
Event: 0.356 Thread 0x00007fce3c266800 Threw 0x00000000ec5e6c20 at /HUDSON/workspace/7u-2-build-linux-amd64@2/jdk7u51/527/hotspot/src/share/vm/prims/jni.cpp:717
Event: 0.358 Thread 0x00007fce3c266800 Threw 0x00000000ec5f85e8 at /HUDSON/workspace/7u-2-build-linux-amd64@2/jdk7u51/527/hotspot/src/share/vm/prims/jni.cpp:717
Event: 0.378 Thread 0x00007fce3c266800 Threw 0x00000000ec60b558 at /HUDSON/workspace/7u-2-build-linux-amd64@2/jdk7u51/527/hotspot/src/share/vm/prims/jni.cpp:717
Event: 0.503 Thread 0x00007fce3c266800 Threw 0x00000000ec6cd608 at /HUDSON/workspace/7u-2-build-linux-amd64@2/jdk7u51/527/hotspot/src/share/vm/prims/jni.cpp:743

Events (10 events):
Event: 1.033 loading class 0x00007fce3c0f09c0
Event: 1.033 loading class 0x00007fce3c0f09c0 done
Event: 1.033 loading class 0x00007fce3c0f0a00
Event: 1.033 loading class 0x00007fce3c0f0a00 done
Event: 1.033 loading class 0x00007fce3c1153e0
Event: 1.033 loading class 0x00007fce3c1153e0 done
Event: 1.033 loading class 0x00007fce3c0b6f60
Event: 1.033 loading class 0x00007fce3c0b6f60 done
Event: 1.033 loading class 0x00007fce3c0ecf20
Event: 1.033 loading class 0x00007fce3c0ecf20 done


Dynamic libraries:
00400000-00401000 r-xp 00000000 08:07 937188                             /usr/lib/jvm/jdk1.7.0_51/bin/java
00600000-00601000 rw-p 00000000 08:07 937188                             /usr/lib/jvm/jdk1.7.0_51/bin/java
00d31000-00d52000 rw-p 00000000 00:00 0                                  [heap]
bf000000-c0500000 rw-p 00000000 00:00 0 
c0500000-c4200000 rw-p 00000000 00:00 0 
c4200000-c6980000 rw-p 00000000 00:00 0 
c6980000-ec080000 rw-p 00000000 00:00 0 
ec080000-ed480000 rw-p 00000000 00:00 0 
ed480000-100000000 rw-p 00000000 00:00 0 
7fcde4000000-7fcde4021000 rw-p 00000000 00:00 0 
7fcde4021000-7fcde8000000 ---p 00000000 00:00 0 
7fcdec000000-7fcdec0cf000 rw-p 00000000 00:00 0 
7fcdec0cf000-7fcdf0000000 ---p 00000000 00:00 0 
7fcdf0000000-7fcdf0069000 rw-p 00000000 00:00 0 
7fcdf0069000-7fcdf4000000 ---p 00000000 00:00 0 
7fcdf4000000-7fcdf4021000 rw-p 00000000 00:00 0 
7fcdf4021000-7fcdf8000000 ---p 00000000 00:00 0 
7fcdf8000000-7fcdf8021000 rw-p 00000000 00:00 0 
7fcdf8021000-7fcdfc000000 ---p 00000000 00:00 0 
7fcdfc000000-7fcdfc021000 rw-p 00000000 00:00 0 
7fcdfc021000-7fce00000000 ---p 00000000 00:00 0 
7fce00000000-7fce00021000 rw-p 00000000 00:00 0 
7fce00021000-7fce04000000 ---p 00000000 00:00 0 
7fce04000000-7fce04440000 rw-p 00000000 00:00 0 
7fce04440000-7fce08000000 ---p 00000000 00:00 0 
7fce08000000-7fce08021000 rw-p 00000000 00:00 0 
7fce08021000-7fce0c000000 ---p 00000000 00:00 0 
7fce0c000000-7fce0c021000 rw-p 00000000 00:00 0 
7fce0c021000-7fce10000000 ---p 00000000 00:00 0 
7fce10000000-7fce102d0000 rw-p 00000000 00:00 0 
7fce102d0000-7fce14000000 ---p 00000000 00:00 0 
7fce14000000-7fce14021000 rw-p 00000000 00:00 0 
7fce14021000-7fce18000000 ---p 00000000 00:00 0 
7fce18000000-7fce18021000 rw-p 00000000 00:00 0 
7fce18021000-7fce1c000000 ---p 00000000 00:00 0 
7fce1c000000-7fce1c021000 rw-p 00000000 00:00 0 
7fce1c021000-7fce20000000 ---p 00000000 00:00 0 
7fce20000000-7fce20021000 rw-p 00000000 00:00 0 
7fce20021000-7fce24000000 ---p 00000000 00:00 0 
7fce24000000-7fce24021000 rw-p 00000000 00:00 0 
7fce24021000-7fce28000000 ---p 00000000 00:00 0 
7fce29f22000-7fce29f4c000 r-xp 00000000 08:07 1836084                    /usr/lib/jvm/jdk1.7.0_51/jre/lib/amd64/libdcpr.so
7fce29f4c000-7fce2a14c000 ---p 0002a000 08:07 1836084                    /usr/lib/jvm/jdk1.7.0_51/jre/lib/amd64/libdcpr.so
7fce2a14c000-7fce2a14f000 rw-p 0002a000 08:07 1836084                    /usr/lib/jvm/jdk1.7.0_51/jre/lib/amd64/libdcpr.so
7fce2a14f000-7fce2a33f000 rw-s 00000000 00:05 92700738                   /SYSV00000000 (deleted)
7fce2a33f000-7fce2a342000 ---p 00000000 00:00 0 
7fce2a342000-7fce2a440000 rw-p 00000000 00:00 0 
7fce2a440000-7fce2a44c000 r-xp 00000000 08:07 1835128                    /usr/lib/jvm/jdk1.7.0_51/jre/lib/amd64/librxtxSerial.so
7fce2a44c000-7fce2a54b000 ---p 0000c000 08:07 1835128                    /usr/lib/jvm/jdk1.7.0_51/jre/lib/amd64/librxtxSerial.so
7fce2a54b000-7fce2a54d000 rw-p 0000b000 08:07 1835128                    /usr/lib/jvm/jdk1.7.0_51/jre/lib/amd64/librxtxSerial.so
7fce2a54d000-7fce2a566000 r--s 00000000 08:07 527849                     /usr/share/fonts/type1/gsfonts/n022004l.pfb
7fce2a566000-7fce2a57f000 r--s 00000000 08:07 527834                     /usr/share/fonts/type1/gsfonts/n021003l.pfb
7fce2a57f000-7fce2a595000 r--s 00000000 08:07 527843                     /usr/share/fonts/type1/gsfonts/n021024l.pfb
7fce2a595000-7fce2a5ab000 r--s 00000000 08:07 527852                     /usr/share/fonts/type1/gsfonts/n022023l.pfb
7fce2a5ab000-7fce2a5ae000 ---p 00000000 00:00 0 
7fce2a5ae000-7fce2a6ac000 rw-p 00000000 00:00 0 
7fce2a6ac000-7fce2a714000 r-xp 00000000 08:07 1836082                    /usr/lib/jvm/jdk1.7.0_51/jre/lib/amd64/libt2k.so
7fce2a714000-7fce2a914000 ---p 00068000 08:07 1836082                    /usr/lib/jvm/jdk1.7.0_51/jre/lib/amd64/libt2k.so
7fce2a914000-7fce2a91b000 rw-p 00068000 08:07 1836082                    /usr/lib/jvm/jdk1.7.0_51/jre/lib/amd64/libt2k.so
7fce2a91b000-7fce2a92b000 rw-p 00000000 00:00 0 
7fce2a92b000-7fce2a92e000 ---p 00000000 00:00 0 
7fce2a92e000-7fce2aa2c000 rw-p 00000000 00:00 0 
7fce2aa2c000-7fce2aa2f000 ---p 00000000 00:00 0 
7fce2aa2f000-7fce2ab2d000 rw-p 00000000 00:00 0 
7fce2ab2d000-7fce2ab3d000 r-xp 00000000 08:07 1836051                    /usr/lib/jvm/jdk1.7.0_51/jre/lib/amd64/libnio.so
7fce2ab3d000-7fce2ad3d000 ---p 00010000 08:07 1836051                    /usr/lib/jvm/jdk1.7.0_51/jre/lib/amd64/libnio.so
7fce2ad3d000-7fce2ad3e000 rw-p 00010000 08:07 1836051                    /usr/lib/jvm/jdk1.7.0_51/jre/lib/amd64/libnio.so
7fce2ad3e000-7fce2b03f000 rw-p 00000000 00:00 0 
7fce2b03f000-7fce2b055000 r-xp 00000000 08:07 1836056                    /usr/lib/jvm/jdk1.7.0_51/jre/lib/amd64/libnet.so
7fce2b055000-7fce2b255000 ---p 00016000 08:07 1836056                    /usr/lib/jvm/jdk1.7.0_51/jre/lib/amd64/libnet.so
7fce2b255000-7fce2b256000 rw-p 00016000 08:07 1836056                    /usr/lib/jvm/jdk1.7.0_51/jre/lib/amd64/libnet.so
7fce2b256000-7fce2b26c000 r-xp 00000000 08:07 2364498                    /lib/x86_64-linux-gnu/libgcc_s.so.1
7fce2b26c000-7fce2b46b000 ---p 00016000 08:07 2364498                    /lib/x86_64-linux-gnu/libgcc_s.so.1
7fce2b46b000-7fce2b46c000 rw-p 00015000 08:07 2364498                    /lib/x86_64-linux-gnu/libgcc_s.so.1
7fce2b46c000-7fce2b4d1000 r-xp 00000000 08:07 1836052                    /usr/lib/jvm/jdk1.7.0_51/jre/lib/amd64/libfontmanager.so
7fce2b4d1000-7fce2b6d0000 ---p 00065000 08:07 1836052                    /usr/lib/jvm/jdk1.7.0_51/jre/lib/amd64/libfontmanager.so
7fce2b6d0000-7fce2b6d4000 rw-p 00064000 08:07 1836052                    /usr/lib/jvm/jdk1.7.0_51/jre/lib/amd64/libfontmanager.so
7fce2b6d4000-7fce2b6e5000 rw-p 00000000 00:00 0 
7fce2b6e5000-7fce2b6e8000 ---p 00000000 00:00 0 
7fce2b6e8000-7fce2b7e6000 rw-p 00000000 00:00 0 
7fce2b7e6000-7fce2b7eb000 r-xp 00000000 08:07 2762080                    /usr/lib/x86_64-linux-gnu/libXfixes.so.3.1.0
7fce2b7eb000-7fce2b9ea000 ---p 00005000 08:07 2762080                    /usr/lib/x86_64-linux-gnu/libXfixes.so.3.1.0
7fce2b9ea000-7fce2b9eb000 r--p 00004000 08:07 2762080                    /usr/lib/x86_64-linux-gnu/libXfixes.so.3.1.0
7fce2b9eb000-7fce2b9ec000 rw-p 00005000 08:07 2762080                    /usr/lib/x86_64-linux-gnu/libXfixes.so.3.1.0
7fce2b9ec000-7fce2b9f5000 r-xp 00000000 08:07 2762072                    /usr/lib/x86_64-linux-gnu/libXcursor.so.1.0.2
7fce2b9f5000-7fce2bbf4000 ---p 00009000 08:07 2762072                    /usr/lib/x86_64-linux-gnu/libXcursor.so.1.0.2
7fce2bbf4000-7fce2bbf5000 r--p 00008000 08:07 2762072                    /usr/lib/x86_64-linux-gnu/libXcursor.so.1.0.2
7fce2bbf5000-7fce2bbf6000 rw-p 00009000 08:07 2762072                    /usr/lib/x86_64-linux-gnu/libXcursor.so.1.0.2
7fce2bbf6000-7fce2bbfb000 r-xp 00000000 08:07 2762076                    /usr/lib/x86_64-linux-gnu/libXdmcp.so.6.0.0
7fce2bbfb000-7fce2bdfa000 ---p 00005000 08:07 2762076                    /usr/lib/x86_64-linux-gnu/libXdmcp.so.6.0.0
7fce2bdfa000-7fce2bdfb000 r--p 00004000 08:07 2762076                    /usr/lib/x86_64-linux-gnu/libXdmcp.so.6.0.0
7fce2bdfb000-7fce2bdfc000 rw-p 00005000 08:07 2762076                    /usr/lib/x86_64-linux-gnu/libXdmcp.so.6.0.0
7fce2bdfc000-7fce2bdfe000 r-xp 00000000 08:07 2762065                    /usr/lib/x86_64-linux-gnu/libXau.so.6.0.0
7fce2bdfe000-7fce2bffe000 ---p 00002000 08:07 2762065                    /usr/lib/x86_64-linux-gnu/libXau.so.6.0.0
7fce2bffe000-7fce2bfff000 r--p 00002000 08:07 2762065                    /usr/lib/x86_64-linux-gnu/libXau.so.6.0.0
7fce2bfff000-7fce2c000000 rw-p 00003000 08:07 2762065                    /usr/lib/x86_64-linux-gnu/libXau.so.6.0.0
7fce2c000000-7fce2c021000 rw-p 00000000 00:00 0 
7fce2c021000-7fce30000000 ---p 00000000 00:00 0 
7fce30009000-7fce3000c000 ---p 00000000 00:00 0 
7fce3000c000-7fce3010a000 rw-p 00000000 00:00 0 
7fce3010a000-7fce3012b000 r-xp 00000000 08:07 2763443                    /usr/lib/x86_64-linux-gnu/libxcb.so.1.1.0
7fce3012b000-7fce3032a000 ---p 00021000 08:07 2763443                    /usr/lib/x86_64-linux-gnu/libxcb.so.1.1.0
7fce3032a000-7fce3032b000 r--p 00020000 08:07 2763443                    /usr/lib/x86_64-linux-gnu/libxcb.so.1.1.0
7fce3032b000-7fce3032c000 rw-p 00021000 08:07 2763443                    /usr/lib/x86_64-linux-gnu/libxcb.so.1.1.0
7fce3032c000-7fce3033b000 r-xp 00000000 08:07 2762086                    /usr/lib/x86_64-linux-gnu/libXi.so.6.1.0
7fce3033b000-7fce3053a000 ---p 0000f000 08:07 2762086                    /usr/lib/x86_64-linux-gnu/libXi.so.6.1.0
7fce3053a000-7fce3053b000 r--p 0000e000 08:07 2762086                    /usr/lib/x86_64-linux-gnu/libXi.so.6.1.0
7fce3053b000-7fce3053c000 rw-p 0000f000 08:07 2762086                    /usr/lib/x86_64-linux-gnu/libXi.so.6.1.0
7fce3053c000-7fce30541000 r-xp 00000000 08:07 2762104                    /usr/lib/x86_64-linux-gnu/libXtst.so.6.1.0
7fce30541000-7fce30740000 ---p 00005000 08:07 2762104                    /usr/lib/x86_64-linux-gnu/libXtst.so.6.1.0
7fce30740000-7fce30741000 r--p 00004000 08:07 2762104                    /usr/lib/x86_64-linux-gnu/libXtst.so.6.1.0
7fce30741000-7fce30742000 rw-p 00005000 08:07 2762104                    /usr/lib/x86_64-linux-gnu/libXtst.so.6.1.0
7fce30742000-7fce3074b000 r-xp 00000000 08:07 2762098                    /usr/lib/x86_64-linux-gnu/libXrender.so.1.3.0
7fce3074b000-7fce3094a000 ---p 00009000 08:07 2762098                    /usr/lib/x86_64-linux-gnu/libXrender.so.1.3.0
7fce3094a000-7fce3094b000 r--p 00008000 08:07 2762098                    /usr/lib/x86_64-linux-gnu/libXrender.so.1.3.0
7fce3094b000-7fce3094c000 rw-p 00009000 08:07 2762098                    /usr/lib/x86_64-linux-gnu/libXrender.so.1.3.0
7fce3094c000-7fce30a81000 r-xp 00000000 08:07 2762061                    /usr/lib/x86_64-linux-gnu/libX11.so.6.3.0
7fce30a81000-7fce30c81000 ---p 00135000 08:07 2762061                    /usr/lib/x86_64-linux-gnu/libX11.so.6.3.0
7fce30c81000-7fce30c82000 r--p 00135000 08:07 2762061                    /usr/lib/x86_64-linux-gnu/libX11.so.6.3.0
7fce30c82000-7fce30c86000 rw-p 00136000 08:07 2762061                    /usr/lib/x86_64-linux-gnu/libX11.so.6.3.0
7fce30c86000-7fce30c97000 r-xp 00000000 08:07 2762078                    /usr/lib/x86_64-linux-gnu/libXext.so.6.4.0
7fce30c97000-7fce30e96000 ---p 00011000 08:07 2762078                    /usr/lib/x86_64-linux-gnu/libXext.so.6.4.0
7fce30e96000-7fce30e97000 r--p 00010000 08:07 2762078                    /usr/lib/x86_64-linux-gnu/libXext.so.6.4.0
7fce30e97000-7fce30e98000 rw-p 00011000 08:07 2762078                    /usr/lib/x86_64-linux-gnu/libXext.so.6.4.0
7fce30e98000-7fce30ee8000 r-xp 00000000 08:07 1836094                    /usr/lib/jvm/jdk1.7.0_51/jre/lib/amd64/xawt/libmawt.so
7fce30ee8000-7fce310e8000 ---p 00050000 08:07 1836094                    /usr/lib/jvm/jdk1.7.0_51/jre/lib/amd64/xawt/libmawt.so
7fce310e8000-7fce310ec000 rw-p 00050000 08:07 1836094                    /usr/lib/jvm/jdk1.7.0_51/jre/lib/amd64/xawt/libmawt.so
7fce310ec000-7fce310ed000 rw-p 00000000 00:00 0 
7fce310ed000-7fce3118f000 r-xp 00000000 08:07 1836064                    /usr/lib/jvm/jdk1.7.0_51/jre/lib/amd64/libawt.so
7fce3118f000-7fce3138f000 ---p 000a2000 08:07 1836064                    /usr/lib/jvm/jdk1.7.0_51/jre/lib/amd64/libawt.so
7fce3138f000-7fce3139b000 rw-p 000a2000 08:07 1836064                    /usr/lib/jvm/jdk1.7.0_51/jre/lib/amd64/libawt.so
7fce3139b000-7fce313bf000 rw-p 00000000 00:00 0 
7fce313bf000-7fce313c0000 ---p 00000000 00:00 0 
7fce313c0000-7fce314c0000 rw-p 00000000 00:00 0 
7fce314c0000-7fce314c3000 ---p 00000000 00:00 0 
7fce314c3000-7fce315c1000 rw-p 00000000 00:00 0 
7fce315c1000-7fce31f80000 r--p 00000000 08:07 2760681                    /usr/lib/locale/locale-archive
7fce31f80000-7fce34000000 rw-p 00000000 00:00 0 
7fce34000000-7fce34021000 rw-p 00000000 00:00 0 
7fce34021000-7fce38000000 ---p 00000000 00:00 0 
7fce38010000-7fce38027000 r--s 00000000 08:07 527840                     /usr/share/fonts/type1/gsfonts/n021023l.pfb
7fce38027000-7fce38038000 r--s 00000000 08:07 527816                     /usr/share/fonts/type1/gsfonts/n019023l.pfb
7fce38038000-7fce3804c000 r--s 00000000 08:07 527810                     /usr/share/fonts/type1/gsfonts/n019003l.pfb
7fce3804c000-7fce38055000 r--s 00000000 08:07 527870                     /usr/share/fonts/type1/gsfonts/s050000l.pfb
7fce38055000-7fce38060000 r--s 00000000 08:07 2890696                    /var/cache/fontconfig/945677eb7aeaf62f1d50efc3fb3ec7d8-le64.cache-6
7fce38060000-7fce38066000 r--s 00000000 08:07 2890678                    /var/cache/fontconfig/2cd17615ca594fa2959ae173292e504c-le64.cache-6
7fce38066000-7fce38067000 r--s 00000000 08:07 2890675                    /var/cache/fontconfig/0d8c3b2ac0904cb8a57a757ad11a4a08-le64.cache-6
7fce38067000-7fce3806b000 r--s 00000000 08:07 2885053                    /var/cache/fontconfig/de156ccd2eddbdc19d37a45b8b2aac9c-le64.cache-6
7fce3806b000-7fce38080000 r--s 00000000 08:07 2890672                    /var/cache/fontconfig/04aabc0a78ac019cf9454389977116d2-le64.cache-6
7fce38080000-7fce38081000 r--s 00000000 08:07 2890677                    /var/cache/fontconfig/1ac9eb803944fde146138c791f5cc56a-le64.cache-6
7fce38081000-7fce38085000 r--s 00000000 08:07 2890682                    /var/cache/fontconfig/385c0604a188198f04d133e54aba7fe7-le64.cache-6
7fce38085000-7fce38086000 r--s 00000000 08:07 2890709                    /var/cache/fontconfig/dc05db6664285cc2f12bf69c139ae4c3-le64.cache-6
7fce38086000-7fce38089000 r--s 00000000 08:07 2890692                    /var/cache/fontconfig/767a8244fc0220cfb567a839d0392e0b-le64.cache-6
7fce38089000-7fce3808a000 r--s 00000000 08:07 2883743                    /var/cache/fontconfig/4794a0821666d79190d59a36cb4f44b5-le64.cache-6
7fce3808a000-7fce3808f000 r--s 00000000 08:07 2890695                    /var/cache/fontconfig/8801497958630a81b71ace7c5f9b32a8-le64.cache-6
7fce3808f000-7fce38090000 r--s 00000000 08:07 2890702                    /var/cache/fontconfig/bab58bb527bb656aaa9f116d68a48d89-le64.cache-6
7fce38090000-7fce38097000 r--s 00000000 08:07 2890679                    /var/cache/fontconfig/3047814df9a2f067bd2d96a2b9c36e5a-le64.cache-6
7fce38097000-7fce38098000 r--s 00000000 08:07 2890686                    /var/cache/fontconfig/56cf4f4769d0f4abc89a4895d7bd3ae1-le64.cache-6
7fce38098000-7fce38099000 r--s 00000000 08:07 2890701                    /var/cache/fontconfig/b9d506c9ac06c20b433354fa67a72993-le64.cache-6
7fce38099000-7fce3809f000 r--s 00000000 08:07 2890700                    /var/cache/fontconfig/b47c4e1ecd0709278f4910c18777a504-le64.cache-6
7fce3809f000-7fce380b2000 r--s 00000000 08:07 2890706                    /var/cache/fontconfig/d52a8644073d54c13679302ca1180695-le64.cache-6
7fce380b2000-7fce380b3000 r--s 00000000 08:07 2890685                    /var/cache/fontconfig/551ecf3b0e8b0bca0f25c0944f561853-le64.cache-6
7fce380b3000-7fce380be000 r--s 00000000 08:07 2887795                    /var/cache/fontconfig/d589a48862398ed80a3d6066f4f56f4c-le64.cache-6
7fce380be000-7fce380c1000 r--s 00000000 08:07 2890691                    /var/cache/fontconfig/75114ca45c98e8a441da0ff356701271-le64.cache-6
7fce380c1000-7fce380cc000 r--s 00000000 08:07 2890694                    /var/cache/fontconfig/83bf95040141907cd45bb53cf7c1c148-le64.cache-6
7fce380cc000-7fce380f1000 r--p 00000000 08:07 397003                     /usr/share/locale-langpack/es/LC_MESSAGES/libc.mo
7fce380f1000-7fce380f4000 ---p 00000000 00:00 0 
7fce380f4000-7fce381f2000 rw-p 00000000 00:00 0 
7fce381f2000-7fce381f5000 ---p 00000000 00:00 0 
7fce381f5000-7fce382f3000 rw-p 00000000 00:00 0 
7fce382f3000-7fce382f6000 ---p 00000000 00:00 0 
7fce382f6000-7fce383f4000 rw-p 00000000 00:00 0 
7fce383f4000-7fce383f7000 ---p 00000000 00:00 0 
7fce383f7000-7fce384f5000 rw-p 00000000 00:00 0 
7fce384f5000-7fce384f8000 ---p 00000000 00:00 0 
7fce384f8000-7fce385f6000 rw-p 00000000 00:00 0 
7fce385f6000-7fce385f7000 ---p 00000000 00:00 0 
7fce385f7000-7fce39000000 rw-p 00000000 00:00 0 
7fce39000000-7fce39270000 rwxp 00000000 00:00 0 
7fce39270000-7fce3c270000 rw-p 00000000 00:00 0 
7fce3c270000-7fce40000000 ---p 00000000 00:00 0 
7fce40000000-7fce40012000 r--s 00000000 08:07 2886108                    /var/cache/fontconfig/9b89f8e3dae116d678bbf48e5f21f69b-le64.cache-6
7fce40012000-7fce40015000 r--s 00000000 08:07 2890710                    /var/cache/fontconfig/e13b20fdb08344e0e664864cc2ede53d-le64.cache-6
7fce40015000-7fce40019000 r--s 00000000 08:07 2883629                    /var/cache/fontconfig/7ef2298fde41cc6eeb7af42e48b7d293-le64.cache-6
7fce40019000-7fce40024000 r--s 0037c000 08:07 1057110                    /usr/lib/jvm/jdk1.7.0_51/jre/lib/charsets.jar
7fce40024000-7fce406f9000 rw-p 00000000 00:00 0 
7fce406f9000-7fce408b6000 r--s 039bf000 08:07 1057153                    /usr/lib/jvm/jdk1.7.0_51/jre/lib/rt.jar
7fce408b6000-7fce40b8f000 rw-p 00000000 00:00 0 
7fce40b8f000-7fce40b90000 ---p 00000000 00:00 0 
7fce40b90000-7fce40c90000 rw-p 00000000 00:00 0 
7fce40c90000-7fce40c91000 ---p 00000000 00:00 0 
7fce40c91000-7fce40d91000 rw-p 00000000 00:00 0 
7fce40d91000-7fce40d92000 ---p 00000000 00:00 0 
7fce40d92000-7fce40e92000 rw-p 00000000 00:00 0 
7fce40e92000-7fce40e93000 ---p 00000000 00:00 0 
7fce40e93000-7fce40fa7000 rw-p 00000000 00:00 0 
7fce40fa7000-7fce410d3000 rw-p 00000000 00:00 0 
7fce410d3000-7fce410de000 rw-p 00000000 00:00 0 
7fce410de000-7fce410fc000 rw-p 00000000 00:00 0 
7fce410fc000-7fce41110000 rw-p 00000000 00:00 0 
7fce41110000-7fce4123b000 rw-p 00000000 00:00 0 
7fce4123b000-7fce41246000 rw-p 00000000 00:00 0 
7fce41246000-7fce412db000 rw-p 00000000 00:00 0 
7fce412db000-7fce412e6000 rw-p 00000000 00:00 0 
7fce412e6000-7fce4139c000 rw-p 00000000 00:00 0 
7fce4139c000-7fce413b6000 r-xp 00000000 08:07 1836101                    /usr/lib/jvm/jdk1.7.0_51/jre/lib/amd64/libzip.so
7fce413b6000-7fce415b6000 ---p 0001a000 08:07 1836101                    /usr/lib/jvm/jdk1.7.0_51/jre/lib/amd64/libzip.so
7fce415b6000-7fce415b7000 rw-p 0001a000 08:07 1836101                    /usr/lib/jvm/jdk1.7.0_51/jre/lib/amd64/libzip.so
7fce415b7000-7fce415c2000 r-xp 00000000 08:07 2364559                    /lib/x86_64-linux-gnu/libnss_files-2.23.so
7fce415c2000-7fce417c1000 ---p 0000b000 08:07 2364559                    /lib/x86_64-linux-gnu/libnss_files-2.23.so
7fce417c1000-7fce417c2000 r--p 0000a000 08:07 2364559                    /lib/x86_64-linux-gnu/libnss_files-2.23.so
7fce417c2000-7fce417c3000 rw-p 0000b000 08:07 2364559                    /lib/x86_64-linux-gnu/libnss_files-2.23.so
7fce417c3000-7fce417c9000 rw-p 00000000 00:00 0 
7fce417c9000-7fce417d4000 r-xp 00000000 08:07 2364569                    /lib/x86_64-linux-gnu/libnss_nis-2.23.so
7fce417d4000-7fce419d3000 ---p 0000b000 08:07 2364569                    /lib/x86_64-linux-gnu/libnss_nis-2.23.so
7fce419d3000-7fce419d4000 r--p 0000a000 08:07 2364569                    /lib/x86_64-linux-gnu/libnss_nis-2.23.so
7fce419d4000-7fce419d5000 rw-p 0000b000 08:07 2364569                    /lib/x86_64-linux-gnu/libnss_nis-2.23.so
7fce419d5000-7fce419eb000 r-xp 00000000 08:07 2364553                    /lib/x86_64-linux-gnu/libnsl-2.23.so
7fce419eb000-7fce41bea000 ---p 00016000 08:07 2364553                    /lib/x86_64-linux-gnu/libnsl-2.23.so
7fce41bea000-7fce41beb000 r--p 00015000 08:07 2364553                    /lib/x86_64-linux-gnu/libnsl-2.23.so
7fce41beb000-7fce41bec000 rw-p 00016000 08:07 2364553                    /lib/x86_64-linux-gnu/libnsl-2.23.so
7fce41bec000-7fce41bee000 rw-p 00000000 00:00 0 
7fce41bee000-7fce41bf6000 r-xp 00000000 08:07 2364555                    /lib/x86_64-linux-gnu/libnss_compat-2.23.so
7fce41bf6000-7fce41df5000 ---p 00008000 08:07 2364555                    /lib/x86_64-linux-gnu/libnss_compat-2.23.so
7fce41df5000-7fce41df6000 r--p 00007000 08:07 2364555                    /lib/x86_64-linux-gnu/libnss_compat-2.23.so
7fce41df6000-7fce41df7000 rw-p 00008000 08:07 2364555                    /lib/x86_64-linux-gnu/libnss_compat-2.23.so
7fce41df7000-7fce41e20000 r-xp 00000000 08:07 1836085                    /usr/lib/jvm/jdk1.7.0_51/jre/lib/amd64/libjava.so
7fce41e20000-7fce42020000 ---p 00029000 08:07 1836085                    /usr/lib/jvm/jdk1.7.0_51/jre/lib/amd64/libjava.so
7fce42020000-7fce42022000 rw-p 00029000 08:07 1836085                    /usr/lib/jvm/jdk1.7.0_51/jre/lib/amd64/libjava.so
7fce42022000-7fce4202f000 r-xp 00000000 08:07 1836083                    /usr/lib/jvm/jdk1.7.0_51/jre/lib/amd64/libverify.so
7fce4202f000-7fce4222e000 ---p 0000d000 08:07 1836083                    /usr/lib/jvm/jdk1.7.0_51/jre/lib/amd64/libverify.so
7fce4222e000-7fce42230000 rw-p 0000c000 08:07 1836083                    /usr/lib/jvm/jdk1.7.0_51/jre/lib/amd64/libverify.so
7fce42230000-7fce42237000 r-xp 00000000 08:07 2364614                    /lib/x86_64-linux-gnu/librt-2.23.so
7fce42237000-7fce42436000 ---p 00007000 08:07 2364614                    /lib/x86_64-linux-gnu/librt-2.23.so
7fce42436000-7fce42437000 r--p 00006000 08:07 2364614                    /lib/x86_64-linux-gnu/librt-2.23.so
7fce42437000-7fce42438000 rw-p 00007000 08:07 2364614                    /lib/x86_64-linux-gnu/librt-2.23.so
7fce42438000-7fce4243b000 ---p 00000000 00:00 0 
7fce4243b000-7fce42539000 rw-p 00000000 00:00 0 
7fce42539000-7fce42641000 r-xp 00000000 08:07 2364530                    /lib/x86_64-linux-gnu/libm-2.23.so
7fce42641000-7fce42840000 ---p 00108000 08:07 2364530                    /lib/x86_64-linux-gnu/libm-2.23.so
7fce42840000-7fce42841000 r--p 00107000 08:07 2364530                    /lib/x86_64-linux-gnu/libm-2.23.so
7fce42841000-7fce42842000 rw-p 00108000 08:07 2364530                    /lib/x86_64-linux-gnu/libm-2.23.so
7fce42842000-7fce433a4000 r-xp 00000000 08:07 1836091                    /usr/lib/jvm/jdk1.7.0_51/jre/lib/amd64/server/libjvm.so
7fce433a4000-7fce435a4000 ---p 00b62000 08:07 1836091                    /usr/lib/jvm/jdk1.7.0_51/jre/lib/amd64/server/libjvm.so
7fce435a4000-7fce43667000 rw-p 00b62000 08:07 1836091                    /usr/lib/jvm/jdk1.7.0_51/jre/lib/amd64/server/libjvm.so
7fce43667000-7fce436a8000 rw-p 00000000 00:00 0 
7fce436a8000-7fce43868000 r-xp 00000000 08:07 2364460                    /lib/x86_64-linux-gnu/libc-2.23.so
7fce43868000-7fce43a67000 ---p 001c0000 08:07 2364460                    /lib/x86_64-linux-gnu/libc-2.23.so
7fce43a67000-7fce43a6b000 r--p 001bf000 08:07 2364460                    /lib/x86_64-linux-gnu/libc-2.23.so
7fce43a6b000-7fce43a6d000 rw-p 001c3000 08:07 2364460                    /lib/x86_64-linux-gnu/libc-2.23.so
7fce43a6d000-7fce43a71000 rw-p 00000000 00:00 0 
7fce43a71000-7fce43a74000 r-xp 00000000 08:07 2364484                    /lib/x86_64-linux-gnu/libdl-2.23.so
7fce43a74000-7fce43c73000 ---p 00003000 08:07 2364484                    /lib/x86_64-linux-gnu/libdl-2.23.so
7fce43c73000-7fce43c74000 r--p 00002000 08:07 2364484                    /lib/x86_64-linux-gnu/libdl-2.23.so
7fce43c74000-7fce43c75000 rw-p 00003000 08:07 2364484                    /lib/x86_64-linux-gnu/libdl-2.23.so
7fce43c75000-7fce43c8b000 r-xp 00000000 08:07 1056839                    /usr/lib/jvm/jdk1.7.0_51/lib/amd64/jli/libjli.so
7fce43c8b000-7fce43e8b000 ---p 00016000 08:07 1056839                    /usr/lib/jvm/jdk1.7.0_51/lib/amd64/jli/libjli.so
7fce43e8b000-7fce43e8c000 rw-p 00016000 08:07 1056839                    /usr/lib/jvm/jdk1.7.0_51/lib/amd64/jli/libjli.so
7fce43e8c000-7fce43ea4000 r-xp 00000000 08:07 2364606                    /lib/x86_64-linux-gnu/libpthread-2.23.so
7fce43ea4000-7fce440a3000 ---p 00018000 08:07 2364606                    /lib/x86_64-linux-gnu/libpthread-2.23.so
7fce440a3000-7fce440a4000 r--p 00017000 08:07 2364606                    /lib/x86_64-linux-gnu/libpthread-2.23.so
7fce440a4000-7fce440a5000 rw-p 00018000 08:07 2364606                    /lib/x86_64-linux-gnu/libpthread-2.23.so
7fce440a5000-7fce440a9000 rw-p 00000000 00:00 0 
7fce440a9000-7fce440cf000 r-xp 00000000 08:07 2364432                    /lib/x86_64-linux-gnu/ld-2.23.so
7fce440cf000-7fce440d0000 r--s 00000000 08:07 2890680                    /var/cache/fontconfig/30829fa25452a46451e813d634d7f916-le64.cache-6
7fce440d0000-7fce440d7000 r--s 00000000 08:07 3016614                    /usr/lib/x86_64-linux-gnu/gconv/gconv-modules.cache
7fce440d7000-7fce440d9000 r--s 0000d000 08:08 3412122                    /home/kcrez/Documentos/JavaDuino/library/rxtx2.1/RXTXcomm.jar
7fce440d9000-7fce440db000 r--s 0000d000 08:07 1835127                    /usr/lib/jvm/jdk1.7.0_51/jre/lib/ext/RXTXcomm.jar
7fce440db000-7fce4412f000 rw-p 00000000 00:00 0 
7fce4412f000-7fce4414d000 rw-p 00000000 00:00 0 
7fce4414d000-7fce44151000 rw-p 00000000 00:00 0 
7fce44151000-7fce44195000 r-xp 00000000 08:07 1052366                    /opt/eset/esets/lib/libesets_pac.so
7fce44195000-7fce44295000 ---p 00044000 08:07 1052366                    /opt/eset/esets/lib/libesets_pac.so
7fce44295000-7fce44298000 rw-p 00044000 08:07 1052366                    /opt/eset/esets/lib/libesets_pac.so
7fce44298000-7fce442ab000 rw-p 00000000 00:00 0 
7fce442ab000-7fce442ac000 r--s 00000000 08:07 2890674                    /var/cache/fontconfig/0c9eb80ebd1c36541ebe2852d3bb0c49-le64.cache-6
7fce442ac000-7fce442c1000 rw-p 00000000 00:00 0 
7fce442c1000-7fce442c9000 rw-s 00000000 08:07 2097299                    /tmp/hsperfdata_kcrez/8573
7fce442c9000-7fce442ca000 rw-p 00000000 00:00 0 
7fce442ca000-7fce442cb000 r--p 00000000 00:00 0 
7fce442cb000-7fce442ce000 rw-p 00000000 00:00 0 
7fce442ce000-7fce442cf000 r--p 00025000 08:07 2364432                    /lib/x86_64-linux-gnu/ld-2.23.so
7fce442cf000-7fce442d0000 rw-p 00026000 08:07 2364432                    /lib/x86_64-linux-gnu/ld-2.23.so
7fce442d0000-7fce442d1000 rw-p 00000000 00:00 0 
7ffe55a01000-7ffe55a22000 rw-p 00000000 00:00 0                          [stack]
7ffe55b32000-7ffe55b34000 r--p 00000000 00:00 0                          [vvar]
7ffe55b34000-7ffe55b36000 r-xp 00000000 00:00 0                          [vdso]
ffffffffff600000-ffffffffff601000 r-xp 00000000 00:00 0                  [vsyscall]

VM Arguments:
jvm_args: -Dfile.encoding=UTF-8 -Djava.library.path=/home/kcrez/Documentos/JavaDuino/library/rxtx2.1 
java_command: PPD_Frame
Launcher Type: SUN_STANDARD

Environment Variables:
PATH=/usr/local/sbin:/usr/local/bin:/usr/sbin:/usr/bin:/sbin:/bin:/usr/games:/usr/local/games:/snap/bin
LD_LIBRARY_PATH=/usr/lib/jvm/jdk1.7.0_51/jre/lib/amd64:/usr/lib/jvm/jdk1.7.0_51/jre/lib/i386:
SHELL=/bin/bash
DISPLAY=:0

Signal Handlers:
SIGSEGV: [libjvm.so+0x993870], sa_mask[0]=0x7ffbfeff, sa_flags=0x10000004
SIGBUS: [libjvm.so+0x993870], sa_mask[0]=0x7ffbfeff, sa_flags=0x10000004
SIGFPE: [libjvm.so+0x8105b0], sa_mask[0]=0x7ffbfeff, sa_flags=0x10000004
SIGPIPE: [libjvm.so+0x8105b0], sa_mask[0]=0x7ffbfeff, sa_flags=0x10000004
SIGXFSZ: [libjvm.so+0x8105b0], sa_mask[0]=0x7ffbfeff, sa_flags=0x10000004
SIGILL: [libjvm.so+0x8105b0], sa_mask[0]=0x7ffbfeff, sa_flags=0x10000004
SIGUSR1: SIG_DFL, sa_mask[0]=0x00000000, sa_flags=0x00000000
SIGUSR2: [libjvm.so+0x811aa0], sa_mask[0]=0x00000004, sa_flags=0x10000004
SIGHUP: [libjvm.so+0x812a10], sa_mask[0]=0x7ffbfeff, sa_flags=0x10000004
SIGINT: SIG_IGN, sa_mask[0]=0x00000000, sa_flags=0x00000000
SIGTERM: [libjvm.so+0x812a10], sa_mask[0]=0x7ffbfeff, sa_flags=0x10000004
SIGQUIT: [libjvm.so+0x812a10], sa_mask[0]=0x7ffbfeff, sa_flags=0x10000004


---------------  S Y S T E M  ---------------

OS:stretch/sid

uname:Linux 4.4.0-22-generic #40-Ubuntu SMP Thu May 12 22:03:46 UTC 2016 x86_64
libc:glibc 2.23 NPTL 2.23 
rlimit: STACK 8192k, CORE 0k, NPROC 15146, NOFILE 65536, AS infinity
load average:0.30 0.41 0.36

/proc/meminfo:
MemTotal:        3916240 kB
MemFree:          124020 kB
MemAvailable:    1271132 kB
Buffers:          160936 kB
Cached:          1038712 kB
SwapCached:          860 kB
Active:          2404060 kB
Inactive:        1024952 kB
Active(anon):    1808872 kB
Inactive(anon):   690944 kB
Active(file):     595188 kB
Inactive(file):   334008 kB
Unevictable:          48 kB
Mlocked:              48 kB
SwapTotal:       7812088 kB
SwapFree:        7779184 kB
Dirty:              1928 kB
Writeback:             0 kB
AnonPages:       2228692 kB
Mapped:           334696 kB
Shmem:            270448 kB
Slab:             282016 kB
SReclaimable:     247148 kB
SUnreclaim:        34868 kB
KernelStack:       10896 kB
PageTables:        34684 kB
NFS_Unstable:          0 kB
Bounce:                0 kB
WritebackTmp:          0 kB
CommitLimit:     9770208 kB
Committed_AS:    6858824 kB
VmallocTotal:   34359738367 kB
VmallocUsed:           0 kB
VmallocChunk:          0 kB
HardwareCorrupted:     0 kB
AnonHugePages:   1282048 kB
CmaTotal:              0 kB
CmaFree:               0 kB
HugePages_Total:       0
HugePages_Free:        0
HugePages_Rsvd:        0
HugePages_Surp:        0
Hugepagesize:       2048 kB
DirectMap4k:      123676 kB
DirectMap2M:     3940352 kB
DirectMap1G:           0 kB


CPU:total 4 (2 cores per cpu, 2 threads per core) family 6 model 60 stepping 3, cmov, cx8, fxsr, mmx, sse, sse2, sse3, ssse3, sse4.1, sse4.2, popcnt, avx, avx2, aes, erms, ht, tsc, tscinvbit

/proc/cpuinfo:
processor	: 0
vendor_id	: GenuineIntel
cpu family	: 6
model		: 60
model name	: Intel(R) Core(TM) i3-4170 CPU @ 3.70GHz
stepping	: 3
microcode	: 0x1e
cpu MHz		: 3695.230
cache size	: 3072 KB
physical id	: 0
siblings	: 4
core id		: 0
cpu cores	: 2
apicid		: 0
initial apicid	: 0
fpu		: yes
fpu_exception	: yes
cpuid level	: 13
wp		: yes
flags		: fpu vme de pse tsc msr pae mce cx8 apic sep mtrr pge mca cmov pat pse36 clflush dts acpi mmx fxsr sse sse2 ss ht tm pbe syscall nx pdpe1gb rdtscp lm constant_tsc arch_perfmon pebs bts rep_good nopl xtopology nonstop_tsc aperfmperf eagerfpu pni pclmulqdq dtes64 monitor ds_cpl vmx est tm2 ssse3 sdbg fma cx16 xtpr pdcm pcid sse4_1 sse4_2 movbe popcnt tsc_deadline_timer aes xsave avx f16c rdrand lahf_lm abm epb tpr_shadow vnmi flexpriority ept vpid fsgsbase tsc_adjust bmi1 avx2 smep bmi2 erms invpcid xsaveopt dtherm arat pln pts
bugs		:
bogomips	: 7382.73
clflush size	: 64
cache_alignment	: 64
address sizes	: 39 bits physical, 48 bits virtual
power management:

processor	: 1
vendor_id	: GenuineIntel
cpu family	: 6
model		: 60
model name	: Intel(R) Core(TM) i3-4170 CPU @ 3.70GHz
stepping	: 3
microcode	: 0x1e
cpu MHz		: 3700.000
cache size	: 3072 KB
physical id	: 0
siblings	: 4
core id		: 1
cpu cores	: 2
apicid		: 2
initial apicid	: 2
fpu		: yes
fpu_exception	: yes
cpuid level	: 13
wp		: yes
flags		: fpu vme de pse tsc msr pae mce cx8 apic sep mtrr pge mca cmov pat pse36 clflush dts acpi mmx fxsr sse sse2 ss ht tm pbe syscall nx pdpe1gb rdtscp lm constant_tsc arch_perfmon pebs bts rep_good nopl xtopology nonstop_tsc aperfmperf eagerfpu pni pclmulqdq dtes64 monitor ds_cpl vmx est tm2 ssse3 sdbg fma cx16 xtpr pdcm pcid sse4_1 sse4_2 movbe popcnt tsc_deadline_timer aes xsave avx f16c rdrand lahf_lm abm epb tpr_shadow vnmi flexpriority ept vpid fsgsbase tsc_adjust bmi1 avx2 smep bmi2 erms invpcid xsaveopt dtherm arat pln pts
bugs		:
bogomips	: 7382.73
clflush size	: 64
cache_alignment	: 64
address sizes	: 39 bits physical, 48 bits virtual
power management:

processor	: 2
vendor_id	: GenuineIntel
cpu family	: 6
model		: 60
model name	: Intel(R) Core(TM) i3-4170 CPU @ 3.70GHz
stepping	: 3
microcode	: 0x1e
cpu MHz		: 3700.000
cache size	: 3072 KB
physical id	: 0
siblings	: 4
core id		: 0
cpu cores	: 2
apicid		: 1
initial apicid	: 1
fpu		: yes
fpu_exception	: yes
cpuid level	: 13
wp		: yes
flags		: fpu vme de pse tsc msr pae mce cx8 apic sep mtrr pge mca cmov pat pse36 clflush dts acpi mmx fxsr sse sse2 ss ht tm pbe syscall nx pdpe1gb rdtscp lm constant_tsc arch_perfmon pebs bts rep_good nopl xtopology nonstop_tsc aperfmperf eagerfpu pni pclmulqdq dtes64 monitor ds_cpl vmx est tm2 ssse3 sdbg fma cx16 xtpr pdcm pcid sse4_1 sse4_2 movbe popcnt tsc_deadline_timer aes xsave avx f16c rdrand lahf_lm abm epb tpr_shadow vnmi flexpriority ept vpid fsgsbase tsc_adjust bmi1 avx2 smep bmi2 erms invpcid xsaveopt dtherm arat pln pts
bugs		:
bogomips	: 7382.73
clflush size	: 64
cache_alignment	: 64
address sizes	: 39 bits physical, 48 bits virtual
power management:

processor	: 3
vendor_id	: GenuineIntel
cpu family	: 6
model		: 60
model name	: Intel(R) Core(TM) i3-4170 CPU @ 3.70GHz
stepping	: 3
microcode	: 0x1e
cpu MHz		: 3700.144
cache size	: 3072 KB
physical id	: 0
siblings	: 4
core id		: 1
cpu cores	: 2
apicid		: 3
initial apicid	: 3
fpu		: yes
fpu_exception	: yes
cpuid level	: 13
wp		: yes
flags		: fpu vme de pse tsc msr pae mce cx8 apic sep mtrr pge mca cmov pat pse36 clflush dts acpi mmx fxsr sse sse2 ss ht tm pbe syscall nx pdpe1gb rdtscp lm constant_tsc arch_perfmon pebs bts rep_good nopl xtopology nonstop_tsc aperfmperf eagerfpu pni pclmulqdq dtes64 monitor ds_cpl vmx est tm2 ssse3 sdbg fma cx16 xtpr pdcm pcid sse4_1 sse4_2 movbe popcnt tsc_deadline_timer aes xsave avx f16c rdrand lahf_lm abm epb tpr_shadow vnmi flexpriority ept vpid fsgsbase tsc_adjust bmi1 avx2 smep bmi2 erms invpcid xsaveopt dtherm arat pln pts
bugs		:
bogomips	: 7382.73
clflush size	: 64
cache_alignment	: 64
address sizes	: 39 bits physical, 48 bits virtual
power management:



Memory: 4k page, physical 3916240k(124020k free), swap 7812088k(7779184k free)

vm_info: Java HotSpot(TM) 64-Bit Server VM (24.51-b03) for linux-amd64 JRE (1.7.0_51-b13), built on Dec 18 2013 18:48:01 by "java_re" with gcc 4.3.0 20080428 (Red Hat 4.3.0-8)

time: Sun Jul 31 17:38:55 2016
elapsed time: 1 seconds

